[2024-04-17T10:10:42.124-0300] {processor.py:161} INFO - Started process (PID=23335) to work on /home/lborba/.cache/pypoetry/virtualenvs/airflow-tutorial-3ROeDTU8-py3.11/lib/python3.11/site-packages/airflow/example_dags/example_branch_python_dop_operator_3.py
[2024-04-17T10:10:42.125-0300] {processor.py:830} INFO - Processing file /home/lborba/.cache/pypoetry/virtualenvs/airflow-tutorial-3ROeDTU8-py3.11/lib/python3.11/site-packages/airflow/example_dags/example_branch_python_dop_operator_3.py for tasks to queue
[2024-04-17T10:10:42.126-0300] {logging_mixin.py:188} INFO - [2024-04-17T10:10:42.126-0300] {dagbag.py:540} INFO - Filling up the DagBag from /home/lborba/.cache/pypoetry/virtualenvs/airflow-tutorial-3ROeDTU8-py3.11/lib/python3.11/site-packages/airflow/example_dags/example_branch_python_dop_operator_3.py
[2024-04-17T10:10:42.132-0300] {processor.py:840} INFO - DAG(s) 'example_branch_dop_operator_v3' retrieved from /home/lborba/.cache/pypoetry/virtualenvs/airflow-tutorial-3ROeDTU8-py3.11/lib/python3.11/site-packages/airflow/example_dags/example_branch_python_dop_operator_3.py
[2024-04-17T10:10:42.199-0300] {logging_mixin.py:188} INFO - [2024-04-17T10:10:42.198-0300] {override.py:1829} INFO - Created Permission View: can edit on DAG:example_branch_dop_operator_v3
[2024-04-17T10:10:42.209-0300] {logging_mixin.py:188} INFO - [2024-04-17T10:10:42.209-0300] {override.py:1829} INFO - Created Permission View: can delete on DAG:example_branch_dop_operator_v3
[2024-04-17T10:10:42.217-0300] {logging_mixin.py:188} INFO - [2024-04-17T10:10:42.217-0300] {override.py:1829} INFO - Created Permission View: can read on DAG:example_branch_dop_operator_v3
[2024-04-17T10:10:42.218-0300] {logging_mixin.py:188} INFO - [2024-04-17T10:10:42.218-0300] {dag.py:3096} INFO - Sync 1 DAGs
[2024-04-17T10:10:42.224-0300] {logging_mixin.py:188} INFO - [2024-04-17T10:10:42.224-0300] {dag.py:3118} INFO - Creating ORM DAG for example_branch_dop_operator_v3
[2024-04-17T10:10:42.233-0300] {logging_mixin.py:188} INFO - [2024-04-17T10:10:42.233-0300] {dag.py:3954} INFO - Setting next_dagrun for example_branch_dop_operator_v3 to 2024-04-17 13:09:00+00:00, run_after=2024-04-17 13:10:00+00:00
[2024-04-17T10:10:42.250-0300] {processor.py:183} INFO - Processing /home/lborba/.cache/pypoetry/virtualenvs/airflow-tutorial-3ROeDTU8-py3.11/lib/python3.11/site-packages/airflow/example_dags/example_branch_python_dop_operator_3.py took 0.129 seconds
[2024-04-17T10:11:45.933-0300] {processor.py:161} INFO - Started process (PID=23840) to work on /home/lborba/.cache/pypoetry/virtualenvs/airflow-tutorial-3ROeDTU8-py3.11/lib/python3.11/site-packages/airflow/example_dags/example_branch_python_dop_operator_3.py
[2024-04-17T10:11:45.940-0300] {processor.py:830} INFO - Processing file /home/lborba/.cache/pypoetry/virtualenvs/airflow-tutorial-3ROeDTU8-py3.11/lib/python3.11/site-packages/airflow/example_dags/example_branch_python_dop_operator_3.py for tasks to queue
[2024-04-17T10:11:45.942-0300] {logging_mixin.py:188} INFO - [2024-04-17T10:11:45.941-0300] {dagbag.py:540} INFO - Filling up the DagBag from /home/lborba/.cache/pypoetry/virtualenvs/airflow-tutorial-3ROeDTU8-py3.11/lib/python3.11/site-packages/airflow/example_dags/example_branch_python_dop_operator_3.py
[2024-04-17T10:11:45.949-0300] {processor.py:840} INFO - DAG(s) 'example_branch_dop_operator_v3' retrieved from /home/lborba/.cache/pypoetry/virtualenvs/airflow-tutorial-3ROeDTU8-py3.11/lib/python3.11/site-packages/airflow/example_dags/example_branch_python_dop_operator_3.py
[2024-04-17T10:11:45.963-0300] {logging_mixin.py:188} INFO - [2024-04-17T10:11:45.962-0300] {dag.py:3096} INFO - Sync 1 DAGs
[2024-04-17T10:11:45.980-0300] {logging_mixin.py:188} INFO - [2024-04-17T10:11:45.980-0300] {dag.py:3954} INFO - Setting next_dagrun for example_branch_dop_operator_v3 to 2024-04-17 13:10:00+00:00, run_after=2024-04-17 13:11:00+00:00
[2024-04-17T10:11:46.001-0300] {processor.py:183} INFO - Processing /home/lborba/.cache/pypoetry/virtualenvs/airflow-tutorial-3ROeDTU8-py3.11/lib/python3.11/site-packages/airflow/example_dags/example_branch_python_dop_operator_3.py took 0.073 seconds
[2024-04-17T10:12:59.949-0300] {processor.py:161} INFO - Started process (PID=24912) to work on /home/lborba/.cache/pypoetry/virtualenvs/airflow-tutorial-3ROeDTU8-py3.11/lib/python3.11/site-packages/airflow/example_dags/example_branch_python_dop_operator_3.py
[2024-04-17T10:12:59.950-0300] {processor.py:830} INFO - Processing file /home/lborba/.cache/pypoetry/virtualenvs/airflow-tutorial-3ROeDTU8-py3.11/lib/python3.11/site-packages/airflow/example_dags/example_branch_python_dop_operator_3.py for tasks to queue
[2024-04-17T10:12:59.952-0300] {logging_mixin.py:188} INFO - [2024-04-17T10:12:59.951-0300] {dagbag.py:540} INFO - Filling up the DagBag from /home/lborba/.cache/pypoetry/virtualenvs/airflow-tutorial-3ROeDTU8-py3.11/lib/python3.11/site-packages/airflow/example_dags/example_branch_python_dop_operator_3.py
[2024-04-17T10:12:59.959-0300] {processor.py:840} INFO - DAG(s) 'example_branch_dop_operator_v3' retrieved from /home/lborba/.cache/pypoetry/virtualenvs/airflow-tutorial-3ROeDTU8-py3.11/lib/python3.11/site-packages/airflow/example_dags/example_branch_python_dop_operator_3.py
[2024-04-17T10:12:59.970-0300] {logging_mixin.py:188} INFO - [2024-04-17T10:12:59.970-0300] {dag.py:3096} INFO - Sync 1 DAGs
[2024-04-17T10:12:59.988-0300] {logging_mixin.py:188} INFO - [2024-04-17T10:12:59.988-0300] {dag.py:3954} INFO - Setting next_dagrun for example_branch_dop_operator_v3 to 2024-04-17 13:11:00+00:00, run_after=2024-04-17 13:12:00+00:00
[2024-04-17T10:13:00.007-0300] {processor.py:183} INFO - Processing /home/lborba/.cache/pypoetry/virtualenvs/airflow-tutorial-3ROeDTU8-py3.11/lib/python3.11/site-packages/airflow/example_dags/example_branch_python_dop_operator_3.py took 0.063 seconds
[2024-04-17T10:14:01.703-0300] {processor.py:161} INFO - Started process (PID=25691) to work on /home/lborba/.cache/pypoetry/virtualenvs/airflow-tutorial-3ROeDTU8-py3.11/lib/python3.11/site-packages/airflow/example_dags/example_branch_python_dop_operator_3.py
[2024-04-17T10:14:01.704-0300] {processor.py:830} INFO - Processing file /home/lborba/.cache/pypoetry/virtualenvs/airflow-tutorial-3ROeDTU8-py3.11/lib/python3.11/site-packages/airflow/example_dags/example_branch_python_dop_operator_3.py for tasks to queue
[2024-04-17T10:14:01.705-0300] {logging_mixin.py:188} INFO - [2024-04-17T10:14:01.705-0300] {dagbag.py:540} INFO - Filling up the DagBag from /home/lborba/.cache/pypoetry/virtualenvs/airflow-tutorial-3ROeDTU8-py3.11/lib/python3.11/site-packages/airflow/example_dags/example_branch_python_dop_operator_3.py
[2024-04-17T10:14:01.712-0300] {processor.py:840} INFO - DAG(s) 'example_branch_dop_operator_v3' retrieved from /home/lborba/.cache/pypoetry/virtualenvs/airflow-tutorial-3ROeDTU8-py3.11/lib/python3.11/site-packages/airflow/example_dags/example_branch_python_dop_operator_3.py
[2024-04-17T10:14:01.722-0300] {logging_mixin.py:188} INFO - [2024-04-17T10:14:01.722-0300] {dag.py:3096} INFO - Sync 1 DAGs
[2024-04-17T10:14:01.737-0300] {logging_mixin.py:188} INFO - [2024-04-17T10:14:01.736-0300] {dag.py:3954} INFO - Setting next_dagrun for example_branch_dop_operator_v3 to 2024-04-17 13:13:00+00:00, run_after=2024-04-17 13:14:00+00:00
[2024-04-17T10:14:01.754-0300] {processor.py:183} INFO - Processing /home/lborba/.cache/pypoetry/virtualenvs/airflow-tutorial-3ROeDTU8-py3.11/lib/python3.11/site-packages/airflow/example_dags/example_branch_python_dop_operator_3.py took 0.056 seconds
[2024-04-17T10:14:57.458-0300] {processor.py:161} INFO - Started process (PID=26325) to work on /home/lborba/.cache/pypoetry/virtualenvs/airflow-tutorial-3ROeDTU8-py3.11/lib/python3.11/site-packages/airflow/example_dags/example_branch_python_dop_operator_3.py
[2024-04-17T10:14:57.464-0300] {processor.py:830} INFO - Processing file /home/lborba/.cache/pypoetry/virtualenvs/airflow-tutorial-3ROeDTU8-py3.11/lib/python3.11/site-packages/airflow/example_dags/example_branch_python_dop_operator_3.py for tasks to queue
[2024-04-17T10:14:57.466-0300] {logging_mixin.py:188} INFO - [2024-04-17T10:14:57.465-0300] {dagbag.py:540} INFO - Filling up the DagBag from /home/lborba/.cache/pypoetry/virtualenvs/airflow-tutorial-3ROeDTU8-py3.11/lib/python3.11/site-packages/airflow/example_dags/example_branch_python_dop_operator_3.py
[2024-04-17T10:14:57.473-0300] {processor.py:840} INFO - DAG(s) 'example_branch_dop_operator_v3' retrieved from /home/lborba/.cache/pypoetry/virtualenvs/airflow-tutorial-3ROeDTU8-py3.11/lib/python3.11/site-packages/airflow/example_dags/example_branch_python_dop_operator_3.py
[2024-04-17T10:14:57.483-0300] {logging_mixin.py:188} INFO - [2024-04-17T10:14:57.483-0300] {dag.py:3096} INFO - Sync 1 DAGs
[2024-04-17T10:14:57.498-0300] {logging_mixin.py:188} INFO - [2024-04-17T10:14:57.498-0300] {dag.py:3954} INFO - Setting next_dagrun for example_branch_dop_operator_v3 to 2024-04-17 13:13:00+00:00, run_after=2024-04-17 13:14:00+00:00
[2024-04-17T10:14:57.516-0300] {processor.py:183} INFO - Processing /home/lborba/.cache/pypoetry/virtualenvs/airflow-tutorial-3ROeDTU8-py3.11/lib/python3.11/site-packages/airflow/example_dags/example_branch_python_dop_operator_3.py took 0.062 seconds
[2024-04-17T10:15:59.743-0300] {processor.py:161} INFO - Started process (PID=26923) to work on /home/lborba/.cache/pypoetry/virtualenvs/airflow-tutorial-3ROeDTU8-py3.11/lib/python3.11/site-packages/airflow/example_dags/example_branch_python_dop_operator_3.py
[2024-04-17T10:15:59.750-0300] {processor.py:830} INFO - Processing file /home/lborba/.cache/pypoetry/virtualenvs/airflow-tutorial-3ROeDTU8-py3.11/lib/python3.11/site-packages/airflow/example_dags/example_branch_python_dop_operator_3.py for tasks to queue
[2024-04-17T10:15:59.751-0300] {logging_mixin.py:188} INFO - [2024-04-17T10:15:59.751-0300] {dagbag.py:540} INFO - Filling up the DagBag from /home/lborba/.cache/pypoetry/virtualenvs/airflow-tutorial-3ROeDTU8-py3.11/lib/python3.11/site-packages/airflow/example_dags/example_branch_python_dop_operator_3.py
[2024-04-17T10:15:59.758-0300] {processor.py:840} INFO - DAG(s) 'example_branch_dop_operator_v3' retrieved from /home/lborba/.cache/pypoetry/virtualenvs/airflow-tutorial-3ROeDTU8-py3.11/lib/python3.11/site-packages/airflow/example_dags/example_branch_python_dop_operator_3.py
[2024-04-17T10:15:59.768-0300] {logging_mixin.py:188} INFO - [2024-04-17T10:15:59.768-0300] {dag.py:3096} INFO - Sync 1 DAGs
[2024-04-17T10:15:59.787-0300] {logging_mixin.py:188} INFO - [2024-04-17T10:15:59.787-0300] {dag.py:3954} INFO - Setting next_dagrun for example_branch_dop_operator_v3 to 2024-04-17 13:14:00+00:00, run_after=2024-04-17 13:15:00+00:00
[2024-04-17T10:15:59.804-0300] {processor.py:183} INFO - Processing /home/lborba/.cache/pypoetry/virtualenvs/airflow-tutorial-3ROeDTU8-py3.11/lib/python3.11/site-packages/airflow/example_dags/example_branch_python_dop_operator_3.py took 0.066 seconds
[2024-04-17T10:17:01.462-0300] {processor.py:161} INFO - Started process (PID=27441) to work on /home/lborba/.cache/pypoetry/virtualenvs/airflow-tutorial-3ROeDTU8-py3.11/lib/python3.11/site-packages/airflow/example_dags/example_branch_python_dop_operator_3.py
[2024-04-17T10:17:01.468-0300] {processor.py:830} INFO - Processing file /home/lborba/.cache/pypoetry/virtualenvs/airflow-tutorial-3ROeDTU8-py3.11/lib/python3.11/site-packages/airflow/example_dags/example_branch_python_dop_operator_3.py for tasks to queue
[2024-04-17T10:17:01.469-0300] {logging_mixin.py:188} INFO - [2024-04-17T10:17:01.469-0300] {dagbag.py:540} INFO - Filling up the DagBag from /home/lborba/.cache/pypoetry/virtualenvs/airflow-tutorial-3ROeDTU8-py3.11/lib/python3.11/site-packages/airflow/example_dags/example_branch_python_dop_operator_3.py
[2024-04-17T10:17:01.476-0300] {processor.py:840} INFO - DAG(s) 'example_branch_dop_operator_v3' retrieved from /home/lborba/.cache/pypoetry/virtualenvs/airflow-tutorial-3ROeDTU8-py3.11/lib/python3.11/site-packages/airflow/example_dags/example_branch_python_dop_operator_3.py
[2024-04-17T10:17:01.487-0300] {logging_mixin.py:188} INFO - [2024-04-17T10:17:01.487-0300] {dag.py:3096} INFO - Sync 1 DAGs
[2024-04-17T10:17:01.507-0300] {logging_mixin.py:188} INFO - [2024-04-17T10:17:01.507-0300] {dag.py:3954} INFO - Setting next_dagrun for example_branch_dop_operator_v3 to 2024-04-17 13:16:00+00:00, run_after=2024-04-17 13:17:00+00:00
[2024-04-17T10:17:01.530-0300] {processor.py:183} INFO - Processing /home/lborba/.cache/pypoetry/virtualenvs/airflow-tutorial-3ROeDTU8-py3.11/lib/python3.11/site-packages/airflow/example_dags/example_branch_python_dop_operator_3.py took 0.073 seconds
[2024-04-17T10:17:59.403-0300] {processor.py:161} INFO - Started process (PID=27934) to work on /home/lborba/.cache/pypoetry/virtualenvs/airflow-tutorial-3ROeDTU8-py3.11/lib/python3.11/site-packages/airflow/example_dags/example_branch_python_dop_operator_3.py
[2024-04-17T10:17:59.409-0300] {processor.py:830} INFO - Processing file /home/lborba/.cache/pypoetry/virtualenvs/airflow-tutorial-3ROeDTU8-py3.11/lib/python3.11/site-packages/airflow/example_dags/example_branch_python_dop_operator_3.py for tasks to queue
[2024-04-17T10:17:59.410-0300] {logging_mixin.py:188} INFO - [2024-04-17T10:17:59.410-0300] {dagbag.py:540} INFO - Filling up the DagBag from /home/lborba/.cache/pypoetry/virtualenvs/airflow-tutorial-3ROeDTU8-py3.11/lib/python3.11/site-packages/airflow/example_dags/example_branch_python_dop_operator_3.py
[2024-04-17T10:17:59.418-0300] {processor.py:840} INFO - DAG(s) 'example_branch_dop_operator_v3' retrieved from /home/lborba/.cache/pypoetry/virtualenvs/airflow-tutorial-3ROeDTU8-py3.11/lib/python3.11/site-packages/airflow/example_dags/example_branch_python_dop_operator_3.py
[2024-04-17T10:17:59.428-0300] {logging_mixin.py:188} INFO - [2024-04-17T10:17:59.428-0300] {dag.py:3096} INFO - Sync 1 DAGs
[2024-04-17T10:17:59.443-0300] {logging_mixin.py:188} INFO - [2024-04-17T10:17:59.442-0300] {dag.py:3954} INFO - Setting next_dagrun for example_branch_dop_operator_v3 to 2024-04-17 13:16:00+00:00, run_after=2024-04-17 13:17:00+00:00
[2024-04-17T10:17:59.461-0300] {processor.py:183} INFO - Processing /home/lborba/.cache/pypoetry/virtualenvs/airflow-tutorial-3ROeDTU8-py3.11/lib/python3.11/site-packages/airflow/example_dags/example_branch_python_dop_operator_3.py took 0.063 seconds
[2024-04-17T10:18:59.967-0300] {processor.py:161} INFO - Started process (PID=28446) to work on /home/lborba/.cache/pypoetry/virtualenvs/airflow-tutorial-3ROeDTU8-py3.11/lib/python3.11/site-packages/airflow/example_dags/example_branch_python_dop_operator_3.py
[2024-04-17T10:18:59.975-0300] {processor.py:830} INFO - Processing file /home/lborba/.cache/pypoetry/virtualenvs/airflow-tutorial-3ROeDTU8-py3.11/lib/python3.11/site-packages/airflow/example_dags/example_branch_python_dop_operator_3.py for tasks to queue
[2024-04-17T10:18:59.977-0300] {logging_mixin.py:188} INFO - [2024-04-17T10:18:59.976-0300] {dagbag.py:540} INFO - Filling up the DagBag from /home/lborba/.cache/pypoetry/virtualenvs/airflow-tutorial-3ROeDTU8-py3.11/lib/python3.11/site-packages/airflow/example_dags/example_branch_python_dop_operator_3.py
[2024-04-17T10:18:59.983-0300] {processor.py:840} INFO - DAG(s) 'example_branch_dop_operator_v3' retrieved from /home/lborba/.cache/pypoetry/virtualenvs/airflow-tutorial-3ROeDTU8-py3.11/lib/python3.11/site-packages/airflow/example_dags/example_branch_python_dop_operator_3.py
[2024-04-17T10:18:59.995-0300] {logging_mixin.py:188} INFO - [2024-04-17T10:18:59.995-0300] {dag.py:3096} INFO - Sync 1 DAGs
[2024-04-17T10:19:00.014-0300] {logging_mixin.py:188} INFO - [2024-04-17T10:19:00.014-0300] {dag.py:3954} INFO - Setting next_dagrun for example_branch_dop_operator_v3 to 2024-04-17 13:18:00+00:00, run_after=2024-04-17 13:19:00+00:00
[2024-04-17T10:19:00.038-0300] {processor.py:183} INFO - Processing /home/lborba/.cache/pypoetry/virtualenvs/airflow-tutorial-3ROeDTU8-py3.11/lib/python3.11/site-packages/airflow/example_dags/example_branch_python_dop_operator_3.py took 0.078 seconds
[2024-04-17T10:19:59.324-0300] {processor.py:161} INFO - Started process (PID=28985) to work on /home/lborba/.cache/pypoetry/virtualenvs/airflow-tutorial-3ROeDTU8-py3.11/lib/python3.11/site-packages/airflow/example_dags/example_branch_python_dop_operator_3.py
[2024-04-17T10:19:59.326-0300] {processor.py:830} INFO - Processing file /home/lborba/.cache/pypoetry/virtualenvs/airflow-tutorial-3ROeDTU8-py3.11/lib/python3.11/site-packages/airflow/example_dags/example_branch_python_dop_operator_3.py for tasks to queue
[2024-04-17T10:19:59.327-0300] {logging_mixin.py:188} INFO - [2024-04-17T10:19:59.327-0300] {dagbag.py:540} INFO - Filling up the DagBag from /home/lborba/.cache/pypoetry/virtualenvs/airflow-tutorial-3ROeDTU8-py3.11/lib/python3.11/site-packages/airflow/example_dags/example_branch_python_dop_operator_3.py
[2024-04-17T10:19:59.333-0300] {processor.py:840} INFO - DAG(s) 'example_branch_dop_operator_v3' retrieved from /home/lborba/.cache/pypoetry/virtualenvs/airflow-tutorial-3ROeDTU8-py3.11/lib/python3.11/site-packages/airflow/example_dags/example_branch_python_dop_operator_3.py
[2024-04-17T10:19:59.344-0300] {logging_mixin.py:188} INFO - [2024-04-17T10:19:59.343-0300] {dag.py:3096} INFO - Sync 1 DAGs
[2024-04-17T10:19:59.360-0300] {logging_mixin.py:188} INFO - [2024-04-17T10:19:59.360-0300] {dag.py:3954} INFO - Setting next_dagrun for example_branch_dop_operator_v3 to 2024-04-17 13:18:00+00:00, run_after=2024-04-17 13:19:00+00:00
[2024-04-17T10:19:59.377-0300] {processor.py:183} INFO - Processing /home/lborba/.cache/pypoetry/virtualenvs/airflow-tutorial-3ROeDTU8-py3.11/lib/python3.11/site-packages/airflow/example_dags/example_branch_python_dop_operator_3.py took 0.057 seconds
[2024-04-17T10:20:55.208-0300] {processor.py:161} INFO - Started process (PID=29457) to work on /home/lborba/.cache/pypoetry/virtualenvs/airflow-tutorial-3ROeDTU8-py3.11/lib/python3.11/site-packages/airflow/example_dags/example_branch_python_dop_operator_3.py
[2024-04-17T10:20:55.214-0300] {processor.py:830} INFO - Processing file /home/lborba/.cache/pypoetry/virtualenvs/airflow-tutorial-3ROeDTU8-py3.11/lib/python3.11/site-packages/airflow/example_dags/example_branch_python_dop_operator_3.py for tasks to queue
[2024-04-17T10:20:55.215-0300] {logging_mixin.py:188} INFO - [2024-04-17T10:20:55.215-0300] {dagbag.py:540} INFO - Filling up the DagBag from /home/lborba/.cache/pypoetry/virtualenvs/airflow-tutorial-3ROeDTU8-py3.11/lib/python3.11/site-packages/airflow/example_dags/example_branch_python_dop_operator_3.py
[2024-04-17T10:20:55.221-0300] {processor.py:840} INFO - DAG(s) 'example_branch_dop_operator_v3' retrieved from /home/lborba/.cache/pypoetry/virtualenvs/airflow-tutorial-3ROeDTU8-py3.11/lib/python3.11/site-packages/airflow/example_dags/example_branch_python_dop_operator_3.py
[2024-04-17T10:20:55.233-0300] {logging_mixin.py:188} INFO - [2024-04-17T10:20:55.233-0300] {dag.py:3096} INFO - Sync 1 DAGs
[2024-04-17T10:20:55.248-0300] {logging_mixin.py:188} INFO - [2024-04-17T10:20:55.247-0300] {dag.py:3954} INFO - Setting next_dagrun for example_branch_dop_operator_v3 to 2024-04-17 13:19:00+00:00, run_after=2024-04-17 13:20:00+00:00
[2024-04-17T10:20:55.264-0300] {processor.py:183} INFO - Processing /home/lborba/.cache/pypoetry/virtualenvs/airflow-tutorial-3ROeDTU8-py3.11/lib/python3.11/site-packages/airflow/example_dags/example_branch_python_dop_operator_3.py took 0.060 seconds
[2024-04-17T10:21:54.204-0300] {processor.py:161} INFO - Started process (PID=29953) to work on /home/lborba/.cache/pypoetry/virtualenvs/airflow-tutorial-3ROeDTU8-py3.11/lib/python3.11/site-packages/airflow/example_dags/example_branch_python_dop_operator_3.py
[2024-04-17T10:21:54.210-0300] {processor.py:830} INFO - Processing file /home/lborba/.cache/pypoetry/virtualenvs/airflow-tutorial-3ROeDTU8-py3.11/lib/python3.11/site-packages/airflow/example_dags/example_branch_python_dop_operator_3.py for tasks to queue
[2024-04-17T10:21:54.211-0300] {logging_mixin.py:188} INFO - [2024-04-17T10:21:54.211-0300] {dagbag.py:540} INFO - Filling up the DagBag from /home/lborba/.cache/pypoetry/virtualenvs/airflow-tutorial-3ROeDTU8-py3.11/lib/python3.11/site-packages/airflow/example_dags/example_branch_python_dop_operator_3.py
[2024-04-17T10:21:54.218-0300] {processor.py:840} INFO - DAG(s) 'example_branch_dop_operator_v3' retrieved from /home/lborba/.cache/pypoetry/virtualenvs/airflow-tutorial-3ROeDTU8-py3.11/lib/python3.11/site-packages/airflow/example_dags/example_branch_python_dop_operator_3.py
[2024-04-17T10:21:54.230-0300] {logging_mixin.py:188} INFO - [2024-04-17T10:21:54.230-0300] {dag.py:3096} INFO - Sync 1 DAGs
[2024-04-17T10:21:54.246-0300] {logging_mixin.py:188} INFO - [2024-04-17T10:21:54.246-0300] {dag.py:3954} INFO - Setting next_dagrun for example_branch_dop_operator_v3 to 2024-04-17 13:20:00+00:00, run_after=2024-04-17 13:21:00+00:00
[2024-04-17T10:21:54.263-0300] {processor.py:183} INFO - Processing /home/lborba/.cache/pypoetry/virtualenvs/airflow-tutorial-3ROeDTU8-py3.11/lib/python3.11/site-packages/airflow/example_dags/example_branch_python_dop_operator_3.py took 0.063 seconds
[2024-04-17T10:22:52.437-0300] {processor.py:161} INFO - Started process (PID=30445) to work on /home/lborba/.cache/pypoetry/virtualenvs/airflow-tutorial-3ROeDTU8-py3.11/lib/python3.11/site-packages/airflow/example_dags/example_branch_python_dop_operator_3.py
[2024-04-17T10:22:52.439-0300] {processor.py:830} INFO - Processing file /home/lborba/.cache/pypoetry/virtualenvs/airflow-tutorial-3ROeDTU8-py3.11/lib/python3.11/site-packages/airflow/example_dags/example_branch_python_dop_operator_3.py for tasks to queue
[2024-04-17T10:22:52.440-0300] {logging_mixin.py:188} INFO - [2024-04-17T10:22:52.440-0300] {dagbag.py:540} INFO - Filling up the DagBag from /home/lborba/.cache/pypoetry/virtualenvs/airflow-tutorial-3ROeDTU8-py3.11/lib/python3.11/site-packages/airflow/example_dags/example_branch_python_dop_operator_3.py
[2024-04-17T10:22:52.447-0300] {processor.py:840} INFO - DAG(s) 'example_branch_dop_operator_v3' retrieved from /home/lborba/.cache/pypoetry/virtualenvs/airflow-tutorial-3ROeDTU8-py3.11/lib/python3.11/site-packages/airflow/example_dags/example_branch_python_dop_operator_3.py
[2024-04-17T10:22:52.459-0300] {logging_mixin.py:188} INFO - [2024-04-17T10:22:52.458-0300] {dag.py:3096} INFO - Sync 1 DAGs
[2024-04-17T10:22:52.477-0300] {logging_mixin.py:188} INFO - [2024-04-17T10:22:52.477-0300] {dag.py:3954} INFO - Setting next_dagrun for example_branch_dop_operator_v3 to 2024-04-17 13:21:00+00:00, run_after=2024-04-17 13:22:00+00:00
[2024-04-17T10:22:52.497-0300] {processor.py:183} INFO - Processing /home/lborba/.cache/pypoetry/virtualenvs/airflow-tutorial-3ROeDTU8-py3.11/lib/python3.11/site-packages/airflow/example_dags/example_branch_python_dop_operator_3.py took 0.064 seconds
[2024-04-17T10:23:52.107-0300] {processor.py:161} INFO - Started process (PID=30949) to work on /home/lborba/.cache/pypoetry/virtualenvs/airflow-tutorial-3ROeDTU8-py3.11/lib/python3.11/site-packages/airflow/example_dags/example_branch_python_dop_operator_3.py
[2024-04-17T10:23:52.113-0300] {processor.py:830} INFO - Processing file /home/lborba/.cache/pypoetry/virtualenvs/airflow-tutorial-3ROeDTU8-py3.11/lib/python3.11/site-packages/airflow/example_dags/example_branch_python_dop_operator_3.py for tasks to queue
[2024-04-17T10:23:52.114-0300] {logging_mixin.py:188} INFO - [2024-04-17T10:23:52.114-0300] {dagbag.py:540} INFO - Filling up the DagBag from /home/lborba/.cache/pypoetry/virtualenvs/airflow-tutorial-3ROeDTU8-py3.11/lib/python3.11/site-packages/airflow/example_dags/example_branch_python_dop_operator_3.py
[2024-04-17T10:23:52.121-0300] {processor.py:840} INFO - DAG(s) 'example_branch_dop_operator_v3' retrieved from /home/lborba/.cache/pypoetry/virtualenvs/airflow-tutorial-3ROeDTU8-py3.11/lib/python3.11/site-packages/airflow/example_dags/example_branch_python_dop_operator_3.py
[2024-04-17T10:23:52.132-0300] {logging_mixin.py:188} INFO - [2024-04-17T10:23:52.131-0300] {dag.py:3096} INFO - Sync 1 DAGs
[2024-04-17T10:23:52.146-0300] {logging_mixin.py:188} INFO - [2024-04-17T10:23:52.146-0300] {dag.py:3954} INFO - Setting next_dagrun for example_branch_dop_operator_v3 to 2024-04-17 13:22:00+00:00, run_after=2024-04-17 13:23:00+00:00
[2024-04-17T10:23:52.166-0300] {processor.py:183} INFO - Processing /home/lborba/.cache/pypoetry/virtualenvs/airflow-tutorial-3ROeDTU8-py3.11/lib/python3.11/site-packages/airflow/example_dags/example_branch_python_dop_operator_3.py took 0.063 seconds
[2024-04-17T10:24:46.502-0300] {processor.py:161} INFO - Started process (PID=31411) to work on /home/lborba/.cache/pypoetry/virtualenvs/airflow-tutorial-3ROeDTU8-py3.11/lib/python3.11/site-packages/airflow/example_dags/example_branch_python_dop_operator_3.py
[2024-04-17T10:24:46.504-0300] {processor.py:830} INFO - Processing file /home/lborba/.cache/pypoetry/virtualenvs/airflow-tutorial-3ROeDTU8-py3.11/lib/python3.11/site-packages/airflow/example_dags/example_branch_python_dop_operator_3.py for tasks to queue
[2024-04-17T10:24:46.505-0300] {logging_mixin.py:188} INFO - [2024-04-17T10:24:46.504-0300] {dagbag.py:540} INFO - Filling up the DagBag from /home/lborba/.cache/pypoetry/virtualenvs/airflow-tutorial-3ROeDTU8-py3.11/lib/python3.11/site-packages/airflow/example_dags/example_branch_python_dop_operator_3.py
[2024-04-17T10:24:46.511-0300] {processor.py:840} INFO - DAG(s) 'example_branch_dop_operator_v3' retrieved from /home/lborba/.cache/pypoetry/virtualenvs/airflow-tutorial-3ROeDTU8-py3.11/lib/python3.11/site-packages/airflow/example_dags/example_branch_python_dop_operator_3.py
[2024-04-17T10:24:46.521-0300] {logging_mixin.py:188} INFO - [2024-04-17T10:24:46.521-0300] {dag.py:3096} INFO - Sync 1 DAGs
[2024-04-17T10:24:46.535-0300] {logging_mixin.py:188} INFO - [2024-04-17T10:24:46.535-0300] {dag.py:3954} INFO - Setting next_dagrun for example_branch_dop_operator_v3 to 2024-04-17 13:23:00+00:00, run_after=2024-04-17 13:24:00+00:00
[2024-04-17T10:24:46.552-0300] {processor.py:183} INFO - Processing /home/lborba/.cache/pypoetry/virtualenvs/airflow-tutorial-3ROeDTU8-py3.11/lib/python3.11/site-packages/airflow/example_dags/example_branch_python_dop_operator_3.py took 0.055 seconds
