[2024-04-17T10:10:26.329-0300] {processor.py:161} INFO - Started process (PID=23206) to work on /home/lborba/.cache/pypoetry/virtualenvs/airflow-tutorial-3ROeDTU8-py3.11/lib/python3.11/site-packages/airflow/example_dags/example_python_decorator.py
[2024-04-17T10:10:26.330-0300] {processor.py:830} INFO - Processing file /home/lborba/.cache/pypoetry/virtualenvs/airflow-tutorial-3ROeDTU8-py3.11/lib/python3.11/site-packages/airflow/example_dags/example_python_decorator.py for tasks to queue
[2024-04-17T10:10:26.331-0300] {logging_mixin.py:188} INFO - [2024-04-17T10:10:26.331-0300] {dagbag.py:540} INFO - Filling up the DagBag from /home/lborba/.cache/pypoetry/virtualenvs/airflow-tutorial-3ROeDTU8-py3.11/lib/python3.11/site-packages/airflow/example_dags/example_python_decorator.py
[2024-04-17T10:10:26.377-0300] {logging_mixin.py:188} INFO - [2024-04-17T10:10:26.376-0300] {example_python_decorator.py:80} WARNING - The virtalenv_python example task requires virtualenv, please install it.
[2024-04-17T10:10:26.379-0300] {processor.py:840} INFO - DAG(s) 'example_python_decorator' retrieved from /home/lborba/.cache/pypoetry/virtualenvs/airflow-tutorial-3ROeDTU8-py3.11/lib/python3.11/site-packages/airflow/example_dags/example_python_decorator.py
[2024-04-17T10:10:26.465-0300] {logging_mixin.py:188} INFO - [2024-04-17T10:10:26.465-0300] {override.py:1829} INFO - Created Permission View: can edit on DAG:example_python_decorator
[2024-04-17T10:10:26.479-0300] {logging_mixin.py:188} INFO - [2024-04-17T10:10:26.479-0300] {override.py:1829} INFO - Created Permission View: can delete on DAG:example_python_decorator
[2024-04-17T10:10:26.496-0300] {logging_mixin.py:188} INFO - [2024-04-17T10:10:26.496-0300] {override.py:1829} INFO - Created Permission View: can read on DAG:example_python_decorator
[2024-04-17T10:10:26.497-0300] {logging_mixin.py:188} INFO - [2024-04-17T10:10:26.496-0300] {dag.py:3096} INFO - Sync 1 DAGs
[2024-04-17T10:10:26.505-0300] {logging_mixin.py:188} INFO - [2024-04-17T10:10:26.505-0300] {dag.py:3118} INFO - Creating ORM DAG for example_python_decorator
[2024-04-17T10:10:26.506-0300] {logging_mixin.py:188} INFO - [2024-04-17T10:10:26.505-0300] {dag.py:3954} INFO - Setting next_dagrun for example_python_decorator to None, run_after=None
[2024-04-17T10:10:26.531-0300] {processor.py:183} INFO - Processing /home/lborba/.cache/pypoetry/virtualenvs/airflow-tutorial-3ROeDTU8-py3.11/lib/python3.11/site-packages/airflow/example_dags/example_python_decorator.py took 0.205 seconds
[2024-04-17T10:11:18.546-0300] {processor.py:161} INFO - Started process (PID=23624) to work on /home/lborba/.cache/pypoetry/virtualenvs/airflow-tutorial-3ROeDTU8-py3.11/lib/python3.11/site-packages/airflow/example_dags/example_python_decorator.py
[2024-04-17T10:11:18.548-0300] {processor.py:830} INFO - Processing file /home/lborba/.cache/pypoetry/virtualenvs/airflow-tutorial-3ROeDTU8-py3.11/lib/python3.11/site-packages/airflow/example_dags/example_python_decorator.py for tasks to queue
[2024-04-17T10:11:18.549-0300] {logging_mixin.py:188} INFO - [2024-04-17T10:11:18.549-0300] {dagbag.py:540} INFO - Filling up the DagBag from /home/lborba/.cache/pypoetry/virtualenvs/airflow-tutorial-3ROeDTU8-py3.11/lib/python3.11/site-packages/airflow/example_dags/example_python_decorator.py
[2024-04-17T10:11:18.603-0300] {logging_mixin.py:188} INFO - [2024-04-17T10:11:18.603-0300] {example_python_decorator.py:80} WARNING - The virtalenv_python example task requires virtualenv, please install it.
[2024-04-17T10:11:18.604-0300] {processor.py:840} INFO - DAG(s) 'example_python_decorator' retrieved from /home/lborba/.cache/pypoetry/virtualenvs/airflow-tutorial-3ROeDTU8-py3.11/lib/python3.11/site-packages/airflow/example_dags/example_python_decorator.py
[2024-04-17T10:11:18.617-0300] {logging_mixin.py:188} INFO - [2024-04-17T10:11:18.616-0300] {dag.py:3096} INFO - Sync 1 DAGs
[2024-04-17T10:11:18.624-0300] {logging_mixin.py:188} INFO - [2024-04-17T10:11:18.624-0300] {dag.py:3954} INFO - Setting next_dagrun for example_python_decorator to None, run_after=None
[2024-04-17T10:11:18.641-0300] {processor.py:183} INFO - Processing /home/lborba/.cache/pypoetry/virtualenvs/airflow-tutorial-3ROeDTU8-py3.11/lib/python3.11/site-packages/airflow/example_dags/example_python_decorator.py took 0.099 seconds
[2024-04-17T10:12:08.765-0300] {processor.py:161} INFO - Started process (PID=24058) to work on /home/lborba/.cache/pypoetry/virtualenvs/airflow-tutorial-3ROeDTU8-py3.11/lib/python3.11/site-packages/airflow/example_dags/example_python_decorator.py
[2024-04-17T10:12:08.766-0300] {processor.py:830} INFO - Processing file /home/lborba/.cache/pypoetry/virtualenvs/airflow-tutorial-3ROeDTU8-py3.11/lib/python3.11/site-packages/airflow/example_dags/example_python_decorator.py for tasks to queue
[2024-04-17T10:12:08.767-0300] {logging_mixin.py:188} INFO - [2024-04-17T10:12:08.767-0300] {dagbag.py:540} INFO - Filling up the DagBag from /home/lborba/.cache/pypoetry/virtualenvs/airflow-tutorial-3ROeDTU8-py3.11/lib/python3.11/site-packages/airflow/example_dags/example_python_decorator.py
[2024-04-17T10:12:08.823-0300] {logging_mixin.py:188} INFO - [2024-04-17T10:12:08.822-0300] {example_python_decorator.py:80} WARNING - The virtalenv_python example task requires virtualenv, please install it.
[2024-04-17T10:12:08.823-0300] {processor.py:840} INFO - DAG(s) 'example_python_decorator' retrieved from /home/lborba/.cache/pypoetry/virtualenvs/airflow-tutorial-3ROeDTU8-py3.11/lib/python3.11/site-packages/airflow/example_dags/example_python_decorator.py
[2024-04-17T10:12:08.836-0300] {logging_mixin.py:188} INFO - [2024-04-17T10:12:08.836-0300] {dag.py:3096} INFO - Sync 1 DAGs
[2024-04-17T10:12:08.843-0300] {logging_mixin.py:188} INFO - [2024-04-17T10:12:08.843-0300] {dag.py:3954} INFO - Setting next_dagrun for example_python_decorator to None, run_after=None
[2024-04-17T10:12:08.860-0300] {processor.py:183} INFO - Processing /home/lborba/.cache/pypoetry/virtualenvs/airflow-tutorial-3ROeDTU8-py3.11/lib/python3.11/site-packages/airflow/example_dags/example_python_decorator.py took 0.099 seconds
[2024-04-17T10:12:58.824-0300] {processor.py:161} INFO - Started process (PID=24889) to work on /home/lborba/.cache/pypoetry/virtualenvs/airflow-tutorial-3ROeDTU8-py3.11/lib/python3.11/site-packages/airflow/example_dags/example_python_decorator.py
[2024-04-17T10:12:58.830-0300] {processor.py:830} INFO - Processing file /home/lborba/.cache/pypoetry/virtualenvs/airflow-tutorial-3ROeDTU8-py3.11/lib/python3.11/site-packages/airflow/example_dags/example_python_decorator.py for tasks to queue
[2024-04-17T10:12:58.831-0300] {logging_mixin.py:188} INFO - [2024-04-17T10:12:58.831-0300] {dagbag.py:540} INFO - Filling up the DagBag from /home/lborba/.cache/pypoetry/virtualenvs/airflow-tutorial-3ROeDTU8-py3.11/lib/python3.11/site-packages/airflow/example_dags/example_python_decorator.py
[2024-04-17T10:12:58.874-0300] {logging_mixin.py:188} INFO - [2024-04-17T10:12:58.874-0300] {example_python_decorator.py:80} WARNING - The virtalenv_python example task requires virtualenv, please install it.
[2024-04-17T10:12:58.875-0300] {processor.py:840} INFO - DAG(s) 'example_python_decorator' retrieved from /home/lborba/.cache/pypoetry/virtualenvs/airflow-tutorial-3ROeDTU8-py3.11/lib/python3.11/site-packages/airflow/example_dags/example_python_decorator.py
[2024-04-17T10:12:58.888-0300] {logging_mixin.py:188} INFO - [2024-04-17T10:12:58.888-0300] {dag.py:3096} INFO - Sync 1 DAGs
[2024-04-17T10:12:58.897-0300] {logging_mixin.py:188} INFO - [2024-04-17T10:12:58.896-0300] {dag.py:3954} INFO - Setting next_dagrun for example_python_decorator to None, run_after=None
[2024-04-17T10:12:58.914-0300] {processor.py:183} INFO - Processing /home/lborba/.cache/pypoetry/virtualenvs/airflow-tutorial-3ROeDTU8-py3.11/lib/python3.11/site-packages/airflow/example_dags/example_python_decorator.py took 0.094 seconds
