[2024-04-17T10:10:00.254-0300] {processor.py:161} INFO - Started process (PID=22933) to work on /home/lborba/.cache/pypoetry/virtualenvs/airflow-tutorial-3ROeDTU8-py3.11/lib/python3.11/site-packages/airflow/example_dags/example_external_task_marker_dag.py
[2024-04-17T10:10:00.255-0300] {processor.py:830} INFO - Processing file /home/lborba/.cache/pypoetry/virtualenvs/airflow-tutorial-3ROeDTU8-py3.11/lib/python3.11/site-packages/airflow/example_dags/example_external_task_marker_dag.py for tasks to queue
[2024-04-17T10:10:00.256-0300] {logging_mixin.py:188} INFO - [2024-04-17T10:10:00.256-0300] {dagbag.py:540} INFO - Filling up the DagBag from /home/lborba/.cache/pypoetry/virtualenvs/airflow-tutorial-3ROeDTU8-py3.11/lib/python3.11/site-packages/airflow/example_dags/example_external_task_marker_dag.py
[2024-04-17T10:10:00.262-0300] {processor.py:840} INFO - DAG(s) 'example_external_task_marker_parent', 'example_external_task_marker_child' retrieved from /home/lborba/.cache/pypoetry/virtualenvs/airflow-tutorial-3ROeDTU8-py3.11/lib/python3.11/site-packages/airflow/example_dags/example_external_task_marker_dag.py
[2024-04-17T10:10:00.346-0300] {logging_mixin.py:188} INFO - [2024-04-17T10:10:00.346-0300] {override.py:1829} INFO - Created Permission View: can edit on DAG:example_external_task_marker_parent
[2024-04-17T10:10:00.358-0300] {logging_mixin.py:188} INFO - [2024-04-17T10:10:00.358-0300] {override.py:1829} INFO - Created Permission View: can delete on DAG:example_external_task_marker_parent
[2024-04-17T10:10:00.368-0300] {logging_mixin.py:188} INFO - [2024-04-17T10:10:00.368-0300] {override.py:1829} INFO - Created Permission View: can read on DAG:example_external_task_marker_parent
[2024-04-17T10:10:00.388-0300] {logging_mixin.py:188} INFO - [2024-04-17T10:10:00.388-0300] {override.py:1829} INFO - Created Permission View: can edit on DAG:example_external_task_marker_child
[2024-04-17T10:10:00.396-0300] {logging_mixin.py:188} INFO - [2024-04-17T10:10:00.395-0300] {override.py:1829} INFO - Created Permission View: can delete on DAG:example_external_task_marker_child
[2024-04-17T10:10:00.405-0300] {logging_mixin.py:188} INFO - [2024-04-17T10:10:00.405-0300] {override.py:1829} INFO - Created Permission View: can read on DAG:example_external_task_marker_child
[2024-04-17T10:10:00.405-0300] {logging_mixin.py:188} INFO - [2024-04-17T10:10:00.405-0300] {dag.py:3096} INFO - Sync 2 DAGs
[2024-04-17T10:10:00.412-0300] {logging_mixin.py:188} INFO - [2024-04-17T10:10:00.412-0300] {dag.py:3118} INFO - Creating ORM DAG for example_external_task_marker_child
[2024-04-17T10:10:00.412-0300] {logging_mixin.py:188} INFO - [2024-04-17T10:10:00.412-0300] {dag.py:3118} INFO - Creating ORM DAG for example_external_task_marker_parent
[2024-04-17T10:10:00.413-0300] {logging_mixin.py:188} INFO - [2024-04-17T10:10:00.413-0300] {dag.py:3954} INFO - Setting next_dagrun for example_external_task_marker_child to None, run_after=None
[2024-04-17T10:10:00.413-0300] {logging_mixin.py:188} INFO - [2024-04-17T10:10:00.413-0300] {dag.py:3954} INFO - Setting next_dagrun for example_external_task_marker_parent to None, run_after=None
[2024-04-17T10:10:00.431-0300] {processor.py:183} INFO - Processing /home/lborba/.cache/pypoetry/virtualenvs/airflow-tutorial-3ROeDTU8-py3.11/lib/python3.11/site-packages/airflow/example_dags/example_external_task_marker_dag.py took 0.183 seconds
[2024-04-17T10:10:54.634-0300] {processor.py:161} INFO - Started process (PID=23432) to work on /home/lborba/.cache/pypoetry/virtualenvs/airflow-tutorial-3ROeDTU8-py3.11/lib/python3.11/site-packages/airflow/example_dags/example_external_task_marker_dag.py
[2024-04-17T10:10:54.640-0300] {processor.py:830} INFO - Processing file /home/lborba/.cache/pypoetry/virtualenvs/airflow-tutorial-3ROeDTU8-py3.11/lib/python3.11/site-packages/airflow/example_dags/example_external_task_marker_dag.py for tasks to queue
[2024-04-17T10:10:54.642-0300] {logging_mixin.py:188} INFO - [2024-04-17T10:10:54.641-0300] {dagbag.py:540} INFO - Filling up the DagBag from /home/lborba/.cache/pypoetry/virtualenvs/airflow-tutorial-3ROeDTU8-py3.11/lib/python3.11/site-packages/airflow/example_dags/example_external_task_marker_dag.py
[2024-04-17T10:10:54.646-0300] {processor.py:840} INFO - DAG(s) 'example_external_task_marker_parent', 'example_external_task_marker_child' retrieved from /home/lborba/.cache/pypoetry/virtualenvs/airflow-tutorial-3ROeDTU8-py3.11/lib/python3.11/site-packages/airflow/example_dags/example_external_task_marker_dag.py
[2024-04-17T10:10:54.659-0300] {logging_mixin.py:188} INFO - [2024-04-17T10:10:54.659-0300] {dag.py:3096} INFO - Sync 2 DAGs
[2024-04-17T10:10:54.667-0300] {logging_mixin.py:188} INFO - [2024-04-17T10:10:54.667-0300] {dag.py:3954} INFO - Setting next_dagrun for example_external_task_marker_child to None, run_after=None
[2024-04-17T10:10:54.669-0300] {logging_mixin.py:188} INFO - [2024-04-17T10:10:54.669-0300] {dag.py:3954} INFO - Setting next_dagrun for example_external_task_marker_parent to None, run_after=None
[2024-04-17T10:10:54.685-0300] {processor.py:183} INFO - Processing /home/lborba/.cache/pypoetry/virtualenvs/airflow-tutorial-3ROeDTU8-py3.11/lib/python3.11/site-packages/airflow/example_dags/example_external_task_marker_dag.py took 0.056 seconds
[2024-04-17T10:11:38.508-0300] {processor.py:161} INFO - Started process (PID=23780) to work on /home/lborba/.cache/pypoetry/virtualenvs/airflow-tutorial-3ROeDTU8-py3.11/lib/python3.11/site-packages/airflow/example_dags/example_external_task_marker_dag.py
[2024-04-17T10:11:38.512-0300] {processor.py:830} INFO - Processing file /home/lborba/.cache/pypoetry/virtualenvs/airflow-tutorial-3ROeDTU8-py3.11/lib/python3.11/site-packages/airflow/example_dags/example_external_task_marker_dag.py for tasks to queue
[2024-04-17T10:11:38.514-0300] {logging_mixin.py:188} INFO - [2024-04-17T10:11:38.513-0300] {dagbag.py:540} INFO - Filling up the DagBag from /home/lborba/.cache/pypoetry/virtualenvs/airflow-tutorial-3ROeDTU8-py3.11/lib/python3.11/site-packages/airflow/example_dags/example_external_task_marker_dag.py
[2024-04-17T10:11:38.520-0300] {processor.py:840} INFO - DAG(s) 'example_external_task_marker_parent', 'example_external_task_marker_child' retrieved from /home/lborba/.cache/pypoetry/virtualenvs/airflow-tutorial-3ROeDTU8-py3.11/lib/python3.11/site-packages/airflow/example_dags/example_external_task_marker_dag.py
[2024-04-17T10:11:38.535-0300] {logging_mixin.py:188} INFO - [2024-04-17T10:11:38.535-0300] {dag.py:3096} INFO - Sync 2 DAGs
[2024-04-17T10:11:38.545-0300] {logging_mixin.py:188} INFO - [2024-04-17T10:11:38.545-0300] {dag.py:3954} INFO - Setting next_dagrun for example_external_task_marker_child to None, run_after=None
[2024-04-17T10:11:38.548-0300] {logging_mixin.py:188} INFO - [2024-04-17T10:11:38.547-0300] {dag.py:3954} INFO - Setting next_dagrun for example_external_task_marker_parent to None, run_after=None
[2024-04-17T10:11:38.590-0300] {processor.py:183} INFO - Processing /home/lborba/.cache/pypoetry/virtualenvs/airflow-tutorial-3ROeDTU8-py3.11/lib/python3.11/site-packages/airflow/example_dags/example_external_task_marker_dag.py took 0.090 seconds
[2024-04-17T10:12:19.061-0300] {processor.py:161} INFO - Started process (PID=24210) to work on /home/lborba/.cache/pypoetry/virtualenvs/airflow-tutorial-3ROeDTU8-py3.11/lib/python3.11/site-packages/airflow/example_dags/example_external_task_marker_dag.py
[2024-04-17T10:12:19.067-0300] {processor.py:830} INFO - Processing file /home/lborba/.cache/pypoetry/virtualenvs/airflow-tutorial-3ROeDTU8-py3.11/lib/python3.11/site-packages/airflow/example_dags/example_external_task_marker_dag.py for tasks to queue
[2024-04-17T10:12:19.069-0300] {logging_mixin.py:188} INFO - [2024-04-17T10:12:19.069-0300] {dagbag.py:540} INFO - Filling up the DagBag from /home/lborba/.cache/pypoetry/virtualenvs/airflow-tutorial-3ROeDTU8-py3.11/lib/python3.11/site-packages/airflow/example_dags/example_external_task_marker_dag.py
[2024-04-17T10:12:19.075-0300] {processor.py:840} INFO - DAG(s) 'example_external_task_marker_child', 'example_external_task_marker_parent' retrieved from /home/lborba/.cache/pypoetry/virtualenvs/airflow-tutorial-3ROeDTU8-py3.11/lib/python3.11/site-packages/airflow/example_dags/example_external_task_marker_dag.py
[2024-04-17T10:12:19.089-0300] {logging_mixin.py:188} INFO - [2024-04-17T10:12:19.089-0300] {dag.py:3096} INFO - Sync 2 DAGs
[2024-04-17T10:12:19.097-0300] {logging_mixin.py:188} INFO - [2024-04-17T10:12:19.097-0300] {dag.py:3954} INFO - Setting next_dagrun for example_external_task_marker_child to None, run_after=None
[2024-04-17T10:12:19.100-0300] {logging_mixin.py:188} INFO - [2024-04-17T10:12:19.100-0300] {dag.py:3954} INFO - Setting next_dagrun for example_external_task_marker_parent to None, run_after=None
[2024-04-17T10:12:19.117-0300] {processor.py:183} INFO - Processing /home/lborba/.cache/pypoetry/virtualenvs/airflow-tutorial-3ROeDTU8-py3.11/lib/python3.11/site-packages/airflow/example_dags/example_external_task_marker_dag.py took 0.061 seconds
[2024-04-17T10:13:12.057-0300] {processor.py:161} INFO - Started process (PID=25142) to work on /home/lborba/.cache/pypoetry/virtualenvs/airflow-tutorial-3ROeDTU8-py3.11/lib/python3.11/site-packages/airflow/example_dags/example_external_task_marker_dag.py
[2024-04-17T10:13:12.061-0300] {processor.py:830} INFO - Processing file /home/lborba/.cache/pypoetry/virtualenvs/airflow-tutorial-3ROeDTU8-py3.11/lib/python3.11/site-packages/airflow/example_dags/example_external_task_marker_dag.py for tasks to queue
[2024-04-17T10:13:12.065-0300] {logging_mixin.py:188} INFO - [2024-04-17T10:13:12.064-0300] {dagbag.py:540} INFO - Filling up the DagBag from /home/lborba/.cache/pypoetry/virtualenvs/airflow-tutorial-3ROeDTU8-py3.11/lib/python3.11/site-packages/airflow/example_dags/example_external_task_marker_dag.py
[2024-04-17T10:13:12.074-0300] {processor.py:840} INFO - DAG(s) 'example_external_task_marker_child', 'example_external_task_marker_parent' retrieved from /home/lborba/.cache/pypoetry/virtualenvs/airflow-tutorial-3ROeDTU8-py3.11/lib/python3.11/site-packages/airflow/example_dags/example_external_task_marker_dag.py
[2024-04-17T10:13:12.099-0300] {logging_mixin.py:188} INFO - [2024-04-17T10:13:12.099-0300] {dag.py:3096} INFO - Sync 2 DAGs
[2024-04-17T10:13:12.115-0300] {logging_mixin.py:188} INFO - [2024-04-17T10:13:12.114-0300] {dag.py:3954} INFO - Setting next_dagrun for example_external_task_marker_child to None, run_after=None
[2024-04-17T10:13:12.119-0300] {logging_mixin.py:188} INFO - [2024-04-17T10:13:12.118-0300] {dag.py:3954} INFO - Setting next_dagrun for example_external_task_marker_parent to None, run_after=None
[2024-04-17T10:13:12.147-0300] {processor.py:183} INFO - Processing /home/lborba/.cache/pypoetry/virtualenvs/airflow-tutorial-3ROeDTU8-py3.11/lib/python3.11/site-packages/airflow/example_dags/example_external_task_marker_dag.py took 0.105 seconds
[2024-04-17T10:13:53.077-0300] {processor.py:161} INFO - Started process (PID=25603) to work on /home/lborba/.cache/pypoetry/virtualenvs/airflow-tutorial-3ROeDTU8-py3.11/lib/python3.11/site-packages/airflow/example_dags/example_external_task_marker_dag.py
[2024-04-17T10:13:53.079-0300] {processor.py:830} INFO - Processing file /home/lborba/.cache/pypoetry/virtualenvs/airflow-tutorial-3ROeDTU8-py3.11/lib/python3.11/site-packages/airflow/example_dags/example_external_task_marker_dag.py for tasks to queue
[2024-04-17T10:13:53.080-0300] {logging_mixin.py:188} INFO - [2024-04-17T10:13:53.079-0300] {dagbag.py:540} INFO - Filling up the DagBag from /home/lborba/.cache/pypoetry/virtualenvs/airflow-tutorial-3ROeDTU8-py3.11/lib/python3.11/site-packages/airflow/example_dags/example_external_task_marker_dag.py
[2024-04-17T10:13:53.084-0300] {processor.py:840} INFO - DAG(s) 'example_external_task_marker_child', 'example_external_task_marker_parent' retrieved from /home/lborba/.cache/pypoetry/virtualenvs/airflow-tutorial-3ROeDTU8-py3.11/lib/python3.11/site-packages/airflow/example_dags/example_external_task_marker_dag.py
[2024-04-17T10:13:53.095-0300] {logging_mixin.py:188} INFO - [2024-04-17T10:13:53.095-0300] {dag.py:3096} INFO - Sync 2 DAGs
[2024-04-17T10:13:53.102-0300] {logging_mixin.py:188} INFO - [2024-04-17T10:13:53.102-0300] {dag.py:3954} INFO - Setting next_dagrun for example_external_task_marker_child to None, run_after=None
[2024-04-17T10:13:53.104-0300] {logging_mixin.py:188} INFO - [2024-04-17T10:13:53.104-0300] {dag.py:3954} INFO - Setting next_dagrun for example_external_task_marker_parent to None, run_after=None
[2024-04-17T10:13:53.122-0300] {processor.py:183} INFO - Processing /home/lborba/.cache/pypoetry/virtualenvs/airflow-tutorial-3ROeDTU8-py3.11/lib/python3.11/site-packages/airflow/example_dags/example_external_task_marker_dag.py took 0.049 seconds
[2024-04-17T10:14:31.449-0300] {processor.py:161} INFO - Started process (PID=26069) to work on /home/lborba/.cache/pypoetry/virtualenvs/airflow-tutorial-3ROeDTU8-py3.11/lib/python3.11/site-packages/airflow/example_dags/example_external_task_marker_dag.py
[2024-04-17T10:14:31.450-0300] {processor.py:830} INFO - Processing file /home/lborba/.cache/pypoetry/virtualenvs/airflow-tutorial-3ROeDTU8-py3.11/lib/python3.11/site-packages/airflow/example_dags/example_external_task_marker_dag.py for tasks to queue
[2024-04-17T10:14:31.451-0300] {logging_mixin.py:188} INFO - [2024-04-17T10:14:31.451-0300] {dagbag.py:540} INFO - Filling up the DagBag from /home/lborba/.cache/pypoetry/virtualenvs/airflow-tutorial-3ROeDTU8-py3.11/lib/python3.11/site-packages/airflow/example_dags/example_external_task_marker_dag.py
[2024-04-17T10:14:31.457-0300] {processor.py:840} INFO - DAG(s) 'example_external_task_marker_child', 'example_external_task_marker_parent' retrieved from /home/lborba/.cache/pypoetry/virtualenvs/airflow-tutorial-3ROeDTU8-py3.11/lib/python3.11/site-packages/airflow/example_dags/example_external_task_marker_dag.py
[2024-04-17T10:14:31.470-0300] {logging_mixin.py:188} INFO - [2024-04-17T10:14:31.470-0300] {dag.py:3096} INFO - Sync 2 DAGs
[2024-04-17T10:14:31.478-0300] {logging_mixin.py:188} INFO - [2024-04-17T10:14:31.478-0300] {dag.py:3954} INFO - Setting next_dagrun for example_external_task_marker_child to None, run_after=None
[2024-04-17T10:14:31.480-0300] {logging_mixin.py:188} INFO - [2024-04-17T10:14:31.480-0300] {dag.py:3954} INFO - Setting next_dagrun for example_external_task_marker_parent to None, run_after=None
[2024-04-17T10:14:31.495-0300] {processor.py:183} INFO - Processing /home/lborba/.cache/pypoetry/virtualenvs/airflow-tutorial-3ROeDTU8-py3.11/lib/python3.11/site-packages/airflow/example_dags/example_external_task_marker_dag.py took 0.051 seconds
[2024-04-17T10:15:10.591-0300] {processor.py:161} INFO - Started process (PID=26473) to work on /home/lborba/.cache/pypoetry/virtualenvs/airflow-tutorial-3ROeDTU8-py3.11/lib/python3.11/site-packages/airflow/example_dags/example_external_task_marker_dag.py
[2024-04-17T10:15:10.592-0300] {processor.py:830} INFO - Processing file /home/lborba/.cache/pypoetry/virtualenvs/airflow-tutorial-3ROeDTU8-py3.11/lib/python3.11/site-packages/airflow/example_dags/example_external_task_marker_dag.py for tasks to queue
[2024-04-17T10:15:10.594-0300] {logging_mixin.py:188} INFO - [2024-04-17T10:15:10.593-0300] {dagbag.py:540} INFO - Filling up the DagBag from /home/lborba/.cache/pypoetry/virtualenvs/airflow-tutorial-3ROeDTU8-py3.11/lib/python3.11/site-packages/airflow/example_dags/example_external_task_marker_dag.py
[2024-04-17T10:15:10.600-0300] {processor.py:840} INFO - DAG(s) 'example_external_task_marker_parent', 'example_external_task_marker_child' retrieved from /home/lborba/.cache/pypoetry/virtualenvs/airflow-tutorial-3ROeDTU8-py3.11/lib/python3.11/site-packages/airflow/example_dags/example_external_task_marker_dag.py
[2024-04-17T10:15:10.614-0300] {logging_mixin.py:188} INFO - [2024-04-17T10:15:10.614-0300] {dag.py:3096} INFO - Sync 2 DAGs
[2024-04-17T10:15:10.703-0300] {logging_mixin.py:188} INFO - [2024-04-17T10:15:10.703-0300] {dag.py:3954} INFO - Setting next_dagrun for example_external_task_marker_child to None, run_after=None
[2024-04-17T10:15:10.706-0300] {logging_mixin.py:188} INFO - [2024-04-17T10:15:10.705-0300] {dag.py:3954} INFO - Setting next_dagrun for example_external_task_marker_parent to None, run_after=None
[2024-04-17T10:15:10.720-0300] {processor.py:183} INFO - Processing /home/lborba/.cache/pypoetry/virtualenvs/airflow-tutorial-3ROeDTU8-py3.11/lib/python3.11/site-packages/airflow/example_dags/example_external_task_marker_dag.py took 0.135 seconds
[2024-04-17T10:15:52.329-0300] {processor.py:161} INFO - Started process (PID=26859) to work on /home/lborba/.cache/pypoetry/virtualenvs/airflow-tutorial-3ROeDTU8-py3.11/lib/python3.11/site-packages/airflow/example_dags/example_external_task_marker_dag.py
[2024-04-17T10:15:52.335-0300] {processor.py:830} INFO - Processing file /home/lborba/.cache/pypoetry/virtualenvs/airflow-tutorial-3ROeDTU8-py3.11/lib/python3.11/site-packages/airflow/example_dags/example_external_task_marker_dag.py for tasks to queue
[2024-04-17T10:15:52.336-0300] {logging_mixin.py:188} INFO - [2024-04-17T10:15:52.336-0300] {dagbag.py:540} INFO - Filling up the DagBag from /home/lborba/.cache/pypoetry/virtualenvs/airflow-tutorial-3ROeDTU8-py3.11/lib/python3.11/site-packages/airflow/example_dags/example_external_task_marker_dag.py
[2024-04-17T10:15:52.341-0300] {processor.py:840} INFO - DAG(s) 'example_external_task_marker_child', 'example_external_task_marker_parent' retrieved from /home/lborba/.cache/pypoetry/virtualenvs/airflow-tutorial-3ROeDTU8-py3.11/lib/python3.11/site-packages/airflow/example_dags/example_external_task_marker_dag.py
[2024-04-17T10:15:52.353-0300] {logging_mixin.py:188} INFO - [2024-04-17T10:15:52.353-0300] {dag.py:3096} INFO - Sync 2 DAGs
[2024-04-17T10:15:52.362-0300] {logging_mixin.py:188} INFO - [2024-04-17T10:15:52.361-0300] {dag.py:3954} INFO - Setting next_dagrun for example_external_task_marker_child to None, run_after=None
[2024-04-17T10:15:52.364-0300] {logging_mixin.py:188} INFO - [2024-04-17T10:15:52.364-0300] {dag.py:3954} INFO - Setting next_dagrun for example_external_task_marker_parent to None, run_after=None
[2024-04-17T10:15:52.379-0300] {processor.py:183} INFO - Processing /home/lborba/.cache/pypoetry/virtualenvs/airflow-tutorial-3ROeDTU8-py3.11/lib/python3.11/site-packages/airflow/example_dags/example_external_task_marker_dag.py took 0.062 seconds
[2024-04-17T10:16:32.869-0300] {processor.py:161} INFO - Started process (PID=27198) to work on /home/lborba/.cache/pypoetry/virtualenvs/airflow-tutorial-3ROeDTU8-py3.11/lib/python3.11/site-packages/airflow/example_dags/example_external_task_marker_dag.py
[2024-04-17T10:16:32.871-0300] {processor.py:830} INFO - Processing file /home/lborba/.cache/pypoetry/virtualenvs/airflow-tutorial-3ROeDTU8-py3.11/lib/python3.11/site-packages/airflow/example_dags/example_external_task_marker_dag.py for tasks to queue
[2024-04-17T10:16:32.872-0300] {logging_mixin.py:188} INFO - [2024-04-17T10:16:32.872-0300] {dagbag.py:540} INFO - Filling up the DagBag from /home/lborba/.cache/pypoetry/virtualenvs/airflow-tutorial-3ROeDTU8-py3.11/lib/python3.11/site-packages/airflow/example_dags/example_external_task_marker_dag.py
[2024-04-17T10:16:32.877-0300] {processor.py:840} INFO - DAG(s) 'example_external_task_marker_parent', 'example_external_task_marker_child' retrieved from /home/lborba/.cache/pypoetry/virtualenvs/airflow-tutorial-3ROeDTU8-py3.11/lib/python3.11/site-packages/airflow/example_dags/example_external_task_marker_dag.py
[2024-04-17T10:16:32.889-0300] {logging_mixin.py:188} INFO - [2024-04-17T10:16:32.889-0300] {dag.py:3096} INFO - Sync 2 DAGs
[2024-04-17T10:16:32.897-0300] {logging_mixin.py:188} INFO - [2024-04-17T10:16:32.896-0300] {dag.py:3954} INFO - Setting next_dagrun for example_external_task_marker_child to None, run_after=None
[2024-04-17T10:16:32.898-0300] {logging_mixin.py:188} INFO - [2024-04-17T10:16:32.898-0300] {dag.py:3954} INFO - Setting next_dagrun for example_external_task_marker_parent to None, run_after=None
[2024-04-17T10:16:32.914-0300] {processor.py:183} INFO - Processing /home/lborba/.cache/pypoetry/virtualenvs/airflow-tutorial-3ROeDTU8-py3.11/lib/python3.11/site-packages/airflow/example_dags/example_external_task_marker_dag.py took 0.048 seconds
[2024-04-17T10:17:14.002-0300] {processor.py:161} INFO - Started process (PID=27550) to work on /home/lborba/.cache/pypoetry/virtualenvs/airflow-tutorial-3ROeDTU8-py3.11/lib/python3.11/site-packages/airflow/example_dags/example_external_task_marker_dag.py
[2024-04-17T10:17:14.004-0300] {processor.py:830} INFO - Processing file /home/lborba/.cache/pypoetry/virtualenvs/airflow-tutorial-3ROeDTU8-py3.11/lib/python3.11/site-packages/airflow/example_dags/example_external_task_marker_dag.py for tasks to queue
[2024-04-17T10:17:14.006-0300] {logging_mixin.py:188} INFO - [2024-04-17T10:17:14.005-0300] {dagbag.py:540} INFO - Filling up the DagBag from /home/lborba/.cache/pypoetry/virtualenvs/airflow-tutorial-3ROeDTU8-py3.11/lib/python3.11/site-packages/airflow/example_dags/example_external_task_marker_dag.py
[2024-04-17T10:17:14.011-0300] {processor.py:840} INFO - DAG(s) 'example_external_task_marker_child', 'example_external_task_marker_parent' retrieved from /home/lborba/.cache/pypoetry/virtualenvs/airflow-tutorial-3ROeDTU8-py3.11/lib/python3.11/site-packages/airflow/example_dags/example_external_task_marker_dag.py
[2024-04-17T10:17:14.024-0300] {logging_mixin.py:188} INFO - [2024-04-17T10:17:14.023-0300] {dag.py:3096} INFO - Sync 2 DAGs
[2024-04-17T10:17:14.031-0300] {logging_mixin.py:188} INFO - [2024-04-17T10:17:14.031-0300] {dag.py:3954} INFO - Setting next_dagrun for example_external_task_marker_child to None, run_after=None
[2024-04-17T10:17:14.033-0300] {logging_mixin.py:188} INFO - [2024-04-17T10:17:14.033-0300] {dag.py:3954} INFO - Setting next_dagrun for example_external_task_marker_parent to None, run_after=None
[2024-04-17T10:17:14.055-0300] {processor.py:183} INFO - Processing /home/lborba/.cache/pypoetry/virtualenvs/airflow-tutorial-3ROeDTU8-py3.11/lib/python3.11/site-packages/airflow/example_dags/example_external_task_marker_dag.py took 0.058 seconds
[2024-04-17T10:17:51.886-0300] {processor.py:161} INFO - Started process (PID=27870) to work on /home/lborba/.cache/pypoetry/virtualenvs/airflow-tutorial-3ROeDTU8-py3.11/lib/python3.11/site-packages/airflow/example_dags/example_external_task_marker_dag.py
[2024-04-17T10:17:51.892-0300] {processor.py:830} INFO - Processing file /home/lborba/.cache/pypoetry/virtualenvs/airflow-tutorial-3ROeDTU8-py3.11/lib/python3.11/site-packages/airflow/example_dags/example_external_task_marker_dag.py for tasks to queue
[2024-04-17T10:17:51.893-0300] {logging_mixin.py:188} INFO - [2024-04-17T10:17:51.893-0300] {dagbag.py:540} INFO - Filling up the DagBag from /home/lborba/.cache/pypoetry/virtualenvs/airflow-tutorial-3ROeDTU8-py3.11/lib/python3.11/site-packages/airflow/example_dags/example_external_task_marker_dag.py
[2024-04-17T10:17:51.898-0300] {processor.py:840} INFO - DAG(s) 'example_external_task_marker_parent', 'example_external_task_marker_child' retrieved from /home/lborba/.cache/pypoetry/virtualenvs/airflow-tutorial-3ROeDTU8-py3.11/lib/python3.11/site-packages/airflow/example_dags/example_external_task_marker_dag.py
[2024-04-17T10:17:51.910-0300] {logging_mixin.py:188} INFO - [2024-04-17T10:17:51.910-0300] {dag.py:3096} INFO - Sync 2 DAGs
[2024-04-17T10:17:51.917-0300] {logging_mixin.py:188} INFO - [2024-04-17T10:17:51.917-0300] {dag.py:3954} INFO - Setting next_dagrun for example_external_task_marker_child to None, run_after=None
[2024-04-17T10:17:51.919-0300] {logging_mixin.py:188} INFO - [2024-04-17T10:17:51.919-0300] {dag.py:3954} INFO - Setting next_dagrun for example_external_task_marker_parent to None, run_after=None
[2024-04-17T10:17:51.937-0300] {processor.py:183} INFO - Processing /home/lborba/.cache/pypoetry/virtualenvs/airflow-tutorial-3ROeDTU8-py3.11/lib/python3.11/site-packages/airflow/example_dags/example_external_task_marker_dag.py took 0.055 seconds
[2024-04-17T10:18:32.099-0300] {processor.py:161} INFO - Started process (PID=28213) to work on /home/lborba/.cache/pypoetry/virtualenvs/airflow-tutorial-3ROeDTU8-py3.11/lib/python3.11/site-packages/airflow/example_dags/example_external_task_marker_dag.py
[2024-04-17T10:18:32.101-0300] {processor.py:830} INFO - Processing file /home/lborba/.cache/pypoetry/virtualenvs/airflow-tutorial-3ROeDTU8-py3.11/lib/python3.11/site-packages/airflow/example_dags/example_external_task_marker_dag.py for tasks to queue
[2024-04-17T10:18:32.102-0300] {logging_mixin.py:188} INFO - [2024-04-17T10:18:32.102-0300] {dagbag.py:540} INFO - Filling up the DagBag from /home/lborba/.cache/pypoetry/virtualenvs/airflow-tutorial-3ROeDTU8-py3.11/lib/python3.11/site-packages/airflow/example_dags/example_external_task_marker_dag.py
[2024-04-17T10:18:32.107-0300] {processor.py:840} INFO - DAG(s) 'example_external_task_marker_parent', 'example_external_task_marker_child' retrieved from /home/lborba/.cache/pypoetry/virtualenvs/airflow-tutorial-3ROeDTU8-py3.11/lib/python3.11/site-packages/airflow/example_dags/example_external_task_marker_dag.py
[2024-04-17T10:18:32.121-0300] {logging_mixin.py:188} INFO - [2024-04-17T10:18:32.121-0300] {dag.py:3096} INFO - Sync 2 DAGs
[2024-04-17T10:18:32.133-0300] {logging_mixin.py:188} INFO - [2024-04-17T10:18:32.133-0300] {dag.py:3954} INFO - Setting next_dagrun for example_external_task_marker_child to None, run_after=None
[2024-04-17T10:18:32.136-0300] {logging_mixin.py:188} INFO - [2024-04-17T10:18:32.135-0300] {dag.py:3954} INFO - Setting next_dagrun for example_external_task_marker_parent to None, run_after=None
[2024-04-17T10:18:32.152-0300] {processor.py:183} INFO - Processing /home/lborba/.cache/pypoetry/virtualenvs/airflow-tutorial-3ROeDTU8-py3.11/lib/python3.11/site-packages/airflow/example_dags/example_external_task_marker_dag.py took 0.057 seconds
[2024-04-17T10:19:12.812-0300] {processor.py:161} INFO - Started process (PID=28554) to work on /home/lborba/.cache/pypoetry/virtualenvs/airflow-tutorial-3ROeDTU8-py3.11/lib/python3.11/site-packages/airflow/example_dags/example_external_task_marker_dag.py
[2024-04-17T10:19:12.818-0300] {processor.py:830} INFO - Processing file /home/lborba/.cache/pypoetry/virtualenvs/airflow-tutorial-3ROeDTU8-py3.11/lib/python3.11/site-packages/airflow/example_dags/example_external_task_marker_dag.py for tasks to queue
[2024-04-17T10:19:12.819-0300] {logging_mixin.py:188} INFO - [2024-04-17T10:19:12.819-0300] {dagbag.py:540} INFO - Filling up the DagBag from /home/lborba/.cache/pypoetry/virtualenvs/airflow-tutorial-3ROeDTU8-py3.11/lib/python3.11/site-packages/airflow/example_dags/example_external_task_marker_dag.py
[2024-04-17T10:19:12.824-0300] {processor.py:840} INFO - DAG(s) 'example_external_task_marker_child', 'example_external_task_marker_parent' retrieved from /home/lborba/.cache/pypoetry/virtualenvs/airflow-tutorial-3ROeDTU8-py3.11/lib/python3.11/site-packages/airflow/example_dags/example_external_task_marker_dag.py
[2024-04-17T10:19:12.837-0300] {logging_mixin.py:188} INFO - [2024-04-17T10:19:12.837-0300] {dag.py:3096} INFO - Sync 2 DAGs
[2024-04-17T10:19:12.845-0300] {logging_mixin.py:188} INFO - [2024-04-17T10:19:12.845-0300] {dag.py:3954} INFO - Setting next_dagrun for example_external_task_marker_child to None, run_after=None
[2024-04-17T10:19:12.847-0300] {logging_mixin.py:188} INFO - [2024-04-17T10:19:12.847-0300] {dag.py:3954} INFO - Setting next_dagrun for example_external_task_marker_parent to None, run_after=None
[2024-04-17T10:19:12.863-0300] {processor.py:183} INFO - Processing /home/lborba/.cache/pypoetry/virtualenvs/airflow-tutorial-3ROeDTU8-py3.11/lib/python3.11/site-packages/airflow/example_dags/example_external_task_marker_dag.py took 0.056 seconds
[2024-04-17T10:19:52.801-0300] {processor.py:161} INFO - Started process (PID=28904) to work on /home/lborba/.cache/pypoetry/virtualenvs/airflow-tutorial-3ROeDTU8-py3.11/lib/python3.11/site-packages/airflow/example_dags/example_external_task_marker_dag.py
[2024-04-17T10:19:52.808-0300] {processor.py:830} INFO - Processing file /home/lborba/.cache/pypoetry/virtualenvs/airflow-tutorial-3ROeDTU8-py3.11/lib/python3.11/site-packages/airflow/example_dags/example_external_task_marker_dag.py for tasks to queue
[2024-04-17T10:19:52.809-0300] {logging_mixin.py:188} INFO - [2024-04-17T10:19:52.809-0300] {dagbag.py:540} INFO - Filling up the DagBag from /home/lborba/.cache/pypoetry/virtualenvs/airflow-tutorial-3ROeDTU8-py3.11/lib/python3.11/site-packages/airflow/example_dags/example_external_task_marker_dag.py
[2024-04-17T10:19:52.814-0300] {processor.py:840} INFO - DAG(s) 'example_external_task_marker_parent', 'example_external_task_marker_child' retrieved from /home/lborba/.cache/pypoetry/virtualenvs/airflow-tutorial-3ROeDTU8-py3.11/lib/python3.11/site-packages/airflow/example_dags/example_external_task_marker_dag.py
[2024-04-17T10:19:52.828-0300] {logging_mixin.py:188} INFO - [2024-04-17T10:19:52.828-0300] {dag.py:3096} INFO - Sync 2 DAGs
[2024-04-17T10:19:52.835-0300] {logging_mixin.py:188} INFO - [2024-04-17T10:19:52.835-0300] {dag.py:3954} INFO - Setting next_dagrun for example_external_task_marker_child to None, run_after=None
[2024-04-17T10:19:52.837-0300] {logging_mixin.py:188} INFO - [2024-04-17T10:19:52.837-0300] {dag.py:3954} INFO - Setting next_dagrun for example_external_task_marker_parent to None, run_after=None
[2024-04-17T10:19:52.854-0300] {processor.py:183} INFO - Processing /home/lborba/.cache/pypoetry/virtualenvs/airflow-tutorial-3ROeDTU8-py3.11/lib/python3.11/site-packages/airflow/example_dags/example_external_task_marker_dag.py took 0.058 seconds
[2024-04-17T10:20:40.469-0300] {processor.py:161} INFO - Started process (PID=29332) to work on /home/lborba/.cache/pypoetry/virtualenvs/airflow-tutorial-3ROeDTU8-py3.11/lib/python3.11/site-packages/airflow/example_dags/example_external_task_marker_dag.py
[2024-04-17T10:20:40.475-0300] {processor.py:830} INFO - Processing file /home/lborba/.cache/pypoetry/virtualenvs/airflow-tutorial-3ROeDTU8-py3.11/lib/python3.11/site-packages/airflow/example_dags/example_external_task_marker_dag.py for tasks to queue
[2024-04-17T10:20:40.476-0300] {logging_mixin.py:188} INFO - [2024-04-17T10:20:40.476-0300] {dagbag.py:540} INFO - Filling up the DagBag from /home/lborba/.cache/pypoetry/virtualenvs/airflow-tutorial-3ROeDTU8-py3.11/lib/python3.11/site-packages/airflow/example_dags/example_external_task_marker_dag.py
[2024-04-17T10:20:40.484-0300] {processor.py:840} INFO - DAG(s) 'example_external_task_marker_child', 'example_external_task_marker_parent' retrieved from /home/lborba/.cache/pypoetry/virtualenvs/airflow-tutorial-3ROeDTU8-py3.11/lib/python3.11/site-packages/airflow/example_dags/example_external_task_marker_dag.py
[2024-04-17T10:20:40.498-0300] {logging_mixin.py:188} INFO - [2024-04-17T10:20:40.498-0300] {dag.py:3096} INFO - Sync 2 DAGs
[2024-04-17T10:20:40.505-0300] {logging_mixin.py:188} INFO - [2024-04-17T10:20:40.505-0300] {dag.py:3954} INFO - Setting next_dagrun for example_external_task_marker_child to None, run_after=None
[2024-04-17T10:20:40.507-0300] {logging_mixin.py:188} INFO - [2024-04-17T10:20:40.507-0300] {dag.py:3954} INFO - Setting next_dagrun for example_external_task_marker_parent to None, run_after=None
[2024-04-17T10:20:40.523-0300] {processor.py:183} INFO - Processing /home/lborba/.cache/pypoetry/virtualenvs/airflow-tutorial-3ROeDTU8-py3.11/lib/python3.11/site-packages/airflow/example_dags/example_external_task_marker_dag.py took 0.059 seconds
[2024-04-17T10:21:21.498-0300] {processor.py:161} INFO - Started process (PID=29677) to work on /home/lborba/.cache/pypoetry/virtualenvs/airflow-tutorial-3ROeDTU8-py3.11/lib/python3.11/site-packages/airflow/example_dags/example_external_task_marker_dag.py
[2024-04-17T10:21:21.499-0300] {processor.py:830} INFO - Processing file /home/lborba/.cache/pypoetry/virtualenvs/airflow-tutorial-3ROeDTU8-py3.11/lib/python3.11/site-packages/airflow/example_dags/example_external_task_marker_dag.py for tasks to queue
[2024-04-17T10:21:21.500-0300] {logging_mixin.py:188} INFO - [2024-04-17T10:21:21.500-0300] {dagbag.py:540} INFO - Filling up the DagBag from /home/lborba/.cache/pypoetry/virtualenvs/airflow-tutorial-3ROeDTU8-py3.11/lib/python3.11/site-packages/airflow/example_dags/example_external_task_marker_dag.py
[2024-04-17T10:21:21.505-0300] {processor.py:840} INFO - DAG(s) 'example_external_task_marker_parent', 'example_external_task_marker_child' retrieved from /home/lborba/.cache/pypoetry/virtualenvs/airflow-tutorial-3ROeDTU8-py3.11/lib/python3.11/site-packages/airflow/example_dags/example_external_task_marker_dag.py
[2024-04-17T10:21:21.518-0300] {logging_mixin.py:188} INFO - [2024-04-17T10:21:21.518-0300] {dag.py:3096} INFO - Sync 2 DAGs
[2024-04-17T10:21:21.526-0300] {logging_mixin.py:188} INFO - [2024-04-17T10:21:21.526-0300] {dag.py:3954} INFO - Setting next_dagrun for example_external_task_marker_child to None, run_after=None
[2024-04-17T10:21:21.528-0300] {logging_mixin.py:188} INFO - [2024-04-17T10:21:21.528-0300] {dag.py:3954} INFO - Setting next_dagrun for example_external_task_marker_parent to None, run_after=None
[2024-04-17T10:21:21.543-0300] {processor.py:183} INFO - Processing /home/lborba/.cache/pypoetry/virtualenvs/airflow-tutorial-3ROeDTU8-py3.11/lib/python3.11/site-packages/airflow/example_dags/example_external_task_marker_dag.py took 0.050 seconds
[2024-04-17T10:21:59.455-0300] {processor.py:161} INFO - Started process (PID=30001) to work on /home/lborba/.cache/pypoetry/virtualenvs/airflow-tutorial-3ROeDTU8-py3.11/lib/python3.11/site-packages/airflow/example_dags/example_external_task_marker_dag.py
[2024-04-17T10:21:59.462-0300] {processor.py:830} INFO - Processing file /home/lborba/.cache/pypoetry/virtualenvs/airflow-tutorial-3ROeDTU8-py3.11/lib/python3.11/site-packages/airflow/example_dags/example_external_task_marker_dag.py for tasks to queue
[2024-04-17T10:21:59.463-0300] {logging_mixin.py:188} INFO - [2024-04-17T10:21:59.463-0300] {dagbag.py:540} INFO - Filling up the DagBag from /home/lborba/.cache/pypoetry/virtualenvs/airflow-tutorial-3ROeDTU8-py3.11/lib/python3.11/site-packages/airflow/example_dags/example_external_task_marker_dag.py
[2024-04-17T10:21:59.468-0300] {processor.py:840} INFO - DAG(s) 'example_external_task_marker_parent', 'example_external_task_marker_child' retrieved from /home/lborba/.cache/pypoetry/virtualenvs/airflow-tutorial-3ROeDTU8-py3.11/lib/python3.11/site-packages/airflow/example_dags/example_external_task_marker_dag.py
[2024-04-17T10:21:59.480-0300] {logging_mixin.py:188} INFO - [2024-04-17T10:21:59.480-0300] {dag.py:3096} INFO - Sync 2 DAGs
[2024-04-17T10:21:59.491-0300] {logging_mixin.py:188} INFO - [2024-04-17T10:21:59.491-0300] {dag.py:3954} INFO - Setting next_dagrun for example_external_task_marker_child to None, run_after=None
[2024-04-17T10:21:59.496-0300] {logging_mixin.py:188} INFO - [2024-04-17T10:21:59.496-0300] {dag.py:3954} INFO - Setting next_dagrun for example_external_task_marker_parent to None, run_after=None
[2024-04-17T10:21:59.514-0300] {processor.py:183} INFO - Processing /home/lborba/.cache/pypoetry/virtualenvs/airflow-tutorial-3ROeDTU8-py3.11/lib/python3.11/site-packages/airflow/example_dags/example_external_task_marker_dag.py took 0.063 seconds
[2024-04-17T10:22:38.041-0300] {processor.py:161} INFO - Started process (PID=30324) to work on /home/lborba/.cache/pypoetry/virtualenvs/airflow-tutorial-3ROeDTU8-py3.11/lib/python3.11/site-packages/airflow/example_dags/example_external_task_marker_dag.py
[2024-04-17T10:22:38.043-0300] {processor.py:830} INFO - Processing file /home/lborba/.cache/pypoetry/virtualenvs/airflow-tutorial-3ROeDTU8-py3.11/lib/python3.11/site-packages/airflow/example_dags/example_external_task_marker_dag.py for tasks to queue
[2024-04-17T10:22:38.044-0300] {logging_mixin.py:188} INFO - [2024-04-17T10:22:38.043-0300] {dagbag.py:540} INFO - Filling up the DagBag from /home/lborba/.cache/pypoetry/virtualenvs/airflow-tutorial-3ROeDTU8-py3.11/lib/python3.11/site-packages/airflow/example_dags/example_external_task_marker_dag.py
[2024-04-17T10:22:38.049-0300] {processor.py:840} INFO - DAG(s) 'example_external_task_marker_child', 'example_external_task_marker_parent' retrieved from /home/lborba/.cache/pypoetry/virtualenvs/airflow-tutorial-3ROeDTU8-py3.11/lib/python3.11/site-packages/airflow/example_dags/example_external_task_marker_dag.py
[2024-04-17T10:22:38.061-0300] {logging_mixin.py:188} INFO - [2024-04-17T10:22:38.061-0300] {dag.py:3096} INFO - Sync 2 DAGs
[2024-04-17T10:22:38.069-0300] {logging_mixin.py:188} INFO - [2024-04-17T10:22:38.069-0300] {dag.py:3954} INFO - Setting next_dagrun for example_external_task_marker_child to None, run_after=None
[2024-04-17T10:22:38.072-0300] {logging_mixin.py:188} INFO - [2024-04-17T10:22:38.071-0300] {dag.py:3954} INFO - Setting next_dagrun for example_external_task_marker_parent to None, run_after=None
[2024-04-17T10:22:38.087-0300] {processor.py:183} INFO - Processing /home/lborba/.cache/pypoetry/virtualenvs/airflow-tutorial-3ROeDTU8-py3.11/lib/python3.11/site-packages/airflow/example_dags/example_external_task_marker_dag.py took 0.050 seconds
[2024-04-17T10:23:18.172-0300] {processor.py:161} INFO - Started process (PID=30668) to work on /home/lborba/.cache/pypoetry/virtualenvs/airflow-tutorial-3ROeDTU8-py3.11/lib/python3.11/site-packages/airflow/example_dags/example_external_task_marker_dag.py
[2024-04-17T10:23:18.178-0300] {processor.py:830} INFO - Processing file /home/lborba/.cache/pypoetry/virtualenvs/airflow-tutorial-3ROeDTU8-py3.11/lib/python3.11/site-packages/airflow/example_dags/example_external_task_marker_dag.py for tasks to queue
[2024-04-17T10:23:18.179-0300] {logging_mixin.py:188} INFO - [2024-04-17T10:23:18.179-0300] {dagbag.py:540} INFO - Filling up the DagBag from /home/lborba/.cache/pypoetry/virtualenvs/airflow-tutorial-3ROeDTU8-py3.11/lib/python3.11/site-packages/airflow/example_dags/example_external_task_marker_dag.py
[2024-04-17T10:23:18.185-0300] {processor.py:840} INFO - DAG(s) 'example_external_task_marker_parent', 'example_external_task_marker_child' retrieved from /home/lborba/.cache/pypoetry/virtualenvs/airflow-tutorial-3ROeDTU8-py3.11/lib/python3.11/site-packages/airflow/example_dags/example_external_task_marker_dag.py
[2024-04-17T10:23:18.201-0300] {logging_mixin.py:188} INFO - [2024-04-17T10:23:18.200-0300] {dag.py:3096} INFO - Sync 2 DAGs
[2024-04-17T10:23:18.209-0300] {logging_mixin.py:188} INFO - [2024-04-17T10:23:18.209-0300] {dag.py:3954} INFO - Setting next_dagrun for example_external_task_marker_child to None, run_after=None
[2024-04-17T10:23:18.211-0300] {logging_mixin.py:188} INFO - [2024-04-17T10:23:18.211-0300] {dag.py:3954} INFO - Setting next_dagrun for example_external_task_marker_parent to None, run_after=None
[2024-04-17T10:23:18.228-0300] {processor.py:183} INFO - Processing /home/lborba/.cache/pypoetry/virtualenvs/airflow-tutorial-3ROeDTU8-py3.11/lib/python3.11/site-packages/airflow/example_dags/example_external_task_marker_dag.py took 0.061 seconds
[2024-04-17T10:23:57.252-0300] {processor.py:161} INFO - Started process (PID=30991) to work on /home/lborba/.cache/pypoetry/virtualenvs/airflow-tutorial-3ROeDTU8-py3.11/lib/python3.11/site-packages/airflow/example_dags/example_external_task_marker_dag.py
[2024-04-17T10:23:57.253-0300] {processor.py:830} INFO - Processing file /home/lborba/.cache/pypoetry/virtualenvs/airflow-tutorial-3ROeDTU8-py3.11/lib/python3.11/site-packages/airflow/example_dags/example_external_task_marker_dag.py for tasks to queue
[2024-04-17T10:23:57.254-0300] {logging_mixin.py:188} INFO - [2024-04-17T10:23:57.254-0300] {dagbag.py:540} INFO - Filling up the DagBag from /home/lborba/.cache/pypoetry/virtualenvs/airflow-tutorial-3ROeDTU8-py3.11/lib/python3.11/site-packages/airflow/example_dags/example_external_task_marker_dag.py
[2024-04-17T10:23:57.263-0300] {processor.py:840} INFO - DAG(s) 'example_external_task_marker_parent', 'example_external_task_marker_child' retrieved from /home/lborba/.cache/pypoetry/virtualenvs/airflow-tutorial-3ROeDTU8-py3.11/lib/python3.11/site-packages/airflow/example_dags/example_external_task_marker_dag.py
[2024-04-17T10:23:57.277-0300] {logging_mixin.py:188} INFO - [2024-04-17T10:23:57.277-0300] {dag.py:3096} INFO - Sync 2 DAGs
[2024-04-17T10:23:57.285-0300] {logging_mixin.py:188} INFO - [2024-04-17T10:23:57.285-0300] {dag.py:3954} INFO - Setting next_dagrun for example_external_task_marker_child to None, run_after=None
[2024-04-17T10:23:57.287-0300] {logging_mixin.py:188} INFO - [2024-04-17T10:23:57.287-0300] {dag.py:3954} INFO - Setting next_dagrun for example_external_task_marker_parent to None, run_after=None
[2024-04-17T10:23:57.303-0300] {processor.py:183} INFO - Processing /home/lborba/.cache/pypoetry/virtualenvs/airflow-tutorial-3ROeDTU8-py3.11/lib/python3.11/site-packages/airflow/example_dags/example_external_task_marker_dag.py took 0.056 seconds
[2024-04-17T10:24:34.243-0300] {processor.py:161} INFO - Started process (PID=31309) to work on /home/lborba/.cache/pypoetry/virtualenvs/airflow-tutorial-3ROeDTU8-py3.11/lib/python3.11/site-packages/airflow/example_dags/example_external_task_marker_dag.py
[2024-04-17T10:24:34.244-0300] {processor.py:830} INFO - Processing file /home/lborba/.cache/pypoetry/virtualenvs/airflow-tutorial-3ROeDTU8-py3.11/lib/python3.11/site-packages/airflow/example_dags/example_external_task_marker_dag.py for tasks to queue
[2024-04-17T10:24:34.245-0300] {logging_mixin.py:188} INFO - [2024-04-17T10:24:34.245-0300] {dagbag.py:540} INFO - Filling up the DagBag from /home/lborba/.cache/pypoetry/virtualenvs/airflow-tutorial-3ROeDTU8-py3.11/lib/python3.11/site-packages/airflow/example_dags/example_external_task_marker_dag.py
[2024-04-17T10:24:34.250-0300] {processor.py:840} INFO - DAG(s) 'example_external_task_marker_parent', 'example_external_task_marker_child' retrieved from /home/lborba/.cache/pypoetry/virtualenvs/airflow-tutorial-3ROeDTU8-py3.11/lib/python3.11/site-packages/airflow/example_dags/example_external_task_marker_dag.py
[2024-04-17T10:24:34.262-0300] {logging_mixin.py:188} INFO - [2024-04-17T10:24:34.261-0300] {dag.py:3096} INFO - Sync 2 DAGs
[2024-04-17T10:24:34.269-0300] {logging_mixin.py:188} INFO - [2024-04-17T10:24:34.269-0300] {dag.py:3954} INFO - Setting next_dagrun for example_external_task_marker_child to None, run_after=None
[2024-04-17T10:24:34.272-0300] {logging_mixin.py:188} INFO - [2024-04-17T10:24:34.272-0300] {dag.py:3954} INFO - Setting next_dagrun for example_external_task_marker_parent to None, run_after=None
[2024-04-17T10:24:34.288-0300] {processor.py:183} INFO - Processing /home/lborba/.cache/pypoetry/virtualenvs/airflow-tutorial-3ROeDTU8-py3.11/lib/python3.11/site-packages/airflow/example_dags/example_external_task_marker_dag.py took 0.049 seconds
