[2024-04-17T10:10:13.208-0300] {processor.py:161} INFO - Started process (PID=23106) to work on /home/lborba/.cache/pypoetry/virtualenvs/airflow-tutorial-3ROeDTU8-py3.11/lib/python3.11/site-packages/airflow/example_dags/example_xcom.py
[2024-04-17T10:10:13.209-0300] {processor.py:830} INFO - Processing file /home/lborba/.cache/pypoetry/virtualenvs/airflow-tutorial-3ROeDTU8-py3.11/lib/python3.11/site-packages/airflow/example_dags/example_xcom.py for tasks to queue
[2024-04-17T10:10:13.210-0300] {logging_mixin.py:188} INFO - [2024-04-17T10:10:13.209-0300] {dagbag.py:540} INFO - Filling up the DagBag from /home/lborba/.cache/pypoetry/virtualenvs/airflow-tutorial-3ROeDTU8-py3.11/lib/python3.11/site-packages/airflow/example_dags/example_xcom.py
[2024-04-17T10:10:13.217-0300] {processor.py:840} INFO - DAG(s) 'example_xcom' retrieved from /home/lborba/.cache/pypoetry/virtualenvs/airflow-tutorial-3ROeDTU8-py3.11/lib/python3.11/site-packages/airflow/example_dags/example_xcom.py
[2024-04-17T10:10:13.302-0300] {logging_mixin.py:188} INFO - [2024-04-17T10:10:13.301-0300] {override.py:1829} INFO - Created Permission View: can edit on DAG:example_xcom
[2024-04-17T10:10:13.314-0300] {logging_mixin.py:188} INFO - [2024-04-17T10:10:13.313-0300] {override.py:1829} INFO - Created Permission View: can delete on DAG:example_xcom
[2024-04-17T10:10:13.324-0300] {logging_mixin.py:188} INFO - [2024-04-17T10:10:13.324-0300] {override.py:1829} INFO - Created Permission View: can read on DAG:example_xcom
[2024-04-17T10:10:13.325-0300] {logging_mixin.py:188} INFO - [2024-04-17T10:10:13.325-0300] {dag.py:3096} INFO - Sync 1 DAGs
[2024-04-17T10:10:13.332-0300] {logging_mixin.py:188} INFO - [2024-04-17T10:10:13.331-0300] {dag.py:3118} INFO - Creating ORM DAG for example_xcom
[2024-04-17T10:10:13.339-0300] {logging_mixin.py:188} INFO - [2024-04-17T10:10:13.339-0300] {dag.py:3954} INFO - Setting next_dagrun for example_xcom to 2021-01-01 00:00:00+00:00, run_after=2021-01-01 00:00:00+00:00
[2024-04-17T10:10:13.361-0300] {processor.py:183} INFO - Processing /home/lborba/.cache/pypoetry/virtualenvs/airflow-tutorial-3ROeDTU8-py3.11/lib/python3.11/site-packages/airflow/example_dags/example_xcom.py took 0.157 seconds
[2024-04-17T10:11:07.097-0300] {processor.py:161} INFO - Started process (PID=23531) to work on /home/lborba/.cache/pypoetry/virtualenvs/airflow-tutorial-3ROeDTU8-py3.11/lib/python3.11/site-packages/airflow/example_dags/example_xcom.py
[2024-04-17T10:11:07.104-0300] {processor.py:830} INFO - Processing file /home/lborba/.cache/pypoetry/virtualenvs/airflow-tutorial-3ROeDTU8-py3.11/lib/python3.11/site-packages/airflow/example_dags/example_xcom.py for tasks to queue
[2024-04-17T10:11:07.106-0300] {logging_mixin.py:188} INFO - [2024-04-17T10:11:07.105-0300] {dagbag.py:540} INFO - Filling up the DagBag from /home/lborba/.cache/pypoetry/virtualenvs/airflow-tutorial-3ROeDTU8-py3.11/lib/python3.11/site-packages/airflow/example_dags/example_xcom.py
[2024-04-17T10:11:07.112-0300] {processor.py:840} INFO - DAG(s) 'example_xcom' retrieved from /home/lborba/.cache/pypoetry/virtualenvs/airflow-tutorial-3ROeDTU8-py3.11/lib/python3.11/site-packages/airflow/example_dags/example_xcom.py
[2024-04-17T10:11:07.125-0300] {logging_mixin.py:188} INFO - [2024-04-17T10:11:07.124-0300] {dag.py:3096} INFO - Sync 1 DAGs
[2024-04-17T10:11:07.138-0300] {logging_mixin.py:188} INFO - [2024-04-17T10:11:07.138-0300] {dag.py:3954} INFO - Setting next_dagrun for example_xcom to 2021-01-01 00:00:00+00:00, run_after=2021-01-01 00:00:00+00:00
[2024-04-17T10:11:07.156-0300] {processor.py:183} INFO - Processing /home/lborba/.cache/pypoetry/virtualenvs/airflow-tutorial-3ROeDTU8-py3.11/lib/python3.11/site-packages/airflow/example_dags/example_xcom.py took 0.064 seconds
[2024-04-17T10:11:56.233-0300] {processor.py:161} INFO - Started process (PID=23922) to work on /home/lborba/.cache/pypoetry/virtualenvs/airflow-tutorial-3ROeDTU8-py3.11/lib/python3.11/site-packages/airflow/example_dags/example_xcom.py
[2024-04-17T10:11:56.235-0300] {processor.py:830} INFO - Processing file /home/lborba/.cache/pypoetry/virtualenvs/airflow-tutorial-3ROeDTU8-py3.11/lib/python3.11/site-packages/airflow/example_dags/example_xcom.py for tasks to queue
[2024-04-17T10:11:56.236-0300] {logging_mixin.py:188} INFO - [2024-04-17T10:11:56.236-0300] {dagbag.py:540} INFO - Filling up the DagBag from /home/lborba/.cache/pypoetry/virtualenvs/airflow-tutorial-3ROeDTU8-py3.11/lib/python3.11/site-packages/airflow/example_dags/example_xcom.py
[2024-04-17T10:11:56.242-0300] {processor.py:840} INFO - DAG(s) 'example_xcom' retrieved from /home/lborba/.cache/pypoetry/virtualenvs/airflow-tutorial-3ROeDTU8-py3.11/lib/python3.11/site-packages/airflow/example_dags/example_xcom.py
[2024-04-17T10:11:56.254-0300] {logging_mixin.py:188} INFO - [2024-04-17T10:11:56.253-0300] {dag.py:3096} INFO - Sync 1 DAGs
[2024-04-17T10:11:56.268-0300] {logging_mixin.py:188} INFO - [2024-04-17T10:11:56.268-0300] {dag.py:3954} INFO - Setting next_dagrun for example_xcom to 2021-01-01 00:00:00+00:00, run_after=2021-01-01 00:00:00+00:00
[2024-04-17T10:11:56.285-0300] {processor.py:183} INFO - Processing /home/lborba/.cache/pypoetry/virtualenvs/airflow-tutorial-3ROeDTU8-py3.11/lib/python3.11/site-packages/airflow/example_dags/example_xcom.py took 0.056 seconds
[2024-04-17T10:12:47.434-0300] {processor.py:161} INFO - Started process (PID=24724) to work on /home/lborba/.cache/pypoetry/virtualenvs/airflow-tutorial-3ROeDTU8-py3.11/lib/python3.11/site-packages/airflow/example_dags/example_xcom.py
[2024-04-17T10:12:47.435-0300] {processor.py:830} INFO - Processing file /home/lborba/.cache/pypoetry/virtualenvs/airflow-tutorial-3ROeDTU8-py3.11/lib/python3.11/site-packages/airflow/example_dags/example_xcom.py for tasks to queue
[2024-04-17T10:12:47.436-0300] {logging_mixin.py:188} INFO - [2024-04-17T10:12:47.436-0300] {dagbag.py:540} INFO - Filling up the DagBag from /home/lborba/.cache/pypoetry/virtualenvs/airflow-tutorial-3ROeDTU8-py3.11/lib/python3.11/site-packages/airflow/example_dags/example_xcom.py
[2024-04-17T10:12:47.442-0300] {processor.py:840} INFO - DAG(s) 'example_xcom' retrieved from /home/lborba/.cache/pypoetry/virtualenvs/airflow-tutorial-3ROeDTU8-py3.11/lib/python3.11/site-packages/airflow/example_dags/example_xcom.py
[2024-04-17T10:12:47.456-0300] {logging_mixin.py:188} INFO - [2024-04-17T10:12:47.455-0300] {dag.py:3096} INFO - Sync 1 DAGs
[2024-04-17T10:12:47.469-0300] {logging_mixin.py:188} INFO - [2024-04-17T10:12:47.469-0300] {dag.py:3954} INFO - Setting next_dagrun for example_xcom to 2021-01-01 00:00:00+00:00, run_after=2021-01-01 00:00:00+00:00
[2024-04-17T10:12:47.486-0300] {processor.py:183} INFO - Processing /home/lborba/.cache/pypoetry/virtualenvs/airflow-tutorial-3ROeDTU8-py3.11/lib/python3.11/site-packages/airflow/example_dags/example_xcom.py took 0.056 seconds
[2024-04-17T10:13:33.949-0300] {processor.py:161} INFO - Started process (PID=25403) to work on /home/lborba/.cache/pypoetry/virtualenvs/airflow-tutorial-3ROeDTU8-py3.11/lib/python3.11/site-packages/airflow/example_dags/example_xcom.py
[2024-04-17T10:13:33.950-0300] {processor.py:830} INFO - Processing file /home/lborba/.cache/pypoetry/virtualenvs/airflow-tutorial-3ROeDTU8-py3.11/lib/python3.11/site-packages/airflow/example_dags/example_xcom.py for tasks to queue
[2024-04-17T10:13:33.951-0300] {logging_mixin.py:188} INFO - [2024-04-17T10:13:33.951-0300] {dagbag.py:540} INFO - Filling up the DagBag from /home/lborba/.cache/pypoetry/virtualenvs/airflow-tutorial-3ROeDTU8-py3.11/lib/python3.11/site-packages/airflow/example_dags/example_xcom.py
[2024-04-17T10:13:33.956-0300] {processor.py:840} INFO - DAG(s) 'example_xcom' retrieved from /home/lborba/.cache/pypoetry/virtualenvs/airflow-tutorial-3ROeDTU8-py3.11/lib/python3.11/site-packages/airflow/example_dags/example_xcom.py
[2024-04-17T10:13:33.967-0300] {logging_mixin.py:188} INFO - [2024-04-17T10:13:33.967-0300] {dag.py:3096} INFO - Sync 1 DAGs
[2024-04-17T10:13:33.986-0300] {logging_mixin.py:188} INFO - [2024-04-17T10:13:33.986-0300] {dag.py:3954} INFO - Setting next_dagrun for example_xcom to 2021-01-01 00:00:00+00:00, run_after=2021-01-01 00:00:00+00:00
[2024-04-17T10:13:34.008-0300] {processor.py:183} INFO - Processing /home/lborba/.cache/pypoetry/virtualenvs/airflow-tutorial-3ROeDTU8-py3.11/lib/python3.11/site-packages/airflow/example_dags/example_xcom.py took 0.064 seconds
[2024-04-17T10:14:14.885-0300] {processor.py:161} INFO - Started process (PID=25919) to work on /home/lborba/.cache/pypoetry/virtualenvs/airflow-tutorial-3ROeDTU8-py3.11/lib/python3.11/site-packages/airflow/example_dags/example_xcom.py
[2024-04-17T10:14:14.891-0300] {processor.py:830} INFO - Processing file /home/lborba/.cache/pypoetry/virtualenvs/airflow-tutorial-3ROeDTU8-py3.11/lib/python3.11/site-packages/airflow/example_dags/example_xcom.py for tasks to queue
[2024-04-17T10:14:14.893-0300] {logging_mixin.py:188} INFO - [2024-04-17T10:14:14.892-0300] {dagbag.py:540} INFO - Filling up the DagBag from /home/lborba/.cache/pypoetry/virtualenvs/airflow-tutorial-3ROeDTU8-py3.11/lib/python3.11/site-packages/airflow/example_dags/example_xcom.py
[2024-04-17T10:14:14.899-0300] {processor.py:840} INFO - DAG(s) 'example_xcom' retrieved from /home/lborba/.cache/pypoetry/virtualenvs/airflow-tutorial-3ROeDTU8-py3.11/lib/python3.11/site-packages/airflow/example_dags/example_xcom.py
[2024-04-17T10:14:14.912-0300] {logging_mixin.py:188} INFO - [2024-04-17T10:14:14.911-0300] {dag.py:3096} INFO - Sync 1 DAGs
[2024-04-17T10:14:14.925-0300] {logging_mixin.py:188} INFO - [2024-04-17T10:14:14.925-0300] {dag.py:3954} INFO - Setting next_dagrun for example_xcom to 2021-01-01 00:00:00+00:00, run_after=2021-01-01 00:00:00+00:00
[2024-04-17T10:14:14.943-0300] {processor.py:183} INFO - Processing /home/lborba/.cache/pypoetry/virtualenvs/airflow-tutorial-3ROeDTU8-py3.11/lib/python3.11/site-packages/airflow/example_dags/example_xcom.py took 0.066 seconds
[2024-04-17T10:15:13.057-0300] {processor.py:161} INFO - Started process (PID=26490) to work on /home/lborba/.cache/pypoetry/virtualenvs/airflow-tutorial-3ROeDTU8-py3.11/lib/python3.11/site-packages/airflow/example_dags/example_xcom.py
[2024-04-17T10:15:13.066-0300] {processor.py:830} INFO - Processing file /home/lborba/.cache/pypoetry/virtualenvs/airflow-tutorial-3ROeDTU8-py3.11/lib/python3.11/site-packages/airflow/example_dags/example_xcom.py for tasks to queue
[2024-04-17T10:15:13.070-0300] {logging_mixin.py:188} INFO - [2024-04-17T10:15:13.070-0300] {dagbag.py:540} INFO - Filling up the DagBag from /home/lborba/.cache/pypoetry/virtualenvs/airflow-tutorial-3ROeDTU8-py3.11/lib/python3.11/site-packages/airflow/example_dags/example_xcom.py
[2024-04-17T10:15:13.084-0300] {processor.py:840} INFO - DAG(s) 'example_xcom' retrieved from /home/lborba/.cache/pypoetry/virtualenvs/airflow-tutorial-3ROeDTU8-py3.11/lib/python3.11/site-packages/airflow/example_dags/example_xcom.py
[2024-04-17T10:15:13.097-0300] {logging_mixin.py:188} INFO - [2024-04-17T10:15:13.097-0300] {dag.py:3096} INFO - Sync 1 DAGs
[2024-04-17T10:15:13.200-0300] {logging_mixin.py:188} INFO - [2024-04-17T10:15:13.200-0300] {dag.py:3954} INFO - Setting next_dagrun for example_xcom to 2021-01-01 00:00:00+00:00, run_after=2021-01-01 00:00:00+00:00
[2024-04-17T10:15:13.215-0300] {processor.py:183} INFO - Processing /home/lborba/.cache/pypoetry/virtualenvs/airflow-tutorial-3ROeDTU8-py3.11/lib/python3.11/site-packages/airflow/example_dags/example_xcom.py took 0.166 seconds
[2024-04-17T10:15:53.905-0300] {processor.py:161} INFO - Started process (PID=26873) to work on /home/lborba/.cache/pypoetry/virtualenvs/airflow-tutorial-3ROeDTU8-py3.11/lib/python3.11/site-packages/airflow/example_dags/example_xcom.py
[2024-04-17T10:15:53.907-0300] {processor.py:830} INFO - Processing file /home/lborba/.cache/pypoetry/virtualenvs/airflow-tutorial-3ROeDTU8-py3.11/lib/python3.11/site-packages/airflow/example_dags/example_xcom.py for tasks to queue
[2024-04-17T10:15:53.908-0300] {logging_mixin.py:188} INFO - [2024-04-17T10:15:53.908-0300] {dagbag.py:540} INFO - Filling up the DagBag from /home/lborba/.cache/pypoetry/virtualenvs/airflow-tutorial-3ROeDTU8-py3.11/lib/python3.11/site-packages/airflow/example_dags/example_xcom.py
[2024-04-17T10:15:53.914-0300] {processor.py:840} INFO - DAG(s) 'example_xcom' retrieved from /home/lborba/.cache/pypoetry/virtualenvs/airflow-tutorial-3ROeDTU8-py3.11/lib/python3.11/site-packages/airflow/example_dags/example_xcom.py
[2024-04-17T10:15:53.926-0300] {logging_mixin.py:188} INFO - [2024-04-17T10:15:53.926-0300] {dag.py:3096} INFO - Sync 1 DAGs
[2024-04-17T10:15:53.941-0300] {logging_mixin.py:188} INFO - [2024-04-17T10:15:53.940-0300] {dag.py:3954} INFO - Setting next_dagrun for example_xcom to 2021-01-01 00:00:00+00:00, run_after=2021-01-01 00:00:00+00:00
[2024-04-17T10:15:53.959-0300] {processor.py:183} INFO - Processing /home/lborba/.cache/pypoetry/virtualenvs/airflow-tutorial-3ROeDTU8-py3.11/lib/python3.11/site-packages/airflow/example_dags/example_xcom.py took 0.059 seconds
[2024-04-17T10:16:34.319-0300] {processor.py:161} INFO - Started process (PID=27211) to work on /home/lborba/.cache/pypoetry/virtualenvs/airflow-tutorial-3ROeDTU8-py3.11/lib/python3.11/site-packages/airflow/example_dags/example_xcom.py
[2024-04-17T10:16:34.325-0300] {processor.py:830} INFO - Processing file /home/lborba/.cache/pypoetry/virtualenvs/airflow-tutorial-3ROeDTU8-py3.11/lib/python3.11/site-packages/airflow/example_dags/example_xcom.py for tasks to queue
[2024-04-17T10:16:34.327-0300] {logging_mixin.py:188} INFO - [2024-04-17T10:16:34.326-0300] {dagbag.py:540} INFO - Filling up the DagBag from /home/lborba/.cache/pypoetry/virtualenvs/airflow-tutorial-3ROeDTU8-py3.11/lib/python3.11/site-packages/airflow/example_dags/example_xcom.py
[2024-04-17T10:16:34.335-0300] {processor.py:840} INFO - DAG(s) 'example_xcom' retrieved from /home/lborba/.cache/pypoetry/virtualenvs/airflow-tutorial-3ROeDTU8-py3.11/lib/python3.11/site-packages/airflow/example_dags/example_xcom.py
[2024-04-17T10:16:34.358-0300] {logging_mixin.py:188} INFO - [2024-04-17T10:16:34.357-0300] {dag.py:3096} INFO - Sync 1 DAGs
[2024-04-17T10:16:34.372-0300] {logging_mixin.py:188} INFO - [2024-04-17T10:16:34.371-0300] {dag.py:3954} INFO - Setting next_dagrun for example_xcom to 2021-01-01 00:00:00+00:00, run_after=2021-01-01 00:00:00+00:00
[2024-04-17T10:16:34.389-0300] {processor.py:183} INFO - Processing /home/lborba/.cache/pypoetry/virtualenvs/airflow-tutorial-3ROeDTU8-py3.11/lib/python3.11/site-packages/airflow/example_dags/example_xcom.py took 0.075 seconds
[2024-04-17T10:17:14.847-0300] {processor.py:161} INFO - Started process (PID=27562) to work on /home/lborba/.cache/pypoetry/virtualenvs/airflow-tutorial-3ROeDTU8-py3.11/lib/python3.11/site-packages/airflow/example_dags/example_xcom.py
[2024-04-17T10:17:14.849-0300] {processor.py:830} INFO - Processing file /home/lborba/.cache/pypoetry/virtualenvs/airflow-tutorial-3ROeDTU8-py3.11/lib/python3.11/site-packages/airflow/example_dags/example_xcom.py for tasks to queue
[2024-04-17T10:17:14.850-0300] {logging_mixin.py:188} INFO - [2024-04-17T10:17:14.850-0300] {dagbag.py:540} INFO - Filling up the DagBag from /home/lborba/.cache/pypoetry/virtualenvs/airflow-tutorial-3ROeDTU8-py3.11/lib/python3.11/site-packages/airflow/example_dags/example_xcom.py
[2024-04-17T10:17:14.856-0300] {processor.py:840} INFO - DAG(s) 'example_xcom' retrieved from /home/lborba/.cache/pypoetry/virtualenvs/airflow-tutorial-3ROeDTU8-py3.11/lib/python3.11/site-packages/airflow/example_dags/example_xcom.py
[2024-04-17T10:17:14.868-0300] {logging_mixin.py:188} INFO - [2024-04-17T10:17:14.868-0300] {dag.py:3096} INFO - Sync 1 DAGs
[2024-04-17T10:17:14.880-0300] {logging_mixin.py:188} INFO - [2024-04-17T10:17:14.879-0300] {dag.py:3954} INFO - Setting next_dagrun for example_xcom to 2021-01-01 00:00:00+00:00, run_after=2021-01-01 00:00:00+00:00
[2024-04-17T10:17:14.896-0300] {processor.py:183} INFO - Processing /home/lborba/.cache/pypoetry/virtualenvs/airflow-tutorial-3ROeDTU8-py3.11/lib/python3.11/site-packages/airflow/example_dags/example_xcom.py took 0.053 seconds
[2024-04-17T10:17:53.724-0300] {processor.py:161} INFO - Started process (PID=27885) to work on /home/lborba/.cache/pypoetry/virtualenvs/airflow-tutorial-3ROeDTU8-py3.11/lib/python3.11/site-packages/airflow/example_dags/example_xcom.py
[2024-04-17T10:17:53.730-0300] {processor.py:830} INFO - Processing file /home/lborba/.cache/pypoetry/virtualenvs/airflow-tutorial-3ROeDTU8-py3.11/lib/python3.11/site-packages/airflow/example_dags/example_xcom.py for tasks to queue
[2024-04-17T10:17:53.732-0300] {logging_mixin.py:188} INFO - [2024-04-17T10:17:53.732-0300] {dagbag.py:540} INFO - Filling up the DagBag from /home/lborba/.cache/pypoetry/virtualenvs/airflow-tutorial-3ROeDTU8-py3.11/lib/python3.11/site-packages/airflow/example_dags/example_xcom.py
[2024-04-17T10:17:53.738-0300] {processor.py:840} INFO - DAG(s) 'example_xcom' retrieved from /home/lborba/.cache/pypoetry/virtualenvs/airflow-tutorial-3ROeDTU8-py3.11/lib/python3.11/site-packages/airflow/example_dags/example_xcom.py
[2024-04-17T10:17:53.749-0300] {logging_mixin.py:188} INFO - [2024-04-17T10:17:53.748-0300] {dag.py:3096} INFO - Sync 1 DAGs
[2024-04-17T10:17:53.761-0300] {logging_mixin.py:188} INFO - [2024-04-17T10:17:53.761-0300] {dag.py:3954} INFO - Setting next_dagrun for example_xcom to 2021-01-01 00:00:00+00:00, run_after=2021-01-01 00:00:00+00:00
[2024-04-17T10:17:53.782-0300] {processor.py:183} INFO - Processing /home/lborba/.cache/pypoetry/virtualenvs/airflow-tutorial-3ROeDTU8-py3.11/lib/python3.11/site-packages/airflow/example_dags/example_xcom.py took 0.062 seconds
[2024-04-17T10:18:34.372-0300] {processor.py:161} INFO - Started process (PID=28230) to work on /home/lborba/.cache/pypoetry/virtualenvs/airflow-tutorial-3ROeDTU8-py3.11/lib/python3.11/site-packages/airflow/example_dags/example_xcom.py
[2024-04-17T10:18:34.373-0300] {processor.py:830} INFO - Processing file /home/lborba/.cache/pypoetry/virtualenvs/airflow-tutorial-3ROeDTU8-py3.11/lib/python3.11/site-packages/airflow/example_dags/example_xcom.py for tasks to queue
[2024-04-17T10:18:34.374-0300] {logging_mixin.py:188} INFO - [2024-04-17T10:18:34.374-0300] {dagbag.py:540} INFO - Filling up the DagBag from /home/lborba/.cache/pypoetry/virtualenvs/airflow-tutorial-3ROeDTU8-py3.11/lib/python3.11/site-packages/airflow/example_dags/example_xcom.py
[2024-04-17T10:18:34.380-0300] {processor.py:840} INFO - DAG(s) 'example_xcom' retrieved from /home/lborba/.cache/pypoetry/virtualenvs/airflow-tutorial-3ROeDTU8-py3.11/lib/python3.11/site-packages/airflow/example_dags/example_xcom.py
[2024-04-17T10:18:34.392-0300] {logging_mixin.py:188} INFO - [2024-04-17T10:18:34.391-0300] {dag.py:3096} INFO - Sync 1 DAGs
[2024-04-17T10:18:34.403-0300] {logging_mixin.py:188} INFO - [2024-04-17T10:18:34.403-0300] {dag.py:3954} INFO - Setting next_dagrun for example_xcom to 2021-01-01 00:00:00+00:00, run_after=2021-01-01 00:00:00+00:00
[2024-04-17T10:18:34.420-0300] {processor.py:183} INFO - Processing /home/lborba/.cache/pypoetry/virtualenvs/airflow-tutorial-3ROeDTU8-py3.11/lib/python3.11/site-packages/airflow/example_dags/example_xcom.py took 0.052 seconds
[2024-04-17T10:19:14.265-0300] {processor.py:161} INFO - Started process (PID=28568) to work on /home/lborba/.cache/pypoetry/virtualenvs/airflow-tutorial-3ROeDTU8-py3.11/lib/python3.11/site-packages/airflow/example_dags/example_xcom.py
[2024-04-17T10:19:14.266-0300] {processor.py:830} INFO - Processing file /home/lborba/.cache/pypoetry/virtualenvs/airflow-tutorial-3ROeDTU8-py3.11/lib/python3.11/site-packages/airflow/example_dags/example_xcom.py for tasks to queue
[2024-04-17T10:19:14.267-0300] {logging_mixin.py:188} INFO - [2024-04-17T10:19:14.267-0300] {dagbag.py:540} INFO - Filling up the DagBag from /home/lborba/.cache/pypoetry/virtualenvs/airflow-tutorial-3ROeDTU8-py3.11/lib/python3.11/site-packages/airflow/example_dags/example_xcom.py
[2024-04-17T10:19:14.273-0300] {processor.py:840} INFO - DAG(s) 'example_xcom' retrieved from /home/lborba/.cache/pypoetry/virtualenvs/airflow-tutorial-3ROeDTU8-py3.11/lib/python3.11/site-packages/airflow/example_dags/example_xcom.py
[2024-04-17T10:19:14.285-0300] {logging_mixin.py:188} INFO - [2024-04-17T10:19:14.285-0300] {dag.py:3096} INFO - Sync 1 DAGs
[2024-04-17T10:19:14.298-0300] {logging_mixin.py:188} INFO - [2024-04-17T10:19:14.298-0300] {dag.py:3954} INFO - Setting next_dagrun for example_xcom to 2021-01-01 00:00:00+00:00, run_after=2021-01-01 00:00:00+00:00
[2024-04-17T10:19:14.316-0300] {processor.py:183} INFO - Processing /home/lborba/.cache/pypoetry/virtualenvs/airflow-tutorial-3ROeDTU8-py3.11/lib/python3.11/site-packages/airflow/example_dags/example_xcom.py took 0.055 seconds
[2024-04-17T10:19:54.176-0300] {processor.py:161} INFO - Started process (PID=28937) to work on /home/lborba/.cache/pypoetry/virtualenvs/airflow-tutorial-3ROeDTU8-py3.11/lib/python3.11/site-packages/airflow/example_dags/example_xcom.py
[2024-04-17T10:19:54.178-0300] {processor.py:830} INFO - Processing file /home/lborba/.cache/pypoetry/virtualenvs/airflow-tutorial-3ROeDTU8-py3.11/lib/python3.11/site-packages/airflow/example_dags/example_xcom.py for tasks to queue
[2024-04-17T10:19:54.179-0300] {logging_mixin.py:188} INFO - [2024-04-17T10:19:54.179-0300] {dagbag.py:540} INFO - Filling up the DagBag from /home/lborba/.cache/pypoetry/virtualenvs/airflow-tutorial-3ROeDTU8-py3.11/lib/python3.11/site-packages/airflow/example_dags/example_xcom.py
[2024-04-17T10:19:54.185-0300] {processor.py:840} INFO - DAG(s) 'example_xcom' retrieved from /home/lborba/.cache/pypoetry/virtualenvs/airflow-tutorial-3ROeDTU8-py3.11/lib/python3.11/site-packages/airflow/example_dags/example_xcom.py
[2024-04-17T10:19:54.197-0300] {logging_mixin.py:188} INFO - [2024-04-17T10:19:54.197-0300] {dag.py:3096} INFO - Sync 1 DAGs
[2024-04-17T10:19:54.211-0300] {logging_mixin.py:188} INFO - [2024-04-17T10:19:54.210-0300] {dag.py:3954} INFO - Setting next_dagrun for example_xcom to 2021-01-01 00:00:00+00:00, run_after=2021-01-01 00:00:00+00:00
[2024-04-17T10:19:54.229-0300] {processor.py:183} INFO - Processing /home/lborba/.cache/pypoetry/virtualenvs/airflow-tutorial-3ROeDTU8-py3.11/lib/python3.11/site-packages/airflow/example_dags/example_xcom.py took 0.058 seconds
[2024-04-17T10:20:48.696-0300] {processor.py:161} INFO - Started process (PID=29404) to work on /home/lborba/.cache/pypoetry/virtualenvs/airflow-tutorial-3ROeDTU8-py3.11/lib/python3.11/site-packages/airflow/example_dags/example_xcom.py
[2024-04-17T10:20:48.703-0300] {processor.py:830} INFO - Processing file /home/lborba/.cache/pypoetry/virtualenvs/airflow-tutorial-3ROeDTU8-py3.11/lib/python3.11/site-packages/airflow/example_dags/example_xcom.py for tasks to queue
[2024-04-17T10:20:48.704-0300] {logging_mixin.py:188} INFO - [2024-04-17T10:20:48.704-0300] {dagbag.py:540} INFO - Filling up the DagBag from /home/lborba/.cache/pypoetry/virtualenvs/airflow-tutorial-3ROeDTU8-py3.11/lib/python3.11/site-packages/airflow/example_dags/example_xcom.py
[2024-04-17T10:20:48.709-0300] {processor.py:840} INFO - DAG(s) 'example_xcom' retrieved from /home/lborba/.cache/pypoetry/virtualenvs/airflow-tutorial-3ROeDTU8-py3.11/lib/python3.11/site-packages/airflow/example_dags/example_xcom.py
[2024-04-17T10:20:48.722-0300] {logging_mixin.py:188} INFO - [2024-04-17T10:20:48.721-0300] {dag.py:3096} INFO - Sync 1 DAGs
[2024-04-17T10:20:48.734-0300] {logging_mixin.py:188} INFO - [2024-04-17T10:20:48.733-0300] {dag.py:3954} INFO - Setting next_dagrun for example_xcom to 2021-01-01 00:00:00+00:00, run_after=2021-01-01 00:00:00+00:00
[2024-04-17T10:20:48.751-0300] {processor.py:183} INFO - Processing /home/lborba/.cache/pypoetry/virtualenvs/airflow-tutorial-3ROeDTU8-py3.11/lib/python3.11/site-packages/airflow/example_dags/example_xcom.py took 0.058 seconds
[2024-04-17T10:21:29.118-0300] {processor.py:161} INFO - Started process (PID=29742) to work on /home/lborba/.cache/pypoetry/virtualenvs/airflow-tutorial-3ROeDTU8-py3.11/lib/python3.11/site-packages/airflow/example_dags/example_xcom.py
[2024-04-17T10:21:29.124-0300] {processor.py:830} INFO - Processing file /home/lborba/.cache/pypoetry/virtualenvs/airflow-tutorial-3ROeDTU8-py3.11/lib/python3.11/site-packages/airflow/example_dags/example_xcom.py for tasks to queue
[2024-04-17T10:21:29.127-0300] {logging_mixin.py:188} INFO - [2024-04-17T10:21:29.127-0300] {dagbag.py:540} INFO - Filling up the DagBag from /home/lborba/.cache/pypoetry/virtualenvs/airflow-tutorial-3ROeDTU8-py3.11/lib/python3.11/site-packages/airflow/example_dags/example_xcom.py
[2024-04-17T10:21:29.134-0300] {processor.py:840} INFO - DAG(s) 'example_xcom' retrieved from /home/lborba/.cache/pypoetry/virtualenvs/airflow-tutorial-3ROeDTU8-py3.11/lib/python3.11/site-packages/airflow/example_dags/example_xcom.py
[2024-04-17T10:21:29.146-0300] {logging_mixin.py:188} INFO - [2024-04-17T10:21:29.146-0300] {dag.py:3096} INFO - Sync 1 DAGs
[2024-04-17T10:21:29.159-0300] {logging_mixin.py:188} INFO - [2024-04-17T10:21:29.158-0300] {dag.py:3954} INFO - Setting next_dagrun for example_xcom to 2021-01-01 00:00:00+00:00, run_after=2021-01-01 00:00:00+00:00
[2024-04-17T10:21:29.178-0300] {processor.py:183} INFO - Processing /home/lborba/.cache/pypoetry/virtualenvs/airflow-tutorial-3ROeDTU8-py3.11/lib/python3.11/site-packages/airflow/example_dags/example_xcom.py took 0.065 seconds
[2024-04-17T10:22:07.806-0300] {processor.py:161} INFO - Started process (PID=30073) to work on /home/lborba/.cache/pypoetry/virtualenvs/airflow-tutorial-3ROeDTU8-py3.11/lib/python3.11/site-packages/airflow/example_dags/example_xcom.py
[2024-04-17T10:22:07.810-0300] {processor.py:830} INFO - Processing file /home/lborba/.cache/pypoetry/virtualenvs/airflow-tutorial-3ROeDTU8-py3.11/lib/python3.11/site-packages/airflow/example_dags/example_xcom.py for tasks to queue
[2024-04-17T10:22:07.811-0300] {logging_mixin.py:188} INFO - [2024-04-17T10:22:07.811-0300] {dagbag.py:540} INFO - Filling up the DagBag from /home/lborba/.cache/pypoetry/virtualenvs/airflow-tutorial-3ROeDTU8-py3.11/lib/python3.11/site-packages/airflow/example_dags/example_xcom.py
[2024-04-17T10:22:07.817-0300] {processor.py:840} INFO - DAG(s) 'example_xcom' retrieved from /home/lborba/.cache/pypoetry/virtualenvs/airflow-tutorial-3ROeDTU8-py3.11/lib/python3.11/site-packages/airflow/example_dags/example_xcom.py
[2024-04-17T10:22:07.830-0300] {logging_mixin.py:188} INFO - [2024-04-17T10:22:07.830-0300] {dag.py:3096} INFO - Sync 1 DAGs
[2024-04-17T10:22:07.844-0300] {logging_mixin.py:188} INFO - [2024-04-17T10:22:07.843-0300] {dag.py:3954} INFO - Setting next_dagrun for example_xcom to 2021-01-01 00:00:00+00:00, run_after=2021-01-01 00:00:00+00:00
[2024-04-17T10:22:07.862-0300] {processor.py:183} INFO - Processing /home/lborba/.cache/pypoetry/virtualenvs/airflow-tutorial-3ROeDTU8-py3.11/lib/python3.11/site-packages/airflow/example_dags/example_xcom.py took 0.060 seconds
[2024-04-17T10:22:48.439-0300] {processor.py:161} INFO - Started process (PID=30411) to work on /home/lborba/.cache/pypoetry/virtualenvs/airflow-tutorial-3ROeDTU8-py3.11/lib/python3.11/site-packages/airflow/example_dags/example_xcom.py
[2024-04-17T10:22:48.446-0300] {processor.py:830} INFO - Processing file /home/lborba/.cache/pypoetry/virtualenvs/airflow-tutorial-3ROeDTU8-py3.11/lib/python3.11/site-packages/airflow/example_dags/example_xcom.py for tasks to queue
[2024-04-17T10:22:48.447-0300] {logging_mixin.py:188} INFO - [2024-04-17T10:22:48.447-0300] {dagbag.py:540} INFO - Filling up the DagBag from /home/lborba/.cache/pypoetry/virtualenvs/airflow-tutorial-3ROeDTU8-py3.11/lib/python3.11/site-packages/airflow/example_dags/example_xcom.py
[2024-04-17T10:22:48.453-0300] {processor.py:840} INFO - DAG(s) 'example_xcom' retrieved from /home/lborba/.cache/pypoetry/virtualenvs/airflow-tutorial-3ROeDTU8-py3.11/lib/python3.11/site-packages/airflow/example_dags/example_xcom.py
[2024-04-17T10:22:48.468-0300] {logging_mixin.py:188} INFO - [2024-04-17T10:22:48.467-0300] {dag.py:3096} INFO - Sync 1 DAGs
[2024-04-17T10:22:48.482-0300] {logging_mixin.py:188} INFO - [2024-04-17T10:22:48.481-0300] {dag.py:3954} INFO - Setting next_dagrun for example_xcom to 2021-01-01 00:00:00+00:00, run_after=2021-01-01 00:00:00+00:00
[2024-04-17T10:22:48.499-0300] {processor.py:183} INFO - Processing /home/lborba/.cache/pypoetry/virtualenvs/airflow-tutorial-3ROeDTU8-py3.11/lib/python3.11/site-packages/airflow/example_dags/example_xcom.py took 0.066 seconds
[2024-04-17T10:23:45.821-0300] {processor.py:161} INFO - Started process (PID=30898) to work on /home/lborba/.cache/pypoetry/virtualenvs/airflow-tutorial-3ROeDTU8-py3.11/lib/python3.11/site-packages/airflow/example_dags/example_xcom.py
[2024-04-17T10:23:45.828-0300] {processor.py:830} INFO - Processing file /home/lborba/.cache/pypoetry/virtualenvs/airflow-tutorial-3ROeDTU8-py3.11/lib/python3.11/site-packages/airflow/example_dags/example_xcom.py for tasks to queue
[2024-04-17T10:23:45.829-0300] {logging_mixin.py:188} INFO - [2024-04-17T10:23:45.829-0300] {dagbag.py:540} INFO - Filling up the DagBag from /home/lborba/.cache/pypoetry/virtualenvs/airflow-tutorial-3ROeDTU8-py3.11/lib/python3.11/site-packages/airflow/example_dags/example_xcom.py
[2024-04-17T10:23:45.837-0300] {processor.py:840} INFO - DAG(s) 'example_xcom' retrieved from /home/lborba/.cache/pypoetry/virtualenvs/airflow-tutorial-3ROeDTU8-py3.11/lib/python3.11/site-packages/airflow/example_dags/example_xcom.py
[2024-04-17T10:23:45.850-0300] {logging_mixin.py:188} INFO - [2024-04-17T10:23:45.850-0300] {dag.py:3096} INFO - Sync 1 DAGs
[2024-04-17T10:23:45.862-0300] {logging_mixin.py:188} INFO - [2024-04-17T10:23:45.862-0300] {dag.py:3954} INFO - Setting next_dagrun for example_xcom to 2021-01-01 00:00:00+00:00, run_after=2021-01-01 00:00:00+00:00
[2024-04-17T10:23:45.879-0300] {processor.py:183} INFO - Processing /home/lborba/.cache/pypoetry/virtualenvs/airflow-tutorial-3ROeDTU8-py3.11/lib/python3.11/site-packages/airflow/example_dags/example_xcom.py took 0.062 seconds
[2024-04-17T10:24:25.099-0300] {processor.py:161} INFO - Started process (PID=31231) to work on /home/lborba/.cache/pypoetry/virtualenvs/airflow-tutorial-3ROeDTU8-py3.11/lib/python3.11/site-packages/airflow/example_dags/example_xcom.py
[2024-04-17T10:24:25.106-0300] {processor.py:830} INFO - Processing file /home/lborba/.cache/pypoetry/virtualenvs/airflow-tutorial-3ROeDTU8-py3.11/lib/python3.11/site-packages/airflow/example_dags/example_xcom.py for tasks to queue
[2024-04-17T10:24:25.107-0300] {logging_mixin.py:188} INFO - [2024-04-17T10:24:25.107-0300] {dagbag.py:540} INFO - Filling up the DagBag from /home/lborba/.cache/pypoetry/virtualenvs/airflow-tutorial-3ROeDTU8-py3.11/lib/python3.11/site-packages/airflow/example_dags/example_xcom.py
[2024-04-17T10:24:25.113-0300] {processor.py:840} INFO - DAG(s) 'example_xcom' retrieved from /home/lborba/.cache/pypoetry/virtualenvs/airflow-tutorial-3ROeDTU8-py3.11/lib/python3.11/site-packages/airflow/example_dags/example_xcom.py
[2024-04-17T10:24:25.128-0300] {logging_mixin.py:188} INFO - [2024-04-17T10:24:25.127-0300] {dag.py:3096} INFO - Sync 1 DAGs
[2024-04-17T10:24:25.147-0300] {logging_mixin.py:188} INFO - [2024-04-17T10:24:25.147-0300] {dag.py:3954} INFO - Setting next_dagrun for example_xcom to 2021-01-01 00:00:00+00:00, run_after=2021-01-01 00:00:00+00:00
[2024-04-17T10:24:25.167-0300] {processor.py:183} INFO - Processing /home/lborba/.cache/pypoetry/virtualenvs/airflow-tutorial-3ROeDTU8-py3.11/lib/python3.11/site-packages/airflow/example_dags/example_xcom.py took 0.072 seconds
