[2024-04-17T10:10:32.897-0300] {processor.py:161} INFO - Started process (PID=23261) to work on /home/lborba/.cache/pypoetry/virtualenvs/airflow-tutorial-3ROeDTU8-py3.11/lib/python3.11/site-packages/airflow/example_dags/example_time_delta_sensor_async.py
[2024-04-17T10:10:32.898-0300] {processor.py:830} INFO - Processing file /home/lborba/.cache/pypoetry/virtualenvs/airflow-tutorial-3ROeDTU8-py3.11/lib/python3.11/site-packages/airflow/example_dags/example_time_delta_sensor_async.py for tasks to queue
[2024-04-17T10:10:32.899-0300] {logging_mixin.py:188} INFO - [2024-04-17T10:10:32.899-0300] {dagbag.py:540} INFO - Filling up the DagBag from /home/lborba/.cache/pypoetry/virtualenvs/airflow-tutorial-3ROeDTU8-py3.11/lib/python3.11/site-packages/airflow/example_dags/example_time_delta_sensor_async.py
[2024-04-17T10:10:32.905-0300] {processor.py:840} INFO - DAG(s) 'example_time_delta_sensor_async' retrieved from /home/lborba/.cache/pypoetry/virtualenvs/airflow-tutorial-3ROeDTU8-py3.11/lib/python3.11/site-packages/airflow/example_dags/example_time_delta_sensor_async.py
[2024-04-17T10:10:32.982-0300] {logging_mixin.py:188} INFO - [2024-04-17T10:10:32.981-0300] {override.py:1829} INFO - Created Permission View: can edit on DAG:example_time_delta_sensor_async
[2024-04-17T10:10:32.992-0300] {logging_mixin.py:188} INFO - [2024-04-17T10:10:32.991-0300] {override.py:1829} INFO - Created Permission View: can delete on DAG:example_time_delta_sensor_async
[2024-04-17T10:10:32.999-0300] {logging_mixin.py:188} INFO - [2024-04-17T10:10:32.999-0300] {override.py:1829} INFO - Created Permission View: can read on DAG:example_time_delta_sensor_async
[2024-04-17T10:10:33.000-0300] {logging_mixin.py:188} INFO - [2024-04-17T10:10:33.000-0300] {dag.py:3096} INFO - Sync 1 DAGs
[2024-04-17T10:10:33.007-0300] {logging_mixin.py:188} INFO - [2024-04-17T10:10:33.007-0300] {dag.py:3118} INFO - Creating ORM DAG for example_time_delta_sensor_async
[2024-04-17T10:10:33.008-0300] {logging_mixin.py:188} INFO - [2024-04-17T10:10:33.007-0300] {dag.py:3954} INFO - Setting next_dagrun for example_time_delta_sensor_async to None, run_after=None
[2024-04-17T10:10:33.026-0300] {processor.py:183} INFO - Processing /home/lborba/.cache/pypoetry/virtualenvs/airflow-tutorial-3ROeDTU8-py3.11/lib/python3.11/site-packages/airflow/example_dags/example_time_delta_sensor_async.py took 0.132 seconds
[2024-04-17T10:11:23.896-0300] {processor.py:161} INFO - Started process (PID=23666) to work on /home/lborba/.cache/pypoetry/virtualenvs/airflow-tutorial-3ROeDTU8-py3.11/lib/python3.11/site-packages/airflow/example_dags/example_time_delta_sensor_async.py
[2024-04-17T10:11:23.902-0300] {processor.py:830} INFO - Processing file /home/lborba/.cache/pypoetry/virtualenvs/airflow-tutorial-3ROeDTU8-py3.11/lib/python3.11/site-packages/airflow/example_dags/example_time_delta_sensor_async.py for tasks to queue
[2024-04-17T10:11:23.903-0300] {logging_mixin.py:188} INFO - [2024-04-17T10:11:23.903-0300] {dagbag.py:540} INFO - Filling up the DagBag from /home/lborba/.cache/pypoetry/virtualenvs/airflow-tutorial-3ROeDTU8-py3.11/lib/python3.11/site-packages/airflow/example_dags/example_time_delta_sensor_async.py
[2024-04-17T10:11:23.906-0300] {processor.py:840} INFO - DAG(s) 'example_time_delta_sensor_async' retrieved from /home/lborba/.cache/pypoetry/virtualenvs/airflow-tutorial-3ROeDTU8-py3.11/lib/python3.11/site-packages/airflow/example_dags/example_time_delta_sensor_async.py
[2024-04-17T10:11:23.916-0300] {logging_mixin.py:188} INFO - [2024-04-17T10:11:23.916-0300] {dag.py:3096} INFO - Sync 1 DAGs
[2024-04-17T10:11:23.924-0300] {logging_mixin.py:188} INFO - [2024-04-17T10:11:23.924-0300] {dag.py:3954} INFO - Setting next_dagrun for example_time_delta_sensor_async to None, run_after=None
[2024-04-17T10:11:23.942-0300] {processor.py:183} INFO - Processing /home/lborba/.cache/pypoetry/virtualenvs/airflow-tutorial-3ROeDTU8-py3.11/lib/python3.11/site-packages/airflow/example_dags/example_time_delta_sensor_async.py took 0.050 seconds
[2024-04-17T10:12:31.017-0300] {processor.py:161} INFO - Started process (PID=24448) to work on /home/lborba/.cache/pypoetry/virtualenvs/airflow-tutorial-3ROeDTU8-py3.11/lib/python3.11/site-packages/airflow/example_dags/example_time_delta_sensor_async.py
[2024-04-17T10:12:31.018-0300] {processor.py:830} INFO - Processing file /home/lborba/.cache/pypoetry/virtualenvs/airflow-tutorial-3ROeDTU8-py3.11/lib/python3.11/site-packages/airflow/example_dags/example_time_delta_sensor_async.py for tasks to queue
[2024-04-17T10:12:31.020-0300] {logging_mixin.py:188} INFO - [2024-04-17T10:12:31.019-0300] {dagbag.py:540} INFO - Filling up the DagBag from /home/lborba/.cache/pypoetry/virtualenvs/airflow-tutorial-3ROeDTU8-py3.11/lib/python3.11/site-packages/airflow/example_dags/example_time_delta_sensor_async.py
[2024-04-17T10:12:31.025-0300] {processor.py:840} INFO - DAG(s) 'example_time_delta_sensor_async' retrieved from /home/lborba/.cache/pypoetry/virtualenvs/airflow-tutorial-3ROeDTU8-py3.11/lib/python3.11/site-packages/airflow/example_dags/example_time_delta_sensor_async.py
[2024-04-17T10:12:31.037-0300] {logging_mixin.py:188} INFO - [2024-04-17T10:12:31.037-0300] {dag.py:3096} INFO - Sync 1 DAGs
[2024-04-17T10:12:31.047-0300] {logging_mixin.py:188} INFO - [2024-04-17T10:12:31.046-0300] {dag.py:3954} INFO - Setting next_dagrun for example_time_delta_sensor_async to None, run_after=None
[2024-04-17T10:12:31.065-0300] {processor.py:183} INFO - Processing /home/lborba/.cache/pypoetry/virtualenvs/airflow-tutorial-3ROeDTU8-py3.11/lib/python3.11/site-packages/airflow/example_dags/example_time_delta_sensor_async.py took 0.052 seconds
[2024-04-17T10:13:20.794-0300] {processor.py:161} INFO - Started process (PID=25265) to work on /home/lborba/.cache/pypoetry/virtualenvs/airflow-tutorial-3ROeDTU8-py3.11/lib/python3.11/site-packages/airflow/example_dags/example_time_delta_sensor_async.py
[2024-04-17T10:13:20.796-0300] {processor.py:830} INFO - Processing file /home/lborba/.cache/pypoetry/virtualenvs/airflow-tutorial-3ROeDTU8-py3.11/lib/python3.11/site-packages/airflow/example_dags/example_time_delta_sensor_async.py for tasks to queue
[2024-04-17T10:13:20.797-0300] {logging_mixin.py:188} INFO - [2024-04-17T10:13:20.796-0300] {dagbag.py:540} INFO - Filling up the DagBag from /home/lborba/.cache/pypoetry/virtualenvs/airflow-tutorial-3ROeDTU8-py3.11/lib/python3.11/site-packages/airflow/example_dags/example_time_delta_sensor_async.py
[2024-04-17T10:13:20.800-0300] {processor.py:840} INFO - DAG(s) 'example_time_delta_sensor_async' retrieved from /home/lborba/.cache/pypoetry/virtualenvs/airflow-tutorial-3ROeDTU8-py3.11/lib/python3.11/site-packages/airflow/example_dags/example_time_delta_sensor_async.py
[2024-04-17T10:13:20.815-0300] {logging_mixin.py:188} INFO - [2024-04-17T10:13:20.815-0300] {dag.py:3096} INFO - Sync 1 DAGs
[2024-04-17T10:13:20.822-0300] {logging_mixin.py:188} INFO - [2024-04-17T10:13:20.822-0300] {dag.py:3954} INFO - Setting next_dagrun for example_time_delta_sensor_async to None, run_after=None
[2024-04-17T10:13:20.842-0300] {processor.py:183} INFO - Processing /home/lborba/.cache/pypoetry/virtualenvs/airflow-tutorial-3ROeDTU8-py3.11/lib/python3.11/site-packages/airflow/example_dags/example_time_delta_sensor_async.py took 0.052 seconds
[2024-04-17T10:14:21.166-0300] {processor.py:161} INFO - Started process (PID=25972) to work on /home/lborba/.cache/pypoetry/virtualenvs/airflow-tutorial-3ROeDTU8-py3.11/lib/python3.11/site-packages/airflow/example_dags/example_time_delta_sensor_async.py
[2024-04-17T10:14:21.168-0300] {processor.py:830} INFO - Processing file /home/lborba/.cache/pypoetry/virtualenvs/airflow-tutorial-3ROeDTU8-py3.11/lib/python3.11/site-packages/airflow/example_dags/example_time_delta_sensor_async.py for tasks to queue
[2024-04-17T10:14:21.169-0300] {logging_mixin.py:188} INFO - [2024-04-17T10:14:21.169-0300] {dagbag.py:540} INFO - Filling up the DagBag from /home/lborba/.cache/pypoetry/virtualenvs/airflow-tutorial-3ROeDTU8-py3.11/lib/python3.11/site-packages/airflow/example_dags/example_time_delta_sensor_async.py
[2024-04-17T10:14:21.172-0300] {processor.py:840} INFO - DAG(s) 'example_time_delta_sensor_async' retrieved from /home/lborba/.cache/pypoetry/virtualenvs/airflow-tutorial-3ROeDTU8-py3.11/lib/python3.11/site-packages/airflow/example_dags/example_time_delta_sensor_async.py
[2024-04-17T10:14:21.182-0300] {logging_mixin.py:188} INFO - [2024-04-17T10:14:21.182-0300] {dag.py:3096} INFO - Sync 1 DAGs
[2024-04-17T10:14:21.189-0300] {logging_mixin.py:188} INFO - [2024-04-17T10:14:21.189-0300] {dag.py:3954} INFO - Setting next_dagrun for example_time_delta_sensor_async to None, run_after=None
[2024-04-17T10:14:21.204-0300] {processor.py:183} INFO - Processing /home/lborba/.cache/pypoetry/virtualenvs/airflow-tutorial-3ROeDTU8-py3.11/lib/python3.11/site-packages/airflow/example_dags/example_time_delta_sensor_async.py took 0.043 seconds
[2024-04-17T10:15:19.542-0300] {processor.py:161} INFO - Started process (PID=26579) to work on /home/lborba/.cache/pypoetry/virtualenvs/airflow-tutorial-3ROeDTU8-py3.11/lib/python3.11/site-packages/airflow/example_dags/example_time_delta_sensor_async.py
[2024-04-17T10:15:19.543-0300] {processor.py:830} INFO - Processing file /home/lborba/.cache/pypoetry/virtualenvs/airflow-tutorial-3ROeDTU8-py3.11/lib/python3.11/site-packages/airflow/example_dags/example_time_delta_sensor_async.py for tasks to queue
[2024-04-17T10:15:19.545-0300] {logging_mixin.py:188} INFO - [2024-04-17T10:15:19.544-0300] {dagbag.py:540} INFO - Filling up the DagBag from /home/lborba/.cache/pypoetry/virtualenvs/airflow-tutorial-3ROeDTU8-py3.11/lib/python3.11/site-packages/airflow/example_dags/example_time_delta_sensor_async.py
[2024-04-17T10:15:19.548-0300] {processor.py:840} INFO - DAG(s) 'example_time_delta_sensor_async' retrieved from /home/lborba/.cache/pypoetry/virtualenvs/airflow-tutorial-3ROeDTU8-py3.11/lib/python3.11/site-packages/airflow/example_dags/example_time_delta_sensor_async.py
[2024-04-17T10:15:19.560-0300] {logging_mixin.py:188} INFO - [2024-04-17T10:15:19.560-0300] {dag.py:3096} INFO - Sync 1 DAGs
[2024-04-17T10:15:19.647-0300] {logging_mixin.py:188} INFO - [2024-04-17T10:15:19.646-0300] {dag.py:3954} INFO - Setting next_dagrun for example_time_delta_sensor_async to None, run_after=None
[2024-04-17T10:15:19.665-0300] {processor.py:183} INFO - Processing /home/lborba/.cache/pypoetry/virtualenvs/airflow-tutorial-3ROeDTU8-py3.11/lib/python3.11/site-packages/airflow/example_dags/example_time_delta_sensor_async.py took 0.128 seconds
[2024-04-17T10:16:21.459-0300] {processor.py:161} INFO - Started process (PID=27106) to work on /home/lborba/.cache/pypoetry/virtualenvs/airflow-tutorial-3ROeDTU8-py3.11/lib/python3.11/site-packages/airflow/example_dags/example_time_delta_sensor_async.py
[2024-04-17T10:16:21.465-0300] {processor.py:830} INFO - Processing file /home/lborba/.cache/pypoetry/virtualenvs/airflow-tutorial-3ROeDTU8-py3.11/lib/python3.11/site-packages/airflow/example_dags/example_time_delta_sensor_async.py for tasks to queue
[2024-04-17T10:16:21.467-0300] {logging_mixin.py:188} INFO - [2024-04-17T10:16:21.466-0300] {dagbag.py:540} INFO - Filling up the DagBag from /home/lborba/.cache/pypoetry/virtualenvs/airflow-tutorial-3ROeDTU8-py3.11/lib/python3.11/site-packages/airflow/example_dags/example_time_delta_sensor_async.py
[2024-04-17T10:16:21.470-0300] {processor.py:840} INFO - DAG(s) 'example_time_delta_sensor_async' retrieved from /home/lborba/.cache/pypoetry/virtualenvs/airflow-tutorial-3ROeDTU8-py3.11/lib/python3.11/site-packages/airflow/example_dags/example_time_delta_sensor_async.py
[2024-04-17T10:16:21.483-0300] {logging_mixin.py:188} INFO - [2024-04-17T10:16:21.483-0300] {dag.py:3096} INFO - Sync 1 DAGs
[2024-04-17T10:16:21.492-0300] {logging_mixin.py:188} INFO - [2024-04-17T10:16:21.492-0300] {dag.py:3954} INFO - Setting next_dagrun for example_time_delta_sensor_async to None, run_after=None
[2024-04-17T10:16:21.509-0300] {processor.py:183} INFO - Processing /home/lborba/.cache/pypoetry/virtualenvs/airflow-tutorial-3ROeDTU8-py3.11/lib/python3.11/site-packages/airflow/example_dags/example_time_delta_sensor_async.py took 0.056 seconds
[2024-04-17T10:17:22.009-0300] {processor.py:161} INFO - Started process (PID=27623) to work on /home/lborba/.cache/pypoetry/virtualenvs/airflow-tutorial-3ROeDTU8-py3.11/lib/python3.11/site-packages/airflow/example_dags/example_time_delta_sensor_async.py
[2024-04-17T10:17:22.011-0300] {processor.py:830} INFO - Processing file /home/lborba/.cache/pypoetry/virtualenvs/airflow-tutorial-3ROeDTU8-py3.11/lib/python3.11/site-packages/airflow/example_dags/example_time_delta_sensor_async.py for tasks to queue
[2024-04-17T10:17:22.012-0300] {logging_mixin.py:188} INFO - [2024-04-17T10:17:22.012-0300] {dagbag.py:540} INFO - Filling up the DagBag from /home/lborba/.cache/pypoetry/virtualenvs/airflow-tutorial-3ROeDTU8-py3.11/lib/python3.11/site-packages/airflow/example_dags/example_time_delta_sensor_async.py
[2024-04-17T10:17:22.016-0300] {processor.py:840} INFO - DAG(s) 'example_time_delta_sensor_async' retrieved from /home/lborba/.cache/pypoetry/virtualenvs/airflow-tutorial-3ROeDTU8-py3.11/lib/python3.11/site-packages/airflow/example_dags/example_time_delta_sensor_async.py
[2024-04-17T10:17:22.027-0300] {logging_mixin.py:188} INFO - [2024-04-17T10:17:22.027-0300] {dag.py:3096} INFO - Sync 1 DAGs
[2024-04-17T10:17:22.035-0300] {logging_mixin.py:188} INFO - [2024-04-17T10:17:22.035-0300] {dag.py:3954} INFO - Setting next_dagrun for example_time_delta_sensor_async to None, run_after=None
[2024-04-17T10:17:22.053-0300] {processor.py:183} INFO - Processing /home/lborba/.cache/pypoetry/virtualenvs/airflow-tutorial-3ROeDTU8-py3.11/lib/python3.11/site-packages/airflow/example_dags/example_time_delta_sensor_async.py took 0.048 seconds
[2024-04-17T10:18:21.810-0300] {processor.py:161} INFO - Started process (PID=28126) to work on /home/lborba/.cache/pypoetry/virtualenvs/airflow-tutorial-3ROeDTU8-py3.11/lib/python3.11/site-packages/airflow/example_dags/example_time_delta_sensor_async.py
[2024-04-17T10:18:21.811-0300] {processor.py:830} INFO - Processing file /home/lborba/.cache/pypoetry/virtualenvs/airflow-tutorial-3ROeDTU8-py3.11/lib/python3.11/site-packages/airflow/example_dags/example_time_delta_sensor_async.py for tasks to queue
[2024-04-17T10:18:21.813-0300] {logging_mixin.py:188} INFO - [2024-04-17T10:18:21.812-0300] {dagbag.py:540} INFO - Filling up the DagBag from /home/lborba/.cache/pypoetry/virtualenvs/airflow-tutorial-3ROeDTU8-py3.11/lib/python3.11/site-packages/airflow/example_dags/example_time_delta_sensor_async.py
[2024-04-17T10:18:21.816-0300] {processor.py:840} INFO - DAG(s) 'example_time_delta_sensor_async' retrieved from /home/lborba/.cache/pypoetry/virtualenvs/airflow-tutorial-3ROeDTU8-py3.11/lib/python3.11/site-packages/airflow/example_dags/example_time_delta_sensor_async.py
[2024-04-17T10:18:21.828-0300] {logging_mixin.py:188} INFO - [2024-04-17T10:18:21.828-0300] {dag.py:3096} INFO - Sync 1 DAGs
[2024-04-17T10:18:21.837-0300] {logging_mixin.py:188} INFO - [2024-04-17T10:18:21.837-0300] {dag.py:3954} INFO - Setting next_dagrun for example_time_delta_sensor_async to None, run_after=None
[2024-04-17T10:18:21.854-0300] {processor.py:183} INFO - Processing /home/lborba/.cache/pypoetry/virtualenvs/airflow-tutorial-3ROeDTU8-py3.11/lib/python3.11/site-packages/airflow/example_dags/example_time_delta_sensor_async.py took 0.048 seconds
[2024-04-17T10:19:22.807-0300] {processor.py:161} INFO - Started process (PID=28639) to work on /home/lborba/.cache/pypoetry/virtualenvs/airflow-tutorial-3ROeDTU8-py3.11/lib/python3.11/site-packages/airflow/example_dags/example_time_delta_sensor_async.py
[2024-04-17T10:19:22.813-0300] {processor.py:830} INFO - Processing file /home/lborba/.cache/pypoetry/virtualenvs/airflow-tutorial-3ROeDTU8-py3.11/lib/python3.11/site-packages/airflow/example_dags/example_time_delta_sensor_async.py for tasks to queue
[2024-04-17T10:19:22.815-0300] {logging_mixin.py:188} INFO - [2024-04-17T10:19:22.814-0300] {dagbag.py:540} INFO - Filling up the DagBag from /home/lborba/.cache/pypoetry/virtualenvs/airflow-tutorial-3ROeDTU8-py3.11/lib/python3.11/site-packages/airflow/example_dags/example_time_delta_sensor_async.py
[2024-04-17T10:19:22.818-0300] {processor.py:840} INFO - DAG(s) 'example_time_delta_sensor_async' retrieved from /home/lborba/.cache/pypoetry/virtualenvs/airflow-tutorial-3ROeDTU8-py3.11/lib/python3.11/site-packages/airflow/example_dags/example_time_delta_sensor_async.py
[2024-04-17T10:19:22.829-0300] {logging_mixin.py:188} INFO - [2024-04-17T10:19:22.829-0300] {dag.py:3096} INFO - Sync 1 DAGs
[2024-04-17T10:19:22.837-0300] {logging_mixin.py:188} INFO - [2024-04-17T10:19:22.837-0300] {dag.py:3954} INFO - Setting next_dagrun for example_time_delta_sensor_async to None, run_after=None
[2024-04-17T10:19:22.854-0300] {processor.py:183} INFO - Processing /home/lborba/.cache/pypoetry/virtualenvs/airflow-tutorial-3ROeDTU8-py3.11/lib/python3.11/site-packages/airflow/example_dags/example_time_delta_sensor_async.py took 0.051 seconds
[2024-04-17T10:20:18.291-0300] {processor.py:161} INFO - Started process (PID=29146) to work on /home/lborba/.cache/pypoetry/virtualenvs/airflow-tutorial-3ROeDTU8-py3.11/lib/python3.11/site-packages/airflow/example_dags/example_time_delta_sensor_async.py
[2024-04-17T10:20:18.297-0300] {processor.py:830} INFO - Processing file /home/lborba/.cache/pypoetry/virtualenvs/airflow-tutorial-3ROeDTU8-py3.11/lib/python3.11/site-packages/airflow/example_dags/example_time_delta_sensor_async.py for tasks to queue
[2024-04-17T10:20:18.298-0300] {logging_mixin.py:188} INFO - [2024-04-17T10:20:18.298-0300] {dagbag.py:540} INFO - Filling up the DagBag from /home/lborba/.cache/pypoetry/virtualenvs/airflow-tutorial-3ROeDTU8-py3.11/lib/python3.11/site-packages/airflow/example_dags/example_time_delta_sensor_async.py
[2024-04-17T10:20:18.302-0300] {processor.py:840} INFO - DAG(s) 'example_time_delta_sensor_async' retrieved from /home/lborba/.cache/pypoetry/virtualenvs/airflow-tutorial-3ROeDTU8-py3.11/lib/python3.11/site-packages/airflow/example_dags/example_time_delta_sensor_async.py
[2024-04-17T10:20:18.312-0300] {logging_mixin.py:188} INFO - [2024-04-17T10:20:18.312-0300] {dag.py:3096} INFO - Sync 1 DAGs
[2024-04-17T10:20:18.321-0300] {logging_mixin.py:188} INFO - [2024-04-17T10:20:18.321-0300] {dag.py:3954} INFO - Setting next_dagrun for example_time_delta_sensor_async to None, run_after=None
[2024-04-17T10:20:18.339-0300] {processor.py:183} INFO - Processing /home/lborba/.cache/pypoetry/virtualenvs/airflow-tutorial-3ROeDTU8-py3.11/lib/python3.11/site-packages/airflow/example_dags/example_time_delta_sensor_async.py took 0.053 seconds
[2024-04-17T10:21:17.850-0300] {processor.py:161} INFO - Started process (PID=29650) to work on /home/lborba/.cache/pypoetry/virtualenvs/airflow-tutorial-3ROeDTU8-py3.11/lib/python3.11/site-packages/airflow/example_dags/example_time_delta_sensor_async.py
[2024-04-17T10:21:17.856-0300] {processor.py:830} INFO - Processing file /home/lborba/.cache/pypoetry/virtualenvs/airflow-tutorial-3ROeDTU8-py3.11/lib/python3.11/site-packages/airflow/example_dags/example_time_delta_sensor_async.py for tasks to queue
[2024-04-17T10:21:17.858-0300] {logging_mixin.py:188} INFO - [2024-04-17T10:21:17.857-0300] {dagbag.py:540} INFO - Filling up the DagBag from /home/lborba/.cache/pypoetry/virtualenvs/airflow-tutorial-3ROeDTU8-py3.11/lib/python3.11/site-packages/airflow/example_dags/example_time_delta_sensor_async.py
[2024-04-17T10:21:17.861-0300] {processor.py:840} INFO - DAG(s) 'example_time_delta_sensor_async' retrieved from /home/lborba/.cache/pypoetry/virtualenvs/airflow-tutorial-3ROeDTU8-py3.11/lib/python3.11/site-packages/airflow/example_dags/example_time_delta_sensor_async.py
[2024-04-17T10:21:17.874-0300] {logging_mixin.py:188} INFO - [2024-04-17T10:21:17.874-0300] {dag.py:3096} INFO - Sync 1 DAGs
[2024-04-17T10:21:17.884-0300] {logging_mixin.py:188} INFO - [2024-04-17T10:21:17.884-0300] {dag.py:3954} INFO - Setting next_dagrun for example_time_delta_sensor_async to None, run_after=None
[2024-04-17T10:21:17.904-0300] {processor.py:183} INFO - Processing /home/lborba/.cache/pypoetry/virtualenvs/airflow-tutorial-3ROeDTU8-py3.11/lib/python3.11/site-packages/airflow/example_dags/example_time_delta_sensor_async.py took 0.058 seconds
[2024-04-17T10:22:15.471-0300] {processor.py:161} INFO - Started process (PID=30131) to work on /home/lborba/.cache/pypoetry/virtualenvs/airflow-tutorial-3ROeDTU8-py3.11/lib/python3.11/site-packages/airflow/example_dags/example_time_delta_sensor_async.py
[2024-04-17T10:22:15.477-0300] {processor.py:830} INFO - Processing file /home/lborba/.cache/pypoetry/virtualenvs/airflow-tutorial-3ROeDTU8-py3.11/lib/python3.11/site-packages/airflow/example_dags/example_time_delta_sensor_async.py for tasks to queue
[2024-04-17T10:22:15.479-0300] {logging_mixin.py:188} INFO - [2024-04-17T10:22:15.478-0300] {dagbag.py:540} INFO - Filling up the DagBag from /home/lborba/.cache/pypoetry/virtualenvs/airflow-tutorial-3ROeDTU8-py3.11/lib/python3.11/site-packages/airflow/example_dags/example_time_delta_sensor_async.py
[2024-04-17T10:22:15.482-0300] {processor.py:840} INFO - DAG(s) 'example_time_delta_sensor_async' retrieved from /home/lborba/.cache/pypoetry/virtualenvs/airflow-tutorial-3ROeDTU8-py3.11/lib/python3.11/site-packages/airflow/example_dags/example_time_delta_sensor_async.py
[2024-04-17T10:22:15.494-0300] {logging_mixin.py:188} INFO - [2024-04-17T10:22:15.494-0300] {dag.py:3096} INFO - Sync 1 DAGs
[2024-04-17T10:22:15.501-0300] {logging_mixin.py:188} INFO - [2024-04-17T10:22:15.501-0300] {dag.py:3954} INFO - Setting next_dagrun for example_time_delta_sensor_async to None, run_after=None
[2024-04-17T10:22:15.520-0300] {processor.py:183} INFO - Processing /home/lborba/.cache/pypoetry/virtualenvs/airflow-tutorial-3ROeDTU8-py3.11/lib/python3.11/site-packages/airflow/example_dags/example_time_delta_sensor_async.py took 0.054 seconds
[2024-04-17T10:23:13.644-0300] {processor.py:161} INFO - Started process (PID=30627) to work on /home/lborba/.cache/pypoetry/virtualenvs/airflow-tutorial-3ROeDTU8-py3.11/lib/python3.11/site-packages/airflow/example_dags/example_time_delta_sensor_async.py
[2024-04-17T10:23:13.650-0300] {processor.py:830} INFO - Processing file /home/lborba/.cache/pypoetry/virtualenvs/airflow-tutorial-3ROeDTU8-py3.11/lib/python3.11/site-packages/airflow/example_dags/example_time_delta_sensor_async.py for tasks to queue
[2024-04-17T10:23:13.651-0300] {logging_mixin.py:188} INFO - [2024-04-17T10:23:13.650-0300] {dagbag.py:540} INFO - Filling up the DagBag from /home/lborba/.cache/pypoetry/virtualenvs/airflow-tutorial-3ROeDTU8-py3.11/lib/python3.11/site-packages/airflow/example_dags/example_time_delta_sensor_async.py
[2024-04-17T10:23:13.661-0300] {processor.py:840} INFO - DAG(s) 'example_time_delta_sensor_async' retrieved from /home/lborba/.cache/pypoetry/virtualenvs/airflow-tutorial-3ROeDTU8-py3.11/lib/python3.11/site-packages/airflow/example_dags/example_time_delta_sensor_async.py
[2024-04-17T10:23:13.676-0300] {logging_mixin.py:188} INFO - [2024-04-17T10:23:13.676-0300] {dag.py:3096} INFO - Sync 1 DAGs
[2024-04-17T10:23:13.687-0300] {logging_mixin.py:188} INFO - [2024-04-17T10:23:13.687-0300] {dag.py:3954} INFO - Setting next_dagrun for example_time_delta_sensor_async to None, run_after=None
[2024-04-17T10:23:13.705-0300] {processor.py:183} INFO - Processing /home/lborba/.cache/pypoetry/virtualenvs/airflow-tutorial-3ROeDTU8-py3.11/lib/python3.11/site-packages/airflow/example_dags/example_time_delta_sensor_async.py took 0.064 seconds
[2024-04-17T10:24:13.678-0300] {processor.py:161} INFO - Started process (PID=31131) to work on /home/lborba/.cache/pypoetry/virtualenvs/airflow-tutorial-3ROeDTU8-py3.11/lib/python3.11/site-packages/airflow/example_dags/example_time_delta_sensor_async.py
[2024-04-17T10:24:13.684-0300] {processor.py:830} INFO - Processing file /home/lborba/.cache/pypoetry/virtualenvs/airflow-tutorial-3ROeDTU8-py3.11/lib/python3.11/site-packages/airflow/example_dags/example_time_delta_sensor_async.py for tasks to queue
[2024-04-17T10:24:13.686-0300] {logging_mixin.py:188} INFO - [2024-04-17T10:24:13.686-0300] {dagbag.py:540} INFO - Filling up the DagBag from /home/lborba/.cache/pypoetry/virtualenvs/airflow-tutorial-3ROeDTU8-py3.11/lib/python3.11/site-packages/airflow/example_dags/example_time_delta_sensor_async.py
[2024-04-17T10:24:13.690-0300] {processor.py:840} INFO - DAG(s) 'example_time_delta_sensor_async' retrieved from /home/lborba/.cache/pypoetry/virtualenvs/airflow-tutorial-3ROeDTU8-py3.11/lib/python3.11/site-packages/airflow/example_dags/example_time_delta_sensor_async.py
[2024-04-17T10:24:13.705-0300] {logging_mixin.py:188} INFO - [2024-04-17T10:24:13.704-0300] {dag.py:3096} INFO - Sync 1 DAGs
[2024-04-17T10:24:13.714-0300] {logging_mixin.py:188} INFO - [2024-04-17T10:24:13.714-0300] {dag.py:3954} INFO - Setting next_dagrun for example_time_delta_sensor_async to None, run_after=None
[2024-04-17T10:24:13.733-0300] {processor.py:183} INFO - Processing /home/lborba/.cache/pypoetry/virtualenvs/airflow-tutorial-3ROeDTU8-py3.11/lib/python3.11/site-packages/airflow/example_dags/example_time_delta_sensor_async.py took 0.060 seconds
[2024-04-17T10:25:09.115-0300] {processor.py:161} INFO - Started process (PID=31636) to work on /home/lborba/.cache/pypoetry/virtualenvs/airflow-tutorial-3ROeDTU8-py3.11/lib/python3.11/site-packages/airflow/example_dags/example_time_delta_sensor_async.py
[2024-04-17T10:25:09.121-0300] {processor.py:830} INFO - Processing file /home/lborba/.cache/pypoetry/virtualenvs/airflow-tutorial-3ROeDTU8-py3.11/lib/python3.11/site-packages/airflow/example_dags/example_time_delta_sensor_async.py for tasks to queue
[2024-04-17T10:25:09.124-0300] {logging_mixin.py:188} INFO - [2024-04-17T10:25:09.123-0300] {dagbag.py:540} INFO - Filling up the DagBag from /home/lborba/.cache/pypoetry/virtualenvs/airflow-tutorial-3ROeDTU8-py3.11/lib/python3.11/site-packages/airflow/example_dags/example_time_delta_sensor_async.py
[2024-04-17T10:25:09.128-0300] {processor.py:840} INFO - DAG(s) 'example_time_delta_sensor_async' retrieved from /home/lborba/.cache/pypoetry/virtualenvs/airflow-tutorial-3ROeDTU8-py3.11/lib/python3.11/site-packages/airflow/example_dags/example_time_delta_sensor_async.py
[2024-04-17T10:25:09.140-0300] {logging_mixin.py:188} INFO - [2024-04-17T10:25:09.140-0300] {dag.py:3096} INFO - Sync 1 DAGs
[2024-04-17T10:25:09.149-0300] {logging_mixin.py:188} INFO - [2024-04-17T10:25:09.149-0300] {dag.py:3954} INFO - Setting next_dagrun for example_time_delta_sensor_async to None, run_after=None
[2024-04-17T10:25:09.168-0300] {processor.py:183} INFO - Processing /home/lborba/.cache/pypoetry/virtualenvs/airflow-tutorial-3ROeDTU8-py3.11/lib/python3.11/site-packages/airflow/example_dags/example_time_delta_sensor_async.py took 0.058 seconds
