[2024-04-17T10:10:16.894-0300] {processor.py:161} INFO - Started process (PID=23136) to work on /home/lborba/.cache/pypoetry/virtualenvs/airflow-tutorial-3ROeDTU8-py3.11/lib/python3.11/site-packages/airflow/example_dags/example_sensor_decorator.py
[2024-04-17T10:10:16.894-0300] {processor.py:830} INFO - Processing file /home/lborba/.cache/pypoetry/virtualenvs/airflow-tutorial-3ROeDTU8-py3.11/lib/python3.11/site-packages/airflow/example_dags/example_sensor_decorator.py for tasks to queue
[2024-04-17T10:10:16.895-0300] {logging_mixin.py:188} INFO - [2024-04-17T10:10:16.895-0300] {dagbag.py:540} INFO - Filling up the DagBag from /home/lborba/.cache/pypoetry/virtualenvs/airflow-tutorial-3ROeDTU8-py3.11/lib/python3.11/site-packages/airflow/example_dags/example_sensor_decorator.py
[2024-04-17T10:10:16.903-0300] {processor.py:840} INFO - DAG(s) 'example_sensor_decorator' retrieved from /home/lborba/.cache/pypoetry/virtualenvs/airflow-tutorial-3ROeDTU8-py3.11/lib/python3.11/site-packages/airflow/example_dags/example_sensor_decorator.py
[2024-04-17T10:10:16.973-0300] {logging_mixin.py:188} INFO - [2024-04-17T10:10:16.972-0300] {override.py:1829} INFO - Created Permission View: can edit on DAG:example_sensor_decorator
[2024-04-17T10:10:16.983-0300] {logging_mixin.py:188} INFO - [2024-04-17T10:10:16.982-0300] {override.py:1829} INFO - Created Permission View: can delete on DAG:example_sensor_decorator
[2024-04-17T10:10:16.991-0300] {logging_mixin.py:188} INFO - [2024-04-17T10:10:16.991-0300] {override.py:1829} INFO - Created Permission View: can read on DAG:example_sensor_decorator
[2024-04-17T10:10:16.992-0300] {logging_mixin.py:188} INFO - [2024-04-17T10:10:16.992-0300] {dag.py:3096} INFO - Sync 1 DAGs
[2024-04-17T10:10:16.998-0300] {logging_mixin.py:188} INFO - [2024-04-17T10:10:16.998-0300] {dag.py:3118} INFO - Creating ORM DAG for example_sensor_decorator
[2024-04-17T10:10:16.999-0300] {logging_mixin.py:188} INFO - [2024-04-17T10:10:16.998-0300] {dag.py:3954} INFO - Setting next_dagrun for example_sensor_decorator to None, run_after=None
[2024-04-17T10:10:17.017-0300] {processor.py:183} INFO - Processing /home/lborba/.cache/pypoetry/virtualenvs/airflow-tutorial-3ROeDTU8-py3.11/lib/python3.11/site-packages/airflow/example_dags/example_sensor_decorator.py took 0.127 seconds
[2024-04-17T10:11:10.011-0300] {processor.py:161} INFO - Started process (PID=23558) to work on /home/lborba/.cache/pypoetry/virtualenvs/airflow-tutorial-3ROeDTU8-py3.11/lib/python3.11/site-packages/airflow/example_dags/example_sensor_decorator.py
[2024-04-17T10:11:10.012-0300] {processor.py:830} INFO - Processing file /home/lborba/.cache/pypoetry/virtualenvs/airflow-tutorial-3ROeDTU8-py3.11/lib/python3.11/site-packages/airflow/example_dags/example_sensor_decorator.py for tasks to queue
[2024-04-17T10:11:10.013-0300] {logging_mixin.py:188} INFO - [2024-04-17T10:11:10.013-0300] {dagbag.py:540} INFO - Filling up the DagBag from /home/lborba/.cache/pypoetry/virtualenvs/airflow-tutorial-3ROeDTU8-py3.11/lib/python3.11/site-packages/airflow/example_dags/example_sensor_decorator.py
[2024-04-17T10:11:10.017-0300] {processor.py:840} INFO - DAG(s) 'example_sensor_decorator' retrieved from /home/lborba/.cache/pypoetry/virtualenvs/airflow-tutorial-3ROeDTU8-py3.11/lib/python3.11/site-packages/airflow/example_dags/example_sensor_decorator.py
[2024-04-17T10:11:10.027-0300] {logging_mixin.py:188} INFO - [2024-04-17T10:11:10.027-0300] {dag.py:3096} INFO - Sync 1 DAGs
[2024-04-17T10:11:10.035-0300] {logging_mixin.py:188} INFO - [2024-04-17T10:11:10.035-0300] {dag.py:3954} INFO - Setting next_dagrun for example_sensor_decorator to None, run_after=None
[2024-04-17T10:11:10.050-0300] {processor.py:183} INFO - Processing /home/lborba/.cache/pypoetry/virtualenvs/airflow-tutorial-3ROeDTU8-py3.11/lib/python3.11/site-packages/airflow/example_dags/example_sensor_decorator.py took 0.043 seconds
[2024-04-17T10:11:59.624-0300] {processor.py:161} INFO - Started process (PID=23944) to work on /home/lborba/.cache/pypoetry/virtualenvs/airflow-tutorial-3ROeDTU8-py3.11/lib/python3.11/site-packages/airflow/example_dags/example_sensor_decorator.py
[2024-04-17T10:11:59.630-0300] {processor.py:830} INFO - Processing file /home/lborba/.cache/pypoetry/virtualenvs/airflow-tutorial-3ROeDTU8-py3.11/lib/python3.11/site-packages/airflow/example_dags/example_sensor_decorator.py for tasks to queue
[2024-04-17T10:11:59.631-0300] {logging_mixin.py:188} INFO - [2024-04-17T10:11:59.631-0300] {dagbag.py:540} INFO - Filling up the DagBag from /home/lborba/.cache/pypoetry/virtualenvs/airflow-tutorial-3ROeDTU8-py3.11/lib/python3.11/site-packages/airflow/example_dags/example_sensor_decorator.py
[2024-04-17T10:11:59.636-0300] {processor.py:840} INFO - DAG(s) 'example_sensor_decorator' retrieved from /home/lborba/.cache/pypoetry/virtualenvs/airflow-tutorial-3ROeDTU8-py3.11/lib/python3.11/site-packages/airflow/example_dags/example_sensor_decorator.py
[2024-04-17T10:11:59.649-0300] {logging_mixin.py:188} INFO - [2024-04-17T10:11:59.649-0300] {dag.py:3096} INFO - Sync 1 DAGs
[2024-04-17T10:11:59.658-0300] {logging_mixin.py:188} INFO - [2024-04-17T10:11:59.658-0300] {dag.py:3954} INFO - Setting next_dagrun for example_sensor_decorator to None, run_after=None
[2024-04-17T10:11:59.675-0300] {processor.py:183} INFO - Processing /home/lborba/.cache/pypoetry/virtualenvs/airflow-tutorial-3ROeDTU8-py3.11/lib/python3.11/site-packages/airflow/example_dags/example_sensor_decorator.py took 0.057 seconds
[2024-04-17T10:12:50.834-0300] {processor.py:161} INFO - Started process (PID=24770) to work on /home/lborba/.cache/pypoetry/virtualenvs/airflow-tutorial-3ROeDTU8-py3.11/lib/python3.11/site-packages/airflow/example_dags/example_sensor_decorator.py
[2024-04-17T10:12:50.837-0300] {processor.py:830} INFO - Processing file /home/lborba/.cache/pypoetry/virtualenvs/airflow-tutorial-3ROeDTU8-py3.11/lib/python3.11/site-packages/airflow/example_dags/example_sensor_decorator.py for tasks to queue
[2024-04-17T10:12:50.838-0300] {logging_mixin.py:188} INFO - [2024-04-17T10:12:50.838-0300] {dagbag.py:540} INFO - Filling up the DagBag from /home/lborba/.cache/pypoetry/virtualenvs/airflow-tutorial-3ROeDTU8-py3.11/lib/python3.11/site-packages/airflow/example_dags/example_sensor_decorator.py
[2024-04-17T10:12:50.843-0300] {processor.py:840} INFO - DAG(s) 'example_sensor_decorator' retrieved from /home/lborba/.cache/pypoetry/virtualenvs/airflow-tutorial-3ROeDTU8-py3.11/lib/python3.11/site-packages/airflow/example_dags/example_sensor_decorator.py
[2024-04-17T10:12:50.854-0300] {logging_mixin.py:188} INFO - [2024-04-17T10:12:50.854-0300] {dag.py:3096} INFO - Sync 1 DAGs
[2024-04-17T10:12:50.862-0300] {logging_mixin.py:188} INFO - [2024-04-17T10:12:50.861-0300] {dag.py:3954} INFO - Setting next_dagrun for example_sensor_decorator to None, run_after=None
[2024-04-17T10:12:50.880-0300] {processor.py:183} INFO - Processing /home/lborba/.cache/pypoetry/virtualenvs/airflow-tutorial-3ROeDTU8-py3.11/lib/python3.11/site-packages/airflow/example_dags/example_sensor_decorator.py took 0.050 seconds
[2024-04-17T10:13:37.333-0300] {processor.py:161} INFO - Started process (PID=25435) to work on /home/lborba/.cache/pypoetry/virtualenvs/airflow-tutorial-3ROeDTU8-py3.11/lib/python3.11/site-packages/airflow/example_dags/example_sensor_decorator.py
[2024-04-17T10:13:37.334-0300] {processor.py:830} INFO - Processing file /home/lborba/.cache/pypoetry/virtualenvs/airflow-tutorial-3ROeDTU8-py3.11/lib/python3.11/site-packages/airflow/example_dags/example_sensor_decorator.py for tasks to queue
[2024-04-17T10:13:37.335-0300] {logging_mixin.py:188} INFO - [2024-04-17T10:13:37.335-0300] {dagbag.py:540} INFO - Filling up the DagBag from /home/lborba/.cache/pypoetry/virtualenvs/airflow-tutorial-3ROeDTU8-py3.11/lib/python3.11/site-packages/airflow/example_dags/example_sensor_decorator.py
[2024-04-17T10:13:37.340-0300] {processor.py:840} INFO - DAG(s) 'example_sensor_decorator' retrieved from /home/lborba/.cache/pypoetry/virtualenvs/airflow-tutorial-3ROeDTU8-py3.11/lib/python3.11/site-packages/airflow/example_dags/example_sensor_decorator.py
[2024-04-17T10:13:37.351-0300] {logging_mixin.py:188} INFO - [2024-04-17T10:13:37.351-0300] {dag.py:3096} INFO - Sync 1 DAGs
[2024-04-17T10:13:37.359-0300] {logging_mixin.py:188} INFO - [2024-04-17T10:13:37.359-0300] {dag.py:3954} INFO - Setting next_dagrun for example_sensor_decorator to None, run_after=None
[2024-04-17T10:13:37.379-0300] {processor.py:183} INFO - Processing /home/lborba/.cache/pypoetry/virtualenvs/airflow-tutorial-3ROeDTU8-py3.11/lib/python3.11/site-packages/airflow/example_dags/example_sensor_decorator.py took 0.050 seconds
[2024-04-17T10:14:34.322-0300] {processor.py:161} INFO - Started process (PID=26096) to work on /home/lborba/.cache/pypoetry/virtualenvs/airflow-tutorial-3ROeDTU8-py3.11/lib/python3.11/site-packages/airflow/example_dags/example_sensor_decorator.py
[2024-04-17T10:14:34.328-0300] {processor.py:830} INFO - Processing file /home/lborba/.cache/pypoetry/virtualenvs/airflow-tutorial-3ROeDTU8-py3.11/lib/python3.11/site-packages/airflow/example_dags/example_sensor_decorator.py for tasks to queue
[2024-04-17T10:14:34.329-0300] {logging_mixin.py:188} INFO - [2024-04-17T10:14:34.329-0300] {dagbag.py:540} INFO - Filling up the DagBag from /home/lborba/.cache/pypoetry/virtualenvs/airflow-tutorial-3ROeDTU8-py3.11/lib/python3.11/site-packages/airflow/example_dags/example_sensor_decorator.py
[2024-04-17T10:14:34.333-0300] {processor.py:840} INFO - DAG(s) 'example_sensor_decorator' retrieved from /home/lborba/.cache/pypoetry/virtualenvs/airflow-tutorial-3ROeDTU8-py3.11/lib/python3.11/site-packages/airflow/example_dags/example_sensor_decorator.py
[2024-04-17T10:14:34.343-0300] {logging_mixin.py:188} INFO - [2024-04-17T10:14:34.343-0300] {dag.py:3096} INFO - Sync 1 DAGs
[2024-04-17T10:14:34.351-0300] {logging_mixin.py:188} INFO - [2024-04-17T10:14:34.351-0300] {dag.py:3954} INFO - Setting next_dagrun for example_sensor_decorator to None, run_after=None
[2024-04-17T10:14:34.368-0300] {processor.py:183} INFO - Processing /home/lborba/.cache/pypoetry/virtualenvs/airflow-tutorial-3ROeDTU8-py3.11/lib/python3.11/site-packages/airflow/example_dags/example_sensor_decorator.py took 0.051 seconds
[2024-04-17T10:15:32.804-0300] {processor.py:161} INFO - Started process (PID=26696) to work on /home/lborba/.cache/pypoetry/virtualenvs/airflow-tutorial-3ROeDTU8-py3.11/lib/python3.11/site-packages/airflow/example_dags/example_sensor_decorator.py
[2024-04-17T10:15:32.810-0300] {processor.py:830} INFO - Processing file /home/lborba/.cache/pypoetry/virtualenvs/airflow-tutorial-3ROeDTU8-py3.11/lib/python3.11/site-packages/airflow/example_dags/example_sensor_decorator.py for tasks to queue
[2024-04-17T10:15:32.812-0300] {logging_mixin.py:188} INFO - [2024-04-17T10:15:32.811-0300] {dagbag.py:540} INFO - Filling up the DagBag from /home/lborba/.cache/pypoetry/virtualenvs/airflow-tutorial-3ROeDTU8-py3.11/lib/python3.11/site-packages/airflow/example_dags/example_sensor_decorator.py
[2024-04-17T10:15:32.818-0300] {processor.py:840} INFO - DAG(s) 'example_sensor_decorator' retrieved from /home/lborba/.cache/pypoetry/virtualenvs/airflow-tutorial-3ROeDTU8-py3.11/lib/python3.11/site-packages/airflow/example_dags/example_sensor_decorator.py
[2024-04-17T10:15:32.898-0300] {logging_mixin.py:188} INFO - [2024-04-17T10:15:32.898-0300] {dag.py:3096} INFO - Sync 1 DAGs
[2024-04-17T10:15:32.907-0300] {logging_mixin.py:188} INFO - [2024-04-17T10:15:32.907-0300] {dag.py:3954} INFO - Setting next_dagrun for example_sensor_decorator to None, run_after=None
[2024-04-17T10:15:32.931-0300] {processor.py:183} INFO - Processing /home/lborba/.cache/pypoetry/virtualenvs/airflow-tutorial-3ROeDTU8-py3.11/lib/python3.11/site-packages/airflow/example_dags/example_sensor_decorator.py took 0.131 seconds
[2024-04-17T10:16:15.188-0300] {processor.py:161} INFO - Started process (PID=27051) to work on /home/lborba/.cache/pypoetry/virtualenvs/airflow-tutorial-3ROeDTU8-py3.11/lib/python3.11/site-packages/airflow/example_dags/example_sensor_decorator.py
[2024-04-17T10:16:15.189-0300] {processor.py:830} INFO - Processing file /home/lborba/.cache/pypoetry/virtualenvs/airflow-tutorial-3ROeDTU8-py3.11/lib/python3.11/site-packages/airflow/example_dags/example_sensor_decorator.py for tasks to queue
[2024-04-17T10:16:15.191-0300] {logging_mixin.py:188} INFO - [2024-04-17T10:16:15.190-0300] {dagbag.py:540} INFO - Filling up the DagBag from /home/lborba/.cache/pypoetry/virtualenvs/airflow-tutorial-3ROeDTU8-py3.11/lib/python3.11/site-packages/airflow/example_dags/example_sensor_decorator.py
[2024-04-17T10:16:15.196-0300] {processor.py:840} INFO - DAG(s) 'example_sensor_decorator' retrieved from /home/lborba/.cache/pypoetry/virtualenvs/airflow-tutorial-3ROeDTU8-py3.11/lib/python3.11/site-packages/airflow/example_dags/example_sensor_decorator.py
[2024-04-17T10:16:15.207-0300] {logging_mixin.py:188} INFO - [2024-04-17T10:16:15.206-0300] {dag.py:3096} INFO - Sync 1 DAGs
[2024-04-17T10:16:15.215-0300] {logging_mixin.py:188} INFO - [2024-04-17T10:16:15.215-0300] {dag.py:3954} INFO - Setting next_dagrun for example_sensor_decorator to None, run_after=None
[2024-04-17T10:16:15.232-0300] {processor.py:183} INFO - Processing /home/lborba/.cache/pypoetry/virtualenvs/airflow-tutorial-3ROeDTU8-py3.11/lib/python3.11/site-packages/airflow/example_dags/example_sensor_decorator.py took 0.049 seconds
[2024-04-17T10:16:56.728-0300] {processor.py:161} INFO - Started process (PID=27403) to work on /home/lborba/.cache/pypoetry/virtualenvs/airflow-tutorial-3ROeDTU8-py3.11/lib/python3.11/site-packages/airflow/example_dags/example_sensor_decorator.py
[2024-04-17T10:16:56.730-0300] {processor.py:830} INFO - Processing file /home/lborba/.cache/pypoetry/virtualenvs/airflow-tutorial-3ROeDTU8-py3.11/lib/python3.11/site-packages/airflow/example_dags/example_sensor_decorator.py for tasks to queue
[2024-04-17T10:16:56.731-0300] {logging_mixin.py:188} INFO - [2024-04-17T10:16:56.731-0300] {dagbag.py:540} INFO - Filling up the DagBag from /home/lborba/.cache/pypoetry/virtualenvs/airflow-tutorial-3ROeDTU8-py3.11/lib/python3.11/site-packages/airflow/example_dags/example_sensor_decorator.py
[2024-04-17T10:16:56.736-0300] {processor.py:840} INFO - DAG(s) 'example_sensor_decorator' retrieved from /home/lborba/.cache/pypoetry/virtualenvs/airflow-tutorial-3ROeDTU8-py3.11/lib/python3.11/site-packages/airflow/example_dags/example_sensor_decorator.py
[2024-04-17T10:16:56.748-0300] {logging_mixin.py:188} INFO - [2024-04-17T10:16:56.748-0300] {dag.py:3096} INFO - Sync 1 DAGs
[2024-04-17T10:16:56.756-0300] {logging_mixin.py:188} INFO - [2024-04-17T10:16:56.755-0300] {dag.py:3954} INFO - Setting next_dagrun for example_sensor_decorator to None, run_after=None
[2024-04-17T10:16:56.772-0300] {processor.py:183} INFO - Processing /home/lborba/.cache/pypoetry/virtualenvs/airflow-tutorial-3ROeDTU8-py3.11/lib/python3.11/site-packages/airflow/example_dags/example_sensor_decorator.py took 0.048 seconds
[2024-04-17T10:17:54.860-0300] {processor.py:161} INFO - Started process (PID=27899) to work on /home/lborba/.cache/pypoetry/virtualenvs/airflow-tutorial-3ROeDTU8-py3.11/lib/python3.11/site-packages/airflow/example_dags/example_sensor_decorator.py
[2024-04-17T10:17:54.862-0300] {processor.py:830} INFO - Processing file /home/lborba/.cache/pypoetry/virtualenvs/airflow-tutorial-3ROeDTU8-py3.11/lib/python3.11/site-packages/airflow/example_dags/example_sensor_decorator.py for tasks to queue
[2024-04-17T10:17:54.864-0300] {logging_mixin.py:188} INFO - [2024-04-17T10:17:54.863-0300] {dagbag.py:540} INFO - Filling up the DagBag from /home/lborba/.cache/pypoetry/virtualenvs/airflow-tutorial-3ROeDTU8-py3.11/lib/python3.11/site-packages/airflow/example_dags/example_sensor_decorator.py
[2024-04-17T10:17:54.868-0300] {processor.py:840} INFO - DAG(s) 'example_sensor_decorator' retrieved from /home/lborba/.cache/pypoetry/virtualenvs/airflow-tutorial-3ROeDTU8-py3.11/lib/python3.11/site-packages/airflow/example_dags/example_sensor_decorator.py
[2024-04-17T10:17:54.878-0300] {logging_mixin.py:188} INFO - [2024-04-17T10:17:54.878-0300] {dag.py:3096} INFO - Sync 1 DAGs
[2024-04-17T10:17:54.886-0300] {logging_mixin.py:188} INFO - [2024-04-17T10:17:54.886-0300] {dag.py:3954} INFO - Setting next_dagrun for example_sensor_decorator to None, run_after=None
[2024-04-17T10:17:54.907-0300] {processor.py:183} INFO - Processing /home/lborba/.cache/pypoetry/virtualenvs/airflow-tutorial-3ROeDTU8-py3.11/lib/python3.11/site-packages/airflow/example_dags/example_sensor_decorator.py took 0.051 seconds
[2024-04-17T10:18:35.506-0300] {processor.py:161} INFO - Started process (PID=28238) to work on /home/lborba/.cache/pypoetry/virtualenvs/airflow-tutorial-3ROeDTU8-py3.11/lib/python3.11/site-packages/airflow/example_dags/example_sensor_decorator.py
[2024-04-17T10:18:35.511-0300] {processor.py:830} INFO - Processing file /home/lborba/.cache/pypoetry/virtualenvs/airflow-tutorial-3ROeDTU8-py3.11/lib/python3.11/site-packages/airflow/example_dags/example_sensor_decorator.py for tasks to queue
[2024-04-17T10:18:35.512-0300] {logging_mixin.py:188} INFO - [2024-04-17T10:18:35.512-0300] {dagbag.py:540} INFO - Filling up the DagBag from /home/lborba/.cache/pypoetry/virtualenvs/airflow-tutorial-3ROeDTU8-py3.11/lib/python3.11/site-packages/airflow/example_dags/example_sensor_decorator.py
[2024-04-17T10:18:35.517-0300] {processor.py:840} INFO - DAG(s) 'example_sensor_decorator' retrieved from /home/lborba/.cache/pypoetry/virtualenvs/airflow-tutorial-3ROeDTU8-py3.11/lib/python3.11/site-packages/airflow/example_dags/example_sensor_decorator.py
[2024-04-17T10:18:35.528-0300] {logging_mixin.py:188} INFO - [2024-04-17T10:18:35.528-0300] {dag.py:3096} INFO - Sync 1 DAGs
[2024-04-17T10:18:35.536-0300] {logging_mixin.py:188} INFO - [2024-04-17T10:18:35.536-0300] {dag.py:3954} INFO - Setting next_dagrun for example_sensor_decorator to None, run_after=None
[2024-04-17T10:18:35.553-0300] {processor.py:183} INFO - Processing /home/lborba/.cache/pypoetry/virtualenvs/airflow-tutorial-3ROeDTU8-py3.11/lib/python3.11/site-packages/airflow/example_dags/example_sensor_decorator.py took 0.051 seconds
[2024-04-17T10:19:15.392-0300] {processor.py:161} INFO - Started process (PID=28582) to work on /home/lborba/.cache/pypoetry/virtualenvs/airflow-tutorial-3ROeDTU8-py3.11/lib/python3.11/site-packages/airflow/example_dags/example_sensor_decorator.py
[2024-04-17T10:19:15.394-0300] {processor.py:830} INFO - Processing file /home/lborba/.cache/pypoetry/virtualenvs/airflow-tutorial-3ROeDTU8-py3.11/lib/python3.11/site-packages/airflow/example_dags/example_sensor_decorator.py for tasks to queue
[2024-04-17T10:19:15.396-0300] {logging_mixin.py:188} INFO - [2024-04-17T10:19:15.395-0300] {dagbag.py:540} INFO - Filling up the DagBag from /home/lborba/.cache/pypoetry/virtualenvs/airflow-tutorial-3ROeDTU8-py3.11/lib/python3.11/site-packages/airflow/example_dags/example_sensor_decorator.py
[2024-04-17T10:19:15.402-0300] {processor.py:840} INFO - DAG(s) 'example_sensor_decorator' retrieved from /home/lborba/.cache/pypoetry/virtualenvs/airflow-tutorial-3ROeDTU8-py3.11/lib/python3.11/site-packages/airflow/example_dags/example_sensor_decorator.py
[2024-04-17T10:19:15.414-0300] {logging_mixin.py:188} INFO - [2024-04-17T10:19:15.414-0300] {dag.py:3096} INFO - Sync 1 DAGs
[2024-04-17T10:19:15.426-0300] {logging_mixin.py:188} INFO - [2024-04-17T10:19:15.426-0300] {dag.py:3954} INFO - Setting next_dagrun for example_sensor_decorator to None, run_after=None
[2024-04-17T10:19:15.449-0300] {processor.py:183} INFO - Processing /home/lborba/.cache/pypoetry/virtualenvs/airflow-tutorial-3ROeDTU8-py3.11/lib/python3.11/site-packages/airflow/example_dags/example_sensor_decorator.py took 0.062 seconds
[2024-04-17T10:19:55.318-0300] {processor.py:161} INFO - Started process (PID=28949) to work on /home/lborba/.cache/pypoetry/virtualenvs/airflow-tutorial-3ROeDTU8-py3.11/lib/python3.11/site-packages/airflow/example_dags/example_sensor_decorator.py
[2024-04-17T10:19:55.324-0300] {processor.py:830} INFO - Processing file /home/lborba/.cache/pypoetry/virtualenvs/airflow-tutorial-3ROeDTU8-py3.11/lib/python3.11/site-packages/airflow/example_dags/example_sensor_decorator.py for tasks to queue
[2024-04-17T10:19:55.325-0300] {logging_mixin.py:188} INFO - [2024-04-17T10:19:55.325-0300] {dagbag.py:540} INFO - Filling up the DagBag from /home/lborba/.cache/pypoetry/virtualenvs/airflow-tutorial-3ROeDTU8-py3.11/lib/python3.11/site-packages/airflow/example_dags/example_sensor_decorator.py
[2024-04-17T10:19:55.330-0300] {processor.py:840} INFO - DAG(s) 'example_sensor_decorator' retrieved from /home/lborba/.cache/pypoetry/virtualenvs/airflow-tutorial-3ROeDTU8-py3.11/lib/python3.11/site-packages/airflow/example_dags/example_sensor_decorator.py
[2024-04-17T10:19:55.341-0300] {logging_mixin.py:188} INFO - [2024-04-17T10:19:55.340-0300] {dag.py:3096} INFO - Sync 1 DAGs
[2024-04-17T10:19:55.348-0300] {logging_mixin.py:188} INFO - [2024-04-17T10:19:55.348-0300] {dag.py:3954} INFO - Setting next_dagrun for example_sensor_decorator to None, run_after=None
[2024-04-17T10:19:55.368-0300] {processor.py:183} INFO - Processing /home/lborba/.cache/pypoetry/virtualenvs/airflow-tutorial-3ROeDTU8-py3.11/lib/python3.11/site-packages/airflow/example_dags/example_sensor_decorator.py took 0.055 seconds
[2024-04-17T10:20:49.831-0300] {processor.py:161} INFO - Started process (PID=29410) to work on /home/lborba/.cache/pypoetry/virtualenvs/airflow-tutorial-3ROeDTU8-py3.11/lib/python3.11/site-packages/airflow/example_dags/example_sensor_decorator.py
[2024-04-17T10:20:49.832-0300] {processor.py:830} INFO - Processing file /home/lborba/.cache/pypoetry/virtualenvs/airflow-tutorial-3ROeDTU8-py3.11/lib/python3.11/site-packages/airflow/example_dags/example_sensor_decorator.py for tasks to queue
[2024-04-17T10:20:49.833-0300] {logging_mixin.py:188} INFO - [2024-04-17T10:20:49.833-0300] {dagbag.py:540} INFO - Filling up the DagBag from /home/lborba/.cache/pypoetry/virtualenvs/airflow-tutorial-3ROeDTU8-py3.11/lib/python3.11/site-packages/airflow/example_dags/example_sensor_decorator.py
[2024-04-17T10:20:49.838-0300] {processor.py:840} INFO - DAG(s) 'example_sensor_decorator' retrieved from /home/lborba/.cache/pypoetry/virtualenvs/airflow-tutorial-3ROeDTU8-py3.11/lib/python3.11/site-packages/airflow/example_dags/example_sensor_decorator.py
[2024-04-17T10:20:49.849-0300] {logging_mixin.py:188} INFO - [2024-04-17T10:20:49.849-0300] {dag.py:3096} INFO - Sync 1 DAGs
[2024-04-17T10:20:49.857-0300] {logging_mixin.py:188} INFO - [2024-04-17T10:20:49.857-0300] {dag.py:3954} INFO - Setting next_dagrun for example_sensor_decorator to None, run_after=None
[2024-04-17T10:20:49.876-0300] {processor.py:183} INFO - Processing /home/lborba/.cache/pypoetry/virtualenvs/airflow-tutorial-3ROeDTU8-py3.11/lib/python3.11/site-packages/airflow/example_dags/example_sensor_decorator.py took 0.051 seconds
[2024-04-17T10:21:30.252-0300] {processor.py:161} INFO - Started process (PID=29753) to work on /home/lborba/.cache/pypoetry/virtualenvs/airflow-tutorial-3ROeDTU8-py3.11/lib/python3.11/site-packages/airflow/example_dags/example_sensor_decorator.py
[2024-04-17T10:21:30.253-0300] {processor.py:830} INFO - Processing file /home/lborba/.cache/pypoetry/virtualenvs/airflow-tutorial-3ROeDTU8-py3.11/lib/python3.11/site-packages/airflow/example_dags/example_sensor_decorator.py for tasks to queue
[2024-04-17T10:21:30.254-0300] {logging_mixin.py:188} INFO - [2024-04-17T10:21:30.254-0300] {dagbag.py:540} INFO - Filling up the DagBag from /home/lborba/.cache/pypoetry/virtualenvs/airflow-tutorial-3ROeDTU8-py3.11/lib/python3.11/site-packages/airflow/example_dags/example_sensor_decorator.py
[2024-04-17T10:21:30.259-0300] {processor.py:840} INFO - DAG(s) 'example_sensor_decorator' retrieved from /home/lborba/.cache/pypoetry/virtualenvs/airflow-tutorial-3ROeDTU8-py3.11/lib/python3.11/site-packages/airflow/example_dags/example_sensor_decorator.py
[2024-04-17T10:21:30.270-0300] {logging_mixin.py:188} INFO - [2024-04-17T10:21:30.270-0300] {dag.py:3096} INFO - Sync 1 DAGs
[2024-04-17T10:21:30.278-0300] {logging_mixin.py:188} INFO - [2024-04-17T10:21:30.278-0300] {dag.py:3954} INFO - Setting next_dagrun for example_sensor_decorator to None, run_after=None
[2024-04-17T10:21:30.295-0300] {processor.py:183} INFO - Processing /home/lborba/.cache/pypoetry/virtualenvs/airflow-tutorial-3ROeDTU8-py3.11/lib/python3.11/site-packages/airflow/example_dags/example_sensor_decorator.py took 0.049 seconds
[2024-04-17T10:22:27.770-0300] {processor.py:161} INFO - Started process (PID=30237) to work on /home/lborba/.cache/pypoetry/virtualenvs/airflow-tutorial-3ROeDTU8-py3.11/lib/python3.11/site-packages/airflow/example_dags/example_sensor_decorator.py
[2024-04-17T10:22:27.776-0300] {processor.py:830} INFO - Processing file /home/lborba/.cache/pypoetry/virtualenvs/airflow-tutorial-3ROeDTU8-py3.11/lib/python3.11/site-packages/airflow/example_dags/example_sensor_decorator.py for tasks to queue
[2024-04-17T10:22:27.778-0300] {logging_mixin.py:188} INFO - [2024-04-17T10:22:27.777-0300] {dagbag.py:540} INFO - Filling up the DagBag from /home/lborba/.cache/pypoetry/virtualenvs/airflow-tutorial-3ROeDTU8-py3.11/lib/python3.11/site-packages/airflow/example_dags/example_sensor_decorator.py
[2024-04-17T10:22:27.782-0300] {processor.py:840} INFO - DAG(s) 'example_sensor_decorator' retrieved from /home/lborba/.cache/pypoetry/virtualenvs/airflow-tutorial-3ROeDTU8-py3.11/lib/python3.11/site-packages/airflow/example_dags/example_sensor_decorator.py
[2024-04-17T10:22:27.793-0300] {logging_mixin.py:188} INFO - [2024-04-17T10:22:27.793-0300] {dag.py:3096} INFO - Sync 1 DAGs
[2024-04-17T10:22:27.801-0300] {logging_mixin.py:188} INFO - [2024-04-17T10:22:27.800-0300] {dag.py:3954} INFO - Setting next_dagrun for example_sensor_decorator to None, run_after=None
[2024-04-17T10:22:27.817-0300] {processor.py:183} INFO - Processing /home/lborba/.cache/pypoetry/virtualenvs/airflow-tutorial-3ROeDTU8-py3.11/lib/python3.11/site-packages/airflow/example_dags/example_sensor_decorator.py took 0.051 seconds
[2024-04-17T10:23:07.867-0300] {processor.py:161} INFO - Started process (PID=30581) to work on /home/lborba/.cache/pypoetry/virtualenvs/airflow-tutorial-3ROeDTU8-py3.11/lib/python3.11/site-packages/airflow/example_dags/example_sensor_decorator.py
[2024-04-17T10:23:07.868-0300] {processor.py:830} INFO - Processing file /home/lborba/.cache/pypoetry/virtualenvs/airflow-tutorial-3ROeDTU8-py3.11/lib/python3.11/site-packages/airflow/example_dags/example_sensor_decorator.py for tasks to queue
[2024-04-17T10:23:07.870-0300] {logging_mixin.py:188} INFO - [2024-04-17T10:23:07.870-0300] {dagbag.py:540} INFO - Filling up the DagBag from /home/lborba/.cache/pypoetry/virtualenvs/airflow-tutorial-3ROeDTU8-py3.11/lib/python3.11/site-packages/airflow/example_dags/example_sensor_decorator.py
[2024-04-17T10:23:07.877-0300] {processor.py:840} INFO - DAG(s) 'example_sensor_decorator' retrieved from /home/lborba/.cache/pypoetry/virtualenvs/airflow-tutorial-3ROeDTU8-py3.11/lib/python3.11/site-packages/airflow/example_dags/example_sensor_decorator.py
[2024-04-17T10:23:07.888-0300] {logging_mixin.py:188} INFO - [2024-04-17T10:23:07.888-0300] {dag.py:3096} INFO - Sync 1 DAGs
[2024-04-17T10:23:07.896-0300] {logging_mixin.py:188} INFO - [2024-04-17T10:23:07.896-0300] {dag.py:3954} INFO - Setting next_dagrun for example_sensor_decorator to None, run_after=None
[2024-04-17T10:23:07.913-0300] {processor.py:183} INFO - Processing /home/lborba/.cache/pypoetry/virtualenvs/airflow-tutorial-3ROeDTU8-py3.11/lib/python3.11/site-packages/airflow/example_dags/example_sensor_decorator.py took 0.050 seconds
[2024-04-17T10:24:07.408-0300] {processor.py:161} INFO - Started process (PID=31076) to work on /home/lborba/.cache/pypoetry/virtualenvs/airflow-tutorial-3ROeDTU8-py3.11/lib/python3.11/site-packages/airflow/example_dags/example_sensor_decorator.py
[2024-04-17T10:24:07.409-0300] {processor.py:830} INFO - Processing file /home/lborba/.cache/pypoetry/virtualenvs/airflow-tutorial-3ROeDTU8-py3.11/lib/python3.11/site-packages/airflow/example_dags/example_sensor_decorator.py for tasks to queue
[2024-04-17T10:24:07.411-0300] {logging_mixin.py:188} INFO - [2024-04-17T10:24:07.410-0300] {dagbag.py:540} INFO - Filling up the DagBag from /home/lborba/.cache/pypoetry/virtualenvs/airflow-tutorial-3ROeDTU8-py3.11/lib/python3.11/site-packages/airflow/example_dags/example_sensor_decorator.py
[2024-04-17T10:24:07.415-0300] {processor.py:840} INFO - DAG(s) 'example_sensor_decorator' retrieved from /home/lborba/.cache/pypoetry/virtualenvs/airflow-tutorial-3ROeDTU8-py3.11/lib/python3.11/site-packages/airflow/example_dags/example_sensor_decorator.py
[2024-04-17T10:24:07.426-0300] {logging_mixin.py:188} INFO - [2024-04-17T10:24:07.426-0300] {dag.py:3096} INFO - Sync 1 DAGs
[2024-04-17T10:24:07.435-0300] {logging_mixin.py:188} INFO - [2024-04-17T10:24:07.435-0300] {dag.py:3954} INFO - Setting next_dagrun for example_sensor_decorator to None, run_after=None
[2024-04-17T10:24:07.452-0300] {processor.py:183} INFO - Processing /home/lborba/.cache/pypoetry/virtualenvs/airflow-tutorial-3ROeDTU8-py3.11/lib/python3.11/site-packages/airflow/example_dags/example_sensor_decorator.py took 0.048 seconds
[2024-04-17T10:25:01.922-0300] {processor.py:161} INFO - Started process (PID=31571) to work on /home/lborba/.cache/pypoetry/virtualenvs/airflow-tutorial-3ROeDTU8-py3.11/lib/python3.11/site-packages/airflow/example_dags/example_sensor_decorator.py
[2024-04-17T10:25:01.924-0300] {processor.py:830} INFO - Processing file /home/lborba/.cache/pypoetry/virtualenvs/airflow-tutorial-3ROeDTU8-py3.11/lib/python3.11/site-packages/airflow/example_dags/example_sensor_decorator.py for tasks to queue
[2024-04-17T10:25:01.926-0300] {logging_mixin.py:188} INFO - [2024-04-17T10:25:01.926-0300] {dagbag.py:540} INFO - Filling up the DagBag from /home/lborba/.cache/pypoetry/virtualenvs/airflow-tutorial-3ROeDTU8-py3.11/lib/python3.11/site-packages/airflow/example_dags/example_sensor_decorator.py
[2024-04-17T10:25:01.933-0300] {processor.py:840} INFO - DAG(s) 'example_sensor_decorator' retrieved from /home/lborba/.cache/pypoetry/virtualenvs/airflow-tutorial-3ROeDTU8-py3.11/lib/python3.11/site-packages/airflow/example_dags/example_sensor_decorator.py
[2024-04-17T10:25:01.947-0300] {logging_mixin.py:188} INFO - [2024-04-17T10:25:01.947-0300] {dag.py:3096} INFO - Sync 1 DAGs
[2024-04-17T10:25:01.957-0300] {logging_mixin.py:188} INFO - [2024-04-17T10:25:01.957-0300] {dag.py:3954} INFO - Setting next_dagrun for example_sensor_decorator to None, run_after=None
[2024-04-17T10:25:01.982-0300] {processor.py:183} INFO - Processing /home/lborba/.cache/pypoetry/virtualenvs/airflow-tutorial-3ROeDTU8-py3.11/lib/python3.11/site-packages/airflow/example_dags/example_sensor_decorator.py took 0.065 seconds
