[2024-04-17T10:10:05.196-0300] {processor.py:161} INFO - Started process (PID=23005) to work on /home/lborba/.cache/pypoetry/virtualenvs/airflow-tutorial-3ROeDTU8-py3.11/lib/python3.11/site-packages/airflow/example_dags/example_dynamic_task_mapping_with_no_taskflow_operators.py
[2024-04-17T10:10:05.196-0300] {processor.py:830} INFO - Processing file /home/lborba/.cache/pypoetry/virtualenvs/airflow-tutorial-3ROeDTU8-py3.11/lib/python3.11/site-packages/airflow/example_dags/example_dynamic_task_mapping_with_no_taskflow_operators.py for tasks to queue
[2024-04-17T10:10:05.197-0300] {logging_mixin.py:188} INFO - [2024-04-17T10:10:05.197-0300] {dagbag.py:540} INFO - Filling up the DagBag from /home/lborba/.cache/pypoetry/virtualenvs/airflow-tutorial-3ROeDTU8-py3.11/lib/python3.11/site-packages/airflow/example_dags/example_dynamic_task_mapping_with_no_taskflow_operators.py
[2024-04-17T10:10:05.206-0300] {processor.py:840} INFO - DAG(s) 'example_dynamic_task_mapping_with_no_taskflow_operators' retrieved from /home/lborba/.cache/pypoetry/virtualenvs/airflow-tutorial-3ROeDTU8-py3.11/lib/python3.11/site-packages/airflow/example_dags/example_dynamic_task_mapping_with_no_taskflow_operators.py
[2024-04-17T10:10:05.284-0300] {logging_mixin.py:188} INFO - [2024-04-17T10:10:05.283-0300] {override.py:1829} INFO - Created Permission View: can edit on DAG:example_dynamic_task_mapping_with_no_taskflow_operators
[2024-04-17T10:10:05.295-0300] {logging_mixin.py:188} INFO - [2024-04-17T10:10:05.295-0300] {override.py:1829} INFO - Created Permission View: can delete on DAG:example_dynamic_task_mapping_with_no_taskflow_operators
[2024-04-17T10:10:05.304-0300] {logging_mixin.py:188} INFO - [2024-04-17T10:10:05.303-0300] {override.py:1829} INFO - Created Permission View: can read on DAG:example_dynamic_task_mapping_with_no_taskflow_operators
[2024-04-17T10:10:05.304-0300] {logging_mixin.py:188} INFO - [2024-04-17T10:10:05.304-0300] {dag.py:3096} INFO - Sync 1 DAGs
[2024-04-17T10:10:05.310-0300] {logging_mixin.py:188} INFO - [2024-04-17T10:10:05.310-0300] {dag.py:3118} INFO - Creating ORM DAG for example_dynamic_task_mapping_with_no_taskflow_operators
[2024-04-17T10:10:05.317-0300] {logging_mixin.py:188} INFO - [2024-04-17T10:10:05.317-0300] {dag.py:3954} INFO - Setting next_dagrun for example_dynamic_task_mapping_with_no_taskflow_operators to 2024-04-16 00:00:00+00:00, run_after=2024-04-17 00:00:00+00:00
[2024-04-17T10:10:05.335-0300] {processor.py:183} INFO - Processing /home/lborba/.cache/pypoetry/virtualenvs/airflow-tutorial-3ROeDTU8-py3.11/lib/python3.11/site-packages/airflow/example_dags/example_dynamic_task_mapping_with_no_taskflow_operators.py took 0.143 seconds
[2024-04-17T10:10:58.633-0300] {processor.py:161} INFO - Started process (PID=23466) to work on /home/lborba/.cache/pypoetry/virtualenvs/airflow-tutorial-3ROeDTU8-py3.11/lib/python3.11/site-packages/airflow/example_dags/example_dynamic_task_mapping_with_no_taskflow_operators.py
[2024-04-17T10:10:58.635-0300] {processor.py:830} INFO - Processing file /home/lborba/.cache/pypoetry/virtualenvs/airflow-tutorial-3ROeDTU8-py3.11/lib/python3.11/site-packages/airflow/example_dags/example_dynamic_task_mapping_with_no_taskflow_operators.py for tasks to queue
[2024-04-17T10:10:58.637-0300] {logging_mixin.py:188} INFO - [2024-04-17T10:10:58.636-0300] {dagbag.py:540} INFO - Filling up the DagBag from /home/lborba/.cache/pypoetry/virtualenvs/airflow-tutorial-3ROeDTU8-py3.11/lib/python3.11/site-packages/airflow/example_dags/example_dynamic_task_mapping_with_no_taskflow_operators.py
[2024-04-17T10:10:58.644-0300] {processor.py:840} INFO - DAG(s) 'example_dynamic_task_mapping_with_no_taskflow_operators' retrieved from /home/lborba/.cache/pypoetry/virtualenvs/airflow-tutorial-3ROeDTU8-py3.11/lib/python3.11/site-packages/airflow/example_dags/example_dynamic_task_mapping_with_no_taskflow_operators.py
[2024-04-17T10:10:58.659-0300] {logging_mixin.py:188} INFO - [2024-04-17T10:10:58.659-0300] {dag.py:3096} INFO - Sync 1 DAGs
[2024-04-17T10:10:58.673-0300] {logging_mixin.py:188} INFO - [2024-04-17T10:10:58.673-0300] {dag.py:3954} INFO - Setting next_dagrun for example_dynamic_task_mapping_with_no_taskflow_operators to 2024-04-16 00:00:00+00:00, run_after=2024-04-17 00:00:00+00:00
[2024-04-17T10:10:58.691-0300] {processor.py:183} INFO - Processing /home/lborba/.cache/pypoetry/virtualenvs/airflow-tutorial-3ROeDTU8-py3.11/lib/python3.11/site-packages/airflow/example_dags/example_dynamic_task_mapping_with_no_taskflow_operators.py took 0.062 seconds
[2024-04-17T10:11:42.994-0300] {processor.py:161} INFO - Started process (PID=23814) to work on /home/lborba/.cache/pypoetry/virtualenvs/airflow-tutorial-3ROeDTU8-py3.11/lib/python3.11/site-packages/airflow/example_dags/example_dynamic_task_mapping_with_no_taskflow_operators.py
[2024-04-17T10:11:42.999-0300] {processor.py:830} INFO - Processing file /home/lborba/.cache/pypoetry/virtualenvs/airflow-tutorial-3ROeDTU8-py3.11/lib/python3.11/site-packages/airflow/example_dags/example_dynamic_task_mapping_with_no_taskflow_operators.py for tasks to queue
[2024-04-17T10:11:43.001-0300] {logging_mixin.py:188} INFO - [2024-04-17T10:11:43.000-0300] {dagbag.py:540} INFO - Filling up the DagBag from /home/lborba/.cache/pypoetry/virtualenvs/airflow-tutorial-3ROeDTU8-py3.11/lib/python3.11/site-packages/airflow/example_dags/example_dynamic_task_mapping_with_no_taskflow_operators.py
[2024-04-17T10:11:43.008-0300] {processor.py:840} INFO - DAG(s) 'example_dynamic_task_mapping_with_no_taskflow_operators' retrieved from /home/lborba/.cache/pypoetry/virtualenvs/airflow-tutorial-3ROeDTU8-py3.11/lib/python3.11/site-packages/airflow/example_dags/example_dynamic_task_mapping_with_no_taskflow_operators.py
[2024-04-17T10:11:43.019-0300] {logging_mixin.py:188} INFO - [2024-04-17T10:11:43.019-0300] {dag.py:3096} INFO - Sync 1 DAGs
[2024-04-17T10:11:43.034-0300] {logging_mixin.py:188} INFO - [2024-04-17T10:11:43.034-0300] {dag.py:3954} INFO - Setting next_dagrun for example_dynamic_task_mapping_with_no_taskflow_operators to 2024-04-16 00:00:00+00:00, run_after=2024-04-17 00:00:00+00:00
[2024-04-17T10:11:43.055-0300] {processor.py:183} INFO - Processing /home/lborba/.cache/pypoetry/virtualenvs/airflow-tutorial-3ROeDTU8-py3.11/lib/python3.11/site-packages/airflow/example_dags/example_dynamic_task_mapping_with_no_taskflow_operators.py took 0.069 seconds
[2024-04-17T10:12:40.176-0300] {processor.py:161} INFO - Started process (PID=24612) to work on /home/lborba/.cache/pypoetry/virtualenvs/airflow-tutorial-3ROeDTU8-py3.11/lib/python3.11/site-packages/airflow/example_dags/example_dynamic_task_mapping_with_no_taskflow_operators.py
[2024-04-17T10:12:40.179-0300] {processor.py:830} INFO - Processing file /home/lborba/.cache/pypoetry/virtualenvs/airflow-tutorial-3ROeDTU8-py3.11/lib/python3.11/site-packages/airflow/example_dags/example_dynamic_task_mapping_with_no_taskflow_operators.py for tasks to queue
[2024-04-17T10:12:40.182-0300] {logging_mixin.py:188} INFO - [2024-04-17T10:12:40.181-0300] {dagbag.py:540} INFO - Filling up the DagBag from /home/lborba/.cache/pypoetry/virtualenvs/airflow-tutorial-3ROeDTU8-py3.11/lib/python3.11/site-packages/airflow/example_dags/example_dynamic_task_mapping_with_no_taskflow_operators.py
[2024-04-17T10:12:40.186-0300] {processor.py:840} INFO - DAG(s) 'example_dynamic_task_mapping_with_no_taskflow_operators' retrieved from /home/lborba/.cache/pypoetry/virtualenvs/airflow-tutorial-3ROeDTU8-py3.11/lib/python3.11/site-packages/airflow/example_dags/example_dynamic_task_mapping_with_no_taskflow_operators.py
[2024-04-17T10:12:40.201-0300] {logging_mixin.py:188} INFO - [2024-04-17T10:12:40.201-0300] {dag.py:3096} INFO - Sync 1 DAGs
[2024-04-17T10:12:40.224-0300] {logging_mixin.py:188} INFO - [2024-04-17T10:12:40.224-0300] {dag.py:3954} INFO - Setting next_dagrun for example_dynamic_task_mapping_with_no_taskflow_operators to 2024-04-16 00:00:00+00:00, run_after=2024-04-17 00:00:00+00:00
[2024-04-17T10:12:40.260-0300] {processor.py:183} INFO - Processing /home/lborba/.cache/pypoetry/virtualenvs/airflow-tutorial-3ROeDTU8-py3.11/lib/python3.11/site-packages/airflow/example_dags/example_dynamic_task_mapping_with_no_taskflow_operators.py took 0.089 seconds
