[2024-04-17T10:09:53.936-0300] {processor.py:161} INFO - Started process (PID=22812) to work on /home/lborba/.cache/pypoetry/virtualenvs/airflow-tutorial-3ROeDTU8-py3.11/lib/python3.11/site-packages/airflow/example_dags/example_latest_only_with_trigger.py
[2024-04-17T10:09:53.936-0300] {processor.py:830} INFO - Processing file /home/lborba/.cache/pypoetry/virtualenvs/airflow-tutorial-3ROeDTU8-py3.11/lib/python3.11/site-packages/airflow/example_dags/example_latest_only_with_trigger.py for tasks to queue
[2024-04-17T10:09:53.937-0300] {logging_mixin.py:188} INFO - [2024-04-17T10:09:53.937-0300] {dagbag.py:540} INFO - Filling up the DagBag from /home/lborba/.cache/pypoetry/virtualenvs/airflow-tutorial-3ROeDTU8-py3.11/lib/python3.11/site-packages/airflow/example_dags/example_latest_only_with_trigger.py
[2024-04-17T10:09:53.945-0300] {processor.py:840} INFO - DAG(s) 'latest_only_with_trigger' retrieved from /home/lborba/.cache/pypoetry/virtualenvs/airflow-tutorial-3ROeDTU8-py3.11/lib/python3.11/site-packages/airflow/example_dags/example_latest_only_with_trigger.py
[2024-04-17T10:09:54.019-0300] {logging_mixin.py:188} INFO - [2024-04-17T10:09:54.018-0300] {override.py:1829} INFO - Created Permission View: can edit on DAG:latest_only_with_trigger
[2024-04-17T10:09:54.028-0300] {logging_mixin.py:188} INFO - [2024-04-17T10:09:54.028-0300] {override.py:1829} INFO - Created Permission View: can delete on DAG:latest_only_with_trigger
[2024-04-17T10:09:54.035-0300] {logging_mixin.py:188} INFO - [2024-04-17T10:09:54.035-0300] {override.py:1829} INFO - Created Permission View: can read on DAG:latest_only_with_trigger
[2024-04-17T10:09:54.035-0300] {logging_mixin.py:188} INFO - [2024-04-17T10:09:54.035-0300] {dag.py:3096} INFO - Sync 1 DAGs
[2024-04-17T10:09:54.042-0300] {logging_mixin.py:188} INFO - [2024-04-17T10:09:54.042-0300] {dag.py:3118} INFO - Creating ORM DAG for latest_only_with_trigger
[2024-04-17T10:09:54.049-0300] {logging_mixin.py:188} INFO - [2024-04-17T10:09:54.048-0300] {dag.py:3954} INFO - Setting next_dagrun for latest_only_with_trigger to 2024-04-17 08:00:00+00:00, run_after=2024-04-17 12:00:00+00:00
[2024-04-17T10:09:54.065-0300] {processor.py:183} INFO - Processing /home/lborba/.cache/pypoetry/virtualenvs/airflow-tutorial-3ROeDTU8-py3.11/lib/python3.11/site-packages/airflow/example_dags/example_latest_only_with_trigger.py took 0.134 seconds
[2024-04-17T10:10:50.616-0300] {processor.py:161} INFO - Started process (PID=23400) to work on /home/lborba/.cache/pypoetry/virtualenvs/airflow-tutorial-3ROeDTU8-py3.11/lib/python3.11/site-packages/airflow/example_dags/example_latest_only_with_trigger.py
[2024-04-17T10:10:50.617-0300] {processor.py:830} INFO - Processing file /home/lborba/.cache/pypoetry/virtualenvs/airflow-tutorial-3ROeDTU8-py3.11/lib/python3.11/site-packages/airflow/example_dags/example_latest_only_with_trigger.py for tasks to queue
[2024-04-17T10:10:50.619-0300] {logging_mixin.py:188} INFO - [2024-04-17T10:10:50.618-0300] {dagbag.py:540} INFO - Filling up the DagBag from /home/lborba/.cache/pypoetry/virtualenvs/airflow-tutorial-3ROeDTU8-py3.11/lib/python3.11/site-packages/airflow/example_dags/example_latest_only_with_trigger.py
[2024-04-17T10:10:50.623-0300] {processor.py:840} INFO - DAG(s) 'latest_only_with_trigger' retrieved from /home/lborba/.cache/pypoetry/virtualenvs/airflow-tutorial-3ROeDTU8-py3.11/lib/python3.11/site-packages/airflow/example_dags/example_latest_only_with_trigger.py
[2024-04-17T10:10:50.635-0300] {logging_mixin.py:188} INFO - [2024-04-17T10:10:50.635-0300] {dag.py:3096} INFO - Sync 1 DAGs
[2024-04-17T10:10:50.648-0300] {logging_mixin.py:188} INFO - [2024-04-17T10:10:50.648-0300] {dag.py:3954} INFO - Setting next_dagrun for latest_only_with_trigger to 2024-04-17 08:00:00+00:00, run_after=2024-04-17 12:00:00+00:00
[2024-04-17T10:10:50.664-0300] {processor.py:183} INFO - Processing /home/lborba/.cache/pypoetry/virtualenvs/airflow-tutorial-3ROeDTU8-py3.11/lib/python3.11/site-packages/airflow/example_dags/example_latest_only_with_trigger.py took 0.052 seconds
[2024-04-17T10:11:33.990-0300] {processor.py:161} INFO - Started process (PID=23745) to work on /home/lborba/.cache/pypoetry/virtualenvs/airflow-tutorial-3ROeDTU8-py3.11/lib/python3.11/site-packages/airflow/example_dags/example_latest_only_with_trigger.py
[2024-04-17T10:11:33.997-0300] {processor.py:830} INFO - Processing file /home/lborba/.cache/pypoetry/virtualenvs/airflow-tutorial-3ROeDTU8-py3.11/lib/python3.11/site-packages/airflow/example_dags/example_latest_only_with_trigger.py for tasks to queue
[2024-04-17T10:11:33.998-0300] {logging_mixin.py:188} INFO - [2024-04-17T10:11:33.997-0300] {dagbag.py:540} INFO - Filling up the DagBag from /home/lborba/.cache/pypoetry/virtualenvs/airflow-tutorial-3ROeDTU8-py3.11/lib/python3.11/site-packages/airflow/example_dags/example_latest_only_with_trigger.py
[2024-04-17T10:11:34.002-0300] {processor.py:840} INFO - DAG(s) 'latest_only_with_trigger' retrieved from /home/lborba/.cache/pypoetry/virtualenvs/airflow-tutorial-3ROeDTU8-py3.11/lib/python3.11/site-packages/airflow/example_dags/example_latest_only_with_trigger.py
[2024-04-17T10:11:34.014-0300] {logging_mixin.py:188} INFO - [2024-04-17T10:11:34.014-0300] {dag.py:3096} INFO - Sync 1 DAGs
[2024-04-17T10:11:34.028-0300] {logging_mixin.py:188} INFO - [2024-04-17T10:11:34.028-0300] {dag.py:3954} INFO - Setting next_dagrun for latest_only_with_trigger to 2024-04-17 08:00:00+00:00, run_after=2024-04-17 12:00:00+00:00
[2024-04-17T10:11:34.046-0300] {processor.py:183} INFO - Processing /home/lborba/.cache/pypoetry/virtualenvs/airflow-tutorial-3ROeDTU8-py3.11/lib/python3.11/site-packages/airflow/example_dags/example_latest_only_with_trigger.py took 0.060 seconds
[2024-04-17T10:12:13.612-0300] {processor.py:161} INFO - Started process (PID=24130) to work on /home/lborba/.cache/pypoetry/virtualenvs/airflow-tutorial-3ROeDTU8-py3.11/lib/python3.11/site-packages/airflow/example_dags/example_latest_only_with_trigger.py
[2024-04-17T10:12:13.618-0300] {processor.py:830} INFO - Processing file /home/lborba/.cache/pypoetry/virtualenvs/airflow-tutorial-3ROeDTU8-py3.11/lib/python3.11/site-packages/airflow/example_dags/example_latest_only_with_trigger.py for tasks to queue
[2024-04-17T10:12:13.620-0300] {logging_mixin.py:188} INFO - [2024-04-17T10:12:13.619-0300] {dagbag.py:540} INFO - Filling up the DagBag from /home/lborba/.cache/pypoetry/virtualenvs/airflow-tutorial-3ROeDTU8-py3.11/lib/python3.11/site-packages/airflow/example_dags/example_latest_only_with_trigger.py
[2024-04-17T10:12:13.624-0300] {processor.py:840} INFO - DAG(s) 'latest_only_with_trigger' retrieved from /home/lborba/.cache/pypoetry/virtualenvs/airflow-tutorial-3ROeDTU8-py3.11/lib/python3.11/site-packages/airflow/example_dags/example_latest_only_with_trigger.py
[2024-04-17T10:12:13.634-0300] {logging_mixin.py:188} INFO - [2024-04-17T10:12:13.634-0300] {dag.py:3096} INFO - Sync 1 DAGs
[2024-04-17T10:12:13.647-0300] {logging_mixin.py:188} INFO - [2024-04-17T10:12:13.647-0300] {dag.py:3954} INFO - Setting next_dagrun for latest_only_with_trigger to 2024-04-17 08:00:00+00:00, run_after=2024-04-17 12:00:00+00:00
[2024-04-17T10:12:13.663-0300] {processor.py:183} INFO - Processing /home/lborba/.cache/pypoetry/virtualenvs/airflow-tutorial-3ROeDTU8-py3.11/lib/python3.11/site-packages/airflow/example_dags/example_latest_only_with_trigger.py took 0.055 seconds
[2024-04-17T10:13:06.796-0300] {processor.py:161} INFO - Started process (PID=25022) to work on /home/lborba/.cache/pypoetry/virtualenvs/airflow-tutorial-3ROeDTU8-py3.11/lib/python3.11/site-packages/airflow/example_dags/example_latest_only_with_trigger.py
[2024-04-17T10:13:06.800-0300] {processor.py:830} INFO - Processing file /home/lborba/.cache/pypoetry/virtualenvs/airflow-tutorial-3ROeDTU8-py3.11/lib/python3.11/site-packages/airflow/example_dags/example_latest_only_with_trigger.py for tasks to queue
[2024-04-17T10:13:06.805-0300] {logging_mixin.py:188} INFO - [2024-04-17T10:13:06.803-0300] {dagbag.py:540} INFO - Filling up the DagBag from /home/lborba/.cache/pypoetry/virtualenvs/airflow-tutorial-3ROeDTU8-py3.11/lib/python3.11/site-packages/airflow/example_dags/example_latest_only_with_trigger.py
[2024-04-17T10:13:06.819-0300] {processor.py:840} INFO - DAG(s) 'latest_only_with_trigger' retrieved from /home/lborba/.cache/pypoetry/virtualenvs/airflow-tutorial-3ROeDTU8-py3.11/lib/python3.11/site-packages/airflow/example_dags/example_latest_only_with_trigger.py
[2024-04-17T10:13:06.856-0300] {logging_mixin.py:188} INFO - [2024-04-17T10:13:06.856-0300] {dag.py:3096} INFO - Sync 1 DAGs
[2024-04-17T10:13:06.880-0300] {logging_mixin.py:188} INFO - [2024-04-17T10:13:06.880-0300] {dag.py:3954} INFO - Setting next_dagrun for latest_only_with_trigger to 2024-04-17 08:00:00+00:00, run_after=2024-04-17 12:00:00+00:00
[2024-04-17T10:13:06.907-0300] {processor.py:183} INFO - Processing /home/lborba/.cache/pypoetry/virtualenvs/airflow-tutorial-3ROeDTU8-py3.11/lib/python3.11/site-packages/airflow/example_dags/example_latest_only_with_trigger.py took 0.124 seconds
