[2024-04-17T10:10:35.392-0300] {processor.py:161} INFO - Started process (PID=23284) to work on /home/lborba/.cache/pypoetry/virtualenvs/airflow-tutorial-3ROeDTU8-py3.11/lib/python3.11/site-packages/airflow/example_dags/example_task_group.py
[2024-04-17T10:10:35.393-0300] {processor.py:830} INFO - Processing file /home/lborba/.cache/pypoetry/virtualenvs/airflow-tutorial-3ROeDTU8-py3.11/lib/python3.11/site-packages/airflow/example_dags/example_task_group.py for tasks to queue
[2024-04-17T10:10:35.394-0300] {logging_mixin.py:188} INFO - [2024-04-17T10:10:35.394-0300] {dagbag.py:540} INFO - Filling up the DagBag from /home/lborba/.cache/pypoetry/virtualenvs/airflow-tutorial-3ROeDTU8-py3.11/lib/python3.11/site-packages/airflow/example_dags/example_task_group.py
[2024-04-17T10:10:35.407-0300] {processor.py:840} INFO - DAG(s) 'example_task_group' retrieved from /home/lborba/.cache/pypoetry/virtualenvs/airflow-tutorial-3ROeDTU8-py3.11/lib/python3.11/site-packages/airflow/example_dags/example_task_group.py
[2024-04-17T10:10:35.519-0300] {logging_mixin.py:188} INFO - [2024-04-17T10:10:35.516-0300] {override.py:1829} INFO - Created Permission View: can edit on DAG:example_task_group
[2024-04-17T10:10:35.536-0300] {logging_mixin.py:188} INFO - [2024-04-17T10:10:35.535-0300] {override.py:1829} INFO - Created Permission View: can delete on DAG:example_task_group
[2024-04-17T10:10:35.549-0300] {logging_mixin.py:188} INFO - [2024-04-17T10:10:35.548-0300] {override.py:1829} INFO - Created Permission View: can read on DAG:example_task_group
[2024-04-17T10:10:35.549-0300] {logging_mixin.py:188} INFO - [2024-04-17T10:10:35.549-0300] {dag.py:3096} INFO - Sync 1 DAGs
[2024-04-17T10:10:35.565-0300] {logging_mixin.py:188} INFO - [2024-04-17T10:10:35.564-0300] {dag.py:3118} INFO - Creating ORM DAG for example_task_group
[2024-04-17T10:10:35.578-0300] {logging_mixin.py:188} INFO - [2024-04-17T10:10:35.577-0300] {dag.py:3954} INFO - Setting next_dagrun for example_task_group to 2024-04-16 00:00:00+00:00, run_after=2024-04-17 00:00:00+00:00
[2024-04-17T10:10:35.609-0300] {processor.py:183} INFO - Processing /home/lborba/.cache/pypoetry/virtualenvs/airflow-tutorial-3ROeDTU8-py3.11/lib/python3.11/site-packages/airflow/example_dags/example_task_group.py took 0.229 seconds
[2024-04-17T10:11:25.433-0300] {processor.py:161} INFO - Started process (PID=23680) to work on /home/lborba/.cache/pypoetry/virtualenvs/airflow-tutorial-3ROeDTU8-py3.11/lib/python3.11/site-packages/airflow/example_dags/example_task_group.py
[2024-04-17T10:11:25.440-0300] {processor.py:830} INFO - Processing file /home/lborba/.cache/pypoetry/virtualenvs/airflow-tutorial-3ROeDTU8-py3.11/lib/python3.11/site-packages/airflow/example_dags/example_task_group.py for tasks to queue
[2024-04-17T10:11:25.442-0300] {logging_mixin.py:188} INFO - [2024-04-17T10:11:25.441-0300] {dagbag.py:540} INFO - Filling up the DagBag from /home/lborba/.cache/pypoetry/virtualenvs/airflow-tutorial-3ROeDTU8-py3.11/lib/python3.11/site-packages/airflow/example_dags/example_task_group.py
[2024-04-17T10:11:25.448-0300] {processor.py:840} INFO - DAG(s) 'example_task_group' retrieved from /home/lborba/.cache/pypoetry/virtualenvs/airflow-tutorial-3ROeDTU8-py3.11/lib/python3.11/site-packages/airflow/example_dags/example_task_group.py
[2024-04-17T10:11:25.466-0300] {logging_mixin.py:188} INFO - [2024-04-17T10:11:25.465-0300] {dag.py:3096} INFO - Sync 1 DAGs
[2024-04-17T10:11:25.481-0300] {logging_mixin.py:188} INFO - [2024-04-17T10:11:25.481-0300] {dag.py:3954} INFO - Setting next_dagrun for example_task_group to 2024-04-16 00:00:00+00:00, run_after=2024-04-17 00:00:00+00:00
[2024-04-17T10:11:25.502-0300] {processor.py:183} INFO - Processing /home/lborba/.cache/pypoetry/virtualenvs/airflow-tutorial-3ROeDTU8-py3.11/lib/python3.11/site-packages/airflow/example_dags/example_task_group.py took 0.073 seconds
[2024-04-17T10:12:33.294-0300] {processor.py:161} INFO - Started process (PID=24471) to work on /home/lborba/.cache/pypoetry/virtualenvs/airflow-tutorial-3ROeDTU8-py3.11/lib/python3.11/site-packages/airflow/example_dags/example_task_group.py
[2024-04-17T10:12:33.295-0300] {processor.py:830} INFO - Processing file /home/lborba/.cache/pypoetry/virtualenvs/airflow-tutorial-3ROeDTU8-py3.11/lib/python3.11/site-packages/airflow/example_dags/example_task_group.py for tasks to queue
[2024-04-17T10:12:33.296-0300] {logging_mixin.py:188} INFO - [2024-04-17T10:12:33.296-0300] {dagbag.py:540} INFO - Filling up the DagBag from /home/lborba/.cache/pypoetry/virtualenvs/airflow-tutorial-3ROeDTU8-py3.11/lib/python3.11/site-packages/airflow/example_dags/example_task_group.py
[2024-04-17T10:12:33.302-0300] {processor.py:840} INFO - DAG(s) 'example_task_group' retrieved from /home/lborba/.cache/pypoetry/virtualenvs/airflow-tutorial-3ROeDTU8-py3.11/lib/python3.11/site-packages/airflow/example_dags/example_task_group.py
[2024-04-17T10:12:33.314-0300] {logging_mixin.py:188} INFO - [2024-04-17T10:12:33.314-0300] {dag.py:3096} INFO - Sync 1 DAGs
[2024-04-17T10:12:33.326-0300] {logging_mixin.py:188} INFO - [2024-04-17T10:12:33.326-0300] {dag.py:3954} INFO - Setting next_dagrun for example_task_group to 2024-04-16 00:00:00+00:00, run_after=2024-04-17 00:00:00+00:00
[2024-04-17T10:12:33.343-0300] {processor.py:183} INFO - Processing /home/lborba/.cache/pypoetry/virtualenvs/airflow-tutorial-3ROeDTU8-py3.11/lib/python3.11/site-packages/airflow/example_dags/example_task_group.py took 0.053 seconds
[2024-04-17T10:13:22.534-0300] {processor.py:161} INFO - Started process (PID=25282) to work on /home/lborba/.cache/pypoetry/virtualenvs/airflow-tutorial-3ROeDTU8-py3.11/lib/python3.11/site-packages/airflow/example_dags/example_task_group.py
[2024-04-17T10:13:22.541-0300] {processor.py:830} INFO - Processing file /home/lborba/.cache/pypoetry/virtualenvs/airflow-tutorial-3ROeDTU8-py3.11/lib/python3.11/site-packages/airflow/example_dags/example_task_group.py for tasks to queue
[2024-04-17T10:13:22.542-0300] {logging_mixin.py:188} INFO - [2024-04-17T10:13:22.542-0300] {dagbag.py:540} INFO - Filling up the DagBag from /home/lborba/.cache/pypoetry/virtualenvs/airflow-tutorial-3ROeDTU8-py3.11/lib/python3.11/site-packages/airflow/example_dags/example_task_group.py
[2024-04-17T10:13:22.547-0300] {processor.py:840} INFO - DAG(s) 'example_task_group' retrieved from /home/lborba/.cache/pypoetry/virtualenvs/airflow-tutorial-3ROeDTU8-py3.11/lib/python3.11/site-packages/airflow/example_dags/example_task_group.py
[2024-04-17T10:13:22.558-0300] {logging_mixin.py:188} INFO - [2024-04-17T10:13:22.558-0300] {dag.py:3096} INFO - Sync 1 DAGs
[2024-04-17T10:13:22.570-0300] {logging_mixin.py:188} INFO - [2024-04-17T10:13:22.570-0300] {dag.py:3954} INFO - Setting next_dagrun for example_task_group to 2024-04-16 00:00:00+00:00, run_after=2024-04-17 00:00:00+00:00
[2024-04-17T10:13:22.586-0300] {processor.py:183} INFO - Processing /home/lborba/.cache/pypoetry/virtualenvs/airflow-tutorial-3ROeDTU8-py3.11/lib/python3.11/site-packages/airflow/example_dags/example_task_group.py took 0.056 seconds
