[2024-04-17T10:10:11.965-0300] {processor.py:161} INFO - Started process (PID=23100) to work on /home/lborba/.cache/pypoetry/virtualenvs/airflow-tutorial-3ROeDTU8-py3.11/lib/python3.11/site-packages/airflow/example_dags/example_trigger_target_dag.py
[2024-04-17T10:10:11.966-0300] {processor.py:830} INFO - Processing file /home/lborba/.cache/pypoetry/virtualenvs/airflow-tutorial-3ROeDTU8-py3.11/lib/python3.11/site-packages/airflow/example_dags/example_trigger_target_dag.py for tasks to queue
[2024-04-17T10:10:11.968-0300] {logging_mixin.py:188} INFO - [2024-04-17T10:10:11.967-0300] {dagbag.py:540} INFO - Filling up the DagBag from /home/lborba/.cache/pypoetry/virtualenvs/airflow-tutorial-3ROeDTU8-py3.11/lib/python3.11/site-packages/airflow/example_dags/example_trigger_target_dag.py
[2024-04-17T10:10:11.977-0300] {processor.py:840} INFO - DAG(s) 'example_trigger_target_dag' retrieved from /home/lborba/.cache/pypoetry/virtualenvs/airflow-tutorial-3ROeDTU8-py3.11/lib/python3.11/site-packages/airflow/example_dags/example_trigger_target_dag.py
[2024-04-17T10:10:12.056-0300] {logging_mixin.py:188} INFO - [2024-04-17T10:10:12.055-0300] {override.py:1829} INFO - Created Permission View: can edit on DAG:example_trigger_target_dag
[2024-04-17T10:10:12.069-0300] {logging_mixin.py:188} INFO - [2024-04-17T10:10:12.068-0300] {override.py:1829} INFO - Created Permission View: can delete on DAG:example_trigger_target_dag
[2024-04-17T10:10:12.076-0300] {logging_mixin.py:188} INFO - [2024-04-17T10:10:12.076-0300] {override.py:1829} INFO - Created Permission View: can read on DAG:example_trigger_target_dag
[2024-04-17T10:10:12.077-0300] {logging_mixin.py:188} INFO - [2024-04-17T10:10:12.076-0300] {dag.py:3096} INFO - Sync 1 DAGs
[2024-04-17T10:10:12.085-0300] {logging_mixin.py:188} INFO - [2024-04-17T10:10:12.084-0300] {dag.py:3118} INFO - Creating ORM DAG for example_trigger_target_dag
[2024-04-17T10:10:12.085-0300] {logging_mixin.py:188} INFO - [2024-04-17T10:10:12.085-0300] {dag.py:3954} INFO - Setting next_dagrun for example_trigger_target_dag to None, run_after=None
[2024-04-17T10:10:12.105-0300] {processor.py:183} INFO - Processing /home/lborba/.cache/pypoetry/virtualenvs/airflow-tutorial-3ROeDTU8-py3.11/lib/python3.11/site-packages/airflow/example_dags/example_trigger_target_dag.py took 0.145 seconds
[2024-04-17T10:11:06.007-0300] {processor.py:161} INFO - Started process (PID=23526) to work on /home/lborba/.cache/pypoetry/virtualenvs/airflow-tutorial-3ROeDTU8-py3.11/lib/python3.11/site-packages/airflow/example_dags/example_trigger_target_dag.py
[2024-04-17T10:11:06.008-0300] {processor.py:830} INFO - Processing file /home/lborba/.cache/pypoetry/virtualenvs/airflow-tutorial-3ROeDTU8-py3.11/lib/python3.11/site-packages/airflow/example_dags/example_trigger_target_dag.py for tasks to queue
[2024-04-17T10:11:06.009-0300] {logging_mixin.py:188} INFO - [2024-04-17T10:11:06.009-0300] {dagbag.py:540} INFO - Filling up the DagBag from /home/lborba/.cache/pypoetry/virtualenvs/airflow-tutorial-3ROeDTU8-py3.11/lib/python3.11/site-packages/airflow/example_dags/example_trigger_target_dag.py
[2024-04-17T10:11:06.013-0300] {processor.py:840} INFO - DAG(s) 'example_trigger_target_dag' retrieved from /home/lborba/.cache/pypoetry/virtualenvs/airflow-tutorial-3ROeDTU8-py3.11/lib/python3.11/site-packages/airflow/example_dags/example_trigger_target_dag.py
[2024-04-17T10:11:06.023-0300] {logging_mixin.py:188} INFO - [2024-04-17T10:11:06.023-0300] {dag.py:3096} INFO - Sync 1 DAGs
[2024-04-17T10:11:06.030-0300] {logging_mixin.py:188} INFO - [2024-04-17T10:11:06.030-0300] {dag.py:3954} INFO - Setting next_dagrun for example_trigger_target_dag to None, run_after=None
[2024-04-17T10:11:06.047-0300] {processor.py:183} INFO - Processing /home/lborba/.cache/pypoetry/virtualenvs/airflow-tutorial-3ROeDTU8-py3.11/lib/python3.11/site-packages/airflow/example_dags/example_trigger_target_dag.py took 0.044 seconds
[2024-04-17T10:11:55.085-0300] {processor.py:161} INFO - Started process (PID=23910) to work on /home/lborba/.cache/pypoetry/virtualenvs/airflow-tutorial-3ROeDTU8-py3.11/lib/python3.11/site-packages/airflow/example_dags/example_trigger_target_dag.py
[2024-04-17T10:11:55.086-0300] {processor.py:830} INFO - Processing file /home/lborba/.cache/pypoetry/virtualenvs/airflow-tutorial-3ROeDTU8-py3.11/lib/python3.11/site-packages/airflow/example_dags/example_trigger_target_dag.py for tasks to queue
[2024-04-17T10:11:55.088-0300] {logging_mixin.py:188} INFO - [2024-04-17T10:11:55.087-0300] {dagbag.py:540} INFO - Filling up the DagBag from /home/lborba/.cache/pypoetry/virtualenvs/airflow-tutorial-3ROeDTU8-py3.11/lib/python3.11/site-packages/airflow/example_dags/example_trigger_target_dag.py
[2024-04-17T10:11:55.096-0300] {processor.py:840} INFO - DAG(s) 'example_trigger_target_dag' retrieved from /home/lborba/.cache/pypoetry/virtualenvs/airflow-tutorial-3ROeDTU8-py3.11/lib/python3.11/site-packages/airflow/example_dags/example_trigger_target_dag.py
[2024-04-17T10:11:55.110-0300] {logging_mixin.py:188} INFO - [2024-04-17T10:11:55.110-0300] {dag.py:3096} INFO - Sync 1 DAGs
[2024-04-17T10:11:55.119-0300] {logging_mixin.py:188} INFO - [2024-04-17T10:11:55.119-0300] {dag.py:3954} INFO - Setting next_dagrun for example_trigger_target_dag to None, run_after=None
[2024-04-17T10:11:55.138-0300] {processor.py:183} INFO - Processing /home/lborba/.cache/pypoetry/virtualenvs/airflow-tutorial-3ROeDTU8-py3.11/lib/python3.11/site-packages/airflow/example_dags/example_trigger_target_dag.py took 0.058 seconds
[2024-04-17T10:12:46.296-0300] {processor.py:161} INFO - Started process (PID=24718) to work on /home/lborba/.cache/pypoetry/virtualenvs/airflow-tutorial-3ROeDTU8-py3.11/lib/python3.11/site-packages/airflow/example_dags/example_trigger_target_dag.py
[2024-04-17T10:12:46.297-0300] {processor.py:830} INFO - Processing file /home/lborba/.cache/pypoetry/virtualenvs/airflow-tutorial-3ROeDTU8-py3.11/lib/python3.11/site-packages/airflow/example_dags/example_trigger_target_dag.py for tasks to queue
[2024-04-17T10:12:46.298-0300] {logging_mixin.py:188} INFO - [2024-04-17T10:12:46.298-0300] {dagbag.py:540} INFO - Filling up the DagBag from /home/lborba/.cache/pypoetry/virtualenvs/airflow-tutorial-3ROeDTU8-py3.11/lib/python3.11/site-packages/airflow/example_dags/example_trigger_target_dag.py
[2024-04-17T10:12:46.307-0300] {processor.py:840} INFO - DAG(s) 'example_trigger_target_dag' retrieved from /home/lborba/.cache/pypoetry/virtualenvs/airflow-tutorial-3ROeDTU8-py3.11/lib/python3.11/site-packages/airflow/example_dags/example_trigger_target_dag.py
[2024-04-17T10:12:46.322-0300] {logging_mixin.py:188} INFO - [2024-04-17T10:12:46.321-0300] {dag.py:3096} INFO - Sync 1 DAGs
[2024-04-17T10:12:46.330-0300] {logging_mixin.py:188} INFO - [2024-04-17T10:12:46.330-0300] {dag.py:3954} INFO - Setting next_dagrun for example_trigger_target_dag to None, run_after=None
[2024-04-17T10:12:46.350-0300] {processor.py:183} INFO - Processing /home/lborba/.cache/pypoetry/virtualenvs/airflow-tutorial-3ROeDTU8-py3.11/lib/python3.11/site-packages/airflow/example_dags/example_trigger_target_dag.py took 0.060 seconds
