[2024-04-17T10:10:09.199-0300] {processor.py:161} INFO - Started process (PID=23055) to work on /home/lborba/.cache/pypoetry/virtualenvs/airflow-tutorial-3ROeDTU8-py3.11/lib/python3.11/site-packages/airflow/example_dags/example_short_circuit_decorator.py
[2024-04-17T10:10:09.200-0300] {processor.py:830} INFO - Processing file /home/lborba/.cache/pypoetry/virtualenvs/airflow-tutorial-3ROeDTU8-py3.11/lib/python3.11/site-packages/airflow/example_dags/example_short_circuit_decorator.py for tasks to queue
[2024-04-17T10:10:09.201-0300] {logging_mixin.py:188} INFO - [2024-04-17T10:10:09.201-0300] {dagbag.py:540} INFO - Filling up the DagBag from /home/lborba/.cache/pypoetry/virtualenvs/airflow-tutorial-3ROeDTU8-py3.11/lib/python3.11/site-packages/airflow/example_dags/example_short_circuit_decorator.py
[2024-04-17T10:10:09.211-0300] {processor.py:840} INFO - DAG(s) 'example_short_circuit_decorator' retrieved from /home/lborba/.cache/pypoetry/virtualenvs/airflow-tutorial-3ROeDTU8-py3.11/lib/python3.11/site-packages/airflow/example_dags/example_short_circuit_decorator.py
[2024-04-17T10:10:09.290-0300] {logging_mixin.py:188} INFO - [2024-04-17T10:10:09.290-0300] {override.py:1829} INFO - Created Permission View: can edit on DAG:example_short_circuit_decorator
[2024-04-17T10:10:09.300-0300] {logging_mixin.py:188} INFO - [2024-04-17T10:10:09.300-0300] {override.py:1829} INFO - Created Permission View: can delete on DAG:example_short_circuit_decorator
[2024-04-17T10:10:09.308-0300] {logging_mixin.py:188} INFO - [2024-04-17T10:10:09.307-0300] {override.py:1829} INFO - Created Permission View: can read on DAG:example_short_circuit_decorator
[2024-04-17T10:10:09.308-0300] {logging_mixin.py:188} INFO - [2024-04-17T10:10:09.308-0300] {dag.py:3096} INFO - Sync 1 DAGs
[2024-04-17T10:10:09.314-0300] {logging_mixin.py:188} INFO - [2024-04-17T10:10:09.314-0300] {dag.py:3118} INFO - Creating ORM DAG for example_short_circuit_decorator
[2024-04-17T10:10:09.319-0300] {logging_mixin.py:188} INFO - [2024-04-17T10:10:09.319-0300] {dag.py:3954} INFO - Setting next_dagrun for example_short_circuit_decorator to 2024-04-16 00:00:00+00:00, run_after=2024-04-17 00:00:00+00:00
[2024-04-17T10:10:09.335-0300] {processor.py:183} INFO - Processing /home/lborba/.cache/pypoetry/virtualenvs/airflow-tutorial-3ROeDTU8-py3.11/lib/python3.11/site-packages/airflow/example_dags/example_short_circuit_decorator.py took 0.140 seconds
[2024-04-17T10:11:02.493-0300] {processor.py:161} INFO - Started process (PID=23497) to work on /home/lborba/.cache/pypoetry/virtualenvs/airflow-tutorial-3ROeDTU8-py3.11/lib/python3.11/site-packages/airflow/example_dags/example_short_circuit_decorator.py
[2024-04-17T10:11:02.499-0300] {processor.py:830} INFO - Processing file /home/lborba/.cache/pypoetry/virtualenvs/airflow-tutorial-3ROeDTU8-py3.11/lib/python3.11/site-packages/airflow/example_dags/example_short_circuit_decorator.py for tasks to queue
[2024-04-17T10:11:02.500-0300] {logging_mixin.py:188} INFO - [2024-04-17T10:11:02.500-0300] {dagbag.py:540} INFO - Filling up the DagBag from /home/lborba/.cache/pypoetry/virtualenvs/airflow-tutorial-3ROeDTU8-py3.11/lib/python3.11/site-packages/airflow/example_dags/example_short_circuit_decorator.py
[2024-04-17T10:11:02.507-0300] {processor.py:840} INFO - DAG(s) 'example_short_circuit_decorator' retrieved from /home/lborba/.cache/pypoetry/virtualenvs/airflow-tutorial-3ROeDTU8-py3.11/lib/python3.11/site-packages/airflow/example_dags/example_short_circuit_decorator.py
[2024-04-17T10:11:02.520-0300] {logging_mixin.py:188} INFO - [2024-04-17T10:11:02.520-0300] {dag.py:3096} INFO - Sync 1 DAGs
[2024-04-17T10:11:02.532-0300] {logging_mixin.py:188} INFO - [2024-04-17T10:11:02.532-0300] {dag.py:3954} INFO - Setting next_dagrun for example_short_circuit_decorator to 2024-04-16 00:00:00+00:00, run_after=2024-04-17 00:00:00+00:00
[2024-04-17T10:11:02.555-0300] {processor.py:183} INFO - Processing /home/lborba/.cache/pypoetry/virtualenvs/airflow-tutorial-3ROeDTU8-py3.11/lib/python3.11/site-packages/airflow/example_dags/example_short_circuit_decorator.py took 0.066 seconds
[2024-04-17T10:11:52.516-0300] {processor.py:161} INFO - Started process (PID=23891) to work on /home/lborba/.cache/pypoetry/virtualenvs/airflow-tutorial-3ROeDTU8-py3.11/lib/python3.11/site-packages/airflow/example_dags/example_short_circuit_decorator.py
[2024-04-17T10:11:52.523-0300] {processor.py:830} INFO - Processing file /home/lborba/.cache/pypoetry/virtualenvs/airflow-tutorial-3ROeDTU8-py3.11/lib/python3.11/site-packages/airflow/example_dags/example_short_circuit_decorator.py for tasks to queue
[2024-04-17T10:11:52.527-0300] {logging_mixin.py:188} INFO - [2024-04-17T10:11:52.526-0300] {dagbag.py:540} INFO - Filling up the DagBag from /home/lborba/.cache/pypoetry/virtualenvs/airflow-tutorial-3ROeDTU8-py3.11/lib/python3.11/site-packages/airflow/example_dags/example_short_circuit_decorator.py
[2024-04-17T10:11:52.536-0300] {processor.py:840} INFO - DAG(s) 'example_short_circuit_decorator' retrieved from /home/lborba/.cache/pypoetry/virtualenvs/airflow-tutorial-3ROeDTU8-py3.11/lib/python3.11/site-packages/airflow/example_dags/example_short_circuit_decorator.py
[2024-04-17T10:11:52.554-0300] {logging_mixin.py:188} INFO - [2024-04-17T10:11:52.554-0300] {dag.py:3096} INFO - Sync 1 DAGs
[2024-04-17T10:11:52.577-0300] {logging_mixin.py:188} INFO - [2024-04-17T10:11:52.576-0300] {dag.py:3954} INFO - Setting next_dagrun for example_short_circuit_decorator to 2024-04-16 00:00:00+00:00, run_after=2024-04-17 00:00:00+00:00
[2024-04-17T10:11:52.600-0300] {processor.py:183} INFO - Processing /home/lborba/.cache/pypoetry/virtualenvs/airflow-tutorial-3ROeDTU8-py3.11/lib/python3.11/site-packages/airflow/example_dags/example_short_circuit_decorator.py took 0.093 seconds
[2024-04-17T10:12:43.422-0300] {processor.py:161} INFO - Started process (PID=24654) to work on /home/lborba/.cache/pypoetry/virtualenvs/airflow-tutorial-3ROeDTU8-py3.11/lib/python3.11/site-packages/airflow/example_dags/example_short_circuit_decorator.py
[2024-04-17T10:12:43.427-0300] {processor.py:830} INFO - Processing file /home/lborba/.cache/pypoetry/virtualenvs/airflow-tutorial-3ROeDTU8-py3.11/lib/python3.11/site-packages/airflow/example_dags/example_short_circuit_decorator.py for tasks to queue
[2024-04-17T10:12:43.429-0300] {logging_mixin.py:188} INFO - [2024-04-17T10:12:43.428-0300] {dagbag.py:540} INFO - Filling up the DagBag from /home/lborba/.cache/pypoetry/virtualenvs/airflow-tutorial-3ROeDTU8-py3.11/lib/python3.11/site-packages/airflow/example_dags/example_short_circuit_decorator.py
[2024-04-17T10:12:43.436-0300] {processor.py:840} INFO - DAG(s) 'example_short_circuit_decorator' retrieved from /home/lborba/.cache/pypoetry/virtualenvs/airflow-tutorial-3ROeDTU8-py3.11/lib/python3.11/site-packages/airflow/example_dags/example_short_circuit_decorator.py
[2024-04-17T10:12:43.452-0300] {logging_mixin.py:188} INFO - [2024-04-17T10:12:43.452-0300] {dag.py:3096} INFO - Sync 1 DAGs
[2024-04-17T10:12:43.466-0300] {logging_mixin.py:188} INFO - [2024-04-17T10:12:43.466-0300] {dag.py:3954} INFO - Setting next_dagrun for example_short_circuit_decorator to 2024-04-16 00:00:00+00:00, run_after=2024-04-17 00:00:00+00:00
[2024-04-17T10:12:43.485-0300] {processor.py:183} INFO - Processing /home/lborba/.cache/pypoetry/virtualenvs/airflow-tutorial-3ROeDTU8-py3.11/lib/python3.11/site-packages/airflow/example_dags/example_short_circuit_decorator.py took 0.068 seconds
[2024-04-17T10:13:29.962-0300] {processor.py:161} INFO - Started process (PID=25375) to work on /home/lborba/.cache/pypoetry/virtualenvs/airflow-tutorial-3ROeDTU8-py3.11/lib/python3.11/site-packages/airflow/example_dags/example_short_circuit_decorator.py
[2024-04-17T10:13:29.964-0300] {processor.py:830} INFO - Processing file /home/lborba/.cache/pypoetry/virtualenvs/airflow-tutorial-3ROeDTU8-py3.11/lib/python3.11/site-packages/airflow/example_dags/example_short_circuit_decorator.py for tasks to queue
[2024-04-17T10:13:29.965-0300] {logging_mixin.py:188} INFO - [2024-04-17T10:13:29.965-0300] {dagbag.py:540} INFO - Filling up the DagBag from /home/lborba/.cache/pypoetry/virtualenvs/airflow-tutorial-3ROeDTU8-py3.11/lib/python3.11/site-packages/airflow/example_dags/example_short_circuit_decorator.py
[2024-04-17T10:13:29.972-0300] {processor.py:840} INFO - DAG(s) 'example_short_circuit_decorator' retrieved from /home/lborba/.cache/pypoetry/virtualenvs/airflow-tutorial-3ROeDTU8-py3.11/lib/python3.11/site-packages/airflow/example_dags/example_short_circuit_decorator.py
[2024-04-17T10:13:29.985-0300] {logging_mixin.py:188} INFO - [2024-04-17T10:13:29.985-0300] {dag.py:3096} INFO - Sync 1 DAGs
[2024-04-17T10:13:30.022-0300] {logging_mixin.py:188} INFO - [2024-04-17T10:13:30.021-0300] {dag.py:3954} INFO - Setting next_dagrun for example_short_circuit_decorator to 2024-04-16 00:00:00+00:00, run_after=2024-04-17 00:00:00+00:00
[2024-04-17T10:13:30.045-0300] {processor.py:183} INFO - Processing /home/lborba/.cache/pypoetry/virtualenvs/airflow-tutorial-3ROeDTU8-py3.11/lib/python3.11/site-packages/airflow/example_dags/example_short_circuit_decorator.py took 0.087 seconds
[2024-04-17T10:14:11.176-0300] {processor.py:161} INFO - Started process (PID=25859) to work on /home/lborba/.cache/pypoetry/virtualenvs/airflow-tutorial-3ROeDTU8-py3.11/lib/python3.11/site-packages/airflow/example_dags/example_short_circuit_decorator.py
[2024-04-17T10:14:11.178-0300] {processor.py:830} INFO - Processing file /home/lborba/.cache/pypoetry/virtualenvs/airflow-tutorial-3ROeDTU8-py3.11/lib/python3.11/site-packages/airflow/example_dags/example_short_circuit_decorator.py for tasks to queue
[2024-04-17T10:14:11.181-0300] {logging_mixin.py:188} INFO - [2024-04-17T10:14:11.180-0300] {dagbag.py:540} INFO - Filling up the DagBag from /home/lborba/.cache/pypoetry/virtualenvs/airflow-tutorial-3ROeDTU8-py3.11/lib/python3.11/site-packages/airflow/example_dags/example_short_circuit_decorator.py
[2024-04-17T10:14:11.189-0300] {processor.py:840} INFO - DAG(s) 'example_short_circuit_decorator' retrieved from /home/lborba/.cache/pypoetry/virtualenvs/airflow-tutorial-3ROeDTU8-py3.11/lib/python3.11/site-packages/airflow/example_dags/example_short_circuit_decorator.py
[2024-04-17T10:14:11.204-0300] {logging_mixin.py:188} INFO - [2024-04-17T10:14:11.204-0300] {dag.py:3096} INFO - Sync 1 DAGs
[2024-04-17T10:14:11.218-0300] {logging_mixin.py:188} INFO - [2024-04-17T10:14:11.218-0300] {dag.py:3954} INFO - Setting next_dagrun for example_short_circuit_decorator to 2024-04-16 00:00:00+00:00, run_after=2024-04-17 00:00:00+00:00
[2024-04-17T10:14:11.238-0300] {processor.py:183} INFO - Processing /home/lborba/.cache/pypoetry/virtualenvs/airflow-tutorial-3ROeDTU8-py3.11/lib/python3.11/site-packages/airflow/example_dags/example_short_circuit_decorator.py took 0.067 seconds
[2024-04-17T10:14:49.138-0300] {processor.py:161} INFO - Started process (PID=26220) to work on /home/lborba/.cache/pypoetry/virtualenvs/airflow-tutorial-3ROeDTU8-py3.11/lib/python3.11/site-packages/airflow/example_dags/example_short_circuit_decorator.py
[2024-04-17T10:14:49.145-0300] {processor.py:830} INFO - Processing file /home/lborba/.cache/pypoetry/virtualenvs/airflow-tutorial-3ROeDTU8-py3.11/lib/python3.11/site-packages/airflow/example_dags/example_short_circuit_decorator.py for tasks to queue
[2024-04-17T10:14:49.146-0300] {logging_mixin.py:188} INFO - [2024-04-17T10:14:49.146-0300] {dagbag.py:540} INFO - Filling up the DagBag from /home/lborba/.cache/pypoetry/virtualenvs/airflow-tutorial-3ROeDTU8-py3.11/lib/python3.11/site-packages/airflow/example_dags/example_short_circuit_decorator.py
[2024-04-17T10:14:49.157-0300] {processor.py:840} INFO - DAG(s) 'example_short_circuit_decorator' retrieved from /home/lborba/.cache/pypoetry/virtualenvs/airflow-tutorial-3ROeDTU8-py3.11/lib/python3.11/site-packages/airflow/example_dags/example_short_circuit_decorator.py
[2024-04-17T10:14:49.171-0300] {logging_mixin.py:188} INFO - [2024-04-17T10:14:49.170-0300] {dag.py:3096} INFO - Sync 1 DAGs
[2024-04-17T10:14:49.183-0300] {logging_mixin.py:188} INFO - [2024-04-17T10:14:49.183-0300] {dag.py:3954} INFO - Setting next_dagrun for example_short_circuit_decorator to 2024-04-16 00:00:00+00:00, run_after=2024-04-17 00:00:00+00:00
[2024-04-17T10:14:49.201-0300] {processor.py:183} INFO - Processing /home/lborba/.cache/pypoetry/virtualenvs/airflow-tutorial-3ROeDTU8-py3.11/lib/python3.11/site-packages/airflow/example_dags/example_short_circuit_decorator.py took 0.067 seconds
[2024-04-17T10:15:28.804-0300] {processor.py:161} INFO - Started process (PID=26661) to work on /home/lborba/.cache/pypoetry/virtualenvs/airflow-tutorial-3ROeDTU8-py3.11/lib/python3.11/site-packages/airflow/example_dags/example_short_circuit_decorator.py
[2024-04-17T10:15:28.811-0300] {processor.py:830} INFO - Processing file /home/lborba/.cache/pypoetry/virtualenvs/airflow-tutorial-3ROeDTU8-py3.11/lib/python3.11/site-packages/airflow/example_dags/example_short_circuit_decorator.py for tasks to queue
[2024-04-17T10:15:28.812-0300] {logging_mixin.py:188} INFO - [2024-04-17T10:15:28.812-0300] {dagbag.py:540} INFO - Filling up the DagBag from /home/lborba/.cache/pypoetry/virtualenvs/airflow-tutorial-3ROeDTU8-py3.11/lib/python3.11/site-packages/airflow/example_dags/example_short_circuit_decorator.py
[2024-04-17T10:15:28.819-0300] {processor.py:840} INFO - DAG(s) 'example_short_circuit_decorator' retrieved from /home/lborba/.cache/pypoetry/virtualenvs/airflow-tutorial-3ROeDTU8-py3.11/lib/python3.11/site-packages/airflow/example_dags/example_short_circuit_decorator.py
[2024-04-17T10:15:28.902-0300] {logging_mixin.py:188} INFO - [2024-04-17T10:15:28.902-0300] {dag.py:3096} INFO - Sync 1 DAGs
[2024-04-17T10:15:28.913-0300] {logging_mixin.py:188} INFO - [2024-04-17T10:15:28.913-0300] {dag.py:3954} INFO - Setting next_dagrun for example_short_circuit_decorator to 2024-04-16 00:00:00+00:00, run_after=2024-04-17 00:00:00+00:00
[2024-04-17T10:15:28.928-0300] {processor.py:183} INFO - Processing /home/lborba/.cache/pypoetry/virtualenvs/airflow-tutorial-3ROeDTU8-py3.11/lib/python3.11/site-packages/airflow/example_dags/example_short_circuit_decorator.py took 0.130 seconds
[2024-04-17T10:16:10.310-0300] {processor.py:161} INFO - Started process (PID=27012) to work on /home/lborba/.cache/pypoetry/virtualenvs/airflow-tutorial-3ROeDTU8-py3.11/lib/python3.11/site-packages/airflow/example_dags/example_short_circuit_decorator.py
[2024-04-17T10:16:10.311-0300] {processor.py:830} INFO - Processing file /home/lborba/.cache/pypoetry/virtualenvs/airflow-tutorial-3ROeDTU8-py3.11/lib/python3.11/site-packages/airflow/example_dags/example_short_circuit_decorator.py for tasks to queue
[2024-04-17T10:16:10.313-0300] {logging_mixin.py:188} INFO - [2024-04-17T10:16:10.313-0300] {dagbag.py:540} INFO - Filling up the DagBag from /home/lborba/.cache/pypoetry/virtualenvs/airflow-tutorial-3ROeDTU8-py3.11/lib/python3.11/site-packages/airflow/example_dags/example_short_circuit_decorator.py
[2024-04-17T10:16:10.320-0300] {processor.py:840} INFO - DAG(s) 'example_short_circuit_decorator' retrieved from /home/lborba/.cache/pypoetry/virtualenvs/airflow-tutorial-3ROeDTU8-py3.11/lib/python3.11/site-packages/airflow/example_dags/example_short_circuit_decorator.py
[2024-04-17T10:16:10.334-0300] {logging_mixin.py:188} INFO - [2024-04-17T10:16:10.333-0300] {dag.py:3096} INFO - Sync 1 DAGs
[2024-04-17T10:16:10.346-0300] {logging_mixin.py:188} INFO - [2024-04-17T10:16:10.346-0300] {dag.py:3954} INFO - Setting next_dagrun for example_short_circuit_decorator to 2024-04-16 00:00:00+00:00, run_after=2024-04-17 00:00:00+00:00
[2024-04-17T10:16:10.363-0300] {processor.py:183} INFO - Processing /home/lborba/.cache/pypoetry/virtualenvs/airflow-tutorial-3ROeDTU8-py3.11/lib/python3.11/site-packages/airflow/example_dags/example_short_circuit_decorator.py took 0.057 seconds
[2024-04-17T10:16:52.459-0300] {processor.py:161} INFO - Started process (PID=27366) to work on /home/lborba/.cache/pypoetry/virtualenvs/airflow-tutorial-3ROeDTU8-py3.11/lib/python3.11/site-packages/airflow/example_dags/example_short_circuit_decorator.py
[2024-04-17T10:16:52.460-0300] {processor.py:830} INFO - Processing file /home/lborba/.cache/pypoetry/virtualenvs/airflow-tutorial-3ROeDTU8-py3.11/lib/python3.11/site-packages/airflow/example_dags/example_short_circuit_decorator.py for tasks to queue
[2024-04-17T10:16:52.461-0300] {logging_mixin.py:188} INFO - [2024-04-17T10:16:52.461-0300] {dagbag.py:540} INFO - Filling up the DagBag from /home/lborba/.cache/pypoetry/virtualenvs/airflow-tutorial-3ROeDTU8-py3.11/lib/python3.11/site-packages/airflow/example_dags/example_short_circuit_decorator.py
[2024-04-17T10:16:52.470-0300] {processor.py:840} INFO - DAG(s) 'example_short_circuit_decorator' retrieved from /home/lborba/.cache/pypoetry/virtualenvs/airflow-tutorial-3ROeDTU8-py3.11/lib/python3.11/site-packages/airflow/example_dags/example_short_circuit_decorator.py
[2024-04-17T10:16:52.485-0300] {logging_mixin.py:188} INFO - [2024-04-17T10:16:52.485-0300] {dag.py:3096} INFO - Sync 1 DAGs
[2024-04-17T10:16:52.499-0300] {logging_mixin.py:188} INFO - [2024-04-17T10:16:52.499-0300] {dag.py:3954} INFO - Setting next_dagrun for example_short_circuit_decorator to 2024-04-16 00:00:00+00:00, run_after=2024-04-17 00:00:00+00:00
[2024-04-17T10:16:52.521-0300] {processor.py:183} INFO - Processing /home/lborba/.cache/pypoetry/virtualenvs/airflow-tutorial-3ROeDTU8-py3.11/lib/python3.11/site-packages/airflow/example_dags/example_short_circuit_decorator.py took 0.067 seconds
[2024-04-17T10:17:32.308-0300] {processor.py:161} INFO - Started process (PID=27709) to work on /home/lborba/.cache/pypoetry/virtualenvs/airflow-tutorial-3ROeDTU8-py3.11/lib/python3.11/site-packages/airflow/example_dags/example_short_circuit_decorator.py
[2024-04-17T10:17:32.313-0300] {processor.py:830} INFO - Processing file /home/lborba/.cache/pypoetry/virtualenvs/airflow-tutorial-3ROeDTU8-py3.11/lib/python3.11/site-packages/airflow/example_dags/example_short_circuit_decorator.py for tasks to queue
[2024-04-17T10:17:32.315-0300] {logging_mixin.py:188} INFO - [2024-04-17T10:17:32.314-0300] {dagbag.py:540} INFO - Filling up the DagBag from /home/lborba/.cache/pypoetry/virtualenvs/airflow-tutorial-3ROeDTU8-py3.11/lib/python3.11/site-packages/airflow/example_dags/example_short_circuit_decorator.py
[2024-04-17T10:17:32.323-0300] {processor.py:840} INFO - DAG(s) 'example_short_circuit_decorator' retrieved from /home/lborba/.cache/pypoetry/virtualenvs/airflow-tutorial-3ROeDTU8-py3.11/lib/python3.11/site-packages/airflow/example_dags/example_short_circuit_decorator.py
[2024-04-17T10:17:32.338-0300] {logging_mixin.py:188} INFO - [2024-04-17T10:17:32.337-0300] {dag.py:3096} INFO - Sync 1 DAGs
[2024-04-17T10:17:32.351-0300] {logging_mixin.py:188} INFO - [2024-04-17T10:17:32.351-0300] {dag.py:3954} INFO - Setting next_dagrun for example_short_circuit_decorator to 2024-04-16 00:00:00+00:00, run_after=2024-04-17 00:00:00+00:00
[2024-04-17T10:17:32.370-0300] {processor.py:183} INFO - Processing /home/lborba/.cache/pypoetry/virtualenvs/airflow-tutorial-3ROeDTU8-py3.11/lib/python3.11/site-packages/airflow/example_dags/example_short_circuit_decorator.py took 0.067 seconds
[2024-04-17T10:18:11.146-0300] {processor.py:161} INFO - Started process (PID=28037) to work on /home/lborba/.cache/pypoetry/virtualenvs/airflow-tutorial-3ROeDTU8-py3.11/lib/python3.11/site-packages/airflow/example_dags/example_short_circuit_decorator.py
[2024-04-17T10:18:11.147-0300] {processor.py:830} INFO - Processing file /home/lborba/.cache/pypoetry/virtualenvs/airflow-tutorial-3ROeDTU8-py3.11/lib/python3.11/site-packages/airflow/example_dags/example_short_circuit_decorator.py for tasks to queue
[2024-04-17T10:18:11.149-0300] {logging_mixin.py:188} INFO - [2024-04-17T10:18:11.148-0300] {dagbag.py:540} INFO - Filling up the DagBag from /home/lborba/.cache/pypoetry/virtualenvs/airflow-tutorial-3ROeDTU8-py3.11/lib/python3.11/site-packages/airflow/example_dags/example_short_circuit_decorator.py
[2024-04-17T10:18:11.155-0300] {processor.py:840} INFO - DAG(s) 'example_short_circuit_decorator' retrieved from /home/lborba/.cache/pypoetry/virtualenvs/airflow-tutorial-3ROeDTU8-py3.11/lib/python3.11/site-packages/airflow/example_dags/example_short_circuit_decorator.py
[2024-04-17T10:18:11.168-0300] {logging_mixin.py:188} INFO - [2024-04-17T10:18:11.168-0300] {dag.py:3096} INFO - Sync 1 DAGs
[2024-04-17T10:18:11.180-0300] {logging_mixin.py:188} INFO - [2024-04-17T10:18:11.180-0300] {dag.py:3954} INFO - Setting next_dagrun for example_short_circuit_decorator to 2024-04-16 00:00:00+00:00, run_after=2024-04-17 00:00:00+00:00
[2024-04-17T10:18:11.197-0300] {processor.py:183} INFO - Processing /home/lborba/.cache/pypoetry/virtualenvs/airflow-tutorial-3ROeDTU8-py3.11/lib/python3.11/site-packages/airflow/example_dags/example_short_circuit_decorator.py took 0.056 seconds
[2024-04-17T10:18:50.918-0300] {processor.py:161} INFO - Started process (PID=28372) to work on /home/lborba/.cache/pypoetry/virtualenvs/airflow-tutorial-3ROeDTU8-py3.11/lib/python3.11/site-packages/airflow/example_dags/example_short_circuit_decorator.py
[2024-04-17T10:18:50.919-0300] {processor.py:830} INFO - Processing file /home/lborba/.cache/pypoetry/virtualenvs/airflow-tutorial-3ROeDTU8-py3.11/lib/python3.11/site-packages/airflow/example_dags/example_short_circuit_decorator.py for tasks to queue
[2024-04-17T10:18:50.920-0300] {logging_mixin.py:188} INFO - [2024-04-17T10:18:50.920-0300] {dagbag.py:540} INFO - Filling up the DagBag from /home/lborba/.cache/pypoetry/virtualenvs/airflow-tutorial-3ROeDTU8-py3.11/lib/python3.11/site-packages/airflow/example_dags/example_short_circuit_decorator.py
[2024-04-17T10:18:50.928-0300] {processor.py:840} INFO - DAG(s) 'example_short_circuit_decorator' retrieved from /home/lborba/.cache/pypoetry/virtualenvs/airflow-tutorial-3ROeDTU8-py3.11/lib/python3.11/site-packages/airflow/example_dags/example_short_circuit_decorator.py
[2024-04-17T10:18:50.943-0300] {logging_mixin.py:188} INFO - [2024-04-17T10:18:50.943-0300] {dag.py:3096} INFO - Sync 1 DAGs
[2024-04-17T10:18:50.956-0300] {logging_mixin.py:188} INFO - [2024-04-17T10:18:50.956-0300] {dag.py:3954} INFO - Setting next_dagrun for example_short_circuit_decorator to 2024-04-16 00:00:00+00:00, run_after=2024-04-17 00:00:00+00:00
[2024-04-17T10:18:50.976-0300] {processor.py:183} INFO - Processing /home/lborba/.cache/pypoetry/virtualenvs/airflow-tutorial-3ROeDTU8-py3.11/lib/python3.11/site-packages/airflow/example_dags/example_short_circuit_decorator.py took 0.062 seconds
[2024-04-17T10:19:31.948-0300] {processor.py:161} INFO - Started process (PID=28721) to work on /home/lborba/.cache/pypoetry/virtualenvs/airflow-tutorial-3ROeDTU8-py3.11/lib/python3.11/site-packages/airflow/example_dags/example_short_circuit_decorator.py
[2024-04-17T10:19:31.954-0300] {processor.py:830} INFO - Processing file /home/lborba/.cache/pypoetry/virtualenvs/airflow-tutorial-3ROeDTU8-py3.11/lib/python3.11/site-packages/airflow/example_dags/example_short_circuit_decorator.py for tasks to queue
[2024-04-17T10:19:31.955-0300] {logging_mixin.py:188} INFO - [2024-04-17T10:19:31.955-0300] {dagbag.py:540} INFO - Filling up the DagBag from /home/lborba/.cache/pypoetry/virtualenvs/airflow-tutorial-3ROeDTU8-py3.11/lib/python3.11/site-packages/airflow/example_dags/example_short_circuit_decorator.py
[2024-04-17T10:19:31.962-0300] {processor.py:840} INFO - DAG(s) 'example_short_circuit_decorator' retrieved from /home/lborba/.cache/pypoetry/virtualenvs/airflow-tutorial-3ROeDTU8-py3.11/lib/python3.11/site-packages/airflow/example_dags/example_short_circuit_decorator.py
[2024-04-17T10:19:31.976-0300] {logging_mixin.py:188} INFO - [2024-04-17T10:19:31.976-0300] {dag.py:3096} INFO - Sync 1 DAGs
[2024-04-17T10:19:31.988-0300] {logging_mixin.py:188} INFO - [2024-04-17T10:19:31.988-0300] {dag.py:3954} INFO - Setting next_dagrun for example_short_circuit_decorator to 2024-04-16 00:00:00+00:00, run_after=2024-04-17 00:00:00+00:00
[2024-04-17T10:19:32.006-0300] {processor.py:183} INFO - Processing /home/lborba/.cache/pypoetry/virtualenvs/airflow-tutorial-3ROeDTU8-py3.11/lib/python3.11/site-packages/airflow/example_dags/example_short_circuit_decorator.py took 0.063 seconds
[2024-04-17T10:20:10.755-0300] {processor.py:161} INFO - Started process (PID=29080) to work on /home/lborba/.cache/pypoetry/virtualenvs/airflow-tutorial-3ROeDTU8-py3.11/lib/python3.11/site-packages/airflow/example_dags/example_short_circuit_decorator.py
[2024-04-17T10:20:10.762-0300] {processor.py:830} INFO - Processing file /home/lborba/.cache/pypoetry/virtualenvs/airflow-tutorial-3ROeDTU8-py3.11/lib/python3.11/site-packages/airflow/example_dags/example_short_circuit_decorator.py for tasks to queue
[2024-04-17T10:20:10.763-0300] {logging_mixin.py:188} INFO - [2024-04-17T10:20:10.763-0300] {dagbag.py:540} INFO - Filling up the DagBag from /home/lborba/.cache/pypoetry/virtualenvs/airflow-tutorial-3ROeDTU8-py3.11/lib/python3.11/site-packages/airflow/example_dags/example_short_circuit_decorator.py
[2024-04-17T10:20:10.771-0300] {processor.py:840} INFO - DAG(s) 'example_short_circuit_decorator' retrieved from /home/lborba/.cache/pypoetry/virtualenvs/airflow-tutorial-3ROeDTU8-py3.11/lib/python3.11/site-packages/airflow/example_dags/example_short_circuit_decorator.py
[2024-04-17T10:20:10.784-0300] {logging_mixin.py:188} INFO - [2024-04-17T10:20:10.784-0300] {dag.py:3096} INFO - Sync 1 DAGs
[2024-04-17T10:20:10.797-0300] {logging_mixin.py:188} INFO - [2024-04-17T10:20:10.797-0300] {dag.py:3954} INFO - Setting next_dagrun for example_short_circuit_decorator to 2024-04-16 00:00:00+00:00, run_after=2024-04-17 00:00:00+00:00
[2024-04-17T10:20:10.815-0300] {processor.py:183} INFO - Processing /home/lborba/.cache/pypoetry/virtualenvs/airflow-tutorial-3ROeDTU8-py3.11/lib/python3.11/site-packages/airflow/example_dags/example_short_circuit_decorator.py took 0.063 seconds
[2024-04-17T10:21:07.711-0300] {processor.py:161} INFO - Started process (PID=29563) to work on /home/lborba/.cache/pypoetry/virtualenvs/airflow-tutorial-3ROeDTU8-py3.11/lib/python3.11/site-packages/airflow/example_dags/example_short_circuit_decorator.py
[2024-04-17T10:21:07.718-0300] {processor.py:830} INFO - Processing file /home/lborba/.cache/pypoetry/virtualenvs/airflow-tutorial-3ROeDTU8-py3.11/lib/python3.11/site-packages/airflow/example_dags/example_short_circuit_decorator.py for tasks to queue
[2024-04-17T10:21:07.719-0300] {logging_mixin.py:188} INFO - [2024-04-17T10:21:07.719-0300] {dagbag.py:540} INFO - Filling up the DagBag from /home/lborba/.cache/pypoetry/virtualenvs/airflow-tutorial-3ROeDTU8-py3.11/lib/python3.11/site-packages/airflow/example_dags/example_short_circuit_decorator.py
[2024-04-17T10:21:07.726-0300] {processor.py:840} INFO - DAG(s) 'example_short_circuit_decorator' retrieved from /home/lborba/.cache/pypoetry/virtualenvs/airflow-tutorial-3ROeDTU8-py3.11/lib/python3.11/site-packages/airflow/example_dags/example_short_circuit_decorator.py
[2024-04-17T10:21:07.739-0300] {logging_mixin.py:188} INFO - [2024-04-17T10:21:07.739-0300] {dag.py:3096} INFO - Sync 1 DAGs
[2024-04-17T10:21:07.752-0300] {logging_mixin.py:188} INFO - [2024-04-17T10:21:07.752-0300] {dag.py:3954} INFO - Setting next_dagrun for example_short_circuit_decorator to 2024-04-16 00:00:00+00:00, run_after=2024-04-17 00:00:00+00:00
[2024-04-17T10:21:07.770-0300] {processor.py:183} INFO - Processing /home/lborba/.cache/pypoetry/virtualenvs/airflow-tutorial-3ROeDTU8-py3.11/lib/python3.11/site-packages/airflow/example_dags/example_short_circuit_decorator.py took 0.064 seconds
[2024-04-17T10:21:48.194-0300] {processor.py:161} INFO - Started process (PID=29902) to work on /home/lborba/.cache/pypoetry/virtualenvs/airflow-tutorial-3ROeDTU8-py3.11/lib/python3.11/site-packages/airflow/example_dags/example_short_circuit_decorator.py
[2024-04-17T10:21:48.195-0300] {processor.py:830} INFO - Processing file /home/lborba/.cache/pypoetry/virtualenvs/airflow-tutorial-3ROeDTU8-py3.11/lib/python3.11/site-packages/airflow/example_dags/example_short_circuit_decorator.py for tasks to queue
[2024-04-17T10:21:48.196-0300] {logging_mixin.py:188} INFO - [2024-04-17T10:21:48.196-0300] {dagbag.py:540} INFO - Filling up the DagBag from /home/lborba/.cache/pypoetry/virtualenvs/airflow-tutorial-3ROeDTU8-py3.11/lib/python3.11/site-packages/airflow/example_dags/example_short_circuit_decorator.py
[2024-04-17T10:21:48.206-0300] {processor.py:840} INFO - DAG(s) 'example_short_circuit_decorator' retrieved from /home/lborba/.cache/pypoetry/virtualenvs/airflow-tutorial-3ROeDTU8-py3.11/lib/python3.11/site-packages/airflow/example_dags/example_short_circuit_decorator.py
[2024-04-17T10:21:48.220-0300] {logging_mixin.py:188} INFO - [2024-04-17T10:21:48.220-0300] {dag.py:3096} INFO - Sync 1 DAGs
[2024-04-17T10:21:48.241-0300] {logging_mixin.py:188} INFO - [2024-04-17T10:21:48.240-0300] {dag.py:3954} INFO - Setting next_dagrun for example_short_circuit_decorator to 2024-04-16 00:00:00+00:00, run_after=2024-04-17 00:00:00+00:00
[2024-04-17T10:21:48.257-0300] {processor.py:183} INFO - Processing /home/lborba/.cache/pypoetry/virtualenvs/airflow-tutorial-3ROeDTU8-py3.11/lib/python3.11/site-packages/airflow/example_dags/example_short_circuit_decorator.py took 0.068 seconds
[2024-04-17T10:22:26.637-0300] {processor.py:161} INFO - Started process (PID=30228) to work on /home/lborba/.cache/pypoetry/virtualenvs/airflow-tutorial-3ROeDTU8-py3.11/lib/python3.11/site-packages/airflow/example_dags/example_short_circuit_decorator.py
[2024-04-17T10:22:26.643-0300] {processor.py:830} INFO - Processing file /home/lborba/.cache/pypoetry/virtualenvs/airflow-tutorial-3ROeDTU8-py3.11/lib/python3.11/site-packages/airflow/example_dags/example_short_circuit_decorator.py for tasks to queue
[2024-04-17T10:22:26.644-0300] {logging_mixin.py:188} INFO - [2024-04-17T10:22:26.644-0300] {dagbag.py:540} INFO - Filling up the DagBag from /home/lborba/.cache/pypoetry/virtualenvs/airflow-tutorial-3ROeDTU8-py3.11/lib/python3.11/site-packages/airflow/example_dags/example_short_circuit_decorator.py
[2024-04-17T10:22:26.653-0300] {processor.py:840} INFO - DAG(s) 'example_short_circuit_decorator' retrieved from /home/lborba/.cache/pypoetry/virtualenvs/airflow-tutorial-3ROeDTU8-py3.11/lib/python3.11/site-packages/airflow/example_dags/example_short_circuit_decorator.py
[2024-04-17T10:22:26.667-0300] {logging_mixin.py:188} INFO - [2024-04-17T10:22:26.667-0300] {dag.py:3096} INFO - Sync 1 DAGs
[2024-04-17T10:22:26.682-0300] {logging_mixin.py:188} INFO - [2024-04-17T10:22:26.682-0300] {dag.py:3954} INFO - Setting next_dagrun for example_short_circuit_decorator to 2024-04-16 00:00:00+00:00, run_after=2024-04-17 00:00:00+00:00
[2024-04-17T10:22:26.700-0300] {processor.py:183} INFO - Processing /home/lborba/.cache/pypoetry/virtualenvs/airflow-tutorial-3ROeDTU8-py3.11/lib/python3.11/site-packages/airflow/example_dags/example_short_circuit_decorator.py took 0.068 seconds
[2024-04-17T10:23:04.473-0300] {processor.py:161} INFO - Started process (PID=30550) to work on /home/lborba/.cache/pypoetry/virtualenvs/airflow-tutorial-3ROeDTU8-py3.11/lib/python3.11/site-packages/airflow/example_dags/example_short_circuit_decorator.py
[2024-04-17T10:23:04.479-0300] {processor.py:830} INFO - Processing file /home/lborba/.cache/pypoetry/virtualenvs/airflow-tutorial-3ROeDTU8-py3.11/lib/python3.11/site-packages/airflow/example_dags/example_short_circuit_decorator.py for tasks to queue
[2024-04-17T10:23:04.480-0300] {logging_mixin.py:188} INFO - [2024-04-17T10:23:04.480-0300] {dagbag.py:540} INFO - Filling up the DagBag from /home/lborba/.cache/pypoetry/virtualenvs/airflow-tutorial-3ROeDTU8-py3.11/lib/python3.11/site-packages/airflow/example_dags/example_short_circuit_decorator.py
[2024-04-17T10:23:04.488-0300] {processor.py:840} INFO - DAG(s) 'example_short_circuit_decorator' retrieved from /home/lborba/.cache/pypoetry/virtualenvs/airflow-tutorial-3ROeDTU8-py3.11/lib/python3.11/site-packages/airflow/example_dags/example_short_circuit_decorator.py
[2024-04-17T10:23:04.501-0300] {logging_mixin.py:188} INFO - [2024-04-17T10:23:04.501-0300] {dag.py:3096} INFO - Sync 1 DAGs
[2024-04-17T10:23:04.516-0300] {logging_mixin.py:188} INFO - [2024-04-17T10:23:04.515-0300] {dag.py:3954} INFO - Setting next_dagrun for example_short_circuit_decorator to 2024-04-16 00:00:00+00:00, run_after=2024-04-17 00:00:00+00:00
[2024-04-17T10:23:04.536-0300] {processor.py:183} INFO - Processing /home/lborba/.cache/pypoetry/virtualenvs/airflow-tutorial-3ROeDTU8-py3.11/lib/python3.11/site-packages/airflow/example_dags/example_short_circuit_decorator.py took 0.068 seconds
[2024-04-17T10:23:44.951-0300] {processor.py:161} INFO - Started process (PID=30893) to work on /home/lborba/.cache/pypoetry/virtualenvs/airflow-tutorial-3ROeDTU8-py3.11/lib/python3.11/site-packages/airflow/example_dags/example_short_circuit_decorator.py
[2024-04-17T10:23:44.957-0300] {processor.py:830} INFO - Processing file /home/lborba/.cache/pypoetry/virtualenvs/airflow-tutorial-3ROeDTU8-py3.11/lib/python3.11/site-packages/airflow/example_dags/example_short_circuit_decorator.py for tasks to queue
[2024-04-17T10:23:44.958-0300] {logging_mixin.py:188} INFO - [2024-04-17T10:23:44.958-0300] {dagbag.py:540} INFO - Filling up the DagBag from /home/lborba/.cache/pypoetry/virtualenvs/airflow-tutorial-3ROeDTU8-py3.11/lib/python3.11/site-packages/airflow/example_dags/example_short_circuit_decorator.py
[2024-04-17T10:23:44.965-0300] {processor.py:840} INFO - DAG(s) 'example_short_circuit_decorator' retrieved from /home/lborba/.cache/pypoetry/virtualenvs/airflow-tutorial-3ROeDTU8-py3.11/lib/python3.11/site-packages/airflow/example_dags/example_short_circuit_decorator.py
[2024-04-17T10:23:44.978-0300] {logging_mixin.py:188} INFO - [2024-04-17T10:23:44.978-0300] {dag.py:3096} INFO - Sync 1 DAGs
[2024-04-17T10:23:45.002-0300] {logging_mixin.py:188} INFO - [2024-04-17T10:23:45.002-0300] {dag.py:3954} INFO - Setting next_dagrun for example_short_circuit_decorator to 2024-04-16 00:00:00+00:00, run_after=2024-04-17 00:00:00+00:00
[2024-04-17T10:23:45.020-0300] {processor.py:183} INFO - Processing /home/lborba/.cache/pypoetry/virtualenvs/airflow-tutorial-3ROeDTU8-py3.11/lib/python3.11/site-packages/airflow/example_dags/example_short_circuit_decorator.py took 0.075 seconds
[2024-04-17T10:24:22.831-0300] {processor.py:161} INFO - Started process (PID=31211) to work on /home/lborba/.cache/pypoetry/virtualenvs/airflow-tutorial-3ROeDTU8-py3.11/lib/python3.11/site-packages/airflow/example_dags/example_short_circuit_decorator.py
[2024-04-17T10:24:22.837-0300] {processor.py:830} INFO - Processing file /home/lborba/.cache/pypoetry/virtualenvs/airflow-tutorial-3ROeDTU8-py3.11/lib/python3.11/site-packages/airflow/example_dags/example_short_circuit_decorator.py for tasks to queue
[2024-04-17T10:24:22.838-0300] {logging_mixin.py:188} INFO - [2024-04-17T10:24:22.838-0300] {dagbag.py:540} INFO - Filling up the DagBag from /home/lborba/.cache/pypoetry/virtualenvs/airflow-tutorial-3ROeDTU8-py3.11/lib/python3.11/site-packages/airflow/example_dags/example_short_circuit_decorator.py
[2024-04-17T10:24:22.845-0300] {processor.py:840} INFO - DAG(s) 'example_short_circuit_decorator' retrieved from /home/lborba/.cache/pypoetry/virtualenvs/airflow-tutorial-3ROeDTU8-py3.11/lib/python3.11/site-packages/airflow/example_dags/example_short_circuit_decorator.py
[2024-04-17T10:24:22.857-0300] {logging_mixin.py:188} INFO - [2024-04-17T10:24:22.857-0300] {dag.py:3096} INFO - Sync 1 DAGs
[2024-04-17T10:24:22.870-0300] {logging_mixin.py:188} INFO - [2024-04-17T10:24:22.870-0300] {dag.py:3954} INFO - Setting next_dagrun for example_short_circuit_decorator to 2024-04-16 00:00:00+00:00, run_after=2024-04-17 00:00:00+00:00
[2024-04-17T10:24:22.889-0300] {processor.py:183} INFO - Processing /home/lborba/.cache/pypoetry/virtualenvs/airflow-tutorial-3ROeDTU8-py3.11/lib/python3.11/site-packages/airflow/example_dags/example_short_circuit_decorator.py took 0.063 seconds
