[2024-04-17T10:09:57.691-0300] {processor.py:161} INFO - Started process (PID=22896) to work on /home/lborba/.cache/pypoetry/virtualenvs/airflow-tutorial-3ROeDTU8-py3.11/lib/python3.11/site-packages/airflow/example_dags/example_bash_operator.py
[2024-04-17T10:09:57.692-0300] {processor.py:830} INFO - Processing file /home/lborba/.cache/pypoetry/virtualenvs/airflow-tutorial-3ROeDTU8-py3.11/lib/python3.11/site-packages/airflow/example_dags/example_bash_operator.py for tasks to queue
[2024-04-17T10:09:57.694-0300] {logging_mixin.py:188} INFO - [2024-04-17T10:09:57.693-0300] {dagbag.py:540} INFO - Filling up the DagBag from /home/lborba/.cache/pypoetry/virtualenvs/airflow-tutorial-3ROeDTU8-py3.11/lib/python3.11/site-packages/airflow/example_dags/example_bash_operator.py
[2024-04-17T10:09:57.706-0300] {processor.py:840} INFO - DAG(s) 'example_bash_operator' retrieved from /home/lborba/.cache/pypoetry/virtualenvs/airflow-tutorial-3ROeDTU8-py3.11/lib/python3.11/site-packages/airflow/example_dags/example_bash_operator.py
[2024-04-17T10:09:57.794-0300] {logging_mixin.py:188} INFO - [2024-04-17T10:09:57.794-0300] {override.py:1829} INFO - Created Permission View: can edit on DAG:example_bash_operator
[2024-04-17T10:09:57.807-0300] {logging_mixin.py:188} INFO - [2024-04-17T10:09:57.806-0300] {override.py:1829} INFO - Created Permission View: can delete on DAG:example_bash_operator
[2024-04-17T10:09:57.818-0300] {logging_mixin.py:188} INFO - [2024-04-17T10:09:57.818-0300] {override.py:1829} INFO - Created Permission View: can read on DAG:example_bash_operator
[2024-04-17T10:09:57.818-0300] {logging_mixin.py:188} INFO - [2024-04-17T10:09:57.818-0300] {dag.py:3096} INFO - Sync 1 DAGs
[2024-04-17T10:09:57.825-0300] {logging_mixin.py:188} INFO - [2024-04-17T10:09:57.825-0300] {dag.py:3118} INFO - Creating ORM DAG for example_bash_operator
[2024-04-17T10:09:57.834-0300] {logging_mixin.py:188} INFO - [2024-04-17T10:09:57.834-0300] {dag.py:3954} INFO - Setting next_dagrun for example_bash_operator to 2024-04-16 00:00:00+00:00, run_after=2024-04-17 00:00:00+00:00
[2024-04-17T10:09:57.854-0300] {processor.py:183} INFO - Processing /home/lborba/.cache/pypoetry/virtualenvs/airflow-tutorial-3ROeDTU8-py3.11/lib/python3.11/site-packages/airflow/example_dags/example_bash_operator.py took 0.167 seconds
[2024-04-17T10:10:52.364-0300] {processor.py:161} INFO - Started process (PID=23416) to work on /home/lborba/.cache/pypoetry/virtualenvs/airflow-tutorial-3ROeDTU8-py3.11/lib/python3.11/site-packages/airflow/example_dags/example_bash_operator.py
[2024-04-17T10:10:52.366-0300] {processor.py:830} INFO - Processing file /home/lborba/.cache/pypoetry/virtualenvs/airflow-tutorial-3ROeDTU8-py3.11/lib/python3.11/site-packages/airflow/example_dags/example_bash_operator.py for tasks to queue
[2024-04-17T10:10:52.368-0300] {logging_mixin.py:188} INFO - [2024-04-17T10:10:52.368-0300] {dagbag.py:540} INFO - Filling up the DagBag from /home/lborba/.cache/pypoetry/virtualenvs/airflow-tutorial-3ROeDTU8-py3.11/lib/python3.11/site-packages/airflow/example_dags/example_bash_operator.py
[2024-04-17T10:10:52.376-0300] {processor.py:840} INFO - DAG(s) 'example_bash_operator' retrieved from /home/lborba/.cache/pypoetry/virtualenvs/airflow-tutorial-3ROeDTU8-py3.11/lib/python3.11/site-packages/airflow/example_dags/example_bash_operator.py
[2024-04-17T10:10:52.392-0300] {logging_mixin.py:188} INFO - [2024-04-17T10:10:52.392-0300] {dag.py:3096} INFO - Sync 1 DAGs
[2024-04-17T10:10:52.407-0300] {logging_mixin.py:188} INFO - [2024-04-17T10:10:52.407-0300] {dag.py:3954} INFO - Setting next_dagrun for example_bash_operator to 2024-04-16 00:00:00+00:00, run_after=2024-04-17 00:00:00+00:00
[2024-04-17T10:10:52.429-0300] {processor.py:183} INFO - Processing /home/lborba/.cache/pypoetry/virtualenvs/airflow-tutorial-3ROeDTU8-py3.11/lib/python3.11/site-packages/airflow/example_dags/example_bash_operator.py took 0.070 seconds
[2024-04-17T10:11:36.851-0300] {processor.py:161} INFO - Started process (PID=23766) to work on /home/lborba/.cache/pypoetry/virtualenvs/airflow-tutorial-3ROeDTU8-py3.11/lib/python3.11/site-packages/airflow/example_dags/example_bash_operator.py
[2024-04-17T10:11:36.856-0300] {processor.py:830} INFO - Processing file /home/lborba/.cache/pypoetry/virtualenvs/airflow-tutorial-3ROeDTU8-py3.11/lib/python3.11/site-packages/airflow/example_dags/example_bash_operator.py for tasks to queue
[2024-04-17T10:11:36.857-0300] {logging_mixin.py:188} INFO - [2024-04-17T10:11:36.857-0300] {dagbag.py:540} INFO - Filling up the DagBag from /home/lborba/.cache/pypoetry/virtualenvs/airflow-tutorial-3ROeDTU8-py3.11/lib/python3.11/site-packages/airflow/example_dags/example_bash_operator.py
[2024-04-17T10:11:36.865-0300] {processor.py:840} INFO - DAG(s) 'example_bash_operator' retrieved from /home/lborba/.cache/pypoetry/virtualenvs/airflow-tutorial-3ROeDTU8-py3.11/lib/python3.11/site-packages/airflow/example_dags/example_bash_operator.py
[2024-04-17T10:11:36.879-0300] {logging_mixin.py:188} INFO - [2024-04-17T10:11:36.879-0300] {dag.py:3096} INFO - Sync 1 DAGs
[2024-04-17T10:11:36.892-0300] {logging_mixin.py:188} INFO - [2024-04-17T10:11:36.892-0300] {dag.py:3954} INFO - Setting next_dagrun for example_bash_operator to 2024-04-16 00:00:00+00:00, run_after=2024-04-17 00:00:00+00:00
[2024-04-17T10:11:36.911-0300] {processor.py:183} INFO - Processing /home/lborba/.cache/pypoetry/virtualenvs/airflow-tutorial-3ROeDTU8-py3.11/lib/python3.11/site-packages/airflow/example_dags/example_bash_operator.py took 0.064 seconds
[2024-04-17T10:12:16.795-0300] {processor.py:161} INFO - Started process (PID=24193) to work on /home/lborba/.cache/pypoetry/virtualenvs/airflow-tutorial-3ROeDTU8-py3.11/lib/python3.11/site-packages/airflow/example_dags/example_bash_operator.py
[2024-04-17T10:12:16.796-0300] {processor.py:830} INFO - Processing file /home/lborba/.cache/pypoetry/virtualenvs/airflow-tutorial-3ROeDTU8-py3.11/lib/python3.11/site-packages/airflow/example_dags/example_bash_operator.py for tasks to queue
[2024-04-17T10:12:16.797-0300] {logging_mixin.py:188} INFO - [2024-04-17T10:12:16.797-0300] {dagbag.py:540} INFO - Filling up the DagBag from /home/lborba/.cache/pypoetry/virtualenvs/airflow-tutorial-3ROeDTU8-py3.11/lib/python3.11/site-packages/airflow/example_dags/example_bash_operator.py
[2024-04-17T10:12:16.807-0300] {processor.py:840} INFO - DAG(s) 'example_bash_operator' retrieved from /home/lborba/.cache/pypoetry/virtualenvs/airflow-tutorial-3ROeDTU8-py3.11/lib/python3.11/site-packages/airflow/example_dags/example_bash_operator.py
[2024-04-17T10:12:16.824-0300] {logging_mixin.py:188} INFO - [2024-04-17T10:12:16.824-0300] {dag.py:3096} INFO - Sync 1 DAGs
[2024-04-17T10:12:16.838-0300] {logging_mixin.py:188} INFO - [2024-04-17T10:12:16.837-0300] {dag.py:3954} INFO - Setting next_dagrun for example_bash_operator to 2024-04-16 00:00:00+00:00, run_after=2024-04-17 00:00:00+00:00
[2024-04-17T10:12:16.854-0300] {processor.py:183} INFO - Processing /home/lborba/.cache/pypoetry/virtualenvs/airflow-tutorial-3ROeDTU8-py3.11/lib/python3.11/site-packages/airflow/example_dags/example_bash_operator.py took 0.063 seconds
[2024-04-17T10:13:10.663-0300] {processor.py:161} INFO - Started process (PID=25095) to work on /home/lborba/.cache/pypoetry/virtualenvs/airflow-tutorial-3ROeDTU8-py3.11/lib/python3.11/site-packages/airflow/example_dags/example_bash_operator.py
[2024-04-17T10:13:10.669-0300] {processor.py:830} INFO - Processing file /home/lborba/.cache/pypoetry/virtualenvs/airflow-tutorial-3ROeDTU8-py3.11/lib/python3.11/site-packages/airflow/example_dags/example_bash_operator.py for tasks to queue
[2024-04-17T10:13:10.672-0300] {logging_mixin.py:188} INFO - [2024-04-17T10:13:10.671-0300] {dagbag.py:540} INFO - Filling up the DagBag from /home/lborba/.cache/pypoetry/virtualenvs/airflow-tutorial-3ROeDTU8-py3.11/lib/python3.11/site-packages/airflow/example_dags/example_bash_operator.py
[2024-04-17T10:13:10.683-0300] {processor.py:840} INFO - DAG(s) 'example_bash_operator' retrieved from /home/lborba/.cache/pypoetry/virtualenvs/airflow-tutorial-3ROeDTU8-py3.11/lib/python3.11/site-packages/airflow/example_dags/example_bash_operator.py
[2024-04-17T10:13:10.713-0300] {logging_mixin.py:188} INFO - [2024-04-17T10:13:10.713-0300] {dag.py:3096} INFO - Sync 1 DAGs
[2024-04-17T10:13:10.748-0300] {logging_mixin.py:188} INFO - [2024-04-17T10:13:10.748-0300] {dag.py:3954} INFO - Setting next_dagrun for example_bash_operator to 2024-04-16 00:00:00+00:00, run_after=2024-04-17 00:00:00+00:00
[2024-04-17T10:13:10.766-0300] {processor.py:183} INFO - Processing /home/lborba/.cache/pypoetry/virtualenvs/airflow-tutorial-3ROeDTU8-py3.11/lib/python3.11/site-packages/airflow/example_dags/example_bash_operator.py took 0.111 seconds
