[2024-04-17T10:10:03.964-0300] {processor.py:161} INFO - Started process (PID=22999) to work on /home/lborba/.cache/pypoetry/virtualenvs/airflow-tutorial-3ROeDTU8-py3.11/lib/python3.11/site-packages/airflow/example_dags/example_short_circuit_operator.py
[2024-04-17T10:10:03.965-0300] {processor.py:830} INFO - Processing file /home/lborba/.cache/pypoetry/virtualenvs/airflow-tutorial-3ROeDTU8-py3.11/lib/python3.11/site-packages/airflow/example_dags/example_short_circuit_operator.py for tasks to queue
[2024-04-17T10:10:03.966-0300] {logging_mixin.py:188} INFO - [2024-04-17T10:10:03.966-0300] {dagbag.py:540} INFO - Filling up the DagBag from /home/lborba/.cache/pypoetry/virtualenvs/airflow-tutorial-3ROeDTU8-py3.11/lib/python3.11/site-packages/airflow/example_dags/example_short_circuit_operator.py
[2024-04-17T10:10:03.974-0300] {processor.py:840} INFO - DAG(s) 'example_short_circuit_operator' retrieved from /home/lborba/.cache/pypoetry/virtualenvs/airflow-tutorial-3ROeDTU8-py3.11/lib/python3.11/site-packages/airflow/example_dags/example_short_circuit_operator.py
[2024-04-17T10:10:04.051-0300] {logging_mixin.py:188} INFO - [2024-04-17T10:10:04.051-0300] {override.py:1829} INFO - Created Permission View: can edit on DAG:example_short_circuit_operator
[2024-04-17T10:10:04.061-0300] {logging_mixin.py:188} INFO - [2024-04-17T10:10:04.061-0300] {override.py:1829} INFO - Created Permission View: can delete on DAG:example_short_circuit_operator
[2024-04-17T10:10:04.069-0300] {logging_mixin.py:188} INFO - [2024-04-17T10:10:04.069-0300] {override.py:1829} INFO - Created Permission View: can read on DAG:example_short_circuit_operator
[2024-04-17T10:10:04.069-0300] {logging_mixin.py:188} INFO - [2024-04-17T10:10:04.069-0300] {dag.py:3096} INFO - Sync 1 DAGs
[2024-04-17T10:10:04.075-0300] {logging_mixin.py:188} INFO - [2024-04-17T10:10:04.075-0300] {dag.py:3118} INFO - Creating ORM DAG for example_short_circuit_operator
[2024-04-17T10:10:04.081-0300] {logging_mixin.py:188} INFO - [2024-04-17T10:10:04.081-0300] {dag.py:3954} INFO - Setting next_dagrun for example_short_circuit_operator to 2024-04-16 00:00:00+00:00, run_after=2024-04-17 00:00:00+00:00
[2024-04-17T10:10:04.099-0300] {processor.py:183} INFO - Processing /home/lborba/.cache/pypoetry/virtualenvs/airflow-tutorial-3ROeDTU8-py3.11/lib/python3.11/site-packages/airflow/example_dags/example_short_circuit_operator.py took 0.139 seconds
[2024-04-17T10:10:58.019-0300] {processor.py:161} INFO - Started process (PID=23463) to work on /home/lborba/.cache/pypoetry/virtualenvs/airflow-tutorial-3ROeDTU8-py3.11/lib/python3.11/site-packages/airflow/example_dags/example_short_circuit_operator.py
[2024-04-17T10:10:58.021-0300] {processor.py:830} INFO - Processing file /home/lborba/.cache/pypoetry/virtualenvs/airflow-tutorial-3ROeDTU8-py3.11/lib/python3.11/site-packages/airflow/example_dags/example_short_circuit_operator.py for tasks to queue
[2024-04-17T10:10:58.022-0300] {logging_mixin.py:188} INFO - [2024-04-17T10:10:58.022-0300] {dagbag.py:540} INFO - Filling up the DagBag from /home/lborba/.cache/pypoetry/virtualenvs/airflow-tutorial-3ROeDTU8-py3.11/lib/python3.11/site-packages/airflow/example_dags/example_short_circuit_operator.py
[2024-04-17T10:10:58.027-0300] {processor.py:840} INFO - DAG(s) 'example_short_circuit_operator' retrieved from /home/lborba/.cache/pypoetry/virtualenvs/airflow-tutorial-3ROeDTU8-py3.11/lib/python3.11/site-packages/airflow/example_dags/example_short_circuit_operator.py
[2024-04-17T10:10:58.039-0300] {logging_mixin.py:188} INFO - [2024-04-17T10:10:58.039-0300] {dag.py:3096} INFO - Sync 1 DAGs
[2024-04-17T10:10:58.051-0300] {logging_mixin.py:188} INFO - [2024-04-17T10:10:58.051-0300] {dag.py:3954} INFO - Setting next_dagrun for example_short_circuit_operator to 2024-04-16 00:00:00+00:00, run_after=2024-04-17 00:00:00+00:00
[2024-04-17T10:10:58.071-0300] {processor.py:183} INFO - Processing /home/lborba/.cache/pypoetry/virtualenvs/airflow-tutorial-3ROeDTU8-py3.11/lib/python3.11/site-packages/airflow/example_dags/example_short_circuit_operator.py took 0.056 seconds
[2024-04-17T10:11:41.927-0300] {processor.py:161} INFO - Started process (PID=23809) to work on /home/lborba/.cache/pypoetry/virtualenvs/airflow-tutorial-3ROeDTU8-py3.11/lib/python3.11/site-packages/airflow/example_dags/example_short_circuit_operator.py
[2024-04-17T10:11:41.928-0300] {processor.py:830} INFO - Processing file /home/lborba/.cache/pypoetry/virtualenvs/airflow-tutorial-3ROeDTU8-py3.11/lib/python3.11/site-packages/airflow/example_dags/example_short_circuit_operator.py for tasks to queue
[2024-04-17T10:11:41.930-0300] {logging_mixin.py:188} INFO - [2024-04-17T10:11:41.930-0300] {dagbag.py:540} INFO - Filling up the DagBag from /home/lborba/.cache/pypoetry/virtualenvs/airflow-tutorial-3ROeDTU8-py3.11/lib/python3.11/site-packages/airflow/example_dags/example_short_circuit_operator.py
[2024-04-17T10:11:41.936-0300] {processor.py:840} INFO - DAG(s) 'example_short_circuit_operator' retrieved from /home/lborba/.cache/pypoetry/virtualenvs/airflow-tutorial-3ROeDTU8-py3.11/lib/python3.11/site-packages/airflow/example_dags/example_short_circuit_operator.py
[2024-04-17T10:11:41.957-0300] {logging_mixin.py:188} INFO - [2024-04-17T10:11:41.957-0300] {dag.py:3096} INFO - Sync 1 DAGs
[2024-04-17T10:11:41.976-0300] {logging_mixin.py:188} INFO - [2024-04-17T10:11:41.976-0300] {dag.py:3954} INFO - Setting next_dagrun for example_short_circuit_operator to 2024-04-16 00:00:00+00:00, run_after=2024-04-17 00:00:00+00:00
[2024-04-17T10:11:42.000-0300] {processor.py:183} INFO - Processing /home/lborba/.cache/pypoetry/virtualenvs/airflow-tutorial-3ROeDTU8-py3.11/lib/python3.11/site-packages/airflow/example_dags/example_short_circuit_operator.py took 0.080 seconds
[2024-04-17T10:12:39.037-0300] {processor.py:161} INFO - Started process (PID=24582) to work on /home/lborba/.cache/pypoetry/virtualenvs/airflow-tutorial-3ROeDTU8-py3.11/lib/python3.11/site-packages/airflow/example_dags/example_short_circuit_operator.py
[2024-04-17T10:12:39.039-0300] {processor.py:830} INFO - Processing file /home/lborba/.cache/pypoetry/virtualenvs/airflow-tutorial-3ROeDTU8-py3.11/lib/python3.11/site-packages/airflow/example_dags/example_short_circuit_operator.py for tasks to queue
[2024-04-17T10:12:39.041-0300] {logging_mixin.py:188} INFO - [2024-04-17T10:12:39.040-0300] {dagbag.py:540} INFO - Filling up the DagBag from /home/lborba/.cache/pypoetry/virtualenvs/airflow-tutorial-3ROeDTU8-py3.11/lib/python3.11/site-packages/airflow/example_dags/example_short_circuit_operator.py
[2024-04-17T10:12:39.050-0300] {processor.py:840} INFO - DAG(s) 'example_short_circuit_operator' retrieved from /home/lborba/.cache/pypoetry/virtualenvs/airflow-tutorial-3ROeDTU8-py3.11/lib/python3.11/site-packages/airflow/example_dags/example_short_circuit_operator.py
[2024-04-17T10:12:39.069-0300] {logging_mixin.py:188} INFO - [2024-04-17T10:12:39.069-0300] {dag.py:3096} INFO - Sync 1 DAGs
[2024-04-17T10:12:39.085-0300] {logging_mixin.py:188} INFO - [2024-04-17T10:12:39.085-0300] {dag.py:3954} INFO - Setting next_dagrun for example_short_circuit_operator to 2024-04-16 00:00:00+00:00, run_after=2024-04-17 00:00:00+00:00
[2024-04-17T10:12:39.104-0300] {processor.py:183} INFO - Processing /home/lborba/.cache/pypoetry/virtualenvs/airflow-tutorial-3ROeDTU8-py3.11/lib/python3.11/site-packages/airflow/example_dags/example_short_circuit_operator.py took 0.070 seconds
[2024-04-17T10:13:24.645-0300] {processor.py:161} INFO - Started process (PID=25310) to work on /home/lborba/.cache/pypoetry/virtualenvs/airflow-tutorial-3ROeDTU8-py3.11/lib/python3.11/site-packages/airflow/example_dags/example_short_circuit_operator.py
[2024-04-17T10:13:24.650-0300] {processor.py:830} INFO - Processing file /home/lborba/.cache/pypoetry/virtualenvs/airflow-tutorial-3ROeDTU8-py3.11/lib/python3.11/site-packages/airflow/example_dags/example_short_circuit_operator.py for tasks to queue
[2024-04-17T10:13:24.652-0300] {logging_mixin.py:188} INFO - [2024-04-17T10:13:24.651-0300] {dagbag.py:540} INFO - Filling up the DagBag from /home/lborba/.cache/pypoetry/virtualenvs/airflow-tutorial-3ROeDTU8-py3.11/lib/python3.11/site-packages/airflow/example_dags/example_short_circuit_operator.py
[2024-04-17T10:13:24.657-0300] {processor.py:840} INFO - DAG(s) 'example_short_circuit_operator' retrieved from /home/lborba/.cache/pypoetry/virtualenvs/airflow-tutorial-3ROeDTU8-py3.11/lib/python3.11/site-packages/airflow/example_dags/example_short_circuit_operator.py
[2024-04-17T10:13:24.668-0300] {logging_mixin.py:188} INFO - [2024-04-17T10:13:24.668-0300] {dag.py:3096} INFO - Sync 1 DAGs
[2024-04-17T10:13:24.679-0300] {logging_mixin.py:188} INFO - [2024-04-17T10:13:24.679-0300] {dag.py:3954} INFO - Setting next_dagrun for example_short_circuit_operator to 2024-04-16 00:00:00+00:00, run_after=2024-04-17 00:00:00+00:00
[2024-04-17T10:13:24.695-0300] {processor.py:183} INFO - Processing /home/lborba/.cache/pypoetry/virtualenvs/airflow-tutorial-3ROeDTU8-py3.11/lib/python3.11/site-packages/airflow/example_dags/example_short_circuit_operator.py took 0.054 seconds
[2024-04-17T10:14:06.865-0300] {processor.py:161} INFO - Started process (PID=25763) to work on /home/lborba/.cache/pypoetry/virtualenvs/airflow-tutorial-3ROeDTU8-py3.11/lib/python3.11/site-packages/airflow/example_dags/example_short_circuit_operator.py
[2024-04-17T10:14:06.866-0300] {processor.py:830} INFO - Processing file /home/lborba/.cache/pypoetry/virtualenvs/airflow-tutorial-3ROeDTU8-py3.11/lib/python3.11/site-packages/airflow/example_dags/example_short_circuit_operator.py for tasks to queue
[2024-04-17T10:14:06.867-0300] {logging_mixin.py:188} INFO - [2024-04-17T10:14:06.867-0300] {dagbag.py:540} INFO - Filling up the DagBag from /home/lborba/.cache/pypoetry/virtualenvs/airflow-tutorial-3ROeDTU8-py3.11/lib/python3.11/site-packages/airflow/example_dags/example_short_circuit_operator.py
[2024-04-17T10:14:06.873-0300] {processor.py:840} INFO - DAG(s) 'example_short_circuit_operator' retrieved from /home/lborba/.cache/pypoetry/virtualenvs/airflow-tutorial-3ROeDTU8-py3.11/lib/python3.11/site-packages/airflow/example_dags/example_short_circuit_operator.py
[2024-04-17T10:14:06.884-0300] {logging_mixin.py:188} INFO - [2024-04-17T10:14:06.884-0300] {dag.py:3096} INFO - Sync 1 DAGs
[2024-04-17T10:14:06.896-0300] {logging_mixin.py:188} INFO - [2024-04-17T10:14:06.896-0300] {dag.py:3954} INFO - Setting next_dagrun for example_short_circuit_operator to 2024-04-16 00:00:00+00:00, run_after=2024-04-17 00:00:00+00:00
[2024-04-17T10:14:06.914-0300] {processor.py:183} INFO - Processing /home/lborba/.cache/pypoetry/virtualenvs/airflow-tutorial-3ROeDTU8-py3.11/lib/python3.11/site-packages/airflow/example_dags/example_short_circuit_operator.py took 0.055 seconds
[2024-04-17T10:14:43.844-0300] {processor.py:161} INFO - Started process (PID=26173) to work on /home/lborba/.cache/pypoetry/virtualenvs/airflow-tutorial-3ROeDTU8-py3.11/lib/python3.11/site-packages/airflow/example_dags/example_short_circuit_operator.py
[2024-04-17T10:14:43.845-0300] {processor.py:830} INFO - Processing file /home/lborba/.cache/pypoetry/virtualenvs/airflow-tutorial-3ROeDTU8-py3.11/lib/python3.11/site-packages/airflow/example_dags/example_short_circuit_operator.py for tasks to queue
[2024-04-17T10:14:43.847-0300] {logging_mixin.py:188} INFO - [2024-04-17T10:14:43.846-0300] {dagbag.py:540} INFO - Filling up the DagBag from /home/lborba/.cache/pypoetry/virtualenvs/airflow-tutorial-3ROeDTU8-py3.11/lib/python3.11/site-packages/airflow/example_dags/example_short_circuit_operator.py
[2024-04-17T10:14:43.855-0300] {processor.py:840} INFO - DAG(s) 'example_short_circuit_operator' retrieved from /home/lborba/.cache/pypoetry/virtualenvs/airflow-tutorial-3ROeDTU8-py3.11/lib/python3.11/site-packages/airflow/example_dags/example_short_circuit_operator.py
[2024-04-17T10:14:43.870-0300] {logging_mixin.py:188} INFO - [2024-04-17T10:14:43.870-0300] {dag.py:3096} INFO - Sync 1 DAGs
[2024-04-17T10:14:43.884-0300] {logging_mixin.py:188} INFO - [2024-04-17T10:14:43.884-0300] {dag.py:3954} INFO - Setting next_dagrun for example_short_circuit_operator to 2024-04-16 00:00:00+00:00, run_after=2024-04-17 00:00:00+00:00
[2024-04-17T10:14:43.901-0300] {processor.py:183} INFO - Processing /home/lborba/.cache/pypoetry/virtualenvs/airflow-tutorial-3ROeDTU8-py3.11/lib/python3.11/site-packages/airflow/example_dags/example_short_circuit_operator.py took 0.062 seconds
[2024-04-17T10:15:24.523-0300] {processor.py:161} INFO - Started process (PID=26624) to work on /home/lborba/.cache/pypoetry/virtualenvs/airflow-tutorial-3ROeDTU8-py3.11/lib/python3.11/site-packages/airflow/example_dags/example_short_circuit_operator.py
[2024-04-17T10:15:24.528-0300] {processor.py:830} INFO - Processing file /home/lborba/.cache/pypoetry/virtualenvs/airflow-tutorial-3ROeDTU8-py3.11/lib/python3.11/site-packages/airflow/example_dags/example_short_circuit_operator.py for tasks to queue
[2024-04-17T10:15:24.530-0300] {logging_mixin.py:188} INFO - [2024-04-17T10:15:24.529-0300] {dagbag.py:540} INFO - Filling up the DagBag from /home/lborba/.cache/pypoetry/virtualenvs/airflow-tutorial-3ROeDTU8-py3.11/lib/python3.11/site-packages/airflow/example_dags/example_short_circuit_operator.py
[2024-04-17T10:15:24.535-0300] {processor.py:840} INFO - DAG(s) 'example_short_circuit_operator' retrieved from /home/lborba/.cache/pypoetry/virtualenvs/airflow-tutorial-3ROeDTU8-py3.11/lib/python3.11/site-packages/airflow/example_dags/example_short_circuit_operator.py
[2024-04-17T10:15:24.620-0300] {logging_mixin.py:188} INFO - [2024-04-17T10:15:24.620-0300] {dag.py:3096} INFO - Sync 1 DAGs
[2024-04-17T10:15:24.630-0300] {logging_mixin.py:188} INFO - [2024-04-17T10:15:24.630-0300] {dag.py:3954} INFO - Setting next_dagrun for example_short_circuit_operator to 2024-04-16 00:00:00+00:00, run_after=2024-04-17 00:00:00+00:00
[2024-04-17T10:15:24.649-0300] {processor.py:183} INFO - Processing /home/lborba/.cache/pypoetry/virtualenvs/airflow-tutorial-3ROeDTU8-py3.11/lib/python3.11/site-packages/airflow/example_dags/example_short_circuit_operator.py took 0.130 seconds
[2024-04-17T10:16:06.314-0300] {processor.py:161} INFO - Started process (PID=26980) to work on /home/lborba/.cache/pypoetry/virtualenvs/airflow-tutorial-3ROeDTU8-py3.11/lib/python3.11/site-packages/airflow/example_dags/example_short_circuit_operator.py
[2024-04-17T10:16:06.320-0300] {processor.py:830} INFO - Processing file /home/lborba/.cache/pypoetry/virtualenvs/airflow-tutorial-3ROeDTU8-py3.11/lib/python3.11/site-packages/airflow/example_dags/example_short_circuit_operator.py for tasks to queue
[2024-04-17T10:16:06.321-0300] {logging_mixin.py:188} INFO - [2024-04-17T10:16:06.321-0300] {dagbag.py:540} INFO - Filling up the DagBag from /home/lborba/.cache/pypoetry/virtualenvs/airflow-tutorial-3ROeDTU8-py3.11/lib/python3.11/site-packages/airflow/example_dags/example_short_circuit_operator.py
[2024-04-17T10:16:06.329-0300] {processor.py:840} INFO - DAG(s) 'example_short_circuit_operator' retrieved from /home/lborba/.cache/pypoetry/virtualenvs/airflow-tutorial-3ROeDTU8-py3.11/lib/python3.11/site-packages/airflow/example_dags/example_short_circuit_operator.py
[2024-04-17T10:16:06.346-0300] {logging_mixin.py:188} INFO - [2024-04-17T10:16:06.346-0300] {dag.py:3096} INFO - Sync 1 DAGs
[2024-04-17T10:16:06.365-0300] {logging_mixin.py:188} INFO - [2024-04-17T10:16:06.365-0300] {dag.py:3954} INFO - Setting next_dagrun for example_short_circuit_operator to 2024-04-16 00:00:00+00:00, run_after=2024-04-17 00:00:00+00:00
[2024-04-17T10:16:06.383-0300] {processor.py:183} INFO - Processing /home/lborba/.cache/pypoetry/virtualenvs/airflow-tutorial-3ROeDTU8-py3.11/lib/python3.11/site-packages/airflow/example_dags/example_short_circuit_operator.py took 0.075 seconds
[2024-04-17T10:16:47.845-0300] {processor.py:161} INFO - Started process (PID=27328) to work on /home/lborba/.cache/pypoetry/virtualenvs/airflow-tutorial-3ROeDTU8-py3.11/lib/python3.11/site-packages/airflow/example_dags/example_short_circuit_operator.py
[2024-04-17T10:16:47.847-0300] {processor.py:830} INFO - Processing file /home/lborba/.cache/pypoetry/virtualenvs/airflow-tutorial-3ROeDTU8-py3.11/lib/python3.11/site-packages/airflow/example_dags/example_short_circuit_operator.py for tasks to queue
[2024-04-17T10:16:47.849-0300] {logging_mixin.py:188} INFO - [2024-04-17T10:16:47.848-0300] {dagbag.py:540} INFO - Filling up the DagBag from /home/lborba/.cache/pypoetry/virtualenvs/airflow-tutorial-3ROeDTU8-py3.11/lib/python3.11/site-packages/airflow/example_dags/example_short_circuit_operator.py
[2024-04-17T10:16:47.861-0300] {processor.py:840} INFO - DAG(s) 'example_short_circuit_operator' retrieved from /home/lborba/.cache/pypoetry/virtualenvs/airflow-tutorial-3ROeDTU8-py3.11/lib/python3.11/site-packages/airflow/example_dags/example_short_circuit_operator.py
[2024-04-17T10:16:47.874-0300] {logging_mixin.py:188} INFO - [2024-04-17T10:16:47.874-0300] {dag.py:3096} INFO - Sync 1 DAGs
[2024-04-17T10:16:47.886-0300] {logging_mixin.py:188} INFO - [2024-04-17T10:16:47.886-0300] {dag.py:3954} INFO - Setting next_dagrun for example_short_circuit_operator to 2024-04-16 00:00:00+00:00, run_after=2024-04-17 00:00:00+00:00
[2024-04-17T10:16:47.905-0300] {processor.py:183} INFO - Processing /home/lborba/.cache/pypoetry/virtualenvs/airflow-tutorial-3ROeDTU8-py3.11/lib/python3.11/site-packages/airflow/example_dags/example_short_circuit_operator.py took 0.067 seconds
[2024-04-17T10:17:26.884-0300] {processor.py:161} INFO - Started process (PID=27662) to work on /home/lborba/.cache/pypoetry/virtualenvs/airflow-tutorial-3ROeDTU8-py3.11/lib/python3.11/site-packages/airflow/example_dags/example_short_circuit_operator.py
[2024-04-17T10:17:26.890-0300] {processor.py:830} INFO - Processing file /home/lborba/.cache/pypoetry/virtualenvs/airflow-tutorial-3ROeDTU8-py3.11/lib/python3.11/site-packages/airflow/example_dags/example_short_circuit_operator.py for tasks to queue
[2024-04-17T10:17:26.892-0300] {logging_mixin.py:188} INFO - [2024-04-17T10:17:26.891-0300] {dagbag.py:540} INFO - Filling up the DagBag from /home/lborba/.cache/pypoetry/virtualenvs/airflow-tutorial-3ROeDTU8-py3.11/lib/python3.11/site-packages/airflow/example_dags/example_short_circuit_operator.py
[2024-04-17T10:17:26.897-0300] {processor.py:840} INFO - DAG(s) 'example_short_circuit_operator' retrieved from /home/lborba/.cache/pypoetry/virtualenvs/airflow-tutorial-3ROeDTU8-py3.11/lib/python3.11/site-packages/airflow/example_dags/example_short_circuit_operator.py
[2024-04-17T10:17:26.911-0300] {logging_mixin.py:188} INFO - [2024-04-17T10:17:26.911-0300] {dag.py:3096} INFO - Sync 1 DAGs
[2024-04-17T10:17:26.924-0300] {logging_mixin.py:188} INFO - [2024-04-17T10:17:26.924-0300] {dag.py:3954} INFO - Setting next_dagrun for example_short_circuit_operator to 2024-04-16 00:00:00+00:00, run_after=2024-04-17 00:00:00+00:00
[2024-04-17T10:17:26.941-0300] {processor.py:183} INFO - Processing /home/lborba/.cache/pypoetry/virtualenvs/airflow-tutorial-3ROeDTU8-py3.11/lib/python3.11/site-packages/airflow/example_dags/example_short_circuit_operator.py took 0.061 seconds
[2024-04-17T10:18:06.289-0300] {processor.py:161} INFO - Started process (PID=27992) to work on /home/lborba/.cache/pypoetry/virtualenvs/airflow-tutorial-3ROeDTU8-py3.11/lib/python3.11/site-packages/airflow/example_dags/example_short_circuit_operator.py
[2024-04-17T10:18:06.295-0300] {processor.py:830} INFO - Processing file /home/lborba/.cache/pypoetry/virtualenvs/airflow-tutorial-3ROeDTU8-py3.11/lib/python3.11/site-packages/airflow/example_dags/example_short_circuit_operator.py for tasks to queue
[2024-04-17T10:18:06.296-0300] {logging_mixin.py:188} INFO - [2024-04-17T10:18:06.296-0300] {dagbag.py:540} INFO - Filling up the DagBag from /home/lborba/.cache/pypoetry/virtualenvs/airflow-tutorial-3ROeDTU8-py3.11/lib/python3.11/site-packages/airflow/example_dags/example_short_circuit_operator.py
[2024-04-17T10:18:06.301-0300] {processor.py:840} INFO - DAG(s) 'example_short_circuit_operator' retrieved from /home/lborba/.cache/pypoetry/virtualenvs/airflow-tutorial-3ROeDTU8-py3.11/lib/python3.11/site-packages/airflow/example_dags/example_short_circuit_operator.py
[2024-04-17T10:18:06.314-0300] {logging_mixin.py:188} INFO - [2024-04-17T10:18:06.314-0300] {dag.py:3096} INFO - Sync 1 DAGs
[2024-04-17T10:18:06.328-0300] {logging_mixin.py:188} INFO - [2024-04-17T10:18:06.328-0300] {dag.py:3954} INFO - Setting next_dagrun for example_short_circuit_operator to 2024-04-16 00:00:00+00:00, run_after=2024-04-17 00:00:00+00:00
[2024-04-17T10:18:06.347-0300] {processor.py:183} INFO - Processing /home/lborba/.cache/pypoetry/virtualenvs/airflow-tutorial-3ROeDTU8-py3.11/lib/python3.11/site-packages/airflow/example_dags/example_short_circuit_operator.py took 0.063 seconds
[2024-04-17T10:18:45.972-0300] {processor.py:161} INFO - Started process (PID=28328) to work on /home/lborba/.cache/pypoetry/virtualenvs/airflow-tutorial-3ROeDTU8-py3.11/lib/python3.11/site-packages/airflow/example_dags/example_short_circuit_operator.py
[2024-04-17T10:18:45.974-0300] {processor.py:830} INFO - Processing file /home/lborba/.cache/pypoetry/virtualenvs/airflow-tutorial-3ROeDTU8-py3.11/lib/python3.11/site-packages/airflow/example_dags/example_short_circuit_operator.py for tasks to queue
[2024-04-17T10:18:45.975-0300] {logging_mixin.py:188} INFO - [2024-04-17T10:18:45.974-0300] {dagbag.py:540} INFO - Filling up the DagBag from /home/lborba/.cache/pypoetry/virtualenvs/airflow-tutorial-3ROeDTU8-py3.11/lib/python3.11/site-packages/airflow/example_dags/example_short_circuit_operator.py
[2024-04-17T10:18:45.981-0300] {processor.py:840} INFO - DAG(s) 'example_short_circuit_operator' retrieved from /home/lborba/.cache/pypoetry/virtualenvs/airflow-tutorial-3ROeDTU8-py3.11/lib/python3.11/site-packages/airflow/example_dags/example_short_circuit_operator.py
[2024-04-17T10:18:45.994-0300] {logging_mixin.py:188} INFO - [2024-04-17T10:18:45.994-0300] {dag.py:3096} INFO - Sync 1 DAGs
[2024-04-17T10:18:46.007-0300] {logging_mixin.py:188} INFO - [2024-04-17T10:18:46.007-0300] {dag.py:3954} INFO - Setting next_dagrun for example_short_circuit_operator to 2024-04-16 00:00:00+00:00, run_after=2024-04-17 00:00:00+00:00
[2024-04-17T10:18:46.025-0300] {processor.py:183} INFO - Processing /home/lborba/.cache/pypoetry/virtualenvs/airflow-tutorial-3ROeDTU8-py3.11/lib/python3.11/site-packages/airflow/example_dags/example_short_circuit_operator.py took 0.057 seconds
[2024-04-17T10:19:26.808-0300] {processor.py:161} INFO - Started process (PID=28675) to work on /home/lborba/.cache/pypoetry/virtualenvs/airflow-tutorial-3ROeDTU8-py3.11/lib/python3.11/site-packages/airflow/example_dags/example_short_circuit_operator.py
[2024-04-17T10:19:26.809-0300] {processor.py:830} INFO - Processing file /home/lborba/.cache/pypoetry/virtualenvs/airflow-tutorial-3ROeDTU8-py3.11/lib/python3.11/site-packages/airflow/example_dags/example_short_circuit_operator.py for tasks to queue
[2024-04-17T10:19:26.810-0300] {logging_mixin.py:188} INFO - [2024-04-17T10:19:26.810-0300] {dagbag.py:540} INFO - Filling up the DagBag from /home/lborba/.cache/pypoetry/virtualenvs/airflow-tutorial-3ROeDTU8-py3.11/lib/python3.11/site-packages/airflow/example_dags/example_short_circuit_operator.py
[2024-04-17T10:19:26.816-0300] {processor.py:840} INFO - DAG(s) 'example_short_circuit_operator' retrieved from /home/lborba/.cache/pypoetry/virtualenvs/airflow-tutorial-3ROeDTU8-py3.11/lib/python3.11/site-packages/airflow/example_dags/example_short_circuit_operator.py
[2024-04-17T10:19:26.828-0300] {logging_mixin.py:188} INFO - [2024-04-17T10:19:26.828-0300] {dag.py:3096} INFO - Sync 1 DAGs
[2024-04-17T10:19:26.842-0300] {logging_mixin.py:188} INFO - [2024-04-17T10:19:26.842-0300] {dag.py:3954} INFO - Setting next_dagrun for example_short_circuit_operator to 2024-04-16 00:00:00+00:00, run_after=2024-04-17 00:00:00+00:00
[2024-04-17T10:19:26.860-0300] {processor.py:183} INFO - Processing /home/lborba/.cache/pypoetry/virtualenvs/airflow-tutorial-3ROeDTU8-py3.11/lib/python3.11/site-packages/airflow/example_dags/example_short_circuit_operator.py took 0.056 seconds
[2024-04-17T10:20:06.734-0300] {processor.py:161} INFO - Started process (PID=29044) to work on /home/lborba/.cache/pypoetry/virtualenvs/airflow-tutorial-3ROeDTU8-py3.11/lib/python3.11/site-packages/airflow/example_dags/example_short_circuit_operator.py
[2024-04-17T10:20:06.736-0300] {processor.py:830} INFO - Processing file /home/lborba/.cache/pypoetry/virtualenvs/airflow-tutorial-3ROeDTU8-py3.11/lib/python3.11/site-packages/airflow/example_dags/example_short_circuit_operator.py for tasks to queue
[2024-04-17T10:20:06.737-0300] {logging_mixin.py:188} INFO - [2024-04-17T10:20:06.736-0300] {dagbag.py:540} INFO - Filling up the DagBag from /home/lborba/.cache/pypoetry/virtualenvs/airflow-tutorial-3ROeDTU8-py3.11/lib/python3.11/site-packages/airflow/example_dags/example_short_circuit_operator.py
[2024-04-17T10:20:06.742-0300] {processor.py:840} INFO - DAG(s) 'example_short_circuit_operator' retrieved from /home/lborba/.cache/pypoetry/virtualenvs/airflow-tutorial-3ROeDTU8-py3.11/lib/python3.11/site-packages/airflow/example_dags/example_short_circuit_operator.py
[2024-04-17T10:20:06.754-0300] {logging_mixin.py:188} INFO - [2024-04-17T10:20:06.754-0300] {dag.py:3096} INFO - Sync 1 DAGs
[2024-04-17T10:20:06.766-0300] {logging_mixin.py:188} INFO - [2024-04-17T10:20:06.766-0300] {dag.py:3954} INFO - Setting next_dagrun for example_short_circuit_operator to 2024-04-16 00:00:00+00:00, run_after=2024-04-17 00:00:00+00:00
[2024-04-17T10:20:06.782-0300] {processor.py:183} INFO - Processing /home/lborba/.cache/pypoetry/virtualenvs/airflow-tutorial-3ROeDTU8-py3.11/lib/python3.11/site-packages/airflow/example_dags/example_short_circuit_operator.py took 0.052 seconds
[2024-04-17T10:20:43.562-0300] {processor.py:161} INFO - Started process (PID=29358) to work on /home/lborba/.cache/pypoetry/virtualenvs/airflow-tutorial-3ROeDTU8-py3.11/lib/python3.11/site-packages/airflow/example_dags/example_short_circuit_operator.py
[2024-04-17T10:20:43.569-0300] {processor.py:830} INFO - Processing file /home/lborba/.cache/pypoetry/virtualenvs/airflow-tutorial-3ROeDTU8-py3.11/lib/python3.11/site-packages/airflow/example_dags/example_short_circuit_operator.py for tasks to queue
[2024-04-17T10:20:43.570-0300] {logging_mixin.py:188} INFO - [2024-04-17T10:20:43.570-0300] {dagbag.py:540} INFO - Filling up the DagBag from /home/lborba/.cache/pypoetry/virtualenvs/airflow-tutorial-3ROeDTU8-py3.11/lib/python3.11/site-packages/airflow/example_dags/example_short_circuit_operator.py
[2024-04-17T10:20:43.577-0300] {processor.py:840} INFO - DAG(s) 'example_short_circuit_operator' retrieved from /home/lborba/.cache/pypoetry/virtualenvs/airflow-tutorial-3ROeDTU8-py3.11/lib/python3.11/site-packages/airflow/example_dags/example_short_circuit_operator.py
[2024-04-17T10:20:43.589-0300] {logging_mixin.py:188} INFO - [2024-04-17T10:20:43.589-0300] {dag.py:3096} INFO - Sync 1 DAGs
[2024-04-17T10:20:43.602-0300] {logging_mixin.py:188} INFO - [2024-04-17T10:20:43.602-0300] {dag.py:3954} INFO - Setting next_dagrun for example_short_circuit_operator to 2024-04-16 00:00:00+00:00, run_after=2024-04-17 00:00:00+00:00
[2024-04-17T10:20:43.622-0300] {processor.py:183} INFO - Processing /home/lborba/.cache/pypoetry/virtualenvs/airflow-tutorial-3ROeDTU8-py3.11/lib/python3.11/site-packages/airflow/example_dags/example_short_circuit_operator.py took 0.064 seconds
[2024-04-17T10:21:24.907-0300] {processor.py:161} INFO - Started process (PID=29706) to work on /home/lborba/.cache/pypoetry/virtualenvs/airflow-tutorial-3ROeDTU8-py3.11/lib/python3.11/site-packages/airflow/example_dags/example_short_circuit_operator.py
[2024-04-17T10:21:24.913-0300] {processor.py:830} INFO - Processing file /home/lborba/.cache/pypoetry/virtualenvs/airflow-tutorial-3ROeDTU8-py3.11/lib/python3.11/site-packages/airflow/example_dags/example_short_circuit_operator.py for tasks to queue
[2024-04-17T10:21:24.915-0300] {logging_mixin.py:188} INFO - [2024-04-17T10:21:24.915-0300] {dagbag.py:540} INFO - Filling up the DagBag from /home/lborba/.cache/pypoetry/virtualenvs/airflow-tutorial-3ROeDTU8-py3.11/lib/python3.11/site-packages/airflow/example_dags/example_short_circuit_operator.py
[2024-04-17T10:21:24.920-0300] {processor.py:840} INFO - DAG(s) 'example_short_circuit_operator' retrieved from /home/lborba/.cache/pypoetry/virtualenvs/airflow-tutorial-3ROeDTU8-py3.11/lib/python3.11/site-packages/airflow/example_dags/example_short_circuit_operator.py
[2024-04-17T10:21:24.932-0300] {logging_mixin.py:188} INFO - [2024-04-17T10:21:24.932-0300] {dag.py:3096} INFO - Sync 1 DAGs
[2024-04-17T10:21:24.944-0300] {logging_mixin.py:188} INFO - [2024-04-17T10:21:24.944-0300] {dag.py:3954} INFO - Setting next_dagrun for example_short_circuit_operator to 2024-04-16 00:00:00+00:00, run_after=2024-04-17 00:00:00+00:00
[2024-04-17T10:21:24.964-0300] {processor.py:183} INFO - Processing /home/lborba/.cache/pypoetry/virtualenvs/airflow-tutorial-3ROeDTU8-py3.11/lib/python3.11/site-packages/airflow/example_dags/example_short_circuit_operator.py took 0.061 seconds
[2024-04-17T10:22:02.671-0300] {processor.py:161} INFO - Started process (PID=30026) to work on /home/lborba/.cache/pypoetry/virtualenvs/airflow-tutorial-3ROeDTU8-py3.11/lib/python3.11/site-packages/airflow/example_dags/example_short_circuit_operator.py
[2024-04-17T10:22:02.676-0300] {processor.py:830} INFO - Processing file /home/lborba/.cache/pypoetry/virtualenvs/airflow-tutorial-3ROeDTU8-py3.11/lib/python3.11/site-packages/airflow/example_dags/example_short_circuit_operator.py for tasks to queue
[2024-04-17T10:22:02.678-0300] {logging_mixin.py:188} INFO - [2024-04-17T10:22:02.677-0300] {dagbag.py:540} INFO - Filling up the DagBag from /home/lborba/.cache/pypoetry/virtualenvs/airflow-tutorial-3ROeDTU8-py3.11/lib/python3.11/site-packages/airflow/example_dags/example_short_circuit_operator.py
[2024-04-17T10:22:02.684-0300] {processor.py:840} INFO - DAG(s) 'example_short_circuit_operator' retrieved from /home/lborba/.cache/pypoetry/virtualenvs/airflow-tutorial-3ROeDTU8-py3.11/lib/python3.11/site-packages/airflow/example_dags/example_short_circuit_operator.py
[2024-04-17T10:22:02.697-0300] {logging_mixin.py:188} INFO - [2024-04-17T10:22:02.697-0300] {dag.py:3096} INFO - Sync 1 DAGs
[2024-04-17T10:22:02.710-0300] {logging_mixin.py:188} INFO - [2024-04-17T10:22:02.709-0300] {dag.py:3954} INFO - Setting next_dagrun for example_short_circuit_operator to 2024-04-16 00:00:00+00:00, run_after=2024-04-17 00:00:00+00:00
[2024-04-17T10:22:02.729-0300] {processor.py:183} INFO - Processing /home/lborba/.cache/pypoetry/virtualenvs/airflow-tutorial-3ROeDTU8-py3.11/lib/python3.11/site-packages/airflow/example_dags/example_short_circuit_operator.py took 0.062 seconds
[2024-04-17T10:22:39.997-0300] {processor.py:161} INFO - Started process (PID=30340) to work on /home/lborba/.cache/pypoetry/virtualenvs/airflow-tutorial-3ROeDTU8-py3.11/lib/python3.11/site-packages/airflow/example_dags/example_short_circuit_operator.py
[2024-04-17T10:22:39.999-0300] {processor.py:830} INFO - Processing file /home/lborba/.cache/pypoetry/virtualenvs/airflow-tutorial-3ROeDTU8-py3.11/lib/python3.11/site-packages/airflow/example_dags/example_short_circuit_operator.py for tasks to queue
[2024-04-17T10:22:40.000-0300] {logging_mixin.py:188} INFO - [2024-04-17T10:22:40.000-0300] {dagbag.py:540} INFO - Filling up the DagBag from /home/lborba/.cache/pypoetry/virtualenvs/airflow-tutorial-3ROeDTU8-py3.11/lib/python3.11/site-packages/airflow/example_dags/example_short_circuit_operator.py
[2024-04-17T10:22:40.005-0300] {processor.py:840} INFO - DAG(s) 'example_short_circuit_operator' retrieved from /home/lborba/.cache/pypoetry/virtualenvs/airflow-tutorial-3ROeDTU8-py3.11/lib/python3.11/site-packages/airflow/example_dags/example_short_circuit_operator.py
[2024-04-17T10:22:40.017-0300] {logging_mixin.py:188} INFO - [2024-04-17T10:22:40.017-0300] {dag.py:3096} INFO - Sync 1 DAGs
[2024-04-17T10:22:40.031-0300] {logging_mixin.py:188} INFO - [2024-04-17T10:22:40.031-0300] {dag.py:3954} INFO - Setting next_dagrun for example_short_circuit_operator to 2024-04-16 00:00:00+00:00, run_after=2024-04-17 00:00:00+00:00
[2024-04-17T10:22:40.048-0300] {processor.py:183} INFO - Processing /home/lborba/.cache/pypoetry/virtualenvs/airflow-tutorial-3ROeDTU8-py3.11/lib/python3.11/site-packages/airflow/example_dags/example_short_circuit_operator.py took 0.055 seconds
[2024-04-17T10:23:19.906-0300] {processor.py:161} INFO - Started process (PID=30678) to work on /home/lborba/.cache/pypoetry/virtualenvs/airflow-tutorial-3ROeDTU8-py3.11/lib/python3.11/site-packages/airflow/example_dags/example_short_circuit_operator.py
[2024-04-17T10:23:19.908-0300] {processor.py:830} INFO - Processing file /home/lborba/.cache/pypoetry/virtualenvs/airflow-tutorial-3ROeDTU8-py3.11/lib/python3.11/site-packages/airflow/example_dags/example_short_circuit_operator.py for tasks to queue
[2024-04-17T10:23:19.909-0300] {logging_mixin.py:188} INFO - [2024-04-17T10:23:19.909-0300] {dagbag.py:540} INFO - Filling up the DagBag from /home/lborba/.cache/pypoetry/virtualenvs/airflow-tutorial-3ROeDTU8-py3.11/lib/python3.11/site-packages/airflow/example_dags/example_short_circuit_operator.py
[2024-04-17T10:23:19.915-0300] {processor.py:840} INFO - DAG(s) 'example_short_circuit_operator' retrieved from /home/lborba/.cache/pypoetry/virtualenvs/airflow-tutorial-3ROeDTU8-py3.11/lib/python3.11/site-packages/airflow/example_dags/example_short_circuit_operator.py
[2024-04-17T10:23:19.929-0300] {logging_mixin.py:188} INFO - [2024-04-17T10:23:19.929-0300] {dag.py:3096} INFO - Sync 1 DAGs
[2024-04-17T10:23:19.945-0300] {logging_mixin.py:188} INFO - [2024-04-17T10:23:19.944-0300] {dag.py:3954} INFO - Setting next_dagrun for example_short_circuit_operator to 2024-04-16 00:00:00+00:00, run_after=2024-04-17 00:00:00+00:00
[2024-04-17T10:23:19.961-0300] {processor.py:183} INFO - Processing /home/lborba/.cache/pypoetry/virtualenvs/airflow-tutorial-3ROeDTU8-py3.11/lib/python3.11/site-packages/airflow/example_dags/example_short_circuit_operator.py took 0.060 seconds
[2024-04-17T10:23:59.987-0300] {processor.py:161} INFO - Started process (PID=31019) to work on /home/lborba/.cache/pypoetry/virtualenvs/airflow-tutorial-3ROeDTU8-py3.11/lib/python3.11/site-packages/airflow/example_dags/example_short_circuit_operator.py
[2024-04-17T10:23:59.993-0300] {processor.py:830} INFO - Processing file /home/lborba/.cache/pypoetry/virtualenvs/airflow-tutorial-3ROeDTU8-py3.11/lib/python3.11/site-packages/airflow/example_dags/example_short_circuit_operator.py for tasks to queue
[2024-04-17T10:23:59.995-0300] {logging_mixin.py:188} INFO - [2024-04-17T10:23:59.995-0300] {dagbag.py:540} INFO - Filling up the DagBag from /home/lborba/.cache/pypoetry/virtualenvs/airflow-tutorial-3ROeDTU8-py3.11/lib/python3.11/site-packages/airflow/example_dags/example_short_circuit_operator.py
[2024-04-17T10:24:00.000-0300] {processor.py:840} INFO - DAG(s) 'example_short_circuit_operator' retrieved from /home/lborba/.cache/pypoetry/virtualenvs/airflow-tutorial-3ROeDTU8-py3.11/lib/python3.11/site-packages/airflow/example_dags/example_short_circuit_operator.py
[2024-04-17T10:24:00.018-0300] {logging_mixin.py:188} INFO - [2024-04-17T10:24:00.018-0300] {dag.py:3096} INFO - Sync 1 DAGs
[2024-04-17T10:24:00.032-0300] {logging_mixin.py:188} INFO - [2024-04-17T10:24:00.032-0300] {dag.py:3954} INFO - Setting next_dagrun for example_short_circuit_operator to 2024-04-16 00:00:00+00:00, run_after=2024-04-17 00:00:00+00:00
[2024-04-17T10:24:00.052-0300] {processor.py:183} INFO - Processing /home/lborba/.cache/pypoetry/virtualenvs/airflow-tutorial-3ROeDTU8-py3.11/lib/python3.11/site-packages/airflow/example_dags/example_short_circuit_operator.py took 0.070 seconds
[2024-04-17T10:24:37.114-0300] {processor.py:161} INFO - Started process (PID=31335) to work on /home/lborba/.cache/pypoetry/virtualenvs/airflow-tutorial-3ROeDTU8-py3.11/lib/python3.11/site-packages/airflow/example_dags/example_short_circuit_operator.py
[2024-04-17T10:24:37.115-0300] {processor.py:830} INFO - Processing file /home/lborba/.cache/pypoetry/virtualenvs/airflow-tutorial-3ROeDTU8-py3.11/lib/python3.11/site-packages/airflow/example_dags/example_short_circuit_operator.py for tasks to queue
[2024-04-17T10:24:37.116-0300] {logging_mixin.py:188} INFO - [2024-04-17T10:24:37.116-0300] {dagbag.py:540} INFO - Filling up the DagBag from /home/lborba/.cache/pypoetry/virtualenvs/airflow-tutorial-3ROeDTU8-py3.11/lib/python3.11/site-packages/airflow/example_dags/example_short_circuit_operator.py
[2024-04-17T10:24:37.122-0300] {processor.py:840} INFO - DAG(s) 'example_short_circuit_operator' retrieved from /home/lborba/.cache/pypoetry/virtualenvs/airflow-tutorial-3ROeDTU8-py3.11/lib/python3.11/site-packages/airflow/example_dags/example_short_circuit_operator.py
[2024-04-17T10:24:37.136-0300] {logging_mixin.py:188} INFO - [2024-04-17T10:24:37.135-0300] {dag.py:3096} INFO - Sync 1 DAGs
[2024-04-17T10:24:37.149-0300] {logging_mixin.py:188} INFO - [2024-04-17T10:24:37.149-0300] {dag.py:3954} INFO - Setting next_dagrun for example_short_circuit_operator to 2024-04-16 00:00:00+00:00, run_after=2024-04-17 00:00:00+00:00
[2024-04-17T10:24:37.166-0300] {processor.py:183} INFO - Processing /home/lborba/.cache/pypoetry/virtualenvs/airflow-tutorial-3ROeDTU8-py3.11/lib/python3.11/site-packages/airflow/example_dags/example_short_circuit_operator.py took 0.056 seconds
