[2024-04-17T10:10:23.873-0300] {processor.py:161} INFO - Started process (PID=23188) to work on /home/lborba/.cache/pypoetry/virtualenvs/airflow-tutorial-3ROeDTU8-py3.11/lib/python3.11/site-packages/airflow/example_dags/example_display_name.py
[2024-04-17T10:10:23.873-0300] {processor.py:830} INFO - Processing file /home/lborba/.cache/pypoetry/virtualenvs/airflow-tutorial-3ROeDTU8-py3.11/lib/python3.11/site-packages/airflow/example_dags/example_display_name.py for tasks to queue
[2024-04-17T10:10:23.874-0300] {logging_mixin.py:188} INFO - [2024-04-17T10:10:23.874-0300] {dagbag.py:540} INFO - Filling up the DagBag from /home/lborba/.cache/pypoetry/virtualenvs/airflow-tutorial-3ROeDTU8-py3.11/lib/python3.11/site-packages/airflow/example_dags/example_display_name.py
[2024-04-17T10:10:23.880-0300] {processor.py:840} INFO - DAG(s) 'example_display_name' retrieved from /home/lborba/.cache/pypoetry/virtualenvs/airflow-tutorial-3ROeDTU8-py3.11/lib/python3.11/site-packages/airflow/example_dags/example_display_name.py
[2024-04-17T10:10:23.960-0300] {logging_mixin.py:188} INFO - [2024-04-17T10:10:23.960-0300] {override.py:1829} INFO - Created Permission View: can edit on DAG:example_display_name
[2024-04-17T10:10:23.973-0300] {logging_mixin.py:188} INFO - [2024-04-17T10:10:23.972-0300] {override.py:1829} INFO - Created Permission View: can delete on DAG:example_display_name
[2024-04-17T10:10:23.982-0300] {logging_mixin.py:188} INFO - [2024-04-17T10:10:23.981-0300] {override.py:1829} INFO - Created Permission View: can read on DAG:example_display_name
[2024-04-17T10:10:23.982-0300] {logging_mixin.py:188} INFO - [2024-04-17T10:10:23.982-0300] {dag.py:3096} INFO - Sync 1 DAGs
[2024-04-17T10:10:23.990-0300] {logging_mixin.py:188} INFO - [2024-04-17T10:10:23.989-0300] {dag.py:3118} INFO - Creating ORM DAG for example_display_name
[2024-04-17T10:10:23.990-0300] {logging_mixin.py:188} INFO - [2024-04-17T10:10:23.990-0300] {dag.py:3954} INFO - Setting next_dagrun for example_display_name to None, run_after=None
[2024-04-17T10:10:24.010-0300] {processor.py:183} INFO - Processing /home/lborba/.cache/pypoetry/virtualenvs/airflow-tutorial-3ROeDTU8-py3.11/lib/python3.11/site-packages/airflow/example_dags/example_display_name.py took 0.142 seconds
[2024-04-17T10:11:16.273-0300] {processor.py:161} INFO - Started process (PID=23607) to work on /home/lborba/.cache/pypoetry/virtualenvs/airflow-tutorial-3ROeDTU8-py3.11/lib/python3.11/site-packages/airflow/example_dags/example_display_name.py
[2024-04-17T10:11:16.275-0300] {processor.py:830} INFO - Processing file /home/lborba/.cache/pypoetry/virtualenvs/airflow-tutorial-3ROeDTU8-py3.11/lib/python3.11/site-packages/airflow/example_dags/example_display_name.py for tasks to queue
[2024-04-17T10:11:16.276-0300] {logging_mixin.py:188} INFO - [2024-04-17T10:11:16.276-0300] {dagbag.py:540} INFO - Filling up the DagBag from /home/lborba/.cache/pypoetry/virtualenvs/airflow-tutorial-3ROeDTU8-py3.11/lib/python3.11/site-packages/airflow/example_dags/example_display_name.py
[2024-04-17T10:11:16.280-0300] {processor.py:840} INFO - DAG(s) 'example_display_name' retrieved from /home/lborba/.cache/pypoetry/virtualenvs/airflow-tutorial-3ROeDTU8-py3.11/lib/python3.11/site-packages/airflow/example_dags/example_display_name.py
[2024-04-17T10:11:16.289-0300] {logging_mixin.py:188} INFO - [2024-04-17T10:11:16.289-0300] {dag.py:3096} INFO - Sync 1 DAGs
[2024-04-17T10:11:16.296-0300] {logging_mixin.py:188} INFO - [2024-04-17T10:11:16.296-0300] {dag.py:3954} INFO - Setting next_dagrun for example_display_name to None, run_after=None
[2024-04-17T10:11:16.313-0300] {processor.py:183} INFO - Processing /home/lborba/.cache/pypoetry/virtualenvs/airflow-tutorial-3ROeDTU8-py3.11/lib/python3.11/site-packages/airflow/example_dags/example_display_name.py took 0.043 seconds
[2024-04-17T10:12:06.509-0300] {processor.py:161} INFO - Started process (PID=24041) to work on /home/lborba/.cache/pypoetry/virtualenvs/airflow-tutorial-3ROeDTU8-py3.11/lib/python3.11/site-packages/airflow/example_dags/example_display_name.py
[2024-04-17T10:12:06.514-0300] {processor.py:830} INFO - Processing file /home/lborba/.cache/pypoetry/virtualenvs/airflow-tutorial-3ROeDTU8-py3.11/lib/python3.11/site-packages/airflow/example_dags/example_display_name.py for tasks to queue
[2024-04-17T10:12:06.515-0300] {logging_mixin.py:188} INFO - [2024-04-17T10:12:06.515-0300] {dagbag.py:540} INFO - Filling up the DagBag from /home/lborba/.cache/pypoetry/virtualenvs/airflow-tutorial-3ROeDTU8-py3.11/lib/python3.11/site-packages/airflow/example_dags/example_display_name.py
[2024-04-17T10:12:06.519-0300] {processor.py:840} INFO - DAG(s) 'example_display_name' retrieved from /home/lborba/.cache/pypoetry/virtualenvs/airflow-tutorial-3ROeDTU8-py3.11/lib/python3.11/site-packages/airflow/example_dags/example_display_name.py
[2024-04-17T10:12:06.530-0300] {logging_mixin.py:188} INFO - [2024-04-17T10:12:06.530-0300] {dag.py:3096} INFO - Sync 1 DAGs
[2024-04-17T10:12:06.541-0300] {logging_mixin.py:188} INFO - [2024-04-17T10:12:06.541-0300] {dag.py:3954} INFO - Setting next_dagrun for example_display_name to None, run_after=None
[2024-04-17T10:12:06.560-0300] {processor.py:183} INFO - Processing /home/lborba/.cache/pypoetry/virtualenvs/airflow-tutorial-3ROeDTU8-py3.11/lib/python3.11/site-packages/airflow/example_dags/example_display_name.py took 0.056 seconds
[2024-04-17T10:12:56.485-0300] {processor.py:161} INFO - Started process (PID=24872) to work on /home/lborba/.cache/pypoetry/virtualenvs/airflow-tutorial-3ROeDTU8-py3.11/lib/python3.11/site-packages/airflow/example_dags/example_display_name.py
[2024-04-17T10:12:56.486-0300] {processor.py:830} INFO - Processing file /home/lborba/.cache/pypoetry/virtualenvs/airflow-tutorial-3ROeDTU8-py3.11/lib/python3.11/site-packages/airflow/example_dags/example_display_name.py for tasks to queue
[2024-04-17T10:12:56.487-0300] {logging_mixin.py:188} INFO - [2024-04-17T10:12:56.487-0300] {dagbag.py:540} INFO - Filling up the DagBag from /home/lborba/.cache/pypoetry/virtualenvs/airflow-tutorial-3ROeDTU8-py3.11/lib/python3.11/site-packages/airflow/example_dags/example_display_name.py
[2024-04-17T10:12:56.492-0300] {processor.py:840} INFO - DAG(s) 'example_display_name' retrieved from /home/lborba/.cache/pypoetry/virtualenvs/airflow-tutorial-3ROeDTU8-py3.11/lib/python3.11/site-packages/airflow/example_dags/example_display_name.py
[2024-04-17T10:12:56.503-0300] {logging_mixin.py:188} INFO - [2024-04-17T10:12:56.503-0300] {dag.py:3096} INFO - Sync 1 DAGs
[2024-04-17T10:12:56.512-0300] {logging_mixin.py:188} INFO - [2024-04-17T10:12:56.512-0300] {dag.py:3954} INFO - Setting next_dagrun for example_display_name to None, run_after=None
[2024-04-17T10:12:56.530-0300] {processor.py:183} INFO - Processing /home/lborba/.cache/pypoetry/virtualenvs/airflow-tutorial-3ROeDTU8-py3.11/lib/python3.11/site-packages/airflow/example_dags/example_display_name.py took 0.049 seconds
[2024-04-17T10:13:56.043-0300] {processor.py:161} INFO - Started process (PID=25640) to work on /home/lborba/.cache/pypoetry/virtualenvs/airflow-tutorial-3ROeDTU8-py3.11/lib/python3.11/site-packages/airflow/example_dags/example_display_name.py
[2024-04-17T10:13:56.049-0300] {processor.py:830} INFO - Processing file /home/lborba/.cache/pypoetry/virtualenvs/airflow-tutorial-3ROeDTU8-py3.11/lib/python3.11/site-packages/airflow/example_dags/example_display_name.py for tasks to queue
[2024-04-17T10:13:56.050-0300] {logging_mixin.py:188} INFO - [2024-04-17T10:13:56.050-0300] {dagbag.py:540} INFO - Filling up the DagBag from /home/lborba/.cache/pypoetry/virtualenvs/airflow-tutorial-3ROeDTU8-py3.11/lib/python3.11/site-packages/airflow/example_dags/example_display_name.py
[2024-04-17T10:13:56.054-0300] {processor.py:840} INFO - DAG(s) 'example_display_name' retrieved from /home/lborba/.cache/pypoetry/virtualenvs/airflow-tutorial-3ROeDTU8-py3.11/lib/python3.11/site-packages/airflow/example_dags/example_display_name.py
[2024-04-17T10:13:56.065-0300] {logging_mixin.py:188} INFO - [2024-04-17T10:13:56.064-0300] {dag.py:3096} INFO - Sync 1 DAGs
[2024-04-17T10:13:56.072-0300] {logging_mixin.py:188} INFO - [2024-04-17T10:13:56.072-0300] {dag.py:3954} INFO - Setting next_dagrun for example_display_name to None, run_after=None
[2024-04-17T10:13:56.095-0300] {processor.py:183} INFO - Processing /home/lborba/.cache/pypoetry/virtualenvs/airflow-tutorial-3ROeDTU8-py3.11/lib/python3.11/site-packages/airflow/example_dags/example_display_name.py took 0.057 seconds
[2024-04-17T10:14:52.847-0300] {processor.py:161} INFO - Started process (PID=26267) to work on /home/lborba/.cache/pypoetry/virtualenvs/airflow-tutorial-3ROeDTU8-py3.11/lib/python3.11/site-packages/airflow/example_dags/example_display_name.py
[2024-04-17T10:14:52.849-0300] {processor.py:830} INFO - Processing file /home/lborba/.cache/pypoetry/virtualenvs/airflow-tutorial-3ROeDTU8-py3.11/lib/python3.11/site-packages/airflow/example_dags/example_display_name.py for tasks to queue
[2024-04-17T10:14:52.852-0300] {logging_mixin.py:188} INFO - [2024-04-17T10:14:52.851-0300] {dagbag.py:540} INFO - Filling up the DagBag from /home/lborba/.cache/pypoetry/virtualenvs/airflow-tutorial-3ROeDTU8-py3.11/lib/python3.11/site-packages/airflow/example_dags/example_display_name.py
[2024-04-17T10:14:52.859-0300] {processor.py:840} INFO - DAG(s) 'example_display_name' retrieved from /home/lborba/.cache/pypoetry/virtualenvs/airflow-tutorial-3ROeDTU8-py3.11/lib/python3.11/site-packages/airflow/example_dags/example_display_name.py
[2024-04-17T10:14:52.873-0300] {logging_mixin.py:188} INFO - [2024-04-17T10:14:52.872-0300] {dag.py:3096} INFO - Sync 1 DAGs
[2024-04-17T10:14:52.881-0300] {logging_mixin.py:188} INFO - [2024-04-17T10:14:52.881-0300] {dag.py:3954} INFO - Setting next_dagrun for example_display_name to None, run_after=None
[2024-04-17T10:14:52.898-0300] {processor.py:183} INFO - Processing /home/lborba/.cache/pypoetry/virtualenvs/airflow-tutorial-3ROeDTU8-py3.11/lib/python3.11/site-packages/airflow/example_dags/example_display_name.py took 0.056 seconds
[2024-04-17T10:15:40.040-0300] {processor.py:161} INFO - Started process (PID=26752) to work on /home/lborba/.cache/pypoetry/virtualenvs/airflow-tutorial-3ROeDTU8-py3.11/lib/python3.11/site-packages/airflow/example_dags/example_display_name.py
[2024-04-17T10:15:40.041-0300] {processor.py:830} INFO - Processing file /home/lborba/.cache/pypoetry/virtualenvs/airflow-tutorial-3ROeDTU8-py3.11/lib/python3.11/site-packages/airflow/example_dags/example_display_name.py for tasks to queue
[2024-04-17T10:15:40.043-0300] {logging_mixin.py:188} INFO - [2024-04-17T10:15:40.042-0300] {dagbag.py:540} INFO - Filling up the DagBag from /home/lborba/.cache/pypoetry/virtualenvs/airflow-tutorial-3ROeDTU8-py3.11/lib/python3.11/site-packages/airflow/example_dags/example_display_name.py
[2024-04-17T10:15:40.047-0300] {processor.py:840} INFO - DAG(s) 'example_display_name' retrieved from /home/lborba/.cache/pypoetry/virtualenvs/airflow-tutorial-3ROeDTU8-py3.11/lib/python3.11/site-packages/airflow/example_dags/example_display_name.py
[2024-04-17T10:15:40.058-0300] {logging_mixin.py:188} INFO - [2024-04-17T10:15:40.058-0300] {dag.py:3096} INFO - Sync 1 DAGs
[2024-04-17T10:15:40.066-0300] {logging_mixin.py:188} INFO - [2024-04-17T10:15:40.066-0300] {dag.py:3954} INFO - Setting next_dagrun for example_display_name to None, run_after=None
[2024-04-17T10:15:40.088-0300] {processor.py:183} INFO - Processing /home/lborba/.cache/pypoetry/virtualenvs/airflow-tutorial-3ROeDTU8-py3.11/lib/python3.11/site-packages/airflow/example_dags/example_display_name.py took 0.053 seconds
[2024-04-17T10:16:40.456-0300] {processor.py:161} INFO - Started process (PID=27262) to work on /home/lborba/.cache/pypoetry/virtualenvs/airflow-tutorial-3ROeDTU8-py3.11/lib/python3.11/site-packages/airflow/example_dags/example_display_name.py
[2024-04-17T10:16:40.457-0300] {processor.py:830} INFO - Processing file /home/lborba/.cache/pypoetry/virtualenvs/airflow-tutorial-3ROeDTU8-py3.11/lib/python3.11/site-packages/airflow/example_dags/example_display_name.py for tasks to queue
[2024-04-17T10:16:40.458-0300] {logging_mixin.py:188} INFO - [2024-04-17T10:16:40.458-0300] {dagbag.py:540} INFO - Filling up the DagBag from /home/lborba/.cache/pypoetry/virtualenvs/airflow-tutorial-3ROeDTU8-py3.11/lib/python3.11/site-packages/airflow/example_dags/example_display_name.py
[2024-04-17T10:16:40.463-0300] {processor.py:840} INFO - DAG(s) 'example_display_name' retrieved from /home/lborba/.cache/pypoetry/virtualenvs/airflow-tutorial-3ROeDTU8-py3.11/lib/python3.11/site-packages/airflow/example_dags/example_display_name.py
[2024-04-17T10:16:40.475-0300] {logging_mixin.py:188} INFO - [2024-04-17T10:16:40.475-0300] {dag.py:3096} INFO - Sync 1 DAGs
[2024-04-17T10:16:40.482-0300] {logging_mixin.py:188} INFO - [2024-04-17T10:16:40.482-0300] {dag.py:3954} INFO - Setting next_dagrun for example_display_name to None, run_after=None
[2024-04-17T10:16:40.500-0300] {processor.py:183} INFO - Processing /home/lborba/.cache/pypoetry/virtualenvs/airflow-tutorial-3ROeDTU8-py3.11/lib/python3.11/site-packages/airflow/example_dags/example_display_name.py took 0.048 seconds
[2024-04-17T10:17:39.711-0300] {processor.py:161} INFO - Started process (PID=27773) to work on /home/lborba/.cache/pypoetry/virtualenvs/airflow-tutorial-3ROeDTU8-py3.11/lib/python3.11/site-packages/airflow/example_dags/example_display_name.py
[2024-04-17T10:17:39.717-0300] {processor.py:830} INFO - Processing file /home/lborba/.cache/pypoetry/virtualenvs/airflow-tutorial-3ROeDTU8-py3.11/lib/python3.11/site-packages/airflow/example_dags/example_display_name.py for tasks to queue
[2024-04-17T10:17:39.718-0300] {logging_mixin.py:188} INFO - [2024-04-17T10:17:39.718-0300] {dagbag.py:540} INFO - Filling up the DagBag from /home/lborba/.cache/pypoetry/virtualenvs/airflow-tutorial-3ROeDTU8-py3.11/lib/python3.11/site-packages/airflow/example_dags/example_display_name.py
[2024-04-17T10:17:39.723-0300] {processor.py:840} INFO - DAG(s) 'example_display_name' retrieved from /home/lborba/.cache/pypoetry/virtualenvs/airflow-tutorial-3ROeDTU8-py3.11/lib/python3.11/site-packages/airflow/example_dags/example_display_name.py
[2024-04-17T10:17:39.734-0300] {logging_mixin.py:188} INFO - [2024-04-17T10:17:39.734-0300] {dag.py:3096} INFO - Sync 1 DAGs
[2024-04-17T10:17:39.742-0300] {logging_mixin.py:188} INFO - [2024-04-17T10:17:39.742-0300] {dag.py:3954} INFO - Setting next_dagrun for example_display_name to None, run_after=None
[2024-04-17T10:17:39.759-0300] {processor.py:183} INFO - Processing /home/lborba/.cache/pypoetry/virtualenvs/airflow-tutorial-3ROeDTU8-py3.11/lib/python3.11/site-packages/airflow/example_dags/example_display_name.py took 0.052 seconds
[2024-04-17T10:18:39.505-0300] {processor.py:161} INFO - Started process (PID=28271) to work on /home/lborba/.cache/pypoetry/virtualenvs/airflow-tutorial-3ROeDTU8-py3.11/lib/python3.11/site-packages/airflow/example_dags/example_display_name.py
[2024-04-17T10:18:39.507-0300] {processor.py:830} INFO - Processing file /home/lborba/.cache/pypoetry/virtualenvs/airflow-tutorial-3ROeDTU8-py3.11/lib/python3.11/site-packages/airflow/example_dags/example_display_name.py for tasks to queue
[2024-04-17T10:18:39.508-0300] {logging_mixin.py:188} INFO - [2024-04-17T10:18:39.508-0300] {dagbag.py:540} INFO - Filling up the DagBag from /home/lborba/.cache/pypoetry/virtualenvs/airflow-tutorial-3ROeDTU8-py3.11/lib/python3.11/site-packages/airflow/example_dags/example_display_name.py
[2024-04-17T10:18:39.513-0300] {processor.py:840} INFO - DAG(s) 'example_display_name' retrieved from /home/lborba/.cache/pypoetry/virtualenvs/airflow-tutorial-3ROeDTU8-py3.11/lib/python3.11/site-packages/airflow/example_dags/example_display_name.py
[2024-04-17T10:18:39.526-0300] {logging_mixin.py:188} INFO - [2024-04-17T10:18:39.526-0300] {dag.py:3096} INFO - Sync 1 DAGs
[2024-04-17T10:18:39.535-0300] {logging_mixin.py:188} INFO - [2024-04-17T10:18:39.535-0300] {dag.py:3954} INFO - Setting next_dagrun for example_display_name to None, run_after=None
[2024-04-17T10:18:39.553-0300] {processor.py:183} INFO - Processing /home/lborba/.cache/pypoetry/virtualenvs/airflow-tutorial-3ROeDTU8-py3.11/lib/python3.11/site-packages/airflow/example_dags/example_display_name.py took 0.054 seconds
[2024-04-17T10:19:41.096-0300] {processor.py:161} INFO - Started process (PID=28796) to work on /home/lborba/.cache/pypoetry/virtualenvs/airflow-tutorial-3ROeDTU8-py3.11/lib/python3.11/site-packages/airflow/example_dags/example_display_name.py
[2024-04-17T10:19:41.097-0300] {processor.py:830} INFO - Processing file /home/lborba/.cache/pypoetry/virtualenvs/airflow-tutorial-3ROeDTU8-py3.11/lib/python3.11/site-packages/airflow/example_dags/example_display_name.py for tasks to queue
[2024-04-17T10:19:41.099-0300] {logging_mixin.py:188} INFO - [2024-04-17T10:19:41.098-0300] {dagbag.py:540} INFO - Filling up the DagBag from /home/lborba/.cache/pypoetry/virtualenvs/airflow-tutorial-3ROeDTU8-py3.11/lib/python3.11/site-packages/airflow/example_dags/example_display_name.py
[2024-04-17T10:19:41.104-0300] {processor.py:840} INFO - DAG(s) 'example_display_name' retrieved from /home/lborba/.cache/pypoetry/virtualenvs/airflow-tutorial-3ROeDTU8-py3.11/lib/python3.11/site-packages/airflow/example_dags/example_display_name.py
[2024-04-17T10:19:41.117-0300] {logging_mixin.py:188} INFO - [2024-04-17T10:19:41.117-0300] {dag.py:3096} INFO - Sync 1 DAGs
[2024-04-17T10:19:41.127-0300] {logging_mixin.py:188} INFO - [2024-04-17T10:19:41.126-0300] {dag.py:3954} INFO - Setting next_dagrun for example_display_name to None, run_after=None
[2024-04-17T10:19:41.152-0300] {processor.py:183} INFO - Processing /home/lborba/.cache/pypoetry/virtualenvs/airflow-tutorial-3ROeDTU8-py3.11/lib/python3.11/site-packages/airflow/example_dags/example_display_name.py took 0.062 seconds
[2024-04-17T10:20:34.717-0300] {processor.py:161} INFO - Started process (PID=29283) to work on /home/lborba/.cache/pypoetry/virtualenvs/airflow-tutorial-3ROeDTU8-py3.11/lib/python3.11/site-packages/airflow/example_dags/example_display_name.py
[2024-04-17T10:20:34.723-0300] {processor.py:830} INFO - Processing file /home/lborba/.cache/pypoetry/virtualenvs/airflow-tutorial-3ROeDTU8-py3.11/lib/python3.11/site-packages/airflow/example_dags/example_display_name.py for tasks to queue
[2024-04-17T10:20:34.724-0300] {logging_mixin.py:188} INFO - [2024-04-17T10:20:34.724-0300] {dagbag.py:540} INFO - Filling up the DagBag from /home/lborba/.cache/pypoetry/virtualenvs/airflow-tutorial-3ROeDTU8-py3.11/lib/python3.11/site-packages/airflow/example_dags/example_display_name.py
[2024-04-17T10:20:34.728-0300] {processor.py:840} INFO - DAG(s) 'example_display_name' retrieved from /home/lborba/.cache/pypoetry/virtualenvs/airflow-tutorial-3ROeDTU8-py3.11/lib/python3.11/site-packages/airflow/example_dags/example_display_name.py
[2024-04-17T10:20:34.740-0300] {logging_mixin.py:188} INFO - [2024-04-17T10:20:34.740-0300] {dag.py:3096} INFO - Sync 1 DAGs
[2024-04-17T10:20:34.748-0300] {logging_mixin.py:188} INFO - [2024-04-17T10:20:34.747-0300] {dag.py:3954} INFO - Setting next_dagrun for example_display_name to None, run_after=None
[2024-04-17T10:20:34.765-0300] {processor.py:183} INFO - Processing /home/lborba/.cache/pypoetry/virtualenvs/airflow-tutorial-3ROeDTU8-py3.11/lib/python3.11/site-packages/airflow/example_dags/example_display_name.py took 0.053 seconds
[2024-04-17T10:21:35.177-0300] {processor.py:161} INFO - Started process (PID=29793) to work on /home/lborba/.cache/pypoetry/virtualenvs/airflow-tutorial-3ROeDTU8-py3.11/lib/python3.11/site-packages/airflow/example_dags/example_display_name.py
[2024-04-17T10:21:35.179-0300] {processor.py:830} INFO - Processing file /home/lborba/.cache/pypoetry/virtualenvs/airflow-tutorial-3ROeDTU8-py3.11/lib/python3.11/site-packages/airflow/example_dags/example_display_name.py for tasks to queue
[2024-04-17T10:21:35.180-0300] {logging_mixin.py:188} INFO - [2024-04-17T10:21:35.180-0300] {dagbag.py:540} INFO - Filling up the DagBag from /home/lborba/.cache/pypoetry/virtualenvs/airflow-tutorial-3ROeDTU8-py3.11/lib/python3.11/site-packages/airflow/example_dags/example_display_name.py
[2024-04-17T10:21:35.185-0300] {processor.py:840} INFO - DAG(s) 'example_display_name' retrieved from /home/lborba/.cache/pypoetry/virtualenvs/airflow-tutorial-3ROeDTU8-py3.11/lib/python3.11/site-packages/airflow/example_dags/example_display_name.py
[2024-04-17T10:21:35.196-0300] {logging_mixin.py:188} INFO - [2024-04-17T10:21:35.196-0300] {dag.py:3096} INFO - Sync 1 DAGs
[2024-04-17T10:21:35.205-0300] {logging_mixin.py:188} INFO - [2024-04-17T10:21:35.205-0300] {dag.py:3954} INFO - Setting next_dagrun for example_display_name to None, run_after=None
[2024-04-17T10:21:35.222-0300] {processor.py:183} INFO - Processing /home/lborba/.cache/pypoetry/virtualenvs/airflow-tutorial-3ROeDTU8-py3.11/lib/python3.11/site-packages/airflow/example_dags/example_display_name.py took 0.050 seconds
[2024-04-17T10:22:32.136-0300] {processor.py:161} INFO - Started process (PID=30271) to work on /home/lborba/.cache/pypoetry/virtualenvs/airflow-tutorial-3ROeDTU8-py3.11/lib/python3.11/site-packages/airflow/example_dags/example_display_name.py
[2024-04-17T10:22:32.142-0300] {processor.py:830} INFO - Processing file /home/lborba/.cache/pypoetry/virtualenvs/airflow-tutorial-3ROeDTU8-py3.11/lib/python3.11/site-packages/airflow/example_dags/example_display_name.py for tasks to queue
[2024-04-17T10:22:32.144-0300] {logging_mixin.py:188} INFO - [2024-04-17T10:22:32.144-0300] {dagbag.py:540} INFO - Filling up the DagBag from /home/lborba/.cache/pypoetry/virtualenvs/airflow-tutorial-3ROeDTU8-py3.11/lib/python3.11/site-packages/airflow/example_dags/example_display_name.py
[2024-04-17T10:22:32.148-0300] {processor.py:840} INFO - DAG(s) 'example_display_name' retrieved from /home/lborba/.cache/pypoetry/virtualenvs/airflow-tutorial-3ROeDTU8-py3.11/lib/python3.11/site-packages/airflow/example_dags/example_display_name.py
[2024-04-17T10:22:32.159-0300] {logging_mixin.py:188} INFO - [2024-04-17T10:22:32.158-0300] {dag.py:3096} INFO - Sync 1 DAGs
[2024-04-17T10:22:32.167-0300] {logging_mixin.py:188} INFO - [2024-04-17T10:22:32.166-0300] {dag.py:3954} INFO - Setting next_dagrun for example_display_name to None, run_after=None
[2024-04-17T10:22:32.183-0300] {processor.py:183} INFO - Processing /home/lborba/.cache/pypoetry/virtualenvs/airflow-tutorial-3ROeDTU8-py3.11/lib/python3.11/site-packages/airflow/example_dags/example_display_name.py took 0.051 seconds
[2024-04-17T10:23:31.440-0300] {processor.py:161} INFO - Started process (PID=30776) to work on /home/lborba/.cache/pypoetry/virtualenvs/airflow-tutorial-3ROeDTU8-py3.11/lib/python3.11/site-packages/airflow/example_dags/example_display_name.py
[2024-04-17T10:23:31.442-0300] {processor.py:830} INFO - Processing file /home/lborba/.cache/pypoetry/virtualenvs/airflow-tutorial-3ROeDTU8-py3.11/lib/python3.11/site-packages/airflow/example_dags/example_display_name.py for tasks to queue
[2024-04-17T10:23:31.443-0300] {logging_mixin.py:188} INFO - [2024-04-17T10:23:31.443-0300] {dagbag.py:540} INFO - Filling up the DagBag from /home/lborba/.cache/pypoetry/virtualenvs/airflow-tutorial-3ROeDTU8-py3.11/lib/python3.11/site-packages/airflow/example_dags/example_display_name.py
[2024-04-17T10:23:31.448-0300] {processor.py:840} INFO - DAG(s) 'example_display_name' retrieved from /home/lborba/.cache/pypoetry/virtualenvs/airflow-tutorial-3ROeDTU8-py3.11/lib/python3.11/site-packages/airflow/example_dags/example_display_name.py
[2024-04-17T10:23:31.459-0300] {logging_mixin.py:188} INFO - [2024-04-17T10:23:31.459-0300] {dag.py:3096} INFO - Sync 1 DAGs
[2024-04-17T10:23:31.468-0300] {logging_mixin.py:188} INFO - [2024-04-17T10:23:31.468-0300] {dag.py:3954} INFO - Setting next_dagrun for example_display_name to None, run_after=None
[2024-04-17T10:23:31.485-0300] {processor.py:183} INFO - Processing /home/lborba/.cache/pypoetry/virtualenvs/airflow-tutorial-3ROeDTU8-py3.11/lib/python3.11/site-packages/airflow/example_dags/example_display_name.py took 0.049 seconds
[2024-04-17T10:24:29.100-0300] {processor.py:161} INFO - Started process (PID=31268) to work on /home/lborba/.cache/pypoetry/virtualenvs/airflow-tutorial-3ROeDTU8-py3.11/lib/python3.11/site-packages/airflow/example_dags/example_display_name.py
[2024-04-17T10:24:29.102-0300] {processor.py:830} INFO - Processing file /home/lborba/.cache/pypoetry/virtualenvs/airflow-tutorial-3ROeDTU8-py3.11/lib/python3.11/site-packages/airflow/example_dags/example_display_name.py for tasks to queue
[2024-04-17T10:24:29.103-0300] {logging_mixin.py:188} INFO - [2024-04-17T10:24:29.102-0300] {dagbag.py:540} INFO - Filling up the DagBag from /home/lborba/.cache/pypoetry/virtualenvs/airflow-tutorial-3ROeDTU8-py3.11/lib/python3.11/site-packages/airflow/example_dags/example_display_name.py
[2024-04-17T10:24:29.107-0300] {processor.py:840} INFO - DAG(s) 'example_display_name' retrieved from /home/lborba/.cache/pypoetry/virtualenvs/airflow-tutorial-3ROeDTU8-py3.11/lib/python3.11/site-packages/airflow/example_dags/example_display_name.py
[2024-04-17T10:24:29.119-0300] {logging_mixin.py:188} INFO - [2024-04-17T10:24:29.118-0300] {dag.py:3096} INFO - Sync 1 DAGs
[2024-04-17T10:24:29.127-0300] {logging_mixin.py:188} INFO - [2024-04-17T10:24:29.127-0300] {dag.py:3954} INFO - Setting next_dagrun for example_display_name to None, run_after=None
[2024-04-17T10:24:29.147-0300] {processor.py:183} INFO - Processing /home/lborba/.cache/pypoetry/virtualenvs/airflow-tutorial-3ROeDTU8-py3.11/lib/python3.11/site-packages/airflow/example_dags/example_display_name.py took 0.051 seconds
