[2024-04-17T10:10:36.718-0300] {processor.py:161} INFO - Started process (PID=23290) to work on /home/lborba/.cache/pypoetry/virtualenvs/airflow-tutorial-3ROeDTU8-py3.11/lib/python3.11/site-packages/airflow/example_dags/example_xcomargs.py
[2024-04-17T10:10:36.719-0300] {processor.py:830} INFO - Processing file /home/lborba/.cache/pypoetry/virtualenvs/airflow-tutorial-3ROeDTU8-py3.11/lib/python3.11/site-packages/airflow/example_dags/example_xcomargs.py for tasks to queue
[2024-04-17T10:10:36.722-0300] {logging_mixin.py:188} INFO - [2024-04-17T10:10:36.722-0300] {dagbag.py:540} INFO - Filling up the DagBag from /home/lborba/.cache/pypoetry/virtualenvs/airflow-tutorial-3ROeDTU8-py3.11/lib/python3.11/site-packages/airflow/example_dags/example_xcomargs.py
[2024-04-17T10:10:36.730-0300] {processor.py:840} INFO - DAG(s) 'example_xcom_args', 'example_xcom_args_with_operators' retrieved from /home/lborba/.cache/pypoetry/virtualenvs/airflow-tutorial-3ROeDTU8-py3.11/lib/python3.11/site-packages/airflow/example_dags/example_xcomargs.py
[2024-04-17T10:10:36.807-0300] {logging_mixin.py:188} INFO - [2024-04-17T10:10:36.806-0300] {override.py:1829} INFO - Created Permission View: can edit on DAG:example_xcom_args
[2024-04-17T10:10:36.819-0300] {logging_mixin.py:188} INFO - [2024-04-17T10:10:36.818-0300] {override.py:1829} INFO - Created Permission View: can delete on DAG:example_xcom_args
[2024-04-17T10:10:36.830-0300] {logging_mixin.py:188} INFO - [2024-04-17T10:10:36.829-0300] {override.py:1829} INFO - Created Permission View: can read on DAG:example_xcom_args
[2024-04-17T10:10:36.861-0300] {logging_mixin.py:188} INFO - [2024-04-17T10:10:36.860-0300] {override.py:1829} INFO - Created Permission View: can edit on DAG:example_xcom_args_with_operators
[2024-04-17T10:10:36.873-0300] {logging_mixin.py:188} INFO - [2024-04-17T10:10:36.872-0300] {override.py:1829} INFO - Created Permission View: can delete on DAG:example_xcom_args_with_operators
[2024-04-17T10:10:36.884-0300] {logging_mixin.py:188} INFO - [2024-04-17T10:10:36.883-0300] {override.py:1829} INFO - Created Permission View: can read on DAG:example_xcom_args_with_operators
[2024-04-17T10:10:36.884-0300] {logging_mixin.py:188} INFO - [2024-04-17T10:10:36.884-0300] {dag.py:3096} INFO - Sync 2 DAGs
[2024-04-17T10:10:36.891-0300] {logging_mixin.py:188} INFO - [2024-04-17T10:10:36.891-0300] {dag.py:3118} INFO - Creating ORM DAG for example_xcom_args_with_operators
[2024-04-17T10:10:36.891-0300] {logging_mixin.py:188} INFO - [2024-04-17T10:10:36.891-0300] {dag.py:3118} INFO - Creating ORM DAG for example_xcom_args
[2024-04-17T10:10:36.892-0300] {logging_mixin.py:188} INFO - [2024-04-17T10:10:36.891-0300] {dag.py:3954} INFO - Setting next_dagrun for example_xcom_args to None, run_after=None
[2024-04-17T10:10:36.892-0300] {logging_mixin.py:188} INFO - [2024-04-17T10:10:36.892-0300] {dag.py:3954} INFO - Setting next_dagrun for example_xcom_args_with_operators to None, run_after=None
[2024-04-17T10:10:36.911-0300] {processor.py:183} INFO - Processing /home/lborba/.cache/pypoetry/virtualenvs/airflow-tutorial-3ROeDTU8-py3.11/lib/python3.11/site-packages/airflow/example_dags/example_xcomargs.py took 0.198 seconds
[2024-04-17T10:11:26.559-0300] {processor.py:161} INFO - Started process (PID=23691) to work on /home/lborba/.cache/pypoetry/virtualenvs/airflow-tutorial-3ROeDTU8-py3.11/lib/python3.11/site-packages/airflow/example_dags/example_xcomargs.py
[2024-04-17T10:11:26.565-0300] {processor.py:830} INFO - Processing file /home/lborba/.cache/pypoetry/virtualenvs/airflow-tutorial-3ROeDTU8-py3.11/lib/python3.11/site-packages/airflow/example_dags/example_xcomargs.py for tasks to queue
[2024-04-17T10:11:26.566-0300] {logging_mixin.py:188} INFO - [2024-04-17T10:11:26.566-0300] {dagbag.py:540} INFO - Filling up the DagBag from /home/lborba/.cache/pypoetry/virtualenvs/airflow-tutorial-3ROeDTU8-py3.11/lib/python3.11/site-packages/airflow/example_dags/example_xcomargs.py
[2024-04-17T10:11:26.574-0300] {processor.py:840} INFO - DAG(s) 'example_xcom_args', 'example_xcom_args_with_operators' retrieved from /home/lborba/.cache/pypoetry/virtualenvs/airflow-tutorial-3ROeDTU8-py3.11/lib/python3.11/site-packages/airflow/example_dags/example_xcomargs.py
[2024-04-17T10:11:26.589-0300] {logging_mixin.py:188} INFO - [2024-04-17T10:11:26.589-0300] {dag.py:3096} INFO - Sync 2 DAGs
[2024-04-17T10:11:26.597-0300] {logging_mixin.py:188} INFO - [2024-04-17T10:11:26.597-0300] {dag.py:3954} INFO - Setting next_dagrun for example_xcom_args to None, run_after=None
[2024-04-17T10:11:26.600-0300] {logging_mixin.py:188} INFO - [2024-04-17T10:11:26.600-0300] {dag.py:3954} INFO - Setting next_dagrun for example_xcom_args_with_operators to None, run_after=None
[2024-04-17T10:11:26.619-0300] {processor.py:183} INFO - Processing /home/lborba/.cache/pypoetry/virtualenvs/airflow-tutorial-3ROeDTU8-py3.11/lib/python3.11/site-packages/airflow/example_dags/example_xcomargs.py took 0.065 seconds
[2024-04-17T10:12:34.425-0300] {processor.py:161} INFO - Started process (PID=24493) to work on /home/lborba/.cache/pypoetry/virtualenvs/airflow-tutorial-3ROeDTU8-py3.11/lib/python3.11/site-packages/airflow/example_dags/example_xcomargs.py
[2024-04-17T10:12:34.427-0300] {processor.py:830} INFO - Processing file /home/lborba/.cache/pypoetry/virtualenvs/airflow-tutorial-3ROeDTU8-py3.11/lib/python3.11/site-packages/airflow/example_dags/example_xcomargs.py for tasks to queue
[2024-04-17T10:12:34.428-0300] {logging_mixin.py:188} INFO - [2024-04-17T10:12:34.428-0300] {dagbag.py:540} INFO - Filling up the DagBag from /home/lborba/.cache/pypoetry/virtualenvs/airflow-tutorial-3ROeDTU8-py3.11/lib/python3.11/site-packages/airflow/example_dags/example_xcomargs.py
[2024-04-17T10:12:34.434-0300] {processor.py:840} INFO - DAG(s) 'example_xcom_args_with_operators', 'example_xcom_args' retrieved from /home/lborba/.cache/pypoetry/virtualenvs/airflow-tutorial-3ROeDTU8-py3.11/lib/python3.11/site-packages/airflow/example_dags/example_xcomargs.py
[2024-04-17T10:12:34.446-0300] {logging_mixin.py:188} INFO - [2024-04-17T10:12:34.446-0300] {dag.py:3096} INFO - Sync 2 DAGs
[2024-04-17T10:12:34.454-0300] {logging_mixin.py:188} INFO - [2024-04-17T10:12:34.454-0300] {dag.py:3954} INFO - Setting next_dagrun for example_xcom_args to None, run_after=None
[2024-04-17T10:12:34.457-0300] {logging_mixin.py:188} INFO - [2024-04-17T10:12:34.457-0300] {dag.py:3954} INFO - Setting next_dagrun for example_xcom_args_with_operators to None, run_after=None
[2024-04-17T10:12:34.473-0300] {processor.py:183} INFO - Processing /home/lborba/.cache/pypoetry/virtualenvs/airflow-tutorial-3ROeDTU8-py3.11/lib/python3.11/site-packages/airflow/example_dags/example_xcomargs.py took 0.052 seconds
[2024-04-17T10:13:23.510-0300] {processor.py:161} INFO - Started process (PID=25287) to work on /home/lborba/.cache/pypoetry/virtualenvs/airflow-tutorial-3ROeDTU8-py3.11/lib/python3.11/site-packages/airflow/example_dags/example_xcomargs.py
[2024-04-17T10:13:23.511-0300] {processor.py:830} INFO - Processing file /home/lborba/.cache/pypoetry/virtualenvs/airflow-tutorial-3ROeDTU8-py3.11/lib/python3.11/site-packages/airflow/example_dags/example_xcomargs.py for tasks to queue
[2024-04-17T10:13:23.512-0300] {logging_mixin.py:188} INFO - [2024-04-17T10:13:23.512-0300] {dagbag.py:540} INFO - Filling up the DagBag from /home/lborba/.cache/pypoetry/virtualenvs/airflow-tutorial-3ROeDTU8-py3.11/lib/python3.11/site-packages/airflow/example_dags/example_xcomargs.py
[2024-04-17T10:13:23.519-0300] {processor.py:840} INFO - DAG(s) 'example_xcom_args_with_operators', 'example_xcom_args' retrieved from /home/lborba/.cache/pypoetry/virtualenvs/airflow-tutorial-3ROeDTU8-py3.11/lib/python3.11/site-packages/airflow/example_dags/example_xcomargs.py
[2024-04-17T10:13:23.531-0300] {logging_mixin.py:188} INFO - [2024-04-17T10:13:23.531-0300] {dag.py:3096} INFO - Sync 2 DAGs
[2024-04-17T10:13:23.540-0300] {logging_mixin.py:188} INFO - [2024-04-17T10:13:23.540-0300] {dag.py:3954} INFO - Setting next_dagrun for example_xcom_args to None, run_after=None
[2024-04-17T10:13:23.543-0300] {logging_mixin.py:188} INFO - [2024-04-17T10:13:23.542-0300] {dag.py:3954} INFO - Setting next_dagrun for example_xcom_args_with_operators to None, run_after=None
[2024-04-17T10:13:23.561-0300] {processor.py:183} INFO - Processing /home/lborba/.cache/pypoetry/virtualenvs/airflow-tutorial-3ROeDTU8-py3.11/lib/python3.11/site-packages/airflow/example_dags/example_xcomargs.py took 0.055 seconds
[2024-04-17T10:14:23.671-0300] {processor.py:161} INFO - Started process (PID=25991) to work on /home/lborba/.cache/pypoetry/virtualenvs/airflow-tutorial-3ROeDTU8-py3.11/lib/python3.11/site-packages/airflow/example_dags/example_xcomargs.py
[2024-04-17T10:14:23.673-0300] {processor.py:830} INFO - Processing file /home/lborba/.cache/pypoetry/virtualenvs/airflow-tutorial-3ROeDTU8-py3.11/lib/python3.11/site-packages/airflow/example_dags/example_xcomargs.py for tasks to queue
[2024-04-17T10:14:23.674-0300] {logging_mixin.py:188} INFO - [2024-04-17T10:14:23.674-0300] {dagbag.py:540} INFO - Filling up the DagBag from /home/lborba/.cache/pypoetry/virtualenvs/airflow-tutorial-3ROeDTU8-py3.11/lib/python3.11/site-packages/airflow/example_dags/example_xcomargs.py
[2024-04-17T10:14:23.681-0300] {processor.py:840} INFO - DAG(s) 'example_xcom_args_with_operators', 'example_xcom_args' retrieved from /home/lborba/.cache/pypoetry/virtualenvs/airflow-tutorial-3ROeDTU8-py3.11/lib/python3.11/site-packages/airflow/example_dags/example_xcomargs.py
[2024-04-17T10:14:23.696-0300] {logging_mixin.py:188} INFO - [2024-04-17T10:14:23.696-0300] {dag.py:3096} INFO - Sync 2 DAGs
[2024-04-17T10:14:23.707-0300] {logging_mixin.py:188} INFO - [2024-04-17T10:14:23.707-0300] {dag.py:3954} INFO - Setting next_dagrun for example_xcom_args to None, run_after=None
[2024-04-17T10:14:23.710-0300] {logging_mixin.py:188} INFO - [2024-04-17T10:14:23.710-0300] {dag.py:3954} INFO - Setting next_dagrun for example_xcom_args_with_operators to None, run_after=None
[2024-04-17T10:14:23.726-0300] {processor.py:183} INFO - Processing /home/lborba/.cache/pypoetry/virtualenvs/airflow-tutorial-3ROeDTU8-py3.11/lib/python3.11/site-packages/airflow/example_dags/example_xcomargs.py took 0.059 seconds
[2024-04-17T10:15:22.308-0300] {processor.py:161} INFO - Started process (PID=26608) to work on /home/lborba/.cache/pypoetry/virtualenvs/airflow-tutorial-3ROeDTU8-py3.11/lib/python3.11/site-packages/airflow/example_dags/example_xcomargs.py
[2024-04-17T10:15:22.314-0300] {processor.py:830} INFO - Processing file /home/lborba/.cache/pypoetry/virtualenvs/airflow-tutorial-3ROeDTU8-py3.11/lib/python3.11/site-packages/airflow/example_dags/example_xcomargs.py for tasks to queue
[2024-04-17T10:15:22.316-0300] {logging_mixin.py:188} INFO - [2024-04-17T10:15:22.316-0300] {dagbag.py:540} INFO - Filling up the DagBag from /home/lborba/.cache/pypoetry/virtualenvs/airflow-tutorial-3ROeDTU8-py3.11/lib/python3.11/site-packages/airflow/example_dags/example_xcomargs.py
[2024-04-17T10:15:22.322-0300] {processor.py:840} INFO - DAG(s) 'example_xcom_args_with_operators', 'example_xcom_args' retrieved from /home/lborba/.cache/pypoetry/virtualenvs/airflow-tutorial-3ROeDTU8-py3.11/lib/python3.11/site-packages/airflow/example_dags/example_xcomargs.py
[2024-04-17T10:15:22.405-0300] {logging_mixin.py:188} INFO - [2024-04-17T10:15:22.405-0300] {dag.py:3096} INFO - Sync 2 DAGs
[2024-04-17T10:15:22.411-0300] {logging_mixin.py:188} INFO - [2024-04-17T10:15:22.410-0300] {dag.py:3954} INFO - Setting next_dagrun for example_xcom_args to None, run_after=None
[2024-04-17T10:15:22.413-0300] {logging_mixin.py:188} INFO - [2024-04-17T10:15:22.413-0300] {dag.py:3954} INFO - Setting next_dagrun for example_xcom_args_with_operators to None, run_after=None
[2024-04-17T10:15:22.427-0300] {processor.py:183} INFO - Processing /home/lborba/.cache/pypoetry/virtualenvs/airflow-tutorial-3ROeDTU8-py3.11/lib/python3.11/site-packages/airflow/example_dags/example_xcomargs.py took 0.122 seconds
[2024-04-17T10:16:24.187-0300] {processor.py:161} INFO - Started process (PID=27126) to work on /home/lborba/.cache/pypoetry/virtualenvs/airflow-tutorial-3ROeDTU8-py3.11/lib/python3.11/site-packages/airflow/example_dags/example_xcomargs.py
[2024-04-17T10:16:24.188-0300] {processor.py:830} INFO - Processing file /home/lborba/.cache/pypoetry/virtualenvs/airflow-tutorial-3ROeDTU8-py3.11/lib/python3.11/site-packages/airflow/example_dags/example_xcomargs.py for tasks to queue
[2024-04-17T10:16:24.189-0300] {logging_mixin.py:188} INFO - [2024-04-17T10:16:24.189-0300] {dagbag.py:540} INFO - Filling up the DagBag from /home/lborba/.cache/pypoetry/virtualenvs/airflow-tutorial-3ROeDTU8-py3.11/lib/python3.11/site-packages/airflow/example_dags/example_xcomargs.py
[2024-04-17T10:16:24.195-0300] {processor.py:840} INFO - DAG(s) 'example_xcom_args', 'example_xcom_args_with_operators' retrieved from /home/lborba/.cache/pypoetry/virtualenvs/airflow-tutorial-3ROeDTU8-py3.11/lib/python3.11/site-packages/airflow/example_dags/example_xcomargs.py
[2024-04-17T10:16:24.216-0300] {logging_mixin.py:188} INFO - [2024-04-17T10:16:24.216-0300] {dag.py:3096} INFO - Sync 2 DAGs
[2024-04-17T10:16:24.227-0300] {logging_mixin.py:188} INFO - [2024-04-17T10:16:24.226-0300] {dag.py:3954} INFO - Setting next_dagrun for example_xcom_args to None, run_after=None
[2024-04-17T10:16:24.229-0300] {logging_mixin.py:188} INFO - [2024-04-17T10:16:24.229-0300] {dag.py:3954} INFO - Setting next_dagrun for example_xcom_args_with_operators to None, run_after=None
[2024-04-17T10:16:24.245-0300] {processor.py:183} INFO - Processing /home/lborba/.cache/pypoetry/virtualenvs/airflow-tutorial-3ROeDTU8-py3.11/lib/python3.11/site-packages/airflow/example_dags/example_xcomargs.py took 0.062 seconds
[2024-04-17T10:17:24.885-0300] {processor.py:161} INFO - Started process (PID=27643) to work on /home/lborba/.cache/pypoetry/virtualenvs/airflow-tutorial-3ROeDTU8-py3.11/lib/python3.11/site-packages/airflow/example_dags/example_xcomargs.py
[2024-04-17T10:17:24.887-0300] {processor.py:830} INFO - Processing file /home/lborba/.cache/pypoetry/virtualenvs/airflow-tutorial-3ROeDTU8-py3.11/lib/python3.11/site-packages/airflow/example_dags/example_xcomargs.py for tasks to queue
[2024-04-17T10:17:24.888-0300] {logging_mixin.py:188} INFO - [2024-04-17T10:17:24.888-0300] {dagbag.py:540} INFO - Filling up the DagBag from /home/lborba/.cache/pypoetry/virtualenvs/airflow-tutorial-3ROeDTU8-py3.11/lib/python3.11/site-packages/airflow/example_dags/example_xcomargs.py
[2024-04-17T10:17:24.895-0300] {processor.py:840} INFO - DAG(s) 'example_xcom_args_with_operators', 'example_xcom_args' retrieved from /home/lborba/.cache/pypoetry/virtualenvs/airflow-tutorial-3ROeDTU8-py3.11/lib/python3.11/site-packages/airflow/example_dags/example_xcomargs.py
[2024-04-17T10:17:24.906-0300] {logging_mixin.py:188} INFO - [2024-04-17T10:17:24.906-0300] {dag.py:3096} INFO - Sync 2 DAGs
[2024-04-17T10:17:24.914-0300] {logging_mixin.py:188} INFO - [2024-04-17T10:17:24.914-0300] {dag.py:3954} INFO - Setting next_dagrun for example_xcom_args to None, run_after=None
[2024-04-17T10:17:24.916-0300] {logging_mixin.py:188} INFO - [2024-04-17T10:17:24.916-0300] {dag.py:3954} INFO - Setting next_dagrun for example_xcom_args_with_operators to None, run_after=None
[2024-04-17T10:17:24.931-0300] {processor.py:183} INFO - Processing /home/lborba/.cache/pypoetry/virtualenvs/airflow-tutorial-3ROeDTU8-py3.11/lib/python3.11/site-packages/airflow/example_dags/example_xcomargs.py took 0.050 seconds
[2024-04-17T10:18:25.215-0300] {processor.py:161} INFO - Started process (PID=28151) to work on /home/lborba/.cache/pypoetry/virtualenvs/airflow-tutorial-3ROeDTU8-py3.11/lib/python3.11/site-packages/airflow/example_dags/example_xcomargs.py
[2024-04-17T10:18:25.220-0300] {processor.py:830} INFO - Processing file /home/lborba/.cache/pypoetry/virtualenvs/airflow-tutorial-3ROeDTU8-py3.11/lib/python3.11/site-packages/airflow/example_dags/example_xcomargs.py for tasks to queue
[2024-04-17T10:18:25.221-0300] {logging_mixin.py:188} INFO - [2024-04-17T10:18:25.221-0300] {dagbag.py:540} INFO - Filling up the DagBag from /home/lborba/.cache/pypoetry/virtualenvs/airflow-tutorial-3ROeDTU8-py3.11/lib/python3.11/site-packages/airflow/example_dags/example_xcomargs.py
[2024-04-17T10:18:25.229-0300] {processor.py:840} INFO - DAG(s) 'example_xcom_args_with_operators', 'example_xcom_args' retrieved from /home/lborba/.cache/pypoetry/virtualenvs/airflow-tutorial-3ROeDTU8-py3.11/lib/python3.11/site-packages/airflow/example_dags/example_xcomargs.py
[2024-04-17T10:18:25.243-0300] {logging_mixin.py:188} INFO - [2024-04-17T10:18:25.243-0300] {dag.py:3096} INFO - Sync 2 DAGs
[2024-04-17T10:18:25.251-0300] {logging_mixin.py:188} INFO - [2024-04-17T10:18:25.251-0300] {dag.py:3954} INFO - Setting next_dagrun for example_xcom_args to None, run_after=None
[2024-04-17T10:18:25.253-0300] {logging_mixin.py:188} INFO - [2024-04-17T10:18:25.253-0300] {dag.py:3954} INFO - Setting next_dagrun for example_xcom_args_with_operators to None, run_after=None
[2024-04-17T10:18:25.270-0300] {processor.py:183} INFO - Processing /home/lborba/.cache/pypoetry/virtualenvs/airflow-tutorial-3ROeDTU8-py3.11/lib/python3.11/site-packages/airflow/example_dags/example_xcomargs.py took 0.060 seconds
[2024-04-17T10:19:25.682-0300] {processor.py:161} INFO - Started process (PID=28668) to work on /home/lborba/.cache/pypoetry/virtualenvs/airflow-tutorial-3ROeDTU8-py3.11/lib/python3.11/site-packages/airflow/example_dags/example_xcomargs.py
[2024-04-17T10:19:25.684-0300] {processor.py:830} INFO - Processing file /home/lborba/.cache/pypoetry/virtualenvs/airflow-tutorial-3ROeDTU8-py3.11/lib/python3.11/site-packages/airflow/example_dags/example_xcomargs.py for tasks to queue
[2024-04-17T10:19:25.685-0300] {logging_mixin.py:188} INFO - [2024-04-17T10:19:25.685-0300] {dagbag.py:540} INFO - Filling up the DagBag from /home/lborba/.cache/pypoetry/virtualenvs/airflow-tutorial-3ROeDTU8-py3.11/lib/python3.11/site-packages/airflow/example_dags/example_xcomargs.py
[2024-04-17T10:19:25.691-0300] {processor.py:840} INFO - DAG(s) 'example_xcom_args_with_operators', 'example_xcom_args' retrieved from /home/lborba/.cache/pypoetry/virtualenvs/airflow-tutorial-3ROeDTU8-py3.11/lib/python3.11/site-packages/airflow/example_dags/example_xcomargs.py
[2024-04-17T10:19:25.703-0300] {logging_mixin.py:188} INFO - [2024-04-17T10:19:25.703-0300] {dag.py:3096} INFO - Sync 2 DAGs
[2024-04-17T10:19:25.710-0300] {logging_mixin.py:188} INFO - [2024-04-17T10:19:25.710-0300] {dag.py:3954} INFO - Setting next_dagrun for example_xcom_args to None, run_after=None
[2024-04-17T10:19:25.712-0300] {logging_mixin.py:188} INFO - [2024-04-17T10:19:25.712-0300] {dag.py:3954} INFO - Setting next_dagrun for example_xcom_args_with_operators to None, run_after=None
[2024-04-17T10:19:25.728-0300] {processor.py:183} INFO - Processing /home/lborba/.cache/pypoetry/virtualenvs/airflow-tutorial-3ROeDTU8-py3.11/lib/python3.11/site-packages/airflow/example_dags/example_xcomargs.py took 0.050 seconds
[2024-04-17T10:20:21.040-0300] {processor.py:161} INFO - Started process (PID=29168) to work on /home/lborba/.cache/pypoetry/virtualenvs/airflow-tutorial-3ROeDTU8-py3.11/lib/python3.11/site-packages/airflow/example_dags/example_xcomargs.py
[2024-04-17T10:20:21.042-0300] {processor.py:830} INFO - Processing file /home/lborba/.cache/pypoetry/virtualenvs/airflow-tutorial-3ROeDTU8-py3.11/lib/python3.11/site-packages/airflow/example_dags/example_xcomargs.py for tasks to queue
[2024-04-17T10:20:21.044-0300] {logging_mixin.py:188} INFO - [2024-04-17T10:20:21.044-0300] {dagbag.py:540} INFO - Filling up the DagBag from /home/lborba/.cache/pypoetry/virtualenvs/airflow-tutorial-3ROeDTU8-py3.11/lib/python3.11/site-packages/airflow/example_dags/example_xcomargs.py
[2024-04-17T10:20:21.050-0300] {processor.py:840} INFO - DAG(s) 'example_xcom_args_with_operators', 'example_xcom_args' retrieved from /home/lborba/.cache/pypoetry/virtualenvs/airflow-tutorial-3ROeDTU8-py3.11/lib/python3.11/site-packages/airflow/example_dags/example_xcomargs.py
[2024-04-17T10:20:21.064-0300] {logging_mixin.py:188} INFO - [2024-04-17T10:20:21.064-0300] {dag.py:3096} INFO - Sync 2 DAGs
[2024-04-17T10:20:21.072-0300] {logging_mixin.py:188} INFO - [2024-04-17T10:20:21.071-0300] {dag.py:3954} INFO - Setting next_dagrun for example_xcom_args to None, run_after=None
[2024-04-17T10:20:21.074-0300] {logging_mixin.py:188} INFO - [2024-04-17T10:20:21.074-0300] {dag.py:3954} INFO - Setting next_dagrun for example_xcom_args_with_operators to None, run_after=None
[2024-04-17T10:20:21.089-0300] {processor.py:183} INFO - Processing /home/lborba/.cache/pypoetry/virtualenvs/airflow-tutorial-3ROeDTU8-py3.11/lib/python3.11/site-packages/airflow/example_dags/example_xcomargs.py took 0.055 seconds
[2024-04-17T10:21:21.242-0300] {processor.py:161} INFO - Started process (PID=29675) to work on /home/lborba/.cache/pypoetry/virtualenvs/airflow-tutorial-3ROeDTU8-py3.11/lib/python3.11/site-packages/airflow/example_dags/example_xcomargs.py
[2024-04-17T10:21:21.245-0300] {processor.py:830} INFO - Processing file /home/lborba/.cache/pypoetry/virtualenvs/airflow-tutorial-3ROeDTU8-py3.11/lib/python3.11/site-packages/airflow/example_dags/example_xcomargs.py for tasks to queue
[2024-04-17T10:21:21.248-0300] {logging_mixin.py:188} INFO - [2024-04-17T10:21:21.247-0300] {dagbag.py:540} INFO - Filling up the DagBag from /home/lborba/.cache/pypoetry/virtualenvs/airflow-tutorial-3ROeDTU8-py3.11/lib/python3.11/site-packages/airflow/example_dags/example_xcomargs.py
[2024-04-17T10:21:21.256-0300] {processor.py:840} INFO - DAG(s) 'example_xcom_args_with_operators', 'example_xcom_args' retrieved from /home/lborba/.cache/pypoetry/virtualenvs/airflow-tutorial-3ROeDTU8-py3.11/lib/python3.11/site-packages/airflow/example_dags/example_xcomargs.py
[2024-04-17T10:21:21.269-0300] {logging_mixin.py:188} INFO - [2024-04-17T10:21:21.269-0300] {dag.py:3096} INFO - Sync 2 DAGs
[2024-04-17T10:21:21.277-0300] {logging_mixin.py:188} INFO - [2024-04-17T10:21:21.277-0300] {dag.py:3954} INFO - Setting next_dagrun for example_xcom_args to None, run_after=None
[2024-04-17T10:21:21.279-0300] {logging_mixin.py:188} INFO - [2024-04-17T10:21:21.279-0300] {dag.py:3954} INFO - Setting next_dagrun for example_xcom_args_with_operators to None, run_after=None
[2024-04-17T10:21:21.296-0300] {processor.py:183} INFO - Processing /home/lborba/.cache/pypoetry/virtualenvs/airflow-tutorial-3ROeDTU8-py3.11/lib/python3.11/site-packages/airflow/example_dags/example_xcomargs.py took 0.058 seconds
[2024-04-17T10:22:18.085-0300] {processor.py:161} INFO - Started process (PID=30160) to work on /home/lborba/.cache/pypoetry/virtualenvs/airflow-tutorial-3ROeDTU8-py3.11/lib/python3.11/site-packages/airflow/example_dags/example_xcomargs.py
[2024-04-17T10:22:18.086-0300] {processor.py:830} INFO - Processing file /home/lborba/.cache/pypoetry/virtualenvs/airflow-tutorial-3ROeDTU8-py3.11/lib/python3.11/site-packages/airflow/example_dags/example_xcomargs.py for tasks to queue
[2024-04-17T10:22:18.088-0300] {logging_mixin.py:188} INFO - [2024-04-17T10:22:18.087-0300] {dagbag.py:540} INFO - Filling up the DagBag from /home/lborba/.cache/pypoetry/virtualenvs/airflow-tutorial-3ROeDTU8-py3.11/lib/python3.11/site-packages/airflow/example_dags/example_xcomargs.py
[2024-04-17T10:22:18.094-0300] {processor.py:840} INFO - DAG(s) 'example_xcom_args', 'example_xcom_args_with_operators' retrieved from /home/lborba/.cache/pypoetry/virtualenvs/airflow-tutorial-3ROeDTU8-py3.11/lib/python3.11/site-packages/airflow/example_dags/example_xcomargs.py
[2024-04-17T10:22:18.109-0300] {logging_mixin.py:188} INFO - [2024-04-17T10:22:18.109-0300] {dag.py:3096} INFO - Sync 2 DAGs
[2024-04-17T10:22:18.121-0300] {logging_mixin.py:188} INFO - [2024-04-17T10:22:18.121-0300] {dag.py:3954} INFO - Setting next_dagrun for example_xcom_args to None, run_after=None
[2024-04-17T10:22:18.124-0300] {logging_mixin.py:188} INFO - [2024-04-17T10:22:18.124-0300] {dag.py:3954} INFO - Setting next_dagrun for example_xcom_args_with_operators to None, run_after=None
[2024-04-17T10:22:18.148-0300] {processor.py:183} INFO - Processing /home/lborba/.cache/pypoetry/virtualenvs/airflow-tutorial-3ROeDTU8-py3.11/lib/python3.11/site-packages/airflow/example_dags/example_xcomargs.py took 0.068 seconds
[2024-04-17T10:23:17.037-0300] {processor.py:161} INFO - Started process (PID=30654) to work on /home/lborba/.cache/pypoetry/virtualenvs/airflow-tutorial-3ROeDTU8-py3.11/lib/python3.11/site-packages/airflow/example_dags/example_xcomargs.py
[2024-04-17T10:23:17.039-0300] {processor.py:830} INFO - Processing file /home/lborba/.cache/pypoetry/virtualenvs/airflow-tutorial-3ROeDTU8-py3.11/lib/python3.11/site-packages/airflow/example_dags/example_xcomargs.py for tasks to queue
[2024-04-17T10:23:17.040-0300] {logging_mixin.py:188} INFO - [2024-04-17T10:23:17.040-0300] {dagbag.py:540} INFO - Filling up the DagBag from /home/lborba/.cache/pypoetry/virtualenvs/airflow-tutorial-3ROeDTU8-py3.11/lib/python3.11/site-packages/airflow/example_dags/example_xcomargs.py
[2024-04-17T10:23:17.046-0300] {processor.py:840} INFO - DAG(s) 'example_xcom_args_with_operators', 'example_xcom_args' retrieved from /home/lborba/.cache/pypoetry/virtualenvs/airflow-tutorial-3ROeDTU8-py3.11/lib/python3.11/site-packages/airflow/example_dags/example_xcomargs.py
[2024-04-17T10:23:17.058-0300] {logging_mixin.py:188} INFO - [2024-04-17T10:23:17.057-0300] {dag.py:3096} INFO - Sync 2 DAGs
[2024-04-17T10:23:17.065-0300] {logging_mixin.py:188} INFO - [2024-04-17T10:23:17.064-0300] {dag.py:3954} INFO - Setting next_dagrun for example_xcom_args to None, run_after=None
[2024-04-17T10:23:17.067-0300] {logging_mixin.py:188} INFO - [2024-04-17T10:23:17.067-0300] {dag.py:3954} INFO - Setting next_dagrun for example_xcom_args_with_operators to None, run_after=None
[2024-04-17T10:23:17.081-0300] {processor.py:183} INFO - Processing /home/lborba/.cache/pypoetry/virtualenvs/airflow-tutorial-3ROeDTU8-py3.11/lib/python3.11/site-packages/airflow/example_dags/example_xcomargs.py took 0.049 seconds
[2024-04-17T10:24:16.344-0300] {processor.py:161} INFO - Started process (PID=31157) to work on /home/lborba/.cache/pypoetry/virtualenvs/airflow-tutorial-3ROeDTU8-py3.11/lib/python3.11/site-packages/airflow/example_dags/example_xcomargs.py
[2024-04-17T10:24:16.346-0300] {processor.py:830} INFO - Processing file /home/lborba/.cache/pypoetry/virtualenvs/airflow-tutorial-3ROeDTU8-py3.11/lib/python3.11/site-packages/airflow/example_dags/example_xcomargs.py for tasks to queue
[2024-04-17T10:24:16.348-0300] {logging_mixin.py:188} INFO - [2024-04-17T10:24:16.348-0300] {dagbag.py:540} INFO - Filling up the DagBag from /home/lborba/.cache/pypoetry/virtualenvs/airflow-tutorial-3ROeDTU8-py3.11/lib/python3.11/site-packages/airflow/example_dags/example_xcomargs.py
[2024-04-17T10:24:16.355-0300] {processor.py:840} INFO - DAG(s) 'example_xcom_args_with_operators', 'example_xcom_args' retrieved from /home/lborba/.cache/pypoetry/virtualenvs/airflow-tutorial-3ROeDTU8-py3.11/lib/python3.11/site-packages/airflow/example_dags/example_xcomargs.py
[2024-04-17T10:24:16.367-0300] {logging_mixin.py:188} INFO - [2024-04-17T10:24:16.367-0300] {dag.py:3096} INFO - Sync 2 DAGs
[2024-04-17T10:24:16.375-0300] {logging_mixin.py:188} INFO - [2024-04-17T10:24:16.374-0300] {dag.py:3954} INFO - Setting next_dagrun for example_xcom_args to None, run_after=None
[2024-04-17T10:24:16.377-0300] {logging_mixin.py:188} INFO - [2024-04-17T10:24:16.377-0300] {dag.py:3954} INFO - Setting next_dagrun for example_xcom_args_with_operators to None, run_after=None
[2024-04-17T10:24:16.393-0300] {processor.py:183} INFO - Processing /home/lborba/.cache/pypoetry/virtualenvs/airflow-tutorial-3ROeDTU8-py3.11/lib/python3.11/site-packages/airflow/example_dags/example_xcomargs.py took 0.055 seconds
