[2024-04-17T10:10:30.137-0300] {processor.py:161} INFO - Started process (PID=23236) to work on /home/lborba/.cache/pypoetry/virtualenvs/airflow-tutorial-3ROeDTU8-py3.11/lib/python3.11/site-packages/airflow/example_dags/example_dynamic_task_mapping.py
[2024-04-17T10:10:30.138-0300] {processor.py:830} INFO - Processing file /home/lborba/.cache/pypoetry/virtualenvs/airflow-tutorial-3ROeDTU8-py3.11/lib/python3.11/site-packages/airflow/example_dags/example_dynamic_task_mapping.py for tasks to queue
[2024-04-17T10:10:30.139-0300] {logging_mixin.py:188} INFO - [2024-04-17T10:10:30.139-0300] {dagbag.py:540} INFO - Filling up the DagBag from /home/lborba/.cache/pypoetry/virtualenvs/airflow-tutorial-3ROeDTU8-py3.11/lib/python3.11/site-packages/airflow/example_dags/example_dynamic_task_mapping.py
[2024-04-17T10:10:30.146-0300] {processor.py:840} INFO - DAG(s) 'example_dynamic_task_mapping' retrieved from /home/lborba/.cache/pypoetry/virtualenvs/airflow-tutorial-3ROeDTU8-py3.11/lib/python3.11/site-packages/airflow/example_dags/example_dynamic_task_mapping.py
[2024-04-17T10:10:30.227-0300] {logging_mixin.py:188} INFO - [2024-04-17T10:10:30.227-0300] {override.py:1829} INFO - Created Permission View: can edit on DAG:example_dynamic_task_mapping
[2024-04-17T10:10:30.238-0300] {logging_mixin.py:188} INFO - [2024-04-17T10:10:30.237-0300] {override.py:1829} INFO - Created Permission View: can delete on DAG:example_dynamic_task_mapping
[2024-04-17T10:10:30.248-0300] {logging_mixin.py:188} INFO - [2024-04-17T10:10:30.247-0300] {override.py:1829} INFO - Created Permission View: can read on DAG:example_dynamic_task_mapping
[2024-04-17T10:10:30.248-0300] {logging_mixin.py:188} INFO - [2024-04-17T10:10:30.248-0300] {dag.py:3096} INFO - Sync 1 DAGs
[2024-04-17T10:10:30.254-0300] {logging_mixin.py:188} INFO - [2024-04-17T10:10:30.254-0300] {dag.py:3118} INFO - Creating ORM DAG for example_dynamic_task_mapping
[2024-04-17T10:10:30.260-0300] {logging_mixin.py:188} INFO - [2024-04-17T10:10:30.260-0300] {dag.py:3954} INFO - Setting next_dagrun for example_dynamic_task_mapping to 2022-03-04 00:00:00+00:00, run_after=2022-03-05 00:00:00+00:00
[2024-04-17T10:10:30.278-0300] {processor.py:183} INFO - Processing /home/lborba/.cache/pypoetry/virtualenvs/airflow-tutorial-3ROeDTU8-py3.11/lib/python3.11/site-packages/airflow/example_dags/example_dynamic_task_mapping.py took 0.145 seconds
[2024-04-17T10:11:21.431-0300] {processor.py:161} INFO - Started process (PID=23644) to work on /home/lborba/.cache/pypoetry/virtualenvs/airflow-tutorial-3ROeDTU8-py3.11/lib/python3.11/site-packages/airflow/example_dags/example_dynamic_task_mapping.py
[2024-04-17T10:11:21.436-0300] {processor.py:830} INFO - Processing file /home/lborba/.cache/pypoetry/virtualenvs/airflow-tutorial-3ROeDTU8-py3.11/lib/python3.11/site-packages/airflow/example_dags/example_dynamic_task_mapping.py for tasks to queue
[2024-04-17T10:11:21.438-0300] {logging_mixin.py:188} INFO - [2024-04-17T10:11:21.437-0300] {dagbag.py:540} INFO - Filling up the DagBag from /home/lborba/.cache/pypoetry/virtualenvs/airflow-tutorial-3ROeDTU8-py3.11/lib/python3.11/site-packages/airflow/example_dags/example_dynamic_task_mapping.py
[2024-04-17T10:11:21.442-0300] {processor.py:840} INFO - DAG(s) 'example_dynamic_task_mapping' retrieved from /home/lborba/.cache/pypoetry/virtualenvs/airflow-tutorial-3ROeDTU8-py3.11/lib/python3.11/site-packages/airflow/example_dags/example_dynamic_task_mapping.py
[2024-04-17T10:11:21.453-0300] {logging_mixin.py:188} INFO - [2024-04-17T10:11:21.453-0300] {dag.py:3096} INFO - Sync 1 DAGs
[2024-04-17T10:11:21.467-0300] {logging_mixin.py:188} INFO - [2024-04-17T10:11:21.467-0300] {dag.py:3954} INFO - Setting next_dagrun for example_dynamic_task_mapping to 2022-03-04 00:00:00+00:00, run_after=2022-03-05 00:00:00+00:00
[2024-04-17T10:11:21.483-0300] {processor.py:183} INFO - Processing /home/lborba/.cache/pypoetry/virtualenvs/airflow-tutorial-3ROeDTU8-py3.11/lib/python3.11/site-packages/airflow/example_dags/example_dynamic_task_mapping.py took 0.057 seconds
[2024-04-17T10:12:21.941-0300] {processor.py:161} INFO - Started process (PID=24230) to work on /home/lborba/.cache/pypoetry/virtualenvs/airflow-tutorial-3ROeDTU8-py3.11/lib/python3.11/site-packages/airflow/example_dags/example_dynamic_task_mapping.py
[2024-04-17T10:12:21.946-0300] {processor.py:830} INFO - Processing file /home/lborba/.cache/pypoetry/virtualenvs/airflow-tutorial-3ROeDTU8-py3.11/lib/python3.11/site-packages/airflow/example_dags/example_dynamic_task_mapping.py for tasks to queue
[2024-04-17T10:12:21.947-0300] {logging_mixin.py:188} INFO - [2024-04-17T10:12:21.947-0300] {dagbag.py:540} INFO - Filling up the DagBag from /home/lborba/.cache/pypoetry/virtualenvs/airflow-tutorial-3ROeDTU8-py3.11/lib/python3.11/site-packages/airflow/example_dags/example_dynamic_task_mapping.py
[2024-04-17T10:12:21.952-0300] {processor.py:840} INFO - DAG(s) 'example_dynamic_task_mapping' retrieved from /home/lborba/.cache/pypoetry/virtualenvs/airflow-tutorial-3ROeDTU8-py3.11/lib/python3.11/site-packages/airflow/example_dags/example_dynamic_task_mapping.py
[2024-04-17T10:12:21.962-0300] {logging_mixin.py:188} INFO - [2024-04-17T10:12:21.962-0300] {dag.py:3096} INFO - Sync 1 DAGs
[2024-04-17T10:12:21.975-0300] {logging_mixin.py:188} INFO - [2024-04-17T10:12:21.975-0300] {dag.py:3954} INFO - Setting next_dagrun for example_dynamic_task_mapping to 2022-03-04 00:00:00+00:00, run_after=2022-03-05 00:00:00+00:00
[2024-04-17T10:12:21.991-0300] {processor.py:183} INFO - Processing /home/lborba/.cache/pypoetry/virtualenvs/airflow-tutorial-3ROeDTU8-py3.11/lib/python3.11/site-packages/airflow/example_dags/example_dynamic_task_mapping.py took 0.055 seconds
[2024-04-17T10:13:17.296-0300] {processor.py:161} INFO - Started process (PID=25233) to work on /home/lborba/.cache/pypoetry/virtualenvs/airflow-tutorial-3ROeDTU8-py3.11/lib/python3.11/site-packages/airflow/example_dags/example_dynamic_task_mapping.py
[2024-04-17T10:13:17.350-0300] {processor.py:830} INFO - Processing file /home/lborba/.cache/pypoetry/virtualenvs/airflow-tutorial-3ROeDTU8-py3.11/lib/python3.11/site-packages/airflow/example_dags/example_dynamic_task_mapping.py for tasks to queue
[2024-04-17T10:13:17.352-0300] {logging_mixin.py:188} INFO - [2024-04-17T10:13:17.352-0300] {dagbag.py:540} INFO - Filling up the DagBag from /home/lborba/.cache/pypoetry/virtualenvs/airflow-tutorial-3ROeDTU8-py3.11/lib/python3.11/site-packages/airflow/example_dags/example_dynamic_task_mapping.py
[2024-04-17T10:13:17.357-0300] {processor.py:840} INFO - DAG(s) 'example_dynamic_task_mapping' retrieved from /home/lborba/.cache/pypoetry/virtualenvs/airflow-tutorial-3ROeDTU8-py3.11/lib/python3.11/site-packages/airflow/example_dags/example_dynamic_task_mapping.py
[2024-04-17T10:13:17.374-0300] {logging_mixin.py:188} INFO - [2024-04-17T10:13:17.373-0300] {dag.py:3096} INFO - Sync 1 DAGs
[2024-04-17T10:13:17.392-0300] {logging_mixin.py:188} INFO - [2024-04-17T10:13:17.392-0300] {dag.py:3954} INFO - Setting next_dagrun for example_dynamic_task_mapping to 2022-03-04 00:00:00+00:00, run_after=2022-03-05 00:00:00+00:00
[2024-04-17T10:13:17.411-0300] {processor.py:183} INFO - Processing /home/lborba/.cache/pypoetry/virtualenvs/airflow-tutorial-3ROeDTU8-py3.11/lib/python3.11/site-packages/airflow/example_dags/example_dynamic_task_mapping.py took 0.120 seconds
[2024-04-17T10:14:18.285-0300] {processor.py:161} INFO - Started process (PID=25949) to work on /home/lborba/.cache/pypoetry/virtualenvs/airflow-tutorial-3ROeDTU8-py3.11/lib/python3.11/site-packages/airflow/example_dags/example_dynamic_task_mapping.py
[2024-04-17T10:14:18.288-0300] {processor.py:830} INFO - Processing file /home/lborba/.cache/pypoetry/virtualenvs/airflow-tutorial-3ROeDTU8-py3.11/lib/python3.11/site-packages/airflow/example_dags/example_dynamic_task_mapping.py for tasks to queue
[2024-04-17T10:14:18.289-0300] {logging_mixin.py:188} INFO - [2024-04-17T10:14:18.289-0300] {dagbag.py:540} INFO - Filling up the DagBag from /home/lborba/.cache/pypoetry/virtualenvs/airflow-tutorial-3ROeDTU8-py3.11/lib/python3.11/site-packages/airflow/example_dags/example_dynamic_task_mapping.py
[2024-04-17T10:14:18.294-0300] {processor.py:840} INFO - DAG(s) 'example_dynamic_task_mapping' retrieved from /home/lborba/.cache/pypoetry/virtualenvs/airflow-tutorial-3ROeDTU8-py3.11/lib/python3.11/site-packages/airflow/example_dags/example_dynamic_task_mapping.py
[2024-04-17T10:14:18.303-0300] {logging_mixin.py:188} INFO - [2024-04-17T10:14:18.303-0300] {dag.py:3096} INFO - Sync 1 DAGs
[2024-04-17T10:14:18.315-0300] {logging_mixin.py:188} INFO - [2024-04-17T10:14:18.315-0300] {dag.py:3954} INFO - Setting next_dagrun for example_dynamic_task_mapping to 2022-03-04 00:00:00+00:00, run_after=2022-03-05 00:00:00+00:00
[2024-04-17T10:14:18.331-0300] {processor.py:183} INFO - Processing /home/lborba/.cache/pypoetry/virtualenvs/airflow-tutorial-3ROeDTU8-py3.11/lib/python3.11/site-packages/airflow/example_dags/example_dynamic_task_mapping.py took 0.052 seconds
[2024-04-17T10:15:15.834-0300] {processor.py:161} INFO - Started process (PID=26549) to work on /home/lborba/.cache/pypoetry/virtualenvs/airflow-tutorial-3ROeDTU8-py3.11/lib/python3.11/site-packages/airflow/example_dags/example_dynamic_task_mapping.py
[2024-04-17T10:15:15.835-0300] {processor.py:830} INFO - Processing file /home/lborba/.cache/pypoetry/virtualenvs/airflow-tutorial-3ROeDTU8-py3.11/lib/python3.11/site-packages/airflow/example_dags/example_dynamic_task_mapping.py for tasks to queue
[2024-04-17T10:15:15.836-0300] {logging_mixin.py:188} INFO - [2024-04-17T10:15:15.836-0300] {dagbag.py:540} INFO - Filling up the DagBag from /home/lborba/.cache/pypoetry/virtualenvs/airflow-tutorial-3ROeDTU8-py3.11/lib/python3.11/site-packages/airflow/example_dags/example_dynamic_task_mapping.py
[2024-04-17T10:15:15.847-0300] {processor.py:840} INFO - DAG(s) 'example_dynamic_task_mapping' retrieved from /home/lborba/.cache/pypoetry/virtualenvs/airflow-tutorial-3ROeDTU8-py3.11/lib/python3.11/site-packages/airflow/example_dags/example_dynamic_task_mapping.py
[2024-04-17T10:15:15.957-0300] {logging_mixin.py:188} INFO - [2024-04-17T10:15:15.957-0300] {dag.py:3096} INFO - Sync 1 DAGs
[2024-04-17T10:15:15.970-0300] {logging_mixin.py:188} INFO - [2024-04-17T10:15:15.970-0300] {dag.py:3954} INFO - Setting next_dagrun for example_dynamic_task_mapping to 2022-03-04 00:00:00+00:00, run_after=2022-03-05 00:00:00+00:00
[2024-04-17T10:15:15.989-0300] {processor.py:183} INFO - Processing /home/lborba/.cache/pypoetry/virtualenvs/airflow-tutorial-3ROeDTU8-py3.11/lib/python3.11/site-packages/airflow/example_dags/example_dynamic_task_mapping.py took 0.161 seconds
[2024-04-17T10:16:18.050-0300] {processor.py:161} INFO - Started process (PID=27075) to work on /home/lborba/.cache/pypoetry/virtualenvs/airflow-tutorial-3ROeDTU8-py3.11/lib/python3.11/site-packages/airflow/example_dags/example_dynamic_task_mapping.py
[2024-04-17T10:16:18.052-0300] {processor.py:830} INFO - Processing file /home/lborba/.cache/pypoetry/virtualenvs/airflow-tutorial-3ROeDTU8-py3.11/lib/python3.11/site-packages/airflow/example_dags/example_dynamic_task_mapping.py for tasks to queue
[2024-04-17T10:16:18.054-0300] {logging_mixin.py:188} INFO - [2024-04-17T10:16:18.054-0300] {dagbag.py:540} INFO - Filling up the DagBag from /home/lborba/.cache/pypoetry/virtualenvs/airflow-tutorial-3ROeDTU8-py3.11/lib/python3.11/site-packages/airflow/example_dags/example_dynamic_task_mapping.py
[2024-04-17T10:16:18.059-0300] {processor.py:840} INFO - DAG(s) 'example_dynamic_task_mapping' retrieved from /home/lborba/.cache/pypoetry/virtualenvs/airflow-tutorial-3ROeDTU8-py3.11/lib/python3.11/site-packages/airflow/example_dags/example_dynamic_task_mapping.py
[2024-04-17T10:16:18.070-0300] {logging_mixin.py:188} INFO - [2024-04-17T10:16:18.070-0300] {dag.py:3096} INFO - Sync 1 DAGs
[2024-04-17T10:16:18.089-0300] {logging_mixin.py:188} INFO - [2024-04-17T10:16:18.089-0300] {dag.py:3954} INFO - Setting next_dagrun for example_dynamic_task_mapping to 2022-03-04 00:00:00+00:00, run_after=2022-03-05 00:00:00+00:00
[2024-04-17T10:16:18.108-0300] {processor.py:183} INFO - Processing /home/lborba/.cache/pypoetry/virtualenvs/airflow-tutorial-3ROeDTU8-py3.11/lib/python3.11/site-packages/airflow/example_dags/example_dynamic_task_mapping.py took 0.061 seconds
[2024-04-17T10:17:19.385-0300] {processor.py:161} INFO - Started process (PID=27598) to work on /home/lborba/.cache/pypoetry/virtualenvs/airflow-tutorial-3ROeDTU8-py3.11/lib/python3.11/site-packages/airflow/example_dags/example_dynamic_task_mapping.py
[2024-04-17T10:17:19.386-0300] {processor.py:830} INFO - Processing file /home/lborba/.cache/pypoetry/virtualenvs/airflow-tutorial-3ROeDTU8-py3.11/lib/python3.11/site-packages/airflow/example_dags/example_dynamic_task_mapping.py for tasks to queue
[2024-04-17T10:17:19.387-0300] {logging_mixin.py:188} INFO - [2024-04-17T10:17:19.387-0300] {dagbag.py:540} INFO - Filling up the DagBag from /home/lborba/.cache/pypoetry/virtualenvs/airflow-tutorial-3ROeDTU8-py3.11/lib/python3.11/site-packages/airflow/example_dags/example_dynamic_task_mapping.py
[2024-04-17T10:17:19.392-0300] {processor.py:840} INFO - DAG(s) 'example_dynamic_task_mapping' retrieved from /home/lborba/.cache/pypoetry/virtualenvs/airflow-tutorial-3ROeDTU8-py3.11/lib/python3.11/site-packages/airflow/example_dags/example_dynamic_task_mapping.py
[2024-04-17T10:17:19.402-0300] {logging_mixin.py:188} INFO - [2024-04-17T10:17:19.402-0300] {dag.py:3096} INFO - Sync 1 DAGs
[2024-04-17T10:17:19.415-0300] {logging_mixin.py:188} INFO - [2024-04-17T10:17:19.414-0300] {dag.py:3954} INFO - Setting next_dagrun for example_dynamic_task_mapping to 2022-03-04 00:00:00+00:00, run_after=2022-03-05 00:00:00+00:00
[2024-04-17T10:17:19.431-0300] {processor.py:183} INFO - Processing /home/lborba/.cache/pypoetry/virtualenvs/airflow-tutorial-3ROeDTU8-py3.11/lib/python3.11/site-packages/airflow/example_dags/example_dynamic_task_mapping.py took 0.051 seconds
[2024-04-17T10:18:18.950-0300] {processor.py:161} INFO - Started process (PID=28096) to work on /home/lborba/.cache/pypoetry/virtualenvs/airflow-tutorial-3ROeDTU8-py3.11/lib/python3.11/site-packages/airflow/example_dags/example_dynamic_task_mapping.py
[2024-04-17T10:18:18.957-0300] {processor.py:830} INFO - Processing file /home/lborba/.cache/pypoetry/virtualenvs/airflow-tutorial-3ROeDTU8-py3.11/lib/python3.11/site-packages/airflow/example_dags/example_dynamic_task_mapping.py for tasks to queue
[2024-04-17T10:18:18.959-0300] {logging_mixin.py:188} INFO - [2024-04-17T10:18:18.958-0300] {dagbag.py:540} INFO - Filling up the DagBag from /home/lborba/.cache/pypoetry/virtualenvs/airflow-tutorial-3ROeDTU8-py3.11/lib/python3.11/site-packages/airflow/example_dags/example_dynamic_task_mapping.py
[2024-04-17T10:18:18.965-0300] {processor.py:840} INFO - DAG(s) 'example_dynamic_task_mapping' retrieved from /home/lborba/.cache/pypoetry/virtualenvs/airflow-tutorial-3ROeDTU8-py3.11/lib/python3.11/site-packages/airflow/example_dags/example_dynamic_task_mapping.py
[2024-04-17T10:18:18.976-0300] {logging_mixin.py:188} INFO - [2024-04-17T10:18:18.976-0300] {dag.py:3096} INFO - Sync 1 DAGs
[2024-04-17T10:18:18.990-0300] {logging_mixin.py:188} INFO - [2024-04-17T10:18:18.989-0300] {dag.py:3954} INFO - Setting next_dagrun for example_dynamic_task_mapping to 2022-03-04 00:00:00+00:00, run_after=2022-03-05 00:00:00+00:00
[2024-04-17T10:18:19.006-0300] {processor.py:183} INFO - Processing /home/lborba/.cache/pypoetry/virtualenvs/airflow-tutorial-3ROeDTU8-py3.11/lib/python3.11/site-packages/airflow/example_dags/example_dynamic_task_mapping.py took 0.066 seconds
[2024-04-17T10:19:19.408-0300] {processor.py:161} INFO - Started process (PID=28614) to work on /home/lborba/.cache/pypoetry/virtualenvs/airflow-tutorial-3ROeDTU8-py3.11/lib/python3.11/site-packages/airflow/example_dags/example_dynamic_task_mapping.py
[2024-04-17T10:19:19.409-0300] {processor.py:830} INFO - Processing file /home/lborba/.cache/pypoetry/virtualenvs/airflow-tutorial-3ROeDTU8-py3.11/lib/python3.11/site-packages/airflow/example_dags/example_dynamic_task_mapping.py for tasks to queue
[2024-04-17T10:19:19.410-0300] {logging_mixin.py:188} INFO - [2024-04-17T10:19:19.409-0300] {dagbag.py:540} INFO - Filling up the DagBag from /home/lborba/.cache/pypoetry/virtualenvs/airflow-tutorial-3ROeDTU8-py3.11/lib/python3.11/site-packages/airflow/example_dags/example_dynamic_task_mapping.py
[2024-04-17T10:19:19.415-0300] {processor.py:840} INFO - DAG(s) 'example_dynamic_task_mapping' retrieved from /home/lborba/.cache/pypoetry/virtualenvs/airflow-tutorial-3ROeDTU8-py3.11/lib/python3.11/site-packages/airflow/example_dags/example_dynamic_task_mapping.py
[2024-04-17T10:19:19.425-0300] {logging_mixin.py:188} INFO - [2024-04-17T10:19:19.425-0300] {dag.py:3096} INFO - Sync 1 DAGs
[2024-04-17T10:19:19.439-0300] {logging_mixin.py:188} INFO - [2024-04-17T10:19:19.438-0300] {dag.py:3954} INFO - Setting next_dagrun for example_dynamic_task_mapping to 2022-03-04 00:00:00+00:00, run_after=2022-03-05 00:00:00+00:00
[2024-04-17T10:19:19.456-0300] {processor.py:183} INFO - Processing /home/lborba/.cache/pypoetry/virtualenvs/airflow-tutorial-3ROeDTU8-py3.11/lib/python3.11/site-packages/airflow/example_dags/example_dynamic_task_mapping.py took 0.053 seconds
[2024-04-17T10:20:15.897-0300] {processor.py:161} INFO - Started process (PID=29127) to work on /home/lborba/.cache/pypoetry/virtualenvs/airflow-tutorial-3ROeDTU8-py3.11/lib/python3.11/site-packages/airflow/example_dags/example_dynamic_task_mapping.py
[2024-04-17T10:20:15.903-0300] {processor.py:830} INFO - Processing file /home/lborba/.cache/pypoetry/virtualenvs/airflow-tutorial-3ROeDTU8-py3.11/lib/python3.11/site-packages/airflow/example_dags/example_dynamic_task_mapping.py for tasks to queue
[2024-04-17T10:20:15.904-0300] {logging_mixin.py:188} INFO - [2024-04-17T10:20:15.904-0300] {dagbag.py:540} INFO - Filling up the DagBag from /home/lborba/.cache/pypoetry/virtualenvs/airflow-tutorial-3ROeDTU8-py3.11/lib/python3.11/site-packages/airflow/example_dags/example_dynamic_task_mapping.py
[2024-04-17T10:20:15.910-0300] {processor.py:840} INFO - DAG(s) 'example_dynamic_task_mapping' retrieved from /home/lborba/.cache/pypoetry/virtualenvs/airflow-tutorial-3ROeDTU8-py3.11/lib/python3.11/site-packages/airflow/example_dags/example_dynamic_task_mapping.py
[2024-04-17T10:20:15.921-0300] {logging_mixin.py:188} INFO - [2024-04-17T10:20:15.920-0300] {dag.py:3096} INFO - Sync 1 DAGs
[2024-04-17T10:20:15.936-0300] {logging_mixin.py:188} INFO - [2024-04-17T10:20:15.936-0300] {dag.py:3954} INFO - Setting next_dagrun for example_dynamic_task_mapping to 2022-03-04 00:00:00+00:00, run_after=2022-03-05 00:00:00+00:00
[2024-04-17T10:20:15.955-0300] {processor.py:183} INFO - Processing /home/lborba/.cache/pypoetry/virtualenvs/airflow-tutorial-3ROeDTU8-py3.11/lib/python3.11/site-packages/airflow/example_dags/example_dynamic_task_mapping.py took 0.064 seconds
[2024-04-17T10:21:16.111-0300] {processor.py:161} INFO - Started process (PID=29634) to work on /home/lborba/.cache/pypoetry/virtualenvs/airflow-tutorial-3ROeDTU8-py3.11/lib/python3.11/site-packages/airflow/example_dags/example_dynamic_task_mapping.py
[2024-04-17T10:21:16.117-0300] {processor.py:830} INFO - Processing file /home/lborba/.cache/pypoetry/virtualenvs/airflow-tutorial-3ROeDTU8-py3.11/lib/python3.11/site-packages/airflow/example_dags/example_dynamic_task_mapping.py for tasks to queue
[2024-04-17T10:21:16.118-0300] {logging_mixin.py:188} INFO - [2024-04-17T10:21:16.118-0300] {dagbag.py:540} INFO - Filling up the DagBag from /home/lborba/.cache/pypoetry/virtualenvs/airflow-tutorial-3ROeDTU8-py3.11/lib/python3.11/site-packages/airflow/example_dags/example_dynamic_task_mapping.py
[2024-04-17T10:21:16.123-0300] {processor.py:840} INFO - DAG(s) 'example_dynamic_task_mapping' retrieved from /home/lborba/.cache/pypoetry/virtualenvs/airflow-tutorial-3ROeDTU8-py3.11/lib/python3.11/site-packages/airflow/example_dags/example_dynamic_task_mapping.py
[2024-04-17T10:21:16.134-0300] {logging_mixin.py:188} INFO - [2024-04-17T10:21:16.134-0300] {dag.py:3096} INFO - Sync 1 DAGs
[2024-04-17T10:21:16.148-0300] {logging_mixin.py:188} INFO - [2024-04-17T10:21:16.148-0300] {dag.py:3954} INFO - Setting next_dagrun for example_dynamic_task_mapping to 2022-03-04 00:00:00+00:00, run_after=2022-03-05 00:00:00+00:00
[2024-04-17T10:21:16.167-0300] {processor.py:183} INFO - Processing /home/lborba/.cache/pypoetry/virtualenvs/airflow-tutorial-3ROeDTU8-py3.11/lib/python3.11/site-packages/airflow/example_dags/example_dynamic_task_mapping.py took 0.060 seconds
[2024-04-17T10:22:12.943-0300] {processor.py:161} INFO - Started process (PID=30113) to work on /home/lborba/.cache/pypoetry/virtualenvs/airflow-tutorial-3ROeDTU8-py3.11/lib/python3.11/site-packages/airflow/example_dags/example_dynamic_task_mapping.py
[2024-04-17T10:22:12.950-0300] {processor.py:830} INFO - Processing file /home/lborba/.cache/pypoetry/virtualenvs/airflow-tutorial-3ROeDTU8-py3.11/lib/python3.11/site-packages/airflow/example_dags/example_dynamic_task_mapping.py for tasks to queue
[2024-04-17T10:22:12.951-0300] {logging_mixin.py:188} INFO - [2024-04-17T10:22:12.951-0300] {dagbag.py:540} INFO - Filling up the DagBag from /home/lborba/.cache/pypoetry/virtualenvs/airflow-tutorial-3ROeDTU8-py3.11/lib/python3.11/site-packages/airflow/example_dags/example_dynamic_task_mapping.py
[2024-04-17T10:22:12.956-0300] {processor.py:840} INFO - DAG(s) 'example_dynamic_task_mapping' retrieved from /home/lborba/.cache/pypoetry/virtualenvs/airflow-tutorial-3ROeDTU8-py3.11/lib/python3.11/site-packages/airflow/example_dags/example_dynamic_task_mapping.py
[2024-04-17T10:22:12.966-0300] {logging_mixin.py:188} INFO - [2024-04-17T10:22:12.966-0300] {dag.py:3096} INFO - Sync 1 DAGs
[2024-04-17T10:22:12.980-0300] {logging_mixin.py:188} INFO - [2024-04-17T10:22:12.980-0300] {dag.py:3954} INFO - Setting next_dagrun for example_dynamic_task_mapping to 2022-03-04 00:00:00+00:00, run_after=2022-03-05 00:00:00+00:00
[2024-04-17T10:22:12.999-0300] {processor.py:183} INFO - Processing /home/lborba/.cache/pypoetry/virtualenvs/airflow-tutorial-3ROeDTU8-py3.11/lib/python3.11/site-packages/airflow/example_dags/example_dynamic_task_mapping.py took 0.060 seconds
[2024-04-17T10:23:10.754-0300] {processor.py:161} INFO - Started process (PID=30602) to work on /home/lborba/.cache/pypoetry/virtualenvs/airflow-tutorial-3ROeDTU8-py3.11/lib/python3.11/site-packages/airflow/example_dags/example_dynamic_task_mapping.py
[2024-04-17T10:23:10.762-0300] {processor.py:830} INFO - Processing file /home/lborba/.cache/pypoetry/virtualenvs/airflow-tutorial-3ROeDTU8-py3.11/lib/python3.11/site-packages/airflow/example_dags/example_dynamic_task_mapping.py for tasks to queue
[2024-04-17T10:23:10.763-0300] {logging_mixin.py:188} INFO - [2024-04-17T10:23:10.763-0300] {dagbag.py:540} INFO - Filling up the DagBag from /home/lborba/.cache/pypoetry/virtualenvs/airflow-tutorial-3ROeDTU8-py3.11/lib/python3.11/site-packages/airflow/example_dags/example_dynamic_task_mapping.py
[2024-04-17T10:23:10.768-0300] {processor.py:840} INFO - DAG(s) 'example_dynamic_task_mapping' retrieved from /home/lborba/.cache/pypoetry/virtualenvs/airflow-tutorial-3ROeDTU8-py3.11/lib/python3.11/site-packages/airflow/example_dags/example_dynamic_task_mapping.py
[2024-04-17T10:23:10.778-0300] {logging_mixin.py:188} INFO - [2024-04-17T10:23:10.778-0300] {dag.py:3096} INFO - Sync 1 DAGs
[2024-04-17T10:23:10.791-0300] {logging_mixin.py:188} INFO - [2024-04-17T10:23:10.791-0300] {dag.py:3954} INFO - Setting next_dagrun for example_dynamic_task_mapping to 2022-03-04 00:00:00+00:00, run_after=2022-03-05 00:00:00+00:00
[2024-04-17T10:23:10.807-0300] {processor.py:183} INFO - Processing /home/lborba/.cache/pypoetry/virtualenvs/airflow-tutorial-3ROeDTU8-py3.11/lib/python3.11/site-packages/airflow/example_dags/example_dynamic_task_mapping.py took 0.057 seconds
[2024-04-17T10:24:11.261-0300] {processor.py:161} INFO - Started process (PID=31110) to work on /home/lborba/.cache/pypoetry/virtualenvs/airflow-tutorial-3ROeDTU8-py3.11/lib/python3.11/site-packages/airflow/example_dags/example_dynamic_task_mapping.py
[2024-04-17T10:24:11.263-0300] {processor.py:830} INFO - Processing file /home/lborba/.cache/pypoetry/virtualenvs/airflow-tutorial-3ROeDTU8-py3.11/lib/python3.11/site-packages/airflow/example_dags/example_dynamic_task_mapping.py for tasks to queue
[2024-04-17T10:24:11.264-0300] {logging_mixin.py:188} INFO - [2024-04-17T10:24:11.264-0300] {dagbag.py:540} INFO - Filling up the DagBag from /home/lborba/.cache/pypoetry/virtualenvs/airflow-tutorial-3ROeDTU8-py3.11/lib/python3.11/site-packages/airflow/example_dags/example_dynamic_task_mapping.py
[2024-04-17T10:24:11.269-0300] {processor.py:840} INFO - DAG(s) 'example_dynamic_task_mapping' retrieved from /home/lborba/.cache/pypoetry/virtualenvs/airflow-tutorial-3ROeDTU8-py3.11/lib/python3.11/site-packages/airflow/example_dags/example_dynamic_task_mapping.py
[2024-04-17T10:24:11.280-0300] {logging_mixin.py:188} INFO - [2024-04-17T10:24:11.280-0300] {dag.py:3096} INFO - Sync 1 DAGs
[2024-04-17T10:24:11.295-0300] {logging_mixin.py:188} INFO - [2024-04-17T10:24:11.295-0300] {dag.py:3954} INFO - Setting next_dagrun for example_dynamic_task_mapping to 2022-03-04 00:00:00+00:00, run_after=2022-03-05 00:00:00+00:00
[2024-04-17T10:24:11.314-0300] {processor.py:183} INFO - Processing /home/lborba/.cache/pypoetry/virtualenvs/airflow-tutorial-3ROeDTU8-py3.11/lib/python3.11/site-packages/airflow/example_dags/example_dynamic_task_mapping.py took 0.057 seconds
[2024-04-17T10:25:06.230-0300] {processor.py:161} INFO - Started process (PID=31613) to work on /home/lborba/.cache/pypoetry/virtualenvs/airflow-tutorial-3ROeDTU8-py3.11/lib/python3.11/site-packages/airflow/example_dags/example_dynamic_task_mapping.py
[2024-04-17T10:25:06.237-0300] {processor.py:830} INFO - Processing file /home/lborba/.cache/pypoetry/virtualenvs/airflow-tutorial-3ROeDTU8-py3.11/lib/python3.11/site-packages/airflow/example_dags/example_dynamic_task_mapping.py for tasks to queue
[2024-04-17T10:25:06.238-0300] {logging_mixin.py:188} INFO - [2024-04-17T10:25:06.238-0300] {dagbag.py:540} INFO - Filling up the DagBag from /home/lborba/.cache/pypoetry/virtualenvs/airflow-tutorial-3ROeDTU8-py3.11/lib/python3.11/site-packages/airflow/example_dags/example_dynamic_task_mapping.py
[2024-04-17T10:25:06.243-0300] {processor.py:840} INFO - DAG(s) 'example_dynamic_task_mapping' retrieved from /home/lborba/.cache/pypoetry/virtualenvs/airflow-tutorial-3ROeDTU8-py3.11/lib/python3.11/site-packages/airflow/example_dags/example_dynamic_task_mapping.py
[2024-04-17T10:25:06.255-0300] {logging_mixin.py:188} INFO - [2024-04-17T10:25:06.255-0300] {dag.py:3096} INFO - Sync 1 DAGs
[2024-04-17T10:25:06.269-0300] {logging_mixin.py:188} INFO - [2024-04-17T10:25:06.269-0300] {dag.py:3954} INFO - Setting next_dagrun for example_dynamic_task_mapping to 2022-03-04 00:00:00+00:00, run_after=2022-03-05 00:00:00+00:00
[2024-04-17T10:25:06.288-0300] {processor.py:183} INFO - Processing /home/lborba/.cache/pypoetry/virtualenvs/airflow-tutorial-3ROeDTU8-py3.11/lib/python3.11/site-packages/airflow/example_dags/example_dynamic_task_mapping.py took 0.063 seconds
