[2024-04-17T10:10:10.438-0300] {processor.py:161} INFO - Started process (PID=23086) to work on /home/lborba/.cache/pypoetry/virtualenvs/airflow-tutorial-3ROeDTU8-py3.11/lib/python3.11/site-packages/airflow/example_dags/example_dag_decorator.py
[2024-04-17T10:10:10.438-0300] {processor.py:830} INFO - Processing file /home/lborba/.cache/pypoetry/virtualenvs/airflow-tutorial-3ROeDTU8-py3.11/lib/python3.11/site-packages/airflow/example_dags/example_dag_decorator.py for tasks to queue
[2024-04-17T10:10:10.439-0300] {logging_mixin.py:188} INFO - [2024-04-17T10:10:10.439-0300] {dagbag.py:540} INFO - Filling up the DagBag from /home/lborba/.cache/pypoetry/virtualenvs/airflow-tutorial-3ROeDTU8-py3.11/lib/python3.11/site-packages/airflow/example_dags/example_dag_decorator.py
[2024-04-17T10:10:10.600-0300] {processor.py:840} INFO - DAG(s) 'example_dag_decorator' retrieved from /home/lborba/.cache/pypoetry/virtualenvs/airflow-tutorial-3ROeDTU8-py3.11/lib/python3.11/site-packages/airflow/example_dags/example_dag_decorator.py
[2024-04-17T10:10:10.677-0300] {logging_mixin.py:188} INFO - [2024-04-17T10:10:10.677-0300] {override.py:1829} INFO - Created Permission View: can edit on DAG:example_dag_decorator
[2024-04-17T10:10:10.688-0300] {logging_mixin.py:188} INFO - [2024-04-17T10:10:10.688-0300] {override.py:1829} INFO - Created Permission View: can delete on DAG:example_dag_decorator
[2024-04-17T10:10:10.697-0300] {logging_mixin.py:188} INFO - [2024-04-17T10:10:10.697-0300] {override.py:1829} INFO - Created Permission View: can read on DAG:example_dag_decorator
[2024-04-17T10:10:10.697-0300] {logging_mixin.py:188} INFO - [2024-04-17T10:10:10.697-0300] {dag.py:3096} INFO - Sync 1 DAGs
[2024-04-17T10:10:10.704-0300] {logging_mixin.py:188} INFO - [2024-04-17T10:10:10.704-0300] {dag.py:3118} INFO - Creating ORM DAG for example_dag_decorator
[2024-04-17T10:10:10.704-0300] {logging_mixin.py:188} INFO - [2024-04-17T10:10:10.704-0300] {dag.py:3954} INFO - Setting next_dagrun for example_dag_decorator to None, run_after=None
[2024-04-17T10:10:10.720-0300] {processor.py:183} INFO - Processing /home/lborba/.cache/pypoetry/virtualenvs/airflow-tutorial-3ROeDTU8-py3.11/lib/python3.11/site-packages/airflow/example_dags/example_dag_decorator.py took 0.287 seconds
[2024-04-17T10:11:03.627-0300] {processor.py:161} INFO - Started process (PID=23503) to work on /home/lborba/.cache/pypoetry/virtualenvs/airflow-tutorial-3ROeDTU8-py3.11/lib/python3.11/site-packages/airflow/example_dags/example_dag_decorator.py
[2024-04-17T10:11:03.629-0300] {processor.py:830} INFO - Processing file /home/lborba/.cache/pypoetry/virtualenvs/airflow-tutorial-3ROeDTU8-py3.11/lib/python3.11/site-packages/airflow/example_dags/example_dag_decorator.py for tasks to queue
[2024-04-17T10:11:03.630-0300] {logging_mixin.py:188} INFO - [2024-04-17T10:11:03.630-0300] {dagbag.py:540} INFO - Filling up the DagBag from /home/lborba/.cache/pypoetry/virtualenvs/airflow-tutorial-3ROeDTU8-py3.11/lib/python3.11/site-packages/airflow/example_dags/example_dag_decorator.py
[2024-04-17T10:11:03.682-0300] {processor.py:840} INFO - DAG(s) 'example_dag_decorator' retrieved from /home/lborba/.cache/pypoetry/virtualenvs/airflow-tutorial-3ROeDTU8-py3.11/lib/python3.11/site-packages/airflow/example_dags/example_dag_decorator.py
[2024-04-17T10:11:03.748-0300] {logging_mixin.py:188} INFO - [2024-04-17T10:11:03.748-0300] {dag.py:3096} INFO - Sync 1 DAGs
[2024-04-17T10:11:03.755-0300] {logging_mixin.py:188} INFO - [2024-04-17T10:11:03.755-0300] {dag.py:3954} INFO - Setting next_dagrun for example_dag_decorator to None, run_after=None
[2024-04-17T10:11:03.772-0300] {processor.py:183} INFO - Processing /home/lborba/.cache/pypoetry/virtualenvs/airflow-tutorial-3ROeDTU8-py3.11/lib/python3.11/site-packages/airflow/example_dags/example_dag_decorator.py took 0.150 seconds
[2024-04-17T10:11:53.126-0300] {processor.py:161} INFO - Started process (PID=23895) to work on /home/lborba/.cache/pypoetry/virtualenvs/airflow-tutorial-3ROeDTU8-py3.11/lib/python3.11/site-packages/airflow/example_dags/example_dag_decorator.py
[2024-04-17T10:11:53.130-0300] {processor.py:830} INFO - Processing file /home/lborba/.cache/pypoetry/virtualenvs/airflow-tutorial-3ROeDTU8-py3.11/lib/python3.11/site-packages/airflow/example_dags/example_dag_decorator.py for tasks to queue
[2024-04-17T10:11:53.131-0300] {logging_mixin.py:188} INFO - [2024-04-17T10:11:53.131-0300] {dagbag.py:540} INFO - Filling up the DagBag from /home/lborba/.cache/pypoetry/virtualenvs/airflow-tutorial-3ROeDTU8-py3.11/lib/python3.11/site-packages/airflow/example_dags/example_dag_decorator.py
[2024-04-17T10:11:53.210-0300] {processor.py:840} INFO - DAG(s) 'example_dag_decorator' retrieved from /home/lborba/.cache/pypoetry/virtualenvs/airflow-tutorial-3ROeDTU8-py3.11/lib/python3.11/site-packages/airflow/example_dags/example_dag_decorator.py
[2024-04-17T10:11:53.301-0300] {logging_mixin.py:188} INFO - [2024-04-17T10:11:53.301-0300] {dag.py:3096} INFO - Sync 1 DAGs
[2024-04-17T10:11:53.310-0300] {logging_mixin.py:188} INFO - [2024-04-17T10:11:53.309-0300] {dag.py:3954} INFO - Setting next_dagrun for example_dag_decorator to None, run_after=None
[2024-04-17T10:11:53.358-0300] {processor.py:183} INFO - Processing /home/lborba/.cache/pypoetry/virtualenvs/airflow-tutorial-3ROeDTU8-py3.11/lib/python3.11/site-packages/airflow/example_dags/example_dag_decorator.py took 0.239 seconds
[2024-04-17T10:12:44.554-0300] {processor.py:161} INFO - Started process (PID=24665) to work on /home/lborba/.cache/pypoetry/virtualenvs/airflow-tutorial-3ROeDTU8-py3.11/lib/python3.11/site-packages/airflow/example_dags/example_dag_decorator.py
[2024-04-17T10:12:44.560-0300] {processor.py:830} INFO - Processing file /home/lborba/.cache/pypoetry/virtualenvs/airflow-tutorial-3ROeDTU8-py3.11/lib/python3.11/site-packages/airflow/example_dags/example_dag_decorator.py for tasks to queue
[2024-04-17T10:12:44.562-0300] {logging_mixin.py:188} INFO - [2024-04-17T10:12:44.561-0300] {dagbag.py:540} INFO - Filling up the DagBag from /home/lborba/.cache/pypoetry/virtualenvs/airflow-tutorial-3ROeDTU8-py3.11/lib/python3.11/site-packages/airflow/example_dags/example_dag_decorator.py
[2024-04-17T10:12:44.612-0300] {processor.py:840} INFO - DAG(s) 'example_dag_decorator' retrieved from /home/lborba/.cache/pypoetry/virtualenvs/airflow-tutorial-3ROeDTU8-py3.11/lib/python3.11/site-packages/airflow/example_dags/example_dag_decorator.py
[2024-04-17T10:12:44.669-0300] {logging_mixin.py:188} INFO - [2024-04-17T10:12:44.668-0300] {dag.py:3096} INFO - Sync 1 DAGs
[2024-04-17T10:12:44.753-0300] {logging_mixin.py:188} INFO - [2024-04-17T10:12:44.752-0300] {dag.py:3954} INFO - Setting next_dagrun for example_dag_decorator to None, run_after=None
[2024-04-17T10:12:44.768-0300] {processor.py:183} INFO - Processing /home/lborba/.cache/pypoetry/virtualenvs/airflow-tutorial-3ROeDTU8-py3.11/lib/python3.11/site-packages/airflow/example_dags/example_dag_decorator.py took 0.218 seconds
[2024-04-17T10:13:31.092-0300] {processor.py:161} INFO - Started process (PID=25383) to work on /home/lborba/.cache/pypoetry/virtualenvs/airflow-tutorial-3ROeDTU8-py3.11/lib/python3.11/site-packages/airflow/example_dags/example_dag_decorator.py
[2024-04-17T10:13:31.094-0300] {processor.py:830} INFO - Processing file /home/lborba/.cache/pypoetry/virtualenvs/airflow-tutorial-3ROeDTU8-py3.11/lib/python3.11/site-packages/airflow/example_dags/example_dag_decorator.py for tasks to queue
[2024-04-17T10:13:31.095-0300] {logging_mixin.py:188} INFO - [2024-04-17T10:13:31.095-0300] {dagbag.py:540} INFO - Filling up the DagBag from /home/lborba/.cache/pypoetry/virtualenvs/airflow-tutorial-3ROeDTU8-py3.11/lib/python3.11/site-packages/airflow/example_dags/example_dag_decorator.py
[2024-04-17T10:13:31.146-0300] {processor.py:840} INFO - DAG(s) 'example_dag_decorator' retrieved from /home/lborba/.cache/pypoetry/virtualenvs/airflow-tutorial-3ROeDTU8-py3.11/lib/python3.11/site-packages/airflow/example_dags/example_dag_decorator.py
[2024-04-17T10:13:31.288-0300] {logging_mixin.py:188} INFO - [2024-04-17T10:13:31.287-0300] {dag.py:3096} INFO - Sync 1 DAGs
[2024-04-17T10:13:31.293-0300] {logging_mixin.py:188} INFO - [2024-04-17T10:13:31.293-0300] {dag.py:3954} INFO - Setting next_dagrun for example_dag_decorator to None, run_after=None
[2024-04-17T10:13:31.310-0300] {processor.py:183} INFO - Processing /home/lborba/.cache/pypoetry/virtualenvs/airflow-tutorial-3ROeDTU8-py3.11/lib/python3.11/site-packages/airflow/example_dags/example_dag_decorator.py took 0.223 seconds
[2024-04-17T10:14:12.203-0300] {processor.py:161} INFO - Started process (PID=25878) to work on /home/lborba/.cache/pypoetry/virtualenvs/airflow-tutorial-3ROeDTU8-py3.11/lib/python3.11/site-packages/airflow/example_dags/example_dag_decorator.py
[2024-04-17T10:14:12.205-0300] {processor.py:830} INFO - Processing file /home/lborba/.cache/pypoetry/virtualenvs/airflow-tutorial-3ROeDTU8-py3.11/lib/python3.11/site-packages/airflow/example_dags/example_dag_decorator.py for tasks to queue
[2024-04-17T10:14:12.206-0300] {logging_mixin.py:188} INFO - [2024-04-17T10:14:12.206-0300] {dagbag.py:540} INFO - Filling up the DagBag from /home/lborba/.cache/pypoetry/virtualenvs/airflow-tutorial-3ROeDTU8-py3.11/lib/python3.11/site-packages/airflow/example_dags/example_dag_decorator.py
[2024-04-17T10:14:12.354-0300] {processor.py:840} INFO - DAG(s) 'example_dag_decorator' retrieved from /home/lborba/.cache/pypoetry/virtualenvs/airflow-tutorial-3ROeDTU8-py3.11/lib/python3.11/site-packages/airflow/example_dags/example_dag_decorator.py
[2024-04-17T10:14:12.410-0300] {logging_mixin.py:188} INFO - [2024-04-17T10:14:12.410-0300] {dag.py:3096} INFO - Sync 1 DAGs
[2024-04-17T10:14:12.416-0300] {logging_mixin.py:188} INFO - [2024-04-17T10:14:12.416-0300] {dag.py:3954} INFO - Setting next_dagrun for example_dag_decorator to None, run_after=None
[2024-04-17T10:14:12.433-0300] {processor.py:183} INFO - Processing /home/lborba/.cache/pypoetry/virtualenvs/airflow-tutorial-3ROeDTU8-py3.11/lib/python3.11/site-packages/airflow/example_dags/example_dag_decorator.py took 0.236 seconds
[2024-04-17T10:14:49.748-0300] {processor.py:161} INFO - Started process (PID=26223) to work on /home/lborba/.cache/pypoetry/virtualenvs/airflow-tutorial-3ROeDTU8-py3.11/lib/python3.11/site-packages/airflow/example_dags/example_dag_decorator.py
[2024-04-17T10:14:49.753-0300] {processor.py:830} INFO - Processing file /home/lborba/.cache/pypoetry/virtualenvs/airflow-tutorial-3ROeDTU8-py3.11/lib/python3.11/site-packages/airflow/example_dags/example_dag_decorator.py for tasks to queue
[2024-04-17T10:14:49.754-0300] {logging_mixin.py:188} INFO - [2024-04-17T10:14:49.754-0300] {dagbag.py:540} INFO - Filling up the DagBag from /home/lborba/.cache/pypoetry/virtualenvs/airflow-tutorial-3ROeDTU8-py3.11/lib/python3.11/site-packages/airflow/example_dags/example_dag_decorator.py
[2024-04-17T10:14:49.903-0300] {processor.py:840} INFO - DAG(s) 'example_dag_decorator' retrieved from /home/lborba/.cache/pypoetry/virtualenvs/airflow-tutorial-3ROeDTU8-py3.11/lib/python3.11/site-packages/airflow/example_dags/example_dag_decorator.py
[2024-04-17T10:14:49.956-0300] {logging_mixin.py:188} INFO - [2024-04-17T10:14:49.956-0300] {dag.py:3096} INFO - Sync 1 DAGs
[2024-04-17T10:14:49.962-0300] {logging_mixin.py:188} INFO - [2024-04-17T10:14:49.962-0300] {dag.py:3954} INFO - Setting next_dagrun for example_dag_decorator to None, run_after=None
[2024-04-17T10:14:49.981-0300] {processor.py:183} INFO - Processing /home/lborba/.cache/pypoetry/virtualenvs/airflow-tutorial-3ROeDTU8-py3.11/lib/python3.11/site-packages/airflow/example_dags/example_dag_decorator.py took 0.237 seconds
[2024-04-17T10:15:30.034-0300] {processor.py:161} INFO - Started process (PID=26667) to work on /home/lborba/.cache/pypoetry/virtualenvs/airflow-tutorial-3ROeDTU8-py3.11/lib/python3.11/site-packages/airflow/example_dags/example_dag_decorator.py
[2024-04-17T10:15:30.039-0300] {processor.py:830} INFO - Processing file /home/lborba/.cache/pypoetry/virtualenvs/airflow-tutorial-3ROeDTU8-py3.11/lib/python3.11/site-packages/airflow/example_dags/example_dag_decorator.py for tasks to queue
[2024-04-17T10:15:30.041-0300] {logging_mixin.py:188} INFO - [2024-04-17T10:15:30.040-0300] {dagbag.py:540} INFO - Filling up the DagBag from /home/lborba/.cache/pypoetry/virtualenvs/airflow-tutorial-3ROeDTU8-py3.11/lib/python3.11/site-packages/airflow/example_dags/example_dag_decorator.py
[2024-04-17T10:15:30.167-0300] {processor.py:840} INFO - DAG(s) 'example_dag_decorator' retrieved from /home/lborba/.cache/pypoetry/virtualenvs/airflow-tutorial-3ROeDTU8-py3.11/lib/python3.11/site-packages/airflow/example_dags/example_dag_decorator.py
[2024-04-17T10:15:30.217-0300] {logging_mixin.py:188} INFO - [2024-04-17T10:15:30.217-0300] {dag.py:3096} INFO - Sync 1 DAGs
[2024-04-17T10:15:30.223-0300] {logging_mixin.py:188} INFO - [2024-04-17T10:15:30.222-0300] {dag.py:3954} INFO - Setting next_dagrun for example_dag_decorator to None, run_after=None
[2024-04-17T10:15:30.240-0300] {processor.py:183} INFO - Processing /home/lborba/.cache/pypoetry/virtualenvs/airflow-tutorial-3ROeDTU8-py3.11/lib/python3.11/site-packages/airflow/example_dags/example_dag_decorator.py took 0.210 seconds
[2024-04-17T10:16:11.456-0300] {processor.py:161} INFO - Started process (PID=27021) to work on /home/lborba/.cache/pypoetry/virtualenvs/airflow-tutorial-3ROeDTU8-py3.11/lib/python3.11/site-packages/airflow/example_dags/example_dag_decorator.py
[2024-04-17T10:16:11.462-0300] {processor.py:830} INFO - Processing file /home/lborba/.cache/pypoetry/virtualenvs/airflow-tutorial-3ROeDTU8-py3.11/lib/python3.11/site-packages/airflow/example_dags/example_dag_decorator.py for tasks to queue
[2024-04-17T10:16:11.463-0300] {logging_mixin.py:188} INFO - [2024-04-17T10:16:11.463-0300] {dagbag.py:540} INFO - Filling up the DagBag from /home/lborba/.cache/pypoetry/virtualenvs/airflow-tutorial-3ROeDTU8-py3.11/lib/python3.11/site-packages/airflow/example_dags/example_dag_decorator.py
[2024-04-17T10:16:11.520-0300] {processor.py:840} INFO - DAG(s) 'example_dag_decorator' retrieved from /home/lborba/.cache/pypoetry/virtualenvs/airflow-tutorial-3ROeDTU8-py3.11/lib/python3.11/site-packages/airflow/example_dags/example_dag_decorator.py
[2024-04-17T10:16:11.579-0300] {logging_mixin.py:188} INFO - [2024-04-17T10:16:11.579-0300] {dag.py:3096} INFO - Sync 1 DAGs
[2024-04-17T10:16:11.585-0300] {logging_mixin.py:188} INFO - [2024-04-17T10:16:11.585-0300] {dag.py:3954} INFO - Setting next_dagrun for example_dag_decorator to None, run_after=None
[2024-04-17T10:16:11.614-0300] {processor.py:183} INFO - Processing /home/lborba/.cache/pypoetry/virtualenvs/airflow-tutorial-3ROeDTU8-py3.11/lib/python3.11/site-packages/airflow/example_dags/example_dag_decorator.py took 0.163 seconds
[2024-04-17T10:16:53.588-0300] {processor.py:161} INFO - Started process (PID=27372) to work on /home/lborba/.cache/pypoetry/virtualenvs/airflow-tutorial-3ROeDTU8-py3.11/lib/python3.11/site-packages/airflow/example_dags/example_dag_decorator.py
[2024-04-17T10:16:53.589-0300] {processor.py:830} INFO - Processing file /home/lborba/.cache/pypoetry/virtualenvs/airflow-tutorial-3ROeDTU8-py3.11/lib/python3.11/site-packages/airflow/example_dags/example_dag_decorator.py for tasks to queue
[2024-04-17T10:16:53.591-0300] {logging_mixin.py:188} INFO - [2024-04-17T10:16:53.590-0300] {dagbag.py:540} INFO - Filling up the DagBag from /home/lborba/.cache/pypoetry/virtualenvs/airflow-tutorial-3ROeDTU8-py3.11/lib/python3.11/site-packages/airflow/example_dags/example_dag_decorator.py
[2024-04-17T10:16:53.644-0300] {processor.py:840} INFO - DAG(s) 'example_dag_decorator' retrieved from /home/lborba/.cache/pypoetry/virtualenvs/airflow-tutorial-3ROeDTU8-py3.11/lib/python3.11/site-packages/airflow/example_dags/example_dag_decorator.py
[2024-04-17T10:16:53.701-0300] {logging_mixin.py:188} INFO - [2024-04-17T10:16:53.700-0300] {dag.py:3096} INFO - Sync 1 DAGs
[2024-04-17T10:16:53.707-0300] {logging_mixin.py:188} INFO - [2024-04-17T10:16:53.707-0300] {dag.py:3954} INFO - Setting next_dagrun for example_dag_decorator to None, run_after=None
[2024-04-17T10:16:53.725-0300] {processor.py:183} INFO - Processing /home/lborba/.cache/pypoetry/virtualenvs/airflow-tutorial-3ROeDTU8-py3.11/lib/python3.11/site-packages/airflow/example_dags/example_dag_decorator.py took 0.142 seconds
[2024-04-17T10:17:33.436-0300] {processor.py:161} INFO - Started process (PID=27720) to work on /home/lborba/.cache/pypoetry/virtualenvs/airflow-tutorial-3ROeDTU8-py3.11/lib/python3.11/site-packages/airflow/example_dags/example_dag_decorator.py
[2024-04-17T10:17:33.438-0300] {processor.py:830} INFO - Processing file /home/lborba/.cache/pypoetry/virtualenvs/airflow-tutorial-3ROeDTU8-py3.11/lib/python3.11/site-packages/airflow/example_dags/example_dag_decorator.py for tasks to queue
[2024-04-17T10:17:33.439-0300] {logging_mixin.py:188} INFO - [2024-04-17T10:17:33.439-0300] {dagbag.py:540} INFO - Filling up the DagBag from /home/lborba/.cache/pypoetry/virtualenvs/airflow-tutorial-3ROeDTU8-py3.11/lib/python3.11/site-packages/airflow/example_dags/example_dag_decorator.py
[2024-04-17T10:17:33.495-0300] {processor.py:840} INFO - DAG(s) 'example_dag_decorator' retrieved from /home/lborba/.cache/pypoetry/virtualenvs/airflow-tutorial-3ROeDTU8-py3.11/lib/python3.11/site-packages/airflow/example_dags/example_dag_decorator.py
[2024-04-17T10:17:33.551-0300] {logging_mixin.py:188} INFO - [2024-04-17T10:17:33.551-0300] {dag.py:3096} INFO - Sync 1 DAGs
[2024-04-17T10:17:33.556-0300] {logging_mixin.py:188} INFO - [2024-04-17T10:17:33.556-0300] {dag.py:3954} INFO - Setting next_dagrun for example_dag_decorator to None, run_after=None
[2024-04-17T10:17:33.574-0300] {processor.py:183} INFO - Processing /home/lborba/.cache/pypoetry/virtualenvs/airflow-tutorial-3ROeDTU8-py3.11/lib/python3.11/site-packages/airflow/example_dags/example_dag_decorator.py took 0.142 seconds
[2024-04-17T10:18:11.427-0300] {processor.py:161} INFO - Started process (PID=28039) to work on /home/lborba/.cache/pypoetry/virtualenvs/airflow-tutorial-3ROeDTU8-py3.11/lib/python3.11/site-packages/airflow/example_dags/example_dag_decorator.py
[2024-04-17T10:18:11.429-0300] {processor.py:830} INFO - Processing file /home/lborba/.cache/pypoetry/virtualenvs/airflow-tutorial-3ROeDTU8-py3.11/lib/python3.11/site-packages/airflow/example_dags/example_dag_decorator.py for tasks to queue
[2024-04-17T10:18:11.430-0300] {logging_mixin.py:188} INFO - [2024-04-17T10:18:11.430-0300] {dagbag.py:540} INFO - Filling up the DagBag from /home/lborba/.cache/pypoetry/virtualenvs/airflow-tutorial-3ROeDTU8-py3.11/lib/python3.11/site-packages/airflow/example_dags/example_dag_decorator.py
[2024-04-17T10:18:11.490-0300] {processor.py:840} INFO - DAG(s) 'example_dag_decorator' retrieved from /home/lborba/.cache/pypoetry/virtualenvs/airflow-tutorial-3ROeDTU8-py3.11/lib/python3.11/site-packages/airflow/example_dags/example_dag_decorator.py
[2024-04-17T10:18:11.550-0300] {logging_mixin.py:188} INFO - [2024-04-17T10:18:11.550-0300] {dag.py:3096} INFO - Sync 1 DAGs
[2024-04-17T10:18:11.556-0300] {logging_mixin.py:188} INFO - [2024-04-17T10:18:11.556-0300] {dag.py:3954} INFO - Setting next_dagrun for example_dag_decorator to None, run_after=None
[2024-04-17T10:18:11.576-0300] {processor.py:183} INFO - Processing /home/lborba/.cache/pypoetry/virtualenvs/airflow-tutorial-3ROeDTU8-py3.11/lib/python3.11/site-packages/airflow/example_dags/example_dag_decorator.py took 0.153 seconds
[2024-04-17T10:18:52.050-0300] {processor.py:161} INFO - Started process (PID=28378) to work on /home/lborba/.cache/pypoetry/virtualenvs/airflow-tutorial-3ROeDTU8-py3.11/lib/python3.11/site-packages/airflow/example_dags/example_dag_decorator.py
[2024-04-17T10:18:52.052-0300] {processor.py:830} INFO - Processing file /home/lborba/.cache/pypoetry/virtualenvs/airflow-tutorial-3ROeDTU8-py3.11/lib/python3.11/site-packages/airflow/example_dags/example_dag_decorator.py for tasks to queue
[2024-04-17T10:18:52.054-0300] {logging_mixin.py:188} INFO - [2024-04-17T10:18:52.054-0300] {dagbag.py:540} INFO - Filling up the DagBag from /home/lborba/.cache/pypoetry/virtualenvs/airflow-tutorial-3ROeDTU8-py3.11/lib/python3.11/site-packages/airflow/example_dags/example_dag_decorator.py
[2024-04-17T10:18:52.114-0300] {processor.py:840} INFO - DAG(s) 'example_dag_decorator' retrieved from /home/lborba/.cache/pypoetry/virtualenvs/airflow-tutorial-3ROeDTU8-py3.11/lib/python3.11/site-packages/airflow/example_dags/example_dag_decorator.py
[2024-04-17T10:18:52.180-0300] {logging_mixin.py:188} INFO - [2024-04-17T10:18:52.180-0300] {dag.py:3096} INFO - Sync 1 DAGs
[2024-04-17T10:18:52.187-0300] {logging_mixin.py:188} INFO - [2024-04-17T10:18:52.187-0300] {dag.py:3954} INFO - Setting next_dagrun for example_dag_decorator to None, run_after=None
[2024-04-17T10:18:52.207-0300] {processor.py:183} INFO - Processing /home/lborba/.cache/pypoetry/virtualenvs/airflow-tutorial-3ROeDTU8-py3.11/lib/python3.11/site-packages/airflow/example_dags/example_dag_decorator.py took 0.162 seconds
[2024-04-17T10:19:33.082-0300] {processor.py:161} INFO - Started process (PID=28726) to work on /home/lborba/.cache/pypoetry/virtualenvs/airflow-tutorial-3ROeDTU8-py3.11/lib/python3.11/site-packages/airflow/example_dags/example_dag_decorator.py
[2024-04-17T10:19:33.084-0300] {processor.py:830} INFO - Processing file /home/lborba/.cache/pypoetry/virtualenvs/airflow-tutorial-3ROeDTU8-py3.11/lib/python3.11/site-packages/airflow/example_dags/example_dag_decorator.py for tasks to queue
[2024-04-17T10:19:33.085-0300] {logging_mixin.py:188} INFO - [2024-04-17T10:19:33.085-0300] {dagbag.py:540} INFO - Filling up the DagBag from /home/lborba/.cache/pypoetry/virtualenvs/airflow-tutorial-3ROeDTU8-py3.11/lib/python3.11/site-packages/airflow/example_dags/example_dag_decorator.py
[2024-04-17T10:19:33.136-0300] {processor.py:840} INFO - DAG(s) 'example_dag_decorator' retrieved from /home/lborba/.cache/pypoetry/virtualenvs/airflow-tutorial-3ROeDTU8-py3.11/lib/python3.11/site-packages/airflow/example_dags/example_dag_decorator.py
[2024-04-17T10:19:33.194-0300] {logging_mixin.py:188} INFO - [2024-04-17T10:19:33.193-0300] {dag.py:3096} INFO - Sync 1 DAGs
[2024-04-17T10:19:33.199-0300] {logging_mixin.py:188} INFO - [2024-04-17T10:19:33.199-0300] {dag.py:3954} INFO - Setting next_dagrun for example_dag_decorator to None, run_after=None
[2024-04-17T10:19:33.216-0300] {processor.py:183} INFO - Processing /home/lborba/.cache/pypoetry/virtualenvs/airflow-tutorial-3ROeDTU8-py3.11/lib/python3.11/site-packages/airflow/example_dags/example_dag_decorator.py took 0.139 seconds
[2024-04-17T10:20:11.887-0300] {processor.py:161} INFO - Started process (PID=29092) to work on /home/lborba/.cache/pypoetry/virtualenvs/airflow-tutorial-3ROeDTU8-py3.11/lib/python3.11/site-packages/airflow/example_dags/example_dag_decorator.py
[2024-04-17T10:20:11.894-0300] {processor.py:830} INFO - Processing file /home/lborba/.cache/pypoetry/virtualenvs/airflow-tutorial-3ROeDTU8-py3.11/lib/python3.11/site-packages/airflow/example_dags/example_dag_decorator.py for tasks to queue
[2024-04-17T10:20:11.895-0300] {logging_mixin.py:188} INFO - [2024-04-17T10:20:11.894-0300] {dagbag.py:540} INFO - Filling up the DagBag from /home/lborba/.cache/pypoetry/virtualenvs/airflow-tutorial-3ROeDTU8-py3.11/lib/python3.11/site-packages/airflow/example_dags/example_dag_decorator.py
[2024-04-17T10:20:11.949-0300] {processor.py:840} INFO - DAG(s) 'example_dag_decorator' retrieved from /home/lborba/.cache/pypoetry/virtualenvs/airflow-tutorial-3ROeDTU8-py3.11/lib/python3.11/site-packages/airflow/example_dags/example_dag_decorator.py
[2024-04-17T10:20:12.005-0300] {logging_mixin.py:188} INFO - [2024-04-17T10:20:12.005-0300] {dag.py:3096} INFO - Sync 1 DAGs
[2024-04-17T10:20:12.012-0300] {logging_mixin.py:188} INFO - [2024-04-17T10:20:12.012-0300] {dag.py:3954} INFO - Setting next_dagrun for example_dag_decorator to None, run_after=None
[2024-04-17T10:20:12.029-0300] {processor.py:183} INFO - Processing /home/lborba/.cache/pypoetry/virtualenvs/airflow-tutorial-3ROeDTU8-py3.11/lib/python3.11/site-packages/airflow/example_dags/example_dag_decorator.py took 0.145 seconds
[2024-04-17T10:21:08.846-0300] {processor.py:161} INFO - Started process (PID=29569) to work on /home/lborba/.cache/pypoetry/virtualenvs/airflow-tutorial-3ROeDTU8-py3.11/lib/python3.11/site-packages/airflow/example_dags/example_dag_decorator.py
[2024-04-17T10:21:08.848-0300] {processor.py:830} INFO - Processing file /home/lborba/.cache/pypoetry/virtualenvs/airflow-tutorial-3ROeDTU8-py3.11/lib/python3.11/site-packages/airflow/example_dags/example_dag_decorator.py for tasks to queue
[2024-04-17T10:21:08.849-0300] {logging_mixin.py:188} INFO - [2024-04-17T10:21:08.849-0300] {dagbag.py:540} INFO - Filling up the DagBag from /home/lborba/.cache/pypoetry/virtualenvs/airflow-tutorial-3ROeDTU8-py3.11/lib/python3.11/site-packages/airflow/example_dags/example_dag_decorator.py
[2024-04-17T10:21:08.899-0300] {processor.py:840} INFO - DAG(s) 'example_dag_decorator' retrieved from /home/lborba/.cache/pypoetry/virtualenvs/airflow-tutorial-3ROeDTU8-py3.11/lib/python3.11/site-packages/airflow/example_dags/example_dag_decorator.py
[2024-04-17T10:21:08.956-0300] {logging_mixin.py:188} INFO - [2024-04-17T10:21:08.956-0300] {dag.py:3096} INFO - Sync 1 DAGs
[2024-04-17T10:21:08.963-0300] {logging_mixin.py:188} INFO - [2024-04-17T10:21:08.963-0300] {dag.py:3954} INFO - Setting next_dagrun for example_dag_decorator to None, run_after=None
[2024-04-17T10:21:08.982-0300] {processor.py:183} INFO - Processing /home/lborba/.cache/pypoetry/virtualenvs/airflow-tutorial-3ROeDTU8-py3.11/lib/python3.11/site-packages/airflow/example_dags/example_dag_decorator.py took 0.140 seconds
[2024-04-17T10:21:49.330-0300] {processor.py:161} INFO - Started process (PID=29913) to work on /home/lborba/.cache/pypoetry/virtualenvs/airflow-tutorial-3ROeDTU8-py3.11/lib/python3.11/site-packages/airflow/example_dags/example_dag_decorator.py
[2024-04-17T10:21:49.332-0300] {processor.py:830} INFO - Processing file /home/lborba/.cache/pypoetry/virtualenvs/airflow-tutorial-3ROeDTU8-py3.11/lib/python3.11/site-packages/airflow/example_dags/example_dag_decorator.py for tasks to queue
[2024-04-17T10:21:49.333-0300] {logging_mixin.py:188} INFO - [2024-04-17T10:21:49.333-0300] {dagbag.py:540} INFO - Filling up the DagBag from /home/lborba/.cache/pypoetry/virtualenvs/airflow-tutorial-3ROeDTU8-py3.11/lib/python3.11/site-packages/airflow/example_dags/example_dag_decorator.py
[2024-04-17T10:21:49.382-0300] {processor.py:840} INFO - DAG(s) 'example_dag_decorator' retrieved from /home/lborba/.cache/pypoetry/virtualenvs/airflow-tutorial-3ROeDTU8-py3.11/lib/python3.11/site-packages/airflow/example_dags/example_dag_decorator.py
[2024-04-17T10:21:49.441-0300] {logging_mixin.py:188} INFO - [2024-04-17T10:21:49.441-0300] {dag.py:3096} INFO - Sync 1 DAGs
[2024-04-17T10:21:49.447-0300] {logging_mixin.py:188} INFO - [2024-04-17T10:21:49.447-0300] {dag.py:3954} INFO - Setting next_dagrun for example_dag_decorator to None, run_after=None
[2024-04-17T10:21:49.463-0300] {processor.py:183} INFO - Processing /home/lborba/.cache/pypoetry/virtualenvs/airflow-tutorial-3ROeDTU8-py3.11/lib/python3.11/site-packages/airflow/example_dags/example_dag_decorator.py took 0.137 seconds
[2024-04-17T10:22:44.933-0300] {processor.py:161} INFO - Started process (PID=30386) to work on /home/lborba/.cache/pypoetry/virtualenvs/airflow-tutorial-3ROeDTU8-py3.11/lib/python3.11/site-packages/airflow/example_dags/example_dag_decorator.py
[2024-04-17T10:22:44.939-0300] {processor.py:830} INFO - Processing file /home/lborba/.cache/pypoetry/virtualenvs/airflow-tutorial-3ROeDTU8-py3.11/lib/python3.11/site-packages/airflow/example_dags/example_dag_decorator.py for tasks to queue
[2024-04-17T10:22:44.940-0300] {logging_mixin.py:188} INFO - [2024-04-17T10:22:44.939-0300] {dagbag.py:540} INFO - Filling up the DagBag from /home/lborba/.cache/pypoetry/virtualenvs/airflow-tutorial-3ROeDTU8-py3.11/lib/python3.11/site-packages/airflow/example_dags/example_dag_decorator.py
[2024-04-17T10:22:44.991-0300] {processor.py:840} INFO - DAG(s) 'example_dag_decorator' retrieved from /home/lborba/.cache/pypoetry/virtualenvs/airflow-tutorial-3ROeDTU8-py3.11/lib/python3.11/site-packages/airflow/example_dags/example_dag_decorator.py
[2024-04-17T10:22:45.049-0300] {logging_mixin.py:188} INFO - [2024-04-17T10:22:45.049-0300] {dag.py:3096} INFO - Sync 1 DAGs
[2024-04-17T10:22:45.055-0300] {logging_mixin.py:188} INFO - [2024-04-17T10:22:45.055-0300] {dag.py:3954} INFO - Setting next_dagrun for example_dag_decorator to None, run_after=None
[2024-04-17T10:22:45.072-0300] {processor.py:183} INFO - Processing /home/lborba/.cache/pypoetry/virtualenvs/airflow-tutorial-3ROeDTU8-py3.11/lib/python3.11/site-packages/airflow/example_dags/example_dag_decorator.py took 0.144 seconds
[2024-04-17T10:23:25.047-0300] {processor.py:161} INFO - Started process (PID=30724) to work on /home/lborba/.cache/pypoetry/virtualenvs/airflow-tutorial-3ROeDTU8-py3.11/lib/python3.11/site-packages/airflow/example_dags/example_dag_decorator.py
[2024-04-17T10:23:25.049-0300] {processor.py:830} INFO - Processing file /home/lborba/.cache/pypoetry/virtualenvs/airflow-tutorial-3ROeDTU8-py3.11/lib/python3.11/site-packages/airflow/example_dags/example_dag_decorator.py for tasks to queue
[2024-04-17T10:23:25.050-0300] {logging_mixin.py:188} INFO - [2024-04-17T10:23:25.050-0300] {dagbag.py:540} INFO - Filling up the DagBag from /home/lborba/.cache/pypoetry/virtualenvs/airflow-tutorial-3ROeDTU8-py3.11/lib/python3.11/site-packages/airflow/example_dags/example_dag_decorator.py
[2024-04-17T10:23:25.105-0300] {processor.py:840} INFO - DAG(s) 'example_dag_decorator' retrieved from /home/lborba/.cache/pypoetry/virtualenvs/airflow-tutorial-3ROeDTU8-py3.11/lib/python3.11/site-packages/airflow/example_dags/example_dag_decorator.py
[2024-04-17T10:23:25.163-0300] {logging_mixin.py:188} INFO - [2024-04-17T10:23:25.163-0300] {dag.py:3096} INFO - Sync 1 DAGs
[2024-04-17T10:23:25.169-0300] {logging_mixin.py:188} INFO - [2024-04-17T10:23:25.169-0300] {dag.py:3954} INFO - Setting next_dagrun for example_dag_decorator to None, run_after=None
[2024-04-17T10:23:25.186-0300] {processor.py:183} INFO - Processing /home/lborba/.cache/pypoetry/virtualenvs/airflow-tutorial-3ROeDTU8-py3.11/lib/python3.11/site-packages/airflow/example_dags/example_dag_decorator.py took 0.143 seconds
[2024-04-17T10:24:05.646-0300] {processor.py:161} INFO - Started process (PID=31064) to work on /home/lborba/.cache/pypoetry/virtualenvs/airflow-tutorial-3ROeDTU8-py3.11/lib/python3.11/site-packages/airflow/example_dags/example_dag_decorator.py
[2024-04-17T10:24:05.647-0300] {processor.py:830} INFO - Processing file /home/lborba/.cache/pypoetry/virtualenvs/airflow-tutorial-3ROeDTU8-py3.11/lib/python3.11/site-packages/airflow/example_dags/example_dag_decorator.py for tasks to queue
[2024-04-17T10:24:05.649-0300] {logging_mixin.py:188} INFO - [2024-04-17T10:24:05.648-0300] {dagbag.py:540} INFO - Filling up the DagBag from /home/lborba/.cache/pypoetry/virtualenvs/airflow-tutorial-3ROeDTU8-py3.11/lib/python3.11/site-packages/airflow/example_dags/example_dag_decorator.py
[2024-04-17T10:24:05.713-0300] {processor.py:840} INFO - DAG(s) 'example_dag_decorator' retrieved from /home/lborba/.cache/pypoetry/virtualenvs/airflow-tutorial-3ROeDTU8-py3.11/lib/python3.11/site-packages/airflow/example_dags/example_dag_decorator.py
[2024-04-17T10:24:05.779-0300] {logging_mixin.py:188} INFO - [2024-04-17T10:24:05.779-0300] {dag.py:3096} INFO - Sync 1 DAGs
[2024-04-17T10:24:05.785-0300] {logging_mixin.py:188} INFO - [2024-04-17T10:24:05.785-0300] {dag.py:3954} INFO - Setting next_dagrun for example_dag_decorator to None, run_after=None
[2024-04-17T10:24:05.802-0300] {processor.py:183} INFO - Processing /home/lborba/.cache/pypoetry/virtualenvs/airflow-tutorial-3ROeDTU8-py3.11/lib/python3.11/site-packages/airflow/example_dags/example_dag_decorator.py took 0.162 seconds
[2024-04-17T10:25:00.506-0300] {processor.py:161} INFO - Started process (PID=31564) to work on /home/lborba/.cache/pypoetry/virtualenvs/airflow-tutorial-3ROeDTU8-py3.11/lib/python3.11/site-packages/airflow/example_dags/example_dag_decorator.py
[2024-04-17T10:25:00.512-0300] {processor.py:830} INFO - Processing file /home/lborba/.cache/pypoetry/virtualenvs/airflow-tutorial-3ROeDTU8-py3.11/lib/python3.11/site-packages/airflow/example_dags/example_dag_decorator.py for tasks to queue
[2024-04-17T10:25:00.514-0300] {logging_mixin.py:188} INFO - [2024-04-17T10:25:00.514-0300] {dagbag.py:540} INFO - Filling up the DagBag from /home/lborba/.cache/pypoetry/virtualenvs/airflow-tutorial-3ROeDTU8-py3.11/lib/python3.11/site-packages/airflow/example_dags/example_dag_decorator.py
[2024-04-17T10:25:00.574-0300] {processor.py:840} INFO - DAG(s) 'example_dag_decorator' retrieved from /home/lborba/.cache/pypoetry/virtualenvs/airflow-tutorial-3ROeDTU8-py3.11/lib/python3.11/site-packages/airflow/example_dags/example_dag_decorator.py
[2024-04-17T10:25:00.638-0300] {logging_mixin.py:188} INFO - [2024-04-17T10:25:00.637-0300] {dag.py:3096} INFO - Sync 1 DAGs
[2024-04-17T10:25:00.644-0300] {logging_mixin.py:188} INFO - [2024-04-17T10:25:00.644-0300] {dag.py:3954} INFO - Setting next_dagrun for example_dag_decorator to None, run_after=None
[2024-04-17T10:25:00.662-0300] {processor.py:183} INFO - Processing /home/lborba/.cache/pypoetry/virtualenvs/airflow-tutorial-3ROeDTU8-py3.11/lib/python3.11/site-packages/airflow/example_dags/example_dag_decorator.py took 0.160 seconds
