[2024-04-17T10:10:31.896-0300] {processor.py:161} INFO - Started process (PID=23251) to work on /home/lborba/.cache/pypoetry/virtualenvs/airflow-tutorial-3ROeDTU8-py3.11/lib/python3.11/site-packages/airflow/example_dags/example_branch_labels.py
[2024-04-17T10:10:31.896-0300] {processor.py:830} INFO - Processing file /home/lborba/.cache/pypoetry/virtualenvs/airflow-tutorial-3ROeDTU8-py3.11/lib/python3.11/site-packages/airflow/example_dags/example_branch_labels.py for tasks to queue
[2024-04-17T10:10:31.897-0300] {logging_mixin.py:188} INFO - [2024-04-17T10:10:31.897-0300] {dagbag.py:540} INFO - Filling up the DagBag from /home/lborba/.cache/pypoetry/virtualenvs/airflow-tutorial-3ROeDTU8-py3.11/lib/python3.11/site-packages/airflow/example_dags/example_branch_labels.py
[2024-04-17T10:10:31.905-0300] {processor.py:840} INFO - DAG(s) 'example_branch_labels' retrieved from /home/lborba/.cache/pypoetry/virtualenvs/airflow-tutorial-3ROeDTU8-py3.11/lib/python3.11/site-packages/airflow/example_dags/example_branch_labels.py
[2024-04-17T10:10:31.974-0300] {logging_mixin.py:188} INFO - [2024-04-17T10:10:31.974-0300] {override.py:1829} INFO - Created Permission View: can edit on DAG:example_branch_labels
[2024-04-17T10:10:31.983-0300] {logging_mixin.py:188} INFO - [2024-04-17T10:10:31.983-0300] {override.py:1829} INFO - Created Permission View: can delete on DAG:example_branch_labels
[2024-04-17T10:10:31.991-0300] {logging_mixin.py:188} INFO - [2024-04-17T10:10:31.991-0300] {override.py:1829} INFO - Created Permission View: can read on DAG:example_branch_labels
[2024-04-17T10:10:31.991-0300] {logging_mixin.py:188} INFO - [2024-04-17T10:10:31.991-0300] {dag.py:3096} INFO - Sync 1 DAGs
[2024-04-17T10:10:31.998-0300] {logging_mixin.py:188} INFO - [2024-04-17T10:10:31.997-0300] {dag.py:3118} INFO - Creating ORM DAG for example_branch_labels
[2024-04-17T10:10:32.004-0300] {logging_mixin.py:188} INFO - [2024-04-17T10:10:32.004-0300] {dag.py:3954} INFO - Setting next_dagrun for example_branch_labels to 2024-04-16 00:00:00+00:00, run_after=2024-04-17 00:00:00+00:00
[2024-04-17T10:10:32.023-0300] {processor.py:183} INFO - Processing /home/lborba/.cache/pypoetry/virtualenvs/airflow-tutorial-3ROeDTU8-py3.11/lib/python3.11/site-packages/airflow/example_dags/example_branch_labels.py took 0.131 seconds
[2024-04-17T10:11:22.763-0300] {processor.py:161} INFO - Started process (PID=23657) to work on /home/lborba/.cache/pypoetry/virtualenvs/airflow-tutorial-3ROeDTU8-py3.11/lib/python3.11/site-packages/airflow/example_dags/example_branch_labels.py
[2024-04-17T10:11:22.765-0300] {processor.py:830} INFO - Processing file /home/lborba/.cache/pypoetry/virtualenvs/airflow-tutorial-3ROeDTU8-py3.11/lib/python3.11/site-packages/airflow/example_dags/example_branch_labels.py for tasks to queue
[2024-04-17T10:11:22.766-0300] {logging_mixin.py:188} INFO - [2024-04-17T10:11:22.766-0300] {dagbag.py:540} INFO - Filling up the DagBag from /home/lborba/.cache/pypoetry/virtualenvs/airflow-tutorial-3ROeDTU8-py3.11/lib/python3.11/site-packages/airflow/example_dags/example_branch_labels.py
[2024-04-17T10:11:22.771-0300] {processor.py:840} INFO - DAG(s) 'example_branch_labels' retrieved from /home/lborba/.cache/pypoetry/virtualenvs/airflow-tutorial-3ROeDTU8-py3.11/lib/python3.11/site-packages/airflow/example_dags/example_branch_labels.py
[2024-04-17T10:11:22.782-0300] {logging_mixin.py:188} INFO - [2024-04-17T10:11:22.782-0300] {dag.py:3096} INFO - Sync 1 DAGs
[2024-04-17T10:11:22.796-0300] {logging_mixin.py:188} INFO - [2024-04-17T10:11:22.795-0300] {dag.py:3954} INFO - Setting next_dagrun for example_branch_labels to 2024-04-16 00:00:00+00:00, run_after=2024-04-17 00:00:00+00:00
[2024-04-17T10:11:22.812-0300] {processor.py:183} INFO - Processing /home/lborba/.cache/pypoetry/virtualenvs/airflow-tutorial-3ROeDTU8-py3.11/lib/python3.11/site-packages/airflow/example_dags/example_branch_labels.py took 0.055 seconds
[2024-04-17T10:12:23.744-0300] {processor.py:161} INFO - Started process (PID=24267) to work on /home/lborba/.cache/pypoetry/virtualenvs/airflow-tutorial-3ROeDTU8-py3.11/lib/python3.11/site-packages/airflow/example_dags/example_branch_labels.py
[2024-04-17T10:12:23.746-0300] {processor.py:830} INFO - Processing file /home/lborba/.cache/pypoetry/virtualenvs/airflow-tutorial-3ROeDTU8-py3.11/lib/python3.11/site-packages/airflow/example_dags/example_branch_labels.py for tasks to queue
[2024-04-17T10:12:23.747-0300] {logging_mixin.py:188} INFO - [2024-04-17T10:12:23.747-0300] {dagbag.py:540} INFO - Filling up the DagBag from /home/lborba/.cache/pypoetry/virtualenvs/airflow-tutorial-3ROeDTU8-py3.11/lib/python3.11/site-packages/airflow/example_dags/example_branch_labels.py
[2024-04-17T10:12:23.752-0300] {processor.py:840} INFO - DAG(s) 'example_branch_labels' retrieved from /home/lborba/.cache/pypoetry/virtualenvs/airflow-tutorial-3ROeDTU8-py3.11/lib/python3.11/site-packages/airflow/example_dags/example_branch_labels.py
[2024-04-17T10:12:23.765-0300] {logging_mixin.py:188} INFO - [2024-04-17T10:12:23.765-0300] {dag.py:3096} INFO - Sync 1 DAGs
[2024-04-17T10:12:23.782-0300] {logging_mixin.py:188} INFO - [2024-04-17T10:12:23.781-0300] {dag.py:3954} INFO - Setting next_dagrun for example_branch_labels to 2024-04-16 00:00:00+00:00, run_after=2024-04-17 00:00:00+00:00
[2024-04-17T10:12:23.800-0300] {processor.py:183} INFO - Processing /home/lborba/.cache/pypoetry/virtualenvs/airflow-tutorial-3ROeDTU8-py3.11/lib/python3.11/site-packages/airflow/example_dags/example_branch_labels.py took 0.061 seconds
[2024-04-17T10:13:19.667-0300] {processor.py:161} INFO - Started process (PID=25259) to work on /home/lborba/.cache/pypoetry/virtualenvs/airflow-tutorial-3ROeDTU8-py3.11/lib/python3.11/site-packages/airflow/example_dags/example_branch_labels.py
[2024-04-17T10:13:19.673-0300] {processor.py:830} INFO - Processing file /home/lborba/.cache/pypoetry/virtualenvs/airflow-tutorial-3ROeDTU8-py3.11/lib/python3.11/site-packages/airflow/example_dags/example_branch_labels.py for tasks to queue
[2024-04-17T10:13:19.674-0300] {logging_mixin.py:188} INFO - [2024-04-17T10:13:19.674-0300] {dagbag.py:540} INFO - Filling up the DagBag from /home/lborba/.cache/pypoetry/virtualenvs/airflow-tutorial-3ROeDTU8-py3.11/lib/python3.11/site-packages/airflow/example_dags/example_branch_labels.py
[2024-04-17T10:13:19.680-0300] {processor.py:840} INFO - DAG(s) 'example_branch_labels' retrieved from /home/lborba/.cache/pypoetry/virtualenvs/airflow-tutorial-3ROeDTU8-py3.11/lib/python3.11/site-packages/airflow/example_dags/example_branch_labels.py
[2024-04-17T10:13:19.692-0300] {logging_mixin.py:188} INFO - [2024-04-17T10:13:19.692-0300] {dag.py:3096} INFO - Sync 1 DAGs
[2024-04-17T10:13:19.707-0300] {logging_mixin.py:188} INFO - [2024-04-17T10:13:19.707-0300] {dag.py:3954} INFO - Setting next_dagrun for example_branch_labels to 2024-04-16 00:00:00+00:00, run_after=2024-04-17 00:00:00+00:00
[2024-04-17T10:13:19.728-0300] {processor.py:183} INFO - Processing /home/lborba/.cache/pypoetry/virtualenvs/airflow-tutorial-3ROeDTU8-py3.11/lib/python3.11/site-packages/airflow/example_dags/example_branch_labels.py took 0.065 seconds
