[2024-04-17T10:10:34.154-0300] {processor.py:161} INFO - Started process (PID=23270) to work on /home/lborba/.cache/pypoetry/virtualenvs/airflow-tutorial-3ROeDTU8-py3.11/lib/python3.11/site-packages/airflow/example_dags/example_subdag_operator.py
[2024-04-17T10:10:34.155-0300] {processor.py:830} INFO - Processing file /home/lborba/.cache/pypoetry/virtualenvs/airflow-tutorial-3ROeDTU8-py3.11/lib/python3.11/site-packages/airflow/example_dags/example_subdag_operator.py for tasks to queue
[2024-04-17T10:10:34.156-0300] {logging_mixin.py:188} INFO - [2024-04-17T10:10:34.156-0300] {dagbag.py:540} INFO - Filling up the DagBag from /home/lborba/.cache/pypoetry/virtualenvs/airflow-tutorial-3ROeDTU8-py3.11/lib/python3.11/site-packages/airflow/example_dags/example_subdag_operator.py
[2024-04-17T10:10:34.172-0300] {processor.py:840} INFO - DAG(s) 'example_subdag_operator.section-1', 'example_subdag_operator.section-2', 'example_subdag_operator' retrieved from /home/lborba/.cache/pypoetry/virtualenvs/airflow-tutorial-3ROeDTU8-py3.11/lib/python3.11/site-packages/airflow/example_dags/example_subdag_operator.py
[2024-04-17T10:10:34.263-0300] {logging_mixin.py:188} INFO - [2024-04-17T10:10:34.262-0300] {override.py:1829} INFO - Created Permission View: can edit on DAG:example_subdag_operator
[2024-04-17T10:10:34.276-0300] {logging_mixin.py:188} INFO - [2024-04-17T10:10:34.276-0300] {override.py:1829} INFO - Created Permission View: can delete on DAG:example_subdag_operator
[2024-04-17T10:10:34.286-0300] {logging_mixin.py:188} INFO - [2024-04-17T10:10:34.285-0300] {override.py:1829} INFO - Created Permission View: can read on DAG:example_subdag_operator
[2024-04-17T10:10:34.286-0300] {logging_mixin.py:188} INFO - [2024-04-17T10:10:34.286-0300] {dag.py:3096} INFO - Sync 3 DAGs
[2024-04-17T10:10:34.293-0300] {logging_mixin.py:188} INFO - [2024-04-17T10:10:34.292-0300] {dag.py:3118} INFO - Creating ORM DAG for example_subdag_operator
[2024-04-17T10:10:34.293-0300] {logging_mixin.py:188} INFO - [2024-04-17T10:10:34.293-0300] {dag.py:3118} INFO - Creating ORM DAG for example_subdag_operator.section-1
[2024-04-17T10:10:34.293-0300] {logging_mixin.py:188} INFO - [2024-04-17T10:10:34.293-0300] {dag.py:3118} INFO - Creating ORM DAG for example_subdag_operator.section-2
[2024-04-17T10:10:34.301-0300] {logging_mixin.py:188} INFO - [2024-04-17T10:10:34.301-0300] {dag.py:3954} INFO - Setting next_dagrun for example_subdag_operator to 2022-01-01 00:00:00+00:00, run_after=2022-01-01 00:00:00+00:00
[2024-04-17T10:10:34.302-0300] {logging_mixin.py:188} INFO - [2024-04-17T10:10:34.302-0300] {dag.py:3954} INFO - Setting next_dagrun for example_subdag_operator.section-1 to None, run_after=None
[2024-04-17T10:10:34.303-0300] {logging_mixin.py:188} INFO - [2024-04-17T10:10:34.303-0300] {dag.py:3954} INFO - Setting next_dagrun for example_subdag_operator.section-2 to None, run_after=None
[2024-04-17T10:10:34.307-0300] {logging_mixin.py:188} INFO - [2024-04-17T10:10:34.307-0300] {dag.py:3096} INFO - Sync 2 DAGs
[2024-04-17T10:10:34.310-0300] {logging_mixin.py:188} INFO - [2024-04-17T10:10:34.310-0300] {dag.py:3954} INFO - Setting next_dagrun for example_subdag_operator.section-1 to None, run_after=None
[2024-04-17T10:10:34.312-0300] {logging_mixin.py:188} INFO - [2024-04-17T10:10:34.312-0300] {dag.py:3954} INFO - Setting next_dagrun for example_subdag_operator.section-2 to None, run_after=None
[2024-04-17T10:10:34.328-0300] {processor.py:183} INFO - Processing /home/lborba/.cache/pypoetry/virtualenvs/airflow-tutorial-3ROeDTU8-py3.11/lib/python3.11/site-packages/airflow/example_dags/example_subdag_operator.py took 0.180 seconds
[2024-04-17T10:11:24.299-0300] {processor.py:161} INFO - Started process (PID=23668) to work on /home/lborba/.cache/pypoetry/virtualenvs/airflow-tutorial-3ROeDTU8-py3.11/lib/python3.11/site-packages/airflow/example_dags/example_subdag_operator.py
[2024-04-17T10:11:24.300-0300] {processor.py:830} INFO - Processing file /home/lborba/.cache/pypoetry/virtualenvs/airflow-tutorial-3ROeDTU8-py3.11/lib/python3.11/site-packages/airflow/example_dags/example_subdag_operator.py for tasks to queue
[2024-04-17T10:11:24.301-0300] {logging_mixin.py:188} INFO - [2024-04-17T10:11:24.301-0300] {dagbag.py:540} INFO - Filling up the DagBag from /home/lborba/.cache/pypoetry/virtualenvs/airflow-tutorial-3ROeDTU8-py3.11/lib/python3.11/site-packages/airflow/example_dags/example_subdag_operator.py
[2024-04-17T10:11:24.315-0300] {processor.py:840} INFO - DAG(s) 'example_subdag_operator.section-1', 'example_subdag_operator.section-2', 'example_subdag_operator' retrieved from /home/lborba/.cache/pypoetry/virtualenvs/airflow-tutorial-3ROeDTU8-py3.11/lib/python3.11/site-packages/airflow/example_dags/example_subdag_operator.py
[2024-04-17T10:11:24.326-0300] {logging_mixin.py:188} INFO - [2024-04-17T10:11:24.326-0300] {dag.py:3096} INFO - Sync 3 DAGs
[2024-04-17T10:11:24.337-0300] {logging_mixin.py:188} INFO - [2024-04-17T10:11:24.337-0300] {dag.py:3954} INFO - Setting next_dagrun for example_subdag_operator to 2022-01-01 00:00:00+00:00, run_after=2022-01-01 00:00:00+00:00
[2024-04-17T10:11:24.339-0300] {logging_mixin.py:188} INFO - [2024-04-17T10:11:24.339-0300] {dag.py:3954} INFO - Setting next_dagrun for example_subdag_operator.section-1 to None, run_after=None
[2024-04-17T10:11:24.340-0300] {logging_mixin.py:188} INFO - [2024-04-17T10:11:24.340-0300] {dag.py:3954} INFO - Setting next_dagrun for example_subdag_operator.section-2 to None, run_after=None
[2024-04-17T10:11:24.344-0300] {logging_mixin.py:188} INFO - [2024-04-17T10:11:24.344-0300] {dag.py:3096} INFO - Sync 2 DAGs
[2024-04-17T10:11:24.347-0300] {logging_mixin.py:188} INFO - [2024-04-17T10:11:24.347-0300] {dag.py:3954} INFO - Setting next_dagrun for example_subdag_operator.section-1 to None, run_after=None
[2024-04-17T10:11:24.347-0300] {logging_mixin.py:188} INFO - [2024-04-17T10:11:24.347-0300] {dag.py:3954} INFO - Setting next_dagrun for example_subdag_operator.section-2 to None, run_after=None
[2024-04-17T10:11:24.359-0300] {processor.py:183} INFO - Processing /home/lborba/.cache/pypoetry/virtualenvs/airflow-tutorial-3ROeDTU8-py3.11/lib/python3.11/site-packages/airflow/example_dags/example_subdag_operator.py took 0.065 seconds
[2024-04-17T10:12:32.166-0300] {processor.py:161} INFO - Started process (PID=24460) to work on /home/lborba/.cache/pypoetry/virtualenvs/airflow-tutorial-3ROeDTU8-py3.11/lib/python3.11/site-packages/airflow/example_dags/example_subdag_operator.py
[2024-04-17T10:12:32.172-0300] {processor.py:830} INFO - Processing file /home/lborba/.cache/pypoetry/virtualenvs/airflow-tutorial-3ROeDTU8-py3.11/lib/python3.11/site-packages/airflow/example_dags/example_subdag_operator.py for tasks to queue
[2024-04-17T10:12:32.174-0300] {logging_mixin.py:188} INFO - [2024-04-17T10:12:32.174-0300] {dagbag.py:540} INFO - Filling up the DagBag from /home/lborba/.cache/pypoetry/virtualenvs/airflow-tutorial-3ROeDTU8-py3.11/lib/python3.11/site-packages/airflow/example_dags/example_subdag_operator.py
[2024-04-17T10:12:32.188-0300] {processor.py:840} INFO - DAG(s) 'example_subdag_operator.section-1', 'example_subdag_operator.section-2', 'example_subdag_operator' retrieved from /home/lborba/.cache/pypoetry/virtualenvs/airflow-tutorial-3ROeDTU8-py3.11/lib/python3.11/site-packages/airflow/example_dags/example_subdag_operator.py
[2024-04-17T10:12:32.199-0300] {logging_mixin.py:188} INFO - [2024-04-17T10:12:32.199-0300] {dag.py:3096} INFO - Sync 3 DAGs
[2024-04-17T10:12:32.213-0300] {logging_mixin.py:188} INFO - [2024-04-17T10:12:32.212-0300] {dag.py:3954} INFO - Setting next_dagrun for example_subdag_operator to 2022-01-01 00:00:00+00:00, run_after=2022-01-01 00:00:00+00:00
[2024-04-17T10:12:32.215-0300] {logging_mixin.py:188} INFO - [2024-04-17T10:12:32.215-0300] {dag.py:3954} INFO - Setting next_dagrun for example_subdag_operator.section-1 to None, run_after=None
[2024-04-17T10:12:32.215-0300] {logging_mixin.py:188} INFO - [2024-04-17T10:12:32.215-0300] {dag.py:3954} INFO - Setting next_dagrun for example_subdag_operator.section-2 to None, run_after=None
[2024-04-17T10:12:32.219-0300] {logging_mixin.py:188} INFO - [2024-04-17T10:12:32.219-0300] {dag.py:3096} INFO - Sync 2 DAGs
[2024-04-17T10:12:32.222-0300] {logging_mixin.py:188} INFO - [2024-04-17T10:12:32.222-0300] {dag.py:3954} INFO - Setting next_dagrun for example_subdag_operator.section-1 to None, run_after=None
[2024-04-17T10:12:32.222-0300] {logging_mixin.py:188} INFO - [2024-04-17T10:12:32.222-0300] {dag.py:3954} INFO - Setting next_dagrun for example_subdag_operator.section-2 to None, run_after=None
[2024-04-17T10:12:32.236-0300] {processor.py:183} INFO - Processing /home/lborba/.cache/pypoetry/virtualenvs/airflow-tutorial-3ROeDTU8-py3.11/lib/python3.11/site-packages/airflow/example_dags/example_subdag_operator.py took 0.074 seconds
[2024-04-17T10:13:21.540-0300] {processor.py:161} INFO - Started process (PID=25274) to work on /home/lborba/.cache/pypoetry/virtualenvs/airflow-tutorial-3ROeDTU8-py3.11/lib/python3.11/site-packages/airflow/example_dags/example_subdag_operator.py
[2024-04-17T10:13:21.546-0300] {processor.py:830} INFO - Processing file /home/lborba/.cache/pypoetry/virtualenvs/airflow-tutorial-3ROeDTU8-py3.11/lib/python3.11/site-packages/airflow/example_dags/example_subdag_operator.py for tasks to queue
[2024-04-17T10:13:21.547-0300] {logging_mixin.py:188} INFO - [2024-04-17T10:13:21.547-0300] {dagbag.py:540} INFO - Filling up the DagBag from /home/lborba/.cache/pypoetry/virtualenvs/airflow-tutorial-3ROeDTU8-py3.11/lib/python3.11/site-packages/airflow/example_dags/example_subdag_operator.py
[2024-04-17T10:13:21.566-0300] {processor.py:840} INFO - DAG(s) 'example_subdag_operator.section-1', 'example_subdag_operator.section-2', 'example_subdag_operator' retrieved from /home/lborba/.cache/pypoetry/virtualenvs/airflow-tutorial-3ROeDTU8-py3.11/lib/python3.11/site-packages/airflow/example_dags/example_subdag_operator.py
[2024-04-17T10:13:21.580-0300] {logging_mixin.py:188} INFO - [2024-04-17T10:13:21.580-0300] {dag.py:3096} INFO - Sync 3 DAGs
[2024-04-17T10:13:21.595-0300] {logging_mixin.py:188} INFO - [2024-04-17T10:13:21.595-0300] {dag.py:3954} INFO - Setting next_dagrun for example_subdag_operator to 2022-01-01 00:00:00+00:00, run_after=2022-01-01 00:00:00+00:00
[2024-04-17T10:13:21.597-0300] {logging_mixin.py:188} INFO - [2024-04-17T10:13:21.597-0300] {dag.py:3954} INFO - Setting next_dagrun for example_subdag_operator.section-1 to None, run_after=None
[2024-04-17T10:13:21.598-0300] {logging_mixin.py:188} INFO - [2024-04-17T10:13:21.598-0300] {dag.py:3954} INFO - Setting next_dagrun for example_subdag_operator.section-2 to None, run_after=None
[2024-04-17T10:13:21.602-0300] {logging_mixin.py:188} INFO - [2024-04-17T10:13:21.602-0300] {dag.py:3096} INFO - Sync 2 DAGs
[2024-04-17T10:13:21.604-0300] {logging_mixin.py:188} INFO - [2024-04-17T10:13:21.604-0300] {dag.py:3954} INFO - Setting next_dagrun for example_subdag_operator.section-1 to None, run_after=None
[2024-04-17T10:13:21.604-0300] {logging_mixin.py:188} INFO - [2024-04-17T10:13:21.604-0300] {dag.py:3954} INFO - Setting next_dagrun for example_subdag_operator.section-2 to None, run_after=None
[2024-04-17T10:13:21.618-0300] {processor.py:183} INFO - Processing /home/lborba/.cache/pypoetry/virtualenvs/airflow-tutorial-3ROeDTU8-py3.11/lib/python3.11/site-packages/airflow/example_dags/example_subdag_operator.py took 0.081 seconds
[2024-04-17T10:14:22.297-0300] {processor.py:161} INFO - Started process (PID=25984) to work on /home/lborba/.cache/pypoetry/virtualenvs/airflow-tutorial-3ROeDTU8-py3.11/lib/python3.11/site-packages/airflow/example_dags/example_subdag_operator.py
[2024-04-17T10:14:22.298-0300] {processor.py:830} INFO - Processing file /home/lborba/.cache/pypoetry/virtualenvs/airflow-tutorial-3ROeDTU8-py3.11/lib/python3.11/site-packages/airflow/example_dags/example_subdag_operator.py for tasks to queue
[2024-04-17T10:14:22.299-0300] {logging_mixin.py:188} INFO - [2024-04-17T10:14:22.299-0300] {dagbag.py:540} INFO - Filling up the DagBag from /home/lborba/.cache/pypoetry/virtualenvs/airflow-tutorial-3ROeDTU8-py3.11/lib/python3.11/site-packages/airflow/example_dags/example_subdag_operator.py
[2024-04-17T10:14:22.312-0300] {processor.py:840} INFO - DAG(s) 'example_subdag_operator.section-1', 'example_subdag_operator.section-2', 'example_subdag_operator' retrieved from /home/lborba/.cache/pypoetry/virtualenvs/airflow-tutorial-3ROeDTU8-py3.11/lib/python3.11/site-packages/airflow/example_dags/example_subdag_operator.py
[2024-04-17T10:14:22.321-0300] {logging_mixin.py:188} INFO - [2024-04-17T10:14:22.321-0300] {dag.py:3096} INFO - Sync 3 DAGs
[2024-04-17T10:14:22.334-0300] {logging_mixin.py:188} INFO - [2024-04-17T10:14:22.334-0300] {dag.py:3954} INFO - Setting next_dagrun for example_subdag_operator to 2022-01-01 00:00:00+00:00, run_after=2022-01-01 00:00:00+00:00
[2024-04-17T10:14:22.335-0300] {logging_mixin.py:188} INFO - [2024-04-17T10:14:22.335-0300] {dag.py:3954} INFO - Setting next_dagrun for example_subdag_operator.section-1 to None, run_after=None
[2024-04-17T10:14:22.336-0300] {logging_mixin.py:188} INFO - [2024-04-17T10:14:22.336-0300] {dag.py:3954} INFO - Setting next_dagrun for example_subdag_operator.section-2 to None, run_after=None
[2024-04-17T10:14:22.340-0300] {logging_mixin.py:188} INFO - [2024-04-17T10:14:22.340-0300] {dag.py:3096} INFO - Sync 2 DAGs
[2024-04-17T10:14:22.342-0300] {logging_mixin.py:188} INFO - [2024-04-17T10:14:22.342-0300] {dag.py:3954} INFO - Setting next_dagrun for example_subdag_operator.section-1 to None, run_after=None
[2024-04-17T10:14:22.342-0300] {logging_mixin.py:188} INFO - [2024-04-17T10:14:22.342-0300] {dag.py:3954} INFO - Setting next_dagrun for example_subdag_operator.section-2 to None, run_after=None
[2024-04-17T10:14:22.354-0300] {processor.py:183} INFO - Processing /home/lborba/.cache/pypoetry/virtualenvs/airflow-tutorial-3ROeDTU8-py3.11/lib/python3.11/site-packages/airflow/example_dags/example_subdag_operator.py took 0.062 seconds
[2024-04-17T10:15:20.770-0300] {processor.py:161} INFO - Started process (PID=26594) to work on /home/lborba/.cache/pypoetry/virtualenvs/airflow-tutorial-3ROeDTU8-py3.11/lib/python3.11/site-packages/airflow/example_dags/example_subdag_operator.py
[2024-04-17T10:15:20.772-0300] {processor.py:830} INFO - Processing file /home/lborba/.cache/pypoetry/virtualenvs/airflow-tutorial-3ROeDTU8-py3.11/lib/python3.11/site-packages/airflow/example_dags/example_subdag_operator.py for tasks to queue
[2024-04-17T10:15:20.773-0300] {logging_mixin.py:188} INFO - [2024-04-17T10:15:20.773-0300] {dagbag.py:540} INFO - Filling up the DagBag from /home/lborba/.cache/pypoetry/virtualenvs/airflow-tutorial-3ROeDTU8-py3.11/lib/python3.11/site-packages/airflow/example_dags/example_subdag_operator.py
[2024-04-17T10:15:20.788-0300] {processor.py:840} INFO - DAG(s) 'example_subdag_operator.section-1', 'example_subdag_operator.section-2', 'example_subdag_operator' retrieved from /home/lborba/.cache/pypoetry/virtualenvs/airflow-tutorial-3ROeDTU8-py3.11/lib/python3.11/site-packages/airflow/example_dags/example_subdag_operator.py
[2024-04-17T10:15:20.886-0300] {logging_mixin.py:188} INFO - [2024-04-17T10:15:20.886-0300] {dag.py:3096} INFO - Sync 3 DAGs
[2024-04-17T10:15:20.898-0300] {logging_mixin.py:188} INFO - [2024-04-17T10:15:20.898-0300] {dag.py:3954} INFO - Setting next_dagrun for example_subdag_operator to 2022-01-01 00:00:00+00:00, run_after=2022-01-01 00:00:00+00:00
[2024-04-17T10:15:20.900-0300] {logging_mixin.py:188} INFO - [2024-04-17T10:15:20.900-0300] {dag.py:3954} INFO - Setting next_dagrun for example_subdag_operator.section-1 to None, run_after=None
[2024-04-17T10:15:20.900-0300] {logging_mixin.py:188} INFO - [2024-04-17T10:15:20.900-0300] {dag.py:3954} INFO - Setting next_dagrun for example_subdag_operator.section-2 to None, run_after=None
[2024-04-17T10:15:20.904-0300] {logging_mixin.py:188} INFO - [2024-04-17T10:15:20.904-0300] {dag.py:3096} INFO - Sync 2 DAGs
[2024-04-17T10:15:20.906-0300] {logging_mixin.py:188} INFO - [2024-04-17T10:15:20.906-0300] {dag.py:3954} INFO - Setting next_dagrun for example_subdag_operator.section-1 to None, run_after=None
[2024-04-17T10:15:20.906-0300] {logging_mixin.py:188} INFO - [2024-04-17T10:15:20.906-0300] {dag.py:3954} INFO - Setting next_dagrun for example_subdag_operator.section-2 to None, run_after=None
[2024-04-17T10:15:20.918-0300] {processor.py:183} INFO - Processing /home/lborba/.cache/pypoetry/virtualenvs/airflow-tutorial-3ROeDTU8-py3.11/lib/python3.11/site-packages/airflow/example_dags/example_subdag_operator.py took 0.152 seconds
[2024-04-17T10:16:22.597-0300] {processor.py:161} INFO - Started process (PID=27114) to work on /home/lborba/.cache/pypoetry/virtualenvs/airflow-tutorial-3ROeDTU8-py3.11/lib/python3.11/site-packages/airflow/example_dags/example_subdag_operator.py
[2024-04-17T10:16:22.598-0300] {processor.py:830} INFO - Processing file /home/lborba/.cache/pypoetry/virtualenvs/airflow-tutorial-3ROeDTU8-py3.11/lib/python3.11/site-packages/airflow/example_dags/example_subdag_operator.py for tasks to queue
[2024-04-17T10:16:22.600-0300] {logging_mixin.py:188} INFO - [2024-04-17T10:16:22.599-0300] {dagbag.py:540} INFO - Filling up the DagBag from /home/lborba/.cache/pypoetry/virtualenvs/airflow-tutorial-3ROeDTU8-py3.11/lib/python3.11/site-packages/airflow/example_dags/example_subdag_operator.py
[2024-04-17T10:16:22.626-0300] {processor.py:840} INFO - DAG(s) 'example_subdag_operator.section-1', 'example_subdag_operator.section-2', 'example_subdag_operator' retrieved from /home/lborba/.cache/pypoetry/virtualenvs/airflow-tutorial-3ROeDTU8-py3.11/lib/python3.11/site-packages/airflow/example_dags/example_subdag_operator.py
[2024-04-17T10:16:22.645-0300] {logging_mixin.py:188} INFO - [2024-04-17T10:16:22.645-0300] {dag.py:3096} INFO - Sync 3 DAGs
[2024-04-17T10:16:22.660-0300] {logging_mixin.py:188} INFO - [2024-04-17T10:16:22.660-0300] {dag.py:3954} INFO - Setting next_dagrun for example_subdag_operator to 2022-01-01 00:00:00+00:00, run_after=2022-01-01 00:00:00+00:00
[2024-04-17T10:16:22.663-0300] {logging_mixin.py:188} INFO - [2024-04-17T10:16:22.663-0300] {dag.py:3954} INFO - Setting next_dagrun for example_subdag_operator.section-1 to None, run_after=None
[2024-04-17T10:16:22.664-0300] {logging_mixin.py:188} INFO - [2024-04-17T10:16:22.664-0300] {dag.py:3954} INFO - Setting next_dagrun for example_subdag_operator.section-2 to None, run_after=None
[2024-04-17T10:16:22.673-0300] {logging_mixin.py:188} INFO - [2024-04-17T10:16:22.672-0300] {dag.py:3096} INFO - Sync 2 DAGs
[2024-04-17T10:16:22.677-0300] {logging_mixin.py:188} INFO - [2024-04-17T10:16:22.677-0300] {dag.py:3954} INFO - Setting next_dagrun for example_subdag_operator.section-1 to None, run_after=None
[2024-04-17T10:16:22.677-0300] {logging_mixin.py:188} INFO - [2024-04-17T10:16:22.677-0300] {dag.py:3954} INFO - Setting next_dagrun for example_subdag_operator.section-2 to None, run_after=None
[2024-04-17T10:16:22.693-0300] {processor.py:183} INFO - Processing /home/lborba/.cache/pypoetry/virtualenvs/airflow-tutorial-3ROeDTU8-py3.11/lib/python3.11/site-packages/airflow/example_dags/example_subdag_operator.py took 0.103 seconds
[2024-04-17T10:17:23.153-0300] {processor.py:161} INFO - Started process (PID=27634) to work on /home/lborba/.cache/pypoetry/virtualenvs/airflow-tutorial-3ROeDTU8-py3.11/lib/python3.11/site-packages/airflow/example_dags/example_subdag_operator.py
[2024-04-17T10:17:23.158-0300] {processor.py:830} INFO - Processing file /home/lborba/.cache/pypoetry/virtualenvs/airflow-tutorial-3ROeDTU8-py3.11/lib/python3.11/site-packages/airflow/example_dags/example_subdag_operator.py for tasks to queue
[2024-04-17T10:17:23.160-0300] {logging_mixin.py:188} INFO - [2024-04-17T10:17:23.160-0300] {dagbag.py:540} INFO - Filling up the DagBag from /home/lborba/.cache/pypoetry/virtualenvs/airflow-tutorial-3ROeDTU8-py3.11/lib/python3.11/site-packages/airflow/example_dags/example_subdag_operator.py
[2024-04-17T10:17:23.174-0300] {processor.py:840} INFO - DAG(s) 'example_subdag_operator.section-1', 'example_subdag_operator.section-2', 'example_subdag_operator' retrieved from /home/lborba/.cache/pypoetry/virtualenvs/airflow-tutorial-3ROeDTU8-py3.11/lib/python3.11/site-packages/airflow/example_dags/example_subdag_operator.py
[2024-04-17T10:17:23.184-0300] {logging_mixin.py:188} INFO - [2024-04-17T10:17:23.184-0300] {dag.py:3096} INFO - Sync 3 DAGs
[2024-04-17T10:17:23.197-0300] {logging_mixin.py:188} INFO - [2024-04-17T10:17:23.196-0300] {dag.py:3954} INFO - Setting next_dagrun for example_subdag_operator to 2022-01-01 00:00:00+00:00, run_after=2022-01-01 00:00:00+00:00
[2024-04-17T10:17:23.198-0300] {logging_mixin.py:188} INFO - [2024-04-17T10:17:23.198-0300] {dag.py:3954} INFO - Setting next_dagrun for example_subdag_operator.section-1 to None, run_after=None
[2024-04-17T10:17:23.199-0300] {logging_mixin.py:188} INFO - [2024-04-17T10:17:23.199-0300] {dag.py:3954} INFO - Setting next_dagrun for example_subdag_operator.section-2 to None, run_after=None
[2024-04-17T10:17:23.203-0300] {logging_mixin.py:188} INFO - [2024-04-17T10:17:23.203-0300] {dag.py:3096} INFO - Sync 2 DAGs
[2024-04-17T10:17:23.207-0300] {logging_mixin.py:188} INFO - [2024-04-17T10:17:23.206-0300] {dag.py:3954} INFO - Setting next_dagrun for example_subdag_operator.section-1 to None, run_after=None
[2024-04-17T10:17:23.207-0300] {logging_mixin.py:188} INFO - [2024-04-17T10:17:23.207-0300] {dag.py:3954} INFO - Setting next_dagrun for example_subdag_operator.section-2 to None, run_after=None
[2024-04-17T10:17:23.220-0300] {processor.py:183} INFO - Processing /home/lborba/.cache/pypoetry/virtualenvs/airflow-tutorial-3ROeDTU8-py3.11/lib/python3.11/site-packages/airflow/example_dags/example_subdag_operator.py took 0.071 seconds
[2024-04-17T10:18:22.955-0300] {processor.py:161} INFO - Started process (PID=28131) to work on /home/lborba/.cache/pypoetry/virtualenvs/airflow-tutorial-3ROeDTU8-py3.11/lib/python3.11/site-packages/airflow/example_dags/example_subdag_operator.py
[2024-04-17T10:18:22.956-0300] {processor.py:830} INFO - Processing file /home/lborba/.cache/pypoetry/virtualenvs/airflow-tutorial-3ROeDTU8-py3.11/lib/python3.11/site-packages/airflow/example_dags/example_subdag_operator.py for tasks to queue
[2024-04-17T10:18:22.958-0300] {logging_mixin.py:188} INFO - [2024-04-17T10:18:22.957-0300] {dagbag.py:540} INFO - Filling up the DagBag from /home/lborba/.cache/pypoetry/virtualenvs/airflow-tutorial-3ROeDTU8-py3.11/lib/python3.11/site-packages/airflow/example_dags/example_subdag_operator.py
[2024-04-17T10:18:22.972-0300] {processor.py:840} INFO - DAG(s) 'example_subdag_operator.section-1', 'example_subdag_operator.section-2', 'example_subdag_operator' retrieved from /home/lborba/.cache/pypoetry/virtualenvs/airflow-tutorial-3ROeDTU8-py3.11/lib/python3.11/site-packages/airflow/example_dags/example_subdag_operator.py
[2024-04-17T10:18:22.981-0300] {logging_mixin.py:188} INFO - [2024-04-17T10:18:22.981-0300] {dag.py:3096} INFO - Sync 3 DAGs
[2024-04-17T10:18:22.994-0300] {logging_mixin.py:188} INFO - [2024-04-17T10:18:22.993-0300] {dag.py:3954} INFO - Setting next_dagrun for example_subdag_operator to 2022-01-01 00:00:00+00:00, run_after=2022-01-01 00:00:00+00:00
[2024-04-17T10:18:22.995-0300] {logging_mixin.py:188} INFO - [2024-04-17T10:18:22.995-0300] {dag.py:3954} INFO - Setting next_dagrun for example_subdag_operator.section-1 to None, run_after=None
[2024-04-17T10:18:22.996-0300] {logging_mixin.py:188} INFO - [2024-04-17T10:18:22.996-0300] {dag.py:3954} INFO - Setting next_dagrun for example_subdag_operator.section-2 to None, run_after=None
[2024-04-17T10:18:23.001-0300] {logging_mixin.py:188} INFO - [2024-04-17T10:18:23.001-0300] {dag.py:3096} INFO - Sync 2 DAGs
[2024-04-17T10:18:23.003-0300] {logging_mixin.py:188} INFO - [2024-04-17T10:18:23.003-0300] {dag.py:3954} INFO - Setting next_dagrun for example_subdag_operator.section-1 to None, run_after=None
[2024-04-17T10:18:23.004-0300] {logging_mixin.py:188} INFO - [2024-04-17T10:18:23.003-0300] {dag.py:3954} INFO - Setting next_dagrun for example_subdag_operator.section-2 to None, run_after=None
[2024-04-17T10:18:23.015-0300] {processor.py:183} INFO - Processing /home/lborba/.cache/pypoetry/virtualenvs/airflow-tutorial-3ROeDTU8-py3.11/lib/python3.11/site-packages/airflow/example_dags/example_subdag_operator.py took 0.066 seconds
[2024-04-17T10:19:23.404-0300] {processor.py:161} INFO - Started process (PID=28642) to work on /home/lborba/.cache/pypoetry/virtualenvs/airflow-tutorial-3ROeDTU8-py3.11/lib/python3.11/site-packages/airflow/example_dags/example_subdag_operator.py
[2024-04-17T10:19:23.410-0300] {processor.py:830} INFO - Processing file /home/lborba/.cache/pypoetry/virtualenvs/airflow-tutorial-3ROeDTU8-py3.11/lib/python3.11/site-packages/airflow/example_dags/example_subdag_operator.py for tasks to queue
[2024-04-17T10:19:23.412-0300] {logging_mixin.py:188} INFO - [2024-04-17T10:19:23.412-0300] {dagbag.py:540} INFO - Filling up the DagBag from /home/lborba/.cache/pypoetry/virtualenvs/airflow-tutorial-3ROeDTU8-py3.11/lib/python3.11/site-packages/airflow/example_dags/example_subdag_operator.py
[2024-04-17T10:19:23.434-0300] {processor.py:840} INFO - DAG(s) 'example_subdag_operator.section-1', 'example_subdag_operator.section-2', 'example_subdag_operator' retrieved from /home/lborba/.cache/pypoetry/virtualenvs/airflow-tutorial-3ROeDTU8-py3.11/lib/python3.11/site-packages/airflow/example_dags/example_subdag_operator.py
[2024-04-17T10:19:23.447-0300] {logging_mixin.py:188} INFO - [2024-04-17T10:19:23.447-0300] {dag.py:3096} INFO - Sync 3 DAGs
[2024-04-17T10:19:23.462-0300] {logging_mixin.py:188} INFO - [2024-04-17T10:19:23.461-0300] {dag.py:3954} INFO - Setting next_dagrun for example_subdag_operator to 2022-01-01 00:00:00+00:00, run_after=2022-01-01 00:00:00+00:00
[2024-04-17T10:19:23.464-0300] {logging_mixin.py:188} INFO - [2024-04-17T10:19:23.464-0300] {dag.py:3954} INFO - Setting next_dagrun for example_subdag_operator.section-1 to None, run_after=None
[2024-04-17T10:19:23.464-0300] {logging_mixin.py:188} INFO - [2024-04-17T10:19:23.464-0300] {dag.py:3954} INFO - Setting next_dagrun for example_subdag_operator.section-2 to None, run_after=None
[2024-04-17T10:19:23.469-0300] {logging_mixin.py:188} INFO - [2024-04-17T10:19:23.469-0300] {dag.py:3096} INFO - Sync 2 DAGs
[2024-04-17T10:19:23.472-0300] {logging_mixin.py:188} INFO - [2024-04-17T10:19:23.472-0300] {dag.py:3954} INFO - Setting next_dagrun for example_subdag_operator.section-1 to None, run_after=None
[2024-04-17T10:19:23.473-0300] {logging_mixin.py:188} INFO - [2024-04-17T10:19:23.473-0300] {dag.py:3954} INFO - Setting next_dagrun for example_subdag_operator.section-2 to None, run_after=None
[2024-04-17T10:19:23.485-0300] {processor.py:183} INFO - Processing /home/lborba/.cache/pypoetry/virtualenvs/airflow-tutorial-3ROeDTU8-py3.11/lib/python3.11/site-packages/airflow/example_dags/example_subdag_operator.py took 0.086 seconds
[2024-04-17T10:20:19.422-0300] {processor.py:161} INFO - Started process (PID=29151) to work on /home/lborba/.cache/pypoetry/virtualenvs/airflow-tutorial-3ROeDTU8-py3.11/lib/python3.11/site-packages/airflow/example_dags/example_subdag_operator.py
[2024-04-17T10:20:19.423-0300] {processor.py:830} INFO - Processing file /home/lborba/.cache/pypoetry/virtualenvs/airflow-tutorial-3ROeDTU8-py3.11/lib/python3.11/site-packages/airflow/example_dags/example_subdag_operator.py for tasks to queue
[2024-04-17T10:20:19.425-0300] {logging_mixin.py:188} INFO - [2024-04-17T10:20:19.425-0300] {dagbag.py:540} INFO - Filling up the DagBag from /home/lborba/.cache/pypoetry/virtualenvs/airflow-tutorial-3ROeDTU8-py3.11/lib/python3.11/site-packages/airflow/example_dags/example_subdag_operator.py
[2024-04-17T10:20:19.440-0300] {processor.py:840} INFO - DAG(s) 'example_subdag_operator.section-1', 'example_subdag_operator.section-2', 'example_subdag_operator' retrieved from /home/lborba/.cache/pypoetry/virtualenvs/airflow-tutorial-3ROeDTU8-py3.11/lib/python3.11/site-packages/airflow/example_dags/example_subdag_operator.py
[2024-04-17T10:20:19.453-0300] {logging_mixin.py:188} INFO - [2024-04-17T10:20:19.452-0300] {dag.py:3096} INFO - Sync 3 DAGs
[2024-04-17T10:20:19.465-0300] {logging_mixin.py:188} INFO - [2024-04-17T10:20:19.465-0300] {dag.py:3954} INFO - Setting next_dagrun for example_subdag_operator to 2022-01-01 00:00:00+00:00, run_after=2022-01-01 00:00:00+00:00
[2024-04-17T10:20:19.467-0300] {logging_mixin.py:188} INFO - [2024-04-17T10:20:19.467-0300] {dag.py:3954} INFO - Setting next_dagrun for example_subdag_operator.section-1 to None, run_after=None
[2024-04-17T10:20:19.467-0300] {logging_mixin.py:188} INFO - [2024-04-17T10:20:19.467-0300] {dag.py:3954} INFO - Setting next_dagrun for example_subdag_operator.section-2 to None, run_after=None
[2024-04-17T10:20:19.473-0300] {logging_mixin.py:188} INFO - [2024-04-17T10:20:19.473-0300] {dag.py:3096} INFO - Sync 2 DAGs
[2024-04-17T10:20:19.476-0300] {logging_mixin.py:188} INFO - [2024-04-17T10:20:19.476-0300] {dag.py:3954} INFO - Setting next_dagrun for example_subdag_operator.section-1 to None, run_after=None
[2024-04-17T10:20:19.476-0300] {logging_mixin.py:188} INFO - [2024-04-17T10:20:19.476-0300] {dag.py:3954} INFO - Setting next_dagrun for example_subdag_operator.section-2 to None, run_after=None
[2024-04-17T10:20:19.494-0300] {processor.py:183} INFO - Processing /home/lborba/.cache/pypoetry/virtualenvs/airflow-tutorial-3ROeDTU8-py3.11/lib/python3.11/site-packages/airflow/example_dags/example_subdag_operator.py took 0.076 seconds
[2024-04-17T10:21:18.985-0300] {processor.py:161} INFO - Started process (PID=29655) to work on /home/lborba/.cache/pypoetry/virtualenvs/airflow-tutorial-3ROeDTU8-py3.11/lib/python3.11/site-packages/airflow/example_dags/example_subdag_operator.py
[2024-04-17T10:21:18.991-0300] {processor.py:830} INFO - Processing file /home/lborba/.cache/pypoetry/virtualenvs/airflow-tutorial-3ROeDTU8-py3.11/lib/python3.11/site-packages/airflow/example_dags/example_subdag_operator.py for tasks to queue
[2024-04-17T10:21:18.993-0300] {logging_mixin.py:188} INFO - [2024-04-17T10:21:18.993-0300] {dagbag.py:540} INFO - Filling up the DagBag from /home/lborba/.cache/pypoetry/virtualenvs/airflow-tutorial-3ROeDTU8-py3.11/lib/python3.11/site-packages/airflow/example_dags/example_subdag_operator.py
[2024-04-17T10:21:19.009-0300] {processor.py:840} INFO - DAG(s) 'example_subdag_operator.section-1', 'example_subdag_operator.section-2', 'example_subdag_operator' retrieved from /home/lborba/.cache/pypoetry/virtualenvs/airflow-tutorial-3ROeDTU8-py3.11/lib/python3.11/site-packages/airflow/example_dags/example_subdag_operator.py
[2024-04-17T10:21:19.021-0300] {logging_mixin.py:188} INFO - [2024-04-17T10:21:19.021-0300] {dag.py:3096} INFO - Sync 3 DAGs
[2024-04-17T10:21:19.039-0300] {logging_mixin.py:188} INFO - [2024-04-17T10:21:19.038-0300] {dag.py:3954} INFO - Setting next_dagrun for example_subdag_operator to 2022-01-01 00:00:00+00:00, run_after=2022-01-01 00:00:00+00:00
[2024-04-17T10:21:19.041-0300] {logging_mixin.py:188} INFO - [2024-04-17T10:21:19.041-0300] {dag.py:3954} INFO - Setting next_dagrun for example_subdag_operator.section-1 to None, run_after=None
[2024-04-17T10:21:19.042-0300] {logging_mixin.py:188} INFO - [2024-04-17T10:21:19.042-0300] {dag.py:3954} INFO - Setting next_dagrun for example_subdag_operator.section-2 to None, run_after=None
[2024-04-17T10:21:19.047-0300] {logging_mixin.py:188} INFO - [2024-04-17T10:21:19.047-0300] {dag.py:3096} INFO - Sync 2 DAGs
[2024-04-17T10:21:19.051-0300] {logging_mixin.py:188} INFO - [2024-04-17T10:21:19.050-0300] {dag.py:3954} INFO - Setting next_dagrun for example_subdag_operator.section-1 to None, run_after=None
[2024-04-17T10:21:19.051-0300] {logging_mixin.py:188} INFO - [2024-04-17T10:21:19.051-0300] {dag.py:3954} INFO - Setting next_dagrun for example_subdag_operator.section-2 to None, run_after=None
[2024-04-17T10:21:19.065-0300] {processor.py:183} INFO - Processing /home/lborba/.cache/pypoetry/virtualenvs/airflow-tutorial-3ROeDTU8-py3.11/lib/python3.11/site-packages/airflow/example_dags/example_subdag_operator.py took 0.085 seconds
[2024-04-17T10:22:16.602-0300] {processor.py:161} INFO - Started process (PID=30143) to work on /home/lborba/.cache/pypoetry/virtualenvs/airflow-tutorial-3ROeDTU8-py3.11/lib/python3.11/site-packages/airflow/example_dags/example_subdag_operator.py
[2024-04-17T10:22:16.604-0300] {processor.py:830} INFO - Processing file /home/lborba/.cache/pypoetry/virtualenvs/airflow-tutorial-3ROeDTU8-py3.11/lib/python3.11/site-packages/airflow/example_dags/example_subdag_operator.py for tasks to queue
[2024-04-17T10:22:16.605-0300] {logging_mixin.py:188} INFO - [2024-04-17T10:22:16.605-0300] {dagbag.py:540} INFO - Filling up the DagBag from /home/lborba/.cache/pypoetry/virtualenvs/airflow-tutorial-3ROeDTU8-py3.11/lib/python3.11/site-packages/airflow/example_dags/example_subdag_operator.py
[2024-04-17T10:22:16.622-0300] {processor.py:840} INFO - DAG(s) 'example_subdag_operator.section-1', 'example_subdag_operator.section-2', 'example_subdag_operator' retrieved from /home/lborba/.cache/pypoetry/virtualenvs/airflow-tutorial-3ROeDTU8-py3.11/lib/python3.11/site-packages/airflow/example_dags/example_subdag_operator.py
[2024-04-17T10:22:16.637-0300] {logging_mixin.py:188} INFO - [2024-04-17T10:22:16.637-0300] {dag.py:3096} INFO - Sync 3 DAGs
[2024-04-17T10:22:16.653-0300] {logging_mixin.py:188} INFO - [2024-04-17T10:22:16.653-0300] {dag.py:3954} INFO - Setting next_dagrun for example_subdag_operator to 2022-01-01 00:00:00+00:00, run_after=2022-01-01 00:00:00+00:00
[2024-04-17T10:22:16.659-0300] {logging_mixin.py:188} INFO - [2024-04-17T10:22:16.659-0300] {dag.py:3954} INFO - Setting next_dagrun for example_subdag_operator.section-1 to None, run_after=None
[2024-04-17T10:22:16.660-0300] {logging_mixin.py:188} INFO - [2024-04-17T10:22:16.660-0300] {dag.py:3954} INFO - Setting next_dagrun for example_subdag_operator.section-2 to None, run_after=None
[2024-04-17T10:22:16.666-0300] {logging_mixin.py:188} INFO - [2024-04-17T10:22:16.666-0300] {dag.py:3096} INFO - Sync 2 DAGs
[2024-04-17T10:22:16.669-0300] {logging_mixin.py:188} INFO - [2024-04-17T10:22:16.669-0300] {dag.py:3954} INFO - Setting next_dagrun for example_subdag_operator.section-1 to None, run_after=None
[2024-04-17T10:22:16.669-0300] {logging_mixin.py:188} INFO - [2024-04-17T10:22:16.669-0300] {dag.py:3954} INFO - Setting next_dagrun for example_subdag_operator.section-2 to None, run_after=None
[2024-04-17T10:22:16.685-0300] {processor.py:183} INFO - Processing /home/lborba/.cache/pypoetry/virtualenvs/airflow-tutorial-3ROeDTU8-py3.11/lib/python3.11/site-packages/airflow/example_dags/example_subdag_operator.py took 0.088 seconds
[2024-04-17T10:23:14.757-0300] {processor.py:161} INFO - Started process (PID=30637) to work on /home/lborba/.cache/pypoetry/virtualenvs/airflow-tutorial-3ROeDTU8-py3.11/lib/python3.11/site-packages/airflow/example_dags/example_subdag_operator.py
[2024-04-17T10:23:14.763-0300] {processor.py:830} INFO - Processing file /home/lborba/.cache/pypoetry/virtualenvs/airflow-tutorial-3ROeDTU8-py3.11/lib/python3.11/site-packages/airflow/example_dags/example_subdag_operator.py for tasks to queue
[2024-04-17T10:23:14.765-0300] {logging_mixin.py:188} INFO - [2024-04-17T10:23:14.765-0300] {dagbag.py:540} INFO - Filling up the DagBag from /home/lborba/.cache/pypoetry/virtualenvs/airflow-tutorial-3ROeDTU8-py3.11/lib/python3.11/site-packages/airflow/example_dags/example_subdag_operator.py
[2024-04-17T10:23:14.779-0300] {processor.py:840} INFO - DAG(s) 'example_subdag_operator.section-1', 'example_subdag_operator.section-2', 'example_subdag_operator' retrieved from /home/lborba/.cache/pypoetry/virtualenvs/airflow-tutorial-3ROeDTU8-py3.11/lib/python3.11/site-packages/airflow/example_dags/example_subdag_operator.py
[2024-04-17T10:23:14.790-0300] {logging_mixin.py:188} INFO - [2024-04-17T10:23:14.790-0300] {dag.py:3096} INFO - Sync 3 DAGs
[2024-04-17T10:23:14.805-0300] {logging_mixin.py:188} INFO - [2024-04-17T10:23:14.804-0300] {dag.py:3954} INFO - Setting next_dagrun for example_subdag_operator to 2022-01-01 00:00:00+00:00, run_after=2022-01-01 00:00:00+00:00
[2024-04-17T10:23:14.807-0300] {logging_mixin.py:188} INFO - [2024-04-17T10:23:14.807-0300] {dag.py:3954} INFO - Setting next_dagrun for example_subdag_operator.section-1 to None, run_after=None
[2024-04-17T10:23:14.807-0300] {logging_mixin.py:188} INFO - [2024-04-17T10:23:14.807-0300] {dag.py:3954} INFO - Setting next_dagrun for example_subdag_operator.section-2 to None, run_after=None
[2024-04-17T10:23:14.811-0300] {logging_mixin.py:188} INFO - [2024-04-17T10:23:14.811-0300] {dag.py:3096} INFO - Sync 2 DAGs
[2024-04-17T10:23:14.814-0300] {logging_mixin.py:188} INFO - [2024-04-17T10:23:14.814-0300] {dag.py:3954} INFO - Setting next_dagrun for example_subdag_operator.section-1 to None, run_after=None
[2024-04-17T10:23:14.814-0300] {logging_mixin.py:188} INFO - [2024-04-17T10:23:14.814-0300] {dag.py:3954} INFO - Setting next_dagrun for example_subdag_operator.section-2 to None, run_after=None
[2024-04-17T10:23:14.829-0300] {processor.py:183} INFO - Processing /home/lborba/.cache/pypoetry/virtualenvs/airflow-tutorial-3ROeDTU8-py3.11/lib/python3.11/site-packages/airflow/example_dags/example_subdag_operator.py took 0.077 seconds
[2024-04-17T10:24:14.079-0300] {processor.py:161} INFO - Started process (PID=31140) to work on /home/lborba/.cache/pypoetry/virtualenvs/airflow-tutorial-3ROeDTU8-py3.11/lib/python3.11/site-packages/airflow/example_dags/example_subdag_operator.py
[2024-04-17T10:24:14.081-0300] {processor.py:830} INFO - Processing file /home/lborba/.cache/pypoetry/virtualenvs/airflow-tutorial-3ROeDTU8-py3.11/lib/python3.11/site-packages/airflow/example_dags/example_subdag_operator.py for tasks to queue
[2024-04-17T10:24:14.084-0300] {logging_mixin.py:188} INFO - [2024-04-17T10:24:14.084-0300] {dagbag.py:540} INFO - Filling up the DagBag from /home/lborba/.cache/pypoetry/virtualenvs/airflow-tutorial-3ROeDTU8-py3.11/lib/python3.11/site-packages/airflow/example_dags/example_subdag_operator.py
[2024-04-17T10:24:14.099-0300] {processor.py:840} INFO - DAG(s) 'example_subdag_operator.section-1', 'example_subdag_operator.section-2', 'example_subdag_operator' retrieved from /home/lborba/.cache/pypoetry/virtualenvs/airflow-tutorial-3ROeDTU8-py3.11/lib/python3.11/site-packages/airflow/example_dags/example_subdag_operator.py
[2024-04-17T10:24:14.109-0300] {logging_mixin.py:188} INFO - [2024-04-17T10:24:14.109-0300] {dag.py:3096} INFO - Sync 3 DAGs
[2024-04-17T10:24:14.123-0300] {logging_mixin.py:188} INFO - [2024-04-17T10:24:14.123-0300] {dag.py:3954} INFO - Setting next_dagrun for example_subdag_operator to 2022-01-01 00:00:00+00:00, run_after=2022-01-01 00:00:00+00:00
[2024-04-17T10:24:14.125-0300] {logging_mixin.py:188} INFO - [2024-04-17T10:24:14.124-0300] {dag.py:3954} INFO - Setting next_dagrun for example_subdag_operator.section-1 to None, run_after=None
[2024-04-17T10:24:14.125-0300] {logging_mixin.py:188} INFO - [2024-04-17T10:24:14.125-0300] {dag.py:3954} INFO - Setting next_dagrun for example_subdag_operator.section-2 to None, run_after=None
[2024-04-17T10:24:14.130-0300] {logging_mixin.py:188} INFO - [2024-04-17T10:24:14.129-0300] {dag.py:3096} INFO - Sync 2 DAGs
[2024-04-17T10:24:14.132-0300] {logging_mixin.py:188} INFO - [2024-04-17T10:24:14.132-0300] {dag.py:3954} INFO - Setting next_dagrun for example_subdag_operator.section-1 to None, run_after=None
[2024-04-17T10:24:14.132-0300] {logging_mixin.py:188} INFO - [2024-04-17T10:24:14.132-0300] {dag.py:3954} INFO - Setting next_dagrun for example_subdag_operator.section-2 to None, run_after=None
[2024-04-17T10:24:14.144-0300] {processor.py:183} INFO - Processing /home/lborba/.cache/pypoetry/virtualenvs/airflow-tutorial-3ROeDTU8-py3.11/lib/python3.11/site-packages/airflow/example_dags/example_subdag_operator.py took 0.070 seconds
