[2024-04-17T10:10:28.904-0300] {processor.py:161} INFO - Started process (PID=23230) to work on /home/lborba/.cache/pypoetry/virtualenvs/airflow-tutorial-3ROeDTU8-py3.11/lib/python3.11/site-packages/airflow/example_dags/example_sensors.py
[2024-04-17T10:10:28.905-0300] {processor.py:830} INFO - Processing file /home/lborba/.cache/pypoetry/virtualenvs/airflow-tutorial-3ROeDTU8-py3.11/lib/python3.11/site-packages/airflow/example_dags/example_sensors.py for tasks to queue
[2024-04-17T10:10:28.906-0300] {logging_mixin.py:188} INFO - [2024-04-17T10:10:28.906-0300] {dagbag.py:540} INFO - Filling up the DagBag from /home/lborba/.cache/pypoetry/virtualenvs/airflow-tutorial-3ROeDTU8-py3.11/lib/python3.11/site-packages/airflow/example_dags/example_sensors.py
[2024-04-17T10:10:28.917-0300] {processor.py:840} INFO - DAG(s) 'example_sensors' retrieved from /home/lborba/.cache/pypoetry/virtualenvs/airflow-tutorial-3ROeDTU8-py3.11/lib/python3.11/site-packages/airflow/example_dags/example_sensors.py
[2024-04-17T10:10:29.014-0300] {logging_mixin.py:188} INFO - [2024-04-17T10:10:29.013-0300] {override.py:1829} INFO - Created Permission View: can edit on DAG:example_sensors
[2024-04-17T10:10:29.029-0300] {logging_mixin.py:188} INFO - [2024-04-17T10:10:29.029-0300] {override.py:1829} INFO - Created Permission View: can delete on DAG:example_sensors
[2024-04-17T10:10:29.040-0300] {logging_mixin.py:188} INFO - [2024-04-17T10:10:29.039-0300] {override.py:1829} INFO - Created Permission View: can read on DAG:example_sensors
[2024-04-17T10:10:29.040-0300] {logging_mixin.py:188} INFO - [2024-04-17T10:10:29.040-0300] {dag.py:3096} INFO - Sync 1 DAGs
[2024-04-17T10:10:29.047-0300] {logging_mixin.py:188} INFO - [2024-04-17T10:10:29.047-0300] {dag.py:3118} INFO - Creating ORM DAG for example_sensors
[2024-04-17T10:10:29.048-0300] {logging_mixin.py:188} INFO - [2024-04-17T10:10:29.048-0300] {dag.py:3954} INFO - Setting next_dagrun for example_sensors to None, run_after=None
[2024-04-17T10:10:29.070-0300] {processor.py:183} INFO - Processing /home/lborba/.cache/pypoetry/virtualenvs/airflow-tutorial-3ROeDTU8-py3.11/lib/python3.11/site-packages/airflow/example_dags/example_sensors.py took 0.171 seconds
[2024-04-17T10:11:20.301-0300] {processor.py:161} INFO - Started process (PID=23633) to work on /home/lborba/.cache/pypoetry/virtualenvs/airflow-tutorial-3ROeDTU8-py3.11/lib/python3.11/site-packages/airflow/example_dags/example_sensors.py
[2024-04-17T10:11:20.307-0300] {processor.py:830} INFO - Processing file /home/lborba/.cache/pypoetry/virtualenvs/airflow-tutorial-3ROeDTU8-py3.11/lib/python3.11/site-packages/airflow/example_dags/example_sensors.py for tasks to queue
[2024-04-17T10:11:20.309-0300] {logging_mixin.py:188} INFO - [2024-04-17T10:11:20.308-0300] {dagbag.py:540} INFO - Filling up the DagBag from /home/lborba/.cache/pypoetry/virtualenvs/airflow-tutorial-3ROeDTU8-py3.11/lib/python3.11/site-packages/airflow/example_dags/example_sensors.py
[2024-04-17T10:11:20.316-0300] {processor.py:840} INFO - DAG(s) 'example_sensors' retrieved from /home/lborba/.cache/pypoetry/virtualenvs/airflow-tutorial-3ROeDTU8-py3.11/lib/python3.11/site-packages/airflow/example_dags/example_sensors.py
[2024-04-17T10:11:20.336-0300] {logging_mixin.py:188} INFO - [2024-04-17T10:11:20.335-0300] {dag.py:3096} INFO - Sync 1 DAGs
[2024-04-17T10:11:20.346-0300] {logging_mixin.py:188} INFO - [2024-04-17T10:11:20.346-0300] {dag.py:3954} INFO - Setting next_dagrun for example_sensors to None, run_after=None
[2024-04-17T10:11:20.368-0300] {processor.py:183} INFO - Processing /home/lborba/.cache/pypoetry/virtualenvs/airflow-tutorial-3ROeDTU8-py3.11/lib/python3.11/site-packages/airflow/example_dags/example_sensors.py took 0.071 seconds
[2024-04-17T10:12:10.511-0300] {processor.py:161} INFO - Started process (PID=24090) to work on /home/lborba/.cache/pypoetry/virtualenvs/airflow-tutorial-3ROeDTU8-py3.11/lib/python3.11/site-packages/airflow/example_dags/example_sensors.py
[2024-04-17T10:12:10.513-0300] {processor.py:830} INFO - Processing file /home/lborba/.cache/pypoetry/virtualenvs/airflow-tutorial-3ROeDTU8-py3.11/lib/python3.11/site-packages/airflow/example_dags/example_sensors.py for tasks to queue
[2024-04-17T10:12:10.514-0300] {logging_mixin.py:188} INFO - [2024-04-17T10:12:10.514-0300] {dagbag.py:540} INFO - Filling up the DagBag from /home/lborba/.cache/pypoetry/virtualenvs/airflow-tutorial-3ROeDTU8-py3.11/lib/python3.11/site-packages/airflow/example_dags/example_sensors.py
[2024-04-17T10:12:10.520-0300] {processor.py:840} INFO - DAG(s) 'example_sensors' retrieved from /home/lborba/.cache/pypoetry/virtualenvs/airflow-tutorial-3ROeDTU8-py3.11/lib/python3.11/site-packages/airflow/example_dags/example_sensors.py
[2024-04-17T10:12:10.533-0300] {logging_mixin.py:188} INFO - [2024-04-17T10:12:10.532-0300] {dag.py:3096} INFO - Sync 1 DAGs
[2024-04-17T10:12:10.539-0300] {logging_mixin.py:188} INFO - [2024-04-17T10:12:10.539-0300] {dag.py:3954} INFO - Setting next_dagrun for example_sensors to None, run_after=None
[2024-04-17T10:12:10.556-0300] {processor.py:183} INFO - Processing /home/lborba/.cache/pypoetry/virtualenvs/airflow-tutorial-3ROeDTU8-py3.11/lib/python3.11/site-packages/airflow/example_dags/example_sensors.py took 0.050 seconds
[2024-04-17T10:13:16.684-0300] {processor.py:161} INFO - Started process (PID=25227) to work on /home/lborba/.cache/pypoetry/virtualenvs/airflow-tutorial-3ROeDTU8-py3.11/lib/python3.11/site-packages/airflow/example_dags/example_sensors.py
[2024-04-17T10:13:16.686-0300] {processor.py:830} INFO - Processing file /home/lborba/.cache/pypoetry/virtualenvs/airflow-tutorial-3ROeDTU8-py3.11/lib/python3.11/site-packages/airflow/example_dags/example_sensors.py for tasks to queue
[2024-04-17T10:13:16.687-0300] {logging_mixin.py:188} INFO - [2024-04-17T10:13:16.687-0300] {dagbag.py:540} INFO - Filling up the DagBag from /home/lborba/.cache/pypoetry/virtualenvs/airflow-tutorial-3ROeDTU8-py3.11/lib/python3.11/site-packages/airflow/example_dags/example_sensors.py
[2024-04-17T10:13:16.695-0300] {processor.py:840} INFO - DAG(s) 'example_sensors' retrieved from /home/lborba/.cache/pypoetry/virtualenvs/airflow-tutorial-3ROeDTU8-py3.11/lib/python3.11/site-packages/airflow/example_dags/example_sensors.py
[2024-04-17T10:13:16.711-0300] {logging_mixin.py:188} INFO - [2024-04-17T10:13:16.710-0300] {dag.py:3096} INFO - Sync 1 DAGs
[2024-04-17T10:13:16.720-0300] {logging_mixin.py:188} INFO - [2024-04-17T10:13:16.720-0300] {dag.py:3954} INFO - Setting next_dagrun for example_sensors to None, run_after=None
[2024-04-17T10:13:16.737-0300] {processor.py:183} INFO - Processing /home/lborba/.cache/pypoetry/virtualenvs/airflow-tutorial-3ROeDTU8-py3.11/lib/python3.11/site-packages/airflow/example_dags/example_sensors.py took 0.057 seconds
[2024-04-17T10:14:00.575-0300] {processor.py:161} INFO - Started process (PID=25680) to work on /home/lborba/.cache/pypoetry/virtualenvs/airflow-tutorial-3ROeDTU8-py3.11/lib/python3.11/site-packages/airflow/example_dags/example_sensors.py
[2024-04-17T10:14:00.576-0300] {processor.py:830} INFO - Processing file /home/lborba/.cache/pypoetry/virtualenvs/airflow-tutorial-3ROeDTU8-py3.11/lib/python3.11/site-packages/airflow/example_dags/example_sensors.py for tasks to queue
[2024-04-17T10:14:00.578-0300] {logging_mixin.py:188} INFO - [2024-04-17T10:14:00.577-0300] {dagbag.py:540} INFO - Filling up the DagBag from /home/lborba/.cache/pypoetry/virtualenvs/airflow-tutorial-3ROeDTU8-py3.11/lib/python3.11/site-packages/airflow/example_dags/example_sensors.py
[2024-04-17T10:14:00.587-0300] {processor.py:840} INFO - DAG(s) 'example_sensors' retrieved from /home/lborba/.cache/pypoetry/virtualenvs/airflow-tutorial-3ROeDTU8-py3.11/lib/python3.11/site-packages/airflow/example_dags/example_sensors.py
[2024-04-17T10:14:00.602-0300] {logging_mixin.py:188} INFO - [2024-04-17T10:14:00.602-0300] {dag.py:3096} INFO - Sync 1 DAGs
[2024-04-17T10:14:00.610-0300] {logging_mixin.py:188} INFO - [2024-04-17T10:14:00.610-0300] {dag.py:3954} INFO - Setting next_dagrun for example_sensors to None, run_after=None
[2024-04-17T10:14:00.627-0300] {processor.py:183} INFO - Processing /home/lborba/.cache/pypoetry/virtualenvs/airflow-tutorial-3ROeDTU8-py3.11/lib/python3.11/site-packages/airflow/example_dags/example_sensors.py took 0.060 seconds
[2024-04-17T10:14:56.330-0300] {processor.py:161} INFO - Started process (PID=26314) to work on /home/lborba/.cache/pypoetry/virtualenvs/airflow-tutorial-3ROeDTU8-py3.11/lib/python3.11/site-packages/airflow/example_dags/example_sensors.py
[2024-04-17T10:14:56.331-0300] {processor.py:830} INFO - Processing file /home/lborba/.cache/pypoetry/virtualenvs/airflow-tutorial-3ROeDTU8-py3.11/lib/python3.11/site-packages/airflow/example_dags/example_sensors.py for tasks to queue
[2024-04-17T10:14:56.333-0300] {logging_mixin.py:188} INFO - [2024-04-17T10:14:56.332-0300] {dagbag.py:540} INFO - Filling up the DagBag from /home/lborba/.cache/pypoetry/virtualenvs/airflow-tutorial-3ROeDTU8-py3.11/lib/python3.11/site-packages/airflow/example_dags/example_sensors.py
[2024-04-17T10:14:56.338-0300] {processor.py:840} INFO - DAG(s) 'example_sensors' retrieved from /home/lborba/.cache/pypoetry/virtualenvs/airflow-tutorial-3ROeDTU8-py3.11/lib/python3.11/site-packages/airflow/example_dags/example_sensors.py
[2024-04-17T10:14:56.350-0300] {logging_mixin.py:188} INFO - [2024-04-17T10:14:56.350-0300] {dag.py:3096} INFO - Sync 1 DAGs
[2024-04-17T10:14:56.358-0300] {logging_mixin.py:188} INFO - [2024-04-17T10:14:56.358-0300] {dag.py:3954} INFO - Setting next_dagrun for example_sensors to None, run_after=None
[2024-04-17T10:14:56.377-0300] {processor.py:183} INFO - Processing /home/lborba/.cache/pypoetry/virtualenvs/airflow-tutorial-3ROeDTU8-py3.11/lib/python3.11/site-packages/airflow/example_dags/example_sensors.py took 0.052 seconds
[2024-04-17T10:15:58.617-0300] {processor.py:161} INFO - Started process (PID=26912) to work on /home/lborba/.cache/pypoetry/virtualenvs/airflow-tutorial-3ROeDTU8-py3.11/lib/python3.11/site-packages/airflow/example_dags/example_sensors.py
[2024-04-17T10:15:58.623-0300] {processor.py:830} INFO - Processing file /home/lborba/.cache/pypoetry/virtualenvs/airflow-tutorial-3ROeDTU8-py3.11/lib/python3.11/site-packages/airflow/example_dags/example_sensors.py for tasks to queue
[2024-04-17T10:15:58.625-0300] {logging_mixin.py:188} INFO - [2024-04-17T10:15:58.624-0300] {dagbag.py:540} INFO - Filling up the DagBag from /home/lborba/.cache/pypoetry/virtualenvs/airflow-tutorial-3ROeDTU8-py3.11/lib/python3.11/site-packages/airflow/example_dags/example_sensors.py
[2024-04-17T10:15:58.632-0300] {processor.py:840} INFO - DAG(s) 'example_sensors' retrieved from /home/lborba/.cache/pypoetry/virtualenvs/airflow-tutorial-3ROeDTU8-py3.11/lib/python3.11/site-packages/airflow/example_dags/example_sensors.py
[2024-04-17T10:15:58.646-0300] {logging_mixin.py:188} INFO - [2024-04-17T10:15:58.646-0300] {dag.py:3096} INFO - Sync 1 DAGs
[2024-04-17T10:15:58.655-0300] {logging_mixin.py:188} INFO - [2024-04-17T10:15:58.654-0300] {dag.py:3954} INFO - Setting next_dagrun for example_sensors to None, run_after=None
[2024-04-17T10:15:58.674-0300] {processor.py:183} INFO - Processing /home/lborba/.cache/pypoetry/virtualenvs/airflow-tutorial-3ROeDTU8-py3.11/lib/python3.11/site-packages/airflow/example_dags/example_sensors.py took 0.063 seconds
[2024-04-17T10:17:00.331-0300] {processor.py:161} INFO - Started process (PID=27433) to work on /home/lborba/.cache/pypoetry/virtualenvs/airflow-tutorial-3ROeDTU8-py3.11/lib/python3.11/site-packages/airflow/example_dags/example_sensors.py
[2024-04-17T10:17:00.337-0300] {processor.py:830} INFO - Processing file /home/lborba/.cache/pypoetry/virtualenvs/airflow-tutorial-3ROeDTU8-py3.11/lib/python3.11/site-packages/airflow/example_dags/example_sensors.py for tasks to queue
[2024-04-17T10:17:00.338-0300] {logging_mixin.py:188} INFO - [2024-04-17T10:17:00.338-0300] {dagbag.py:540} INFO - Filling up the DagBag from /home/lborba/.cache/pypoetry/virtualenvs/airflow-tutorial-3ROeDTU8-py3.11/lib/python3.11/site-packages/airflow/example_dags/example_sensors.py
[2024-04-17T10:17:00.345-0300] {processor.py:840} INFO - DAG(s) 'example_sensors' retrieved from /home/lborba/.cache/pypoetry/virtualenvs/airflow-tutorial-3ROeDTU8-py3.11/lib/python3.11/site-packages/airflow/example_dags/example_sensors.py
[2024-04-17T10:17:00.358-0300] {logging_mixin.py:188} INFO - [2024-04-17T10:17:00.358-0300] {dag.py:3096} INFO - Sync 1 DAGs
[2024-04-17T10:17:00.366-0300] {logging_mixin.py:188} INFO - [2024-04-17T10:17:00.366-0300] {dag.py:3954} INFO - Setting next_dagrun for example_sensors to None, run_after=None
[2024-04-17T10:17:00.383-0300] {processor.py:183} INFO - Processing /home/lborba/.cache/pypoetry/virtualenvs/airflow-tutorial-3ROeDTU8-py3.11/lib/python3.11/site-packages/airflow/example_dags/example_sensors.py took 0.057 seconds
[2024-04-17T10:17:58.275-0300] {processor.py:161} INFO - Started process (PID=27922) to work on /home/lborba/.cache/pypoetry/virtualenvs/airflow-tutorial-3ROeDTU8-py3.11/lib/python3.11/site-packages/airflow/example_dags/example_sensors.py
[2024-04-17T10:17:58.277-0300] {processor.py:830} INFO - Processing file /home/lborba/.cache/pypoetry/virtualenvs/airflow-tutorial-3ROeDTU8-py3.11/lib/python3.11/site-packages/airflow/example_dags/example_sensors.py for tasks to queue
[2024-04-17T10:17:58.278-0300] {logging_mixin.py:188} INFO - [2024-04-17T10:17:58.278-0300] {dagbag.py:540} INFO - Filling up the DagBag from /home/lborba/.cache/pypoetry/virtualenvs/airflow-tutorial-3ROeDTU8-py3.11/lib/python3.11/site-packages/airflow/example_dags/example_sensors.py
[2024-04-17T10:17:58.285-0300] {processor.py:840} INFO - DAG(s) 'example_sensors' retrieved from /home/lborba/.cache/pypoetry/virtualenvs/airflow-tutorial-3ROeDTU8-py3.11/lib/python3.11/site-packages/airflow/example_dags/example_sensors.py
[2024-04-17T10:17:58.298-0300] {logging_mixin.py:188} INFO - [2024-04-17T10:17:58.298-0300] {dag.py:3096} INFO - Sync 1 DAGs
[2024-04-17T10:17:58.306-0300] {logging_mixin.py:188} INFO - [2024-04-17T10:17:58.305-0300] {dag.py:3954} INFO - Setting next_dagrun for example_sensors to None, run_after=None
[2024-04-17T10:17:58.327-0300] {processor.py:183} INFO - Processing /home/lborba/.cache/pypoetry/virtualenvs/airflow-tutorial-3ROeDTU8-py3.11/lib/python3.11/site-packages/airflow/example_dags/example_sensors.py took 0.056 seconds
[2024-04-17T10:18:58.826-0300] {processor.py:161} INFO - Started process (PID=28440) to work on /home/lborba/.cache/pypoetry/virtualenvs/airflow-tutorial-3ROeDTU8-py3.11/lib/python3.11/site-packages/airflow/example_dags/example_sensors.py
[2024-04-17T10:18:58.828-0300] {processor.py:830} INFO - Processing file /home/lborba/.cache/pypoetry/virtualenvs/airflow-tutorial-3ROeDTU8-py3.11/lib/python3.11/site-packages/airflow/example_dags/example_sensors.py for tasks to queue
[2024-04-17T10:18:58.829-0300] {logging_mixin.py:188} INFO - [2024-04-17T10:18:58.829-0300] {dagbag.py:540} INFO - Filling up the DagBag from /home/lborba/.cache/pypoetry/virtualenvs/airflow-tutorial-3ROeDTU8-py3.11/lib/python3.11/site-packages/airflow/example_dags/example_sensors.py
[2024-04-17T10:18:58.836-0300] {processor.py:840} INFO - DAG(s) 'example_sensors' retrieved from /home/lborba/.cache/pypoetry/virtualenvs/airflow-tutorial-3ROeDTU8-py3.11/lib/python3.11/site-packages/airflow/example_dags/example_sensors.py
[2024-04-17T10:18:58.849-0300] {logging_mixin.py:188} INFO - [2024-04-17T10:18:58.849-0300] {dag.py:3096} INFO - Sync 1 DAGs
[2024-04-17T10:18:58.858-0300] {logging_mixin.py:188} INFO - [2024-04-17T10:18:58.858-0300] {dag.py:3954} INFO - Setting next_dagrun for example_sensors to None, run_after=None
[2024-04-17T10:18:58.877-0300] {processor.py:183} INFO - Processing /home/lborba/.cache/pypoetry/virtualenvs/airflow-tutorial-3ROeDTU8-py3.11/lib/python3.11/site-packages/airflow/example_dags/example_sensors.py took 0.055 seconds
[2024-04-17T10:19:58.224-0300] {processor.py:161} INFO - Started process (PID=28973) to work on /home/lborba/.cache/pypoetry/virtualenvs/airflow-tutorial-3ROeDTU8-py3.11/lib/python3.11/site-packages/airflow/example_dags/example_sensors.py
[2024-04-17T10:19:58.225-0300] {processor.py:830} INFO - Processing file /home/lborba/.cache/pypoetry/virtualenvs/airflow-tutorial-3ROeDTU8-py3.11/lib/python3.11/site-packages/airflow/example_dags/example_sensors.py for tasks to queue
[2024-04-17T10:19:58.226-0300] {logging_mixin.py:188} INFO - [2024-04-17T10:19:58.226-0300] {dagbag.py:540} INFO - Filling up the DagBag from /home/lborba/.cache/pypoetry/virtualenvs/airflow-tutorial-3ROeDTU8-py3.11/lib/python3.11/site-packages/airflow/example_dags/example_sensors.py
[2024-04-17T10:19:58.233-0300] {processor.py:840} INFO - DAG(s) 'example_sensors' retrieved from /home/lborba/.cache/pypoetry/virtualenvs/airflow-tutorial-3ROeDTU8-py3.11/lib/python3.11/site-packages/airflow/example_dags/example_sensors.py
[2024-04-17T10:19:58.246-0300] {logging_mixin.py:188} INFO - [2024-04-17T10:19:58.246-0300] {dag.py:3096} INFO - Sync 1 DAGs
[2024-04-17T10:19:58.254-0300] {logging_mixin.py:188} INFO - [2024-04-17T10:19:58.253-0300] {dag.py:3954} INFO - Setting next_dagrun for example_sensors to None, run_after=None
[2024-04-17T10:19:58.271-0300] {processor.py:183} INFO - Processing /home/lborba/.cache/pypoetry/virtualenvs/airflow-tutorial-3ROeDTU8-py3.11/lib/python3.11/site-packages/airflow/example_dags/example_sensors.py took 0.051 seconds
[2024-04-17T10:20:54.078-0300] {processor.py:161} INFO - Started process (PID=29445) to work on /home/lborba/.cache/pypoetry/virtualenvs/airflow-tutorial-3ROeDTU8-py3.11/lib/python3.11/site-packages/airflow/example_dags/example_sensors.py
[2024-04-17T10:20:54.083-0300] {processor.py:830} INFO - Processing file /home/lborba/.cache/pypoetry/virtualenvs/airflow-tutorial-3ROeDTU8-py3.11/lib/python3.11/site-packages/airflow/example_dags/example_sensors.py for tasks to queue
[2024-04-17T10:20:54.084-0300] {logging_mixin.py:188} INFO - [2024-04-17T10:20:54.084-0300] {dagbag.py:540} INFO - Filling up the DagBag from /home/lborba/.cache/pypoetry/virtualenvs/airflow-tutorial-3ROeDTU8-py3.11/lib/python3.11/site-packages/airflow/example_dags/example_sensors.py
[2024-04-17T10:20:54.091-0300] {processor.py:840} INFO - DAG(s) 'example_sensors' retrieved from /home/lborba/.cache/pypoetry/virtualenvs/airflow-tutorial-3ROeDTU8-py3.11/lib/python3.11/site-packages/airflow/example_dags/example_sensors.py
[2024-04-17T10:20:54.105-0300] {logging_mixin.py:188} INFO - [2024-04-17T10:20:54.105-0300] {dag.py:3096} INFO - Sync 1 DAGs
[2024-04-17T10:20:54.113-0300] {logging_mixin.py:188} INFO - [2024-04-17T10:20:54.112-0300] {dag.py:3954} INFO - Setting next_dagrun for example_sensors to None, run_after=None
[2024-04-17T10:20:54.130-0300] {processor.py:183} INFO - Processing /home/lborba/.cache/pypoetry/virtualenvs/airflow-tutorial-3ROeDTU8-py3.11/lib/python3.11/site-packages/airflow/example_dags/example_sensors.py took 0.056 seconds
[2024-04-17T10:21:53.076-0300] {processor.py:161} INFO - Started process (PID=29948) to work on /home/lborba/.cache/pypoetry/virtualenvs/airflow-tutorial-3ROeDTU8-py3.11/lib/python3.11/site-packages/airflow/example_dags/example_sensors.py
[2024-04-17T10:21:53.082-0300] {processor.py:830} INFO - Processing file /home/lborba/.cache/pypoetry/virtualenvs/airflow-tutorial-3ROeDTU8-py3.11/lib/python3.11/site-packages/airflow/example_dags/example_sensors.py for tasks to queue
[2024-04-17T10:21:53.083-0300] {logging_mixin.py:188} INFO - [2024-04-17T10:21:53.083-0300] {dagbag.py:540} INFO - Filling up the DagBag from /home/lborba/.cache/pypoetry/virtualenvs/airflow-tutorial-3ROeDTU8-py3.11/lib/python3.11/site-packages/airflow/example_dags/example_sensors.py
[2024-04-17T10:21:53.091-0300] {processor.py:840} INFO - DAG(s) 'example_sensors' retrieved from /home/lborba/.cache/pypoetry/virtualenvs/airflow-tutorial-3ROeDTU8-py3.11/lib/python3.11/site-packages/airflow/example_dags/example_sensors.py
[2024-04-17T10:21:53.105-0300] {logging_mixin.py:188} INFO - [2024-04-17T10:21:53.105-0300] {dag.py:3096} INFO - Sync 1 DAGs
[2024-04-17T10:21:53.113-0300] {logging_mixin.py:188} INFO - [2024-04-17T10:21:53.113-0300] {dag.py:3954} INFO - Setting next_dagrun for example_sensors to None, run_after=None
[2024-04-17T10:21:53.129-0300] {processor.py:183} INFO - Processing /home/lborba/.cache/pypoetry/virtualenvs/airflow-tutorial-3ROeDTU8-py3.11/lib/python3.11/site-packages/airflow/example_dags/example_sensors.py took 0.058 seconds
[2024-04-17T10:22:51.304-0300] {processor.py:161} INFO - Started process (PID=30439) to work on /home/lborba/.cache/pypoetry/virtualenvs/airflow-tutorial-3ROeDTU8-py3.11/lib/python3.11/site-packages/airflow/example_dags/example_sensors.py
[2024-04-17T10:22:51.311-0300] {processor.py:830} INFO - Processing file /home/lborba/.cache/pypoetry/virtualenvs/airflow-tutorial-3ROeDTU8-py3.11/lib/python3.11/site-packages/airflow/example_dags/example_sensors.py for tasks to queue
[2024-04-17T10:22:51.312-0300] {logging_mixin.py:188} INFO - [2024-04-17T10:22:51.312-0300] {dagbag.py:540} INFO - Filling up the DagBag from /home/lborba/.cache/pypoetry/virtualenvs/airflow-tutorial-3ROeDTU8-py3.11/lib/python3.11/site-packages/airflow/example_dags/example_sensors.py
[2024-04-17T10:22:51.318-0300] {processor.py:840} INFO - DAG(s) 'example_sensors' retrieved from /home/lborba/.cache/pypoetry/virtualenvs/airflow-tutorial-3ROeDTU8-py3.11/lib/python3.11/site-packages/airflow/example_dags/example_sensors.py
[2024-04-17T10:22:51.332-0300] {logging_mixin.py:188} INFO - [2024-04-17T10:22:51.332-0300] {dag.py:3096} INFO - Sync 1 DAGs
[2024-04-17T10:22:51.339-0300] {logging_mixin.py:188} INFO - [2024-04-17T10:22:51.339-0300] {dag.py:3954} INFO - Setting next_dagrun for example_sensors to None, run_after=None
[2024-04-17T10:22:51.357-0300] {processor.py:183} INFO - Processing /home/lborba/.cache/pypoetry/virtualenvs/airflow-tutorial-3ROeDTU8-py3.11/lib/python3.11/site-packages/airflow/example_dags/example_sensors.py took 0.057 seconds
[2024-04-17T10:23:50.974-0300] {processor.py:161} INFO - Started process (PID=30938) to work on /home/lborba/.cache/pypoetry/virtualenvs/airflow-tutorial-3ROeDTU8-py3.11/lib/python3.11/site-packages/airflow/example_dags/example_sensors.py
[2024-04-17T10:23:50.976-0300] {processor.py:830} INFO - Processing file /home/lborba/.cache/pypoetry/virtualenvs/airflow-tutorial-3ROeDTU8-py3.11/lib/python3.11/site-packages/airflow/example_dags/example_sensors.py for tasks to queue
[2024-04-17T10:23:50.977-0300] {logging_mixin.py:188} INFO - [2024-04-17T10:23:50.977-0300] {dagbag.py:540} INFO - Filling up the DagBag from /home/lborba/.cache/pypoetry/virtualenvs/airflow-tutorial-3ROeDTU8-py3.11/lib/python3.11/site-packages/airflow/example_dags/example_sensors.py
[2024-04-17T10:23:50.990-0300] {processor.py:840} INFO - DAG(s) 'example_sensors' retrieved from /home/lborba/.cache/pypoetry/virtualenvs/airflow-tutorial-3ROeDTU8-py3.11/lib/python3.11/site-packages/airflow/example_dags/example_sensors.py
[2024-04-17T10:23:51.006-0300] {logging_mixin.py:188} INFO - [2024-04-17T10:23:51.006-0300] {dag.py:3096} INFO - Sync 1 DAGs
[2024-04-17T10:23:51.014-0300] {logging_mixin.py:188} INFO - [2024-04-17T10:23:51.014-0300] {dag.py:3954} INFO - Setting next_dagrun for example_sensors to None, run_after=None
[2024-04-17T10:23:51.035-0300] {processor.py:183} INFO - Processing /home/lborba/.cache/pypoetry/virtualenvs/airflow-tutorial-3ROeDTU8-py3.11/lib/python3.11/site-packages/airflow/example_dags/example_sensors.py took 0.067 seconds
[2024-04-17T10:24:45.365-0300] {processor.py:161} INFO - Started process (PID=31405) to work on /home/lborba/.cache/pypoetry/virtualenvs/airflow-tutorial-3ROeDTU8-py3.11/lib/python3.11/site-packages/airflow/example_dags/example_sensors.py
[2024-04-17T10:24:45.371-0300] {processor.py:830} INFO - Processing file /home/lborba/.cache/pypoetry/virtualenvs/airflow-tutorial-3ROeDTU8-py3.11/lib/python3.11/site-packages/airflow/example_dags/example_sensors.py for tasks to queue
[2024-04-17T10:24:45.372-0300] {logging_mixin.py:188} INFO - [2024-04-17T10:24:45.372-0300] {dagbag.py:540} INFO - Filling up the DagBag from /home/lborba/.cache/pypoetry/virtualenvs/airflow-tutorial-3ROeDTU8-py3.11/lib/python3.11/site-packages/airflow/example_dags/example_sensors.py
[2024-04-17T10:24:45.378-0300] {processor.py:840} INFO - DAG(s) 'example_sensors' retrieved from /home/lborba/.cache/pypoetry/virtualenvs/airflow-tutorial-3ROeDTU8-py3.11/lib/python3.11/site-packages/airflow/example_dags/example_sensors.py
[2024-04-17T10:24:45.391-0300] {logging_mixin.py:188} INFO - [2024-04-17T10:24:45.391-0300] {dag.py:3096} INFO - Sync 1 DAGs
[2024-04-17T10:24:45.398-0300] {logging_mixin.py:188} INFO - [2024-04-17T10:24:45.398-0300] {dag.py:3954} INFO - Setting next_dagrun for example_sensors to None, run_after=None
[2024-04-17T10:24:45.415-0300] {processor.py:183} INFO - Processing /home/lborba/.cache/pypoetry/virtualenvs/airflow-tutorial-3ROeDTU8-py3.11/lib/python3.11/site-packages/airflow/example_dags/example_sensors.py took 0.053 seconds
