[2024-04-17T10:09:52.698-0300] {processor.py:161} INFO - Started process (PID=22797) to work on /home/lborba/.cache/pypoetry/virtualenvs/airflow-tutorial-3ROeDTU8-py3.11/lib/python3.11/site-packages/airflow/example_dags/example_nested_branch_dag.py
[2024-04-17T10:09:52.698-0300] {processor.py:830} INFO - Processing file /home/lborba/.cache/pypoetry/virtualenvs/airflow-tutorial-3ROeDTU8-py3.11/lib/python3.11/site-packages/airflow/example_dags/example_nested_branch_dag.py for tasks to queue
[2024-04-17T10:09:52.699-0300] {logging_mixin.py:188} INFO - [2024-04-17T10:09:52.699-0300] {dagbag.py:540} INFO - Filling up the DagBag from /home/lborba/.cache/pypoetry/virtualenvs/airflow-tutorial-3ROeDTU8-py3.11/lib/python3.11/site-packages/airflow/example_dags/example_nested_branch_dag.py
[2024-04-17T10:09:52.713-0300] {processor.py:840} INFO - DAG(s) 'example_nested_branch_dag' retrieved from /home/lborba/.cache/pypoetry/virtualenvs/airflow-tutorial-3ROeDTU8-py3.11/lib/python3.11/site-packages/airflow/example_dags/example_nested_branch_dag.py
[2024-04-17T10:09:52.822-0300] {logging_mixin.py:188} INFO - [2024-04-17T10:09:52.821-0300] {override.py:1829} INFO - Created Permission View: can edit on DAG:example_nested_branch_dag
[2024-04-17T10:09:52.835-0300] {logging_mixin.py:188} INFO - [2024-04-17T10:09:52.835-0300] {override.py:1829} INFO - Created Permission View: can delete on DAG:example_nested_branch_dag
[2024-04-17T10:09:52.845-0300] {logging_mixin.py:188} INFO - [2024-04-17T10:09:52.845-0300] {override.py:1829} INFO - Created Permission View: can read on DAG:example_nested_branch_dag
[2024-04-17T10:09:52.845-0300] {logging_mixin.py:188} INFO - [2024-04-17T10:09:52.845-0300] {dag.py:3096} INFO - Sync 1 DAGs
[2024-04-17T10:09:52.853-0300] {logging_mixin.py:188} INFO - [2024-04-17T10:09:52.853-0300] {dag.py:3118} INFO - Creating ORM DAG for example_nested_branch_dag
[2024-04-17T10:09:52.859-0300] {logging_mixin.py:188} INFO - [2024-04-17T10:09:52.859-0300] {dag.py:3954} INFO - Setting next_dagrun for example_nested_branch_dag to 2024-04-16 00:00:00+00:00, run_after=2024-04-17 00:00:00+00:00
[2024-04-17T10:09:52.874-0300] {processor.py:183} INFO - Processing /home/lborba/.cache/pypoetry/virtualenvs/airflow-tutorial-3ROeDTU8-py3.11/lib/python3.11/site-packages/airflow/example_dags/example_nested_branch_dag.py took 0.180 seconds
[2024-04-17T10:10:49.484-0300] {processor.py:161} INFO - Started process (PID=23394) to work on /home/lborba/.cache/pypoetry/virtualenvs/airflow-tutorial-3ROeDTU8-py3.11/lib/python3.11/site-packages/airflow/example_dags/example_nested_branch_dag.py
[2024-04-17T10:10:49.486-0300] {processor.py:830} INFO - Processing file /home/lborba/.cache/pypoetry/virtualenvs/airflow-tutorial-3ROeDTU8-py3.11/lib/python3.11/site-packages/airflow/example_dags/example_nested_branch_dag.py for tasks to queue
[2024-04-17T10:10:49.487-0300] {logging_mixin.py:188} INFO - [2024-04-17T10:10:49.487-0300] {dagbag.py:540} INFO - Filling up the DagBag from /home/lborba/.cache/pypoetry/virtualenvs/airflow-tutorial-3ROeDTU8-py3.11/lib/python3.11/site-packages/airflow/example_dags/example_nested_branch_dag.py
[2024-04-17T10:10:49.494-0300] {processor.py:840} INFO - DAG(s) 'example_nested_branch_dag' retrieved from /home/lborba/.cache/pypoetry/virtualenvs/airflow-tutorial-3ROeDTU8-py3.11/lib/python3.11/site-packages/airflow/example_dags/example_nested_branch_dag.py
[2024-04-17T10:10:49.505-0300] {logging_mixin.py:188} INFO - [2024-04-17T10:10:49.505-0300] {dag.py:3096} INFO - Sync 1 DAGs
[2024-04-17T10:10:49.521-0300] {logging_mixin.py:188} INFO - [2024-04-17T10:10:49.521-0300] {dag.py:3954} INFO - Setting next_dagrun for example_nested_branch_dag to 2024-04-16 00:00:00+00:00, run_after=2024-04-17 00:00:00+00:00
[2024-04-17T10:10:49.538-0300] {processor.py:183} INFO - Processing /home/lborba/.cache/pypoetry/virtualenvs/airflow-tutorial-3ROeDTU8-py3.11/lib/python3.11/site-packages/airflow/example_dags/example_nested_branch_dag.py took 0.058 seconds
[2024-04-17T10:11:32.862-0300] {processor.py:161} INFO - Started process (PID=23740) to work on /home/lborba/.cache/pypoetry/virtualenvs/airflow-tutorial-3ROeDTU8-py3.11/lib/python3.11/site-packages/airflow/example_dags/example_nested_branch_dag.py
[2024-04-17T10:11:32.868-0300] {processor.py:830} INFO - Processing file /home/lborba/.cache/pypoetry/virtualenvs/airflow-tutorial-3ROeDTU8-py3.11/lib/python3.11/site-packages/airflow/example_dags/example_nested_branch_dag.py for tasks to queue
[2024-04-17T10:11:32.870-0300] {logging_mixin.py:188} INFO - [2024-04-17T10:11:32.869-0300] {dagbag.py:540} INFO - Filling up the DagBag from /home/lborba/.cache/pypoetry/virtualenvs/airflow-tutorial-3ROeDTU8-py3.11/lib/python3.11/site-packages/airflow/example_dags/example_nested_branch_dag.py
[2024-04-17T10:11:32.879-0300] {processor.py:840} INFO - DAG(s) 'example_nested_branch_dag' retrieved from /home/lborba/.cache/pypoetry/virtualenvs/airflow-tutorial-3ROeDTU8-py3.11/lib/python3.11/site-packages/airflow/example_dags/example_nested_branch_dag.py
[2024-04-17T10:11:32.892-0300] {logging_mixin.py:188} INFO - [2024-04-17T10:11:32.892-0300] {dag.py:3096} INFO - Sync 1 DAGs
[2024-04-17T10:11:32.906-0300] {logging_mixin.py:188} INFO - [2024-04-17T10:11:32.906-0300] {dag.py:3954} INFO - Setting next_dagrun for example_nested_branch_dag to 2024-04-16 00:00:00+00:00, run_after=2024-04-17 00:00:00+00:00
[2024-04-17T10:11:32.928-0300] {processor.py:183} INFO - Processing /home/lborba/.cache/pypoetry/virtualenvs/airflow-tutorial-3ROeDTU8-py3.11/lib/python3.11/site-packages/airflow/example_dags/example_nested_branch_dag.py took 0.070 seconds
[2024-04-17T10:12:12.789-0300] {processor.py:161} INFO - Started process (PID=24126) to work on /home/lborba/.cache/pypoetry/virtualenvs/airflow-tutorial-3ROeDTU8-py3.11/lib/python3.11/site-packages/airflow/example_dags/example_nested_branch_dag.py
[2024-04-17T10:12:12.791-0300] {processor.py:830} INFO - Processing file /home/lborba/.cache/pypoetry/virtualenvs/airflow-tutorial-3ROeDTU8-py3.11/lib/python3.11/site-packages/airflow/example_dags/example_nested_branch_dag.py for tasks to queue
[2024-04-17T10:12:12.792-0300] {logging_mixin.py:188} INFO - [2024-04-17T10:12:12.792-0300] {dagbag.py:540} INFO - Filling up the DagBag from /home/lborba/.cache/pypoetry/virtualenvs/airflow-tutorial-3ROeDTU8-py3.11/lib/python3.11/site-packages/airflow/example_dags/example_nested_branch_dag.py
[2024-04-17T10:12:12.801-0300] {processor.py:840} INFO - DAG(s) 'example_nested_branch_dag' retrieved from /home/lborba/.cache/pypoetry/virtualenvs/airflow-tutorial-3ROeDTU8-py3.11/lib/python3.11/site-packages/airflow/example_dags/example_nested_branch_dag.py
[2024-04-17T10:12:12.814-0300] {logging_mixin.py:188} INFO - [2024-04-17T10:12:12.814-0300] {dag.py:3096} INFO - Sync 1 DAGs
[2024-04-17T10:12:12.831-0300] {logging_mixin.py:188} INFO - [2024-04-17T10:12:12.831-0300] {dag.py:3954} INFO - Setting next_dagrun for example_nested_branch_dag to 2024-04-16 00:00:00+00:00, run_after=2024-04-17 00:00:00+00:00
[2024-04-17T10:12:12.850-0300] {processor.py:183} INFO - Processing /home/lborba/.cache/pypoetry/virtualenvs/airflow-tutorial-3ROeDTU8-py3.11/lib/python3.11/site-packages/airflow/example_dags/example_nested_branch_dag.py took 0.066 seconds
[2024-04-17T10:13:06.276-0300] {processor.py:161} INFO - Started process (PID=25016) to work on /home/lborba/.cache/pypoetry/virtualenvs/airflow-tutorial-3ROeDTU8-py3.11/lib/python3.11/site-packages/airflow/example_dags/example_nested_branch_dag.py
[2024-04-17T10:13:06.278-0300] {processor.py:830} INFO - Processing file /home/lborba/.cache/pypoetry/virtualenvs/airflow-tutorial-3ROeDTU8-py3.11/lib/python3.11/site-packages/airflow/example_dags/example_nested_branch_dag.py for tasks to queue
[2024-04-17T10:13:06.280-0300] {logging_mixin.py:188} INFO - [2024-04-17T10:13:06.280-0300] {dagbag.py:540} INFO - Filling up the DagBag from /home/lborba/.cache/pypoetry/virtualenvs/airflow-tutorial-3ROeDTU8-py3.11/lib/python3.11/site-packages/airflow/example_dags/example_nested_branch_dag.py
[2024-04-17T10:13:06.290-0300] {processor.py:840} INFO - DAG(s) 'example_nested_branch_dag' retrieved from /home/lborba/.cache/pypoetry/virtualenvs/airflow-tutorial-3ROeDTU8-py3.11/lib/python3.11/site-packages/airflow/example_dags/example_nested_branch_dag.py
[2024-04-17T10:13:06.305-0300] {logging_mixin.py:188} INFO - [2024-04-17T10:13:06.304-0300] {dag.py:3096} INFO - Sync 1 DAGs
[2024-04-17T10:13:06.322-0300] {logging_mixin.py:188} INFO - [2024-04-17T10:13:06.322-0300] {dag.py:3954} INFO - Setting next_dagrun for example_nested_branch_dag to 2024-04-16 00:00:00+00:00, run_after=2024-04-17 00:00:00+00:00
[2024-04-17T10:13:06.343-0300] {processor.py:183} INFO - Processing /home/lborba/.cache/pypoetry/virtualenvs/airflow-tutorial-3ROeDTU8-py3.11/lib/python3.11/site-packages/airflow/example_dags/example_nested_branch_dag.py took 0.073 seconds
[2024-04-17T10:13:48.087-0300] {processor.py:161} INFO - Started process (PID=25554) to work on /home/lborba/.cache/pypoetry/virtualenvs/airflow-tutorial-3ROeDTU8-py3.11/lib/python3.11/site-packages/airflow/example_dags/example_nested_branch_dag.py
[2024-04-17T10:13:48.092-0300] {processor.py:830} INFO - Processing file /home/lborba/.cache/pypoetry/virtualenvs/airflow-tutorial-3ROeDTU8-py3.11/lib/python3.11/site-packages/airflow/example_dags/example_nested_branch_dag.py for tasks to queue
[2024-04-17T10:13:48.094-0300] {logging_mixin.py:188} INFO - [2024-04-17T10:13:48.094-0300] {dagbag.py:540} INFO - Filling up the DagBag from /home/lborba/.cache/pypoetry/virtualenvs/airflow-tutorial-3ROeDTU8-py3.11/lib/python3.11/site-packages/airflow/example_dags/example_nested_branch_dag.py
[2024-04-17T10:13:48.102-0300] {processor.py:840} INFO - DAG(s) 'example_nested_branch_dag' retrieved from /home/lborba/.cache/pypoetry/virtualenvs/airflow-tutorial-3ROeDTU8-py3.11/lib/python3.11/site-packages/airflow/example_dags/example_nested_branch_dag.py
[2024-04-17T10:13:48.113-0300] {logging_mixin.py:188} INFO - [2024-04-17T10:13:48.112-0300] {dag.py:3096} INFO - Sync 1 DAGs
[2024-04-17T10:13:48.125-0300] {logging_mixin.py:188} INFO - [2024-04-17T10:13:48.125-0300] {dag.py:3954} INFO - Setting next_dagrun for example_nested_branch_dag to 2024-04-16 00:00:00+00:00, run_after=2024-04-17 00:00:00+00:00
[2024-04-17T10:13:48.141-0300] {processor.py:183} INFO - Processing /home/lborba/.cache/pypoetry/virtualenvs/airflow-tutorial-3ROeDTU8-py3.11/lib/python3.11/site-packages/airflow/example_dags/example_nested_branch_dag.py took 0.059 seconds
[2024-04-17T10:14:25.182-0300] {processor.py:161} INFO - Started process (PID=26008) to work on /home/lborba/.cache/pypoetry/virtualenvs/airflow-tutorial-3ROeDTU8-py3.11/lib/python3.11/site-packages/airflow/example_dags/example_nested_branch_dag.py
[2024-04-17T10:14:25.183-0300] {processor.py:830} INFO - Processing file /home/lborba/.cache/pypoetry/virtualenvs/airflow-tutorial-3ROeDTU8-py3.11/lib/python3.11/site-packages/airflow/example_dags/example_nested_branch_dag.py for tasks to queue
[2024-04-17T10:14:25.184-0300] {logging_mixin.py:188} INFO - [2024-04-17T10:14:25.184-0300] {dagbag.py:540} INFO - Filling up the DagBag from /home/lborba/.cache/pypoetry/virtualenvs/airflow-tutorial-3ROeDTU8-py3.11/lib/python3.11/site-packages/airflow/example_dags/example_nested_branch_dag.py
[2024-04-17T10:14:25.191-0300] {processor.py:840} INFO - DAG(s) 'example_nested_branch_dag' retrieved from /home/lborba/.cache/pypoetry/virtualenvs/airflow-tutorial-3ROeDTU8-py3.11/lib/python3.11/site-packages/airflow/example_dags/example_nested_branch_dag.py
[2024-04-17T10:14:25.204-0300] {logging_mixin.py:188} INFO - [2024-04-17T10:14:25.203-0300] {dag.py:3096} INFO - Sync 1 DAGs
[2024-04-17T10:14:25.217-0300] {logging_mixin.py:188} INFO - [2024-04-17T10:14:25.217-0300] {dag.py:3954} INFO - Setting next_dagrun for example_nested_branch_dag to 2024-04-16 00:00:00+00:00, run_after=2024-04-17 00:00:00+00:00
[2024-04-17T10:14:25.233-0300] {processor.py:183} INFO - Processing /home/lborba/.cache/pypoetry/virtualenvs/airflow-tutorial-3ROeDTU8-py3.11/lib/python3.11/site-packages/airflow/example_dags/example_nested_branch_dag.py took 0.056 seconds
[2024-04-17T10:15:04.120-0300] {processor.py:161} INFO - Started process (PID=26379) to work on /home/lborba/.cache/pypoetry/virtualenvs/airflow-tutorial-3ROeDTU8-py3.11/lib/python3.11/site-packages/airflow/example_dags/example_nested_branch_dag.py
[2024-04-17T10:15:04.125-0300] {processor.py:830} INFO - Processing file /home/lborba/.cache/pypoetry/virtualenvs/airflow-tutorial-3ROeDTU8-py3.11/lib/python3.11/site-packages/airflow/example_dags/example_nested_branch_dag.py for tasks to queue
[2024-04-17T10:15:04.127-0300] {logging_mixin.py:188} INFO - [2024-04-17T10:15:04.126-0300] {dagbag.py:540} INFO - Filling up the DagBag from /home/lborba/.cache/pypoetry/virtualenvs/airflow-tutorial-3ROeDTU8-py3.11/lib/python3.11/site-packages/airflow/example_dags/example_nested_branch_dag.py
[2024-04-17T10:15:04.136-0300] {processor.py:840} INFO - DAG(s) 'example_nested_branch_dag' retrieved from /home/lborba/.cache/pypoetry/virtualenvs/airflow-tutorial-3ROeDTU8-py3.11/lib/python3.11/site-packages/airflow/example_dags/example_nested_branch_dag.py
[2024-04-17T10:15:04.148-0300] {logging_mixin.py:188} INFO - [2024-04-17T10:15:04.148-0300] {dag.py:3096} INFO - Sync 1 DAGs
[2024-04-17T10:15:04.162-0300] {logging_mixin.py:188} INFO - [2024-04-17T10:15:04.162-0300] {dag.py:3954} INFO - Setting next_dagrun for example_nested_branch_dag to 2024-04-16 00:00:00+00:00, run_after=2024-04-17 00:00:00+00:00
[2024-04-17T10:15:04.252-0300] {processor.py:183} INFO - Processing /home/lborba/.cache/pypoetry/virtualenvs/airflow-tutorial-3ROeDTU8-py3.11/lib/python3.11/site-packages/airflow/example_dags/example_nested_branch_dag.py took 0.136 seconds
[2024-04-17T10:15:46.040-0300] {processor.py:161} INFO - Started process (PID=26805) to work on /home/lborba/.cache/pypoetry/virtualenvs/airflow-tutorial-3ROeDTU8-py3.11/lib/python3.11/site-packages/airflow/example_dags/example_nested_branch_dag.py
[2024-04-17T10:15:46.047-0300] {processor.py:830} INFO - Processing file /home/lborba/.cache/pypoetry/virtualenvs/airflow-tutorial-3ROeDTU8-py3.11/lib/python3.11/site-packages/airflow/example_dags/example_nested_branch_dag.py for tasks to queue
[2024-04-17T10:15:46.050-0300] {logging_mixin.py:188} INFO - [2024-04-17T10:15:46.049-0300] {dagbag.py:540} INFO - Filling up the DagBag from /home/lborba/.cache/pypoetry/virtualenvs/airflow-tutorial-3ROeDTU8-py3.11/lib/python3.11/site-packages/airflow/example_dags/example_nested_branch_dag.py
[2024-04-17T10:15:46.064-0300] {processor.py:840} INFO - DAG(s) 'example_nested_branch_dag' retrieved from /home/lborba/.cache/pypoetry/virtualenvs/airflow-tutorial-3ROeDTU8-py3.11/lib/python3.11/site-packages/airflow/example_dags/example_nested_branch_dag.py
[2024-04-17T10:15:46.077-0300] {logging_mixin.py:188} INFO - [2024-04-17T10:15:46.077-0300] {dag.py:3096} INFO - Sync 1 DAGs
[2024-04-17T10:15:46.091-0300] {logging_mixin.py:188} INFO - [2024-04-17T10:15:46.091-0300] {dag.py:3954} INFO - Setting next_dagrun for example_nested_branch_dag to 2024-04-16 00:00:00+00:00, run_after=2024-04-17 00:00:00+00:00
[2024-04-17T10:15:46.109-0300] {processor.py:183} INFO - Processing /home/lborba/.cache/pypoetry/virtualenvs/airflow-tutorial-3ROeDTU8-py3.11/lib/python3.11/site-packages/airflow/example_dags/example_nested_branch_dag.py took 0.077 seconds
[2024-04-17T10:16:26.463-0300] {processor.py:161} INFO - Started process (PID=27145) to work on /home/lborba/.cache/pypoetry/virtualenvs/airflow-tutorial-3ROeDTU8-py3.11/lib/python3.11/site-packages/airflow/example_dags/example_nested_branch_dag.py
[2024-04-17T10:16:26.468-0300] {processor.py:830} INFO - Processing file /home/lborba/.cache/pypoetry/virtualenvs/airflow-tutorial-3ROeDTU8-py3.11/lib/python3.11/site-packages/airflow/example_dags/example_nested_branch_dag.py for tasks to queue
[2024-04-17T10:16:26.470-0300] {logging_mixin.py:188} INFO - [2024-04-17T10:16:26.469-0300] {dagbag.py:540} INFO - Filling up the DagBag from /home/lborba/.cache/pypoetry/virtualenvs/airflow-tutorial-3ROeDTU8-py3.11/lib/python3.11/site-packages/airflow/example_dags/example_nested_branch_dag.py
[2024-04-17T10:16:26.477-0300] {processor.py:840} INFO - DAG(s) 'example_nested_branch_dag' retrieved from /home/lborba/.cache/pypoetry/virtualenvs/airflow-tutorial-3ROeDTU8-py3.11/lib/python3.11/site-packages/airflow/example_dags/example_nested_branch_dag.py
[2024-04-17T10:16:26.489-0300] {logging_mixin.py:188} INFO - [2024-04-17T10:16:26.489-0300] {dag.py:3096} INFO - Sync 1 DAGs
[2024-04-17T10:16:26.502-0300] {logging_mixin.py:188} INFO - [2024-04-17T10:16:26.501-0300] {dag.py:3954} INFO - Setting next_dagrun for example_nested_branch_dag to 2024-04-16 00:00:00+00:00, run_after=2024-04-17 00:00:00+00:00
[2024-04-17T10:16:26.519-0300] {processor.py:183} INFO - Processing /home/lborba/.cache/pypoetry/virtualenvs/airflow-tutorial-3ROeDTU8-py3.11/lib/python3.11/site-packages/airflow/example_dags/example_nested_branch_dag.py took 0.061 seconds
[2024-04-17T10:17:08.128-0300] {processor.py:161} INFO - Started process (PID=27500) to work on /home/lborba/.cache/pypoetry/virtualenvs/airflow-tutorial-3ROeDTU8-py3.11/lib/python3.11/site-packages/airflow/example_dags/example_nested_branch_dag.py
[2024-04-17T10:17:08.135-0300] {processor.py:830} INFO - Processing file /home/lborba/.cache/pypoetry/virtualenvs/airflow-tutorial-3ROeDTU8-py3.11/lib/python3.11/site-packages/airflow/example_dags/example_nested_branch_dag.py for tasks to queue
[2024-04-17T10:17:08.136-0300] {logging_mixin.py:188} INFO - [2024-04-17T10:17:08.136-0300] {dagbag.py:540} INFO - Filling up the DagBag from /home/lborba/.cache/pypoetry/virtualenvs/airflow-tutorial-3ROeDTU8-py3.11/lib/python3.11/site-packages/airflow/example_dags/example_nested_branch_dag.py
[2024-04-17T10:17:08.144-0300] {processor.py:840} INFO - DAG(s) 'example_nested_branch_dag' retrieved from /home/lborba/.cache/pypoetry/virtualenvs/airflow-tutorial-3ROeDTU8-py3.11/lib/python3.11/site-packages/airflow/example_dags/example_nested_branch_dag.py
[2024-04-17T10:17:08.156-0300] {logging_mixin.py:188} INFO - [2024-04-17T10:17:08.156-0300] {dag.py:3096} INFO - Sync 1 DAGs
[2024-04-17T10:17:08.168-0300] {logging_mixin.py:188} INFO - [2024-04-17T10:17:08.168-0300] {dag.py:3954} INFO - Setting next_dagrun for example_nested_branch_dag to 2024-04-16 00:00:00+00:00, run_after=2024-04-17 00:00:00+00:00
[2024-04-17T10:17:08.185-0300] {processor.py:183} INFO - Processing /home/lborba/.cache/pypoetry/virtualenvs/airflow-tutorial-3ROeDTU8-py3.11/lib/python3.11/site-packages/airflow/example_dags/example_nested_branch_dag.py took 0.063 seconds
[2024-04-17T10:17:45.477-0300] {processor.py:161} INFO - Started process (PID=27817) to work on /home/lborba/.cache/pypoetry/virtualenvs/airflow-tutorial-3ROeDTU8-py3.11/lib/python3.11/site-packages/airflow/example_dags/example_nested_branch_dag.py
[2024-04-17T10:17:45.479-0300] {processor.py:830} INFO - Processing file /home/lborba/.cache/pypoetry/virtualenvs/airflow-tutorial-3ROeDTU8-py3.11/lib/python3.11/site-packages/airflow/example_dags/example_nested_branch_dag.py for tasks to queue
[2024-04-17T10:17:45.481-0300] {logging_mixin.py:188} INFO - [2024-04-17T10:17:45.481-0300] {dagbag.py:540} INFO - Filling up the DagBag from /home/lborba/.cache/pypoetry/virtualenvs/airflow-tutorial-3ROeDTU8-py3.11/lib/python3.11/site-packages/airflow/example_dags/example_nested_branch_dag.py
[2024-04-17T10:17:45.506-0300] {processor.py:840} INFO - DAG(s) 'example_nested_branch_dag' retrieved from /home/lborba/.cache/pypoetry/virtualenvs/airflow-tutorial-3ROeDTU8-py3.11/lib/python3.11/site-packages/airflow/example_dags/example_nested_branch_dag.py
[2024-04-17T10:17:45.531-0300] {logging_mixin.py:188} INFO - [2024-04-17T10:17:45.531-0300] {dag.py:3096} INFO - Sync 1 DAGs
[2024-04-17T10:17:45.551-0300] {logging_mixin.py:188} INFO - [2024-04-17T10:17:45.551-0300] {dag.py:3954} INFO - Setting next_dagrun for example_nested_branch_dag to 2024-04-16 00:00:00+00:00, run_after=2024-04-17 00:00:00+00:00
[2024-04-17T10:17:45.587-0300] {processor.py:183} INFO - Processing /home/lborba/.cache/pypoetry/virtualenvs/airflow-tutorial-3ROeDTU8-py3.11/lib/python3.11/site-packages/airflow/example_dags/example_nested_branch_dag.py took 0.126 seconds
[2024-04-17T10:18:26.278-0300] {processor.py:161} INFO - Started process (PID=28163) to work on /home/lborba/.cache/pypoetry/virtualenvs/airflow-tutorial-3ROeDTU8-py3.11/lib/python3.11/site-packages/airflow/example_dags/example_nested_branch_dag.py
[2024-04-17T10:18:26.279-0300] {processor.py:830} INFO - Processing file /home/lborba/.cache/pypoetry/virtualenvs/airflow-tutorial-3ROeDTU8-py3.11/lib/python3.11/site-packages/airflow/example_dags/example_nested_branch_dag.py for tasks to queue
[2024-04-17T10:18:26.281-0300] {logging_mixin.py:188} INFO - [2024-04-17T10:18:26.280-0300] {dagbag.py:540} INFO - Filling up the DagBag from /home/lborba/.cache/pypoetry/virtualenvs/airflow-tutorial-3ROeDTU8-py3.11/lib/python3.11/site-packages/airflow/example_dags/example_nested_branch_dag.py
[2024-04-17T10:18:26.287-0300] {processor.py:840} INFO - DAG(s) 'example_nested_branch_dag' retrieved from /home/lborba/.cache/pypoetry/virtualenvs/airflow-tutorial-3ROeDTU8-py3.11/lib/python3.11/site-packages/airflow/example_dags/example_nested_branch_dag.py
[2024-04-17T10:18:26.299-0300] {logging_mixin.py:188} INFO - [2024-04-17T10:18:26.299-0300] {dag.py:3096} INFO - Sync 1 DAGs
[2024-04-17T10:18:26.318-0300] {logging_mixin.py:188} INFO - [2024-04-17T10:18:26.318-0300] {dag.py:3954} INFO - Setting next_dagrun for example_nested_branch_dag to 2024-04-16 00:00:00+00:00, run_after=2024-04-17 00:00:00+00:00
[2024-04-17T10:18:26.338-0300] {processor.py:183} INFO - Processing /home/lborba/.cache/pypoetry/virtualenvs/airflow-tutorial-3ROeDTU8-py3.11/lib/python3.11/site-packages/airflow/example_dags/example_nested_branch_dag.py took 0.065 seconds
[2024-04-17T10:19:07.352-0300] {processor.py:161} INFO - Started process (PID=28512) to work on /home/lborba/.cache/pypoetry/virtualenvs/airflow-tutorial-3ROeDTU8-py3.11/lib/python3.11/site-packages/airflow/example_dags/example_nested_branch_dag.py
[2024-04-17T10:19:07.354-0300] {processor.py:830} INFO - Processing file /home/lborba/.cache/pypoetry/virtualenvs/airflow-tutorial-3ROeDTU8-py3.11/lib/python3.11/site-packages/airflow/example_dags/example_nested_branch_dag.py for tasks to queue
[2024-04-17T10:19:07.355-0300] {logging_mixin.py:188} INFO - [2024-04-17T10:19:07.355-0300] {dagbag.py:540} INFO - Filling up the DagBag from /home/lborba/.cache/pypoetry/virtualenvs/airflow-tutorial-3ROeDTU8-py3.11/lib/python3.11/site-packages/airflow/example_dags/example_nested_branch_dag.py
[2024-04-17T10:19:07.363-0300] {processor.py:840} INFO - DAG(s) 'example_nested_branch_dag' retrieved from /home/lborba/.cache/pypoetry/virtualenvs/airflow-tutorial-3ROeDTU8-py3.11/lib/python3.11/site-packages/airflow/example_dags/example_nested_branch_dag.py
[2024-04-17T10:19:07.375-0300] {logging_mixin.py:188} INFO - [2024-04-17T10:19:07.375-0300] {dag.py:3096} INFO - Sync 1 DAGs
[2024-04-17T10:19:07.388-0300] {logging_mixin.py:188} INFO - [2024-04-17T10:19:07.388-0300] {dag.py:3954} INFO - Setting next_dagrun for example_nested_branch_dag to 2024-04-16 00:00:00+00:00, run_after=2024-04-17 00:00:00+00:00
[2024-04-17T10:19:07.405-0300] {processor.py:183} INFO - Processing /home/lborba/.cache/pypoetry/virtualenvs/airflow-tutorial-3ROeDTU8-py3.11/lib/python3.11/site-packages/airflow/example_dags/example_nested_branch_dag.py took 0.059 seconds
[2024-04-17T10:19:47.901-0300] {processor.py:161} INFO - Started process (PID=28851) to work on /home/lborba/.cache/pypoetry/virtualenvs/airflow-tutorial-3ROeDTU8-py3.11/lib/python3.11/site-packages/airflow/example_dags/example_nested_branch_dag.py
[2024-04-17T10:19:47.906-0300] {processor.py:830} INFO - Processing file /home/lborba/.cache/pypoetry/virtualenvs/airflow-tutorial-3ROeDTU8-py3.11/lib/python3.11/site-packages/airflow/example_dags/example_nested_branch_dag.py for tasks to queue
[2024-04-17T10:19:47.907-0300] {logging_mixin.py:188} INFO - [2024-04-17T10:19:47.907-0300] {dagbag.py:540} INFO - Filling up the DagBag from /home/lborba/.cache/pypoetry/virtualenvs/airflow-tutorial-3ROeDTU8-py3.11/lib/python3.11/site-packages/airflow/example_dags/example_nested_branch_dag.py
[2024-04-17T10:19:47.914-0300] {processor.py:840} INFO - DAG(s) 'example_nested_branch_dag' retrieved from /home/lborba/.cache/pypoetry/virtualenvs/airflow-tutorial-3ROeDTU8-py3.11/lib/python3.11/site-packages/airflow/example_dags/example_nested_branch_dag.py
[2024-04-17T10:19:47.926-0300] {logging_mixin.py:188} INFO - [2024-04-17T10:19:47.926-0300] {dag.py:3096} INFO - Sync 1 DAGs
[2024-04-17T10:19:47.938-0300] {logging_mixin.py:188} INFO - [2024-04-17T10:19:47.938-0300] {dag.py:3954} INFO - Setting next_dagrun for example_nested_branch_dag to 2024-04-16 00:00:00+00:00, run_after=2024-04-17 00:00:00+00:00
[2024-04-17T10:19:47.956-0300] {processor.py:183} INFO - Processing /home/lborba/.cache/pypoetry/virtualenvs/airflow-tutorial-3ROeDTU8-py3.11/lib/python3.11/site-packages/airflow/example_dags/example_nested_branch_dag.py took 0.060 seconds
[2024-04-17T10:20:23.308-0300] {processor.py:161} INFO - Started process (PID=29185) to work on /home/lborba/.cache/pypoetry/virtualenvs/airflow-tutorial-3ROeDTU8-py3.11/lib/python3.11/site-packages/airflow/example_dags/example_nested_branch_dag.py
[2024-04-17T10:20:23.314-0300] {processor.py:830} INFO - Processing file /home/lborba/.cache/pypoetry/virtualenvs/airflow-tutorial-3ROeDTU8-py3.11/lib/python3.11/site-packages/airflow/example_dags/example_nested_branch_dag.py for tasks to queue
[2024-04-17T10:20:23.316-0300] {logging_mixin.py:188} INFO - [2024-04-17T10:20:23.315-0300] {dagbag.py:540} INFO - Filling up the DagBag from /home/lborba/.cache/pypoetry/virtualenvs/airflow-tutorial-3ROeDTU8-py3.11/lib/python3.11/site-packages/airflow/example_dags/example_nested_branch_dag.py
[2024-04-17T10:20:23.322-0300] {processor.py:840} INFO - DAG(s) 'example_nested_branch_dag' retrieved from /home/lborba/.cache/pypoetry/virtualenvs/airflow-tutorial-3ROeDTU8-py3.11/lib/python3.11/site-packages/airflow/example_dags/example_nested_branch_dag.py
[2024-04-17T10:20:23.334-0300] {logging_mixin.py:188} INFO - [2024-04-17T10:20:23.333-0300] {dag.py:3096} INFO - Sync 1 DAGs
[2024-04-17T10:20:23.347-0300] {logging_mixin.py:188} INFO - [2024-04-17T10:20:23.346-0300] {dag.py:3954} INFO - Setting next_dagrun for example_nested_branch_dag to 2024-04-16 00:00:00+00:00, run_after=2024-04-17 00:00:00+00:00
[2024-04-17T10:20:23.366-0300] {processor.py:183} INFO - Processing /home/lborba/.cache/pypoetry/virtualenvs/airflow-tutorial-3ROeDTU8-py3.11/lib/python3.11/site-packages/airflow/example_dags/example_nested_branch_dag.py took 0.063 seconds
[2024-04-17T10:21:02.109-0300] {processor.py:161} INFO - Started process (PID=29515) to work on /home/lborba/.cache/pypoetry/virtualenvs/airflow-tutorial-3ROeDTU8-py3.11/lib/python3.11/site-packages/airflow/example_dags/example_nested_branch_dag.py
[2024-04-17T10:21:02.111-0300] {processor.py:830} INFO - Processing file /home/lborba/.cache/pypoetry/virtualenvs/airflow-tutorial-3ROeDTU8-py3.11/lib/python3.11/site-packages/airflow/example_dags/example_nested_branch_dag.py for tasks to queue
[2024-04-17T10:21:02.112-0300] {logging_mixin.py:188} INFO - [2024-04-17T10:21:02.112-0300] {dagbag.py:540} INFO - Filling up the DagBag from /home/lborba/.cache/pypoetry/virtualenvs/airflow-tutorial-3ROeDTU8-py3.11/lib/python3.11/site-packages/airflow/example_dags/example_nested_branch_dag.py
[2024-04-17T10:21:02.120-0300] {processor.py:840} INFO - DAG(s) 'example_nested_branch_dag' retrieved from /home/lborba/.cache/pypoetry/virtualenvs/airflow-tutorial-3ROeDTU8-py3.11/lib/python3.11/site-packages/airflow/example_dags/example_nested_branch_dag.py
[2024-04-17T10:21:02.130-0300] {logging_mixin.py:188} INFO - [2024-04-17T10:21:02.130-0300] {dag.py:3096} INFO - Sync 1 DAGs
[2024-04-17T10:21:02.142-0300] {logging_mixin.py:188} INFO - [2024-04-17T10:21:02.142-0300] {dag.py:3954} INFO - Setting next_dagrun for example_nested_branch_dag to 2024-04-16 00:00:00+00:00, run_after=2024-04-17 00:00:00+00:00
[2024-04-17T10:21:02.161-0300] {processor.py:183} INFO - Processing /home/lborba/.cache/pypoetry/virtualenvs/airflow-tutorial-3ROeDTU8-py3.11/lib/python3.11/site-packages/airflow/example_dags/example_nested_branch_dag.py took 0.057 seconds
[2024-04-17T10:21:42.069-0300] {processor.py:161} INFO - Started process (PID=29851) to work on /home/lborba/.cache/pypoetry/virtualenvs/airflow-tutorial-3ROeDTU8-py3.11/lib/python3.11/site-packages/airflow/example_dags/example_nested_branch_dag.py
[2024-04-17T10:21:42.074-0300] {processor.py:830} INFO - Processing file /home/lborba/.cache/pypoetry/virtualenvs/airflow-tutorial-3ROeDTU8-py3.11/lib/python3.11/site-packages/airflow/example_dags/example_nested_branch_dag.py for tasks to queue
[2024-04-17T10:21:42.076-0300] {logging_mixin.py:188} INFO - [2024-04-17T10:21:42.075-0300] {dagbag.py:540} INFO - Filling up the DagBag from /home/lborba/.cache/pypoetry/virtualenvs/airflow-tutorial-3ROeDTU8-py3.11/lib/python3.11/site-packages/airflow/example_dags/example_nested_branch_dag.py
[2024-04-17T10:21:42.086-0300] {processor.py:840} INFO - DAG(s) 'example_nested_branch_dag' retrieved from /home/lborba/.cache/pypoetry/virtualenvs/airflow-tutorial-3ROeDTU8-py3.11/lib/python3.11/site-packages/airflow/example_dags/example_nested_branch_dag.py
[2024-04-17T10:21:42.099-0300] {logging_mixin.py:188} INFO - [2024-04-17T10:21:42.099-0300] {dag.py:3096} INFO - Sync 1 DAGs
[2024-04-17T10:21:42.113-0300] {logging_mixin.py:188} INFO - [2024-04-17T10:21:42.113-0300] {dag.py:3954} INFO - Setting next_dagrun for example_nested_branch_dag to 2024-04-16 00:00:00+00:00, run_after=2024-04-17 00:00:00+00:00
[2024-04-17T10:21:42.132-0300] {processor.py:183} INFO - Processing /home/lborba/.cache/pypoetry/virtualenvs/airflow-tutorial-3ROeDTU8-py3.11/lib/python3.11/site-packages/airflow/example_dags/example_nested_branch_dag.py took 0.068 seconds
[2024-04-17T10:22:19.733-0300] {processor.py:161} INFO - Started process (PID=30168) to work on /home/lborba/.cache/pypoetry/virtualenvs/airflow-tutorial-3ROeDTU8-py3.11/lib/python3.11/site-packages/airflow/example_dags/example_nested_branch_dag.py
[2024-04-17T10:22:19.734-0300] {processor.py:830} INFO - Processing file /home/lborba/.cache/pypoetry/virtualenvs/airflow-tutorial-3ROeDTU8-py3.11/lib/python3.11/site-packages/airflow/example_dags/example_nested_branch_dag.py for tasks to queue
[2024-04-17T10:22:19.736-0300] {logging_mixin.py:188} INFO - [2024-04-17T10:22:19.735-0300] {dagbag.py:540} INFO - Filling up the DagBag from /home/lborba/.cache/pypoetry/virtualenvs/airflow-tutorial-3ROeDTU8-py3.11/lib/python3.11/site-packages/airflow/example_dags/example_nested_branch_dag.py
[2024-04-17T10:22:19.744-0300] {processor.py:840} INFO - DAG(s) 'example_nested_branch_dag' retrieved from /home/lborba/.cache/pypoetry/virtualenvs/airflow-tutorial-3ROeDTU8-py3.11/lib/python3.11/site-packages/airflow/example_dags/example_nested_branch_dag.py
[2024-04-17T10:22:19.757-0300] {logging_mixin.py:188} INFO - [2024-04-17T10:22:19.757-0300] {dag.py:3096} INFO - Sync 1 DAGs
[2024-04-17T10:22:19.773-0300] {logging_mixin.py:188} INFO - [2024-04-17T10:22:19.772-0300] {dag.py:3954} INFO - Setting next_dagrun for example_nested_branch_dag to 2024-04-16 00:00:00+00:00, run_after=2024-04-17 00:00:00+00:00
[2024-04-17T10:22:19.791-0300] {processor.py:183} INFO - Processing /home/lborba/.cache/pypoetry/virtualenvs/airflow-tutorial-3ROeDTU8-py3.11/lib/python3.11/site-packages/airflow/example_dags/example_nested_branch_dag.py took 0.062 seconds
[2024-04-17T10:22:59.180-0300] {processor.py:161} INFO - Started process (PID=30502) to work on /home/lborba/.cache/pypoetry/virtualenvs/airflow-tutorial-3ROeDTU8-py3.11/lib/python3.11/site-packages/airflow/example_dags/example_nested_branch_dag.py
[2024-04-17T10:22:59.185-0300] {processor.py:830} INFO - Processing file /home/lborba/.cache/pypoetry/virtualenvs/airflow-tutorial-3ROeDTU8-py3.11/lib/python3.11/site-packages/airflow/example_dags/example_nested_branch_dag.py for tasks to queue
[2024-04-17T10:22:59.186-0300] {logging_mixin.py:188} INFO - [2024-04-17T10:22:59.186-0300] {dagbag.py:540} INFO - Filling up the DagBag from /home/lborba/.cache/pypoetry/virtualenvs/airflow-tutorial-3ROeDTU8-py3.11/lib/python3.11/site-packages/airflow/example_dags/example_nested_branch_dag.py
[2024-04-17T10:22:59.194-0300] {processor.py:840} INFO - DAG(s) 'example_nested_branch_dag' retrieved from /home/lborba/.cache/pypoetry/virtualenvs/airflow-tutorial-3ROeDTU8-py3.11/lib/python3.11/site-packages/airflow/example_dags/example_nested_branch_dag.py
[2024-04-17T10:22:59.207-0300] {logging_mixin.py:188} INFO - [2024-04-17T10:22:59.207-0300] {dag.py:3096} INFO - Sync 1 DAGs
[2024-04-17T10:22:59.221-0300] {logging_mixin.py:188} INFO - [2024-04-17T10:22:59.221-0300] {dag.py:3954} INFO - Setting next_dagrun for example_nested_branch_dag to 2024-04-16 00:00:00+00:00, run_after=2024-04-17 00:00:00+00:00
[2024-04-17T10:22:59.240-0300] {processor.py:183} INFO - Processing /home/lborba/.cache/pypoetry/virtualenvs/airflow-tutorial-3ROeDTU8-py3.11/lib/python3.11/site-packages/airflow/example_dags/example_nested_branch_dag.py took 0.065 seconds
[2024-04-17T10:23:38.832-0300] {processor.py:161} INFO - Started process (PID=30842) to work on /home/lborba/.cache/pypoetry/virtualenvs/airflow-tutorial-3ROeDTU8-py3.11/lib/python3.11/site-packages/airflow/example_dags/example_nested_branch_dag.py
[2024-04-17T10:23:38.833-0300] {processor.py:830} INFO - Processing file /home/lborba/.cache/pypoetry/virtualenvs/airflow-tutorial-3ROeDTU8-py3.11/lib/python3.11/site-packages/airflow/example_dags/example_nested_branch_dag.py for tasks to queue
[2024-04-17T10:23:38.834-0300] {logging_mixin.py:188} INFO - [2024-04-17T10:23:38.834-0300] {dagbag.py:540} INFO - Filling up the DagBag from /home/lborba/.cache/pypoetry/virtualenvs/airflow-tutorial-3ROeDTU8-py3.11/lib/python3.11/site-packages/airflow/example_dags/example_nested_branch_dag.py
[2024-04-17T10:23:38.843-0300] {processor.py:840} INFO - DAG(s) 'example_nested_branch_dag' retrieved from /home/lborba/.cache/pypoetry/virtualenvs/airflow-tutorial-3ROeDTU8-py3.11/lib/python3.11/site-packages/airflow/example_dags/example_nested_branch_dag.py
[2024-04-17T10:23:38.855-0300] {logging_mixin.py:188} INFO - [2024-04-17T10:23:38.855-0300] {dag.py:3096} INFO - Sync 1 DAGs
[2024-04-17T10:23:38.871-0300] {logging_mixin.py:188} INFO - [2024-04-17T10:23:38.871-0300] {dag.py:3954} INFO - Setting next_dagrun for example_nested_branch_dag to 2024-04-16 00:00:00+00:00, run_after=2024-04-17 00:00:00+00:00
[2024-04-17T10:23:38.893-0300] {processor.py:183} INFO - Processing /home/lborba/.cache/pypoetry/virtualenvs/airflow-tutorial-3ROeDTU8-py3.11/lib/python3.11/site-packages/airflow/example_dags/example_nested_branch_dag.py took 0.066 seconds
[2024-04-17T10:24:17.692-0300] {processor.py:161} INFO - Started process (PID=31164) to work on /home/lborba/.cache/pypoetry/virtualenvs/airflow-tutorial-3ROeDTU8-py3.11/lib/python3.11/site-packages/airflow/example_dags/example_nested_branch_dag.py
[2024-04-17T10:24:17.694-0300] {processor.py:830} INFO - Processing file /home/lborba/.cache/pypoetry/virtualenvs/airflow-tutorial-3ROeDTU8-py3.11/lib/python3.11/site-packages/airflow/example_dags/example_nested_branch_dag.py for tasks to queue
[2024-04-17T10:24:17.695-0300] {logging_mixin.py:188} INFO - [2024-04-17T10:24:17.695-0300] {dagbag.py:540} INFO - Filling up the DagBag from /home/lborba/.cache/pypoetry/virtualenvs/airflow-tutorial-3ROeDTU8-py3.11/lib/python3.11/site-packages/airflow/example_dags/example_nested_branch_dag.py
[2024-04-17T10:24:17.702-0300] {processor.py:840} INFO - DAG(s) 'example_nested_branch_dag' retrieved from /home/lborba/.cache/pypoetry/virtualenvs/airflow-tutorial-3ROeDTU8-py3.11/lib/python3.11/site-packages/airflow/example_dags/example_nested_branch_dag.py
[2024-04-17T10:24:17.715-0300] {logging_mixin.py:188} INFO - [2024-04-17T10:24:17.714-0300] {dag.py:3096} INFO - Sync 1 DAGs
[2024-04-17T10:24:17.729-0300] {logging_mixin.py:188} INFO - [2024-04-17T10:24:17.729-0300] {dag.py:3954} INFO - Setting next_dagrun for example_nested_branch_dag to 2024-04-16 00:00:00+00:00, run_after=2024-04-17 00:00:00+00:00
[2024-04-17T10:24:17.747-0300] {processor.py:183} INFO - Processing /home/lborba/.cache/pypoetry/virtualenvs/airflow-tutorial-3ROeDTU8-py3.11/lib/python3.11/site-packages/airflow/example_dags/example_nested_branch_dag.py took 0.060 seconds
[2024-04-17T10:24:53.474-0300] {processor.py:161} INFO - Started process (PID=31485) to work on /home/lborba/.cache/pypoetry/virtualenvs/airflow-tutorial-3ROeDTU8-py3.11/lib/python3.11/site-packages/airflow/example_dags/example_nested_branch_dag.py
[2024-04-17T10:24:53.476-0300] {processor.py:830} INFO - Processing file /home/lborba/.cache/pypoetry/virtualenvs/airflow-tutorial-3ROeDTU8-py3.11/lib/python3.11/site-packages/airflow/example_dags/example_nested_branch_dag.py for tasks to queue
[2024-04-17T10:24:53.477-0300] {logging_mixin.py:188} INFO - [2024-04-17T10:24:53.476-0300] {dagbag.py:540} INFO - Filling up the DagBag from /home/lborba/.cache/pypoetry/virtualenvs/airflow-tutorial-3ROeDTU8-py3.11/lib/python3.11/site-packages/airflow/example_dags/example_nested_branch_dag.py
[2024-04-17T10:24:53.484-0300] {processor.py:840} INFO - DAG(s) 'example_nested_branch_dag' retrieved from /home/lborba/.cache/pypoetry/virtualenvs/airflow-tutorial-3ROeDTU8-py3.11/lib/python3.11/site-packages/airflow/example_dags/example_nested_branch_dag.py
[2024-04-17T10:24:53.496-0300] {logging_mixin.py:188} INFO - [2024-04-17T10:24:53.496-0300] {dag.py:3096} INFO - Sync 1 DAGs
[2024-04-17T10:24:53.510-0300] {logging_mixin.py:188} INFO - [2024-04-17T10:24:53.510-0300] {dag.py:3954} INFO - Setting next_dagrun for example_nested_branch_dag to 2024-04-16 00:00:00+00:00, run_after=2024-04-17 00:00:00+00:00
[2024-04-17T10:24:53.528-0300] {processor.py:183} INFO - Processing /home/lborba/.cache/pypoetry/virtualenvs/airflow-tutorial-3ROeDTU8-py3.11/lib/python3.11/site-packages/airflow/example_dags/example_nested_branch_dag.py took 0.058 seconds
