[2024-04-17T10:10:01.486-0300] {processor.py:161} INFO - Started process (PID=22939) to work on /home/lborba/.cache/pypoetry/virtualenvs/airflow-tutorial-3ROeDTU8-py3.11/lib/python3.11/site-packages/airflow/example_dags/example_setup_teardown.py
[2024-04-17T10:10:01.487-0300] {processor.py:830} INFO - Processing file /home/lborba/.cache/pypoetry/virtualenvs/airflow-tutorial-3ROeDTU8-py3.11/lib/python3.11/site-packages/airflow/example_dags/example_setup_teardown.py for tasks to queue
[2024-04-17T10:10:01.489-0300] {logging_mixin.py:188} INFO - [2024-04-17T10:10:01.489-0300] {dagbag.py:540} INFO - Filling up the DagBag from /home/lborba/.cache/pypoetry/virtualenvs/airflow-tutorial-3ROeDTU8-py3.11/lib/python3.11/site-packages/airflow/example_dags/example_setup_teardown.py
[2024-04-17T10:10:01.497-0300] {processor.py:840} INFO - DAG(s) 'example_setup_teardown' retrieved from /home/lborba/.cache/pypoetry/virtualenvs/airflow-tutorial-3ROeDTU8-py3.11/lib/python3.11/site-packages/airflow/example_dags/example_setup_teardown.py
[2024-04-17T10:10:01.588-0300] {logging_mixin.py:188} INFO - [2024-04-17T10:10:01.587-0300] {override.py:1829} INFO - Created Permission View: can edit on DAG:example_setup_teardown
[2024-04-17T10:10:01.598-0300] {logging_mixin.py:188} INFO - [2024-04-17T10:10:01.598-0300] {override.py:1829} INFO - Created Permission View: can delete on DAG:example_setup_teardown
[2024-04-17T10:10:01.607-0300] {logging_mixin.py:188} INFO - [2024-04-17T10:10:01.607-0300] {override.py:1829} INFO - Created Permission View: can read on DAG:example_setup_teardown
[2024-04-17T10:10:01.607-0300] {logging_mixin.py:188} INFO - [2024-04-17T10:10:01.607-0300] {dag.py:3096} INFO - Sync 1 DAGs
[2024-04-17T10:10:01.614-0300] {logging_mixin.py:188} INFO - [2024-04-17T10:10:01.614-0300] {dag.py:3118} INFO - Creating ORM DAG for example_setup_teardown
[2024-04-17T10:10:01.620-0300] {logging_mixin.py:188} INFO - [2024-04-17T10:10:01.620-0300] {dag.py:3954} INFO - Setting next_dagrun for example_setup_teardown to 2024-04-16 00:00:00+00:00, run_after=2024-04-17 00:00:00+00:00
[2024-04-17T10:10:01.640-0300] {processor.py:183} INFO - Processing /home/lborba/.cache/pypoetry/virtualenvs/airflow-tutorial-3ROeDTU8-py3.11/lib/python3.11/site-packages/airflow/example_dags/example_setup_teardown.py took 0.158 seconds
[2024-04-17T10:10:55.764-0300] {processor.py:161} INFO - Started process (PID=23444) to work on /home/lborba/.cache/pypoetry/virtualenvs/airflow-tutorial-3ROeDTU8-py3.11/lib/python3.11/site-packages/airflow/example_dags/example_setup_teardown.py
[2024-04-17T10:10:55.771-0300] {processor.py:830} INFO - Processing file /home/lborba/.cache/pypoetry/virtualenvs/airflow-tutorial-3ROeDTU8-py3.11/lib/python3.11/site-packages/airflow/example_dags/example_setup_teardown.py for tasks to queue
[2024-04-17T10:10:55.772-0300] {logging_mixin.py:188} INFO - [2024-04-17T10:10:55.772-0300] {dagbag.py:540} INFO - Filling up the DagBag from /home/lborba/.cache/pypoetry/virtualenvs/airflow-tutorial-3ROeDTU8-py3.11/lib/python3.11/site-packages/airflow/example_dags/example_setup_teardown.py
[2024-04-17T10:10:55.778-0300] {processor.py:840} INFO - DAG(s) 'example_setup_teardown' retrieved from /home/lborba/.cache/pypoetry/virtualenvs/airflow-tutorial-3ROeDTU8-py3.11/lib/python3.11/site-packages/airflow/example_dags/example_setup_teardown.py
[2024-04-17T10:10:55.790-0300] {logging_mixin.py:188} INFO - [2024-04-17T10:10:55.790-0300] {dag.py:3096} INFO - Sync 1 DAGs
[2024-04-17T10:10:55.803-0300] {logging_mixin.py:188} INFO - [2024-04-17T10:10:55.803-0300] {dag.py:3954} INFO - Setting next_dagrun for example_setup_teardown to 2024-04-16 00:00:00+00:00, run_after=2024-04-17 00:00:00+00:00
[2024-04-17T10:10:55.821-0300] {processor.py:183} INFO - Processing /home/lborba/.cache/pypoetry/virtualenvs/airflow-tutorial-3ROeDTU8-py3.11/lib/python3.11/site-packages/airflow/example_dags/example_setup_teardown.py took 0.061 seconds
[2024-04-17T10:11:39.640-0300] {processor.py:161} INFO - Started process (PID=23792) to work on /home/lborba/.cache/pypoetry/virtualenvs/airflow-tutorial-3ROeDTU8-py3.11/lib/python3.11/site-packages/airflow/example_dags/example_setup_teardown.py
[2024-04-17T10:11:39.642-0300] {processor.py:830} INFO - Processing file /home/lborba/.cache/pypoetry/virtualenvs/airflow-tutorial-3ROeDTU8-py3.11/lib/python3.11/site-packages/airflow/example_dags/example_setup_teardown.py for tasks to queue
[2024-04-17T10:11:39.644-0300] {logging_mixin.py:188} INFO - [2024-04-17T10:11:39.644-0300] {dagbag.py:540} INFO - Filling up the DagBag from /home/lborba/.cache/pypoetry/virtualenvs/airflow-tutorial-3ROeDTU8-py3.11/lib/python3.11/site-packages/airflow/example_dags/example_setup_teardown.py
[2024-04-17T10:11:39.649-0300] {processor.py:840} INFO - DAG(s) 'example_setup_teardown' retrieved from /home/lborba/.cache/pypoetry/virtualenvs/airflow-tutorial-3ROeDTU8-py3.11/lib/python3.11/site-packages/airflow/example_dags/example_setup_teardown.py
[2024-04-17T10:11:39.664-0300] {logging_mixin.py:188} INFO - [2024-04-17T10:11:39.664-0300] {dag.py:3096} INFO - Sync 1 DAGs
[2024-04-17T10:11:39.680-0300] {logging_mixin.py:188} INFO - [2024-04-17T10:11:39.680-0300] {dag.py:3954} INFO - Setting next_dagrun for example_setup_teardown to 2024-04-16 00:00:00+00:00, run_after=2024-04-17 00:00:00+00:00
[2024-04-17T10:11:39.703-0300] {processor.py:183} INFO - Processing /home/lborba/.cache/pypoetry/virtualenvs/airflow-tutorial-3ROeDTU8-py3.11/lib/python3.11/site-packages/airflow/example_dags/example_setup_teardown.py took 0.069 seconds
[2024-04-17T10:12:20.198-0300] {processor.py:161} INFO - Started process (PID=24216) to work on /home/lborba/.cache/pypoetry/virtualenvs/airflow-tutorial-3ROeDTU8-py3.11/lib/python3.11/site-packages/airflow/example_dags/example_setup_teardown.py
[2024-04-17T10:12:20.203-0300] {processor.py:830} INFO - Processing file /home/lborba/.cache/pypoetry/virtualenvs/airflow-tutorial-3ROeDTU8-py3.11/lib/python3.11/site-packages/airflow/example_dags/example_setup_teardown.py for tasks to queue
[2024-04-17T10:12:20.205-0300] {logging_mixin.py:188} INFO - [2024-04-17T10:12:20.204-0300] {dagbag.py:540} INFO - Filling up the DagBag from /home/lborba/.cache/pypoetry/virtualenvs/airflow-tutorial-3ROeDTU8-py3.11/lib/python3.11/site-packages/airflow/example_dags/example_setup_teardown.py
[2024-04-17T10:12:20.210-0300] {processor.py:840} INFO - DAG(s) 'example_setup_teardown' retrieved from /home/lborba/.cache/pypoetry/virtualenvs/airflow-tutorial-3ROeDTU8-py3.11/lib/python3.11/site-packages/airflow/example_dags/example_setup_teardown.py
[2024-04-17T10:12:20.221-0300] {logging_mixin.py:188} INFO - [2024-04-17T10:12:20.220-0300] {dag.py:3096} INFO - Sync 1 DAGs
[2024-04-17T10:12:20.235-0300] {logging_mixin.py:188} INFO - [2024-04-17T10:12:20.234-0300] {dag.py:3954} INFO - Setting next_dagrun for example_setup_teardown to 2024-04-16 00:00:00+00:00, run_after=2024-04-17 00:00:00+00:00
[2024-04-17T10:12:20.253-0300] {processor.py:183} INFO - Processing /home/lborba/.cache/pypoetry/virtualenvs/airflow-tutorial-3ROeDTU8-py3.11/lib/python3.11/site-packages/airflow/example_dags/example_setup_teardown.py took 0.059 seconds
[2024-04-17T10:13:13.289-0300] {processor.py:161} INFO - Started process (PID=25155) to work on /home/lborba/.cache/pypoetry/virtualenvs/airflow-tutorial-3ROeDTU8-py3.11/lib/python3.11/site-packages/airflow/example_dags/example_setup_teardown.py
[2024-04-17T10:13:13.290-0300] {processor.py:830} INFO - Processing file /home/lborba/.cache/pypoetry/virtualenvs/airflow-tutorial-3ROeDTU8-py3.11/lib/python3.11/site-packages/airflow/example_dags/example_setup_teardown.py for tasks to queue
[2024-04-17T10:13:13.292-0300] {logging_mixin.py:188} INFO - [2024-04-17T10:13:13.292-0300] {dagbag.py:540} INFO - Filling up the DagBag from /home/lborba/.cache/pypoetry/virtualenvs/airflow-tutorial-3ROeDTU8-py3.11/lib/python3.11/site-packages/airflow/example_dags/example_setup_teardown.py
[2024-04-17T10:13:13.297-0300] {processor.py:840} INFO - DAG(s) 'example_setup_teardown' retrieved from /home/lborba/.cache/pypoetry/virtualenvs/airflow-tutorial-3ROeDTU8-py3.11/lib/python3.11/site-packages/airflow/example_dags/example_setup_teardown.py
[2024-04-17T10:13:13.308-0300] {logging_mixin.py:188} INFO - [2024-04-17T10:13:13.308-0300] {dag.py:3096} INFO - Sync 1 DAGs
[2024-04-17T10:13:13.320-0300] {logging_mixin.py:188} INFO - [2024-04-17T10:13:13.320-0300] {dag.py:3954} INFO - Setting next_dagrun for example_setup_teardown to 2024-04-16 00:00:00+00:00, run_after=2024-04-17 00:00:00+00:00
[2024-04-17T10:13:13.339-0300] {processor.py:183} INFO - Processing /home/lborba/.cache/pypoetry/virtualenvs/airflow-tutorial-3ROeDTU8-py3.11/lib/python3.11/site-packages/airflow/example_dags/example_setup_teardown.py took 0.054 seconds
[2024-04-17T10:13:53.237-0300] {processor.py:161} INFO - Started process (PID=25605) to work on /home/lborba/.cache/pypoetry/virtualenvs/airflow-tutorial-3ROeDTU8-py3.11/lib/python3.11/site-packages/airflow/example_dags/example_setup_teardown.py
[2024-04-17T10:13:53.239-0300] {processor.py:830} INFO - Processing file /home/lborba/.cache/pypoetry/virtualenvs/airflow-tutorial-3ROeDTU8-py3.11/lib/python3.11/site-packages/airflow/example_dags/example_setup_teardown.py for tasks to queue
[2024-04-17T10:13:53.240-0300] {logging_mixin.py:188} INFO - [2024-04-17T10:13:53.240-0300] {dagbag.py:540} INFO - Filling up the DagBag from /home/lborba/.cache/pypoetry/virtualenvs/airflow-tutorial-3ROeDTU8-py3.11/lib/python3.11/site-packages/airflow/example_dags/example_setup_teardown.py
[2024-04-17T10:13:53.245-0300] {processor.py:840} INFO - DAG(s) 'example_setup_teardown' retrieved from /home/lborba/.cache/pypoetry/virtualenvs/airflow-tutorial-3ROeDTU8-py3.11/lib/python3.11/site-packages/airflow/example_dags/example_setup_teardown.py
[2024-04-17T10:13:53.256-0300] {logging_mixin.py:188} INFO - [2024-04-17T10:13:53.256-0300] {dag.py:3096} INFO - Sync 1 DAGs
[2024-04-17T10:13:53.269-0300] {logging_mixin.py:188} INFO - [2024-04-17T10:13:53.268-0300] {dag.py:3954} INFO - Setting next_dagrun for example_setup_teardown to 2024-04-16 00:00:00+00:00, run_after=2024-04-17 00:00:00+00:00
[2024-04-17T10:13:53.286-0300] {processor.py:183} INFO - Processing /home/lborba/.cache/pypoetry/virtualenvs/airflow-tutorial-3ROeDTU8-py3.11/lib/python3.11/site-packages/airflow/example_dags/example_setup_teardown.py took 0.054 seconds
[2024-04-17T10:14:32.579-0300] {processor.py:161} INFO - Started process (PID=26081) to work on /home/lborba/.cache/pypoetry/virtualenvs/airflow-tutorial-3ROeDTU8-py3.11/lib/python3.11/site-packages/airflow/example_dags/example_setup_teardown.py
[2024-04-17T10:14:32.585-0300] {processor.py:830} INFO - Processing file /home/lborba/.cache/pypoetry/virtualenvs/airflow-tutorial-3ROeDTU8-py3.11/lib/python3.11/site-packages/airflow/example_dags/example_setup_teardown.py for tasks to queue
[2024-04-17T10:14:32.587-0300] {logging_mixin.py:188} INFO - [2024-04-17T10:14:32.586-0300] {dagbag.py:540} INFO - Filling up the DagBag from /home/lborba/.cache/pypoetry/virtualenvs/airflow-tutorial-3ROeDTU8-py3.11/lib/python3.11/site-packages/airflow/example_dags/example_setup_teardown.py
[2024-04-17T10:14:32.591-0300] {processor.py:840} INFO - DAG(s) 'example_setup_teardown' retrieved from /home/lborba/.cache/pypoetry/virtualenvs/airflow-tutorial-3ROeDTU8-py3.11/lib/python3.11/site-packages/airflow/example_dags/example_setup_teardown.py
[2024-04-17T10:14:32.603-0300] {logging_mixin.py:188} INFO - [2024-04-17T10:14:32.603-0300] {dag.py:3096} INFO - Sync 1 DAGs
[2024-04-17T10:14:32.615-0300] {logging_mixin.py:188} INFO - [2024-04-17T10:14:32.615-0300] {dag.py:3954} INFO - Setting next_dagrun for example_setup_teardown to 2024-04-16 00:00:00+00:00, run_after=2024-04-17 00:00:00+00:00
[2024-04-17T10:14:32.631-0300] {processor.py:183} INFO - Processing /home/lborba/.cache/pypoetry/virtualenvs/airflow-tutorial-3ROeDTU8-py3.11/lib/python3.11/site-packages/airflow/example_dags/example_setup_teardown.py took 0.056 seconds
[2024-04-17T10:15:11.824-0300] {processor.py:161} INFO - Started process (PID=26485) to work on /home/lborba/.cache/pypoetry/virtualenvs/airflow-tutorial-3ROeDTU8-py3.11/lib/python3.11/site-packages/airflow/example_dags/example_setup_teardown.py
[2024-04-17T10:15:11.829-0300] {processor.py:830} INFO - Processing file /home/lborba/.cache/pypoetry/virtualenvs/airflow-tutorial-3ROeDTU8-py3.11/lib/python3.11/site-packages/airflow/example_dags/example_setup_teardown.py for tasks to queue
[2024-04-17T10:15:11.830-0300] {logging_mixin.py:188} INFO - [2024-04-17T10:15:11.830-0300] {dagbag.py:540} INFO - Filling up the DagBag from /home/lborba/.cache/pypoetry/virtualenvs/airflow-tutorial-3ROeDTU8-py3.11/lib/python3.11/site-packages/airflow/example_dags/example_setup_teardown.py
[2024-04-17T10:15:11.835-0300] {processor.py:840} INFO - DAG(s) 'example_setup_teardown' retrieved from /home/lborba/.cache/pypoetry/virtualenvs/airflow-tutorial-3ROeDTU8-py3.11/lib/python3.11/site-packages/airflow/example_dags/example_setup_teardown.py
[2024-04-17T10:15:11.846-0300] {logging_mixin.py:188} INFO - [2024-04-17T10:15:11.846-0300] {dag.py:3096} INFO - Sync 1 DAGs
[2024-04-17T10:15:11.925-0300] {logging_mixin.py:188} INFO - [2024-04-17T10:15:11.925-0300] {dag.py:3954} INFO - Setting next_dagrun for example_setup_teardown to 2024-04-16 00:00:00+00:00, run_after=2024-04-17 00:00:00+00:00
[2024-04-17T10:15:11.940-0300] {processor.py:183} INFO - Processing /home/lborba/.cache/pypoetry/virtualenvs/airflow-tutorial-3ROeDTU8-py3.11/lib/python3.11/site-packages/airflow/example_dags/example_setup_teardown.py took 0.121 seconds
[2024-04-17T10:15:53.463-0300] {processor.py:161} INFO - Started process (PID=26867) to work on /home/lborba/.cache/pypoetry/virtualenvs/airflow-tutorial-3ROeDTU8-py3.11/lib/python3.11/site-packages/airflow/example_dags/example_setup_teardown.py
[2024-04-17T10:15:53.464-0300] {processor.py:830} INFO - Processing file /home/lborba/.cache/pypoetry/virtualenvs/airflow-tutorial-3ROeDTU8-py3.11/lib/python3.11/site-packages/airflow/example_dags/example_setup_teardown.py for tasks to queue
[2024-04-17T10:15:53.466-0300] {logging_mixin.py:188} INFO - [2024-04-17T10:15:53.466-0300] {dagbag.py:540} INFO - Filling up the DagBag from /home/lborba/.cache/pypoetry/virtualenvs/airflow-tutorial-3ROeDTU8-py3.11/lib/python3.11/site-packages/airflow/example_dags/example_setup_teardown.py
[2024-04-17T10:15:53.474-0300] {processor.py:840} INFO - DAG(s) 'example_setup_teardown' retrieved from /home/lborba/.cache/pypoetry/virtualenvs/airflow-tutorial-3ROeDTU8-py3.11/lib/python3.11/site-packages/airflow/example_dags/example_setup_teardown.py
[2024-04-17T10:15:53.486-0300] {logging_mixin.py:188} INFO - [2024-04-17T10:15:53.486-0300] {dag.py:3096} INFO - Sync 1 DAGs
[2024-04-17T10:15:53.501-0300] {logging_mixin.py:188} INFO - [2024-04-17T10:15:53.500-0300] {dag.py:3954} INFO - Setting next_dagrun for example_setup_teardown to 2024-04-16 00:00:00+00:00, run_after=2024-04-17 00:00:00+00:00
[2024-04-17T10:15:53.519-0300] {processor.py:183} INFO - Processing /home/lborba/.cache/pypoetry/virtualenvs/airflow-tutorial-3ROeDTU8-py3.11/lib/python3.11/site-packages/airflow/example_dags/example_setup_teardown.py took 0.061 seconds
[2024-04-17T10:16:33.468-0300] {processor.py:161} INFO - Started process (PID=27207) to work on /home/lborba/.cache/pypoetry/virtualenvs/airflow-tutorial-3ROeDTU8-py3.11/lib/python3.11/site-packages/airflow/example_dags/example_setup_teardown.py
[2024-04-17T10:16:33.470-0300] {processor.py:830} INFO - Processing file /home/lborba/.cache/pypoetry/virtualenvs/airflow-tutorial-3ROeDTU8-py3.11/lib/python3.11/site-packages/airflow/example_dags/example_setup_teardown.py for tasks to queue
[2024-04-17T10:16:33.471-0300] {logging_mixin.py:188} INFO - [2024-04-17T10:16:33.471-0300] {dagbag.py:540} INFO - Filling up the DagBag from /home/lborba/.cache/pypoetry/virtualenvs/airflow-tutorial-3ROeDTU8-py3.11/lib/python3.11/site-packages/airflow/example_dags/example_setup_teardown.py
[2024-04-17T10:16:33.477-0300] {processor.py:840} INFO - DAG(s) 'example_setup_teardown' retrieved from /home/lborba/.cache/pypoetry/virtualenvs/airflow-tutorial-3ROeDTU8-py3.11/lib/python3.11/site-packages/airflow/example_dags/example_setup_teardown.py
[2024-04-17T10:16:33.488-0300] {logging_mixin.py:188} INFO - [2024-04-17T10:16:33.488-0300] {dag.py:3096} INFO - Sync 1 DAGs
[2024-04-17T10:16:33.500-0300] {logging_mixin.py:188} INFO - [2024-04-17T10:16:33.500-0300] {dag.py:3954} INFO - Setting next_dagrun for example_setup_teardown to 2024-04-16 00:00:00+00:00, run_after=2024-04-17 00:00:00+00:00
[2024-04-17T10:16:33.519-0300] {processor.py:183} INFO - Processing /home/lborba/.cache/pypoetry/virtualenvs/airflow-tutorial-3ROeDTU8-py3.11/lib/python3.11/site-packages/airflow/example_dags/example_setup_teardown.py took 0.054 seconds
[2024-04-17T10:17:14.610-0300] {processor.py:161} INFO - Started process (PID=27554) to work on /home/lborba/.cache/pypoetry/virtualenvs/airflow-tutorial-3ROeDTU8-py3.11/lib/python3.11/site-packages/airflow/example_dags/example_setup_teardown.py
[2024-04-17T10:17:14.616-0300] {processor.py:830} INFO - Processing file /home/lborba/.cache/pypoetry/virtualenvs/airflow-tutorial-3ROeDTU8-py3.11/lib/python3.11/site-packages/airflow/example_dags/example_setup_teardown.py for tasks to queue
[2024-04-17T10:17:14.617-0300] {logging_mixin.py:188} INFO - [2024-04-17T10:17:14.617-0300] {dagbag.py:540} INFO - Filling up the DagBag from /home/lborba/.cache/pypoetry/virtualenvs/airflow-tutorial-3ROeDTU8-py3.11/lib/python3.11/site-packages/airflow/example_dags/example_setup_teardown.py
[2024-04-17T10:17:14.622-0300] {processor.py:840} INFO - DAG(s) 'example_setup_teardown' retrieved from /home/lborba/.cache/pypoetry/virtualenvs/airflow-tutorial-3ROeDTU8-py3.11/lib/python3.11/site-packages/airflow/example_dags/example_setup_teardown.py
[2024-04-17T10:17:14.634-0300] {logging_mixin.py:188} INFO - [2024-04-17T10:17:14.634-0300] {dag.py:3096} INFO - Sync 1 DAGs
[2024-04-17T10:17:14.647-0300] {logging_mixin.py:188} INFO - [2024-04-17T10:17:14.647-0300] {dag.py:3954} INFO - Setting next_dagrun for example_setup_teardown to 2024-04-16 00:00:00+00:00, run_after=2024-04-17 00:00:00+00:00
[2024-04-17T10:17:14.676-0300] {processor.py:183} INFO - Processing /home/lborba/.cache/pypoetry/virtualenvs/airflow-tutorial-3ROeDTU8-py3.11/lib/python3.11/site-packages/airflow/example_dags/example_setup_teardown.py took 0.071 seconds
[2024-04-17T10:17:52.591-0300] {processor.py:161} INFO - Started process (PID=27879) to work on /home/lborba/.cache/pypoetry/virtualenvs/airflow-tutorial-3ROeDTU8-py3.11/lib/python3.11/site-packages/airflow/example_dags/example_setup_teardown.py
[2024-04-17T10:17:52.593-0300] {processor.py:830} INFO - Processing file /home/lborba/.cache/pypoetry/virtualenvs/airflow-tutorial-3ROeDTU8-py3.11/lib/python3.11/site-packages/airflow/example_dags/example_setup_teardown.py for tasks to queue
[2024-04-17T10:17:52.594-0300] {logging_mixin.py:188} INFO - [2024-04-17T10:17:52.594-0300] {dagbag.py:540} INFO - Filling up the DagBag from /home/lborba/.cache/pypoetry/virtualenvs/airflow-tutorial-3ROeDTU8-py3.11/lib/python3.11/site-packages/airflow/example_dags/example_setup_teardown.py
[2024-04-17T10:17:52.599-0300] {processor.py:840} INFO - DAG(s) 'example_setup_teardown' retrieved from /home/lborba/.cache/pypoetry/virtualenvs/airflow-tutorial-3ROeDTU8-py3.11/lib/python3.11/site-packages/airflow/example_dags/example_setup_teardown.py
[2024-04-17T10:17:52.610-0300] {logging_mixin.py:188} INFO - [2024-04-17T10:17:52.609-0300] {dag.py:3096} INFO - Sync 1 DAGs
[2024-04-17T10:17:52.622-0300] {logging_mixin.py:188} INFO - [2024-04-17T10:17:52.622-0300] {dag.py:3954} INFO - Setting next_dagrun for example_setup_teardown to 2024-04-16 00:00:00+00:00, run_after=2024-04-17 00:00:00+00:00
[2024-04-17T10:17:52.640-0300] {processor.py:183} INFO - Processing /home/lborba/.cache/pypoetry/virtualenvs/airflow-tutorial-3ROeDTU8-py3.11/lib/python3.11/site-packages/airflow/example_dags/example_setup_teardown.py took 0.053 seconds
[2024-04-17T10:18:33.239-0300] {processor.py:161} INFO - Started process (PID=28218) to work on /home/lborba/.cache/pypoetry/virtualenvs/airflow-tutorial-3ROeDTU8-py3.11/lib/python3.11/site-packages/airflow/example_dags/example_setup_teardown.py
[2024-04-17T10:18:33.244-0300] {processor.py:830} INFO - Processing file /home/lborba/.cache/pypoetry/virtualenvs/airflow-tutorial-3ROeDTU8-py3.11/lib/python3.11/site-packages/airflow/example_dags/example_setup_teardown.py for tasks to queue
[2024-04-17T10:18:33.246-0300] {logging_mixin.py:188} INFO - [2024-04-17T10:18:33.246-0300] {dagbag.py:540} INFO - Filling up the DagBag from /home/lborba/.cache/pypoetry/virtualenvs/airflow-tutorial-3ROeDTU8-py3.11/lib/python3.11/site-packages/airflow/example_dags/example_setup_teardown.py
[2024-04-17T10:18:33.251-0300] {processor.py:840} INFO - DAG(s) 'example_setup_teardown' retrieved from /home/lborba/.cache/pypoetry/virtualenvs/airflow-tutorial-3ROeDTU8-py3.11/lib/python3.11/site-packages/airflow/example_dags/example_setup_teardown.py
[2024-04-17T10:18:33.263-0300] {logging_mixin.py:188} INFO - [2024-04-17T10:18:33.263-0300] {dag.py:3096} INFO - Sync 1 DAGs
[2024-04-17T10:18:33.277-0300] {logging_mixin.py:188} INFO - [2024-04-17T10:18:33.277-0300] {dag.py:3954} INFO - Setting next_dagrun for example_setup_teardown to 2024-04-16 00:00:00+00:00, run_after=2024-04-17 00:00:00+00:00
[2024-04-17T10:18:33.296-0300] {processor.py:183} INFO - Processing /home/lborba/.cache/pypoetry/virtualenvs/airflow-tutorial-3ROeDTU8-py3.11/lib/python3.11/site-packages/airflow/example_dags/example_setup_teardown.py took 0.061 seconds
[2024-04-17T10:19:13.130-0300] {processor.py:161} INFO - Started process (PID=28562) to work on /home/lborba/.cache/pypoetry/virtualenvs/airflow-tutorial-3ROeDTU8-py3.11/lib/python3.11/site-packages/airflow/example_dags/example_setup_teardown.py
[2024-04-17T10:19:13.136-0300] {processor.py:830} INFO - Processing file /home/lborba/.cache/pypoetry/virtualenvs/airflow-tutorial-3ROeDTU8-py3.11/lib/python3.11/site-packages/airflow/example_dags/example_setup_teardown.py for tasks to queue
[2024-04-17T10:19:13.137-0300] {logging_mixin.py:188} INFO - [2024-04-17T10:19:13.137-0300] {dagbag.py:540} INFO - Filling up the DagBag from /home/lborba/.cache/pypoetry/virtualenvs/airflow-tutorial-3ROeDTU8-py3.11/lib/python3.11/site-packages/airflow/example_dags/example_setup_teardown.py
[2024-04-17T10:19:13.142-0300] {processor.py:840} INFO - DAG(s) 'example_setup_teardown' retrieved from /home/lborba/.cache/pypoetry/virtualenvs/airflow-tutorial-3ROeDTU8-py3.11/lib/python3.11/site-packages/airflow/example_dags/example_setup_teardown.py
[2024-04-17T10:19:13.153-0300] {logging_mixin.py:188} INFO - [2024-04-17T10:19:13.153-0300] {dag.py:3096} INFO - Sync 1 DAGs
[2024-04-17T10:19:13.165-0300] {logging_mixin.py:188} INFO - [2024-04-17T10:19:13.165-0300] {dag.py:3954} INFO - Setting next_dagrun for example_setup_teardown to 2024-04-16 00:00:00+00:00, run_after=2024-04-17 00:00:00+00:00
[2024-04-17T10:19:13.181-0300] {processor.py:183} INFO - Processing /home/lborba/.cache/pypoetry/virtualenvs/airflow-tutorial-3ROeDTU8-py3.11/lib/python3.11/site-packages/airflow/example_dags/example_setup_teardown.py took 0.056 seconds
[2024-04-17T10:19:53.931-0300] {processor.py:161} INFO - Started process (PID=28935) to work on /home/lborba/.cache/pypoetry/virtualenvs/airflow-tutorial-3ROeDTU8-py3.11/lib/python3.11/site-packages/airflow/example_dags/example_setup_teardown.py
[2024-04-17T10:19:53.932-0300] {processor.py:830} INFO - Processing file /home/lborba/.cache/pypoetry/virtualenvs/airflow-tutorial-3ROeDTU8-py3.11/lib/python3.11/site-packages/airflow/example_dags/example_setup_teardown.py for tasks to queue
[2024-04-17T10:19:53.933-0300] {logging_mixin.py:188} INFO - [2024-04-17T10:19:53.933-0300] {dagbag.py:540} INFO - Filling up the DagBag from /home/lborba/.cache/pypoetry/virtualenvs/airflow-tutorial-3ROeDTU8-py3.11/lib/python3.11/site-packages/airflow/example_dags/example_setup_teardown.py
[2024-04-17T10:19:53.939-0300] {processor.py:840} INFO - DAG(s) 'example_setup_teardown' retrieved from /home/lborba/.cache/pypoetry/virtualenvs/airflow-tutorial-3ROeDTU8-py3.11/lib/python3.11/site-packages/airflow/example_dags/example_setup_teardown.py
[2024-04-17T10:19:53.953-0300] {logging_mixin.py:188} INFO - [2024-04-17T10:19:53.953-0300] {dag.py:3096} INFO - Sync 1 DAGs
[2024-04-17T10:19:53.965-0300] {logging_mixin.py:188} INFO - [2024-04-17T10:19:53.965-0300] {dag.py:3954} INFO - Setting next_dagrun for example_setup_teardown to 2024-04-16 00:00:00+00:00, run_after=2024-04-17 00:00:00+00:00
[2024-04-17T10:19:53.983-0300] {processor.py:183} INFO - Processing /home/lborba/.cache/pypoetry/virtualenvs/airflow-tutorial-3ROeDTU8-py3.11/lib/python3.11/site-packages/airflow/example_dags/example_setup_teardown.py took 0.056 seconds
[2024-04-17T10:20:41.606-0300] {processor.py:161} INFO - Started process (PID=29343) to work on /home/lborba/.cache/pypoetry/virtualenvs/airflow-tutorial-3ROeDTU8-py3.11/lib/python3.11/site-packages/airflow/example_dags/example_setup_teardown.py
[2024-04-17T10:20:41.612-0300] {processor.py:830} INFO - Processing file /home/lborba/.cache/pypoetry/virtualenvs/airflow-tutorial-3ROeDTU8-py3.11/lib/python3.11/site-packages/airflow/example_dags/example_setup_teardown.py for tasks to queue
[2024-04-17T10:20:41.613-0300] {logging_mixin.py:188} INFO - [2024-04-17T10:20:41.613-0300] {dagbag.py:540} INFO - Filling up the DagBag from /home/lborba/.cache/pypoetry/virtualenvs/airflow-tutorial-3ROeDTU8-py3.11/lib/python3.11/site-packages/airflow/example_dags/example_setup_teardown.py
[2024-04-17T10:20:41.618-0300] {processor.py:840} INFO - DAG(s) 'example_setup_teardown' retrieved from /home/lborba/.cache/pypoetry/virtualenvs/airflow-tutorial-3ROeDTU8-py3.11/lib/python3.11/site-packages/airflow/example_dags/example_setup_teardown.py
[2024-04-17T10:20:41.629-0300] {logging_mixin.py:188} INFO - [2024-04-17T10:20:41.629-0300] {dag.py:3096} INFO - Sync 1 DAGs
[2024-04-17T10:20:41.641-0300] {logging_mixin.py:188} INFO - [2024-04-17T10:20:41.641-0300] {dag.py:3954} INFO - Setting next_dagrun for example_setup_teardown to 2024-04-16 00:00:00+00:00, run_after=2024-04-17 00:00:00+00:00
[2024-04-17T10:20:41.658-0300] {processor.py:183} INFO - Processing /home/lborba/.cache/pypoetry/virtualenvs/airflow-tutorial-3ROeDTU8-py3.11/lib/python3.11/site-packages/airflow/example_dags/example_setup_teardown.py took 0.056 seconds
[2024-04-17T10:21:22.640-0300] {processor.py:161} INFO - Started process (PID=29689) to work on /home/lborba/.cache/pypoetry/virtualenvs/airflow-tutorial-3ROeDTU8-py3.11/lib/python3.11/site-packages/airflow/example_dags/example_setup_teardown.py
[2024-04-17T10:21:22.647-0300] {processor.py:830} INFO - Processing file /home/lborba/.cache/pypoetry/virtualenvs/airflow-tutorial-3ROeDTU8-py3.11/lib/python3.11/site-packages/airflow/example_dags/example_setup_teardown.py for tasks to queue
[2024-04-17T10:21:22.648-0300] {logging_mixin.py:188} INFO - [2024-04-17T10:21:22.648-0300] {dagbag.py:540} INFO - Filling up the DagBag from /home/lborba/.cache/pypoetry/virtualenvs/airflow-tutorial-3ROeDTU8-py3.11/lib/python3.11/site-packages/airflow/example_dags/example_setup_teardown.py
[2024-04-17T10:21:22.654-0300] {processor.py:840} INFO - DAG(s) 'example_setup_teardown' retrieved from /home/lborba/.cache/pypoetry/virtualenvs/airflow-tutorial-3ROeDTU8-py3.11/lib/python3.11/site-packages/airflow/example_dags/example_setup_teardown.py
[2024-04-17T10:21:22.664-0300] {logging_mixin.py:188} INFO - [2024-04-17T10:21:22.664-0300] {dag.py:3096} INFO - Sync 1 DAGs
[2024-04-17T10:21:22.677-0300] {logging_mixin.py:188} INFO - [2024-04-17T10:21:22.676-0300] {dag.py:3954} INFO - Setting next_dagrun for example_setup_teardown to 2024-04-16 00:00:00+00:00, run_after=2024-04-17 00:00:00+00:00
[2024-04-17T10:21:22.693-0300] {processor.py:183} INFO - Processing /home/lborba/.cache/pypoetry/virtualenvs/airflow-tutorial-3ROeDTU8-py3.11/lib/python3.11/site-packages/airflow/example_dags/example_setup_teardown.py took 0.057 seconds
[2024-04-17T10:22:00.580-0300] {processor.py:161} INFO - Started process (PID=30006) to work on /home/lborba/.cache/pypoetry/virtualenvs/airflow-tutorial-3ROeDTU8-py3.11/lib/python3.11/site-packages/airflow/example_dags/example_setup_teardown.py
[2024-04-17T10:22:00.586-0300] {processor.py:830} INFO - Processing file /home/lborba/.cache/pypoetry/virtualenvs/airflow-tutorial-3ROeDTU8-py3.11/lib/python3.11/site-packages/airflow/example_dags/example_setup_teardown.py for tasks to queue
[2024-04-17T10:22:00.587-0300] {logging_mixin.py:188} INFO - [2024-04-17T10:22:00.587-0300] {dagbag.py:540} INFO - Filling up the DagBag from /home/lborba/.cache/pypoetry/virtualenvs/airflow-tutorial-3ROeDTU8-py3.11/lib/python3.11/site-packages/airflow/example_dags/example_setup_teardown.py
[2024-04-17T10:22:00.592-0300] {processor.py:840} INFO - DAG(s) 'example_setup_teardown' retrieved from /home/lborba/.cache/pypoetry/virtualenvs/airflow-tutorial-3ROeDTU8-py3.11/lib/python3.11/site-packages/airflow/example_dags/example_setup_teardown.py
[2024-04-17T10:22:00.604-0300] {logging_mixin.py:188} INFO - [2024-04-17T10:22:00.604-0300] {dag.py:3096} INFO - Sync 1 DAGs
[2024-04-17T10:22:00.616-0300] {logging_mixin.py:188} INFO - [2024-04-17T10:22:00.616-0300] {dag.py:3954} INFO - Setting next_dagrun for example_setup_teardown to 2024-04-16 00:00:00+00:00, run_after=2024-04-17 00:00:00+00:00
[2024-04-17T10:22:00.633-0300] {processor.py:183} INFO - Processing /home/lborba/.cache/pypoetry/virtualenvs/airflow-tutorial-3ROeDTU8-py3.11/lib/python3.11/site-packages/airflow/example_dags/example_setup_teardown.py took 0.057 seconds
[2024-04-17T10:22:38.628-0300] {processor.py:161} INFO - Started process (PID=30333) to work on /home/lborba/.cache/pypoetry/virtualenvs/airflow-tutorial-3ROeDTU8-py3.11/lib/python3.11/site-packages/airflow/example_dags/example_setup_teardown.py
[2024-04-17T10:22:38.634-0300] {processor.py:830} INFO - Processing file /home/lborba/.cache/pypoetry/virtualenvs/airflow-tutorial-3ROeDTU8-py3.11/lib/python3.11/site-packages/airflow/example_dags/example_setup_teardown.py for tasks to queue
[2024-04-17T10:22:38.635-0300] {logging_mixin.py:188} INFO - [2024-04-17T10:22:38.634-0300] {dagbag.py:540} INFO - Filling up the DagBag from /home/lborba/.cache/pypoetry/virtualenvs/airflow-tutorial-3ROeDTU8-py3.11/lib/python3.11/site-packages/airflow/example_dags/example_setup_teardown.py
[2024-04-17T10:22:38.640-0300] {processor.py:840} INFO - DAG(s) 'example_setup_teardown' retrieved from /home/lborba/.cache/pypoetry/virtualenvs/airflow-tutorial-3ROeDTU8-py3.11/lib/python3.11/site-packages/airflow/example_dags/example_setup_teardown.py
[2024-04-17T10:22:38.651-0300] {logging_mixin.py:188} INFO - [2024-04-17T10:22:38.651-0300] {dag.py:3096} INFO - Sync 1 DAGs
[2024-04-17T10:22:38.666-0300] {logging_mixin.py:188} INFO - [2024-04-17T10:22:38.666-0300] {dag.py:3954} INFO - Setting next_dagrun for example_setup_teardown to 2024-04-16 00:00:00+00:00, run_after=2024-04-17 00:00:00+00:00
[2024-04-17T10:22:38.686-0300] {processor.py:183} INFO - Processing /home/lborba/.cache/pypoetry/virtualenvs/airflow-tutorial-3ROeDTU8-py3.11/lib/python3.11/site-packages/airflow/example_dags/example_setup_teardown.py took 0.063 seconds
[2024-04-17T10:23:19.307-0300] {processor.py:161} INFO - Started process (PID=30674) to work on /home/lborba/.cache/pypoetry/virtualenvs/airflow-tutorial-3ROeDTU8-py3.11/lib/python3.11/site-packages/airflow/example_dags/example_setup_teardown.py
[2024-04-17T10:23:19.309-0300] {processor.py:830} INFO - Processing file /home/lborba/.cache/pypoetry/virtualenvs/airflow-tutorial-3ROeDTU8-py3.11/lib/python3.11/site-packages/airflow/example_dags/example_setup_teardown.py for tasks to queue
[2024-04-17T10:23:19.310-0300] {logging_mixin.py:188} INFO - [2024-04-17T10:23:19.310-0300] {dagbag.py:540} INFO - Filling up the DagBag from /home/lborba/.cache/pypoetry/virtualenvs/airflow-tutorial-3ROeDTU8-py3.11/lib/python3.11/site-packages/airflow/example_dags/example_setup_teardown.py
[2024-04-17T10:23:19.315-0300] {processor.py:840} INFO - DAG(s) 'example_setup_teardown' retrieved from /home/lborba/.cache/pypoetry/virtualenvs/airflow-tutorial-3ROeDTU8-py3.11/lib/python3.11/site-packages/airflow/example_dags/example_setup_teardown.py
[2024-04-17T10:23:19.326-0300] {logging_mixin.py:188} INFO - [2024-04-17T10:23:19.326-0300] {dag.py:3096} INFO - Sync 1 DAGs
[2024-04-17T10:23:19.339-0300] {logging_mixin.py:188} INFO - [2024-04-17T10:23:19.339-0300] {dag.py:3954} INFO - Setting next_dagrun for example_setup_teardown to 2024-04-16 00:00:00+00:00, run_after=2024-04-17 00:00:00+00:00
[2024-04-17T10:23:19.357-0300] {processor.py:183} INFO - Processing /home/lborba/.cache/pypoetry/virtualenvs/airflow-tutorial-3ROeDTU8-py3.11/lib/python3.11/site-packages/airflow/example_dags/example_setup_teardown.py took 0.054 seconds
[2024-04-17T10:23:58.381-0300] {processor.py:161} INFO - Started process (PID=31005) to work on /home/lborba/.cache/pypoetry/virtualenvs/airflow-tutorial-3ROeDTU8-py3.11/lib/python3.11/site-packages/airflow/example_dags/example_setup_teardown.py
[2024-04-17T10:23:58.383-0300] {processor.py:830} INFO - Processing file /home/lborba/.cache/pypoetry/virtualenvs/airflow-tutorial-3ROeDTU8-py3.11/lib/python3.11/site-packages/airflow/example_dags/example_setup_teardown.py for tasks to queue
[2024-04-17T10:23:58.384-0300] {logging_mixin.py:188} INFO - [2024-04-17T10:23:58.384-0300] {dagbag.py:540} INFO - Filling up the DagBag from /home/lborba/.cache/pypoetry/virtualenvs/airflow-tutorial-3ROeDTU8-py3.11/lib/python3.11/site-packages/airflow/example_dags/example_setup_teardown.py
[2024-04-17T10:23:58.389-0300] {processor.py:840} INFO - DAG(s) 'example_setup_teardown' retrieved from /home/lborba/.cache/pypoetry/virtualenvs/airflow-tutorial-3ROeDTU8-py3.11/lib/python3.11/site-packages/airflow/example_dags/example_setup_teardown.py
[2024-04-17T10:23:58.401-0300] {logging_mixin.py:188} INFO - [2024-04-17T10:23:58.400-0300] {dag.py:3096} INFO - Sync 1 DAGs
[2024-04-17T10:23:58.415-0300] {logging_mixin.py:188} INFO - [2024-04-17T10:23:58.414-0300] {dag.py:3954} INFO - Setting next_dagrun for example_setup_teardown to 2024-04-16 00:00:00+00:00, run_after=2024-04-17 00:00:00+00:00
[2024-04-17T10:23:58.435-0300] {processor.py:183} INFO - Processing /home/lborba/.cache/pypoetry/virtualenvs/airflow-tutorial-3ROeDTU8-py3.11/lib/python3.11/site-packages/airflow/example_dags/example_setup_teardown.py took 0.058 seconds
[2024-04-17T10:24:35.373-0300] {processor.py:161} INFO - Started process (PID=31320) to work on /home/lborba/.cache/pypoetry/virtualenvs/airflow-tutorial-3ROeDTU8-py3.11/lib/python3.11/site-packages/airflow/example_dags/example_setup_teardown.py
[2024-04-17T10:24:35.374-0300] {processor.py:830} INFO - Processing file /home/lborba/.cache/pypoetry/virtualenvs/airflow-tutorial-3ROeDTU8-py3.11/lib/python3.11/site-packages/airflow/example_dags/example_setup_teardown.py for tasks to queue
[2024-04-17T10:24:35.376-0300] {logging_mixin.py:188} INFO - [2024-04-17T10:24:35.375-0300] {dagbag.py:540} INFO - Filling up the DagBag from /home/lborba/.cache/pypoetry/virtualenvs/airflow-tutorial-3ROeDTU8-py3.11/lib/python3.11/site-packages/airflow/example_dags/example_setup_teardown.py
[2024-04-17T10:24:35.382-0300] {processor.py:840} INFO - DAG(s) 'example_setup_teardown' retrieved from /home/lborba/.cache/pypoetry/virtualenvs/airflow-tutorial-3ROeDTU8-py3.11/lib/python3.11/site-packages/airflow/example_dags/example_setup_teardown.py
[2024-04-17T10:24:35.395-0300] {logging_mixin.py:188} INFO - [2024-04-17T10:24:35.394-0300] {dag.py:3096} INFO - Sync 1 DAGs
[2024-04-17T10:24:35.409-0300] {logging_mixin.py:188} INFO - [2024-04-17T10:24:35.409-0300] {dag.py:3954} INFO - Setting next_dagrun for example_setup_teardown to 2024-04-16 00:00:00+00:00, run_after=2024-04-17 00:00:00+00:00
[2024-04-17T10:24:35.427-0300] {processor.py:183} INFO - Processing /home/lborba/.cache/pypoetry/virtualenvs/airflow-tutorial-3ROeDTU8-py3.11/lib/python3.11/site-packages/airflow/example_dags/example_setup_teardown.py took 0.060 seconds
