[2024-04-17T10:10:14.440-0300] {processor.py:161} INFO - Started process (PID=23118) to work on /home/lborba/.cache/pypoetry/virtualenvs/airflow-tutorial-3ROeDTU8-py3.11/lib/python3.11/site-packages/airflow/example_dags/example_complex.py
[2024-04-17T10:10:14.440-0300] {processor.py:830} INFO - Processing file /home/lborba/.cache/pypoetry/virtualenvs/airflow-tutorial-3ROeDTU8-py3.11/lib/python3.11/site-packages/airflow/example_dags/example_complex.py for tasks to queue
[2024-04-17T10:10:14.441-0300] {logging_mixin.py:188} INFO - [2024-04-17T10:10:14.441-0300] {dagbag.py:540} INFO - Filling up the DagBag from /home/lborba/.cache/pypoetry/virtualenvs/airflow-tutorial-3ROeDTU8-py3.11/lib/python3.11/site-packages/airflow/example_dags/example_complex.py
[2024-04-17T10:10:14.451-0300] {processor.py:840} INFO - DAG(s) 'example_complex' retrieved from /home/lborba/.cache/pypoetry/virtualenvs/airflow-tutorial-3ROeDTU8-py3.11/lib/python3.11/site-packages/airflow/example_dags/example_complex.py
[2024-04-17T10:10:14.537-0300] {logging_mixin.py:188} INFO - [2024-04-17T10:10:14.537-0300] {override.py:1829} INFO - Created Permission View: can edit on DAG:example_complex
[2024-04-17T10:10:14.548-0300] {logging_mixin.py:188} INFO - [2024-04-17T10:10:14.547-0300] {override.py:1829} INFO - Created Permission View: can delete on DAG:example_complex
[2024-04-17T10:10:14.556-0300] {logging_mixin.py:188} INFO - [2024-04-17T10:10:14.556-0300] {override.py:1829} INFO - Created Permission View: can read on DAG:example_complex
[2024-04-17T10:10:14.556-0300] {logging_mixin.py:188} INFO - [2024-04-17T10:10:14.556-0300] {dag.py:3096} INFO - Sync 1 DAGs
[2024-04-17T10:10:14.563-0300] {logging_mixin.py:188} INFO - [2024-04-17T10:10:14.563-0300] {dag.py:3118} INFO - Creating ORM DAG for example_complex
[2024-04-17T10:10:14.563-0300] {logging_mixin.py:188} INFO - [2024-04-17T10:10:14.563-0300] {dag.py:3954} INFO - Setting next_dagrun for example_complex to None, run_after=None
[2024-04-17T10:10:14.582-0300] {processor.py:183} INFO - Processing /home/lborba/.cache/pypoetry/virtualenvs/airflow-tutorial-3ROeDTU8-py3.11/lib/python3.11/site-packages/airflow/example_dags/example_complex.py took 0.146 seconds
[2024-04-17T10:11:08.233-0300] {processor.py:161} INFO - Started process (PID=23543) to work on /home/lborba/.cache/pypoetry/virtualenvs/airflow-tutorial-3ROeDTU8-py3.11/lib/python3.11/site-packages/airflow/example_dags/example_complex.py
[2024-04-17T10:11:08.239-0300] {processor.py:830} INFO - Processing file /home/lborba/.cache/pypoetry/virtualenvs/airflow-tutorial-3ROeDTU8-py3.11/lib/python3.11/site-packages/airflow/example_dags/example_complex.py for tasks to queue
[2024-04-17T10:11:08.241-0300] {logging_mixin.py:188} INFO - [2024-04-17T10:11:08.240-0300] {dagbag.py:540} INFO - Filling up the DagBag from /home/lborba/.cache/pypoetry/virtualenvs/airflow-tutorial-3ROeDTU8-py3.11/lib/python3.11/site-packages/airflow/example_dags/example_complex.py
[2024-04-17T10:11:08.249-0300] {processor.py:840} INFO - DAG(s) 'example_complex' retrieved from /home/lborba/.cache/pypoetry/virtualenvs/airflow-tutorial-3ROeDTU8-py3.11/lib/python3.11/site-packages/airflow/example_dags/example_complex.py
[2024-04-17T10:11:08.265-0300] {logging_mixin.py:188} INFO - [2024-04-17T10:11:08.265-0300] {dag.py:3096} INFO - Sync 1 DAGs
[2024-04-17T10:11:08.271-0300] {logging_mixin.py:188} INFO - [2024-04-17T10:11:08.271-0300] {dag.py:3954} INFO - Setting next_dagrun for example_complex to None, run_after=None
[2024-04-17T10:11:08.288-0300] {processor.py:183} INFO - Processing /home/lborba/.cache/pypoetry/virtualenvs/airflow-tutorial-3ROeDTU8-py3.11/lib/python3.11/site-packages/airflow/example_dags/example_complex.py took 0.059 seconds
[2024-04-17T10:11:57.369-0300] {processor.py:161} INFO - Started process (PID=23927) to work on /home/lborba/.cache/pypoetry/virtualenvs/airflow-tutorial-3ROeDTU8-py3.11/lib/python3.11/site-packages/airflow/example_dags/example_complex.py
[2024-04-17T10:11:57.371-0300] {processor.py:830} INFO - Processing file /home/lborba/.cache/pypoetry/virtualenvs/airflow-tutorial-3ROeDTU8-py3.11/lib/python3.11/site-packages/airflow/example_dags/example_complex.py for tasks to queue
[2024-04-17T10:11:57.372-0300] {logging_mixin.py:188} INFO - [2024-04-17T10:11:57.372-0300] {dagbag.py:540} INFO - Filling up the DagBag from /home/lborba/.cache/pypoetry/virtualenvs/airflow-tutorial-3ROeDTU8-py3.11/lib/python3.11/site-packages/airflow/example_dags/example_complex.py
[2024-04-17T10:11:57.379-0300] {processor.py:840} INFO - DAG(s) 'example_complex' retrieved from /home/lborba/.cache/pypoetry/virtualenvs/airflow-tutorial-3ROeDTU8-py3.11/lib/python3.11/site-packages/airflow/example_dags/example_complex.py
[2024-04-17T10:11:57.395-0300] {logging_mixin.py:188} INFO - [2024-04-17T10:11:57.395-0300] {dag.py:3096} INFO - Sync 1 DAGs
[2024-04-17T10:11:57.403-0300] {logging_mixin.py:188} INFO - [2024-04-17T10:11:57.403-0300] {dag.py:3954} INFO - Setting next_dagrun for example_complex to None, run_after=None
[2024-04-17T10:11:57.420-0300] {processor.py:183} INFO - Processing /home/lborba/.cache/pypoetry/virtualenvs/airflow-tutorial-3ROeDTU8-py3.11/lib/python3.11/site-packages/airflow/example_dags/example_complex.py took 0.054 seconds
[2024-04-17T10:12:48.575-0300] {processor.py:161} INFO - Started process (PID=24736) to work on /home/lborba/.cache/pypoetry/virtualenvs/airflow-tutorial-3ROeDTU8-py3.11/lib/python3.11/site-packages/airflow/example_dags/example_complex.py
[2024-04-17T10:12:48.577-0300] {processor.py:830} INFO - Processing file /home/lborba/.cache/pypoetry/virtualenvs/airflow-tutorial-3ROeDTU8-py3.11/lib/python3.11/site-packages/airflow/example_dags/example_complex.py for tasks to queue
[2024-04-17T10:12:48.580-0300] {logging_mixin.py:188} INFO - [2024-04-17T10:12:48.580-0300] {dagbag.py:540} INFO - Filling up the DagBag from /home/lborba/.cache/pypoetry/virtualenvs/airflow-tutorial-3ROeDTU8-py3.11/lib/python3.11/site-packages/airflow/example_dags/example_complex.py
[2024-04-17T10:12:48.589-0300] {processor.py:840} INFO - DAG(s) 'example_complex' retrieved from /home/lborba/.cache/pypoetry/virtualenvs/airflow-tutorial-3ROeDTU8-py3.11/lib/python3.11/site-packages/airflow/example_dags/example_complex.py
[2024-04-17T10:12:48.609-0300] {logging_mixin.py:188} INFO - [2024-04-17T10:12:48.609-0300] {dag.py:3096} INFO - Sync 1 DAGs
[2024-04-17T10:12:48.617-0300] {logging_mixin.py:188} INFO - [2024-04-17T10:12:48.617-0300] {dag.py:3954} INFO - Setting next_dagrun for example_complex to None, run_after=None
[2024-04-17T10:12:48.633-0300] {processor.py:183} INFO - Processing /home/lborba/.cache/pypoetry/virtualenvs/airflow-tutorial-3ROeDTU8-py3.11/lib/python3.11/site-packages/airflow/example_dags/example_complex.py took 0.065 seconds
