[2024-04-17T10:10:15.665-0300] {processor.py:161} INFO - Started process (PID=23124) to work on /home/lborba/.cache/pypoetry/virtualenvs/airflow-tutorial-3ROeDTU8-py3.11/lib/python3.11/site-packages/airflow/example_dags/example_skip_dag.py
[2024-04-17T10:10:15.666-0300] {processor.py:830} INFO - Processing file /home/lborba/.cache/pypoetry/virtualenvs/airflow-tutorial-3ROeDTU8-py3.11/lib/python3.11/site-packages/airflow/example_dags/example_skip_dag.py for tasks to queue
[2024-04-17T10:10:15.667-0300] {logging_mixin.py:188} INFO - [2024-04-17T10:10:15.667-0300] {dagbag.py:540} INFO - Filling up the DagBag from /home/lborba/.cache/pypoetry/virtualenvs/airflow-tutorial-3ROeDTU8-py3.11/lib/python3.11/site-packages/airflow/example_dags/example_skip_dag.py
[2024-04-17T10:10:15.674-0300] {processor.py:840} INFO - DAG(s) 'example_skip_dag' retrieved from /home/lborba/.cache/pypoetry/virtualenvs/airflow-tutorial-3ROeDTU8-py3.11/lib/python3.11/site-packages/airflow/example_dags/example_skip_dag.py
[2024-04-17T10:10:15.754-0300] {logging_mixin.py:188} INFO - [2024-04-17T10:10:15.754-0300] {override.py:1829} INFO - Created Permission View: can edit on DAG:example_skip_dag
[2024-04-17T10:10:15.765-0300] {logging_mixin.py:188} INFO - [2024-04-17T10:10:15.765-0300] {override.py:1829} INFO - Created Permission View: can delete on DAG:example_skip_dag
[2024-04-17T10:10:15.773-0300] {logging_mixin.py:188} INFO - [2024-04-17T10:10:15.773-0300] {override.py:1829} INFO - Created Permission View: can read on DAG:example_skip_dag
[2024-04-17T10:10:15.774-0300] {logging_mixin.py:188} INFO - [2024-04-17T10:10:15.773-0300] {dag.py:3096} INFO - Sync 1 DAGs
[2024-04-17T10:10:15.783-0300] {logging_mixin.py:188} INFO - [2024-04-17T10:10:15.783-0300] {dag.py:3118} INFO - Creating ORM DAG for example_skip_dag
[2024-04-17T10:10:15.791-0300] {logging_mixin.py:188} INFO - [2024-04-17T10:10:15.791-0300] {dag.py:3954} INFO - Setting next_dagrun for example_skip_dag to 2024-04-16 00:00:00+00:00, run_after=2024-04-17 00:00:00+00:00
[2024-04-17T10:10:15.807-0300] {processor.py:183} INFO - Processing /home/lborba/.cache/pypoetry/virtualenvs/airflow-tutorial-3ROeDTU8-py3.11/lib/python3.11/site-packages/airflow/example_dags/example_skip_dag.py took 0.146 seconds
[2024-04-17T10:11:08.869-0300] {processor.py:161} INFO - Started process (PID=23546) to work on /home/lborba/.cache/pypoetry/virtualenvs/airflow-tutorial-3ROeDTU8-py3.11/lib/python3.11/site-packages/airflow/example_dags/example_skip_dag.py
[2024-04-17T10:11:08.871-0300] {processor.py:830} INFO - Processing file /home/lborba/.cache/pypoetry/virtualenvs/airflow-tutorial-3ROeDTU8-py3.11/lib/python3.11/site-packages/airflow/example_dags/example_skip_dag.py for tasks to queue
[2024-04-17T10:11:08.872-0300] {logging_mixin.py:188} INFO - [2024-04-17T10:11:08.871-0300] {dagbag.py:540} INFO - Filling up the DagBag from /home/lborba/.cache/pypoetry/virtualenvs/airflow-tutorial-3ROeDTU8-py3.11/lib/python3.11/site-packages/airflow/example_dags/example_skip_dag.py
[2024-04-17T10:11:08.876-0300] {processor.py:840} INFO - DAG(s) 'example_skip_dag' retrieved from /home/lborba/.cache/pypoetry/virtualenvs/airflow-tutorial-3ROeDTU8-py3.11/lib/python3.11/site-packages/airflow/example_dags/example_skip_dag.py
[2024-04-17T10:11:08.887-0300] {logging_mixin.py:188} INFO - [2024-04-17T10:11:08.887-0300] {dag.py:3096} INFO - Sync 1 DAGs
[2024-04-17T10:11:08.898-0300] {logging_mixin.py:188} INFO - [2024-04-17T10:11:08.898-0300] {dag.py:3954} INFO - Setting next_dagrun for example_skip_dag to 2024-04-16 00:00:00+00:00, run_after=2024-04-17 00:00:00+00:00
[2024-04-17T10:11:08.915-0300] {processor.py:183} INFO - Processing /home/lborba/.cache/pypoetry/virtualenvs/airflow-tutorial-3ROeDTU8-py3.11/lib/python3.11/site-packages/airflow/example_dags/example_skip_dag.py took 0.051 seconds
[2024-04-17T10:11:58.496-0300] {processor.py:161} INFO - Started process (PID=23939) to work on /home/lborba/.cache/pypoetry/virtualenvs/airflow-tutorial-3ROeDTU8-py3.11/lib/python3.11/site-packages/airflow/example_dags/example_skip_dag.py
[2024-04-17T10:11:58.502-0300] {processor.py:830} INFO - Processing file /home/lborba/.cache/pypoetry/virtualenvs/airflow-tutorial-3ROeDTU8-py3.11/lib/python3.11/site-packages/airflow/example_dags/example_skip_dag.py for tasks to queue
[2024-04-17T10:11:58.503-0300] {logging_mixin.py:188} INFO - [2024-04-17T10:11:58.503-0300] {dagbag.py:540} INFO - Filling up the DagBag from /home/lborba/.cache/pypoetry/virtualenvs/airflow-tutorial-3ROeDTU8-py3.11/lib/python3.11/site-packages/airflow/example_dags/example_skip_dag.py
[2024-04-17T10:11:58.508-0300] {processor.py:840} INFO - DAG(s) 'example_skip_dag' retrieved from /home/lborba/.cache/pypoetry/virtualenvs/airflow-tutorial-3ROeDTU8-py3.11/lib/python3.11/site-packages/airflow/example_dags/example_skip_dag.py
[2024-04-17T10:11:58.521-0300] {logging_mixin.py:188} INFO - [2024-04-17T10:11:58.521-0300] {dag.py:3096} INFO - Sync 1 DAGs
[2024-04-17T10:11:58.535-0300] {logging_mixin.py:188} INFO - [2024-04-17T10:11:58.535-0300] {dag.py:3954} INFO - Setting next_dagrun for example_skip_dag to 2024-04-16 00:00:00+00:00, run_after=2024-04-17 00:00:00+00:00
[2024-04-17T10:11:58.554-0300] {processor.py:183} INFO - Processing /home/lborba/.cache/pypoetry/virtualenvs/airflow-tutorial-3ROeDTU8-py3.11/lib/python3.11/site-packages/airflow/example_dags/example_skip_dag.py took 0.062 seconds
[2024-04-17T10:12:49.700-0300] {processor.py:161} INFO - Started process (PID=24741) to work on /home/lborba/.cache/pypoetry/virtualenvs/airflow-tutorial-3ROeDTU8-py3.11/lib/python3.11/site-packages/airflow/example_dags/example_skip_dag.py
[2024-04-17T10:12:49.707-0300] {processor.py:830} INFO - Processing file /home/lborba/.cache/pypoetry/virtualenvs/airflow-tutorial-3ROeDTU8-py3.11/lib/python3.11/site-packages/airflow/example_dags/example_skip_dag.py for tasks to queue
[2024-04-17T10:12:49.708-0300] {logging_mixin.py:188} INFO - [2024-04-17T10:12:49.708-0300] {dagbag.py:540} INFO - Filling up the DagBag from /home/lborba/.cache/pypoetry/virtualenvs/airflow-tutorial-3ROeDTU8-py3.11/lib/python3.11/site-packages/airflow/example_dags/example_skip_dag.py
[2024-04-17T10:12:49.712-0300] {processor.py:840} INFO - DAG(s) 'example_skip_dag' retrieved from /home/lborba/.cache/pypoetry/virtualenvs/airflow-tutorial-3ROeDTU8-py3.11/lib/python3.11/site-packages/airflow/example_dags/example_skip_dag.py
[2024-04-17T10:12:49.723-0300] {logging_mixin.py:188} INFO - [2024-04-17T10:12:49.723-0300] {dag.py:3096} INFO - Sync 1 DAGs
[2024-04-17T10:12:49.736-0300] {logging_mixin.py:188} INFO - [2024-04-17T10:12:49.736-0300] {dag.py:3954} INFO - Setting next_dagrun for example_skip_dag to 2024-04-16 00:00:00+00:00, run_after=2024-04-17 00:00:00+00:00
[2024-04-17T10:12:49.764-0300] {processor.py:183} INFO - Processing /home/lborba/.cache/pypoetry/virtualenvs/airflow-tutorial-3ROeDTU8-py3.11/lib/python3.11/site-packages/airflow/example_dags/example_skip_dag.py took 0.068 seconds
