[2024-04-17T10:09:58.918-0300] {processor.py:161} INFO - Started process (PID=22921) to work on /home/lborba/.cache/pypoetry/virtualenvs/airflow-tutorial-3ROeDTU8-py3.11/lib/python3.11/site-packages/airflow/example_dags/example_bash_decorator.py
[2024-04-17T10:09:58.919-0300] {processor.py:830} INFO - Processing file /home/lborba/.cache/pypoetry/virtualenvs/airflow-tutorial-3ROeDTU8-py3.11/lib/python3.11/site-packages/airflow/example_dags/example_bash_decorator.py for tasks to queue
[2024-04-17T10:09:58.920-0300] {logging_mixin.py:188} INFO - [2024-04-17T10:09:58.920-0300] {dagbag.py:540} INFO - Filling up the DagBag from /home/lborba/.cache/pypoetry/virtualenvs/airflow-tutorial-3ROeDTU8-py3.11/lib/python3.11/site-packages/airflow/example_dags/example_bash_decorator.py
[2024-04-17T10:09:58.932-0300] {processor.py:840} INFO - DAG(s) 'example_bash_decorator' retrieved from /home/lborba/.cache/pypoetry/virtualenvs/airflow-tutorial-3ROeDTU8-py3.11/lib/python3.11/site-packages/airflow/example_dags/example_bash_decorator.py
[2024-04-17T10:09:59.049-0300] {logging_mixin.py:188} INFO - [2024-04-17T10:09:59.048-0300] {override.py:1829} INFO - Created Permission View: can edit on DAG:example_bash_decorator
[2024-04-17T10:09:59.080-0300] {logging_mixin.py:188} INFO - [2024-04-17T10:09:59.079-0300] {override.py:1829} INFO - Created Permission View: can delete on DAG:example_bash_decorator
[2024-04-17T10:09:59.101-0300] {logging_mixin.py:188} INFO - [2024-04-17T10:09:59.100-0300] {override.py:1829} INFO - Created Permission View: can read on DAG:example_bash_decorator
[2024-04-17T10:09:59.102-0300] {logging_mixin.py:188} INFO - [2024-04-17T10:09:59.101-0300] {dag.py:3096} INFO - Sync 1 DAGs
[2024-04-17T10:09:59.110-0300] {logging_mixin.py:188} INFO - [2024-04-17T10:09:59.110-0300] {dag.py:3118} INFO - Creating ORM DAG for example_bash_decorator
[2024-04-17T10:09:59.111-0300] {logging_mixin.py:188} INFO - [2024-04-17T10:09:59.111-0300] {dag.py:3954} INFO - Setting next_dagrun for example_bash_decorator to None, run_after=None
[2024-04-17T10:09:59.136-0300] {processor.py:183} INFO - Processing /home/lborba/.cache/pypoetry/virtualenvs/airflow-tutorial-3ROeDTU8-py3.11/lib/python3.11/site-packages/airflow/example_dags/example_bash_decorator.py took 0.223 seconds
[2024-04-17T10:10:53.492-0300] {processor.py:161} INFO - Started process (PID=23427) to work on /home/lborba/.cache/pypoetry/virtualenvs/airflow-tutorial-3ROeDTU8-py3.11/lib/python3.11/site-packages/airflow/example_dags/example_bash_decorator.py
[2024-04-17T10:10:53.494-0300] {processor.py:830} INFO - Processing file /home/lborba/.cache/pypoetry/virtualenvs/airflow-tutorial-3ROeDTU8-py3.11/lib/python3.11/site-packages/airflow/example_dags/example_bash_decorator.py for tasks to queue
[2024-04-17T10:10:53.496-0300] {logging_mixin.py:188} INFO - [2024-04-17T10:10:53.495-0300] {dagbag.py:540} INFO - Filling up the DagBag from /home/lborba/.cache/pypoetry/virtualenvs/airflow-tutorial-3ROeDTU8-py3.11/lib/python3.11/site-packages/airflow/example_dags/example_bash_decorator.py
[2024-04-17T10:10:53.508-0300] {processor.py:840} INFO - DAG(s) 'example_bash_decorator' retrieved from /home/lborba/.cache/pypoetry/virtualenvs/airflow-tutorial-3ROeDTU8-py3.11/lib/python3.11/site-packages/airflow/example_dags/example_bash_decorator.py
[2024-04-17T10:10:53.524-0300] {logging_mixin.py:188} INFO - [2024-04-17T10:10:53.523-0300] {dag.py:3096} INFO - Sync 1 DAGs
[2024-04-17T10:10:53.533-0300] {logging_mixin.py:188} INFO - [2024-04-17T10:10:53.533-0300] {dag.py:3954} INFO - Setting next_dagrun for example_bash_decorator to None, run_after=None
[2024-04-17T10:10:53.552-0300] {processor.py:183} INFO - Processing /home/lborba/.cache/pypoetry/virtualenvs/airflow-tutorial-3ROeDTU8-py3.11/lib/python3.11/site-packages/airflow/example_dags/example_bash_decorator.py took 0.065 seconds
[2024-04-17T10:11:37.369-0300] {processor.py:161} INFO - Started process (PID=23775) to work on /home/lborba/.cache/pypoetry/virtualenvs/airflow-tutorial-3ROeDTU8-py3.11/lib/python3.11/site-packages/airflow/example_dags/example_bash_decorator.py
[2024-04-17T10:11:37.370-0300] {processor.py:830} INFO - Processing file /home/lborba/.cache/pypoetry/virtualenvs/airflow-tutorial-3ROeDTU8-py3.11/lib/python3.11/site-packages/airflow/example_dags/example_bash_decorator.py for tasks to queue
[2024-04-17T10:11:37.372-0300] {logging_mixin.py:188} INFO - [2024-04-17T10:11:37.372-0300] {dagbag.py:540} INFO - Filling up the DagBag from /home/lborba/.cache/pypoetry/virtualenvs/airflow-tutorial-3ROeDTU8-py3.11/lib/python3.11/site-packages/airflow/example_dags/example_bash_decorator.py
[2024-04-17T10:11:37.383-0300] {processor.py:840} INFO - DAG(s) 'example_bash_decorator' retrieved from /home/lborba/.cache/pypoetry/virtualenvs/airflow-tutorial-3ROeDTU8-py3.11/lib/python3.11/site-packages/airflow/example_dags/example_bash_decorator.py
[2024-04-17T10:11:37.397-0300] {logging_mixin.py:188} INFO - [2024-04-17T10:11:37.397-0300] {dag.py:3096} INFO - Sync 1 DAGs
[2024-04-17T10:11:37.405-0300] {logging_mixin.py:188} INFO - [2024-04-17T10:11:37.405-0300] {dag.py:3954} INFO - Setting next_dagrun for example_bash_decorator to None, run_after=None
[2024-04-17T10:11:37.426-0300] {processor.py:183} INFO - Processing /home/lborba/.cache/pypoetry/virtualenvs/airflow-tutorial-3ROeDTU8-py3.11/lib/python3.11/site-packages/airflow/example_dags/example_bash_decorator.py took 0.061 seconds
[2024-04-17T10:12:17.929-0300] {processor.py:161} INFO - Started process (PID=24199) to work on /home/lborba/.cache/pypoetry/virtualenvs/airflow-tutorial-3ROeDTU8-py3.11/lib/python3.11/site-packages/airflow/example_dags/example_bash_decorator.py
[2024-04-17T10:12:17.934-0300] {processor.py:830} INFO - Processing file /home/lborba/.cache/pypoetry/virtualenvs/airflow-tutorial-3ROeDTU8-py3.11/lib/python3.11/site-packages/airflow/example_dags/example_bash_decorator.py for tasks to queue
[2024-04-17T10:12:17.935-0300] {logging_mixin.py:188} INFO - [2024-04-17T10:12:17.935-0300] {dagbag.py:540} INFO - Filling up the DagBag from /home/lborba/.cache/pypoetry/virtualenvs/airflow-tutorial-3ROeDTU8-py3.11/lib/python3.11/site-packages/airflow/example_dags/example_bash_decorator.py
[2024-04-17T10:12:17.945-0300] {processor.py:840} INFO - DAG(s) 'example_bash_decorator' retrieved from /home/lborba/.cache/pypoetry/virtualenvs/airflow-tutorial-3ROeDTU8-py3.11/lib/python3.11/site-packages/airflow/example_dags/example_bash_decorator.py
[2024-04-17T10:12:17.956-0300] {logging_mixin.py:188} INFO - [2024-04-17T10:12:17.956-0300] {dag.py:3096} INFO - Sync 1 DAGs
[2024-04-17T10:12:17.964-0300] {logging_mixin.py:188} INFO - [2024-04-17T10:12:17.963-0300] {dag.py:3954} INFO - Setting next_dagrun for example_bash_decorator to None, run_after=None
[2024-04-17T10:12:17.979-0300] {processor.py:183} INFO - Processing /home/lborba/.cache/pypoetry/virtualenvs/airflow-tutorial-3ROeDTU8-py3.11/lib/python3.11/site-packages/airflow/example_dags/example_bash_decorator.py took 0.055 seconds
[2024-04-17T10:13:11.409-0300] {processor.py:161} INFO - Started process (PID=25133) to work on /home/lborba/.cache/pypoetry/virtualenvs/airflow-tutorial-3ROeDTU8-py3.11/lib/python3.11/site-packages/airflow/example_dags/example_bash_decorator.py
[2024-04-17T10:13:11.411-0300] {processor.py:830} INFO - Processing file /home/lborba/.cache/pypoetry/virtualenvs/airflow-tutorial-3ROeDTU8-py3.11/lib/python3.11/site-packages/airflow/example_dags/example_bash_decorator.py for tasks to queue
[2024-04-17T10:13:11.413-0300] {logging_mixin.py:188} INFO - [2024-04-17T10:13:11.413-0300] {dagbag.py:540} INFO - Filling up the DagBag from /home/lborba/.cache/pypoetry/virtualenvs/airflow-tutorial-3ROeDTU8-py3.11/lib/python3.11/site-packages/airflow/example_dags/example_bash_decorator.py
[2024-04-17T10:13:11.423-0300] {processor.py:840} INFO - DAG(s) 'example_bash_decorator' retrieved from /home/lborba/.cache/pypoetry/virtualenvs/airflow-tutorial-3ROeDTU8-py3.11/lib/python3.11/site-packages/airflow/example_dags/example_bash_decorator.py
[2024-04-17T10:13:11.438-0300] {logging_mixin.py:188} INFO - [2024-04-17T10:13:11.438-0300] {dag.py:3096} INFO - Sync 1 DAGs
[2024-04-17T10:13:11.447-0300] {logging_mixin.py:188} INFO - [2024-04-17T10:13:11.447-0300] {dag.py:3954} INFO - Setting next_dagrun for example_bash_decorator to None, run_after=None
[2024-04-17T10:13:11.465-0300] {processor.py:183} INFO - Processing /home/lborba/.cache/pypoetry/virtualenvs/airflow-tutorial-3ROeDTU8-py3.11/lib/python3.11/site-packages/airflow/example_dags/example_bash_decorator.py took 0.060 seconds
[2024-04-17T10:13:51.941-0300] {processor.py:161} INFO - Started process (PID=25589) to work on /home/lborba/.cache/pypoetry/virtualenvs/airflow-tutorial-3ROeDTU8-py3.11/lib/python3.11/site-packages/airflow/example_dags/example_bash_decorator.py
[2024-04-17T10:13:51.942-0300] {processor.py:830} INFO - Processing file /home/lborba/.cache/pypoetry/virtualenvs/airflow-tutorial-3ROeDTU8-py3.11/lib/python3.11/site-packages/airflow/example_dags/example_bash_decorator.py for tasks to queue
[2024-04-17T10:13:51.944-0300] {logging_mixin.py:188} INFO - [2024-04-17T10:13:51.944-0300] {dagbag.py:540} INFO - Filling up the DagBag from /home/lborba/.cache/pypoetry/virtualenvs/airflow-tutorial-3ROeDTU8-py3.11/lib/python3.11/site-packages/airflow/example_dags/example_bash_decorator.py
[2024-04-17T10:13:51.954-0300] {processor.py:840} INFO - DAG(s) 'example_bash_decorator' retrieved from /home/lborba/.cache/pypoetry/virtualenvs/airflow-tutorial-3ROeDTU8-py3.11/lib/python3.11/site-packages/airflow/example_dags/example_bash_decorator.py
[2024-04-17T10:13:51.966-0300] {logging_mixin.py:188} INFO - [2024-04-17T10:13:51.965-0300] {dag.py:3096} INFO - Sync 1 DAGs
[2024-04-17T10:13:51.973-0300] {logging_mixin.py:188} INFO - [2024-04-17T10:13:51.972-0300] {dag.py:3954} INFO - Setting next_dagrun for example_bash_decorator to None, run_after=None
[2024-04-17T10:13:51.990-0300] {processor.py:183} INFO - Processing /home/lborba/.cache/pypoetry/virtualenvs/airflow-tutorial-3ROeDTU8-py3.11/lib/python3.11/site-packages/airflow/example_dags/example_bash_decorator.py took 0.054 seconds
[2024-04-17T10:14:30.320-0300] {processor.py:161} INFO - Started process (PID=26064) to work on /home/lborba/.cache/pypoetry/virtualenvs/airflow-tutorial-3ROeDTU8-py3.11/lib/python3.11/site-packages/airflow/example_dags/example_bash_decorator.py
[2024-04-17T10:14:30.321-0300] {processor.py:830} INFO - Processing file /home/lborba/.cache/pypoetry/virtualenvs/airflow-tutorial-3ROeDTU8-py3.11/lib/python3.11/site-packages/airflow/example_dags/example_bash_decorator.py for tasks to queue
[2024-04-17T10:14:30.323-0300] {logging_mixin.py:188} INFO - [2024-04-17T10:14:30.322-0300] {dagbag.py:540} INFO - Filling up the DagBag from /home/lborba/.cache/pypoetry/virtualenvs/airflow-tutorial-3ROeDTU8-py3.11/lib/python3.11/site-packages/airflow/example_dags/example_bash_decorator.py
[2024-04-17T10:14:30.331-0300] {processor.py:840} INFO - DAG(s) 'example_bash_decorator' retrieved from /home/lborba/.cache/pypoetry/virtualenvs/airflow-tutorial-3ROeDTU8-py3.11/lib/python3.11/site-packages/airflow/example_dags/example_bash_decorator.py
[2024-04-17T10:14:30.343-0300] {logging_mixin.py:188} INFO - [2024-04-17T10:14:30.342-0300] {dag.py:3096} INFO - Sync 1 DAGs
[2024-04-17T10:14:30.349-0300] {logging_mixin.py:188} INFO - [2024-04-17T10:14:30.349-0300] {dag.py:3954} INFO - Setting next_dagrun for example_bash_decorator to None, run_after=None
[2024-04-17T10:14:30.366-0300] {processor.py:183} INFO - Processing /home/lborba/.cache/pypoetry/virtualenvs/airflow-tutorial-3ROeDTU8-py3.11/lib/python3.11/site-packages/airflow/example_dags/example_bash_decorator.py took 0.050 seconds
[2024-04-17T10:15:09.547-0300] {processor.py:161} INFO - Started process (PID=26440) to work on /home/lborba/.cache/pypoetry/virtualenvs/airflow-tutorial-3ROeDTU8-py3.11/lib/python3.11/site-packages/airflow/example_dags/example_bash_decorator.py
[2024-04-17T10:15:09.553-0300] {processor.py:830} INFO - Processing file /home/lborba/.cache/pypoetry/virtualenvs/airflow-tutorial-3ROeDTU8-py3.11/lib/python3.11/site-packages/airflow/example_dags/example_bash_decorator.py for tasks to queue
[2024-04-17T10:15:09.554-0300] {logging_mixin.py:188} INFO - [2024-04-17T10:15:09.554-0300] {dagbag.py:540} INFO - Filling up the DagBag from /home/lborba/.cache/pypoetry/virtualenvs/airflow-tutorial-3ROeDTU8-py3.11/lib/python3.11/site-packages/airflow/example_dags/example_bash_decorator.py
[2024-04-17T10:15:09.563-0300] {processor.py:840} INFO - DAG(s) 'example_bash_decorator' retrieved from /home/lborba/.cache/pypoetry/virtualenvs/airflow-tutorial-3ROeDTU8-py3.11/lib/python3.11/site-packages/airflow/example_dags/example_bash_decorator.py
[2024-04-17T10:15:09.576-0300] {logging_mixin.py:188} INFO - [2024-04-17T10:15:09.576-0300] {dag.py:3096} INFO - Sync 1 DAGs
[2024-04-17T10:15:09.685-0300] {logging_mixin.py:188} INFO - [2024-04-17T10:15:09.685-0300] {dag.py:3954} INFO - Setting next_dagrun for example_bash_decorator to None, run_after=None
[2024-04-17T10:15:09.711-0300] {processor.py:183} INFO - Processing /home/lborba/.cache/pypoetry/virtualenvs/airflow-tutorial-3ROeDTU8-py3.11/lib/python3.11/site-packages/airflow/example_dags/example_bash_decorator.py took 0.168 seconds
[2024-04-17T10:15:51.819-0300] {processor.py:161} INFO - Started process (PID=26856) to work on /home/lborba/.cache/pypoetry/virtualenvs/airflow-tutorial-3ROeDTU8-py3.11/lib/python3.11/site-packages/airflow/example_dags/example_bash_decorator.py
[2024-04-17T10:15:51.827-0300] {processor.py:830} INFO - Processing file /home/lborba/.cache/pypoetry/virtualenvs/airflow-tutorial-3ROeDTU8-py3.11/lib/python3.11/site-packages/airflow/example_dags/example_bash_decorator.py for tasks to queue
[2024-04-17T10:15:51.828-0300] {logging_mixin.py:188} INFO - [2024-04-17T10:15:51.828-0300] {dagbag.py:540} INFO - Filling up the DagBag from /home/lborba/.cache/pypoetry/virtualenvs/airflow-tutorial-3ROeDTU8-py3.11/lib/python3.11/site-packages/airflow/example_dags/example_bash_decorator.py
[2024-04-17T10:15:51.839-0300] {processor.py:840} INFO - DAG(s) 'example_bash_decorator' retrieved from /home/lborba/.cache/pypoetry/virtualenvs/airflow-tutorial-3ROeDTU8-py3.11/lib/python3.11/site-packages/airflow/example_dags/example_bash_decorator.py
[2024-04-17T10:15:51.852-0300] {logging_mixin.py:188} INFO - [2024-04-17T10:15:51.852-0300] {dag.py:3096} INFO - Sync 1 DAGs
[2024-04-17T10:15:51.859-0300] {logging_mixin.py:188} INFO - [2024-04-17T10:15:51.859-0300] {dag.py:3954} INFO - Setting next_dagrun for example_bash_decorator to None, run_after=None
[2024-04-17T10:15:51.877-0300] {processor.py:183} INFO - Processing /home/lborba/.cache/pypoetry/virtualenvs/airflow-tutorial-3ROeDTU8-py3.11/lib/python3.11/site-packages/airflow/example_dags/example_bash_decorator.py took 0.063 seconds
[2024-04-17T10:16:31.734-0300] {processor.py:161} INFO - Started process (PID=27192) to work on /home/lborba/.cache/pypoetry/virtualenvs/airflow-tutorial-3ROeDTU8-py3.11/lib/python3.11/site-packages/airflow/example_dags/example_bash_decorator.py
[2024-04-17T10:16:31.735-0300] {processor.py:830} INFO - Processing file /home/lborba/.cache/pypoetry/virtualenvs/airflow-tutorial-3ROeDTU8-py3.11/lib/python3.11/site-packages/airflow/example_dags/example_bash_decorator.py for tasks to queue
[2024-04-17T10:16:31.736-0300] {logging_mixin.py:188} INFO - [2024-04-17T10:16:31.736-0300] {dagbag.py:540} INFO - Filling up the DagBag from /home/lborba/.cache/pypoetry/virtualenvs/airflow-tutorial-3ROeDTU8-py3.11/lib/python3.11/site-packages/airflow/example_dags/example_bash_decorator.py
[2024-04-17T10:16:31.747-0300] {processor.py:840} INFO - DAG(s) 'example_bash_decorator' retrieved from /home/lborba/.cache/pypoetry/virtualenvs/airflow-tutorial-3ROeDTU8-py3.11/lib/python3.11/site-packages/airflow/example_dags/example_bash_decorator.py
[2024-04-17T10:16:31.759-0300] {logging_mixin.py:188} INFO - [2024-04-17T10:16:31.758-0300] {dag.py:3096} INFO - Sync 1 DAGs
[2024-04-17T10:16:31.767-0300] {logging_mixin.py:188} INFO - [2024-04-17T10:16:31.766-0300] {dag.py:3954} INFO - Setting next_dagrun for example_bash_decorator to None, run_after=None
[2024-04-17T10:16:31.785-0300] {processor.py:183} INFO - Processing /home/lborba/.cache/pypoetry/virtualenvs/airflow-tutorial-3ROeDTU8-py3.11/lib/python3.11/site-packages/airflow/example_dags/example_bash_decorator.py took 0.055 seconds
[2024-04-17T10:17:12.873-0300] {processor.py:161} INFO - Started process (PID=27545) to work on /home/lborba/.cache/pypoetry/virtualenvs/airflow-tutorial-3ROeDTU8-py3.11/lib/python3.11/site-packages/airflow/example_dags/example_bash_decorator.py
[2024-04-17T10:17:12.879-0300] {processor.py:830} INFO - Processing file /home/lborba/.cache/pypoetry/virtualenvs/airflow-tutorial-3ROeDTU8-py3.11/lib/python3.11/site-packages/airflow/example_dags/example_bash_decorator.py for tasks to queue
[2024-04-17T10:17:12.880-0300] {logging_mixin.py:188} INFO - [2024-04-17T10:17:12.880-0300] {dagbag.py:540} INFO - Filling up the DagBag from /home/lborba/.cache/pypoetry/virtualenvs/airflow-tutorial-3ROeDTU8-py3.11/lib/python3.11/site-packages/airflow/example_dags/example_bash_decorator.py
[2024-04-17T10:17:12.891-0300] {processor.py:840} INFO - DAG(s) 'example_bash_decorator' retrieved from /home/lborba/.cache/pypoetry/virtualenvs/airflow-tutorial-3ROeDTU8-py3.11/lib/python3.11/site-packages/airflow/example_dags/example_bash_decorator.py
[2024-04-17T10:17:12.907-0300] {logging_mixin.py:188} INFO - [2024-04-17T10:17:12.907-0300] {dag.py:3096} INFO - Sync 1 DAGs
[2024-04-17T10:17:12.914-0300] {logging_mixin.py:188} INFO - [2024-04-17T10:17:12.914-0300] {dag.py:3954} INFO - Setting next_dagrun for example_bash_decorator to None, run_after=None
[2024-04-17T10:17:12.930-0300] {processor.py:183} INFO - Processing /home/lborba/.cache/pypoetry/virtualenvs/airflow-tutorial-3ROeDTU8-py3.11/lib/python3.11/site-packages/airflow/example_dags/example_bash_decorator.py took 0.063 seconds
[2024-04-17T10:17:50.740-0300] {processor.py:161} INFO - Started process (PID=27864) to work on /home/lborba/.cache/pypoetry/virtualenvs/airflow-tutorial-3ROeDTU8-py3.11/lib/python3.11/site-packages/airflow/example_dags/example_bash_decorator.py
[2024-04-17T10:17:50.742-0300] {processor.py:830} INFO - Processing file /home/lborba/.cache/pypoetry/virtualenvs/airflow-tutorial-3ROeDTU8-py3.11/lib/python3.11/site-packages/airflow/example_dags/example_bash_decorator.py for tasks to queue
[2024-04-17T10:17:50.744-0300] {logging_mixin.py:188} INFO - [2024-04-17T10:17:50.744-0300] {dagbag.py:540} INFO - Filling up the DagBag from /home/lborba/.cache/pypoetry/virtualenvs/airflow-tutorial-3ROeDTU8-py3.11/lib/python3.11/site-packages/airflow/example_dags/example_bash_decorator.py
[2024-04-17T10:17:50.755-0300] {processor.py:840} INFO - DAG(s) 'example_bash_decorator' retrieved from /home/lborba/.cache/pypoetry/virtualenvs/airflow-tutorial-3ROeDTU8-py3.11/lib/python3.11/site-packages/airflow/example_dags/example_bash_decorator.py
[2024-04-17T10:17:50.771-0300] {logging_mixin.py:188} INFO - [2024-04-17T10:17:50.771-0300] {dag.py:3096} INFO - Sync 1 DAGs
[2024-04-17T10:17:50.784-0300] {logging_mixin.py:188} INFO - [2024-04-17T10:17:50.784-0300] {dag.py:3954} INFO - Setting next_dagrun for example_bash_decorator to None, run_after=None
[2024-04-17T10:17:50.818-0300] {processor.py:183} INFO - Processing /home/lborba/.cache/pypoetry/virtualenvs/airflow-tutorial-3ROeDTU8-py3.11/lib/python3.11/site-packages/airflow/example_dags/example_bash_decorator.py took 0.082 seconds
[2024-04-17T10:18:31.597-0300] {processor.py:161} INFO - Started process (PID=28210) to work on /home/lborba/.cache/pypoetry/virtualenvs/airflow-tutorial-3ROeDTU8-py3.11/lib/python3.11/site-packages/airflow/example_dags/example_bash_decorator.py
[2024-04-17T10:18:31.603-0300] {processor.py:830} INFO - Processing file /home/lborba/.cache/pypoetry/virtualenvs/airflow-tutorial-3ROeDTU8-py3.11/lib/python3.11/site-packages/airflow/example_dags/example_bash_decorator.py for tasks to queue
[2024-04-17T10:18:31.605-0300] {logging_mixin.py:188} INFO - [2024-04-17T10:18:31.604-0300] {dagbag.py:540} INFO - Filling up the DagBag from /home/lborba/.cache/pypoetry/virtualenvs/airflow-tutorial-3ROeDTU8-py3.11/lib/python3.11/site-packages/airflow/example_dags/example_bash_decorator.py
[2024-04-17T10:18:31.615-0300] {processor.py:840} INFO - DAG(s) 'example_bash_decorator' retrieved from /home/lborba/.cache/pypoetry/virtualenvs/airflow-tutorial-3ROeDTU8-py3.11/lib/python3.11/site-packages/airflow/example_dags/example_bash_decorator.py
[2024-04-17T10:18:31.631-0300] {logging_mixin.py:188} INFO - [2024-04-17T10:18:31.631-0300] {dag.py:3096} INFO - Sync 1 DAGs
[2024-04-17T10:18:31.639-0300] {logging_mixin.py:188} INFO - [2024-04-17T10:18:31.639-0300] {dag.py:3954} INFO - Setting next_dagrun for example_bash_decorator to None, run_after=None
[2024-04-17T10:18:31.658-0300] {processor.py:183} INFO - Processing /home/lborba/.cache/pypoetry/virtualenvs/airflow-tutorial-3ROeDTU8-py3.11/lib/python3.11/site-packages/airflow/example_dags/example_bash_decorator.py took 0.065 seconds
[2024-04-17T10:19:11.677-0300] {processor.py:161} INFO - Started process (PID=28548) to work on /home/lborba/.cache/pypoetry/virtualenvs/airflow-tutorial-3ROeDTU8-py3.11/lib/python3.11/site-packages/airflow/example_dags/example_bash_decorator.py
[2024-04-17T10:19:11.683-0300] {processor.py:830} INFO - Processing file /home/lborba/.cache/pypoetry/virtualenvs/airflow-tutorial-3ROeDTU8-py3.11/lib/python3.11/site-packages/airflow/example_dags/example_bash_decorator.py for tasks to queue
[2024-04-17T10:19:11.684-0300] {logging_mixin.py:188} INFO - [2024-04-17T10:19:11.684-0300] {dagbag.py:540} INFO - Filling up the DagBag from /home/lborba/.cache/pypoetry/virtualenvs/airflow-tutorial-3ROeDTU8-py3.11/lib/python3.11/site-packages/airflow/example_dags/example_bash_decorator.py
[2024-04-17T10:19:11.695-0300] {processor.py:840} INFO - DAG(s) 'example_bash_decorator' retrieved from /home/lborba/.cache/pypoetry/virtualenvs/airflow-tutorial-3ROeDTU8-py3.11/lib/python3.11/site-packages/airflow/example_dags/example_bash_decorator.py
[2024-04-17T10:19:11.707-0300] {logging_mixin.py:188} INFO - [2024-04-17T10:19:11.707-0300] {dag.py:3096} INFO - Sync 1 DAGs
[2024-04-17T10:19:11.715-0300] {logging_mixin.py:188} INFO - [2024-04-17T10:19:11.714-0300] {dag.py:3954} INFO - Setting next_dagrun for example_bash_decorator to None, run_after=None
[2024-04-17T10:19:11.731-0300] {processor.py:183} INFO - Processing /home/lborba/.cache/pypoetry/virtualenvs/airflow-tutorial-3ROeDTU8-py3.11/lib/python3.11/site-packages/airflow/example_dags/example_bash_decorator.py took 0.058 seconds
[2024-04-17T10:19:52.018-0300] {processor.py:161} INFO - Started process (PID=28887) to work on /home/lborba/.cache/pypoetry/virtualenvs/airflow-tutorial-3ROeDTU8-py3.11/lib/python3.11/site-packages/airflow/example_dags/example_bash_decorator.py
[2024-04-17T10:19:52.019-0300] {processor.py:830} INFO - Processing file /home/lborba/.cache/pypoetry/virtualenvs/airflow-tutorial-3ROeDTU8-py3.11/lib/python3.11/site-packages/airflow/example_dags/example_bash_decorator.py for tasks to queue
[2024-04-17T10:19:52.021-0300] {logging_mixin.py:188} INFO - [2024-04-17T10:19:52.020-0300] {dagbag.py:540} INFO - Filling up the DagBag from /home/lborba/.cache/pypoetry/virtualenvs/airflow-tutorial-3ROeDTU8-py3.11/lib/python3.11/site-packages/airflow/example_dags/example_bash_decorator.py
[2024-04-17T10:19:52.030-0300] {processor.py:840} INFO - DAG(s) 'example_bash_decorator' retrieved from /home/lborba/.cache/pypoetry/virtualenvs/airflow-tutorial-3ROeDTU8-py3.11/lib/python3.11/site-packages/airflow/example_dags/example_bash_decorator.py
[2024-04-17T10:19:52.043-0300] {logging_mixin.py:188} INFO - [2024-04-17T10:19:52.043-0300] {dag.py:3096} INFO - Sync 1 DAGs
[2024-04-17T10:19:52.050-0300] {logging_mixin.py:188} INFO - [2024-04-17T10:19:52.050-0300] {dag.py:3954} INFO - Setting next_dagrun for example_bash_decorator to None, run_after=None
[2024-04-17T10:19:52.068-0300] {processor.py:183} INFO - Processing /home/lborba/.cache/pypoetry/virtualenvs/airflow-tutorial-3ROeDTU8-py3.11/lib/python3.11/site-packages/airflow/example_dags/example_bash_decorator.py took 0.054 seconds
[2024-04-17T10:20:28.431-0300] {processor.py:161} INFO - Started process (PID=29231) to work on /home/lborba/.cache/pypoetry/virtualenvs/airflow-tutorial-3ROeDTU8-py3.11/lib/python3.11/site-packages/airflow/example_dags/example_bash_decorator.py
[2024-04-17T10:20:28.438-0300] {processor.py:830} INFO - Processing file /home/lborba/.cache/pypoetry/virtualenvs/airflow-tutorial-3ROeDTU8-py3.11/lib/python3.11/site-packages/airflow/example_dags/example_bash_decorator.py for tasks to queue
[2024-04-17T10:20:28.439-0300] {logging_mixin.py:188} INFO - [2024-04-17T10:20:28.439-0300] {dagbag.py:540} INFO - Filling up the DagBag from /home/lborba/.cache/pypoetry/virtualenvs/airflow-tutorial-3ROeDTU8-py3.11/lib/python3.11/site-packages/airflow/example_dags/example_bash_decorator.py
[2024-04-17T10:20:28.448-0300] {processor.py:840} INFO - DAG(s) 'example_bash_decorator' retrieved from /home/lborba/.cache/pypoetry/virtualenvs/airflow-tutorial-3ROeDTU8-py3.11/lib/python3.11/site-packages/airflow/example_dags/example_bash_decorator.py
[2024-04-17T10:20:28.461-0300] {logging_mixin.py:188} INFO - [2024-04-17T10:20:28.461-0300] {dag.py:3096} INFO - Sync 1 DAGs
[2024-04-17T10:20:28.468-0300] {logging_mixin.py:188} INFO - [2024-04-17T10:20:28.468-0300] {dag.py:3954} INFO - Setting next_dagrun for example_bash_decorator to None, run_after=None
[2024-04-17T10:20:28.496-0300] {processor.py:183} INFO - Processing /home/lborba/.cache/pypoetry/virtualenvs/airflow-tutorial-3ROeDTU8-py3.11/lib/python3.11/site-packages/airflow/example_dags/example_bash_decorator.py took 0.069 seconds
[2024-04-17T10:21:07.248-0300] {processor.py:161} INFO - Started process (PID=29555) to work on /home/lborba/.cache/pypoetry/virtualenvs/airflow-tutorial-3ROeDTU8-py3.11/lib/python3.11/site-packages/airflow/example_dags/example_bash_decorator.py
[2024-04-17T10:21:07.249-0300] {processor.py:830} INFO - Processing file /home/lborba/.cache/pypoetry/virtualenvs/airflow-tutorial-3ROeDTU8-py3.11/lib/python3.11/site-packages/airflow/example_dags/example_bash_decorator.py for tasks to queue
[2024-04-17T10:21:07.250-0300] {logging_mixin.py:188} INFO - [2024-04-17T10:21:07.250-0300] {dagbag.py:540} INFO - Filling up the DagBag from /home/lborba/.cache/pypoetry/virtualenvs/airflow-tutorial-3ROeDTU8-py3.11/lib/python3.11/site-packages/airflow/example_dags/example_bash_decorator.py
[2024-04-17T10:21:07.260-0300] {processor.py:840} INFO - DAG(s) 'example_bash_decorator' retrieved from /home/lborba/.cache/pypoetry/virtualenvs/airflow-tutorial-3ROeDTU8-py3.11/lib/python3.11/site-packages/airflow/example_dags/example_bash_decorator.py
[2024-04-17T10:21:07.275-0300] {logging_mixin.py:188} INFO - [2024-04-17T10:21:07.274-0300] {dag.py:3096} INFO - Sync 1 DAGs
[2024-04-17T10:21:07.283-0300] {logging_mixin.py:188} INFO - [2024-04-17T10:21:07.283-0300] {dag.py:3954} INFO - Setting next_dagrun for example_bash_decorator to None, run_after=None
[2024-04-17T10:21:07.302-0300] {processor.py:183} INFO - Processing /home/lborba/.cache/pypoetry/virtualenvs/airflow-tutorial-3ROeDTU8-py3.11/lib/python3.11/site-packages/airflow/example_dags/example_bash_decorator.py took 0.058 seconds
[2024-04-17T10:21:47.208-0300] {processor.py:161} INFO - Started process (PID=29894) to work on /home/lborba/.cache/pypoetry/virtualenvs/airflow-tutorial-3ROeDTU8-py3.11/lib/python3.11/site-packages/airflow/example_dags/example_bash_decorator.py
[2024-04-17T10:21:47.209-0300] {processor.py:830} INFO - Processing file /home/lborba/.cache/pypoetry/virtualenvs/airflow-tutorial-3ROeDTU8-py3.11/lib/python3.11/site-packages/airflow/example_dags/example_bash_decorator.py for tasks to queue
[2024-04-17T10:21:47.210-0300] {logging_mixin.py:188} INFO - [2024-04-17T10:21:47.210-0300] {dagbag.py:540} INFO - Filling up the DagBag from /home/lborba/.cache/pypoetry/virtualenvs/airflow-tutorial-3ROeDTU8-py3.11/lib/python3.11/site-packages/airflow/example_dags/example_bash_decorator.py
[2024-04-17T10:21:47.220-0300] {processor.py:840} INFO - DAG(s) 'example_bash_decorator' retrieved from /home/lborba/.cache/pypoetry/virtualenvs/airflow-tutorial-3ROeDTU8-py3.11/lib/python3.11/site-packages/airflow/example_dags/example_bash_decorator.py
[2024-04-17T10:21:47.233-0300] {logging_mixin.py:188} INFO - [2024-04-17T10:21:47.233-0300] {dag.py:3096} INFO - Sync 1 DAGs
[2024-04-17T10:21:47.240-0300] {logging_mixin.py:188} INFO - [2024-04-17T10:21:47.240-0300] {dag.py:3954} INFO - Setting next_dagrun for example_bash_decorator to None, run_after=None
[2024-04-17T10:21:47.256-0300] {processor.py:183} INFO - Processing /home/lborba/.cache/pypoetry/virtualenvs/airflow-tutorial-3ROeDTU8-py3.11/lib/python3.11/site-packages/airflow/example_dags/example_bash_decorator.py took 0.053 seconds
[2024-04-17T10:22:25.504-0300] {processor.py:161} INFO - Started process (PID=30217) to work on /home/lborba/.cache/pypoetry/virtualenvs/airflow-tutorial-3ROeDTU8-py3.11/lib/python3.11/site-packages/airflow/example_dags/example_bash_decorator.py
[2024-04-17T10:22:25.510-0300] {processor.py:830} INFO - Processing file /home/lborba/.cache/pypoetry/virtualenvs/airflow-tutorial-3ROeDTU8-py3.11/lib/python3.11/site-packages/airflow/example_dags/example_bash_decorator.py for tasks to queue
[2024-04-17T10:22:25.511-0300] {logging_mixin.py:188} INFO - [2024-04-17T10:22:25.511-0300] {dagbag.py:540} INFO - Filling up the DagBag from /home/lborba/.cache/pypoetry/virtualenvs/airflow-tutorial-3ROeDTU8-py3.11/lib/python3.11/site-packages/airflow/example_dags/example_bash_decorator.py
[2024-04-17T10:22:25.520-0300] {processor.py:840} INFO - DAG(s) 'example_bash_decorator' retrieved from /home/lborba/.cache/pypoetry/virtualenvs/airflow-tutorial-3ROeDTU8-py3.11/lib/python3.11/site-packages/airflow/example_dags/example_bash_decorator.py
[2024-04-17T10:22:25.533-0300] {logging_mixin.py:188} INFO - [2024-04-17T10:22:25.533-0300] {dag.py:3096} INFO - Sync 1 DAGs
[2024-04-17T10:22:25.541-0300] {logging_mixin.py:188} INFO - [2024-04-17T10:22:25.541-0300] {dag.py:3954} INFO - Setting next_dagrun for example_bash_decorator to None, run_after=None
[2024-04-17T10:22:25.557-0300] {processor.py:183} INFO - Processing /home/lborba/.cache/pypoetry/virtualenvs/airflow-tutorial-3ROeDTU8-py3.11/lib/python3.11/site-packages/airflow/example_dags/example_bash_decorator.py took 0.059 seconds
[2024-04-17T10:23:03.882-0300] {processor.py:161} INFO - Started process (PID=30547) to work on /home/lborba/.cache/pypoetry/virtualenvs/airflow-tutorial-3ROeDTU8-py3.11/lib/python3.11/site-packages/airflow/example_dags/example_bash_decorator.py
[2024-04-17T10:23:03.883-0300] {processor.py:830} INFO - Processing file /home/lborba/.cache/pypoetry/virtualenvs/airflow-tutorial-3ROeDTU8-py3.11/lib/python3.11/site-packages/airflow/example_dags/example_bash_decorator.py for tasks to queue
[2024-04-17T10:23:03.884-0300] {logging_mixin.py:188} INFO - [2024-04-17T10:23:03.884-0300] {dagbag.py:540} INFO - Filling up the DagBag from /home/lborba/.cache/pypoetry/virtualenvs/airflow-tutorial-3ROeDTU8-py3.11/lib/python3.11/site-packages/airflow/example_dags/example_bash_decorator.py
[2024-04-17T10:23:03.895-0300] {processor.py:840} INFO - DAG(s) 'example_bash_decorator' retrieved from /home/lborba/.cache/pypoetry/virtualenvs/airflow-tutorial-3ROeDTU8-py3.11/lib/python3.11/site-packages/airflow/example_dags/example_bash_decorator.py
[2024-04-17T10:23:03.908-0300] {logging_mixin.py:188} INFO - [2024-04-17T10:23:03.908-0300] {dag.py:3096} INFO - Sync 1 DAGs
[2024-04-17T10:23:03.916-0300] {logging_mixin.py:188} INFO - [2024-04-17T10:23:03.916-0300] {dag.py:3954} INFO - Setting next_dagrun for example_bash_decorator to None, run_after=None
[2024-04-17T10:23:03.939-0300] {processor.py:183} INFO - Processing /home/lborba/.cache/pypoetry/virtualenvs/airflow-tutorial-3ROeDTU8-py3.11/lib/python3.11/site-packages/airflow/example_dags/example_bash_decorator.py took 0.062 seconds
[2024-04-17T10:23:43.810-0300] {processor.py:161} INFO - Started process (PID=30882) to work on /home/lborba/.cache/pypoetry/virtualenvs/airflow-tutorial-3ROeDTU8-py3.11/lib/python3.11/site-packages/airflow/example_dags/example_bash_decorator.py
[2024-04-17T10:23:43.816-0300] {processor.py:830} INFO - Processing file /home/lborba/.cache/pypoetry/virtualenvs/airflow-tutorial-3ROeDTU8-py3.11/lib/python3.11/site-packages/airflow/example_dags/example_bash_decorator.py for tasks to queue
[2024-04-17T10:23:43.818-0300] {logging_mixin.py:188} INFO - [2024-04-17T10:23:43.818-0300] {dagbag.py:540} INFO - Filling up the DagBag from /home/lborba/.cache/pypoetry/virtualenvs/airflow-tutorial-3ROeDTU8-py3.11/lib/python3.11/site-packages/airflow/example_dags/example_bash_decorator.py
[2024-04-17T10:23:43.829-0300] {processor.py:840} INFO - DAG(s) 'example_bash_decorator' retrieved from /home/lborba/.cache/pypoetry/virtualenvs/airflow-tutorial-3ROeDTU8-py3.11/lib/python3.11/site-packages/airflow/example_dags/example_bash_decorator.py
[2024-04-17T10:23:43.844-0300] {logging_mixin.py:188} INFO - [2024-04-17T10:23:43.844-0300] {dag.py:3096} INFO - Sync 1 DAGs
[2024-04-17T10:23:43.852-0300] {logging_mixin.py:188} INFO - [2024-04-17T10:23:43.851-0300] {dag.py:3954} INFO - Setting next_dagrun for example_bash_decorator to None, run_after=None
[2024-04-17T10:23:43.869-0300] {processor.py:183} INFO - Processing /home/lborba/.cache/pypoetry/virtualenvs/airflow-tutorial-3ROeDTU8-py3.11/lib/python3.11/site-packages/airflow/example_dags/example_bash_decorator.py took 0.064 seconds
[2024-04-17T10:24:21.688-0300] {processor.py:161} INFO - Started process (PID=31200) to work on /home/lborba/.cache/pypoetry/virtualenvs/airflow-tutorial-3ROeDTU8-py3.11/lib/python3.11/site-packages/airflow/example_dags/example_bash_decorator.py
[2024-04-17T10:24:21.695-0300] {processor.py:830} INFO - Processing file /home/lborba/.cache/pypoetry/virtualenvs/airflow-tutorial-3ROeDTU8-py3.11/lib/python3.11/site-packages/airflow/example_dags/example_bash_decorator.py for tasks to queue
[2024-04-17T10:24:21.696-0300] {logging_mixin.py:188} INFO - [2024-04-17T10:24:21.696-0300] {dagbag.py:540} INFO - Filling up the DagBag from /home/lborba/.cache/pypoetry/virtualenvs/airflow-tutorial-3ROeDTU8-py3.11/lib/python3.11/site-packages/airflow/example_dags/example_bash_decorator.py
[2024-04-17T10:24:21.707-0300] {processor.py:840} INFO - DAG(s) 'example_bash_decorator' retrieved from /home/lborba/.cache/pypoetry/virtualenvs/airflow-tutorial-3ROeDTU8-py3.11/lib/python3.11/site-packages/airflow/example_dags/example_bash_decorator.py
[2024-04-17T10:24:21.722-0300] {logging_mixin.py:188} INFO - [2024-04-17T10:24:21.722-0300] {dag.py:3096} INFO - Sync 1 DAGs
[2024-04-17T10:24:21.731-0300] {logging_mixin.py:188} INFO - [2024-04-17T10:24:21.731-0300] {dag.py:3954} INFO - Setting next_dagrun for example_bash_decorator to None, run_after=None
[2024-04-17T10:24:21.748-0300] {processor.py:183} INFO - Processing /home/lborba/.cache/pypoetry/virtualenvs/airflow-tutorial-3ROeDTU8-py3.11/lib/python3.11/site-packages/airflow/example_dags/example_bash_decorator.py took 0.064 seconds
[2024-04-17T10:24:58.831-0300] {processor.py:161} INFO - Started process (PID=31549) to work on /home/lborba/.cache/pypoetry/virtualenvs/airflow-tutorial-3ROeDTU8-py3.11/lib/python3.11/site-packages/airflow/example_dags/example_bash_decorator.py
[2024-04-17T10:24:58.832-0300] {processor.py:830} INFO - Processing file /home/lborba/.cache/pypoetry/virtualenvs/airflow-tutorial-3ROeDTU8-py3.11/lib/python3.11/site-packages/airflow/example_dags/example_bash_decorator.py for tasks to queue
[2024-04-17T10:24:58.833-0300] {logging_mixin.py:188} INFO - [2024-04-17T10:24:58.833-0300] {dagbag.py:540} INFO - Filling up the DagBag from /home/lborba/.cache/pypoetry/virtualenvs/airflow-tutorial-3ROeDTU8-py3.11/lib/python3.11/site-packages/airflow/example_dags/example_bash_decorator.py
[2024-04-17T10:24:58.843-0300] {processor.py:840} INFO - DAG(s) 'example_bash_decorator' retrieved from /home/lborba/.cache/pypoetry/virtualenvs/airflow-tutorial-3ROeDTU8-py3.11/lib/python3.11/site-packages/airflow/example_dags/example_bash_decorator.py
[2024-04-17T10:24:58.855-0300] {logging_mixin.py:188} INFO - [2024-04-17T10:24:58.855-0300] {dag.py:3096} INFO - Sync 1 DAGs
[2024-04-17T10:24:58.861-0300] {logging_mixin.py:188} INFO - [2024-04-17T10:24:58.861-0300] {dag.py:3954} INFO - Setting next_dagrun for example_bash_decorator to None, run_after=None
[2024-04-17T10:24:58.881-0300] {processor.py:183} INFO - Processing /home/lborba/.cache/pypoetry/virtualenvs/airflow-tutorial-3ROeDTU8-py3.11/lib/python3.11/site-packages/airflow/example_dags/example_bash_decorator.py took 0.056 seconds
