[2024-04-17T10:10:22.527-0300] {processor.py:161} INFO - Started process (PID=23182) to work on /home/lborba/.cache/pypoetry/virtualenvs/airflow-tutorial-3ROeDTU8-py3.11/lib/python3.11/site-packages/airflow/example_dags/example_params_ui_tutorial.py
[2024-04-17T10:10:22.528-0300] {processor.py:830} INFO - Processing file /home/lborba/.cache/pypoetry/virtualenvs/airflow-tutorial-3ROeDTU8-py3.11/lib/python3.11/site-packages/airflow/example_dags/example_params_ui_tutorial.py for tasks to queue
[2024-04-17T10:10:22.529-0300] {logging_mixin.py:188} INFO - [2024-04-17T10:10:22.529-0300] {dagbag.py:540} INFO - Filling up the DagBag from /home/lborba/.cache/pypoetry/virtualenvs/airflow-tutorial-3ROeDTU8-py3.11/lib/python3.11/site-packages/airflow/example_dags/example_params_ui_tutorial.py
[2024-04-17T10:10:22.544-0300] {processor.py:840} INFO - DAG(s) 'example_params_ui_tutorial' retrieved from /home/lborba/.cache/pypoetry/virtualenvs/airflow-tutorial-3ROeDTU8-py3.11/lib/python3.11/site-packages/airflow/example_dags/example_params_ui_tutorial.py
[2024-04-17T10:10:22.682-0300] {logging_mixin.py:188} INFO - [2024-04-17T10:10:22.681-0300] {override.py:1829} INFO - Created Permission View: can edit on DAG:example_params_ui_tutorial
[2024-04-17T10:10:22.700-0300] {logging_mixin.py:188} INFO - [2024-04-17T10:10:22.699-0300] {override.py:1829} INFO - Created Permission View: can delete on DAG:example_params_ui_tutorial
[2024-04-17T10:10:22.712-0300] {logging_mixin.py:188} INFO - [2024-04-17T10:10:22.712-0300] {override.py:1829} INFO - Created Permission View: can read on DAG:example_params_ui_tutorial
[2024-04-17T10:10:22.713-0300] {logging_mixin.py:188} INFO - [2024-04-17T10:10:22.712-0300] {dag.py:3096} INFO - Sync 1 DAGs
[2024-04-17T10:10:22.723-0300] {logging_mixin.py:188} INFO - [2024-04-17T10:10:22.722-0300] {dag.py:3118} INFO - Creating ORM DAG for example_params_ui_tutorial
[2024-04-17T10:10:22.723-0300] {logging_mixin.py:188} INFO - [2024-04-17T10:10:22.723-0300] {dag.py:3954} INFO - Setting next_dagrun for example_params_ui_tutorial to None, run_after=None
[2024-04-17T10:10:22.753-0300] {processor.py:183} INFO - Processing /home/lborba/.cache/pypoetry/virtualenvs/airflow-tutorial-3ROeDTU8-py3.11/lib/python3.11/site-packages/airflow/example_dags/example_params_ui_tutorial.py took 0.231 seconds
[2024-04-17T10:11:15.147-0300] {processor.py:161} INFO - Started process (PID=23596) to work on /home/lborba/.cache/pypoetry/virtualenvs/airflow-tutorial-3ROeDTU8-py3.11/lib/python3.11/site-packages/airflow/example_dags/example_params_ui_tutorial.py
[2024-04-17T10:11:15.153-0300] {processor.py:830} INFO - Processing file /home/lborba/.cache/pypoetry/virtualenvs/airflow-tutorial-3ROeDTU8-py3.11/lib/python3.11/site-packages/airflow/example_dags/example_params_ui_tutorial.py for tasks to queue
[2024-04-17T10:11:15.154-0300] {logging_mixin.py:188} INFO - [2024-04-17T10:11:15.154-0300] {dagbag.py:540} INFO - Filling up the DagBag from /home/lborba/.cache/pypoetry/virtualenvs/airflow-tutorial-3ROeDTU8-py3.11/lib/python3.11/site-packages/airflow/example_dags/example_params_ui_tutorial.py
[2024-04-17T10:11:15.162-0300] {processor.py:840} INFO - DAG(s) 'example_params_ui_tutorial' retrieved from /home/lborba/.cache/pypoetry/virtualenvs/airflow-tutorial-3ROeDTU8-py3.11/lib/python3.11/site-packages/airflow/example_dags/example_params_ui_tutorial.py
[2024-04-17T10:11:15.190-0300] {logging_mixin.py:188} INFO - [2024-04-17T10:11:15.190-0300] {dag.py:3096} INFO - Sync 1 DAGs
[2024-04-17T10:11:15.198-0300] {logging_mixin.py:188} INFO - [2024-04-17T10:11:15.198-0300] {dag.py:3954} INFO - Setting next_dagrun for example_params_ui_tutorial to None, run_after=None
[2024-04-17T10:11:15.217-0300] {processor.py:183} INFO - Processing /home/lborba/.cache/pypoetry/virtualenvs/airflow-tutorial-3ROeDTU8-py3.11/lib/python3.11/site-packages/airflow/example_dags/example_params_ui_tutorial.py took 0.074 seconds
[2024-04-17T10:12:05.372-0300] {processor.py:161} INFO - Started process (PID=24011) to work on /home/lborba/.cache/pypoetry/virtualenvs/airflow-tutorial-3ROeDTU8-py3.11/lib/python3.11/site-packages/airflow/example_dags/example_params_ui_tutorial.py
[2024-04-17T10:12:05.373-0300] {processor.py:830} INFO - Processing file /home/lborba/.cache/pypoetry/virtualenvs/airflow-tutorial-3ROeDTU8-py3.11/lib/python3.11/site-packages/airflow/example_dags/example_params_ui_tutorial.py for tasks to queue
[2024-04-17T10:12:05.374-0300] {logging_mixin.py:188} INFO - [2024-04-17T10:12:05.374-0300] {dagbag.py:540} INFO - Filling up the DagBag from /home/lborba/.cache/pypoetry/virtualenvs/airflow-tutorial-3ROeDTU8-py3.11/lib/python3.11/site-packages/airflow/example_dags/example_params_ui_tutorial.py
[2024-04-17T10:12:05.383-0300] {processor.py:840} INFO - DAG(s) 'example_params_ui_tutorial' retrieved from /home/lborba/.cache/pypoetry/virtualenvs/airflow-tutorial-3ROeDTU8-py3.11/lib/python3.11/site-packages/airflow/example_dags/example_params_ui_tutorial.py
[2024-04-17T10:12:05.408-0300] {logging_mixin.py:188} INFO - [2024-04-17T10:12:05.407-0300] {dag.py:3096} INFO - Sync 1 DAGs
[2024-04-17T10:12:05.416-0300] {logging_mixin.py:188} INFO - [2024-04-17T10:12:05.416-0300] {dag.py:3954} INFO - Setting next_dagrun for example_params_ui_tutorial to None, run_after=None
[2024-04-17T10:12:05.433-0300] {processor.py:183} INFO - Processing /home/lborba/.cache/pypoetry/virtualenvs/airflow-tutorial-3ROeDTU8-py3.11/lib/python3.11/site-packages/airflow/example_dags/example_params_ui_tutorial.py took 0.066 seconds
[2024-04-17T10:12:55.357-0300] {processor.py:161} INFO - Started process (PID=24841) to work on /home/lborba/.cache/pypoetry/virtualenvs/airflow-tutorial-3ROeDTU8-py3.11/lib/python3.11/site-packages/airflow/example_dags/example_params_ui_tutorial.py
[2024-04-17T10:12:55.359-0300] {processor.py:830} INFO - Processing file /home/lborba/.cache/pypoetry/virtualenvs/airflow-tutorial-3ROeDTU8-py3.11/lib/python3.11/site-packages/airflow/example_dags/example_params_ui_tutorial.py for tasks to queue
[2024-04-17T10:12:55.360-0300] {logging_mixin.py:188} INFO - [2024-04-17T10:12:55.360-0300] {dagbag.py:540} INFO - Filling up the DagBag from /home/lborba/.cache/pypoetry/virtualenvs/airflow-tutorial-3ROeDTU8-py3.11/lib/python3.11/site-packages/airflow/example_dags/example_params_ui_tutorial.py
[2024-04-17T10:12:55.368-0300] {processor.py:840} INFO - DAG(s) 'example_params_ui_tutorial' retrieved from /home/lborba/.cache/pypoetry/virtualenvs/airflow-tutorial-3ROeDTU8-py3.11/lib/python3.11/site-packages/airflow/example_dags/example_params_ui_tutorial.py
[2024-04-17T10:12:55.391-0300] {logging_mixin.py:188} INFO - [2024-04-17T10:12:55.391-0300] {dag.py:3096} INFO - Sync 1 DAGs
[2024-04-17T10:12:55.399-0300] {logging_mixin.py:188} INFO - [2024-04-17T10:12:55.399-0300] {dag.py:3954} INFO - Setting next_dagrun for example_params_ui_tutorial to None, run_after=None
[2024-04-17T10:12:55.416-0300] {processor.py:183} INFO - Processing /home/lborba/.cache/pypoetry/virtualenvs/airflow-tutorial-3ROeDTU8-py3.11/lib/python3.11/site-packages/airflow/example_dags/example_params_ui_tutorial.py took 0.062 seconds
[2024-04-17T10:13:54.912-0300] {processor.py:161} INFO - Started process (PID=25635) to work on /home/lborba/.cache/pypoetry/virtualenvs/airflow-tutorial-3ROeDTU8-py3.11/lib/python3.11/site-packages/airflow/example_dags/example_params_ui_tutorial.py
[2024-04-17T10:13:54.913-0300] {processor.py:830} INFO - Processing file /home/lborba/.cache/pypoetry/virtualenvs/airflow-tutorial-3ROeDTU8-py3.11/lib/python3.11/site-packages/airflow/example_dags/example_params_ui_tutorial.py for tasks to queue
[2024-04-17T10:13:54.915-0300] {logging_mixin.py:188} INFO - [2024-04-17T10:13:54.914-0300] {dagbag.py:540} INFO - Filling up the DagBag from /home/lborba/.cache/pypoetry/virtualenvs/airflow-tutorial-3ROeDTU8-py3.11/lib/python3.11/site-packages/airflow/example_dags/example_params_ui_tutorial.py
[2024-04-17T10:13:54.923-0300] {processor.py:840} INFO - DAG(s) 'example_params_ui_tutorial' retrieved from /home/lborba/.cache/pypoetry/virtualenvs/airflow-tutorial-3ROeDTU8-py3.11/lib/python3.11/site-packages/airflow/example_dags/example_params_ui_tutorial.py
[2024-04-17T10:13:54.952-0300] {logging_mixin.py:188} INFO - [2024-04-17T10:13:54.952-0300] {dag.py:3096} INFO - Sync 1 DAGs
[2024-04-17T10:13:54.964-0300] {logging_mixin.py:188} INFO - [2024-04-17T10:13:54.964-0300] {dag.py:3954} INFO - Setting next_dagrun for example_params_ui_tutorial to None, run_after=None
[2024-04-17T10:13:54.984-0300] {processor.py:183} INFO - Processing /home/lborba/.cache/pypoetry/virtualenvs/airflow-tutorial-3ROeDTU8-py3.11/lib/python3.11/site-packages/airflow/example_dags/example_params_ui_tutorial.py took 0.077 seconds
[2024-04-17T10:14:52.071-0300] {processor.py:161} INFO - Started process (PID=26244) to work on /home/lborba/.cache/pypoetry/virtualenvs/airflow-tutorial-3ROeDTU8-py3.11/lib/python3.11/site-packages/airflow/example_dags/example_params_ui_tutorial.py
[2024-04-17T10:14:52.077-0300] {processor.py:830} INFO - Processing file /home/lborba/.cache/pypoetry/virtualenvs/airflow-tutorial-3ROeDTU8-py3.11/lib/python3.11/site-packages/airflow/example_dags/example_params_ui_tutorial.py for tasks to queue
[2024-04-17T10:14:52.078-0300] {logging_mixin.py:188} INFO - [2024-04-17T10:14:52.078-0300] {dagbag.py:540} INFO - Filling up the DagBag from /home/lborba/.cache/pypoetry/virtualenvs/airflow-tutorial-3ROeDTU8-py3.11/lib/python3.11/site-packages/airflow/example_dags/example_params_ui_tutorial.py
[2024-04-17T10:14:52.087-0300] {processor.py:840} INFO - DAG(s) 'example_params_ui_tutorial' retrieved from /home/lborba/.cache/pypoetry/virtualenvs/airflow-tutorial-3ROeDTU8-py3.11/lib/python3.11/site-packages/airflow/example_dags/example_params_ui_tutorial.py
[2024-04-17T10:14:52.111-0300] {logging_mixin.py:188} INFO - [2024-04-17T10:14:52.111-0300] {dag.py:3096} INFO - Sync 1 DAGs
[2024-04-17T10:14:52.118-0300] {logging_mixin.py:188} INFO - [2024-04-17T10:14:52.118-0300] {dag.py:3954} INFO - Setting next_dagrun for example_params_ui_tutorial to None, run_after=None
[2024-04-17T10:14:52.208-0300] {processor.py:183} INFO - Processing /home/lborba/.cache/pypoetry/virtualenvs/airflow-tutorial-3ROeDTU8-py3.11/lib/python3.11/site-packages/airflow/example_dags/example_params_ui_tutorial.py took 0.142 seconds
[2024-04-17T10:15:39.253-0300] {processor.py:161} INFO - Started process (PID=26748) to work on /home/lborba/.cache/pypoetry/virtualenvs/airflow-tutorial-3ROeDTU8-py3.11/lib/python3.11/site-packages/airflow/example_dags/example_params_ui_tutorial.py
[2024-04-17T10:15:39.259-0300] {processor.py:830} INFO - Processing file /home/lborba/.cache/pypoetry/virtualenvs/airflow-tutorial-3ROeDTU8-py3.11/lib/python3.11/site-packages/airflow/example_dags/example_params_ui_tutorial.py for tasks to queue
[2024-04-17T10:15:39.260-0300] {logging_mixin.py:188} INFO - [2024-04-17T10:15:39.260-0300] {dagbag.py:540} INFO - Filling up the DagBag from /home/lborba/.cache/pypoetry/virtualenvs/airflow-tutorial-3ROeDTU8-py3.11/lib/python3.11/site-packages/airflow/example_dags/example_params_ui_tutorial.py
[2024-04-17T10:15:39.268-0300] {processor.py:840} INFO - DAG(s) 'example_params_ui_tutorial' retrieved from /home/lborba/.cache/pypoetry/virtualenvs/airflow-tutorial-3ROeDTU8-py3.11/lib/python3.11/site-packages/airflow/example_dags/example_params_ui_tutorial.py
[2024-04-17T10:15:39.293-0300] {logging_mixin.py:188} INFO - [2024-04-17T10:15:39.293-0300] {dag.py:3096} INFO - Sync 1 DAGs
[2024-04-17T10:15:39.301-0300] {logging_mixin.py:188} INFO - [2024-04-17T10:15:39.301-0300] {dag.py:3954} INFO - Setting next_dagrun for example_params_ui_tutorial to None, run_after=None
[2024-04-17T10:15:39.318-0300] {processor.py:183} INFO - Processing /home/lborba/.cache/pypoetry/virtualenvs/airflow-tutorial-3ROeDTU8-py3.11/lib/python3.11/site-packages/airflow/example_dags/example_params_ui_tutorial.py took 0.069 seconds
[2024-04-17T10:16:39.758-0300] {processor.py:161} INFO - Started process (PID=27259) to work on /home/lborba/.cache/pypoetry/virtualenvs/airflow-tutorial-3ROeDTU8-py3.11/lib/python3.11/site-packages/airflow/example_dags/example_params_ui_tutorial.py
[2024-04-17T10:16:39.759-0300] {processor.py:830} INFO - Processing file /home/lborba/.cache/pypoetry/virtualenvs/airflow-tutorial-3ROeDTU8-py3.11/lib/python3.11/site-packages/airflow/example_dags/example_params_ui_tutorial.py for tasks to queue
[2024-04-17T10:16:39.760-0300] {logging_mixin.py:188} INFO - [2024-04-17T10:16:39.760-0300] {dagbag.py:540} INFO - Filling up the DagBag from /home/lborba/.cache/pypoetry/virtualenvs/airflow-tutorial-3ROeDTU8-py3.11/lib/python3.11/site-packages/airflow/example_dags/example_params_ui_tutorial.py
[2024-04-17T10:16:39.769-0300] {processor.py:840} INFO - DAG(s) 'example_params_ui_tutorial' retrieved from /home/lborba/.cache/pypoetry/virtualenvs/airflow-tutorial-3ROeDTU8-py3.11/lib/python3.11/site-packages/airflow/example_dags/example_params_ui_tutorial.py
[2024-04-17T10:16:39.795-0300] {logging_mixin.py:188} INFO - [2024-04-17T10:16:39.795-0300] {dag.py:3096} INFO - Sync 1 DAGs
[2024-04-17T10:16:39.803-0300] {logging_mixin.py:188} INFO - [2024-04-17T10:16:39.803-0300] {dag.py:3954} INFO - Setting next_dagrun for example_params_ui_tutorial to None, run_after=None
[2024-04-17T10:16:39.820-0300] {processor.py:183} INFO - Processing /home/lborba/.cache/pypoetry/virtualenvs/airflow-tutorial-3ROeDTU8-py3.11/lib/python3.11/site-packages/airflow/example_dags/example_params_ui_tutorial.py took 0.067 seconds
[2024-04-17T10:17:38.578-0300] {processor.py:161} INFO - Started process (PID=27761) to work on /home/lborba/.cache/pypoetry/virtualenvs/airflow-tutorial-3ROeDTU8-py3.11/lib/python3.11/site-packages/airflow/example_dags/example_params_ui_tutorial.py
[2024-04-17T10:17:38.580-0300] {processor.py:830} INFO - Processing file /home/lborba/.cache/pypoetry/virtualenvs/airflow-tutorial-3ROeDTU8-py3.11/lib/python3.11/site-packages/airflow/example_dags/example_params_ui_tutorial.py for tasks to queue
[2024-04-17T10:17:38.581-0300] {logging_mixin.py:188} INFO - [2024-04-17T10:17:38.581-0300] {dagbag.py:540} INFO - Filling up the DagBag from /home/lborba/.cache/pypoetry/virtualenvs/airflow-tutorial-3ROeDTU8-py3.11/lib/python3.11/site-packages/airflow/example_dags/example_params_ui_tutorial.py
[2024-04-17T10:17:38.590-0300] {processor.py:840} INFO - DAG(s) 'example_params_ui_tutorial' retrieved from /home/lborba/.cache/pypoetry/virtualenvs/airflow-tutorial-3ROeDTU8-py3.11/lib/python3.11/site-packages/airflow/example_dags/example_params_ui_tutorial.py
[2024-04-17T10:17:38.615-0300] {logging_mixin.py:188} INFO - [2024-04-17T10:17:38.615-0300] {dag.py:3096} INFO - Sync 1 DAGs
[2024-04-17T10:17:38.624-0300] {logging_mixin.py:188} INFO - [2024-04-17T10:17:38.623-0300] {dag.py:3954} INFO - Setting next_dagrun for example_params_ui_tutorial to None, run_after=None
[2024-04-17T10:17:38.642-0300] {processor.py:183} INFO - Processing /home/lborba/.cache/pypoetry/virtualenvs/airflow-tutorial-3ROeDTU8-py3.11/lib/python3.11/site-packages/airflow/example_dags/example_params_ui_tutorial.py took 0.068 seconds
[2024-04-17T10:18:38.377-0300] {processor.py:161} INFO - Started process (PID=28265) to work on /home/lborba/.cache/pypoetry/virtualenvs/airflow-tutorial-3ROeDTU8-py3.11/lib/python3.11/site-packages/airflow/example_dags/example_params_ui_tutorial.py
[2024-04-17T10:18:38.383-0300] {processor.py:830} INFO - Processing file /home/lborba/.cache/pypoetry/virtualenvs/airflow-tutorial-3ROeDTU8-py3.11/lib/python3.11/site-packages/airflow/example_dags/example_params_ui_tutorial.py for tasks to queue
[2024-04-17T10:18:38.384-0300] {logging_mixin.py:188} INFO - [2024-04-17T10:18:38.384-0300] {dagbag.py:540} INFO - Filling up the DagBag from /home/lborba/.cache/pypoetry/virtualenvs/airflow-tutorial-3ROeDTU8-py3.11/lib/python3.11/site-packages/airflow/example_dags/example_params_ui_tutorial.py
[2024-04-17T10:18:38.394-0300] {processor.py:840} INFO - DAG(s) 'example_params_ui_tutorial' retrieved from /home/lborba/.cache/pypoetry/virtualenvs/airflow-tutorial-3ROeDTU8-py3.11/lib/python3.11/site-packages/airflow/example_dags/example_params_ui_tutorial.py
[2024-04-17T10:18:38.421-0300] {logging_mixin.py:188} INFO - [2024-04-17T10:18:38.421-0300] {dag.py:3096} INFO - Sync 1 DAGs
[2024-04-17T10:18:38.429-0300] {logging_mixin.py:188} INFO - [2024-04-17T10:18:38.428-0300] {dag.py:3954} INFO - Setting next_dagrun for example_params_ui_tutorial to None, run_after=None
[2024-04-17T10:18:38.452-0300] {processor.py:183} INFO - Processing /home/lborba/.cache/pypoetry/virtualenvs/airflow-tutorial-3ROeDTU8-py3.11/lib/python3.11/site-packages/airflow/example_dags/example_params_ui_tutorial.py took 0.080 seconds
[2024-04-17T10:19:39.967-0300] {processor.py:161} INFO - Started process (PID=28782) to work on /home/lborba/.cache/pypoetry/virtualenvs/airflow-tutorial-3ROeDTU8-py3.11/lib/python3.11/site-packages/airflow/example_dags/example_params_ui_tutorial.py
[2024-04-17T10:19:39.969-0300] {processor.py:830} INFO - Processing file /home/lborba/.cache/pypoetry/virtualenvs/airflow-tutorial-3ROeDTU8-py3.11/lib/python3.11/site-packages/airflow/example_dags/example_params_ui_tutorial.py for tasks to queue
[2024-04-17T10:19:39.970-0300] {logging_mixin.py:188} INFO - [2024-04-17T10:19:39.970-0300] {dagbag.py:540} INFO - Filling up the DagBag from /home/lborba/.cache/pypoetry/virtualenvs/airflow-tutorial-3ROeDTU8-py3.11/lib/python3.11/site-packages/airflow/example_dags/example_params_ui_tutorial.py
[2024-04-17T10:19:39.980-0300] {processor.py:840} INFO - DAG(s) 'example_params_ui_tutorial' retrieved from /home/lborba/.cache/pypoetry/virtualenvs/airflow-tutorial-3ROeDTU8-py3.11/lib/python3.11/site-packages/airflow/example_dags/example_params_ui_tutorial.py
[2024-04-17T10:19:40.007-0300] {logging_mixin.py:188} INFO - [2024-04-17T10:19:40.007-0300] {dag.py:3096} INFO - Sync 1 DAGs
[2024-04-17T10:19:40.015-0300] {logging_mixin.py:188} INFO - [2024-04-17T10:19:40.015-0300] {dag.py:3954} INFO - Setting next_dagrun for example_params_ui_tutorial to None, run_after=None
[2024-04-17T10:19:40.035-0300] {processor.py:183} INFO - Processing /home/lborba/.cache/pypoetry/virtualenvs/airflow-tutorial-3ROeDTU8-py3.11/lib/python3.11/site-packages/airflow/example_dags/example_params_ui_tutorial.py took 0.071 seconds
[2024-04-17T10:20:33.583-0300] {processor.py:161} INFO - Started process (PID=29271) to work on /home/lborba/.cache/pypoetry/virtualenvs/airflow-tutorial-3ROeDTU8-py3.11/lib/python3.11/site-packages/airflow/example_dags/example_params_ui_tutorial.py
[2024-04-17T10:20:33.590-0300] {processor.py:830} INFO - Processing file /home/lborba/.cache/pypoetry/virtualenvs/airflow-tutorial-3ROeDTU8-py3.11/lib/python3.11/site-packages/airflow/example_dags/example_params_ui_tutorial.py for tasks to queue
[2024-04-17T10:20:33.591-0300] {logging_mixin.py:188} INFO - [2024-04-17T10:20:33.591-0300] {dagbag.py:540} INFO - Filling up the DagBag from /home/lborba/.cache/pypoetry/virtualenvs/airflow-tutorial-3ROeDTU8-py3.11/lib/python3.11/site-packages/airflow/example_dags/example_params_ui_tutorial.py
[2024-04-17T10:20:33.599-0300] {processor.py:840} INFO - DAG(s) 'example_params_ui_tutorial' retrieved from /home/lborba/.cache/pypoetry/virtualenvs/airflow-tutorial-3ROeDTU8-py3.11/lib/python3.11/site-packages/airflow/example_dags/example_params_ui_tutorial.py
[2024-04-17T10:20:33.626-0300] {logging_mixin.py:188} INFO - [2024-04-17T10:20:33.625-0300] {dag.py:3096} INFO - Sync 1 DAGs
[2024-04-17T10:20:33.634-0300] {logging_mixin.py:188} INFO - [2024-04-17T10:20:33.634-0300] {dag.py:3954} INFO - Setting next_dagrun for example_params_ui_tutorial to None, run_after=None
[2024-04-17T10:20:33.652-0300] {processor.py:183} INFO - Processing /home/lborba/.cache/pypoetry/virtualenvs/airflow-tutorial-3ROeDTU8-py3.11/lib/python3.11/site-packages/airflow/example_dags/example_params_ui_tutorial.py took 0.073 seconds
[2024-04-17T10:21:34.050-0300] {processor.py:161} INFO - Started process (PID=29781) to work on /home/lborba/.cache/pypoetry/virtualenvs/airflow-tutorial-3ROeDTU8-py3.11/lib/python3.11/site-packages/airflow/example_dags/example_params_ui_tutorial.py
[2024-04-17T10:21:34.051-0300] {processor.py:830} INFO - Processing file /home/lborba/.cache/pypoetry/virtualenvs/airflow-tutorial-3ROeDTU8-py3.11/lib/python3.11/site-packages/airflow/example_dags/example_params_ui_tutorial.py for tasks to queue
[2024-04-17T10:21:34.052-0300] {logging_mixin.py:188} INFO - [2024-04-17T10:21:34.052-0300] {dagbag.py:540} INFO - Filling up the DagBag from /home/lborba/.cache/pypoetry/virtualenvs/airflow-tutorial-3ROeDTU8-py3.11/lib/python3.11/site-packages/airflow/example_dags/example_params_ui_tutorial.py
[2024-04-17T10:21:34.060-0300] {processor.py:840} INFO - DAG(s) 'example_params_ui_tutorial' retrieved from /home/lborba/.cache/pypoetry/virtualenvs/airflow-tutorial-3ROeDTU8-py3.11/lib/python3.11/site-packages/airflow/example_dags/example_params_ui_tutorial.py
[2024-04-17T10:21:34.087-0300] {logging_mixin.py:188} INFO - [2024-04-17T10:21:34.087-0300] {dag.py:3096} INFO - Sync 1 DAGs
[2024-04-17T10:21:34.096-0300] {logging_mixin.py:188} INFO - [2024-04-17T10:21:34.095-0300] {dag.py:3954} INFO - Setting next_dagrun for example_params_ui_tutorial to None, run_after=None
[2024-04-17T10:21:34.113-0300] {processor.py:183} INFO - Processing /home/lborba/.cache/pypoetry/virtualenvs/airflow-tutorial-3ROeDTU8-py3.11/lib/python3.11/site-packages/airflow/example_dags/example_params_ui_tutorial.py took 0.068 seconds
[2024-04-17T10:22:31.008-0300] {processor.py:161} INFO - Started process (PID=30265) to work on /home/lborba/.cache/pypoetry/virtualenvs/airflow-tutorial-3ROeDTU8-py3.11/lib/python3.11/site-packages/airflow/example_dags/example_params_ui_tutorial.py
[2024-04-17T10:22:31.013-0300] {processor.py:830} INFO - Processing file /home/lborba/.cache/pypoetry/virtualenvs/airflow-tutorial-3ROeDTU8-py3.11/lib/python3.11/site-packages/airflow/example_dags/example_params_ui_tutorial.py for tasks to queue
[2024-04-17T10:22:31.015-0300] {logging_mixin.py:188} INFO - [2024-04-17T10:22:31.014-0300] {dagbag.py:540} INFO - Filling up the DagBag from /home/lborba/.cache/pypoetry/virtualenvs/airflow-tutorial-3ROeDTU8-py3.11/lib/python3.11/site-packages/airflow/example_dags/example_params_ui_tutorial.py
[2024-04-17T10:22:31.023-0300] {processor.py:840} INFO - DAG(s) 'example_params_ui_tutorial' retrieved from /home/lborba/.cache/pypoetry/virtualenvs/airflow-tutorial-3ROeDTU8-py3.11/lib/python3.11/site-packages/airflow/example_dags/example_params_ui_tutorial.py
[2024-04-17T10:22:31.048-0300] {logging_mixin.py:188} INFO - [2024-04-17T10:22:31.048-0300] {dag.py:3096} INFO - Sync 1 DAGs
[2024-04-17T10:22:31.055-0300] {logging_mixin.py:188} INFO - [2024-04-17T10:22:31.055-0300] {dag.py:3954} INFO - Setting next_dagrun for example_params_ui_tutorial to None, run_after=None
[2024-04-17T10:22:31.082-0300] {processor.py:183} INFO - Processing /home/lborba/.cache/pypoetry/virtualenvs/airflow-tutorial-3ROeDTU8-py3.11/lib/python3.11/site-packages/airflow/example_dags/example_params_ui_tutorial.py took 0.078 seconds
[2024-04-17T10:23:30.291-0300] {processor.py:161} INFO - Started process (PID=30769) to work on /home/lborba/.cache/pypoetry/virtualenvs/airflow-tutorial-3ROeDTU8-py3.11/lib/python3.11/site-packages/airflow/example_dags/example_params_ui_tutorial.py
[2024-04-17T10:23:30.293-0300] {processor.py:830} INFO - Processing file /home/lborba/.cache/pypoetry/virtualenvs/airflow-tutorial-3ROeDTU8-py3.11/lib/python3.11/site-packages/airflow/example_dags/example_params_ui_tutorial.py for tasks to queue
[2024-04-17T10:23:30.294-0300] {logging_mixin.py:188} INFO - [2024-04-17T10:23:30.294-0300] {dagbag.py:540} INFO - Filling up the DagBag from /home/lborba/.cache/pypoetry/virtualenvs/airflow-tutorial-3ROeDTU8-py3.11/lib/python3.11/site-packages/airflow/example_dags/example_params_ui_tutorial.py
[2024-04-17T10:23:30.303-0300] {processor.py:840} INFO - DAG(s) 'example_params_ui_tutorial' retrieved from /home/lborba/.cache/pypoetry/virtualenvs/airflow-tutorial-3ROeDTU8-py3.11/lib/python3.11/site-packages/airflow/example_dags/example_params_ui_tutorial.py
[2024-04-17T10:23:30.342-0300] {logging_mixin.py:188} INFO - [2024-04-17T10:23:30.342-0300] {dag.py:3096} INFO - Sync 1 DAGs
[2024-04-17T10:23:30.354-0300] {logging_mixin.py:188} INFO - [2024-04-17T10:23:30.354-0300] {dag.py:3954} INFO - Setting next_dagrun for example_params_ui_tutorial to None, run_after=None
[2024-04-17T10:23:30.383-0300] {processor.py:183} INFO - Processing /home/lborba/.cache/pypoetry/virtualenvs/airflow-tutorial-3ROeDTU8-py3.11/lib/python3.11/site-packages/airflow/example_dags/example_params_ui_tutorial.py took 0.096 seconds
[2024-04-17T10:24:27.971-0300] {processor.py:161} INFO - Started process (PID=31253) to work on /home/lborba/.cache/pypoetry/virtualenvs/airflow-tutorial-3ROeDTU8-py3.11/lib/python3.11/site-packages/airflow/example_dags/example_params_ui_tutorial.py
[2024-04-17T10:24:27.976-0300] {processor.py:830} INFO - Processing file /home/lborba/.cache/pypoetry/virtualenvs/airflow-tutorial-3ROeDTU8-py3.11/lib/python3.11/site-packages/airflow/example_dags/example_params_ui_tutorial.py for tasks to queue
[2024-04-17T10:24:27.978-0300] {logging_mixin.py:188} INFO - [2024-04-17T10:24:27.977-0300] {dagbag.py:540} INFO - Filling up the DagBag from /home/lborba/.cache/pypoetry/virtualenvs/airflow-tutorial-3ROeDTU8-py3.11/lib/python3.11/site-packages/airflow/example_dags/example_params_ui_tutorial.py
[2024-04-17T10:24:27.986-0300] {processor.py:840} INFO - DAG(s) 'example_params_ui_tutorial' retrieved from /home/lborba/.cache/pypoetry/virtualenvs/airflow-tutorial-3ROeDTU8-py3.11/lib/python3.11/site-packages/airflow/example_dags/example_params_ui_tutorial.py
[2024-04-17T10:24:28.010-0300] {logging_mixin.py:188} INFO - [2024-04-17T10:24:28.010-0300] {dag.py:3096} INFO - Sync 1 DAGs
[2024-04-17T10:24:28.018-0300] {logging_mixin.py:188} INFO - [2024-04-17T10:24:28.018-0300] {dag.py:3954} INFO - Setting next_dagrun for example_params_ui_tutorial to None, run_after=None
[2024-04-17T10:24:28.035-0300] {processor.py:183} INFO - Processing /home/lborba/.cache/pypoetry/virtualenvs/airflow-tutorial-3ROeDTU8-py3.11/lib/python3.11/site-packages/airflow/example_dags/example_params_ui_tutorial.py took 0.068 seconds
