[2024-04-17T10:10:20.982-0300] {processor.py:161} INFO - Started process (PID=23168) to work on /home/lborba/.cache/pypoetry/virtualenvs/airflow-tutorial-3ROeDTU8-py3.11/lib/python3.11/site-packages/airflow/example_dags/example_python_operator.py
[2024-04-17T10:10:20.983-0300] {processor.py:830} INFO - Processing file /home/lborba/.cache/pypoetry/virtualenvs/airflow-tutorial-3ROeDTU8-py3.11/lib/python3.11/site-packages/airflow/example_dags/example_python_operator.py for tasks to queue
[2024-04-17T10:10:20.984-0300] {logging_mixin.py:188} INFO - [2024-04-17T10:10:20.984-0300] {dagbag.py:540} INFO - Filling up the DagBag from /home/lborba/.cache/pypoetry/virtualenvs/airflow-tutorial-3ROeDTU8-py3.11/lib/python3.11/site-packages/airflow/example_dags/example_python_operator.py
[2024-04-17T10:10:21.033-0300] {logging_mixin.py:188} INFO - [2024-04-17T10:10:21.033-0300] {example_python_operator.py:93} WARNING - The virtalenv_python example task requires virtualenv, please install it.
[2024-04-17T10:10:21.035-0300] {processor.py:840} INFO - DAG(s) 'example_python_operator' retrieved from /home/lborba/.cache/pypoetry/virtualenvs/airflow-tutorial-3ROeDTU8-py3.11/lib/python3.11/site-packages/airflow/example_dags/example_python_operator.py
[2024-04-17T10:10:21.110-0300] {logging_mixin.py:188} INFO - [2024-04-17T10:10:21.109-0300] {override.py:1829} INFO - Created Permission View: can edit on DAG:example_python_operator
[2024-04-17T10:10:21.119-0300] {logging_mixin.py:188} INFO - [2024-04-17T10:10:21.119-0300] {override.py:1829} INFO - Created Permission View: can delete on DAG:example_python_operator
[2024-04-17T10:10:21.127-0300] {logging_mixin.py:188} INFO - [2024-04-17T10:10:21.126-0300] {override.py:1829} INFO - Created Permission View: can read on DAG:example_python_operator
[2024-04-17T10:10:21.127-0300] {logging_mixin.py:188} INFO - [2024-04-17T10:10:21.127-0300] {dag.py:3096} INFO - Sync 1 DAGs
[2024-04-17T10:10:21.134-0300] {logging_mixin.py:188} INFO - [2024-04-17T10:10:21.134-0300] {dag.py:3118} INFO - Creating ORM DAG for example_python_operator
[2024-04-17T10:10:21.135-0300] {logging_mixin.py:188} INFO - [2024-04-17T10:10:21.135-0300] {dag.py:3954} INFO - Setting next_dagrun for example_python_operator to None, run_after=None
[2024-04-17T10:10:21.151-0300] {processor.py:183} INFO - Processing /home/lborba/.cache/pypoetry/virtualenvs/airflow-tutorial-3ROeDTU8-py3.11/lib/python3.11/site-packages/airflow/example_dags/example_python_operator.py took 0.173 seconds
[2024-04-17T10:11:13.757-0300] {processor.py:161} INFO - Started process (PID=23582) to work on /home/lborba/.cache/pypoetry/virtualenvs/airflow-tutorial-3ROeDTU8-py3.11/lib/python3.11/site-packages/airflow/example_dags/example_python_operator.py
[2024-04-17T10:11:13.763-0300] {processor.py:830} INFO - Processing file /home/lborba/.cache/pypoetry/virtualenvs/airflow-tutorial-3ROeDTU8-py3.11/lib/python3.11/site-packages/airflow/example_dags/example_python_operator.py for tasks to queue
[2024-04-17T10:11:13.764-0300] {logging_mixin.py:188} INFO - [2024-04-17T10:11:13.764-0300] {dagbag.py:540} INFO - Filling up the DagBag from /home/lborba/.cache/pypoetry/virtualenvs/airflow-tutorial-3ROeDTU8-py3.11/lib/python3.11/site-packages/airflow/example_dags/example_python_operator.py
[2024-04-17T10:11:13.806-0300] {logging_mixin.py:188} INFO - [2024-04-17T10:11:13.805-0300] {example_python_operator.py:93} WARNING - The virtalenv_python example task requires virtualenv, please install it.
[2024-04-17T10:11:13.806-0300] {processor.py:840} INFO - DAG(s) 'example_python_operator' retrieved from /home/lborba/.cache/pypoetry/virtualenvs/airflow-tutorial-3ROeDTU8-py3.11/lib/python3.11/site-packages/airflow/example_dags/example_python_operator.py
[2024-04-17T10:11:13.821-0300] {logging_mixin.py:188} INFO - [2024-04-17T10:11:13.821-0300] {dag.py:3096} INFO - Sync 1 DAGs
[2024-04-17T10:11:13.832-0300] {logging_mixin.py:188} INFO - [2024-04-17T10:11:13.832-0300] {dag.py:3954} INFO - Setting next_dagrun for example_python_operator to None, run_after=None
[2024-04-17T10:11:13.851-0300] {processor.py:183} INFO - Processing /home/lborba/.cache/pypoetry/virtualenvs/airflow-tutorial-3ROeDTU8-py3.11/lib/python3.11/site-packages/airflow/example_dags/example_python_operator.py took 0.098 seconds
[2024-04-17T10:12:03.480-0300] {processor.py:161} INFO - Started process (PID=23975) to work on /home/lborba/.cache/pypoetry/virtualenvs/airflow-tutorial-3ROeDTU8-py3.11/lib/python3.11/site-packages/airflow/example_dags/example_python_operator.py
[2024-04-17T10:12:03.482-0300] {processor.py:830} INFO - Processing file /home/lborba/.cache/pypoetry/virtualenvs/airflow-tutorial-3ROeDTU8-py3.11/lib/python3.11/site-packages/airflow/example_dags/example_python_operator.py for tasks to queue
[2024-04-17T10:12:03.483-0300] {logging_mixin.py:188} INFO - [2024-04-17T10:12:03.483-0300] {dagbag.py:540} INFO - Filling up the DagBag from /home/lborba/.cache/pypoetry/virtualenvs/airflow-tutorial-3ROeDTU8-py3.11/lib/python3.11/site-packages/airflow/example_dags/example_python_operator.py
[2024-04-17T10:12:03.528-0300] {logging_mixin.py:188} INFO - [2024-04-17T10:12:03.528-0300] {example_python_operator.py:93} WARNING - The virtalenv_python example task requires virtualenv, please install it.
[2024-04-17T10:12:03.529-0300] {processor.py:840} INFO - DAG(s) 'example_python_operator' retrieved from /home/lborba/.cache/pypoetry/virtualenvs/airflow-tutorial-3ROeDTU8-py3.11/lib/python3.11/site-packages/airflow/example_dags/example_python_operator.py
[2024-04-17T10:12:03.544-0300] {logging_mixin.py:188} INFO - [2024-04-17T10:12:03.543-0300] {dag.py:3096} INFO - Sync 1 DAGs
[2024-04-17T10:12:03.551-0300] {logging_mixin.py:188} INFO - [2024-04-17T10:12:03.551-0300] {dag.py:3954} INFO - Setting next_dagrun for example_python_operator to None, run_after=None
[2024-04-17T10:12:03.570-0300] {processor.py:183} INFO - Processing /home/lborba/.cache/pypoetry/virtualenvs/airflow-tutorial-3ROeDTU8-py3.11/lib/python3.11/site-packages/airflow/example_dags/example_python_operator.py took 0.094 seconds
[2024-04-17T10:12:52.981-0300] {processor.py:161} INFO - Started process (PID=24807) to work on /home/lborba/.cache/pypoetry/virtualenvs/airflow-tutorial-3ROeDTU8-py3.11/lib/python3.11/site-packages/airflow/example_dags/example_python_operator.py
[2024-04-17T10:12:52.983-0300] {processor.py:830} INFO - Processing file /home/lborba/.cache/pypoetry/virtualenvs/airflow-tutorial-3ROeDTU8-py3.11/lib/python3.11/site-packages/airflow/example_dags/example_python_operator.py for tasks to queue
[2024-04-17T10:12:52.984-0300] {logging_mixin.py:188} INFO - [2024-04-17T10:12:52.984-0300] {dagbag.py:540} INFO - Filling up the DagBag from /home/lborba/.cache/pypoetry/virtualenvs/airflow-tutorial-3ROeDTU8-py3.11/lib/python3.11/site-packages/airflow/example_dags/example_python_operator.py
[2024-04-17T10:12:53.033-0300] {logging_mixin.py:188} INFO - [2024-04-17T10:12:53.032-0300] {example_python_operator.py:93} WARNING - The virtalenv_python example task requires virtualenv, please install it.
[2024-04-17T10:12:53.033-0300] {processor.py:840} INFO - DAG(s) 'example_python_operator' retrieved from /home/lborba/.cache/pypoetry/virtualenvs/airflow-tutorial-3ROeDTU8-py3.11/lib/python3.11/site-packages/airflow/example_dags/example_python_operator.py
[2024-04-17T10:12:53.049-0300] {logging_mixin.py:188} INFO - [2024-04-17T10:12:53.049-0300] {dag.py:3096} INFO - Sync 1 DAGs
[2024-04-17T10:12:53.057-0300] {logging_mixin.py:188} INFO - [2024-04-17T10:12:53.057-0300] {dag.py:3954} INFO - Setting next_dagrun for example_python_operator to None, run_after=None
[2024-04-17T10:12:53.080-0300] {processor.py:183} INFO - Processing /home/lborba/.cache/pypoetry/virtualenvs/airflow-tutorial-3ROeDTU8-py3.11/lib/python3.11/site-packages/airflow/example_dags/example_python_operator.py took 0.105 seconds
