[2024-04-17T10:10:21.563-0300] {processor.py:161} INFO - Started process (PID=23171) to work on /home/lborba/.cache/pypoetry/virtualenvs/airflow-tutorial-3ROeDTU8-py3.11/lib/python3.11/site-packages/airflow/example_dags/example_params_trigger_ui.py
[2024-04-17T10:10:21.564-0300] {processor.py:830} INFO - Processing file /home/lborba/.cache/pypoetry/virtualenvs/airflow-tutorial-3ROeDTU8-py3.11/lib/python3.11/site-packages/airflow/example_dags/example_params_trigger_ui.py for tasks to queue
[2024-04-17T10:10:21.569-0300] {logging_mixin.py:188} INFO - [2024-04-17T10:10:21.568-0300] {dagbag.py:540} INFO - Filling up the DagBag from /home/lborba/.cache/pypoetry/virtualenvs/airflow-tutorial-3ROeDTU8-py3.11/lib/python3.11/site-packages/airflow/example_dags/example_params_trigger_ui.py
[2024-04-17T10:10:21.602-0300] {processor.py:840} INFO - DAG(s) 'example_params_trigger_ui' retrieved from /home/lborba/.cache/pypoetry/virtualenvs/airflow-tutorial-3ROeDTU8-py3.11/lib/python3.11/site-packages/airflow/example_dags/example_params_trigger_ui.py
[2024-04-17T10:10:21.738-0300] {logging_mixin.py:188} INFO - [2024-04-17T10:10:21.737-0300] {override.py:1829} INFO - Created Permission View: can edit on DAG:example_params_trigger_ui
[2024-04-17T10:10:21.750-0300] {logging_mixin.py:188} INFO - [2024-04-17T10:10:21.750-0300] {override.py:1829} INFO - Created Permission View: can delete on DAG:example_params_trigger_ui
[2024-04-17T10:10:21.761-0300] {logging_mixin.py:188} INFO - [2024-04-17T10:10:21.761-0300] {override.py:1829} INFO - Created Permission View: can read on DAG:example_params_trigger_ui
[2024-04-17T10:10:21.762-0300] {logging_mixin.py:188} INFO - [2024-04-17T10:10:21.761-0300] {dag.py:3096} INFO - Sync 1 DAGs
[2024-04-17T10:10:21.768-0300] {logging_mixin.py:188} INFO - [2024-04-17T10:10:21.768-0300] {dag.py:3118} INFO - Creating ORM DAG for example_params_trigger_ui
[2024-04-17T10:10:21.769-0300] {logging_mixin.py:188} INFO - [2024-04-17T10:10:21.768-0300] {dag.py:3954} INFO - Setting next_dagrun for example_params_trigger_ui to None, run_after=None
[2024-04-17T10:10:21.788-0300] {processor.py:183} INFO - Processing /home/lborba/.cache/pypoetry/virtualenvs/airflow-tutorial-3ROeDTU8-py3.11/lib/python3.11/site-packages/airflow/example_dags/example_params_trigger_ui.py took 0.232 seconds
[2024-04-17T10:11:14.011-0300] {processor.py:161} INFO - Started process (PID=23584) to work on /home/lborba/.cache/pypoetry/virtualenvs/airflow-tutorial-3ROeDTU8-py3.11/lib/python3.11/site-packages/airflow/example_dags/example_params_trigger_ui.py
[2024-04-17T10:11:14.013-0300] {processor.py:830} INFO - Processing file /home/lborba/.cache/pypoetry/virtualenvs/airflow-tutorial-3ROeDTU8-py3.11/lib/python3.11/site-packages/airflow/example_dags/example_params_trigger_ui.py for tasks to queue
[2024-04-17T10:11:14.015-0300] {logging_mixin.py:188} INFO - [2024-04-17T10:11:14.014-0300] {dagbag.py:540} INFO - Filling up the DagBag from /home/lborba/.cache/pypoetry/virtualenvs/airflow-tutorial-3ROeDTU8-py3.11/lib/python3.11/site-packages/airflow/example_dags/example_params_trigger_ui.py
[2024-04-17T10:11:14.027-0300] {processor.py:840} INFO - DAG(s) 'example_params_trigger_ui' retrieved from /home/lborba/.cache/pypoetry/virtualenvs/airflow-tutorial-3ROeDTU8-py3.11/lib/python3.11/site-packages/airflow/example_dags/example_params_trigger_ui.py
[2024-04-17T10:11:14.056-0300] {logging_mixin.py:188} INFO - [2024-04-17T10:11:14.056-0300] {dag.py:3096} INFO - Sync 1 DAGs
[2024-04-17T10:11:14.064-0300] {logging_mixin.py:188} INFO - [2024-04-17T10:11:14.064-0300] {dag.py:3954} INFO - Setting next_dagrun for example_params_trigger_ui to None, run_after=None
[2024-04-17T10:11:14.090-0300] {processor.py:183} INFO - Processing /home/lborba/.cache/pypoetry/virtualenvs/airflow-tutorial-3ROeDTU8-py3.11/lib/python3.11/site-packages/airflow/example_dags/example_params_trigger_ui.py took 0.084 seconds
[2024-04-17T10:12:04.615-0300] {processor.py:161} INFO - Started process (PID=23990) to work on /home/lborba/.cache/pypoetry/virtualenvs/airflow-tutorial-3ROeDTU8-py3.11/lib/python3.11/site-packages/airflow/example_dags/example_params_trigger_ui.py
[2024-04-17T10:12:04.617-0300] {processor.py:830} INFO - Processing file /home/lborba/.cache/pypoetry/virtualenvs/airflow-tutorial-3ROeDTU8-py3.11/lib/python3.11/site-packages/airflow/example_dags/example_params_trigger_ui.py for tasks to queue
[2024-04-17T10:12:04.619-0300] {logging_mixin.py:188} INFO - [2024-04-17T10:12:04.618-0300] {dagbag.py:540} INFO - Filling up the DagBag from /home/lborba/.cache/pypoetry/virtualenvs/airflow-tutorial-3ROeDTU8-py3.11/lib/python3.11/site-packages/airflow/example_dags/example_params_trigger_ui.py
[2024-04-17T10:12:04.632-0300] {processor.py:840} INFO - DAG(s) 'example_params_trigger_ui' retrieved from /home/lborba/.cache/pypoetry/virtualenvs/airflow-tutorial-3ROeDTU8-py3.11/lib/python3.11/site-packages/airflow/example_dags/example_params_trigger_ui.py
[2024-04-17T10:12:04.673-0300] {logging_mixin.py:188} INFO - [2024-04-17T10:12:04.672-0300] {dag.py:3096} INFO - Sync 1 DAGs
[2024-04-17T10:12:04.683-0300] {logging_mixin.py:188} INFO - [2024-04-17T10:12:04.682-0300] {dag.py:3954} INFO - Setting next_dagrun for example_params_trigger_ui to None, run_after=None
[2024-04-17T10:12:04.700-0300] {processor.py:183} INFO - Processing /home/lborba/.cache/pypoetry/virtualenvs/airflow-tutorial-3ROeDTU8-py3.11/lib/python3.11/site-packages/airflow/example_dags/example_params_trigger_ui.py took 0.090 seconds
[2024-04-17T10:12:54.232-0300] {processor.py:161} INFO - Started process (PID=24819) to work on /home/lborba/.cache/pypoetry/virtualenvs/airflow-tutorial-3ROeDTU8-py3.11/lib/python3.11/site-packages/airflow/example_dags/example_params_trigger_ui.py
[2024-04-17T10:12:54.234-0300] {processor.py:830} INFO - Processing file /home/lborba/.cache/pypoetry/virtualenvs/airflow-tutorial-3ROeDTU8-py3.11/lib/python3.11/site-packages/airflow/example_dags/example_params_trigger_ui.py for tasks to queue
[2024-04-17T10:12:54.235-0300] {logging_mixin.py:188} INFO - [2024-04-17T10:12:54.234-0300] {dagbag.py:540} INFO - Filling up the DagBag from /home/lborba/.cache/pypoetry/virtualenvs/airflow-tutorial-3ROeDTU8-py3.11/lib/python3.11/site-packages/airflow/example_dags/example_params_trigger_ui.py
[2024-04-17T10:12:54.248-0300] {processor.py:840} INFO - DAG(s) 'example_params_trigger_ui' retrieved from /home/lborba/.cache/pypoetry/virtualenvs/airflow-tutorial-3ROeDTU8-py3.11/lib/python3.11/site-packages/airflow/example_dags/example_params_trigger_ui.py
[2024-04-17T10:12:54.273-0300] {logging_mixin.py:188} INFO - [2024-04-17T10:12:54.273-0300] {dag.py:3096} INFO - Sync 1 DAGs
[2024-04-17T10:12:54.282-0300] {logging_mixin.py:188} INFO - [2024-04-17T10:12:54.282-0300] {dag.py:3954} INFO - Setting next_dagrun for example_params_trigger_ui to None, run_after=None
[2024-04-17T10:12:54.300-0300] {processor.py:183} INFO - Processing /home/lborba/.cache/pypoetry/virtualenvs/airflow-tutorial-3ROeDTU8-py3.11/lib/python3.11/site-packages/airflow/example_dags/example_params_trigger_ui.py took 0.077 seconds
[2024-04-17T10:13:41.807-0300] {processor.py:161} INFO - Started process (PID=25490) to work on /home/lborba/.cache/pypoetry/virtualenvs/airflow-tutorial-3ROeDTU8-py3.11/lib/python3.11/site-packages/airflow/example_dags/example_params_trigger_ui.py
[2024-04-17T10:13:41.813-0300] {processor.py:830} INFO - Processing file /home/lborba/.cache/pypoetry/virtualenvs/airflow-tutorial-3ROeDTU8-py3.11/lib/python3.11/site-packages/airflow/example_dags/example_params_trigger_ui.py for tasks to queue
[2024-04-17T10:13:41.814-0300] {logging_mixin.py:188} INFO - [2024-04-17T10:13:41.814-0300] {dagbag.py:540} INFO - Filling up the DagBag from /home/lborba/.cache/pypoetry/virtualenvs/airflow-tutorial-3ROeDTU8-py3.11/lib/python3.11/site-packages/airflow/example_dags/example_params_trigger_ui.py
[2024-04-17T10:13:41.827-0300] {processor.py:840} INFO - DAG(s) 'example_params_trigger_ui' retrieved from /home/lborba/.cache/pypoetry/virtualenvs/airflow-tutorial-3ROeDTU8-py3.11/lib/python3.11/site-packages/airflow/example_dags/example_params_trigger_ui.py
[2024-04-17T10:13:41.852-0300] {logging_mixin.py:188} INFO - [2024-04-17T10:13:41.851-0300] {dag.py:3096} INFO - Sync 1 DAGs
[2024-04-17T10:13:41.859-0300] {logging_mixin.py:188} INFO - [2024-04-17T10:13:41.859-0300] {dag.py:3954} INFO - Setting next_dagrun for example_params_trigger_ui to None, run_after=None
[2024-04-17T10:13:41.879-0300] {processor.py:183} INFO - Processing /home/lborba/.cache/pypoetry/virtualenvs/airflow-tutorial-3ROeDTU8-py3.11/lib/python3.11/site-packages/airflow/example_dags/example_params_trigger_ui.py took 0.076 seconds
[2024-04-17T10:14:39.181-0300] {processor.py:161} INFO - Started process (PID=26135) to work on /home/lborba/.cache/pypoetry/virtualenvs/airflow-tutorial-3ROeDTU8-py3.11/lib/python3.11/site-packages/airflow/example_dags/example_params_trigger_ui.py
[2024-04-17T10:14:39.187-0300] {processor.py:830} INFO - Processing file /home/lborba/.cache/pypoetry/virtualenvs/airflow-tutorial-3ROeDTU8-py3.11/lib/python3.11/site-packages/airflow/example_dags/example_params_trigger_ui.py for tasks to queue
[2024-04-17T10:14:39.188-0300] {logging_mixin.py:188} INFO - [2024-04-17T10:14:39.188-0300] {dagbag.py:540} INFO - Filling up the DagBag from /home/lborba/.cache/pypoetry/virtualenvs/airflow-tutorial-3ROeDTU8-py3.11/lib/python3.11/site-packages/airflow/example_dags/example_params_trigger_ui.py
[2024-04-17T10:14:39.198-0300] {processor.py:840} INFO - DAG(s) 'example_params_trigger_ui' retrieved from /home/lborba/.cache/pypoetry/virtualenvs/airflow-tutorial-3ROeDTU8-py3.11/lib/python3.11/site-packages/airflow/example_dags/example_params_trigger_ui.py
[2024-04-17T10:14:39.224-0300] {logging_mixin.py:188} INFO - [2024-04-17T10:14:39.223-0300] {dag.py:3096} INFO - Sync 1 DAGs
[2024-04-17T10:14:39.232-0300] {logging_mixin.py:188} INFO - [2024-04-17T10:14:39.232-0300] {dag.py:3954} INFO - Setting next_dagrun for example_params_trigger_ui to None, run_after=None
[2024-04-17T10:14:39.250-0300] {processor.py:183} INFO - Processing /home/lborba/.cache/pypoetry/virtualenvs/airflow-tutorial-3ROeDTU8-py3.11/lib/python3.11/site-packages/airflow/example_dags/example_params_trigger_ui.py took 0.074 seconds
[2024-04-17T10:15:38.124-0300] {processor.py:161} INFO - Started process (PID=26737) to work on /home/lborba/.cache/pypoetry/virtualenvs/airflow-tutorial-3ROeDTU8-py3.11/lib/python3.11/site-packages/airflow/example_dags/example_params_trigger_ui.py
[2024-04-17T10:15:38.130-0300] {processor.py:830} INFO - Processing file /home/lborba/.cache/pypoetry/virtualenvs/airflow-tutorial-3ROeDTU8-py3.11/lib/python3.11/site-packages/airflow/example_dags/example_params_trigger_ui.py for tasks to queue
[2024-04-17T10:15:38.136-0300] {logging_mixin.py:188} INFO - [2024-04-17T10:15:38.134-0300] {dagbag.py:540} INFO - Filling up the DagBag from /home/lborba/.cache/pypoetry/virtualenvs/airflow-tutorial-3ROeDTU8-py3.11/lib/python3.11/site-packages/airflow/example_dags/example_params_trigger_ui.py
[2024-04-17T10:15:38.150-0300] {processor.py:840} INFO - DAG(s) 'example_params_trigger_ui' retrieved from /home/lborba/.cache/pypoetry/virtualenvs/airflow-tutorial-3ROeDTU8-py3.11/lib/python3.11/site-packages/airflow/example_dags/example_params_trigger_ui.py
[2024-04-17T10:15:38.177-0300] {logging_mixin.py:188} INFO - [2024-04-17T10:15:38.176-0300] {dag.py:3096} INFO - Sync 1 DAGs
[2024-04-17T10:15:38.185-0300] {logging_mixin.py:188} INFO - [2024-04-17T10:15:38.185-0300] {dag.py:3954} INFO - Setting next_dagrun for example_params_trigger_ui to None, run_after=None
[2024-04-17T10:15:38.201-0300] {processor.py:183} INFO - Processing /home/lborba/.cache/pypoetry/virtualenvs/airflow-tutorial-3ROeDTU8-py3.11/lib/python3.11/site-packages/airflow/example_dags/example_params_trigger_ui.py took 0.083 seconds
[2024-04-17T10:16:38.622-0300] {processor.py:161} INFO - Started process (PID=27247) to work on /home/lborba/.cache/pypoetry/virtualenvs/airflow-tutorial-3ROeDTU8-py3.11/lib/python3.11/site-packages/airflow/example_dags/example_params_trigger_ui.py
[2024-04-17T10:16:38.623-0300] {processor.py:830} INFO - Processing file /home/lborba/.cache/pypoetry/virtualenvs/airflow-tutorial-3ROeDTU8-py3.11/lib/python3.11/site-packages/airflow/example_dags/example_params_trigger_ui.py for tasks to queue
[2024-04-17T10:16:38.624-0300] {logging_mixin.py:188} INFO - [2024-04-17T10:16:38.624-0300] {dagbag.py:540} INFO - Filling up the DagBag from /home/lborba/.cache/pypoetry/virtualenvs/airflow-tutorial-3ROeDTU8-py3.11/lib/python3.11/site-packages/airflow/example_dags/example_params_trigger_ui.py
[2024-04-17T10:16:38.634-0300] {processor.py:840} INFO - DAG(s) 'example_params_trigger_ui' retrieved from /home/lborba/.cache/pypoetry/virtualenvs/airflow-tutorial-3ROeDTU8-py3.11/lib/python3.11/site-packages/airflow/example_dags/example_params_trigger_ui.py
[2024-04-17T10:16:38.657-0300] {logging_mixin.py:188} INFO - [2024-04-17T10:16:38.656-0300] {dag.py:3096} INFO - Sync 1 DAGs
[2024-04-17T10:16:38.664-0300] {logging_mixin.py:188} INFO - [2024-04-17T10:16:38.664-0300] {dag.py:3954} INFO - Setting next_dagrun for example_params_trigger_ui to None, run_after=None
[2024-04-17T10:16:38.680-0300] {processor.py:183} INFO - Processing /home/lborba/.cache/pypoetry/virtualenvs/airflow-tutorial-3ROeDTU8-py3.11/lib/python3.11/site-packages/airflow/example_dags/example_params_trigger_ui.py took 0.063 seconds
[2024-04-17T10:17:37.441-0300] {processor.py:161} INFO - Started process (PID=27750) to work on /home/lborba/.cache/pypoetry/virtualenvs/airflow-tutorial-3ROeDTU8-py3.11/lib/python3.11/site-packages/airflow/example_dags/example_params_trigger_ui.py
[2024-04-17T10:17:37.442-0300] {processor.py:830} INFO - Processing file /home/lborba/.cache/pypoetry/virtualenvs/airflow-tutorial-3ROeDTU8-py3.11/lib/python3.11/site-packages/airflow/example_dags/example_params_trigger_ui.py for tasks to queue
[2024-04-17T10:17:37.444-0300] {logging_mixin.py:188} INFO - [2024-04-17T10:17:37.443-0300] {dagbag.py:540} INFO - Filling up the DagBag from /home/lborba/.cache/pypoetry/virtualenvs/airflow-tutorial-3ROeDTU8-py3.11/lib/python3.11/site-packages/airflow/example_dags/example_params_trigger_ui.py
[2024-04-17T10:17:37.453-0300] {processor.py:840} INFO - DAG(s) 'example_params_trigger_ui' retrieved from /home/lborba/.cache/pypoetry/virtualenvs/airflow-tutorial-3ROeDTU8-py3.11/lib/python3.11/site-packages/airflow/example_dags/example_params_trigger_ui.py
[2024-04-17T10:17:37.477-0300] {logging_mixin.py:188} INFO - [2024-04-17T10:17:37.476-0300] {dag.py:3096} INFO - Sync 1 DAGs
[2024-04-17T10:17:37.485-0300] {logging_mixin.py:188} INFO - [2024-04-17T10:17:37.485-0300] {dag.py:3954} INFO - Setting next_dagrun for example_params_trigger_ui to None, run_after=None
[2024-04-17T10:17:37.505-0300] {processor.py:183} INFO - Processing /home/lborba/.cache/pypoetry/virtualenvs/airflow-tutorial-3ROeDTU8-py3.11/lib/python3.11/site-packages/airflow/example_dags/example_params_trigger_ui.py took 0.068 seconds
[2024-04-17T10:18:37.239-0300] {processor.py:161} INFO - Started process (PID=28254) to work on /home/lborba/.cache/pypoetry/virtualenvs/airflow-tutorial-3ROeDTU8-py3.11/lib/python3.11/site-packages/airflow/example_dags/example_params_trigger_ui.py
[2024-04-17T10:18:37.241-0300] {processor.py:830} INFO - Processing file /home/lborba/.cache/pypoetry/virtualenvs/airflow-tutorial-3ROeDTU8-py3.11/lib/python3.11/site-packages/airflow/example_dags/example_params_trigger_ui.py for tasks to queue
[2024-04-17T10:18:37.242-0300] {logging_mixin.py:188} INFO - [2024-04-17T10:18:37.242-0300] {dagbag.py:540} INFO - Filling up the DagBag from /home/lborba/.cache/pypoetry/virtualenvs/airflow-tutorial-3ROeDTU8-py3.11/lib/python3.11/site-packages/airflow/example_dags/example_params_trigger_ui.py
[2024-04-17T10:18:37.252-0300] {processor.py:840} INFO - DAG(s) 'example_params_trigger_ui' retrieved from /home/lborba/.cache/pypoetry/virtualenvs/airflow-tutorial-3ROeDTU8-py3.11/lib/python3.11/site-packages/airflow/example_dags/example_params_trigger_ui.py
[2024-04-17T10:18:37.275-0300] {logging_mixin.py:188} INFO - [2024-04-17T10:18:37.275-0300] {dag.py:3096} INFO - Sync 1 DAGs
[2024-04-17T10:18:37.284-0300] {logging_mixin.py:188} INFO - [2024-04-17T10:18:37.284-0300] {dag.py:3954} INFO - Setting next_dagrun for example_params_trigger_ui to None, run_after=None
[2024-04-17T10:18:37.301-0300] {processor.py:183} INFO - Processing /home/lborba/.cache/pypoetry/virtualenvs/airflow-tutorial-3ROeDTU8-py3.11/lib/python3.11/site-packages/airflow/example_dags/example_params_trigger_ui.py took 0.067 seconds
[2024-04-17T10:19:38.828-0300] {processor.py:161} INFO - Started process (PID=28775) to work on /home/lborba/.cache/pypoetry/virtualenvs/airflow-tutorial-3ROeDTU8-py3.11/lib/python3.11/site-packages/airflow/example_dags/example_params_trigger_ui.py
[2024-04-17T10:19:38.830-0300] {processor.py:830} INFO - Processing file /home/lborba/.cache/pypoetry/virtualenvs/airflow-tutorial-3ROeDTU8-py3.11/lib/python3.11/site-packages/airflow/example_dags/example_params_trigger_ui.py for tasks to queue
[2024-04-17T10:19:38.831-0300] {logging_mixin.py:188} INFO - [2024-04-17T10:19:38.831-0300] {dagbag.py:540} INFO - Filling up the DagBag from /home/lborba/.cache/pypoetry/virtualenvs/airflow-tutorial-3ROeDTU8-py3.11/lib/python3.11/site-packages/airflow/example_dags/example_params_trigger_ui.py
[2024-04-17T10:19:38.841-0300] {processor.py:840} INFO - DAG(s) 'example_params_trigger_ui' retrieved from /home/lborba/.cache/pypoetry/virtualenvs/airflow-tutorial-3ROeDTU8-py3.11/lib/python3.11/site-packages/airflow/example_dags/example_params_trigger_ui.py
[2024-04-17T10:19:38.867-0300] {logging_mixin.py:188} INFO - [2024-04-17T10:19:38.867-0300] {dag.py:3096} INFO - Sync 1 DAGs
[2024-04-17T10:19:38.875-0300] {logging_mixin.py:188} INFO - [2024-04-17T10:19:38.875-0300] {dag.py:3954} INFO - Setting next_dagrun for example_params_trigger_ui to None, run_after=None
[2024-04-17T10:19:38.892-0300] {processor.py:183} INFO - Processing /home/lborba/.cache/pypoetry/virtualenvs/airflow-tutorial-3ROeDTU8-py3.11/lib/python3.11/site-packages/airflow/example_dags/example_params_trigger_ui.py took 0.068 seconds
[2024-04-17T10:20:32.455-0300] {processor.py:161} INFO - Started process (PID=29266) to work on /home/lborba/.cache/pypoetry/virtualenvs/airflow-tutorial-3ROeDTU8-py3.11/lib/python3.11/site-packages/airflow/example_dags/example_params_trigger_ui.py
[2024-04-17T10:20:32.460-0300] {processor.py:830} INFO - Processing file /home/lborba/.cache/pypoetry/virtualenvs/airflow-tutorial-3ROeDTU8-py3.11/lib/python3.11/site-packages/airflow/example_dags/example_params_trigger_ui.py for tasks to queue
[2024-04-17T10:20:32.462-0300] {logging_mixin.py:188} INFO - [2024-04-17T10:20:32.461-0300] {dagbag.py:540} INFO - Filling up the DagBag from /home/lborba/.cache/pypoetry/virtualenvs/airflow-tutorial-3ROeDTU8-py3.11/lib/python3.11/site-packages/airflow/example_dags/example_params_trigger_ui.py
[2024-04-17T10:20:32.471-0300] {processor.py:840} INFO - DAG(s) 'example_params_trigger_ui' retrieved from /home/lborba/.cache/pypoetry/virtualenvs/airflow-tutorial-3ROeDTU8-py3.11/lib/python3.11/site-packages/airflow/example_dags/example_params_trigger_ui.py
[2024-04-17T10:20:32.497-0300] {logging_mixin.py:188} INFO - [2024-04-17T10:20:32.496-0300] {dag.py:3096} INFO - Sync 1 DAGs
[2024-04-17T10:20:32.505-0300] {logging_mixin.py:188} INFO - [2024-04-17T10:20:32.505-0300] {dag.py:3954} INFO - Setting next_dagrun for example_params_trigger_ui to None, run_after=None
[2024-04-17T10:20:32.521-0300] {processor.py:183} INFO - Processing /home/lborba/.cache/pypoetry/virtualenvs/airflow-tutorial-3ROeDTU8-py3.11/lib/python3.11/site-packages/airflow/example_dags/example_params_trigger_ui.py took 0.071 seconds
[2024-04-17T10:21:32.923-0300] {processor.py:161} INFO - Started process (PID=29776) to work on /home/lborba/.cache/pypoetry/virtualenvs/airflow-tutorial-3ROeDTU8-py3.11/lib/python3.11/site-packages/airflow/example_dags/example_params_trigger_ui.py
[2024-04-17T10:21:32.924-0300] {processor.py:830} INFO - Processing file /home/lborba/.cache/pypoetry/virtualenvs/airflow-tutorial-3ROeDTU8-py3.11/lib/python3.11/site-packages/airflow/example_dags/example_params_trigger_ui.py for tasks to queue
[2024-04-17T10:21:32.925-0300] {logging_mixin.py:188} INFO - [2024-04-17T10:21:32.925-0300] {dagbag.py:540} INFO - Filling up the DagBag from /home/lborba/.cache/pypoetry/virtualenvs/airflow-tutorial-3ROeDTU8-py3.11/lib/python3.11/site-packages/airflow/example_dags/example_params_trigger_ui.py
[2024-04-17T10:21:32.935-0300] {processor.py:840} INFO - DAG(s) 'example_params_trigger_ui' retrieved from /home/lborba/.cache/pypoetry/virtualenvs/airflow-tutorial-3ROeDTU8-py3.11/lib/python3.11/site-packages/airflow/example_dags/example_params_trigger_ui.py
[2024-04-17T10:21:32.961-0300] {logging_mixin.py:188} INFO - [2024-04-17T10:21:32.961-0300] {dag.py:3096} INFO - Sync 1 DAGs
[2024-04-17T10:21:32.972-0300] {logging_mixin.py:188} INFO - [2024-04-17T10:21:32.972-0300] {dag.py:3954} INFO - Setting next_dagrun for example_params_trigger_ui to None, run_after=None
[2024-04-17T10:21:32.992-0300] {processor.py:183} INFO - Processing /home/lborba/.cache/pypoetry/virtualenvs/airflow-tutorial-3ROeDTU8-py3.11/lib/python3.11/site-packages/airflow/example_dags/example_params_trigger_ui.py took 0.074 seconds
[2024-04-17T10:22:29.876-0300] {processor.py:161} INFO - Started process (PID=30254) to work on /home/lborba/.cache/pypoetry/virtualenvs/airflow-tutorial-3ROeDTU8-py3.11/lib/python3.11/site-packages/airflow/example_dags/example_params_trigger_ui.py
[2024-04-17T10:22:29.883-0300] {processor.py:830} INFO - Processing file /home/lborba/.cache/pypoetry/virtualenvs/airflow-tutorial-3ROeDTU8-py3.11/lib/python3.11/site-packages/airflow/example_dags/example_params_trigger_ui.py for tasks to queue
[2024-04-17T10:22:29.884-0300] {logging_mixin.py:188} INFO - [2024-04-17T10:22:29.884-0300] {dagbag.py:540} INFO - Filling up the DagBag from /home/lborba/.cache/pypoetry/virtualenvs/airflow-tutorial-3ROeDTU8-py3.11/lib/python3.11/site-packages/airflow/example_dags/example_params_trigger_ui.py
[2024-04-17T10:22:29.894-0300] {processor.py:840} INFO - DAG(s) 'example_params_trigger_ui' retrieved from /home/lborba/.cache/pypoetry/virtualenvs/airflow-tutorial-3ROeDTU8-py3.11/lib/python3.11/site-packages/airflow/example_dags/example_params_trigger_ui.py
[2024-04-17T10:22:29.916-0300] {logging_mixin.py:188} INFO - [2024-04-17T10:22:29.916-0300] {dag.py:3096} INFO - Sync 1 DAGs
[2024-04-17T10:22:29.924-0300] {logging_mixin.py:188} INFO - [2024-04-17T10:22:29.923-0300] {dag.py:3954} INFO - Setting next_dagrun for example_params_trigger_ui to None, run_after=None
[2024-04-17T10:22:29.940-0300] {processor.py:183} INFO - Processing /home/lborba/.cache/pypoetry/virtualenvs/airflow-tutorial-3ROeDTU8-py3.11/lib/python3.11/site-packages/airflow/example_dags/example_params_trigger_ui.py took 0.069 seconds
[2024-04-17T10:23:29.580-0300] {processor.py:161} INFO - Started process (PID=30761) to work on /home/lborba/.cache/pypoetry/virtualenvs/airflow-tutorial-3ROeDTU8-py3.11/lib/python3.11/site-packages/airflow/example_dags/example_params_trigger_ui.py
[2024-04-17T10:23:29.586-0300] {processor.py:830} INFO - Processing file /home/lborba/.cache/pypoetry/virtualenvs/airflow-tutorial-3ROeDTU8-py3.11/lib/python3.11/site-packages/airflow/example_dags/example_params_trigger_ui.py for tasks to queue
[2024-04-17T10:23:29.587-0300] {logging_mixin.py:188} INFO - [2024-04-17T10:23:29.587-0300] {dagbag.py:540} INFO - Filling up the DagBag from /home/lborba/.cache/pypoetry/virtualenvs/airflow-tutorial-3ROeDTU8-py3.11/lib/python3.11/site-packages/airflow/example_dags/example_params_trigger_ui.py
[2024-04-17T10:23:29.598-0300] {processor.py:840} INFO - DAG(s) 'example_params_trigger_ui' retrieved from /home/lborba/.cache/pypoetry/virtualenvs/airflow-tutorial-3ROeDTU8-py3.11/lib/python3.11/site-packages/airflow/example_dags/example_params_trigger_ui.py
[2024-04-17T10:23:29.624-0300] {logging_mixin.py:188} INFO - [2024-04-17T10:23:29.624-0300] {dag.py:3096} INFO - Sync 1 DAGs
[2024-04-17T10:23:29.632-0300] {logging_mixin.py:188} INFO - [2024-04-17T10:23:29.632-0300] {dag.py:3954} INFO - Setting next_dagrun for example_params_trigger_ui to None, run_after=None
[2024-04-17T10:23:29.648-0300] {processor.py:183} INFO - Processing /home/lborba/.cache/pypoetry/virtualenvs/airflow-tutorial-3ROeDTU8-py3.11/lib/python3.11/site-packages/airflow/example_dags/example_params_trigger_ui.py took 0.072 seconds
[2024-04-17T10:24:26.839-0300] {processor.py:161} INFO - Started process (PID=31246) to work on /home/lborba/.cache/pypoetry/virtualenvs/airflow-tutorial-3ROeDTU8-py3.11/lib/python3.11/site-packages/airflow/example_dags/example_params_trigger_ui.py
[2024-04-17T10:24:26.840-0300] {processor.py:830} INFO - Processing file /home/lborba/.cache/pypoetry/virtualenvs/airflow-tutorial-3ROeDTU8-py3.11/lib/python3.11/site-packages/airflow/example_dags/example_params_trigger_ui.py for tasks to queue
[2024-04-17T10:24:26.842-0300] {logging_mixin.py:188} INFO - [2024-04-17T10:24:26.841-0300] {dagbag.py:540} INFO - Filling up the DagBag from /home/lborba/.cache/pypoetry/virtualenvs/airflow-tutorial-3ROeDTU8-py3.11/lib/python3.11/site-packages/airflow/example_dags/example_params_trigger_ui.py
[2024-04-17T10:24:26.856-0300] {processor.py:840} INFO - DAG(s) 'example_params_trigger_ui' retrieved from /home/lborba/.cache/pypoetry/virtualenvs/airflow-tutorial-3ROeDTU8-py3.11/lib/python3.11/site-packages/airflow/example_dags/example_params_trigger_ui.py
[2024-04-17T10:24:26.883-0300] {logging_mixin.py:188} INFO - [2024-04-17T10:24:26.883-0300] {dag.py:3096} INFO - Sync 1 DAGs
[2024-04-17T10:24:26.891-0300] {logging_mixin.py:188} INFO - [2024-04-17T10:24:26.891-0300] {dag.py:3954} INFO - Setting next_dagrun for example_params_trigger_ui to None, run_after=None
[2024-04-17T10:24:26.907-0300] {processor.py:183} INFO - Processing /home/lborba/.cache/pypoetry/virtualenvs/airflow-tutorial-3ROeDTU8-py3.11/lib/python3.11/site-packages/airflow/example_dags/example_params_trigger_ui.py took 0.078 seconds
