[2024-04-17T10:10:18.522-0300] {processor.py:161} INFO - Started process (PID=23150) to work on /home/lborba/.cache/pypoetry/virtualenvs/airflow-tutorial-3ROeDTU8-py3.11/lib/python3.11/site-packages/airflow/example_dags/example_task_group_decorator.py
[2024-04-17T10:10:18.523-0300] {processor.py:830} INFO - Processing file /home/lborba/.cache/pypoetry/virtualenvs/airflow-tutorial-3ROeDTU8-py3.11/lib/python3.11/site-packages/airflow/example_dags/example_task_group_decorator.py for tasks to queue
[2024-04-17T10:10:18.524-0300] {logging_mixin.py:188} INFO - [2024-04-17T10:10:18.524-0300] {dagbag.py:540} INFO - Filling up the DagBag from /home/lborba/.cache/pypoetry/virtualenvs/airflow-tutorial-3ROeDTU8-py3.11/lib/python3.11/site-packages/airflow/example_dags/example_task_group_decorator.py
[2024-04-17T10:10:18.536-0300] {processor.py:840} INFO - DAG(s) 'example_task_group_decorator' retrieved from /home/lborba/.cache/pypoetry/virtualenvs/airflow-tutorial-3ROeDTU8-py3.11/lib/python3.11/site-packages/airflow/example_dags/example_task_group_decorator.py
[2024-04-17T10:10:18.615-0300] {logging_mixin.py:188} INFO - [2024-04-17T10:10:18.614-0300] {override.py:1829} INFO - Created Permission View: can edit on DAG:example_task_group_decorator
[2024-04-17T10:10:18.629-0300] {logging_mixin.py:188} INFO - [2024-04-17T10:10:18.629-0300] {override.py:1829} INFO - Created Permission View: can delete on DAG:example_task_group_decorator
[2024-04-17T10:10:18.643-0300] {logging_mixin.py:188} INFO - [2024-04-17T10:10:18.642-0300] {override.py:1829} INFO - Created Permission View: can read on DAG:example_task_group_decorator
[2024-04-17T10:10:18.644-0300] {logging_mixin.py:188} INFO - [2024-04-17T10:10:18.643-0300] {dag.py:3096} INFO - Sync 1 DAGs
[2024-04-17T10:10:18.651-0300] {logging_mixin.py:188} INFO - [2024-04-17T10:10:18.650-0300] {dag.py:3118} INFO - Creating ORM DAG for example_task_group_decorator
[2024-04-17T10:10:18.658-0300] {logging_mixin.py:188} INFO - [2024-04-17T10:10:18.657-0300] {dag.py:3954} INFO - Setting next_dagrun for example_task_group_decorator to 2024-04-16 00:00:00+00:00, run_after=2024-04-17 00:00:00+00:00
[2024-04-17T10:10:18.675-0300] {processor.py:183} INFO - Processing /home/lborba/.cache/pypoetry/virtualenvs/airflow-tutorial-3ROeDTU8-py3.11/lib/python3.11/site-packages/airflow/example_dags/example_task_group_decorator.py took 0.156 seconds
[2024-04-17T10:11:12.276-0300] {processor.py:161} INFO - Started process (PID=23574) to work on /home/lborba/.cache/pypoetry/virtualenvs/airflow-tutorial-3ROeDTU8-py3.11/lib/python3.11/site-packages/airflow/example_dags/example_task_group_decorator.py
[2024-04-17T10:11:12.282-0300] {processor.py:830} INFO - Processing file /home/lborba/.cache/pypoetry/virtualenvs/airflow-tutorial-3ROeDTU8-py3.11/lib/python3.11/site-packages/airflow/example_dags/example_task_group_decorator.py for tasks to queue
[2024-04-17T10:11:12.284-0300] {logging_mixin.py:188} INFO - [2024-04-17T10:11:12.283-0300] {dagbag.py:540} INFO - Filling up the DagBag from /home/lborba/.cache/pypoetry/virtualenvs/airflow-tutorial-3ROeDTU8-py3.11/lib/python3.11/site-packages/airflow/example_dags/example_task_group_decorator.py
[2024-04-17T10:11:12.294-0300] {processor.py:840} INFO - DAG(s) 'example_task_group_decorator' retrieved from /home/lborba/.cache/pypoetry/virtualenvs/airflow-tutorial-3ROeDTU8-py3.11/lib/python3.11/site-packages/airflow/example_dags/example_task_group_decorator.py
[2024-04-17T10:11:12.306-0300] {logging_mixin.py:188} INFO - [2024-04-17T10:11:12.306-0300] {dag.py:3096} INFO - Sync 1 DAGs
[2024-04-17T10:11:12.319-0300] {logging_mixin.py:188} INFO - [2024-04-17T10:11:12.319-0300] {dag.py:3954} INFO - Setting next_dagrun for example_task_group_decorator to 2024-04-16 00:00:00+00:00, run_after=2024-04-17 00:00:00+00:00
[2024-04-17T10:11:12.338-0300] {processor.py:183} INFO - Processing /home/lborba/.cache/pypoetry/virtualenvs/airflow-tutorial-3ROeDTU8-py3.11/lib/python3.11/site-packages/airflow/example_dags/example_task_group_decorator.py took 0.066 seconds
[2024-04-17T10:12:01.370-0300] {processor.py:161} INFO - Started process (PID=23959) to work on /home/lborba/.cache/pypoetry/virtualenvs/airflow-tutorial-3ROeDTU8-py3.11/lib/python3.11/site-packages/airflow/example_dags/example_task_group_decorator.py
[2024-04-17T10:12:01.372-0300] {processor.py:830} INFO - Processing file /home/lborba/.cache/pypoetry/virtualenvs/airflow-tutorial-3ROeDTU8-py3.11/lib/python3.11/site-packages/airflow/example_dags/example_task_group_decorator.py for tasks to queue
[2024-04-17T10:12:01.374-0300] {logging_mixin.py:188} INFO - [2024-04-17T10:12:01.373-0300] {dagbag.py:540} INFO - Filling up the DagBag from /home/lborba/.cache/pypoetry/virtualenvs/airflow-tutorial-3ROeDTU8-py3.11/lib/python3.11/site-packages/airflow/example_dags/example_task_group_decorator.py
[2024-04-17T10:12:01.385-0300] {processor.py:840} INFO - DAG(s) 'example_task_group_decorator' retrieved from /home/lborba/.cache/pypoetry/virtualenvs/airflow-tutorial-3ROeDTU8-py3.11/lib/python3.11/site-packages/airflow/example_dags/example_task_group_decorator.py
[2024-04-17T10:12:01.400-0300] {logging_mixin.py:188} INFO - [2024-04-17T10:12:01.399-0300] {dag.py:3096} INFO - Sync 1 DAGs
[2024-04-17T10:12:01.414-0300] {logging_mixin.py:188} INFO - [2024-04-17T10:12:01.413-0300] {dag.py:3954} INFO - Setting next_dagrun for example_task_group_decorator to 2024-04-16 00:00:00+00:00, run_after=2024-04-17 00:00:00+00:00
[2024-04-17T10:12:01.433-0300] {processor.py:183} INFO - Processing /home/lborba/.cache/pypoetry/virtualenvs/airflow-tutorial-3ROeDTU8-py3.11/lib/python3.11/site-packages/airflow/example_dags/example_task_group_decorator.py took 0.067 seconds
[2024-04-17T10:12:51.437-0300] {processor.py:161} INFO - Started process (PID=24793) to work on /home/lborba/.cache/pypoetry/virtualenvs/airflow-tutorial-3ROeDTU8-py3.11/lib/python3.11/site-packages/airflow/example_dags/example_task_group_decorator.py
[2024-04-17T10:12:51.443-0300] {processor.py:830} INFO - Processing file /home/lborba/.cache/pypoetry/virtualenvs/airflow-tutorial-3ROeDTU8-py3.11/lib/python3.11/site-packages/airflow/example_dags/example_task_group_decorator.py for tasks to queue
[2024-04-17T10:12:51.444-0300] {logging_mixin.py:188} INFO - [2024-04-17T10:12:51.444-0300] {dagbag.py:540} INFO - Filling up the DagBag from /home/lborba/.cache/pypoetry/virtualenvs/airflow-tutorial-3ROeDTU8-py3.11/lib/python3.11/site-packages/airflow/example_dags/example_task_group_decorator.py
[2024-04-17T10:12:51.453-0300] {processor.py:840} INFO - DAG(s) 'example_task_group_decorator' retrieved from /home/lborba/.cache/pypoetry/virtualenvs/airflow-tutorial-3ROeDTU8-py3.11/lib/python3.11/site-packages/airflow/example_dags/example_task_group_decorator.py
[2024-04-17T10:12:51.465-0300] {logging_mixin.py:188} INFO - [2024-04-17T10:12:51.465-0300] {dag.py:3096} INFO - Sync 1 DAGs
[2024-04-17T10:12:51.477-0300] {logging_mixin.py:188} INFO - [2024-04-17T10:12:51.477-0300] {dag.py:3954} INFO - Setting next_dagrun for example_task_group_decorator to 2024-04-16 00:00:00+00:00, run_after=2024-04-17 00:00:00+00:00
[2024-04-17T10:12:51.492-0300] {processor.py:183} INFO - Processing /home/lborba/.cache/pypoetry/virtualenvs/airflow-tutorial-3ROeDTU8-py3.11/lib/python3.11/site-packages/airflow/example_dags/example_task_group_decorator.py took 0.059 seconds
[2024-04-17T10:13:38.643-0300] {processor.py:161} INFO - Started process (PID=25460) to work on /home/lborba/.cache/pypoetry/virtualenvs/airflow-tutorial-3ROeDTU8-py3.11/lib/python3.11/site-packages/airflow/example_dags/example_task_group_decorator.py
[2024-04-17T10:13:38.645-0300] {processor.py:830} INFO - Processing file /home/lborba/.cache/pypoetry/virtualenvs/airflow-tutorial-3ROeDTU8-py3.11/lib/python3.11/site-packages/airflow/example_dags/example_task_group_decorator.py for tasks to queue
[2024-04-17T10:13:38.647-0300] {logging_mixin.py:188} INFO - [2024-04-17T10:13:38.647-0300] {dagbag.py:540} INFO - Filling up the DagBag from /home/lborba/.cache/pypoetry/virtualenvs/airflow-tutorial-3ROeDTU8-py3.11/lib/python3.11/site-packages/airflow/example_dags/example_task_group_decorator.py
[2024-04-17T10:13:38.658-0300] {processor.py:840} INFO - DAG(s) 'example_task_group_decorator' retrieved from /home/lborba/.cache/pypoetry/virtualenvs/airflow-tutorial-3ROeDTU8-py3.11/lib/python3.11/site-packages/airflow/example_dags/example_task_group_decorator.py
[2024-04-17T10:13:38.674-0300] {logging_mixin.py:188} INFO - [2024-04-17T10:13:38.674-0300] {dag.py:3096} INFO - Sync 1 DAGs
[2024-04-17T10:13:38.687-0300] {logging_mixin.py:188} INFO - [2024-04-17T10:13:38.686-0300] {dag.py:3954} INFO - Setting next_dagrun for example_task_group_decorator to 2024-04-16 00:00:00+00:00, run_after=2024-04-17 00:00:00+00:00
[2024-04-17T10:13:38.703-0300] {processor.py:183} INFO - Processing /home/lborba/.cache/pypoetry/virtualenvs/airflow-tutorial-3ROeDTU8-py3.11/lib/python3.11/site-packages/airflow/example_dags/example_task_group_decorator.py took 0.065 seconds
[2024-04-17T10:14:36.591-0300] {processor.py:161} INFO - Started process (PID=26116) to work on /home/lborba/.cache/pypoetry/virtualenvs/airflow-tutorial-3ROeDTU8-py3.11/lib/python3.11/site-packages/airflow/example_dags/example_task_group_decorator.py
[2024-04-17T10:14:36.592-0300] {processor.py:830} INFO - Processing file /home/lborba/.cache/pypoetry/virtualenvs/airflow-tutorial-3ROeDTU8-py3.11/lib/python3.11/site-packages/airflow/example_dags/example_task_group_decorator.py for tasks to queue
[2024-04-17T10:14:36.594-0300] {logging_mixin.py:188} INFO - [2024-04-17T10:14:36.593-0300] {dagbag.py:540} INFO - Filling up the DagBag from /home/lborba/.cache/pypoetry/virtualenvs/airflow-tutorial-3ROeDTU8-py3.11/lib/python3.11/site-packages/airflow/example_dags/example_task_group_decorator.py
[2024-04-17T10:14:36.603-0300] {processor.py:840} INFO - DAG(s) 'example_task_group_decorator' retrieved from /home/lborba/.cache/pypoetry/virtualenvs/airflow-tutorial-3ROeDTU8-py3.11/lib/python3.11/site-packages/airflow/example_dags/example_task_group_decorator.py
[2024-04-17T10:14:36.616-0300] {logging_mixin.py:188} INFO - [2024-04-17T10:14:36.616-0300] {dag.py:3096} INFO - Sync 1 DAGs
[2024-04-17T10:14:36.629-0300] {logging_mixin.py:188} INFO - [2024-04-17T10:14:36.629-0300] {dag.py:3954} INFO - Setting next_dagrun for example_task_group_decorator to 2024-04-16 00:00:00+00:00, run_after=2024-04-17 00:00:00+00:00
[2024-04-17T10:14:36.645-0300] {processor.py:183} INFO - Processing /home/lborba/.cache/pypoetry/virtualenvs/airflow-tutorial-3ROeDTU8-py3.11/lib/python3.11/site-packages/airflow/example_dags/example_task_group_decorator.py took 0.059 seconds
[2024-04-17T10:15:34.763-0300] {processor.py:161} INFO - Started process (PID=26709) to work on /home/lborba/.cache/pypoetry/virtualenvs/airflow-tutorial-3ROeDTU8-py3.11/lib/python3.11/site-packages/airflow/example_dags/example_task_group_decorator.py
[2024-04-17T10:15:34.768-0300] {processor.py:830} INFO - Processing file /home/lborba/.cache/pypoetry/virtualenvs/airflow-tutorial-3ROeDTU8-py3.11/lib/python3.11/site-packages/airflow/example_dags/example_task_group_decorator.py for tasks to queue
[2024-04-17T10:15:34.769-0300] {logging_mixin.py:188} INFO - [2024-04-17T10:15:34.769-0300] {dagbag.py:540} INFO - Filling up the DagBag from /home/lborba/.cache/pypoetry/virtualenvs/airflow-tutorial-3ROeDTU8-py3.11/lib/python3.11/site-packages/airflow/example_dags/example_task_group_decorator.py
[2024-04-17T10:15:34.866-0300] {processor.py:840} INFO - DAG(s) 'example_task_group_decorator' retrieved from /home/lborba/.cache/pypoetry/virtualenvs/airflow-tutorial-3ROeDTU8-py3.11/lib/python3.11/site-packages/airflow/example_dags/example_task_group_decorator.py
[2024-04-17T10:15:34.876-0300] {logging_mixin.py:188} INFO - [2024-04-17T10:15:34.876-0300] {dag.py:3096} INFO - Sync 1 DAGs
[2024-04-17T10:15:34.887-0300] {logging_mixin.py:188} INFO - [2024-04-17T10:15:34.887-0300] {dag.py:3954} INFO - Setting next_dagrun for example_task_group_decorator to 2024-04-16 00:00:00+00:00, run_after=2024-04-17 00:00:00+00:00
[2024-04-17T10:15:34.904-0300] {processor.py:183} INFO - Processing /home/lborba/.cache/pypoetry/virtualenvs/airflow-tutorial-3ROeDTU8-py3.11/lib/python3.11/site-packages/airflow/example_dags/example_task_group_decorator.py took 0.145 seconds
[2024-04-17T10:16:17.466-0300] {processor.py:161} INFO - Started process (PID=27071) to work on /home/lborba/.cache/pypoetry/virtualenvs/airflow-tutorial-3ROeDTU8-py3.11/lib/python3.11/site-packages/airflow/example_dags/example_task_group_decorator.py
[2024-04-17T10:16:17.473-0300] {processor.py:830} INFO - Processing file /home/lborba/.cache/pypoetry/virtualenvs/airflow-tutorial-3ROeDTU8-py3.11/lib/python3.11/site-packages/airflow/example_dags/example_task_group_decorator.py for tasks to queue
[2024-04-17T10:16:17.475-0300] {logging_mixin.py:188} INFO - [2024-04-17T10:16:17.474-0300] {dagbag.py:540} INFO - Filling up the DagBag from /home/lborba/.cache/pypoetry/virtualenvs/airflow-tutorial-3ROeDTU8-py3.11/lib/python3.11/site-packages/airflow/example_dags/example_task_group_decorator.py
[2024-04-17T10:16:17.484-0300] {processor.py:840} INFO - DAG(s) 'example_task_group_decorator' retrieved from /home/lborba/.cache/pypoetry/virtualenvs/airflow-tutorial-3ROeDTU8-py3.11/lib/python3.11/site-packages/airflow/example_dags/example_task_group_decorator.py
[2024-04-17T10:16:17.498-0300] {logging_mixin.py:188} INFO - [2024-04-17T10:16:17.498-0300] {dag.py:3096} INFO - Sync 1 DAGs
[2024-04-17T10:16:17.511-0300] {logging_mixin.py:188} INFO - [2024-04-17T10:16:17.511-0300] {dag.py:3954} INFO - Setting next_dagrun for example_task_group_decorator to 2024-04-16 00:00:00+00:00, run_after=2024-04-17 00:00:00+00:00
[2024-04-17T10:16:17.535-0300] {processor.py:183} INFO - Processing /home/lborba/.cache/pypoetry/virtualenvs/airflow-tutorial-3ROeDTU8-py3.11/lib/python3.11/site-packages/airflow/example_dags/example_task_group_decorator.py took 0.074 seconds
[2024-04-17T10:17:17.117-0300] {processor.py:161} INFO - Started process (PID=27582) to work on /home/lborba/.cache/pypoetry/virtualenvs/airflow-tutorial-3ROeDTU8-py3.11/lib/python3.11/site-packages/airflow/example_dags/example_task_group_decorator.py
[2024-04-17T10:17:17.123-0300] {processor.py:830} INFO - Processing file /home/lborba/.cache/pypoetry/virtualenvs/airflow-tutorial-3ROeDTU8-py3.11/lib/python3.11/site-packages/airflow/example_dags/example_task_group_decorator.py for tasks to queue
[2024-04-17T10:17:17.125-0300] {logging_mixin.py:188} INFO - [2024-04-17T10:17:17.124-0300] {dagbag.py:540} INFO - Filling up the DagBag from /home/lborba/.cache/pypoetry/virtualenvs/airflow-tutorial-3ROeDTU8-py3.11/lib/python3.11/site-packages/airflow/example_dags/example_task_group_decorator.py
[2024-04-17T10:17:17.134-0300] {processor.py:840} INFO - DAG(s) 'example_task_group_decorator' retrieved from /home/lborba/.cache/pypoetry/virtualenvs/airflow-tutorial-3ROeDTU8-py3.11/lib/python3.11/site-packages/airflow/example_dags/example_task_group_decorator.py
[2024-04-17T10:17:17.148-0300] {logging_mixin.py:188} INFO - [2024-04-17T10:17:17.148-0300] {dag.py:3096} INFO - Sync 1 DAGs
[2024-04-17T10:17:17.159-0300] {logging_mixin.py:188} INFO - [2024-04-17T10:17:17.159-0300] {dag.py:3954} INFO - Setting next_dagrun for example_task_group_decorator to 2024-04-16 00:00:00+00:00, run_after=2024-04-17 00:00:00+00:00
[2024-04-17T10:17:17.177-0300] {processor.py:183} INFO - Processing /home/lborba/.cache/pypoetry/virtualenvs/airflow-tutorial-3ROeDTU8-py3.11/lib/python3.11/site-packages/airflow/example_dags/example_task_group_decorator.py took 0.064 seconds
[2024-04-17T10:18:16.672-0300] {processor.py:161} INFO - Started process (PID=28079) to work on /home/lborba/.cache/pypoetry/virtualenvs/airflow-tutorial-3ROeDTU8-py3.11/lib/python3.11/site-packages/airflow/example_dags/example_task_group_decorator.py
[2024-04-17T10:18:16.673-0300] {processor.py:830} INFO - Processing file /home/lborba/.cache/pypoetry/virtualenvs/airflow-tutorial-3ROeDTU8-py3.11/lib/python3.11/site-packages/airflow/example_dags/example_task_group_decorator.py for tasks to queue
[2024-04-17T10:18:16.674-0300] {logging_mixin.py:188} INFO - [2024-04-17T10:18:16.674-0300] {dagbag.py:540} INFO - Filling up the DagBag from /home/lborba/.cache/pypoetry/virtualenvs/airflow-tutorial-3ROeDTU8-py3.11/lib/python3.11/site-packages/airflow/example_dags/example_task_group_decorator.py
[2024-04-17T10:18:16.687-0300] {processor.py:840} INFO - DAG(s) 'example_task_group_decorator' retrieved from /home/lborba/.cache/pypoetry/virtualenvs/airflow-tutorial-3ROeDTU8-py3.11/lib/python3.11/site-packages/airflow/example_dags/example_task_group_decorator.py
[2024-04-17T10:18:16.702-0300] {logging_mixin.py:188} INFO - [2024-04-17T10:18:16.702-0300] {dag.py:3096} INFO - Sync 1 DAGs
[2024-04-17T10:18:16.716-0300] {logging_mixin.py:188} INFO - [2024-04-17T10:18:16.716-0300] {dag.py:3954} INFO - Setting next_dagrun for example_task_group_decorator to 2024-04-16 00:00:00+00:00, run_after=2024-04-17 00:00:00+00:00
[2024-04-17T10:18:16.734-0300] {processor.py:183} INFO - Processing /home/lborba/.cache/pypoetry/virtualenvs/airflow-tutorial-3ROeDTU8-py3.11/lib/python3.11/site-packages/airflow/example_dags/example_task_group_decorator.py took 0.068 seconds
[2024-04-17T10:19:17.478-0300] {processor.py:161} INFO - Started process (PID=28598) to work on /home/lborba/.cache/pypoetry/virtualenvs/airflow-tutorial-3ROeDTU8-py3.11/lib/python3.11/site-packages/airflow/example_dags/example_task_group_decorator.py
[2024-04-17T10:19:17.484-0300] {processor.py:830} INFO - Processing file /home/lborba/.cache/pypoetry/virtualenvs/airflow-tutorial-3ROeDTU8-py3.11/lib/python3.11/site-packages/airflow/example_dags/example_task_group_decorator.py for tasks to queue
[2024-04-17T10:19:17.485-0300] {logging_mixin.py:188} INFO - [2024-04-17T10:19:17.485-0300] {dagbag.py:540} INFO - Filling up the DagBag from /home/lborba/.cache/pypoetry/virtualenvs/airflow-tutorial-3ROeDTU8-py3.11/lib/python3.11/site-packages/airflow/example_dags/example_task_group_decorator.py
[2024-04-17T10:19:17.496-0300] {processor.py:840} INFO - DAG(s) 'example_task_group_decorator' retrieved from /home/lborba/.cache/pypoetry/virtualenvs/airflow-tutorial-3ROeDTU8-py3.11/lib/python3.11/site-packages/airflow/example_dags/example_task_group_decorator.py
[2024-04-17T10:19:17.510-0300] {logging_mixin.py:188} INFO - [2024-04-17T10:19:17.509-0300] {dag.py:3096} INFO - Sync 1 DAGs
[2024-04-17T10:19:17.527-0300] {logging_mixin.py:188} INFO - [2024-04-17T10:19:17.526-0300] {dag.py:3954} INFO - Setting next_dagrun for example_task_group_decorator to 2024-04-16 00:00:00+00:00, run_after=2024-04-17 00:00:00+00:00
[2024-04-17T10:19:17.548-0300] {processor.py:183} INFO - Processing /home/lborba/.cache/pypoetry/virtualenvs/airflow-tutorial-3ROeDTU8-py3.11/lib/python3.11/site-packages/airflow/example_dags/example_task_group_decorator.py took 0.074 seconds
[2024-04-17T10:20:14.487-0300] {processor.py:161} INFO - Started process (PID=29111) to work on /home/lborba/.cache/pypoetry/virtualenvs/airflow-tutorial-3ROeDTU8-py3.11/lib/python3.11/site-packages/airflow/example_dags/example_task_group_decorator.py
[2024-04-17T10:20:14.494-0300] {processor.py:830} INFO - Processing file /home/lborba/.cache/pypoetry/virtualenvs/airflow-tutorial-3ROeDTU8-py3.11/lib/python3.11/site-packages/airflow/example_dags/example_task_group_decorator.py for tasks to queue
[2024-04-17T10:20:14.495-0300] {logging_mixin.py:188} INFO - [2024-04-17T10:20:14.495-0300] {dagbag.py:540} INFO - Filling up the DagBag from /home/lborba/.cache/pypoetry/virtualenvs/airflow-tutorial-3ROeDTU8-py3.11/lib/python3.11/site-packages/airflow/example_dags/example_task_group_decorator.py
[2024-04-17T10:20:14.505-0300] {processor.py:840} INFO - DAG(s) 'example_task_group_decorator' retrieved from /home/lborba/.cache/pypoetry/virtualenvs/airflow-tutorial-3ROeDTU8-py3.11/lib/python3.11/site-packages/airflow/example_dags/example_task_group_decorator.py
[2024-04-17T10:20:14.519-0300] {logging_mixin.py:188} INFO - [2024-04-17T10:20:14.518-0300] {dag.py:3096} INFO - Sync 1 DAGs
[2024-04-17T10:20:14.531-0300] {logging_mixin.py:188} INFO - [2024-04-17T10:20:14.531-0300] {dag.py:3954} INFO - Setting next_dagrun for example_task_group_decorator to 2024-04-16 00:00:00+00:00, run_after=2024-04-17 00:00:00+00:00
[2024-04-17T10:20:14.550-0300] {processor.py:183} INFO - Processing /home/lborba/.cache/pypoetry/virtualenvs/airflow-tutorial-3ROeDTU8-py3.11/lib/python3.11/site-packages/airflow/example_dags/example_task_group_decorator.py took 0.067 seconds
[2024-04-17T10:21:13.840-0300] {processor.py:161} INFO - Started process (PID=29614) to work on /home/lborba/.cache/pypoetry/virtualenvs/airflow-tutorial-3ROeDTU8-py3.11/lib/python3.11/site-packages/airflow/example_dags/example_task_group_decorator.py
[2024-04-17T10:21:13.841-0300] {processor.py:830} INFO - Processing file /home/lborba/.cache/pypoetry/virtualenvs/airflow-tutorial-3ROeDTU8-py3.11/lib/python3.11/site-packages/airflow/example_dags/example_task_group_decorator.py for tasks to queue
[2024-04-17T10:21:13.842-0300] {logging_mixin.py:188} INFO - [2024-04-17T10:21:13.842-0300] {dagbag.py:540} INFO - Filling up the DagBag from /home/lborba/.cache/pypoetry/virtualenvs/airflow-tutorial-3ROeDTU8-py3.11/lib/python3.11/site-packages/airflow/example_dags/example_task_group_decorator.py
[2024-04-17T10:21:13.853-0300] {processor.py:840} INFO - DAG(s) 'example_task_group_decorator' retrieved from /home/lborba/.cache/pypoetry/virtualenvs/airflow-tutorial-3ROeDTU8-py3.11/lib/python3.11/site-packages/airflow/example_dags/example_task_group_decorator.py
[2024-04-17T10:21:13.868-0300] {logging_mixin.py:188} INFO - [2024-04-17T10:21:13.868-0300] {dag.py:3096} INFO - Sync 1 DAGs
[2024-04-17T10:21:13.881-0300] {logging_mixin.py:188} INFO - [2024-04-17T10:21:13.881-0300] {dag.py:3954} INFO - Setting next_dagrun for example_task_group_decorator to 2024-04-16 00:00:00+00:00, run_after=2024-04-17 00:00:00+00:00
[2024-04-17T10:21:13.900-0300] {processor.py:183} INFO - Processing /home/lborba/.cache/pypoetry/virtualenvs/airflow-tutorial-3ROeDTU8-py3.11/lib/python3.11/site-packages/airflow/example_dags/example_task_group_decorator.py took 0.066 seconds
[2024-04-17T10:22:10.722-0300] {processor.py:161} INFO - Started process (PID=30093) to work on /home/lborba/.cache/pypoetry/virtualenvs/airflow-tutorial-3ROeDTU8-py3.11/lib/python3.11/site-packages/airflow/example_dags/example_task_group_decorator.py
[2024-04-17T10:22:10.728-0300] {processor.py:830} INFO - Processing file /home/lborba/.cache/pypoetry/virtualenvs/airflow-tutorial-3ROeDTU8-py3.11/lib/python3.11/site-packages/airflow/example_dags/example_task_group_decorator.py for tasks to queue
[2024-04-17T10:22:10.729-0300] {logging_mixin.py:188} INFO - [2024-04-17T10:22:10.729-0300] {dagbag.py:540} INFO - Filling up the DagBag from /home/lborba/.cache/pypoetry/virtualenvs/airflow-tutorial-3ROeDTU8-py3.11/lib/python3.11/site-packages/airflow/example_dags/example_task_group_decorator.py
[2024-04-17T10:22:10.739-0300] {processor.py:840} INFO - DAG(s) 'example_task_group_decorator' retrieved from /home/lborba/.cache/pypoetry/virtualenvs/airflow-tutorial-3ROeDTU8-py3.11/lib/python3.11/site-packages/airflow/example_dags/example_task_group_decorator.py
[2024-04-17T10:22:10.754-0300] {logging_mixin.py:188} INFO - [2024-04-17T10:22:10.754-0300] {dag.py:3096} INFO - Sync 1 DAGs
[2024-04-17T10:22:10.772-0300] {logging_mixin.py:188} INFO - [2024-04-17T10:22:10.772-0300] {dag.py:3954} INFO - Setting next_dagrun for example_task_group_decorator to 2024-04-16 00:00:00+00:00, run_after=2024-04-17 00:00:00+00:00
[2024-04-17T10:22:10.798-0300] {processor.py:183} INFO - Processing /home/lborba/.cache/pypoetry/virtualenvs/airflow-tutorial-3ROeDTU8-py3.11/lib/python3.11/site-packages/airflow/example_dags/example_task_group_decorator.py took 0.081 seconds
[2024-04-17T10:23:09.317-0300] {processor.py:161} INFO - Started process (PID=30589) to work on /home/lborba/.cache/pypoetry/virtualenvs/airflow-tutorial-3ROeDTU8-py3.11/lib/python3.11/site-packages/airflow/example_dags/example_task_group_decorator.py
[2024-04-17T10:23:09.323-0300] {processor.py:830} INFO - Processing file /home/lborba/.cache/pypoetry/virtualenvs/airflow-tutorial-3ROeDTU8-py3.11/lib/python3.11/site-packages/airflow/example_dags/example_task_group_decorator.py for tasks to queue
[2024-04-17T10:23:09.324-0300] {logging_mixin.py:188} INFO - [2024-04-17T10:23:09.324-0300] {dagbag.py:540} INFO - Filling up the DagBag from /home/lborba/.cache/pypoetry/virtualenvs/airflow-tutorial-3ROeDTU8-py3.11/lib/python3.11/site-packages/airflow/example_dags/example_task_group_decorator.py
[2024-04-17T10:23:09.334-0300] {processor.py:840} INFO - DAG(s) 'example_task_group_decorator' retrieved from /home/lborba/.cache/pypoetry/virtualenvs/airflow-tutorial-3ROeDTU8-py3.11/lib/python3.11/site-packages/airflow/example_dags/example_task_group_decorator.py
[2024-04-17T10:23:09.349-0300] {logging_mixin.py:188} INFO - [2024-04-17T10:23:09.349-0300] {dag.py:3096} INFO - Sync 1 DAGs
[2024-04-17T10:23:09.366-0300] {logging_mixin.py:188} INFO - [2024-04-17T10:23:09.366-0300] {dag.py:3954} INFO - Setting next_dagrun for example_task_group_decorator to 2024-04-16 00:00:00+00:00, run_after=2024-04-17 00:00:00+00:00
[2024-04-17T10:23:09.384-0300] {processor.py:183} INFO - Processing /home/lborba/.cache/pypoetry/virtualenvs/airflow-tutorial-3ROeDTU8-py3.11/lib/python3.11/site-packages/airflow/example_dags/example_task_group_decorator.py took 0.072 seconds
[2024-04-17T10:24:09.667-0300] {processor.py:161} INFO - Started process (PID=31096) to work on /home/lborba/.cache/pypoetry/virtualenvs/airflow-tutorial-3ROeDTU8-py3.11/lib/python3.11/site-packages/airflow/example_dags/example_task_group_decorator.py
[2024-04-17T10:24:09.672-0300] {processor.py:830} INFO - Processing file /home/lborba/.cache/pypoetry/virtualenvs/airflow-tutorial-3ROeDTU8-py3.11/lib/python3.11/site-packages/airflow/example_dags/example_task_group_decorator.py for tasks to queue
[2024-04-17T10:24:09.674-0300] {logging_mixin.py:188} INFO - [2024-04-17T10:24:09.674-0300] {dagbag.py:540} INFO - Filling up the DagBag from /home/lborba/.cache/pypoetry/virtualenvs/airflow-tutorial-3ROeDTU8-py3.11/lib/python3.11/site-packages/airflow/example_dags/example_task_group_decorator.py
[2024-04-17T10:24:09.687-0300] {processor.py:840} INFO - DAG(s) 'example_task_group_decorator' retrieved from /home/lborba/.cache/pypoetry/virtualenvs/airflow-tutorial-3ROeDTU8-py3.11/lib/python3.11/site-packages/airflow/example_dags/example_task_group_decorator.py
[2024-04-17T10:24:09.704-0300] {logging_mixin.py:188} INFO - [2024-04-17T10:24:09.703-0300] {dag.py:3096} INFO - Sync 1 DAGs
[2024-04-17T10:24:09.718-0300] {logging_mixin.py:188} INFO - [2024-04-17T10:24:09.718-0300] {dag.py:3954} INFO - Setting next_dagrun for example_task_group_decorator to 2024-04-16 00:00:00+00:00, run_after=2024-04-17 00:00:00+00:00
[2024-04-17T10:24:09.739-0300] {processor.py:183} INFO - Processing /home/lborba/.cache/pypoetry/virtualenvs/airflow-tutorial-3ROeDTU8-py3.11/lib/python3.11/site-packages/airflow/example_dags/example_task_group_decorator.py took 0.077 seconds
[2024-04-17T10:25:03.969-0300] {processor.py:161} INFO - Started process (PID=31590) to work on /home/lborba/.cache/pypoetry/virtualenvs/airflow-tutorial-3ROeDTU8-py3.11/lib/python3.11/site-packages/airflow/example_dags/example_task_group_decorator.py
[2024-04-17T10:25:03.971-0300] {processor.py:830} INFO - Processing file /home/lborba/.cache/pypoetry/virtualenvs/airflow-tutorial-3ROeDTU8-py3.11/lib/python3.11/site-packages/airflow/example_dags/example_task_group_decorator.py for tasks to queue
[2024-04-17T10:25:03.972-0300] {logging_mixin.py:188} INFO - [2024-04-17T10:25:03.972-0300] {dagbag.py:540} INFO - Filling up the DagBag from /home/lborba/.cache/pypoetry/virtualenvs/airflow-tutorial-3ROeDTU8-py3.11/lib/python3.11/site-packages/airflow/example_dags/example_task_group_decorator.py
[2024-04-17T10:25:03.981-0300] {processor.py:840} INFO - DAG(s) 'example_task_group_decorator' retrieved from /home/lborba/.cache/pypoetry/virtualenvs/airflow-tutorial-3ROeDTU8-py3.11/lib/python3.11/site-packages/airflow/example_dags/example_task_group_decorator.py
[2024-04-17T10:25:03.996-0300] {logging_mixin.py:188} INFO - [2024-04-17T10:25:03.996-0300] {dag.py:3096} INFO - Sync 1 DAGs
[2024-04-17T10:25:04.015-0300] {logging_mixin.py:188} INFO - [2024-04-17T10:25:04.015-0300] {dag.py:3954} INFO - Setting next_dagrun for example_task_group_decorator to 2024-04-16 00:00:00+00:00, run_after=2024-04-17 00:00:00+00:00
[2024-04-17T10:25:04.036-0300] {processor.py:183} INFO - Processing /home/lborba/.cache/pypoetry/virtualenvs/airflow-tutorial-3ROeDTU8-py3.11/lib/python3.11/site-packages/airflow/example_dags/example_task_group_decorator.py took 0.071 seconds
