[2024-04-17T10:10:27.662-0300] {processor.py:161} INFO - Started process (PID=23218) to work on /home/lborba/.cache/pypoetry/virtualenvs/airflow-tutorial-3ROeDTU8-py3.11/lib/python3.11/site-packages/airflow/example_dags/example_sla_dag.py
[2024-04-17T10:10:27.662-0300] {processor.py:830} INFO - Processing file /home/lborba/.cache/pypoetry/virtualenvs/airflow-tutorial-3ROeDTU8-py3.11/lib/python3.11/site-packages/airflow/example_dags/example_sla_dag.py for tasks to queue
[2024-04-17T10:10:27.664-0300] {logging_mixin.py:188} INFO - [2024-04-17T10:10:27.663-0300] {dagbag.py:540} INFO - Filling up the DagBag from /home/lborba/.cache/pypoetry/virtualenvs/airflow-tutorial-3ROeDTU8-py3.11/lib/python3.11/site-packages/airflow/example_dags/example_sla_dag.py
[2024-04-17T10:10:27.674-0300] {processor.py:840} INFO - DAG(s) 'example_sla_dag' retrieved from /home/lborba/.cache/pypoetry/virtualenvs/airflow-tutorial-3ROeDTU8-py3.11/lib/python3.11/site-packages/airflow/example_dags/example_sla_dag.py
[2024-04-17T10:10:27.758-0300] {logging_mixin.py:188} INFO - [2024-04-17T10:10:27.757-0300] {override.py:1829} INFO - Created Permission View: can edit on DAG:example_sla_dag
[2024-04-17T10:10:27.771-0300] {logging_mixin.py:188} INFO - [2024-04-17T10:10:27.771-0300] {override.py:1829} INFO - Created Permission View: can delete on DAG:example_sla_dag
[2024-04-17T10:10:27.780-0300] {logging_mixin.py:188} INFO - [2024-04-17T10:10:27.780-0300] {override.py:1829} INFO - Created Permission View: can read on DAG:example_sla_dag
[2024-04-17T10:10:27.781-0300] {logging_mixin.py:188} INFO - [2024-04-17T10:10:27.781-0300] {dag.py:3096} INFO - Sync 1 DAGs
[2024-04-17T10:10:27.788-0300] {logging_mixin.py:188} INFO - [2024-04-17T10:10:27.787-0300] {dag.py:3118} INFO - Creating ORM DAG for example_sla_dag
[2024-04-17T10:10:27.797-0300] {logging_mixin.py:188} INFO - [2024-04-17T10:10:27.796-0300] {dag.py:3954} INFO - Setting next_dagrun for example_sla_dag to 2024-04-17 13:08:00+00:00, run_after=2024-04-17 13:10:00+00:00
[2024-04-17T10:10:27.815-0300] {processor.py:183} INFO - Processing /home/lborba/.cache/pypoetry/virtualenvs/airflow-tutorial-3ROeDTU8-py3.11/lib/python3.11/site-packages/airflow/example_dags/example_sla_dag.py took 0.159 seconds
[2024-04-17T10:11:19.152-0300] {processor.py:161} INFO - Started process (PID=23627) to work on /home/lborba/.cache/pypoetry/virtualenvs/airflow-tutorial-3ROeDTU8-py3.11/lib/python3.11/site-packages/airflow/example_dags/example_sla_dag.py
[2024-04-17T10:11:19.154-0300] {processor.py:830} INFO - Processing file /home/lborba/.cache/pypoetry/virtualenvs/airflow-tutorial-3ROeDTU8-py3.11/lib/python3.11/site-packages/airflow/example_dags/example_sla_dag.py for tasks to queue
[2024-04-17T10:11:19.155-0300] {logging_mixin.py:188} INFO - [2024-04-17T10:11:19.154-0300] {dagbag.py:540} INFO - Filling up the DagBag from /home/lborba/.cache/pypoetry/virtualenvs/airflow-tutorial-3ROeDTU8-py3.11/lib/python3.11/site-packages/airflow/example_dags/example_sla_dag.py
[2024-04-17T10:11:19.161-0300] {processor.py:840} INFO - DAG(s) 'example_sla_dag' retrieved from /home/lborba/.cache/pypoetry/virtualenvs/airflow-tutorial-3ROeDTU8-py3.11/lib/python3.11/site-packages/airflow/example_dags/example_sla_dag.py
[2024-04-17T10:11:19.170-0300] {logging_mixin.py:188} INFO - [2024-04-17T10:11:19.170-0300] {dag.py:3096} INFO - Sync 1 DAGs
[2024-04-17T10:11:19.185-0300] {logging_mixin.py:188} INFO - [2024-04-17T10:11:19.185-0300] {dag.py:3954} INFO - Setting next_dagrun for example_sla_dag to 2024-04-17 13:08:00+00:00, run_after=2024-04-17 13:10:00+00:00
[2024-04-17T10:11:19.202-0300] {processor.py:183} INFO - Processing /home/lborba/.cache/pypoetry/virtualenvs/airflow-tutorial-3ROeDTU8-py3.11/lib/python3.11/site-packages/airflow/example_dags/example_sla_dag.py took 0.053 seconds
[2024-04-17T10:12:09.995-0300] {processor.py:161} INFO - Started process (PID=24081) to work on /home/lborba/.cache/pypoetry/virtualenvs/airflow-tutorial-3ROeDTU8-py3.11/lib/python3.11/site-packages/airflow/example_dags/example_sla_dag.py
[2024-04-17T10:12:09.996-0300] {processor.py:830} INFO - Processing file /home/lborba/.cache/pypoetry/virtualenvs/airflow-tutorial-3ROeDTU8-py3.11/lib/python3.11/site-packages/airflow/example_dags/example_sla_dag.py for tasks to queue
[2024-04-17T10:12:09.997-0300] {logging_mixin.py:188} INFO - [2024-04-17T10:12:09.997-0300] {dagbag.py:540} INFO - Filling up the DagBag from /home/lborba/.cache/pypoetry/virtualenvs/airflow-tutorial-3ROeDTU8-py3.11/lib/python3.11/site-packages/airflow/example_dags/example_sla_dag.py
[2024-04-17T10:12:10.003-0300] {processor.py:840} INFO - DAG(s) 'example_sla_dag' retrieved from /home/lborba/.cache/pypoetry/virtualenvs/airflow-tutorial-3ROeDTU8-py3.11/lib/python3.11/site-packages/airflow/example_dags/example_sla_dag.py
[2024-04-17T10:12:10.015-0300] {logging_mixin.py:188} INFO - [2024-04-17T10:12:10.015-0300] {dag.py:3096} INFO - Sync 1 DAGs
[2024-04-17T10:12:10.029-0300] {logging_mixin.py:188} INFO - [2024-04-17T10:12:10.029-0300] {dag.py:3954} INFO - Setting next_dagrun for example_sla_dag to 2024-04-17 13:10:00+00:00, run_after=2024-04-17 13:12:00+00:00
[2024-04-17T10:12:10.050-0300] {processor.py:183} INFO - Processing /home/lborba/.cache/pypoetry/virtualenvs/airflow-tutorial-3ROeDTU8-py3.11/lib/python3.11/site-packages/airflow/example_dags/example_sla_dag.py took 0.059 seconds
[2024-04-17T10:13:15.555-0300] {processor.py:161} INFO - Started process (PID=25193) to work on /home/lborba/.cache/pypoetry/virtualenvs/airflow-tutorial-3ROeDTU8-py3.11/lib/python3.11/site-packages/airflow/example_dags/example_sla_dag.py
[2024-04-17T10:13:15.556-0300] {processor.py:830} INFO - Processing file /home/lborba/.cache/pypoetry/virtualenvs/airflow-tutorial-3ROeDTU8-py3.11/lib/python3.11/site-packages/airflow/example_dags/example_sla_dag.py for tasks to queue
[2024-04-17T10:13:15.557-0300] {logging_mixin.py:188} INFO - [2024-04-17T10:13:15.557-0300] {dagbag.py:540} INFO - Filling up the DagBag from /home/lborba/.cache/pypoetry/virtualenvs/airflow-tutorial-3ROeDTU8-py3.11/lib/python3.11/site-packages/airflow/example_dags/example_sla_dag.py
[2024-04-17T10:13:15.564-0300] {processor.py:840} INFO - DAG(s) 'example_sla_dag' retrieved from /home/lborba/.cache/pypoetry/virtualenvs/airflow-tutorial-3ROeDTU8-py3.11/lib/python3.11/site-packages/airflow/example_dags/example_sla_dag.py
[2024-04-17T10:13:15.574-0300] {logging_mixin.py:188} INFO - [2024-04-17T10:13:15.574-0300] {dag.py:3096} INFO - Sync 1 DAGs
[2024-04-17T10:13:15.589-0300] {logging_mixin.py:188} INFO - [2024-04-17T10:13:15.589-0300] {dag.py:3954} INFO - Setting next_dagrun for example_sla_dag to 2024-04-17 13:10:00+00:00, run_after=2024-04-17 13:12:00+00:00
[2024-04-17T10:13:15.606-0300] {processor.py:183} INFO - Processing /home/lborba/.cache/pypoetry/virtualenvs/airflow-tutorial-3ROeDTU8-py3.11/lib/python3.11/site-packages/airflow/example_dags/example_sla_dag.py took 0.055 seconds
[2024-04-17T10:13:59.444-0300] {processor.py:161} INFO - Started process (PID=25668) to work on /home/lborba/.cache/pypoetry/virtualenvs/airflow-tutorial-3ROeDTU8-py3.11/lib/python3.11/site-packages/airflow/example_dags/example_sla_dag.py
[2024-04-17T10:13:59.446-0300] {processor.py:830} INFO - Processing file /home/lborba/.cache/pypoetry/virtualenvs/airflow-tutorial-3ROeDTU8-py3.11/lib/python3.11/site-packages/airflow/example_dags/example_sla_dag.py for tasks to queue
[2024-04-17T10:13:59.447-0300] {logging_mixin.py:188} INFO - [2024-04-17T10:13:59.447-0300] {dagbag.py:540} INFO - Filling up the DagBag from /home/lborba/.cache/pypoetry/virtualenvs/airflow-tutorial-3ROeDTU8-py3.11/lib/python3.11/site-packages/airflow/example_dags/example_sla_dag.py
[2024-04-17T10:13:59.454-0300] {processor.py:840} INFO - DAG(s) 'example_sla_dag' retrieved from /home/lborba/.cache/pypoetry/virtualenvs/airflow-tutorial-3ROeDTU8-py3.11/lib/python3.11/site-packages/airflow/example_dags/example_sla_dag.py
[2024-04-17T10:13:59.470-0300] {logging_mixin.py:188} INFO - [2024-04-17T10:13:59.469-0300] {dag.py:3096} INFO - Sync 1 DAGs
[2024-04-17T10:13:59.494-0300] {logging_mixin.py:188} INFO - [2024-04-17T10:13:59.494-0300] {dag.py:3954} INFO - Setting next_dagrun for example_sla_dag to 2024-04-17 13:10:00+00:00, run_after=2024-04-17 13:12:00+00:00
[2024-04-17T10:13:59.515-0300] {processor.py:183} INFO - Processing /home/lborba/.cache/pypoetry/virtualenvs/airflow-tutorial-3ROeDTU8-py3.11/lib/python3.11/site-packages/airflow/example_dags/example_sla_dag.py took 0.076 seconds
[2024-04-17T10:14:55.086-0300] {processor.py:161} INFO - Started process (PID=26308) to work on /home/lborba/.cache/pypoetry/virtualenvs/airflow-tutorial-3ROeDTU8-py3.11/lib/python3.11/site-packages/airflow/example_dags/example_sla_dag.py
[2024-04-17T10:14:55.087-0300] {processor.py:830} INFO - Processing file /home/lborba/.cache/pypoetry/virtualenvs/airflow-tutorial-3ROeDTU8-py3.11/lib/python3.11/site-packages/airflow/example_dags/example_sla_dag.py for tasks to queue
[2024-04-17T10:14:55.088-0300] {logging_mixin.py:188} INFO - [2024-04-17T10:14:55.088-0300] {dagbag.py:540} INFO - Filling up the DagBag from /home/lborba/.cache/pypoetry/virtualenvs/airflow-tutorial-3ROeDTU8-py3.11/lib/python3.11/site-packages/airflow/example_dags/example_sla_dag.py
[2024-04-17T10:14:55.095-0300] {processor.py:840} INFO - DAG(s) 'example_sla_dag' retrieved from /home/lborba/.cache/pypoetry/virtualenvs/airflow-tutorial-3ROeDTU8-py3.11/lib/python3.11/site-packages/airflow/example_dags/example_sla_dag.py
[2024-04-17T10:14:55.105-0300] {logging_mixin.py:188} INFO - [2024-04-17T10:14:55.105-0300] {dag.py:3096} INFO - Sync 1 DAGs
[2024-04-17T10:14:55.119-0300] {logging_mixin.py:188} INFO - [2024-04-17T10:14:55.119-0300] {dag.py:3954} INFO - Setting next_dagrun for example_sla_dag to 2024-04-17 13:12:00+00:00, run_after=2024-04-17 13:14:00+00:00
[2024-04-17T10:14:55.226-0300] {processor.py:183} INFO - Processing /home/lborba/.cache/pypoetry/virtualenvs/airflow-tutorial-3ROeDTU8-py3.11/lib/python3.11/site-packages/airflow/example_dags/example_sla_dag.py took 0.144 seconds
[2024-04-17T10:15:57.465-0300] {processor.py:161} INFO - Started process (PID=26900) to work on /home/lborba/.cache/pypoetry/virtualenvs/airflow-tutorial-3ROeDTU8-py3.11/lib/python3.11/site-packages/airflow/example_dags/example_sla_dag.py
[2024-04-17T10:15:57.470-0300] {processor.py:830} INFO - Processing file /home/lborba/.cache/pypoetry/virtualenvs/airflow-tutorial-3ROeDTU8-py3.11/lib/python3.11/site-packages/airflow/example_dags/example_sla_dag.py for tasks to queue
[2024-04-17T10:15:57.472-0300] {logging_mixin.py:188} INFO - [2024-04-17T10:15:57.471-0300] {dagbag.py:540} INFO - Filling up the DagBag from /home/lborba/.cache/pypoetry/virtualenvs/airflow-tutorial-3ROeDTU8-py3.11/lib/python3.11/site-packages/airflow/example_dags/example_sla_dag.py
[2024-04-17T10:15:57.478-0300] {processor.py:840} INFO - DAG(s) 'example_sla_dag' retrieved from /home/lborba/.cache/pypoetry/virtualenvs/airflow-tutorial-3ROeDTU8-py3.11/lib/python3.11/site-packages/airflow/example_dags/example_sla_dag.py
[2024-04-17T10:15:57.489-0300] {logging_mixin.py:188} INFO - [2024-04-17T10:15:57.489-0300] {dag.py:3096} INFO - Sync 1 DAGs
[2024-04-17T10:15:57.503-0300] {logging_mixin.py:188} INFO - [2024-04-17T10:15:57.503-0300] {dag.py:3954} INFO - Setting next_dagrun for example_sla_dag to 2024-04-17 13:12:00+00:00, run_after=2024-04-17 13:14:00+00:00
[2024-04-17T10:15:57.520-0300] {processor.py:183} INFO - Processing /home/lborba/.cache/pypoetry/virtualenvs/airflow-tutorial-3ROeDTU8-py3.11/lib/python3.11/site-packages/airflow/example_dags/example_sla_dag.py took 0.060 seconds
[2024-04-17T10:16:59.183-0300] {processor.py:161} INFO - Started process (PID=27421) to work on /home/lborba/.cache/pypoetry/virtualenvs/airflow-tutorial-3ROeDTU8-py3.11/lib/python3.11/site-packages/airflow/example_dags/example_sla_dag.py
[2024-04-17T10:16:59.185-0300] {processor.py:830} INFO - Processing file /home/lborba/.cache/pypoetry/virtualenvs/airflow-tutorial-3ROeDTU8-py3.11/lib/python3.11/site-packages/airflow/example_dags/example_sla_dag.py for tasks to queue
[2024-04-17T10:16:59.186-0300] {logging_mixin.py:188} INFO - [2024-04-17T10:16:59.186-0300] {dagbag.py:540} INFO - Filling up the DagBag from /home/lborba/.cache/pypoetry/virtualenvs/airflow-tutorial-3ROeDTU8-py3.11/lib/python3.11/site-packages/airflow/example_dags/example_sla_dag.py
[2024-04-17T10:16:59.192-0300] {processor.py:840} INFO - DAG(s) 'example_sla_dag' retrieved from /home/lborba/.cache/pypoetry/virtualenvs/airflow-tutorial-3ROeDTU8-py3.11/lib/python3.11/site-packages/airflow/example_dags/example_sla_dag.py
[2024-04-17T10:16:59.204-0300] {logging_mixin.py:188} INFO - [2024-04-17T10:16:59.204-0300] {dag.py:3096} INFO - Sync 1 DAGs
[2024-04-17T10:16:59.218-0300] {logging_mixin.py:188} INFO - [2024-04-17T10:16:59.218-0300] {dag.py:3954} INFO - Setting next_dagrun for example_sla_dag to 2024-04-17 13:14:00+00:00, run_after=2024-04-17 13:16:00+00:00
[2024-04-17T10:16:59.237-0300] {processor.py:183} INFO - Processing /home/lborba/.cache/pypoetry/virtualenvs/airflow-tutorial-3ROeDTU8-py3.11/lib/python3.11/site-packages/airflow/example_dags/example_sla_dag.py took 0.058 seconds
[2024-04-17T10:17:57.140-0300] {processor.py:161} INFO - Started process (PID=27917) to work on /home/lborba/.cache/pypoetry/virtualenvs/airflow-tutorial-3ROeDTU8-py3.11/lib/python3.11/site-packages/airflow/example_dags/example_sla_dag.py
[2024-04-17T10:17:57.147-0300] {processor.py:830} INFO - Processing file /home/lborba/.cache/pypoetry/virtualenvs/airflow-tutorial-3ROeDTU8-py3.11/lib/python3.11/site-packages/airflow/example_dags/example_sla_dag.py for tasks to queue
[2024-04-17T10:17:57.149-0300] {logging_mixin.py:188} INFO - [2024-04-17T10:17:57.148-0300] {dagbag.py:540} INFO - Filling up the DagBag from /home/lborba/.cache/pypoetry/virtualenvs/airflow-tutorial-3ROeDTU8-py3.11/lib/python3.11/site-packages/airflow/example_dags/example_sla_dag.py
[2024-04-17T10:17:57.155-0300] {processor.py:840} INFO - DAG(s) 'example_sla_dag' retrieved from /home/lborba/.cache/pypoetry/virtualenvs/airflow-tutorial-3ROeDTU8-py3.11/lib/python3.11/site-packages/airflow/example_dags/example_sla_dag.py
[2024-04-17T10:17:57.165-0300] {logging_mixin.py:188} INFO - [2024-04-17T10:17:57.165-0300] {dag.py:3096} INFO - Sync 1 DAGs
[2024-04-17T10:17:57.178-0300] {logging_mixin.py:188} INFO - [2024-04-17T10:17:57.178-0300] {dag.py:3954} INFO - Setting next_dagrun for example_sla_dag to 2024-04-17 13:14:00+00:00, run_after=2024-04-17 13:16:00+00:00
[2024-04-17T10:17:57.196-0300] {processor.py:183} INFO - Processing /home/lborba/.cache/pypoetry/virtualenvs/airflow-tutorial-3ROeDTU8-py3.11/lib/python3.11/site-packages/airflow/example_dags/example_sla_dag.py took 0.060 seconds
[2024-04-17T10:18:57.684-0300] {processor.py:161} INFO - Started process (PID=28427) to work on /home/lborba/.cache/pypoetry/virtualenvs/airflow-tutorial-3ROeDTU8-py3.11/lib/python3.11/site-packages/airflow/example_dags/example_sla_dag.py
[2024-04-17T10:18:57.686-0300] {processor.py:830} INFO - Processing file /home/lborba/.cache/pypoetry/virtualenvs/airflow-tutorial-3ROeDTU8-py3.11/lib/python3.11/site-packages/airflow/example_dags/example_sla_dag.py for tasks to queue
[2024-04-17T10:18:57.688-0300] {logging_mixin.py:188} INFO - [2024-04-17T10:18:57.688-0300] {dagbag.py:540} INFO - Filling up the DagBag from /home/lborba/.cache/pypoetry/virtualenvs/airflow-tutorial-3ROeDTU8-py3.11/lib/python3.11/site-packages/airflow/example_dags/example_sla_dag.py
[2024-04-17T10:18:57.695-0300] {processor.py:840} INFO - DAG(s) 'example_sla_dag' retrieved from /home/lborba/.cache/pypoetry/virtualenvs/airflow-tutorial-3ROeDTU8-py3.11/lib/python3.11/site-packages/airflow/example_dags/example_sla_dag.py
[2024-04-17T10:18:57.705-0300] {logging_mixin.py:188} INFO - [2024-04-17T10:18:57.705-0300] {dag.py:3096} INFO - Sync 1 DAGs
[2024-04-17T10:18:57.719-0300] {logging_mixin.py:188} INFO - [2024-04-17T10:18:57.719-0300] {dag.py:3954} INFO - Setting next_dagrun for example_sla_dag to 2024-04-17 13:16:00+00:00, run_after=2024-04-17 13:18:00+00:00
[2024-04-17T10:18:57.737-0300] {processor.py:183} INFO - Processing /home/lborba/.cache/pypoetry/virtualenvs/airflow-tutorial-3ROeDTU8-py3.11/lib/python3.11/site-packages/airflow/example_dags/example_sla_dag.py took 0.059 seconds
[2024-04-17T10:19:57.091-0300] {processor.py:161} INFO - Started process (PID=28968) to work on /home/lborba/.cache/pypoetry/virtualenvs/airflow-tutorial-3ROeDTU8-py3.11/lib/python3.11/site-packages/airflow/example_dags/example_sla_dag.py
[2024-04-17T10:19:57.092-0300] {processor.py:830} INFO - Processing file /home/lborba/.cache/pypoetry/virtualenvs/airflow-tutorial-3ROeDTU8-py3.11/lib/python3.11/site-packages/airflow/example_dags/example_sla_dag.py for tasks to queue
[2024-04-17T10:19:57.094-0300] {logging_mixin.py:188} INFO - [2024-04-17T10:19:57.094-0300] {dagbag.py:540} INFO - Filling up the DagBag from /home/lborba/.cache/pypoetry/virtualenvs/airflow-tutorial-3ROeDTU8-py3.11/lib/python3.11/site-packages/airflow/example_dags/example_sla_dag.py
[2024-04-17T10:19:57.101-0300] {processor.py:840} INFO - DAG(s) 'example_sla_dag' retrieved from /home/lborba/.cache/pypoetry/virtualenvs/airflow-tutorial-3ROeDTU8-py3.11/lib/python3.11/site-packages/airflow/example_dags/example_sla_dag.py
[2024-04-17T10:19:57.111-0300] {logging_mixin.py:188} INFO - [2024-04-17T10:19:57.111-0300] {dag.py:3096} INFO - Sync 1 DAGs
[2024-04-17T10:19:57.128-0300] {logging_mixin.py:188} INFO - [2024-04-17T10:19:57.128-0300] {dag.py:3954} INFO - Setting next_dagrun for example_sla_dag to 2024-04-17 13:16:00+00:00, run_after=2024-04-17 13:18:00+00:00
[2024-04-17T10:19:57.150-0300] {processor.py:183} INFO - Processing /home/lborba/.cache/pypoetry/virtualenvs/airflow-tutorial-3ROeDTU8-py3.11/lib/python3.11/site-packages/airflow/example_dags/example_sla_dag.py took 0.065 seconds
[2024-04-17T10:20:52.938-0300] {processor.py:161} INFO - Started process (PID=29440) to work on /home/lborba/.cache/pypoetry/virtualenvs/airflow-tutorial-3ROeDTU8-py3.11/lib/python3.11/site-packages/airflow/example_dags/example_sla_dag.py
[2024-04-17T10:20:52.945-0300] {processor.py:830} INFO - Processing file /home/lborba/.cache/pypoetry/virtualenvs/airflow-tutorial-3ROeDTU8-py3.11/lib/python3.11/site-packages/airflow/example_dags/example_sla_dag.py for tasks to queue
[2024-04-17T10:20:52.946-0300] {logging_mixin.py:188} INFO - [2024-04-17T10:20:52.946-0300] {dagbag.py:540} INFO - Filling up the DagBag from /home/lborba/.cache/pypoetry/virtualenvs/airflow-tutorial-3ROeDTU8-py3.11/lib/python3.11/site-packages/airflow/example_dags/example_sla_dag.py
[2024-04-17T10:20:52.953-0300] {processor.py:840} INFO - DAG(s) 'example_sla_dag' retrieved from /home/lborba/.cache/pypoetry/virtualenvs/airflow-tutorial-3ROeDTU8-py3.11/lib/python3.11/site-packages/airflow/example_dags/example_sla_dag.py
[2024-04-17T10:20:52.964-0300] {logging_mixin.py:188} INFO - [2024-04-17T10:20:52.964-0300] {dag.py:3096} INFO - Sync 1 DAGs
[2024-04-17T10:20:52.981-0300] {logging_mixin.py:188} INFO - [2024-04-17T10:20:52.981-0300] {dag.py:3954} INFO - Setting next_dagrun for example_sla_dag to 2024-04-17 13:18:00+00:00, run_after=2024-04-17 13:20:00+00:00
[2024-04-17T10:20:53.000-0300] {processor.py:183} INFO - Processing /home/lborba/.cache/pypoetry/virtualenvs/airflow-tutorial-3ROeDTU8-py3.11/lib/python3.11/site-packages/airflow/example_dags/example_sla_dag.py took 0.068 seconds
[2024-04-17T10:21:52.382-0300] {processor.py:161} INFO - Started process (PID=29937) to work on /home/lborba/.cache/pypoetry/virtualenvs/airflow-tutorial-3ROeDTU8-py3.11/lib/python3.11/site-packages/airflow/example_dags/example_sla_dag.py
[2024-04-17T10:21:52.384-0300] {processor.py:830} INFO - Processing file /home/lborba/.cache/pypoetry/virtualenvs/airflow-tutorial-3ROeDTU8-py3.11/lib/python3.11/site-packages/airflow/example_dags/example_sla_dag.py for tasks to queue
[2024-04-17T10:21:52.386-0300] {logging_mixin.py:188} INFO - [2024-04-17T10:21:52.385-0300] {dagbag.py:540} INFO - Filling up the DagBag from /home/lborba/.cache/pypoetry/virtualenvs/airflow-tutorial-3ROeDTU8-py3.11/lib/python3.11/site-packages/airflow/example_dags/example_sla_dag.py
[2024-04-17T10:21:52.393-0300] {processor.py:840} INFO - DAG(s) 'example_sla_dag' retrieved from /home/lborba/.cache/pypoetry/virtualenvs/airflow-tutorial-3ROeDTU8-py3.11/lib/python3.11/site-packages/airflow/example_dags/example_sla_dag.py
[2024-04-17T10:21:52.405-0300] {logging_mixin.py:188} INFO - [2024-04-17T10:21:52.404-0300] {dag.py:3096} INFO - Sync 1 DAGs
[2024-04-17T10:21:52.418-0300] {logging_mixin.py:188} INFO - [2024-04-17T10:21:52.418-0300] {dag.py:3954} INFO - Setting next_dagrun for example_sla_dag to 2024-04-17 13:18:00+00:00, run_after=2024-04-17 13:20:00+00:00
[2024-04-17T10:21:52.434-0300] {processor.py:183} INFO - Processing /home/lborba/.cache/pypoetry/virtualenvs/airflow-tutorial-3ROeDTU8-py3.11/lib/python3.11/site-packages/airflow/example_dags/example_sla_dag.py took 0.058 seconds
[2024-04-17T10:22:50.174-0300] {processor.py:161} INFO - Started process (PID=30428) to work on /home/lborba/.cache/pypoetry/virtualenvs/airflow-tutorial-3ROeDTU8-py3.11/lib/python3.11/site-packages/airflow/example_dags/example_sla_dag.py
[2024-04-17T10:22:50.180-0300] {processor.py:830} INFO - Processing file /home/lborba/.cache/pypoetry/virtualenvs/airflow-tutorial-3ROeDTU8-py3.11/lib/python3.11/site-packages/airflow/example_dags/example_sla_dag.py for tasks to queue
[2024-04-17T10:22:50.181-0300] {logging_mixin.py:188} INFO - [2024-04-17T10:22:50.181-0300] {dagbag.py:540} INFO - Filling up the DagBag from /home/lborba/.cache/pypoetry/virtualenvs/airflow-tutorial-3ROeDTU8-py3.11/lib/python3.11/site-packages/airflow/example_dags/example_sla_dag.py
[2024-04-17T10:22:50.187-0300] {processor.py:840} INFO - DAG(s) 'example_sla_dag' retrieved from /home/lborba/.cache/pypoetry/virtualenvs/airflow-tutorial-3ROeDTU8-py3.11/lib/python3.11/site-packages/airflow/example_dags/example_sla_dag.py
[2024-04-17T10:22:50.198-0300] {logging_mixin.py:188} INFO - [2024-04-17T10:22:50.197-0300] {dag.py:3096} INFO - Sync 1 DAGs
[2024-04-17T10:22:50.213-0300] {logging_mixin.py:188} INFO - [2024-04-17T10:22:50.213-0300] {dag.py:3954} INFO - Setting next_dagrun for example_sla_dag to 2024-04-17 13:20:00+00:00, run_after=2024-04-17 13:22:00+00:00
[2024-04-17T10:22:50.241-0300] {processor.py:183} INFO - Processing /home/lborba/.cache/pypoetry/virtualenvs/airflow-tutorial-3ROeDTU8-py3.11/lib/python3.11/site-packages/airflow/example_dags/example_sla_dag.py took 0.072 seconds
[2024-04-17T10:23:49.854-0300] {processor.py:161} INFO - Started process (PID=30932) to work on /home/lborba/.cache/pypoetry/virtualenvs/airflow-tutorial-3ROeDTU8-py3.11/lib/python3.11/site-packages/airflow/example_dags/example_sla_dag.py
[2024-04-17T10:23:49.860-0300] {processor.py:830} INFO - Processing file /home/lborba/.cache/pypoetry/virtualenvs/airflow-tutorial-3ROeDTU8-py3.11/lib/python3.11/site-packages/airflow/example_dags/example_sla_dag.py for tasks to queue
[2024-04-17T10:23:49.861-0300] {logging_mixin.py:188} INFO - [2024-04-17T10:23:49.860-0300] {dagbag.py:540} INFO - Filling up the DagBag from /home/lborba/.cache/pypoetry/virtualenvs/airflow-tutorial-3ROeDTU8-py3.11/lib/python3.11/site-packages/airflow/example_dags/example_sla_dag.py
[2024-04-17T10:23:49.867-0300] {processor.py:840} INFO - DAG(s) 'example_sla_dag' retrieved from /home/lborba/.cache/pypoetry/virtualenvs/airflow-tutorial-3ROeDTU8-py3.11/lib/python3.11/site-packages/airflow/example_dags/example_sla_dag.py
[2024-04-17T10:23:49.877-0300] {logging_mixin.py:188} INFO - [2024-04-17T10:23:49.877-0300] {dag.py:3096} INFO - Sync 1 DAGs
[2024-04-17T10:23:49.891-0300] {logging_mixin.py:188} INFO - [2024-04-17T10:23:49.891-0300] {dag.py:3954} INFO - Setting next_dagrun for example_sla_dag to 2024-04-17 13:20:00+00:00, run_after=2024-04-17 13:22:00+00:00
[2024-04-17T10:23:49.909-0300] {processor.py:183} INFO - Processing /home/lborba/.cache/pypoetry/virtualenvs/airflow-tutorial-3ROeDTU8-py3.11/lib/python3.11/site-packages/airflow/example_dags/example_sla_dag.py took 0.060 seconds
[2024-04-17T10:24:44.235-0300] {processor.py:161} INFO - Started process (PID=31394) to work on /home/lborba/.cache/pypoetry/virtualenvs/airflow-tutorial-3ROeDTU8-py3.11/lib/python3.11/site-packages/airflow/example_dags/example_sla_dag.py
[2024-04-17T10:24:44.241-0300] {processor.py:830} INFO - Processing file /home/lborba/.cache/pypoetry/virtualenvs/airflow-tutorial-3ROeDTU8-py3.11/lib/python3.11/site-packages/airflow/example_dags/example_sla_dag.py for tasks to queue
[2024-04-17T10:24:44.242-0300] {logging_mixin.py:188} INFO - [2024-04-17T10:24:44.241-0300] {dagbag.py:540} INFO - Filling up the DagBag from /home/lborba/.cache/pypoetry/virtualenvs/airflow-tutorial-3ROeDTU8-py3.11/lib/python3.11/site-packages/airflow/example_dags/example_sla_dag.py
[2024-04-17T10:24:44.248-0300] {processor.py:840} INFO - DAG(s) 'example_sla_dag' retrieved from /home/lborba/.cache/pypoetry/virtualenvs/airflow-tutorial-3ROeDTU8-py3.11/lib/python3.11/site-packages/airflow/example_dags/example_sla_dag.py
[2024-04-17T10:24:44.260-0300] {logging_mixin.py:188} INFO - [2024-04-17T10:24:44.260-0300] {dag.py:3096} INFO - Sync 1 DAGs
[2024-04-17T10:24:44.274-0300] {logging_mixin.py:188} INFO - [2024-04-17T10:24:44.274-0300] {dag.py:3954} INFO - Setting next_dagrun for example_sla_dag to 2024-04-17 13:22:00+00:00, run_after=2024-04-17 13:24:00+00:00
[2024-04-17T10:24:44.292-0300] {processor.py:183} INFO - Processing /home/lborba/.cache/pypoetry/virtualenvs/airflow-tutorial-3ROeDTU8-py3.11/lib/python3.11/site-packages/airflow/example_dags/example_sla_dag.py took 0.061 seconds
