[2024-04-17T10:10:37.951-0300] {processor.py:161} INFO - Started process (PID=23302) to work on /home/lborba/.cache/pypoetry/virtualenvs/airflow-tutorial-3ROeDTU8-py3.11/lib/python3.11/site-packages/airflow/example_dags/example_trigger_controller_dag.py
[2024-04-17T10:10:37.952-0300] {processor.py:830} INFO - Processing file /home/lborba/.cache/pypoetry/virtualenvs/airflow-tutorial-3ROeDTU8-py3.11/lib/python3.11/site-packages/airflow/example_dags/example_trigger_controller_dag.py for tasks to queue
[2024-04-17T10:10:37.953-0300] {logging_mixin.py:188} INFO - [2024-04-17T10:10:37.953-0300] {dagbag.py:540} INFO - Filling up the DagBag from /home/lborba/.cache/pypoetry/virtualenvs/airflow-tutorial-3ROeDTU8-py3.11/lib/python3.11/site-packages/airflow/example_dags/example_trigger_controller_dag.py
[2024-04-17T10:10:37.957-0300] {processor.py:840} INFO - DAG(s) 'example_trigger_controller_dag' retrieved from /home/lborba/.cache/pypoetry/virtualenvs/airflow-tutorial-3ROeDTU8-py3.11/lib/python3.11/site-packages/airflow/example_dags/example_trigger_controller_dag.py
[2024-04-17T10:10:38.033-0300] {logging_mixin.py:188} INFO - [2024-04-17T10:10:38.032-0300] {override.py:1829} INFO - Created Permission View: can edit on DAG:example_trigger_controller_dag
[2024-04-17T10:10:38.045-0300] {logging_mixin.py:188} INFO - [2024-04-17T10:10:38.045-0300] {override.py:1829} INFO - Created Permission View: can delete on DAG:example_trigger_controller_dag
[2024-04-17T10:10:38.054-0300] {logging_mixin.py:188} INFO - [2024-04-17T10:10:38.054-0300] {override.py:1829} INFO - Created Permission View: can read on DAG:example_trigger_controller_dag
[2024-04-17T10:10:38.055-0300] {logging_mixin.py:188} INFO - [2024-04-17T10:10:38.055-0300] {dag.py:3096} INFO - Sync 1 DAGs
[2024-04-17T10:10:38.062-0300] {logging_mixin.py:188} INFO - [2024-04-17T10:10:38.061-0300] {dag.py:3118} INFO - Creating ORM DAG for example_trigger_controller_dag
[2024-04-17T10:10:38.068-0300] {logging_mixin.py:188} INFO - [2024-04-17T10:10:38.068-0300] {dag.py:3954} INFO - Setting next_dagrun for example_trigger_controller_dag to 2021-01-01 00:00:00+00:00, run_after=2021-01-01 00:00:00+00:00
[2024-04-17T10:10:38.089-0300] {processor.py:183} INFO - Processing /home/lborba/.cache/pypoetry/virtualenvs/airflow-tutorial-3ROeDTU8-py3.11/lib/python3.11/site-packages/airflow/example_dags/example_trigger_controller_dag.py took 0.143 seconds
[2024-04-17T10:11:27.700-0300] {processor.py:161} INFO - Started process (PID=23697) to work on /home/lborba/.cache/pypoetry/virtualenvs/airflow-tutorial-3ROeDTU8-py3.11/lib/python3.11/site-packages/airflow/example_dags/example_trigger_controller_dag.py
[2024-04-17T10:11:27.702-0300] {processor.py:830} INFO - Processing file /home/lborba/.cache/pypoetry/virtualenvs/airflow-tutorial-3ROeDTU8-py3.11/lib/python3.11/site-packages/airflow/example_dags/example_trigger_controller_dag.py for tasks to queue
[2024-04-17T10:11:27.704-0300] {logging_mixin.py:188} INFO - [2024-04-17T10:11:27.703-0300] {dagbag.py:540} INFO - Filling up the DagBag from /home/lborba/.cache/pypoetry/virtualenvs/airflow-tutorial-3ROeDTU8-py3.11/lib/python3.11/site-packages/airflow/example_dags/example_trigger_controller_dag.py
[2024-04-17T10:11:27.710-0300] {processor.py:840} INFO - DAG(s) 'example_trigger_controller_dag' retrieved from /home/lborba/.cache/pypoetry/virtualenvs/airflow-tutorial-3ROeDTU8-py3.11/lib/python3.11/site-packages/airflow/example_dags/example_trigger_controller_dag.py
[2024-04-17T10:11:27.725-0300] {logging_mixin.py:188} INFO - [2024-04-17T10:11:27.725-0300] {dag.py:3096} INFO - Sync 1 DAGs
[2024-04-17T10:11:27.741-0300] {logging_mixin.py:188} INFO - [2024-04-17T10:11:27.740-0300] {dag.py:3954} INFO - Setting next_dagrun for example_trigger_controller_dag to 2021-01-01 00:00:00+00:00, run_after=2021-01-01 00:00:00+00:00
[2024-04-17T10:11:27.764-0300] {processor.py:183} INFO - Processing /home/lborba/.cache/pypoetry/virtualenvs/airflow-tutorial-3ROeDTU8-py3.11/lib/python3.11/site-packages/airflow/example_dags/example_trigger_controller_dag.py took 0.067 seconds
[2024-04-17T10:12:35.558-0300] {processor.py:161} INFO - Started process (PID=24540) to work on /home/lborba/.cache/pypoetry/virtualenvs/airflow-tutorial-3ROeDTU8-py3.11/lib/python3.11/site-packages/airflow/example_dags/example_trigger_controller_dag.py
[2024-04-17T10:12:35.559-0300] {processor.py:830} INFO - Processing file /home/lborba/.cache/pypoetry/virtualenvs/airflow-tutorial-3ROeDTU8-py3.11/lib/python3.11/site-packages/airflow/example_dags/example_trigger_controller_dag.py for tasks to queue
[2024-04-17T10:12:35.561-0300] {logging_mixin.py:188} INFO - [2024-04-17T10:12:35.561-0300] {dagbag.py:540} INFO - Filling up the DagBag from /home/lborba/.cache/pypoetry/virtualenvs/airflow-tutorial-3ROeDTU8-py3.11/lib/python3.11/site-packages/airflow/example_dags/example_trigger_controller_dag.py
[2024-04-17T10:12:35.565-0300] {processor.py:840} INFO - DAG(s) 'example_trigger_controller_dag' retrieved from /home/lborba/.cache/pypoetry/virtualenvs/airflow-tutorial-3ROeDTU8-py3.11/lib/python3.11/site-packages/airflow/example_dags/example_trigger_controller_dag.py
[2024-04-17T10:12:35.576-0300] {logging_mixin.py:188} INFO - [2024-04-17T10:12:35.576-0300] {dag.py:3096} INFO - Sync 1 DAGs
[2024-04-17T10:12:35.589-0300] {logging_mixin.py:188} INFO - [2024-04-17T10:12:35.589-0300] {dag.py:3954} INFO - Setting next_dagrun for example_trigger_controller_dag to 2021-01-01 00:00:00+00:00, run_after=2021-01-01 00:00:00+00:00
[2024-04-17T10:12:35.609-0300] {processor.py:183} INFO - Processing /home/lborba/.cache/pypoetry/virtualenvs/airflow-tutorial-3ROeDTU8-py3.11/lib/python3.11/site-packages/airflow/example_dags/example_trigger_controller_dag.py took 0.055 seconds
