[2024-04-17T10:10:06.728-0300] {processor.py:161} INFO - Started process (PID=23019) to work on /home/lborba/.cache/pypoetry/virtualenvs/airflow-tutorial-3ROeDTU8-py3.11/lib/python3.11/site-packages/airflow/example_dags/example_latest_only.py
[2024-04-17T10:10:06.729-0300] {processor.py:830} INFO - Processing file /home/lborba/.cache/pypoetry/virtualenvs/airflow-tutorial-3ROeDTU8-py3.11/lib/python3.11/site-packages/airflow/example_dags/example_latest_only.py for tasks to queue
[2024-04-17T10:10:06.730-0300] {logging_mixin.py:188} INFO - [2024-04-17T10:10:06.730-0300] {dagbag.py:540} INFO - Filling up the DagBag from /home/lborba/.cache/pypoetry/virtualenvs/airflow-tutorial-3ROeDTU8-py3.11/lib/python3.11/site-packages/airflow/example_dags/example_latest_only.py
[2024-04-17T10:10:06.736-0300] {processor.py:840} INFO - DAG(s) 'latest_only' retrieved from /home/lborba/.cache/pypoetry/virtualenvs/airflow-tutorial-3ROeDTU8-py3.11/lib/python3.11/site-packages/airflow/example_dags/example_latest_only.py
[2024-04-17T10:10:06.809-0300] {logging_mixin.py:188} INFO - [2024-04-17T10:10:06.808-0300] {override.py:1829} INFO - Created Permission View: can edit on DAG:latest_only
[2024-04-17T10:10:06.819-0300] {logging_mixin.py:188} INFO - [2024-04-17T10:10:06.819-0300] {override.py:1829} INFO - Created Permission View: can delete on DAG:latest_only
[2024-04-17T10:10:06.827-0300] {logging_mixin.py:188} INFO - [2024-04-17T10:10:06.826-0300] {override.py:1829} INFO - Created Permission View: can read on DAG:latest_only
[2024-04-17T10:10:06.827-0300] {logging_mixin.py:188} INFO - [2024-04-17T10:10:06.827-0300] {dag.py:3096} INFO - Sync 1 DAGs
[2024-04-17T10:10:06.834-0300] {logging_mixin.py:188} INFO - [2024-04-17T10:10:06.833-0300] {dag.py:3118} INFO - Creating ORM DAG for latest_only
[2024-04-17T10:10:06.840-0300] {logging_mixin.py:188} INFO - [2024-04-17T10:10:06.840-0300] {dag.py:3954} INFO - Setting next_dagrun for latest_only to 2024-04-17 08:00:00+00:00, run_after=2024-04-17 12:00:00+00:00
[2024-04-17T10:10:06.857-0300] {processor.py:183} INFO - Processing /home/lborba/.cache/pypoetry/virtualenvs/airflow-tutorial-3ROeDTU8-py3.11/lib/python3.11/site-packages/airflow/example_dags/example_latest_only.py took 0.133 seconds
[2024-04-17T10:11:00.910-0300] {processor.py:161} INFO - Started process (PID=23483) to work on /home/lborba/.cache/pypoetry/virtualenvs/airflow-tutorial-3ROeDTU8-py3.11/lib/python3.11/site-packages/airflow/example_dags/example_latest_only.py
[2024-04-17T10:11:00.916-0300] {processor.py:830} INFO - Processing file /home/lborba/.cache/pypoetry/virtualenvs/airflow-tutorial-3ROeDTU8-py3.11/lib/python3.11/site-packages/airflow/example_dags/example_latest_only.py for tasks to queue
[2024-04-17T10:11:00.917-0300] {logging_mixin.py:188} INFO - [2024-04-17T10:11:00.917-0300] {dagbag.py:540} INFO - Filling up the DagBag from /home/lborba/.cache/pypoetry/virtualenvs/airflow-tutorial-3ROeDTU8-py3.11/lib/python3.11/site-packages/airflow/example_dags/example_latest_only.py
[2024-04-17T10:11:00.920-0300] {processor.py:840} INFO - DAG(s) 'latest_only' retrieved from /home/lborba/.cache/pypoetry/virtualenvs/airflow-tutorial-3ROeDTU8-py3.11/lib/python3.11/site-packages/airflow/example_dags/example_latest_only.py
[2024-04-17T10:11:00.932-0300] {logging_mixin.py:188} INFO - [2024-04-17T10:11:00.931-0300] {dag.py:3096} INFO - Sync 1 DAGs
[2024-04-17T10:11:00.944-0300] {logging_mixin.py:188} INFO - [2024-04-17T10:11:00.944-0300] {dag.py:3954} INFO - Setting next_dagrun for latest_only to 2024-04-17 08:00:00+00:00, run_after=2024-04-17 12:00:00+00:00
[2024-04-17T10:11:00.961-0300] {processor.py:183} INFO - Processing /home/lborba/.cache/pypoetry/virtualenvs/airflow-tutorial-3ROeDTU8-py3.11/lib/python3.11/site-packages/airflow/example_dags/example_latest_only.py took 0.056 seconds
[2024-04-17T10:11:44.790-0300] {processor.py:161} INFO - Started process (PID=23829) to work on /home/lborba/.cache/pypoetry/virtualenvs/airflow-tutorial-3ROeDTU8-py3.11/lib/python3.11/site-packages/airflow/example_dags/example_latest_only.py
[2024-04-17T10:11:44.792-0300] {processor.py:830} INFO - Processing file /home/lborba/.cache/pypoetry/virtualenvs/airflow-tutorial-3ROeDTU8-py3.11/lib/python3.11/site-packages/airflow/example_dags/example_latest_only.py for tasks to queue
[2024-04-17T10:11:44.793-0300] {logging_mixin.py:188} INFO - [2024-04-17T10:11:44.793-0300] {dagbag.py:540} INFO - Filling up the DagBag from /home/lborba/.cache/pypoetry/virtualenvs/airflow-tutorial-3ROeDTU8-py3.11/lib/python3.11/site-packages/airflow/example_dags/example_latest_only.py
[2024-04-17T10:11:44.797-0300] {processor.py:840} INFO - DAG(s) 'latest_only' retrieved from /home/lborba/.cache/pypoetry/virtualenvs/airflow-tutorial-3ROeDTU8-py3.11/lib/python3.11/site-packages/airflow/example_dags/example_latest_only.py
[2024-04-17T10:11:44.809-0300] {logging_mixin.py:188} INFO - [2024-04-17T10:11:44.809-0300] {dag.py:3096} INFO - Sync 1 DAGs
[2024-04-17T10:11:44.824-0300] {logging_mixin.py:188} INFO - [2024-04-17T10:11:44.823-0300] {dag.py:3954} INFO - Setting next_dagrun for latest_only to 2024-04-17 08:00:00+00:00, run_after=2024-04-17 12:00:00+00:00
[2024-04-17T10:11:44.844-0300] {processor.py:183} INFO - Processing /home/lborba/.cache/pypoetry/virtualenvs/airflow-tutorial-3ROeDTU8-py3.11/lib/python3.11/site-packages/airflow/example_dags/example_latest_only.py took 0.059 seconds
[2024-04-17T10:12:41.153-0300] {processor.py:161} INFO - Started process (PID=24637) to work on /home/lborba/.cache/pypoetry/virtualenvs/airflow-tutorial-3ROeDTU8-py3.11/lib/python3.11/site-packages/airflow/example_dags/example_latest_only.py
[2024-04-17T10:12:41.155-0300] {processor.py:830} INFO - Processing file /home/lborba/.cache/pypoetry/virtualenvs/airflow-tutorial-3ROeDTU8-py3.11/lib/python3.11/site-packages/airflow/example_dags/example_latest_only.py for tasks to queue
[2024-04-17T10:12:41.156-0300] {logging_mixin.py:188} INFO - [2024-04-17T10:12:41.155-0300] {dagbag.py:540} INFO - Filling up the DagBag from /home/lborba/.cache/pypoetry/virtualenvs/airflow-tutorial-3ROeDTU8-py3.11/lib/python3.11/site-packages/airflow/example_dags/example_latest_only.py
[2024-04-17T10:12:41.159-0300] {processor.py:840} INFO - DAG(s) 'latest_only' retrieved from /home/lborba/.cache/pypoetry/virtualenvs/airflow-tutorial-3ROeDTU8-py3.11/lib/python3.11/site-packages/airflow/example_dags/example_latest_only.py
[2024-04-17T10:12:41.173-0300] {logging_mixin.py:188} INFO - [2024-04-17T10:12:41.173-0300] {dag.py:3096} INFO - Sync 1 DAGs
[2024-04-17T10:12:41.187-0300] {logging_mixin.py:188} INFO - [2024-04-17T10:12:41.186-0300] {dag.py:3954} INFO - Setting next_dagrun for latest_only to 2024-04-17 08:00:00+00:00, run_after=2024-04-17 12:00:00+00:00
[2024-04-17T10:12:41.208-0300] {processor.py:183} INFO - Processing /home/lborba/.cache/pypoetry/virtualenvs/airflow-tutorial-3ROeDTU8-py3.11/lib/python3.11/site-packages/airflow/example_dags/example_latest_only.py took 0.059 seconds
[2024-04-17T10:13:27.682-0300] {processor.py:161} INFO - Started process (PID=25340) to work on /home/lborba/.cache/pypoetry/virtualenvs/airflow-tutorial-3ROeDTU8-py3.11/lib/python3.11/site-packages/airflow/example_dags/example_latest_only.py
[2024-04-17T10:13:27.683-0300] {processor.py:830} INFO - Processing file /home/lborba/.cache/pypoetry/virtualenvs/airflow-tutorial-3ROeDTU8-py3.11/lib/python3.11/site-packages/airflow/example_dags/example_latest_only.py for tasks to queue
[2024-04-17T10:13:27.685-0300] {logging_mixin.py:188} INFO - [2024-04-17T10:13:27.684-0300] {dagbag.py:540} INFO - Filling up the DagBag from /home/lborba/.cache/pypoetry/virtualenvs/airflow-tutorial-3ROeDTU8-py3.11/lib/python3.11/site-packages/airflow/example_dags/example_latest_only.py
[2024-04-17T10:13:27.688-0300] {processor.py:840} INFO - DAG(s) 'latest_only' retrieved from /home/lborba/.cache/pypoetry/virtualenvs/airflow-tutorial-3ROeDTU8-py3.11/lib/python3.11/site-packages/airflow/example_dags/example_latest_only.py
[2024-04-17T10:13:27.700-0300] {logging_mixin.py:188} INFO - [2024-04-17T10:13:27.699-0300] {dag.py:3096} INFO - Sync 1 DAGs
[2024-04-17T10:13:27.712-0300] {logging_mixin.py:188} INFO - [2024-04-17T10:13:27.712-0300] {dag.py:3954} INFO - Setting next_dagrun for latest_only to 2024-04-17 08:00:00+00:00, run_after=2024-04-17 12:00:00+00:00
[2024-04-17T10:13:27.731-0300] {processor.py:183} INFO - Processing /home/lborba/.cache/pypoetry/virtualenvs/airflow-tutorial-3ROeDTU8-py3.11/lib/python3.11/site-packages/airflow/example_dags/example_latest_only.py took 0.055 seconds
[2024-04-17T10:14:08.910-0300] {processor.py:161} INFO - Started process (PID=25792) to work on /home/lborba/.cache/pypoetry/virtualenvs/airflow-tutorial-3ROeDTU8-py3.11/lib/python3.11/site-packages/airflow/example_dags/example_latest_only.py
[2024-04-17T10:14:08.917-0300] {processor.py:830} INFO - Processing file /home/lborba/.cache/pypoetry/virtualenvs/airflow-tutorial-3ROeDTU8-py3.11/lib/python3.11/site-packages/airflow/example_dags/example_latest_only.py for tasks to queue
[2024-04-17T10:14:08.918-0300] {logging_mixin.py:188} INFO - [2024-04-17T10:14:08.918-0300] {dagbag.py:540} INFO - Filling up the DagBag from /home/lborba/.cache/pypoetry/virtualenvs/airflow-tutorial-3ROeDTU8-py3.11/lib/python3.11/site-packages/airflow/example_dags/example_latest_only.py
[2024-04-17T10:14:08.921-0300] {processor.py:840} INFO - DAG(s) 'latest_only' retrieved from /home/lborba/.cache/pypoetry/virtualenvs/airflow-tutorial-3ROeDTU8-py3.11/lib/python3.11/site-packages/airflow/example_dags/example_latest_only.py
[2024-04-17T10:14:08.933-0300] {logging_mixin.py:188} INFO - [2024-04-17T10:14:08.933-0300] {dag.py:3096} INFO - Sync 1 DAGs
[2024-04-17T10:14:08.945-0300] {logging_mixin.py:188} INFO - [2024-04-17T10:14:08.945-0300] {dag.py:3954} INFO - Setting next_dagrun for latest_only to 2024-04-17 08:00:00+00:00, run_after=2024-04-17 12:00:00+00:00
[2024-04-17T10:14:08.963-0300] {processor.py:183} INFO - Processing /home/lborba/.cache/pypoetry/virtualenvs/airflow-tutorial-3ROeDTU8-py3.11/lib/python3.11/site-packages/airflow/example_dags/example_latest_only.py took 0.057 seconds
[2024-04-17T10:14:46.874-0300] {processor.py:161} INFO - Started process (PID=26203) to work on /home/lborba/.cache/pypoetry/virtualenvs/airflow-tutorial-3ROeDTU8-py3.11/lib/python3.11/site-packages/airflow/example_dags/example_latest_only.py
[2024-04-17T10:14:46.875-0300] {processor.py:830} INFO - Processing file /home/lborba/.cache/pypoetry/virtualenvs/airflow-tutorial-3ROeDTU8-py3.11/lib/python3.11/site-packages/airflow/example_dags/example_latest_only.py for tasks to queue
[2024-04-17T10:14:46.876-0300] {logging_mixin.py:188} INFO - [2024-04-17T10:14:46.876-0300] {dagbag.py:540} INFO - Filling up the DagBag from /home/lborba/.cache/pypoetry/virtualenvs/airflow-tutorial-3ROeDTU8-py3.11/lib/python3.11/site-packages/airflow/example_dags/example_latest_only.py
[2024-04-17T10:14:46.880-0300] {processor.py:840} INFO - DAG(s) 'latest_only' retrieved from /home/lborba/.cache/pypoetry/virtualenvs/airflow-tutorial-3ROeDTU8-py3.11/lib/python3.11/site-packages/airflow/example_dags/example_latest_only.py
[2024-04-17T10:14:46.891-0300] {logging_mixin.py:188} INFO - [2024-04-17T10:14:46.891-0300] {dag.py:3096} INFO - Sync 1 DAGs
[2024-04-17T10:14:46.906-0300] {logging_mixin.py:188} INFO - [2024-04-17T10:14:46.906-0300] {dag.py:3954} INFO - Setting next_dagrun for latest_only to 2024-04-17 08:00:00+00:00, run_after=2024-04-17 12:00:00+00:00
[2024-04-17T10:14:46.924-0300] {processor.py:183} INFO - Processing /home/lborba/.cache/pypoetry/virtualenvs/airflow-tutorial-3ROeDTU8-py3.11/lib/python3.11/site-packages/airflow/example_dags/example_latest_only.py took 0.056 seconds
[2024-04-17T10:15:26.315-0300] {processor.py:161} INFO - Started process (PID=26637) to work on /home/lborba/.cache/pypoetry/virtualenvs/airflow-tutorial-3ROeDTU8-py3.11/lib/python3.11/site-packages/airflow/example_dags/example_latest_only.py
[2024-04-17T10:15:26.316-0300] {processor.py:830} INFO - Processing file /home/lborba/.cache/pypoetry/virtualenvs/airflow-tutorial-3ROeDTU8-py3.11/lib/python3.11/site-packages/airflow/example_dags/example_latest_only.py for tasks to queue
[2024-04-17T10:15:26.318-0300] {logging_mixin.py:188} INFO - [2024-04-17T10:15:26.317-0300] {dagbag.py:540} INFO - Filling up the DagBag from /home/lborba/.cache/pypoetry/virtualenvs/airflow-tutorial-3ROeDTU8-py3.11/lib/python3.11/site-packages/airflow/example_dags/example_latest_only.py
[2024-04-17T10:15:26.321-0300] {processor.py:840} INFO - DAG(s) 'latest_only' retrieved from /home/lborba/.cache/pypoetry/virtualenvs/airflow-tutorial-3ROeDTU8-py3.11/lib/python3.11/site-packages/airflow/example_dags/example_latest_only.py
[2024-04-17T10:15:26.425-0300] {logging_mixin.py:188} INFO - [2024-04-17T10:15:26.424-0300] {dag.py:3096} INFO - Sync 1 DAGs
[2024-04-17T10:15:26.437-0300] {logging_mixin.py:188} INFO - [2024-04-17T10:15:26.436-0300] {dag.py:3954} INFO - Setting next_dagrun for latest_only to 2024-04-17 08:00:00+00:00, run_after=2024-04-17 12:00:00+00:00
[2024-04-17T10:15:26.453-0300] {processor.py:183} INFO - Processing /home/lborba/.cache/pypoetry/virtualenvs/airflow-tutorial-3ROeDTU8-py3.11/lib/python3.11/site-packages/airflow/example_dags/example_latest_only.py took 0.143 seconds
[2024-04-17T10:16:08.915-0300] {processor.py:161} INFO - Started process (PID=26999) to work on /home/lborba/.cache/pypoetry/virtualenvs/airflow-tutorial-3ROeDTU8-py3.11/lib/python3.11/site-packages/airflow/example_dags/example_latest_only.py
[2024-04-17T10:16:08.921-0300] {processor.py:830} INFO - Processing file /home/lborba/.cache/pypoetry/virtualenvs/airflow-tutorial-3ROeDTU8-py3.11/lib/python3.11/site-packages/airflow/example_dags/example_latest_only.py for tasks to queue
[2024-04-17T10:16:08.923-0300] {logging_mixin.py:188} INFO - [2024-04-17T10:16:08.923-0300] {dagbag.py:540} INFO - Filling up the DagBag from /home/lborba/.cache/pypoetry/virtualenvs/airflow-tutorial-3ROeDTU8-py3.11/lib/python3.11/site-packages/airflow/example_dags/example_latest_only.py
[2024-04-17T10:16:08.927-0300] {processor.py:840} INFO - DAG(s) 'latest_only' retrieved from /home/lborba/.cache/pypoetry/virtualenvs/airflow-tutorial-3ROeDTU8-py3.11/lib/python3.11/site-packages/airflow/example_dags/example_latest_only.py
[2024-04-17T10:16:08.940-0300] {logging_mixin.py:188} INFO - [2024-04-17T10:16:08.940-0300] {dag.py:3096} INFO - Sync 1 DAGs
[2024-04-17T10:16:08.953-0300] {logging_mixin.py:188} INFO - [2024-04-17T10:16:08.953-0300] {dag.py:3954} INFO - Setting next_dagrun for latest_only to 2024-04-17 08:00:00+00:00, run_after=2024-04-17 12:00:00+00:00
[2024-04-17T10:16:08.970-0300] {processor.py:183} INFO - Processing /home/lborba/.cache/pypoetry/virtualenvs/airflow-tutorial-3ROeDTU8-py3.11/lib/python3.11/site-packages/airflow/example_dags/example_latest_only.py took 0.061 seconds
[2024-04-17T10:16:51.181-0300] {processor.py:161} INFO - Started process (PID=27350) to work on /home/lborba/.cache/pypoetry/virtualenvs/airflow-tutorial-3ROeDTU8-py3.11/lib/python3.11/site-packages/airflow/example_dags/example_latest_only.py
[2024-04-17T10:16:51.183-0300] {processor.py:830} INFO - Processing file /home/lborba/.cache/pypoetry/virtualenvs/airflow-tutorial-3ROeDTU8-py3.11/lib/python3.11/site-packages/airflow/example_dags/example_latest_only.py for tasks to queue
[2024-04-17T10:16:51.184-0300] {logging_mixin.py:188} INFO - [2024-04-17T10:16:51.184-0300] {dagbag.py:540} INFO - Filling up the DagBag from /home/lborba/.cache/pypoetry/virtualenvs/airflow-tutorial-3ROeDTU8-py3.11/lib/python3.11/site-packages/airflow/example_dags/example_latest_only.py
[2024-04-17T10:16:51.187-0300] {processor.py:840} INFO - DAG(s) 'latest_only' retrieved from /home/lborba/.cache/pypoetry/virtualenvs/airflow-tutorial-3ROeDTU8-py3.11/lib/python3.11/site-packages/airflow/example_dags/example_latest_only.py
[2024-04-17T10:16:51.200-0300] {logging_mixin.py:188} INFO - [2024-04-17T10:16:51.200-0300] {dag.py:3096} INFO - Sync 1 DAGs
[2024-04-17T10:16:51.217-0300] {logging_mixin.py:188} INFO - [2024-04-17T10:16:51.216-0300] {dag.py:3954} INFO - Setting next_dagrun for latest_only to 2024-04-17 08:00:00+00:00, run_after=2024-04-17 12:00:00+00:00
[2024-04-17T10:16:51.237-0300] {processor.py:183} INFO - Processing /home/lborba/.cache/pypoetry/virtualenvs/airflow-tutorial-3ROeDTU8-py3.11/lib/python3.11/site-packages/airflow/example_dags/example_latest_only.py took 0.061 seconds
[2024-04-17T10:17:30.026-0300] {processor.py:161} INFO - Started process (PID=27689) to work on /home/lborba/.cache/pypoetry/virtualenvs/airflow-tutorial-3ROeDTU8-py3.11/lib/python3.11/site-packages/airflow/example_dags/example_latest_only.py
[2024-04-17T10:17:30.032-0300] {processor.py:830} INFO - Processing file /home/lborba/.cache/pypoetry/virtualenvs/airflow-tutorial-3ROeDTU8-py3.11/lib/python3.11/site-packages/airflow/example_dags/example_latest_only.py for tasks to queue
[2024-04-17T10:17:30.033-0300] {logging_mixin.py:188} INFO - [2024-04-17T10:17:30.033-0300] {dagbag.py:540} INFO - Filling up the DagBag from /home/lborba/.cache/pypoetry/virtualenvs/airflow-tutorial-3ROeDTU8-py3.11/lib/python3.11/site-packages/airflow/example_dags/example_latest_only.py
[2024-04-17T10:17:30.036-0300] {processor.py:840} INFO - DAG(s) 'latest_only' retrieved from /home/lborba/.cache/pypoetry/virtualenvs/airflow-tutorial-3ROeDTU8-py3.11/lib/python3.11/site-packages/airflow/example_dags/example_latest_only.py
[2024-04-17T10:17:30.049-0300] {logging_mixin.py:188} INFO - [2024-04-17T10:17:30.049-0300] {dag.py:3096} INFO - Sync 1 DAGs
[2024-04-17T10:17:30.061-0300] {logging_mixin.py:188} INFO - [2024-04-17T10:17:30.061-0300] {dag.py:3954} INFO - Setting next_dagrun for latest_only to 2024-04-17 08:00:00+00:00, run_after=2024-04-17 12:00:00+00:00
[2024-04-17T10:17:30.081-0300] {processor.py:183} INFO - Processing /home/lborba/.cache/pypoetry/virtualenvs/airflow-tutorial-3ROeDTU8-py3.11/lib/python3.11/site-packages/airflow/example_dags/example_latest_only.py took 0.059 seconds
[2024-04-17T10:18:09.692-0300] {processor.py:161} INFO - Started process (PID=28021) to work on /home/lborba/.cache/pypoetry/virtualenvs/airflow-tutorial-3ROeDTU8-py3.11/lib/python3.11/site-packages/airflow/example_dags/example_latest_only.py
[2024-04-17T10:18:09.693-0300] {processor.py:830} INFO - Processing file /home/lborba/.cache/pypoetry/virtualenvs/airflow-tutorial-3ROeDTU8-py3.11/lib/python3.11/site-packages/airflow/example_dags/example_latest_only.py for tasks to queue
[2024-04-17T10:18:09.695-0300] {logging_mixin.py:188} INFO - [2024-04-17T10:18:09.694-0300] {dagbag.py:540} INFO - Filling up the DagBag from /home/lborba/.cache/pypoetry/virtualenvs/airflow-tutorial-3ROeDTU8-py3.11/lib/python3.11/site-packages/airflow/example_dags/example_latest_only.py
[2024-04-17T10:18:09.699-0300] {processor.py:840} INFO - DAG(s) 'latest_only' retrieved from /home/lborba/.cache/pypoetry/virtualenvs/airflow-tutorial-3ROeDTU8-py3.11/lib/python3.11/site-packages/airflow/example_dags/example_latest_only.py
[2024-04-17T10:18:09.711-0300] {logging_mixin.py:188} INFO - [2024-04-17T10:18:09.711-0300] {dag.py:3096} INFO - Sync 1 DAGs
[2024-04-17T10:18:09.726-0300] {logging_mixin.py:188} INFO - [2024-04-17T10:18:09.725-0300] {dag.py:3954} INFO - Setting next_dagrun for latest_only to 2024-04-17 08:00:00+00:00, run_after=2024-04-17 12:00:00+00:00
[2024-04-17T10:18:09.745-0300] {processor.py:183} INFO - Processing /home/lborba/.cache/pypoetry/virtualenvs/airflow-tutorial-3ROeDTU8-py3.11/lib/python3.11/site-packages/airflow/example_dags/example_latest_only.py took 0.058 seconds
[2024-04-17T10:18:48.657-0300] {processor.py:161} INFO - Started process (PID=28353) to work on /home/lborba/.cache/pypoetry/virtualenvs/airflow-tutorial-3ROeDTU8-py3.11/lib/python3.11/site-packages/airflow/example_dags/example_latest_only.py
[2024-04-17T10:18:48.664-0300] {processor.py:830} INFO - Processing file /home/lborba/.cache/pypoetry/virtualenvs/airflow-tutorial-3ROeDTU8-py3.11/lib/python3.11/site-packages/airflow/example_dags/example_latest_only.py for tasks to queue
[2024-04-17T10:18:48.665-0300] {logging_mixin.py:188} INFO - [2024-04-17T10:18:48.665-0300] {dagbag.py:540} INFO - Filling up the DagBag from /home/lborba/.cache/pypoetry/virtualenvs/airflow-tutorial-3ROeDTU8-py3.11/lib/python3.11/site-packages/airflow/example_dags/example_latest_only.py
[2024-04-17T10:18:48.669-0300] {processor.py:840} INFO - DAG(s) 'latest_only' retrieved from /home/lborba/.cache/pypoetry/virtualenvs/airflow-tutorial-3ROeDTU8-py3.11/lib/python3.11/site-packages/airflow/example_dags/example_latest_only.py
[2024-04-17T10:18:48.679-0300] {logging_mixin.py:188} INFO - [2024-04-17T10:18:48.679-0300] {dag.py:3096} INFO - Sync 1 DAGs
[2024-04-17T10:18:48.691-0300] {logging_mixin.py:188} INFO - [2024-04-17T10:18:48.691-0300] {dag.py:3954} INFO - Setting next_dagrun for latest_only to 2024-04-17 08:00:00+00:00, run_after=2024-04-17 12:00:00+00:00
[2024-04-17T10:18:48.708-0300] {processor.py:183} INFO - Processing /home/lborba/.cache/pypoetry/virtualenvs/airflow-tutorial-3ROeDTU8-py3.11/lib/python3.11/site-packages/airflow/example_dags/example_latest_only.py took 0.055 seconds
[2024-04-17T10:19:29.681-0300] {processor.py:161} INFO - Started process (PID=28698) to work on /home/lborba/.cache/pypoetry/virtualenvs/airflow-tutorial-3ROeDTU8-py3.11/lib/python3.11/site-packages/airflow/example_dags/example_latest_only.py
[2024-04-17T10:19:29.686-0300] {processor.py:830} INFO - Processing file /home/lborba/.cache/pypoetry/virtualenvs/airflow-tutorial-3ROeDTU8-py3.11/lib/python3.11/site-packages/airflow/example_dags/example_latest_only.py for tasks to queue
[2024-04-17T10:19:29.688-0300] {logging_mixin.py:188} INFO - [2024-04-17T10:19:29.687-0300] {dagbag.py:540} INFO - Filling up the DagBag from /home/lborba/.cache/pypoetry/virtualenvs/airflow-tutorial-3ROeDTU8-py3.11/lib/python3.11/site-packages/airflow/example_dags/example_latest_only.py
[2024-04-17T10:19:29.695-0300] {processor.py:840} INFO - DAG(s) 'latest_only' retrieved from /home/lborba/.cache/pypoetry/virtualenvs/airflow-tutorial-3ROeDTU8-py3.11/lib/python3.11/site-packages/airflow/example_dags/example_latest_only.py
[2024-04-17T10:19:29.711-0300] {logging_mixin.py:188} INFO - [2024-04-17T10:19:29.711-0300] {dag.py:3096} INFO - Sync 1 DAGs
[2024-04-17T10:19:29.726-0300] {logging_mixin.py:188} INFO - [2024-04-17T10:19:29.725-0300] {dag.py:3954} INFO - Setting next_dagrun for latest_only to 2024-04-17 08:00:00+00:00, run_after=2024-04-17 12:00:00+00:00
[2024-04-17T10:19:29.743-0300] {processor.py:183} INFO - Processing /home/lborba/.cache/pypoetry/virtualenvs/airflow-tutorial-3ROeDTU8-py3.11/lib/python3.11/site-packages/airflow/example_dags/example_latest_only.py took 0.067 seconds
[2024-04-17T10:20:09.298-0300] {processor.py:161} INFO - Started process (PID=29069) to work on /home/lborba/.cache/pypoetry/virtualenvs/airflow-tutorial-3ROeDTU8-py3.11/lib/python3.11/site-packages/airflow/example_dags/example_latest_only.py
[2024-04-17T10:20:09.303-0300] {processor.py:830} INFO - Processing file /home/lborba/.cache/pypoetry/virtualenvs/airflow-tutorial-3ROeDTU8-py3.11/lib/python3.11/site-packages/airflow/example_dags/example_latest_only.py for tasks to queue
[2024-04-17T10:20:09.305-0300] {logging_mixin.py:188} INFO - [2024-04-17T10:20:09.304-0300] {dagbag.py:540} INFO - Filling up the DagBag from /home/lborba/.cache/pypoetry/virtualenvs/airflow-tutorial-3ROeDTU8-py3.11/lib/python3.11/site-packages/airflow/example_dags/example_latest_only.py
[2024-04-17T10:20:09.308-0300] {processor.py:840} INFO - DAG(s) 'latest_only' retrieved from /home/lborba/.cache/pypoetry/virtualenvs/airflow-tutorial-3ROeDTU8-py3.11/lib/python3.11/site-packages/airflow/example_dags/example_latest_only.py
[2024-04-17T10:20:09.319-0300] {logging_mixin.py:188} INFO - [2024-04-17T10:20:09.319-0300] {dag.py:3096} INFO - Sync 1 DAGs
[2024-04-17T10:20:09.333-0300] {logging_mixin.py:188} INFO - [2024-04-17T10:20:09.333-0300] {dag.py:3954} INFO - Setting next_dagrun for latest_only to 2024-04-17 08:00:00+00:00, run_after=2024-04-17 12:00:00+00:00
[2024-04-17T10:20:09.350-0300] {processor.py:183} INFO - Processing /home/lborba/.cache/pypoetry/virtualenvs/airflow-tutorial-3ROeDTU8-py3.11/lib/python3.11/site-packages/airflow/example_dags/example_latest_only.py took 0.057 seconds
[2024-04-17T10:20:46.744-0300] {processor.py:161} INFO - Started process (PID=29389) to work on /home/lborba/.cache/pypoetry/virtualenvs/airflow-tutorial-3ROeDTU8-py3.11/lib/python3.11/site-packages/airflow/example_dags/example_latest_only.py
[2024-04-17T10:20:46.750-0300] {processor.py:830} INFO - Processing file /home/lborba/.cache/pypoetry/virtualenvs/airflow-tutorial-3ROeDTU8-py3.11/lib/python3.11/site-packages/airflow/example_dags/example_latest_only.py for tasks to queue
[2024-04-17T10:20:46.751-0300] {logging_mixin.py:188} INFO - [2024-04-17T10:20:46.751-0300] {dagbag.py:540} INFO - Filling up the DagBag from /home/lborba/.cache/pypoetry/virtualenvs/airflow-tutorial-3ROeDTU8-py3.11/lib/python3.11/site-packages/airflow/example_dags/example_latest_only.py
[2024-04-17T10:20:46.755-0300] {processor.py:840} INFO - DAG(s) 'latest_only' retrieved from /home/lborba/.cache/pypoetry/virtualenvs/airflow-tutorial-3ROeDTU8-py3.11/lib/python3.11/site-packages/airflow/example_dags/example_latest_only.py
[2024-04-17T10:20:46.769-0300] {logging_mixin.py:188} INFO - [2024-04-17T10:20:46.768-0300] {dag.py:3096} INFO - Sync 1 DAGs
[2024-04-17T10:20:46.782-0300] {logging_mixin.py:188} INFO - [2024-04-17T10:20:46.782-0300] {dag.py:3954} INFO - Setting next_dagrun for latest_only to 2024-04-17 08:00:00+00:00, run_after=2024-04-17 12:00:00+00:00
[2024-04-17T10:20:46.801-0300] {processor.py:183} INFO - Processing /home/lborba/.cache/pypoetry/virtualenvs/airflow-tutorial-3ROeDTU8-py3.11/lib/python3.11/site-packages/airflow/example_dags/example_latest_only.py took 0.061 seconds
[2024-04-17T10:21:27.793-0300] {processor.py:161} INFO - Started process (PID=29729) to work on /home/lborba/.cache/pypoetry/virtualenvs/airflow-tutorial-3ROeDTU8-py3.11/lib/python3.11/site-packages/airflow/example_dags/example_latest_only.py
[2024-04-17T10:21:27.795-0300] {processor.py:830} INFO - Processing file /home/lborba/.cache/pypoetry/virtualenvs/airflow-tutorial-3ROeDTU8-py3.11/lib/python3.11/site-packages/airflow/example_dags/example_latest_only.py for tasks to queue
[2024-04-17T10:21:27.797-0300] {logging_mixin.py:188} INFO - [2024-04-17T10:21:27.796-0300] {dagbag.py:540} INFO - Filling up the DagBag from /home/lborba/.cache/pypoetry/virtualenvs/airflow-tutorial-3ROeDTU8-py3.11/lib/python3.11/site-packages/airflow/example_dags/example_latest_only.py
[2024-04-17T10:21:27.800-0300] {processor.py:840} INFO - DAG(s) 'latest_only' retrieved from /home/lborba/.cache/pypoetry/virtualenvs/airflow-tutorial-3ROeDTU8-py3.11/lib/python3.11/site-packages/airflow/example_dags/example_latest_only.py
[2024-04-17T10:21:27.811-0300] {logging_mixin.py:188} INFO - [2024-04-17T10:21:27.810-0300] {dag.py:3096} INFO - Sync 1 DAGs
[2024-04-17T10:21:27.826-0300] {logging_mixin.py:188} INFO - [2024-04-17T10:21:27.826-0300] {dag.py:3954} INFO - Setting next_dagrun for latest_only to 2024-04-17 08:00:00+00:00, run_after=2024-04-17 12:00:00+00:00
[2024-04-17T10:21:27.844-0300] {processor.py:183} INFO - Processing /home/lborba/.cache/pypoetry/virtualenvs/airflow-tutorial-3ROeDTU8-py3.11/lib/python3.11/site-packages/airflow/example_dags/example_latest_only.py took 0.057 seconds
[2024-04-17T10:22:06.083-0300] {processor.py:161} INFO - Started process (PID=30055) to work on /home/lborba/.cache/pypoetry/virtualenvs/airflow-tutorial-3ROeDTU8-py3.11/lib/python3.11/site-packages/airflow/example_dags/example_latest_only.py
[2024-04-17T10:22:06.084-0300] {processor.py:830} INFO - Processing file /home/lborba/.cache/pypoetry/virtualenvs/airflow-tutorial-3ROeDTU8-py3.11/lib/python3.11/site-packages/airflow/example_dags/example_latest_only.py for tasks to queue
[2024-04-17T10:22:06.086-0300] {logging_mixin.py:188} INFO - [2024-04-17T10:22:06.085-0300] {dagbag.py:540} INFO - Filling up the DagBag from /home/lborba/.cache/pypoetry/virtualenvs/airflow-tutorial-3ROeDTU8-py3.11/lib/python3.11/site-packages/airflow/example_dags/example_latest_only.py
[2024-04-17T10:22:06.089-0300] {processor.py:840} INFO - DAG(s) 'latest_only' retrieved from /home/lborba/.cache/pypoetry/virtualenvs/airflow-tutorial-3ROeDTU8-py3.11/lib/python3.11/site-packages/airflow/example_dags/example_latest_only.py
[2024-04-17T10:22:06.100-0300] {logging_mixin.py:188} INFO - [2024-04-17T10:22:06.100-0300] {dag.py:3096} INFO - Sync 1 DAGs
[2024-04-17T10:22:06.112-0300] {logging_mixin.py:188} INFO - [2024-04-17T10:22:06.112-0300] {dag.py:3954} INFO - Setting next_dagrun for latest_only to 2024-04-17 08:00:00+00:00, run_after=2024-04-17 12:00:00+00:00
[2024-04-17T10:22:06.131-0300] {processor.py:183} INFO - Processing /home/lborba/.cache/pypoetry/virtualenvs/airflow-tutorial-3ROeDTU8-py3.11/lib/python3.11/site-packages/airflow/example_dags/example_latest_only.py took 0.052 seconds
[2024-04-17T10:22:43.383-0300] {processor.py:161} INFO - Started process (PID=30372) to work on /home/lborba/.cache/pypoetry/virtualenvs/airflow-tutorial-3ROeDTU8-py3.11/lib/python3.11/site-packages/airflow/example_dags/example_latest_only.py
[2024-04-17T10:22:43.388-0300] {processor.py:830} INFO - Processing file /home/lborba/.cache/pypoetry/virtualenvs/airflow-tutorial-3ROeDTU8-py3.11/lib/python3.11/site-packages/airflow/example_dags/example_latest_only.py for tasks to queue
[2024-04-17T10:22:43.390-0300] {logging_mixin.py:188} INFO - [2024-04-17T10:22:43.389-0300] {dagbag.py:540} INFO - Filling up the DagBag from /home/lborba/.cache/pypoetry/virtualenvs/airflow-tutorial-3ROeDTU8-py3.11/lib/python3.11/site-packages/airflow/example_dags/example_latest_only.py
[2024-04-17T10:22:43.393-0300] {processor.py:840} INFO - DAG(s) 'latest_only' retrieved from /home/lborba/.cache/pypoetry/virtualenvs/airflow-tutorial-3ROeDTU8-py3.11/lib/python3.11/site-packages/airflow/example_dags/example_latest_only.py
[2024-04-17T10:22:43.403-0300] {logging_mixin.py:188} INFO - [2024-04-17T10:22:43.403-0300] {dag.py:3096} INFO - Sync 1 DAGs
[2024-04-17T10:22:43.415-0300] {logging_mixin.py:188} INFO - [2024-04-17T10:22:43.415-0300] {dag.py:3954} INFO - Setting next_dagrun for latest_only to 2024-04-17 08:00:00+00:00, run_after=2024-04-17 12:00:00+00:00
[2024-04-17T10:22:43.431-0300] {processor.py:183} INFO - Processing /home/lborba/.cache/pypoetry/virtualenvs/airflow-tutorial-3ROeDTU8-py3.11/lib/python3.11/site-packages/airflow/example_dags/example_latest_only.py took 0.052 seconds
[2024-04-17T10:23:23.309-0300] {processor.py:161} INFO - Started process (PID=30709) to work on /home/lborba/.cache/pypoetry/virtualenvs/airflow-tutorial-3ROeDTU8-py3.11/lib/python3.11/site-packages/airflow/example_dags/example_latest_only.py
[2024-04-17T10:23:23.315-0300] {processor.py:830} INFO - Processing file /home/lborba/.cache/pypoetry/virtualenvs/airflow-tutorial-3ROeDTU8-py3.11/lib/python3.11/site-packages/airflow/example_dags/example_latest_only.py for tasks to queue
[2024-04-17T10:23:23.316-0300] {logging_mixin.py:188} INFO - [2024-04-17T10:23:23.316-0300] {dagbag.py:540} INFO - Filling up the DagBag from /home/lborba/.cache/pypoetry/virtualenvs/airflow-tutorial-3ROeDTU8-py3.11/lib/python3.11/site-packages/airflow/example_dags/example_latest_only.py
[2024-04-17T10:23:23.319-0300] {processor.py:840} INFO - DAG(s) 'latest_only' retrieved from /home/lborba/.cache/pypoetry/virtualenvs/airflow-tutorial-3ROeDTU8-py3.11/lib/python3.11/site-packages/airflow/example_dags/example_latest_only.py
[2024-04-17T10:23:23.330-0300] {logging_mixin.py:188} INFO - [2024-04-17T10:23:23.330-0300] {dag.py:3096} INFO - Sync 1 DAGs
[2024-04-17T10:23:23.344-0300] {logging_mixin.py:188} INFO - [2024-04-17T10:23:23.344-0300] {dag.py:3954} INFO - Setting next_dagrun for latest_only to 2024-04-17 08:00:00+00:00, run_after=2024-04-17 12:00:00+00:00
[2024-04-17T10:23:23.360-0300] {processor.py:183} INFO - Processing /home/lborba/.cache/pypoetry/virtualenvs/airflow-tutorial-3ROeDTU8-py3.11/lib/python3.11/site-packages/airflow/example_dags/example_latest_only.py took 0.056 seconds
[2024-04-17T10:24:03.385-0300] {processor.py:161} INFO - Started process (PID=31044) to work on /home/lborba/.cache/pypoetry/virtualenvs/airflow-tutorial-3ROeDTU8-py3.11/lib/python3.11/site-packages/airflow/example_dags/example_latest_only.py
[2024-04-17T10:24:03.386-0300] {processor.py:830} INFO - Processing file /home/lborba/.cache/pypoetry/virtualenvs/airflow-tutorial-3ROeDTU8-py3.11/lib/python3.11/site-packages/airflow/example_dags/example_latest_only.py for tasks to queue
[2024-04-17T10:24:03.388-0300] {logging_mixin.py:188} INFO - [2024-04-17T10:24:03.387-0300] {dagbag.py:540} INFO - Filling up the DagBag from /home/lborba/.cache/pypoetry/virtualenvs/airflow-tutorial-3ROeDTU8-py3.11/lib/python3.11/site-packages/airflow/example_dags/example_latest_only.py
[2024-04-17T10:24:03.391-0300] {processor.py:840} INFO - DAG(s) 'latest_only' retrieved from /home/lborba/.cache/pypoetry/virtualenvs/airflow-tutorial-3ROeDTU8-py3.11/lib/python3.11/site-packages/airflow/example_dags/example_latest_only.py
[2024-04-17T10:24:03.402-0300] {logging_mixin.py:188} INFO - [2024-04-17T10:24:03.402-0300] {dag.py:3096} INFO - Sync 1 DAGs
[2024-04-17T10:24:03.415-0300] {logging_mixin.py:188} INFO - [2024-04-17T10:24:03.415-0300] {dag.py:3954} INFO - Setting next_dagrun for latest_only to 2024-04-17 08:00:00+00:00, run_after=2024-04-17 12:00:00+00:00
[2024-04-17T10:24:03.433-0300] {processor.py:183} INFO - Processing /home/lborba/.cache/pypoetry/virtualenvs/airflow-tutorial-3ROeDTU8-py3.11/lib/python3.11/site-packages/airflow/example_dags/example_latest_only.py took 0.051 seconds
[2024-04-17T10:24:40.522-0300] {processor.py:161} INFO - Started process (PID=31360) to work on /home/lborba/.cache/pypoetry/virtualenvs/airflow-tutorial-3ROeDTU8-py3.11/lib/python3.11/site-packages/airflow/example_dags/example_latest_only.py
[2024-04-17T10:24:40.528-0300] {processor.py:830} INFO - Processing file /home/lborba/.cache/pypoetry/virtualenvs/airflow-tutorial-3ROeDTU8-py3.11/lib/python3.11/site-packages/airflow/example_dags/example_latest_only.py for tasks to queue
[2024-04-17T10:24:40.530-0300] {logging_mixin.py:188} INFO - [2024-04-17T10:24:40.530-0300] {dagbag.py:540} INFO - Filling up the DagBag from /home/lborba/.cache/pypoetry/virtualenvs/airflow-tutorial-3ROeDTU8-py3.11/lib/python3.11/site-packages/airflow/example_dags/example_latest_only.py
[2024-04-17T10:24:40.533-0300] {processor.py:840} INFO - DAG(s) 'latest_only' retrieved from /home/lborba/.cache/pypoetry/virtualenvs/airflow-tutorial-3ROeDTU8-py3.11/lib/python3.11/site-packages/airflow/example_dags/example_latest_only.py
[2024-04-17T10:24:40.543-0300] {logging_mixin.py:188} INFO - [2024-04-17T10:24:40.543-0300] {dag.py:3096} INFO - Sync 1 DAGs
[2024-04-17T10:24:40.556-0300] {logging_mixin.py:188} INFO - [2024-04-17T10:24:40.556-0300] {dag.py:3954} INFO - Setting next_dagrun for latest_only to 2024-04-17 08:00:00+00:00, run_after=2024-04-17 12:00:00+00:00
[2024-04-17T10:24:40.574-0300] {processor.py:183} INFO - Processing /home/lborba/.cache/pypoetry/virtualenvs/airflow-tutorial-3ROeDTU8-py3.11/lib/python3.11/site-packages/airflow/example_dags/example_latest_only.py took 0.057 seconds
