[2024-04-17T10:09:55.171-0300] {processor.py:161} INFO - Started process (PID=22818) to work on /home/lborba/.cache/pypoetry/virtualenvs/airflow-tutorial-3ROeDTU8-py3.11/lib/python3.11/site-packages/airflow/example_dags/example_datasets.py
[2024-04-17T10:09:55.171-0300] {processor.py:830} INFO - Processing file /home/lborba/.cache/pypoetry/virtualenvs/airflow-tutorial-3ROeDTU8-py3.11/lib/python3.11/site-packages/airflow/example_dags/example_datasets.py for tasks to queue
[2024-04-17T10:09:55.173-0300] {logging_mixin.py:188} INFO - [2024-04-17T10:09:55.172-0300] {dagbag.py:540} INFO - Filling up the DagBag from /home/lborba/.cache/pypoetry/virtualenvs/airflow-tutorial-3ROeDTU8-py3.11/lib/python3.11/site-packages/airflow/example_dags/example_datasets.py
[2024-04-17T10:09:55.185-0300] {processor.py:840} INFO - DAG(s) 'consume_1_or_both_2_and_3_with_dataset_expressions', 'dataset_consumes_1_and_2', 'dataset_consumes_unknown_never_scheduled', 'dataset_consumes_1_never_scheduled', 'dataset_consumes_1', 'consume_1_and_2_with_dataset_expressions', 'conditional_dataset_and_time_based_timetable', 'consume_1_or_2_with_dataset_expressions', 'dataset_produces_1', 'dataset_produces_2' retrieved from /home/lborba/.cache/pypoetry/virtualenvs/airflow-tutorial-3ROeDTU8-py3.11/lib/python3.11/site-packages/airflow/example_dags/example_datasets.py
[2024-04-17T10:09:55.275-0300] {logging_mixin.py:188} INFO - [2024-04-17T10:09:55.274-0300] {override.py:1829} INFO - Created Permission View: can edit on DAG:consume_1_or_both_2_and_3_with_dataset_expressions
[2024-04-17T10:09:55.290-0300] {logging_mixin.py:188} INFO - [2024-04-17T10:09:55.289-0300] {override.py:1829} INFO - Created Permission View: can delete on DAG:consume_1_or_both_2_and_3_with_dataset_expressions
[2024-04-17T10:09:55.302-0300] {logging_mixin.py:188} INFO - [2024-04-17T10:09:55.302-0300] {override.py:1829} INFO - Created Permission View: can read on DAG:consume_1_or_both_2_and_3_with_dataset_expressions
[2024-04-17T10:09:55.324-0300] {logging_mixin.py:188} INFO - [2024-04-17T10:09:55.324-0300] {override.py:1829} INFO - Created Permission View: can edit on DAG:dataset_consumes_1_and_2
[2024-04-17T10:09:55.333-0300] {logging_mixin.py:188} INFO - [2024-04-17T10:09:55.333-0300] {override.py:1829} INFO - Created Permission View: can delete on DAG:dataset_consumes_1_and_2
[2024-04-17T10:09:55.344-0300] {logging_mixin.py:188} INFO - [2024-04-17T10:09:55.343-0300] {override.py:1829} INFO - Created Permission View: can read on DAG:dataset_consumes_1_and_2
[2024-04-17T10:09:55.366-0300] {logging_mixin.py:188} INFO - [2024-04-17T10:09:55.366-0300] {override.py:1829} INFO - Created Permission View: can edit on DAG:dataset_consumes_unknown_never_scheduled
[2024-04-17T10:09:55.376-0300] {logging_mixin.py:188} INFO - [2024-04-17T10:09:55.376-0300] {override.py:1829} INFO - Created Permission View: can delete on DAG:dataset_consumes_unknown_never_scheduled
[2024-04-17T10:09:55.385-0300] {logging_mixin.py:188} INFO - [2024-04-17T10:09:55.385-0300] {override.py:1829} INFO - Created Permission View: can read on DAG:dataset_consumes_unknown_never_scheduled
[2024-04-17T10:09:55.403-0300] {logging_mixin.py:188} INFO - [2024-04-17T10:09:55.403-0300] {override.py:1829} INFO - Created Permission View: can edit on DAG:dataset_consumes_1_never_scheduled
[2024-04-17T10:09:55.412-0300] {logging_mixin.py:188} INFO - [2024-04-17T10:09:55.411-0300] {override.py:1829} INFO - Created Permission View: can delete on DAG:dataset_consumes_1_never_scheduled
[2024-04-17T10:09:55.421-0300] {logging_mixin.py:188} INFO - [2024-04-17T10:09:55.420-0300] {override.py:1829} INFO - Created Permission View: can read on DAG:dataset_consumes_1_never_scheduled
[2024-04-17T10:09:55.439-0300] {logging_mixin.py:188} INFO - [2024-04-17T10:09:55.439-0300] {override.py:1829} INFO - Created Permission View: can edit on DAG:dataset_consumes_1
[2024-04-17T10:09:55.447-0300] {logging_mixin.py:188} INFO - [2024-04-17T10:09:55.446-0300] {override.py:1829} INFO - Created Permission View: can delete on DAG:dataset_consumes_1
[2024-04-17T10:09:55.455-0300] {logging_mixin.py:188} INFO - [2024-04-17T10:09:55.454-0300] {override.py:1829} INFO - Created Permission View: can read on DAG:dataset_consumes_1
[2024-04-17T10:09:55.472-0300] {logging_mixin.py:188} INFO - [2024-04-17T10:09:55.472-0300] {override.py:1829} INFO - Created Permission View: can edit on DAG:consume_1_and_2_with_dataset_expressions
[2024-04-17T10:09:55.480-0300] {logging_mixin.py:188} INFO - [2024-04-17T10:09:55.479-0300] {override.py:1829} INFO - Created Permission View: can delete on DAG:consume_1_and_2_with_dataset_expressions
[2024-04-17T10:09:55.487-0300] {logging_mixin.py:188} INFO - [2024-04-17T10:09:55.487-0300] {override.py:1829} INFO - Created Permission View: can read on DAG:consume_1_and_2_with_dataset_expressions
[2024-04-17T10:09:55.505-0300] {logging_mixin.py:188} INFO - [2024-04-17T10:09:55.505-0300] {override.py:1829} INFO - Created Permission View: can edit on DAG:conditional_dataset_and_time_based_timetable
[2024-04-17T10:09:55.512-0300] {logging_mixin.py:188} INFO - [2024-04-17T10:09:55.512-0300] {override.py:1829} INFO - Created Permission View: can delete on DAG:conditional_dataset_and_time_based_timetable
[2024-04-17T10:09:55.521-0300] {logging_mixin.py:188} INFO - [2024-04-17T10:09:55.521-0300] {override.py:1829} INFO - Created Permission View: can read on DAG:conditional_dataset_and_time_based_timetable
[2024-04-17T10:09:55.539-0300] {logging_mixin.py:188} INFO - [2024-04-17T10:09:55.539-0300] {override.py:1829} INFO - Created Permission View: can edit on DAG:consume_1_or_2_with_dataset_expressions
[2024-04-17T10:09:55.546-0300] {logging_mixin.py:188} INFO - [2024-04-17T10:09:55.546-0300] {override.py:1829} INFO - Created Permission View: can delete on DAG:consume_1_or_2_with_dataset_expressions
[2024-04-17T10:09:55.554-0300] {logging_mixin.py:188} INFO - [2024-04-17T10:09:55.553-0300] {override.py:1829} INFO - Created Permission View: can read on DAG:consume_1_or_2_with_dataset_expressions
[2024-04-17T10:09:55.573-0300] {logging_mixin.py:188} INFO - [2024-04-17T10:09:55.573-0300] {override.py:1829} INFO - Created Permission View: can edit on DAG:dataset_produces_1
[2024-04-17T10:09:55.580-0300] {logging_mixin.py:188} INFO - [2024-04-17T10:09:55.580-0300] {override.py:1829} INFO - Created Permission View: can delete on DAG:dataset_produces_1
[2024-04-17T10:09:55.586-0300] {logging_mixin.py:188} INFO - [2024-04-17T10:09:55.586-0300] {override.py:1829} INFO - Created Permission View: can read on DAG:dataset_produces_1
[2024-04-17T10:09:55.601-0300] {logging_mixin.py:188} INFO - [2024-04-17T10:09:55.601-0300] {override.py:1829} INFO - Created Permission View: can edit on DAG:dataset_produces_2
[2024-04-17T10:09:55.608-0300] {logging_mixin.py:188} INFO - [2024-04-17T10:09:55.608-0300] {override.py:1829} INFO - Created Permission View: can delete on DAG:dataset_produces_2
[2024-04-17T10:09:55.615-0300] {logging_mixin.py:188} INFO - [2024-04-17T10:09:55.615-0300] {override.py:1829} INFO - Created Permission View: can read on DAG:dataset_produces_2
[2024-04-17T10:09:55.616-0300] {logging_mixin.py:188} INFO - [2024-04-17T10:09:55.616-0300] {dag.py:3096} INFO - Sync 10 DAGs
[2024-04-17T10:09:55.622-0300] {logging_mixin.py:188} INFO - [2024-04-17T10:09:55.622-0300] {dag.py:3118} INFO - Creating ORM DAG for consume_1_or_both_2_and_3_with_dataset_expressions
[2024-04-17T10:09:55.622-0300] {logging_mixin.py:188} INFO - [2024-04-17T10:09:55.622-0300] {dag.py:3118} INFO - Creating ORM DAG for dataset_consumes_1_and_2
[2024-04-17T10:09:55.623-0300] {logging_mixin.py:188} INFO - [2024-04-17T10:09:55.623-0300] {dag.py:3118} INFO - Creating ORM DAG for dataset_produces_1
[2024-04-17T10:09:55.623-0300] {logging_mixin.py:188} INFO - [2024-04-17T10:09:55.623-0300] {dag.py:3118} INFO - Creating ORM DAG for conditional_dataset_and_time_based_timetable
[2024-04-17T10:09:55.623-0300] {logging_mixin.py:188} INFO - [2024-04-17T10:09:55.623-0300] {dag.py:3118} INFO - Creating ORM DAG for dataset_consumes_1_never_scheduled
[2024-04-17T10:09:55.623-0300] {logging_mixin.py:188} INFO - [2024-04-17T10:09:55.623-0300] {dag.py:3118} INFO - Creating ORM DAG for dataset_consumes_1
[2024-04-17T10:09:55.624-0300] {logging_mixin.py:188} INFO - [2024-04-17T10:09:55.624-0300] {dag.py:3118} INFO - Creating ORM DAG for consume_1_or_2_with_dataset_expressions
[2024-04-17T10:09:55.624-0300] {logging_mixin.py:188} INFO - [2024-04-17T10:09:55.624-0300] {dag.py:3118} INFO - Creating ORM DAG for dataset_produces_2
[2024-04-17T10:09:55.624-0300] {logging_mixin.py:188} INFO - [2024-04-17T10:09:55.624-0300] {dag.py:3118} INFO - Creating ORM DAG for consume_1_and_2_with_dataset_expressions
[2024-04-17T10:09:55.624-0300] {logging_mixin.py:188} INFO - [2024-04-17T10:09:55.624-0300] {dag.py:3118} INFO - Creating ORM DAG for dataset_consumes_unknown_never_scheduled
[2024-04-17T10:09:55.631-0300] {logging_mixin.py:188} INFO - [2024-04-17T10:09:55.631-0300] {dag.py:3954} INFO - Setting next_dagrun for conditional_dataset_and_time_based_timetable to 2024-04-17 01:00:00+00:00, run_after=2024-04-17 01:00:00+00:00
[2024-04-17T10:09:55.631-0300] {logging_mixin.py:188} INFO - [2024-04-17T10:09:55.631-0300] {dag.py:3954} INFO - Setting next_dagrun for consume_1_and_2_with_dataset_expressions to None, run_after=None
[2024-04-17T10:09:55.632-0300] {logging_mixin.py:188} INFO - [2024-04-17T10:09:55.632-0300] {dag.py:3954} INFO - Setting next_dagrun for consume_1_or_2_with_dataset_expressions to None, run_after=None
[2024-04-17T10:09:55.632-0300] {logging_mixin.py:188} INFO - [2024-04-17T10:09:55.632-0300] {dag.py:3954} INFO - Setting next_dagrun for consume_1_or_both_2_and_3_with_dataset_expressions to None, run_after=None
[2024-04-17T10:09:55.632-0300] {logging_mixin.py:188} INFO - [2024-04-17T10:09:55.632-0300] {dag.py:3954} INFO - Setting next_dagrun for dataset_consumes_1 to None, run_after=None
[2024-04-17T10:09:55.632-0300] {logging_mixin.py:188} INFO - [2024-04-17T10:09:55.632-0300] {dag.py:3954} INFO - Setting next_dagrun for dataset_consumes_1_and_2 to None, run_after=None
[2024-04-17T10:09:55.633-0300] {logging_mixin.py:188} INFO - [2024-04-17T10:09:55.633-0300] {dag.py:3954} INFO - Setting next_dagrun for dataset_consumes_1_never_scheduled to None, run_after=None
[2024-04-17T10:09:55.633-0300] {logging_mixin.py:188} INFO - [2024-04-17T10:09:55.633-0300] {dag.py:3954} INFO - Setting next_dagrun for dataset_consumes_unknown_never_scheduled to None, run_after=None
[2024-04-17T10:09:55.634-0300] {logging_mixin.py:188} INFO - [2024-04-17T10:09:55.634-0300] {dag.py:3954} INFO - Setting next_dagrun for dataset_produces_1 to 2024-04-16 00:00:00+00:00, run_after=2024-04-17 00:00:00+00:00
[2024-04-17T10:09:55.634-0300] {logging_mixin.py:188} INFO - [2024-04-17T10:09:55.634-0300] {dag.py:3954} INFO - Setting next_dagrun for dataset_produces_2 to None, run_after=None
[2024-04-17T10:09:55.665-0300] {processor.py:183} INFO - Processing /home/lborba/.cache/pypoetry/virtualenvs/airflow-tutorial-3ROeDTU8-py3.11/lib/python3.11/site-packages/airflow/example_dags/example_datasets.py took 0.500 seconds
[2024-04-17T10:10:51.493-0300] {processor.py:161} INFO - Started process (PID=23410) to work on /home/lborba/.cache/pypoetry/virtualenvs/airflow-tutorial-3ROeDTU8-py3.11/lib/python3.11/site-packages/airflow/example_dags/example_datasets.py
[2024-04-17T10:10:51.499-0300] {processor.py:830} INFO - Processing file /home/lborba/.cache/pypoetry/virtualenvs/airflow-tutorial-3ROeDTU8-py3.11/lib/python3.11/site-packages/airflow/example_dags/example_datasets.py for tasks to queue
[2024-04-17T10:10:51.501-0300] {logging_mixin.py:188} INFO - [2024-04-17T10:10:51.500-0300] {dagbag.py:540} INFO - Filling up the DagBag from /home/lborba/.cache/pypoetry/virtualenvs/airflow-tutorial-3ROeDTU8-py3.11/lib/python3.11/site-packages/airflow/example_dags/example_datasets.py
[2024-04-17T10:10:51.509-0300] {processor.py:840} INFO - DAG(s) 'dataset_consumes_1_never_scheduled', 'dataset_produces_2', 'dataset_consumes_1', 'dataset_consumes_1_and_2', 'dataset_produces_1', 'consume_1_and_2_with_dataset_expressions', 'consume_1_or_2_with_dataset_expressions', 'consume_1_or_both_2_and_3_with_dataset_expressions', 'dataset_consumes_unknown_never_scheduled', 'conditional_dataset_and_time_based_timetable' retrieved from /home/lborba/.cache/pypoetry/virtualenvs/airflow-tutorial-3ROeDTU8-py3.11/lib/python3.11/site-packages/airflow/example_dags/example_datasets.py
[2024-04-17T10:10:51.531-0300] {logging_mixin.py:188} INFO - [2024-04-17T10:10:51.531-0300] {dag.py:3096} INFO - Sync 10 DAGs
[2024-04-17T10:10:51.547-0300] {logging_mixin.py:188} INFO - [2024-04-17T10:10:51.547-0300] {dag.py:3954} INFO - Setting next_dagrun for conditional_dataset_and_time_based_timetable to 2024-04-17 01:00:00+00:00, run_after=2024-04-17 01:00:00+00:00
[2024-04-17T10:10:51.549-0300] {logging_mixin.py:188} INFO - [2024-04-17T10:10:51.549-0300] {dag.py:3954} INFO - Setting next_dagrun for consume_1_and_2_with_dataset_expressions to None, run_after=None
[2024-04-17T10:10:51.550-0300] {logging_mixin.py:188} INFO - [2024-04-17T10:10:51.550-0300] {dag.py:3954} INFO - Setting next_dagrun for consume_1_or_2_with_dataset_expressions to None, run_after=None
[2024-04-17T10:10:51.551-0300] {logging_mixin.py:188} INFO - [2024-04-17T10:10:51.551-0300] {dag.py:3954} INFO - Setting next_dagrun for consume_1_or_both_2_and_3_with_dataset_expressions to None, run_after=None
[2024-04-17T10:10:51.551-0300] {logging_mixin.py:188} INFO - [2024-04-17T10:10:51.551-0300] {dag.py:3954} INFO - Setting next_dagrun for dataset_consumes_1 to None, run_after=None
[2024-04-17T10:10:51.552-0300] {logging_mixin.py:188} INFO - [2024-04-17T10:10:51.552-0300] {dag.py:3954} INFO - Setting next_dagrun for dataset_consumes_1_and_2 to None, run_after=None
[2024-04-17T10:10:51.553-0300] {logging_mixin.py:188} INFO - [2024-04-17T10:10:51.553-0300] {dag.py:3954} INFO - Setting next_dagrun for dataset_consumes_1_never_scheduled to None, run_after=None
[2024-04-17T10:10:51.553-0300] {logging_mixin.py:188} INFO - [2024-04-17T10:10:51.553-0300] {dag.py:3954} INFO - Setting next_dagrun for dataset_consumes_unknown_never_scheduled to None, run_after=None
[2024-04-17T10:10:51.555-0300] {logging_mixin.py:188} INFO - [2024-04-17T10:10:51.555-0300] {dag.py:3954} INFO - Setting next_dagrun for dataset_produces_1 to 2024-04-16 00:00:00+00:00, run_after=2024-04-17 00:00:00+00:00
[2024-04-17T10:10:51.555-0300] {logging_mixin.py:188} INFO - [2024-04-17T10:10:51.555-0300] {dag.py:3954} INFO - Setting next_dagrun for dataset_produces_2 to None, run_after=None
[2024-04-17T10:10:51.578-0300] {processor.py:183} INFO - Processing /home/lborba/.cache/pypoetry/virtualenvs/airflow-tutorial-3ROeDTU8-py3.11/lib/python3.11/site-packages/airflow/example_dags/example_datasets.py took 0.090 seconds
[2024-04-17T10:11:34.579-0300] {processor.py:161} INFO - Started process (PID=23749) to work on /home/lborba/.cache/pypoetry/virtualenvs/airflow-tutorial-3ROeDTU8-py3.11/lib/python3.11/site-packages/airflow/example_dags/example_datasets.py
[2024-04-17T10:11:34.581-0300] {processor.py:830} INFO - Processing file /home/lborba/.cache/pypoetry/virtualenvs/airflow-tutorial-3ROeDTU8-py3.11/lib/python3.11/site-packages/airflow/example_dags/example_datasets.py for tasks to queue
[2024-04-17T10:11:34.582-0300] {logging_mixin.py:188} INFO - [2024-04-17T10:11:34.582-0300] {dagbag.py:540} INFO - Filling up the DagBag from /home/lborba/.cache/pypoetry/virtualenvs/airflow-tutorial-3ROeDTU8-py3.11/lib/python3.11/site-packages/airflow/example_dags/example_datasets.py
[2024-04-17T10:11:34.593-0300] {processor.py:840} INFO - DAG(s) 'consume_1_and_2_with_dataset_expressions', 'dataset_produces_1', 'dataset_consumes_1_and_2', 'dataset_consumes_1', 'dataset_consumes_unknown_never_scheduled', 'conditional_dataset_and_time_based_timetable', 'dataset_consumes_1_never_scheduled', 'consume_1_or_both_2_and_3_with_dataset_expressions', 'dataset_produces_2', 'consume_1_or_2_with_dataset_expressions' retrieved from /home/lborba/.cache/pypoetry/virtualenvs/airflow-tutorial-3ROeDTU8-py3.11/lib/python3.11/site-packages/airflow/example_dags/example_datasets.py
[2024-04-17T10:11:34.618-0300] {logging_mixin.py:188} INFO - [2024-04-17T10:11:34.618-0300] {dag.py:3096} INFO - Sync 10 DAGs
[2024-04-17T10:11:34.636-0300] {logging_mixin.py:188} INFO - [2024-04-17T10:11:34.636-0300] {dag.py:3954} INFO - Setting next_dagrun for conditional_dataset_and_time_based_timetable to 2024-04-17 01:00:00+00:00, run_after=2024-04-17 01:00:00+00:00
[2024-04-17T10:11:34.638-0300] {logging_mixin.py:188} INFO - [2024-04-17T10:11:34.638-0300] {dag.py:3954} INFO - Setting next_dagrun for consume_1_and_2_with_dataset_expressions to None, run_after=None
[2024-04-17T10:11:34.639-0300] {logging_mixin.py:188} INFO - [2024-04-17T10:11:34.639-0300] {dag.py:3954} INFO - Setting next_dagrun for consume_1_or_2_with_dataset_expressions to None, run_after=None
[2024-04-17T10:11:34.640-0300] {logging_mixin.py:188} INFO - [2024-04-17T10:11:34.640-0300] {dag.py:3954} INFO - Setting next_dagrun for consume_1_or_both_2_and_3_with_dataset_expressions to None, run_after=None
[2024-04-17T10:11:34.642-0300] {logging_mixin.py:188} INFO - [2024-04-17T10:11:34.642-0300] {dag.py:3954} INFO - Setting next_dagrun for dataset_consumes_1 to None, run_after=None
[2024-04-17T10:11:34.642-0300] {logging_mixin.py:188} INFO - [2024-04-17T10:11:34.642-0300] {dag.py:3954} INFO - Setting next_dagrun for dataset_consumes_1_and_2 to None, run_after=None
[2024-04-17T10:11:34.643-0300] {logging_mixin.py:188} INFO - [2024-04-17T10:11:34.643-0300] {dag.py:3954} INFO - Setting next_dagrun for dataset_consumes_1_never_scheduled to None, run_after=None
[2024-04-17T10:11:34.644-0300] {logging_mixin.py:188} INFO - [2024-04-17T10:11:34.643-0300] {dag.py:3954} INFO - Setting next_dagrun for dataset_consumes_unknown_never_scheduled to None, run_after=None
[2024-04-17T10:11:34.645-0300] {logging_mixin.py:188} INFO - [2024-04-17T10:11:34.645-0300] {dag.py:3954} INFO - Setting next_dagrun for dataset_produces_1 to 2024-04-16 00:00:00+00:00, run_after=2024-04-17 00:00:00+00:00
[2024-04-17T10:11:34.646-0300] {logging_mixin.py:188} INFO - [2024-04-17T10:11:34.646-0300] {dag.py:3954} INFO - Setting next_dagrun for dataset_produces_2 to None, run_after=None
[2024-04-17T10:11:34.670-0300] {processor.py:183} INFO - Processing /home/lborba/.cache/pypoetry/virtualenvs/airflow-tutorial-3ROeDTU8-py3.11/lib/python3.11/site-packages/airflow/example_dags/example_datasets.py took 0.094 seconds
[2024-04-17T10:12:14.742-0300] {processor.py:161} INFO - Started process (PID=24141) to work on /home/lborba/.cache/pypoetry/virtualenvs/airflow-tutorial-3ROeDTU8-py3.11/lib/python3.11/site-packages/airflow/example_dags/example_datasets.py
[2024-04-17T10:12:14.748-0300] {processor.py:830} INFO - Processing file /home/lborba/.cache/pypoetry/virtualenvs/airflow-tutorial-3ROeDTU8-py3.11/lib/python3.11/site-packages/airflow/example_dags/example_datasets.py for tasks to queue
[2024-04-17T10:12:14.749-0300] {logging_mixin.py:188} INFO - [2024-04-17T10:12:14.749-0300] {dagbag.py:540} INFO - Filling up the DagBag from /home/lborba/.cache/pypoetry/virtualenvs/airflow-tutorial-3ROeDTU8-py3.11/lib/python3.11/site-packages/airflow/example_dags/example_datasets.py
[2024-04-17T10:12:14.758-0300] {processor.py:840} INFO - DAG(s) 'conditional_dataset_and_time_based_timetable', 'consume_1_and_2_with_dataset_expressions', 'dataset_consumes_1', 'consume_1_or_both_2_and_3_with_dataset_expressions', 'dataset_consumes_1_never_scheduled', 'dataset_consumes_unknown_never_scheduled', 'dataset_produces_2', 'dataset_produces_1', 'consume_1_or_2_with_dataset_expressions', 'dataset_consumes_1_and_2' retrieved from /home/lborba/.cache/pypoetry/virtualenvs/airflow-tutorial-3ROeDTU8-py3.11/lib/python3.11/site-packages/airflow/example_dags/example_datasets.py
[2024-04-17T10:12:14.781-0300] {logging_mixin.py:188} INFO - [2024-04-17T10:12:14.781-0300] {dag.py:3096} INFO - Sync 10 DAGs
[2024-04-17T10:12:14.796-0300] {logging_mixin.py:188} INFO - [2024-04-17T10:12:14.796-0300] {dag.py:3954} INFO - Setting next_dagrun for conditional_dataset_and_time_based_timetable to 2024-04-17 01:00:00+00:00, run_after=2024-04-17 01:00:00+00:00
[2024-04-17T10:12:14.798-0300] {logging_mixin.py:188} INFO - [2024-04-17T10:12:14.798-0300] {dag.py:3954} INFO - Setting next_dagrun for consume_1_and_2_with_dataset_expressions to None, run_after=None
[2024-04-17T10:12:14.799-0300] {logging_mixin.py:188} INFO - [2024-04-17T10:12:14.799-0300] {dag.py:3954} INFO - Setting next_dagrun for consume_1_or_2_with_dataset_expressions to None, run_after=None
[2024-04-17T10:12:14.799-0300] {logging_mixin.py:188} INFO - [2024-04-17T10:12:14.799-0300] {dag.py:3954} INFO - Setting next_dagrun for consume_1_or_both_2_and_3_with_dataset_expressions to None, run_after=None
[2024-04-17T10:12:14.800-0300] {logging_mixin.py:188} INFO - [2024-04-17T10:12:14.800-0300] {dag.py:3954} INFO - Setting next_dagrun for dataset_consumes_1 to None, run_after=None
[2024-04-17T10:12:14.800-0300] {logging_mixin.py:188} INFO - [2024-04-17T10:12:14.800-0300] {dag.py:3954} INFO - Setting next_dagrun for dataset_consumes_1_and_2 to None, run_after=None
[2024-04-17T10:12:14.801-0300] {logging_mixin.py:188} INFO - [2024-04-17T10:12:14.801-0300] {dag.py:3954} INFO - Setting next_dagrun for dataset_consumes_1_never_scheduled to None, run_after=None
[2024-04-17T10:12:14.801-0300] {logging_mixin.py:188} INFO - [2024-04-17T10:12:14.801-0300] {dag.py:3954} INFO - Setting next_dagrun for dataset_consumes_unknown_never_scheduled to None, run_after=None
[2024-04-17T10:12:14.803-0300] {logging_mixin.py:188} INFO - [2024-04-17T10:12:14.803-0300] {dag.py:3954} INFO - Setting next_dagrun for dataset_produces_1 to 2024-04-16 00:00:00+00:00, run_after=2024-04-17 00:00:00+00:00
[2024-04-17T10:12:14.803-0300] {logging_mixin.py:188} INFO - [2024-04-17T10:12:14.803-0300] {dag.py:3954} INFO - Setting next_dagrun for dataset_produces_2 to None, run_after=None
[2024-04-17T10:12:14.826-0300] {processor.py:183} INFO - Processing /home/lborba/.cache/pypoetry/virtualenvs/airflow-tutorial-3ROeDTU8-py3.11/lib/python3.11/site-packages/airflow/example_dags/example_datasets.py took 0.088 seconds
[2024-04-17T10:13:08.068-0300] {processor.py:161} INFO - Started process (PID=25034) to work on /home/lborba/.cache/pypoetry/virtualenvs/airflow-tutorial-3ROeDTU8-py3.11/lib/python3.11/site-packages/airflow/example_dags/example_datasets.py
[2024-04-17T10:13:08.071-0300] {processor.py:830} INFO - Processing file /home/lborba/.cache/pypoetry/virtualenvs/airflow-tutorial-3ROeDTU8-py3.11/lib/python3.11/site-packages/airflow/example_dags/example_datasets.py for tasks to queue
[2024-04-17T10:13:08.074-0300] {logging_mixin.py:188} INFO - [2024-04-17T10:13:08.073-0300] {dagbag.py:540} INFO - Filling up the DagBag from /home/lborba/.cache/pypoetry/virtualenvs/airflow-tutorial-3ROeDTU8-py3.11/lib/python3.11/site-packages/airflow/example_dags/example_datasets.py
[2024-04-17T10:13:08.117-0300] {processor.py:840} INFO - DAG(s) 'dataset_produces_1', 'consume_1_or_both_2_and_3_with_dataset_expressions', 'dataset_consumes_unknown_never_scheduled', 'consume_1_or_2_with_dataset_expressions', 'dataset_consumes_1_never_scheduled', 'dataset_produces_2', 'conditional_dataset_and_time_based_timetable', 'dataset_consumes_1_and_2', 'dataset_consumes_1', 'consume_1_and_2_with_dataset_expressions' retrieved from /home/lborba/.cache/pypoetry/virtualenvs/airflow-tutorial-3ROeDTU8-py3.11/lib/python3.11/site-packages/airflow/example_dags/example_datasets.py
[2024-04-17T10:13:08.261-0300] {logging_mixin.py:188} INFO - [2024-04-17T10:13:08.259-0300] {dag.py:3096} INFO - Sync 10 DAGs
[2024-04-17T10:13:08.320-0300] {logging_mixin.py:188} INFO - [2024-04-17T10:13:08.319-0300] {dag.py:3954} INFO - Setting next_dagrun for conditional_dataset_and_time_based_timetable to 2024-04-17 01:00:00+00:00, run_after=2024-04-17 01:00:00+00:00
[2024-04-17T10:13:08.328-0300] {logging_mixin.py:188} INFO - [2024-04-17T10:13:08.328-0300] {dag.py:3954} INFO - Setting next_dagrun for consume_1_and_2_with_dataset_expressions to None, run_after=None
[2024-04-17T10:13:08.330-0300] {logging_mixin.py:188} INFO - [2024-04-17T10:13:08.330-0300] {dag.py:3954} INFO - Setting next_dagrun for consume_1_or_2_with_dataset_expressions to None, run_after=None
[2024-04-17T10:13:08.332-0300] {logging_mixin.py:188} INFO - [2024-04-17T10:13:08.332-0300] {dag.py:3954} INFO - Setting next_dagrun for consume_1_or_both_2_and_3_with_dataset_expressions to None, run_after=None
[2024-04-17T10:13:08.334-0300] {logging_mixin.py:188} INFO - [2024-04-17T10:13:08.334-0300] {dag.py:3954} INFO - Setting next_dagrun for dataset_consumes_1 to None, run_after=None
[2024-04-17T10:13:08.335-0300] {logging_mixin.py:188} INFO - [2024-04-17T10:13:08.335-0300] {dag.py:3954} INFO - Setting next_dagrun for dataset_consumes_1_and_2 to None, run_after=None
[2024-04-17T10:13:08.336-0300] {logging_mixin.py:188} INFO - [2024-04-17T10:13:08.336-0300] {dag.py:3954} INFO - Setting next_dagrun for dataset_consumes_1_never_scheduled to None, run_after=None
[2024-04-17T10:13:08.336-0300] {logging_mixin.py:188} INFO - [2024-04-17T10:13:08.336-0300] {dag.py:3954} INFO - Setting next_dagrun for dataset_consumes_unknown_never_scheduled to None, run_after=None
[2024-04-17T10:13:08.338-0300] {logging_mixin.py:188} INFO - [2024-04-17T10:13:08.338-0300] {dag.py:3954} INFO - Setting next_dagrun for dataset_produces_1 to 2024-04-16 00:00:00+00:00, run_after=2024-04-17 00:00:00+00:00
[2024-04-17T10:13:08.339-0300] {logging_mixin.py:188} INFO - [2024-04-17T10:13:08.339-0300] {dag.py:3954} INFO - Setting next_dagrun for dataset_produces_2 to None, run_after=None
[2024-04-17T10:13:08.399-0300] {processor.py:183} INFO - Processing /home/lborba/.cache/pypoetry/virtualenvs/airflow-tutorial-3ROeDTU8-py3.11/lib/python3.11/site-packages/airflow/example_dags/example_datasets.py took 0.342 seconds
[2024-04-17T10:13:50.375-0300] {processor.py:161} INFO - Started process (PID=25574) to work on /home/lborba/.cache/pypoetry/virtualenvs/airflow-tutorial-3ROeDTU8-py3.11/lib/python3.11/site-packages/airflow/example_dags/example_datasets.py
[2024-04-17T10:13:50.377-0300] {processor.py:830} INFO - Processing file /home/lborba/.cache/pypoetry/virtualenvs/airflow-tutorial-3ROeDTU8-py3.11/lib/python3.11/site-packages/airflow/example_dags/example_datasets.py for tasks to queue
[2024-04-17T10:13:50.378-0300] {logging_mixin.py:188} INFO - [2024-04-17T10:13:50.378-0300] {dagbag.py:540} INFO - Filling up the DagBag from /home/lborba/.cache/pypoetry/virtualenvs/airflow-tutorial-3ROeDTU8-py3.11/lib/python3.11/site-packages/airflow/example_dags/example_datasets.py
[2024-04-17T10:13:50.386-0300] {processor.py:840} INFO - DAG(s) 'dataset_produces_1', 'dataset_produces_2', 'consume_1_and_2_with_dataset_expressions', 'conditional_dataset_and_time_based_timetable', 'dataset_consumes_unknown_never_scheduled', 'dataset_consumes_1_and_2', 'dataset_consumes_1', 'consume_1_or_2_with_dataset_expressions', 'consume_1_or_both_2_and_3_with_dataset_expressions', 'dataset_consumes_1_never_scheduled' retrieved from /home/lborba/.cache/pypoetry/virtualenvs/airflow-tutorial-3ROeDTU8-py3.11/lib/python3.11/site-packages/airflow/example_dags/example_datasets.py
[2024-04-17T10:13:50.410-0300] {logging_mixin.py:188} INFO - [2024-04-17T10:13:50.410-0300] {dag.py:3096} INFO - Sync 10 DAGs
[2024-04-17T10:13:50.425-0300] {logging_mixin.py:188} INFO - [2024-04-17T10:13:50.424-0300] {dag.py:3954} INFO - Setting next_dagrun for conditional_dataset_and_time_based_timetable to 2024-04-17 01:00:00+00:00, run_after=2024-04-17 01:00:00+00:00
[2024-04-17T10:13:50.427-0300] {logging_mixin.py:188} INFO - [2024-04-17T10:13:50.426-0300] {dag.py:3954} INFO - Setting next_dagrun for consume_1_and_2_with_dataset_expressions to None, run_after=None
[2024-04-17T10:13:50.427-0300] {logging_mixin.py:188} INFO - [2024-04-17T10:13:50.427-0300] {dag.py:3954} INFO - Setting next_dagrun for consume_1_or_2_with_dataset_expressions to None, run_after=None
[2024-04-17T10:13:50.427-0300] {logging_mixin.py:188} INFO - [2024-04-17T10:13:50.427-0300] {dag.py:3954} INFO - Setting next_dagrun for consume_1_or_both_2_and_3_with_dataset_expressions to None, run_after=None
[2024-04-17T10:13:50.428-0300] {logging_mixin.py:188} INFO - [2024-04-17T10:13:50.428-0300] {dag.py:3954} INFO - Setting next_dagrun for dataset_consumes_1 to None, run_after=None
[2024-04-17T10:13:50.428-0300] {logging_mixin.py:188} INFO - [2024-04-17T10:13:50.428-0300] {dag.py:3954} INFO - Setting next_dagrun for dataset_consumes_1_and_2 to None, run_after=None
[2024-04-17T10:13:50.429-0300] {logging_mixin.py:188} INFO - [2024-04-17T10:13:50.429-0300] {dag.py:3954} INFO - Setting next_dagrun for dataset_consumes_1_never_scheduled to None, run_after=None
[2024-04-17T10:13:50.429-0300] {logging_mixin.py:188} INFO - [2024-04-17T10:13:50.429-0300] {dag.py:3954} INFO - Setting next_dagrun for dataset_consumes_unknown_never_scheduled to None, run_after=None
[2024-04-17T10:13:50.430-0300] {logging_mixin.py:188} INFO - [2024-04-17T10:13:50.430-0300] {dag.py:3954} INFO - Setting next_dagrun for dataset_produces_1 to 2024-04-16 00:00:00+00:00, run_after=2024-04-17 00:00:00+00:00
[2024-04-17T10:13:50.431-0300] {logging_mixin.py:188} INFO - [2024-04-17T10:13:50.431-0300] {dag.py:3954} INFO - Setting next_dagrun for dataset_produces_2 to None, run_after=None
[2024-04-17T10:13:50.451-0300] {processor.py:183} INFO - Processing /home/lborba/.cache/pypoetry/virtualenvs/airflow-tutorial-3ROeDTU8-py3.11/lib/python3.11/site-packages/airflow/example_dags/example_datasets.py took 0.081 seconds
[2024-04-17T10:14:27.451-0300] {processor.py:161} INFO - Started process (PID=26025) to work on /home/lborba/.cache/pypoetry/virtualenvs/airflow-tutorial-3ROeDTU8-py3.11/lib/python3.11/site-packages/airflow/example_dags/example_datasets.py
[2024-04-17T10:14:27.452-0300] {processor.py:830} INFO - Processing file /home/lborba/.cache/pypoetry/virtualenvs/airflow-tutorial-3ROeDTU8-py3.11/lib/python3.11/site-packages/airflow/example_dags/example_datasets.py for tasks to queue
[2024-04-17T10:14:27.454-0300] {logging_mixin.py:188} INFO - [2024-04-17T10:14:27.453-0300] {dagbag.py:540} INFO - Filling up the DagBag from /home/lborba/.cache/pypoetry/virtualenvs/airflow-tutorial-3ROeDTU8-py3.11/lib/python3.11/site-packages/airflow/example_dags/example_datasets.py
[2024-04-17T10:14:27.462-0300] {processor.py:840} INFO - DAG(s) 'dataset_consumes_1_never_scheduled', 'dataset_produces_1', 'dataset_consumes_1', 'consume_1_and_2_with_dataset_expressions', 'consume_1_or_2_with_dataset_expressions', 'dataset_consumes_unknown_never_scheduled', 'conditional_dataset_and_time_based_timetable', 'dataset_consumes_1_and_2', 'dataset_produces_2', 'consume_1_or_both_2_and_3_with_dataset_expressions' retrieved from /home/lborba/.cache/pypoetry/virtualenvs/airflow-tutorial-3ROeDTU8-py3.11/lib/python3.11/site-packages/airflow/example_dags/example_datasets.py
[2024-04-17T10:14:27.485-0300] {logging_mixin.py:188} INFO - [2024-04-17T10:14:27.485-0300] {dag.py:3096} INFO - Sync 10 DAGs
[2024-04-17T10:14:27.503-0300] {logging_mixin.py:188} INFO - [2024-04-17T10:14:27.502-0300] {dag.py:3954} INFO - Setting next_dagrun for conditional_dataset_and_time_based_timetable to 2024-04-17 01:00:00+00:00, run_after=2024-04-17 01:00:00+00:00
[2024-04-17T10:14:27.506-0300] {logging_mixin.py:188} INFO - [2024-04-17T10:14:27.506-0300] {dag.py:3954} INFO - Setting next_dagrun for consume_1_and_2_with_dataset_expressions to None, run_after=None
[2024-04-17T10:14:27.507-0300] {logging_mixin.py:188} INFO - [2024-04-17T10:14:27.507-0300] {dag.py:3954} INFO - Setting next_dagrun for consume_1_or_2_with_dataset_expressions to None, run_after=None
[2024-04-17T10:14:27.508-0300] {logging_mixin.py:188} INFO - [2024-04-17T10:14:27.507-0300] {dag.py:3954} INFO - Setting next_dagrun for consume_1_or_both_2_and_3_with_dataset_expressions to None, run_after=None
[2024-04-17T10:14:27.508-0300] {logging_mixin.py:188} INFO - [2024-04-17T10:14:27.508-0300] {dag.py:3954} INFO - Setting next_dagrun for dataset_consumes_1 to None, run_after=None
[2024-04-17T10:14:27.509-0300] {logging_mixin.py:188} INFO - [2024-04-17T10:14:27.509-0300] {dag.py:3954} INFO - Setting next_dagrun for dataset_consumes_1_and_2 to None, run_after=None
[2024-04-17T10:14:27.509-0300] {logging_mixin.py:188} INFO - [2024-04-17T10:14:27.509-0300] {dag.py:3954} INFO - Setting next_dagrun for dataset_consumes_1_never_scheduled to None, run_after=None
[2024-04-17T10:14:27.510-0300] {logging_mixin.py:188} INFO - [2024-04-17T10:14:27.510-0300] {dag.py:3954} INFO - Setting next_dagrun for dataset_consumes_unknown_never_scheduled to None, run_after=None
[2024-04-17T10:14:27.512-0300] {logging_mixin.py:188} INFO - [2024-04-17T10:14:27.511-0300] {dag.py:3954} INFO - Setting next_dagrun for dataset_produces_1 to 2024-04-16 00:00:00+00:00, run_after=2024-04-17 00:00:00+00:00
[2024-04-17T10:14:27.516-0300] {logging_mixin.py:188} INFO - [2024-04-17T10:14:27.515-0300] {dag.py:3954} INFO - Setting next_dagrun for dataset_produces_2 to None, run_after=None
[2024-04-17T10:14:27.565-0300] {processor.py:183} INFO - Processing /home/lborba/.cache/pypoetry/virtualenvs/airflow-tutorial-3ROeDTU8-py3.11/lib/python3.11/site-packages/airflow/example_dags/example_datasets.py took 0.119 seconds
[2024-04-17T10:15:06.621-0300] {processor.py:161} INFO - Started process (PID=26400) to work on /home/lborba/.cache/pypoetry/virtualenvs/airflow-tutorial-3ROeDTU8-py3.11/lib/python3.11/site-packages/airflow/example_dags/example_datasets.py
[2024-04-17T10:15:06.628-0300] {processor.py:830} INFO - Processing file /home/lborba/.cache/pypoetry/virtualenvs/airflow-tutorial-3ROeDTU8-py3.11/lib/python3.11/site-packages/airflow/example_dags/example_datasets.py for tasks to queue
[2024-04-17T10:15:06.634-0300] {logging_mixin.py:188} INFO - [2024-04-17T10:15:06.633-0300] {dagbag.py:540} INFO - Filling up the DagBag from /home/lborba/.cache/pypoetry/virtualenvs/airflow-tutorial-3ROeDTU8-py3.11/lib/python3.11/site-packages/airflow/example_dags/example_datasets.py
[2024-04-17T10:15:06.650-0300] {processor.py:840} INFO - DAG(s) 'dataset_consumes_1', 'dataset_produces_1', 'consume_1_and_2_with_dataset_expressions', 'conditional_dataset_and_time_based_timetable', 'dataset_produces_2', 'consume_1_or_2_with_dataset_expressions', 'dataset_consumes_1_never_scheduled', 'consume_1_or_both_2_and_3_with_dataset_expressions', 'dataset_consumes_unknown_never_scheduled', 'dataset_consumes_1_and_2' retrieved from /home/lborba/.cache/pypoetry/virtualenvs/airflow-tutorial-3ROeDTU8-py3.11/lib/python3.11/site-packages/airflow/example_dags/example_datasets.py
[2024-04-17T10:15:06.678-0300] {logging_mixin.py:188} INFO - [2024-04-17T10:15:06.678-0300] {dag.py:3096} INFO - Sync 10 DAGs
[2024-04-17T10:15:06.759-0300] {logging_mixin.py:188} INFO - [2024-04-17T10:15:06.759-0300] {dag.py:3954} INFO - Setting next_dagrun for conditional_dataset_and_time_based_timetable to 2024-04-17 01:00:00+00:00, run_after=2024-04-17 01:00:00+00:00
[2024-04-17T10:15:06.761-0300] {logging_mixin.py:188} INFO - [2024-04-17T10:15:06.760-0300] {dag.py:3954} INFO - Setting next_dagrun for consume_1_and_2_with_dataset_expressions to None, run_after=None
[2024-04-17T10:15:06.761-0300] {logging_mixin.py:188} INFO - [2024-04-17T10:15:06.761-0300] {dag.py:3954} INFO - Setting next_dagrun for consume_1_or_2_with_dataset_expressions to None, run_after=None
[2024-04-17T10:15:06.762-0300] {logging_mixin.py:188} INFO - [2024-04-17T10:15:06.762-0300] {dag.py:3954} INFO - Setting next_dagrun for consume_1_or_both_2_and_3_with_dataset_expressions to None, run_after=None
[2024-04-17T10:15:06.762-0300] {logging_mixin.py:188} INFO - [2024-04-17T10:15:06.762-0300] {dag.py:3954} INFO - Setting next_dagrun for dataset_consumes_1 to None, run_after=None
[2024-04-17T10:15:06.763-0300] {logging_mixin.py:188} INFO - [2024-04-17T10:15:06.763-0300] {dag.py:3954} INFO - Setting next_dagrun for dataset_consumes_1_and_2 to None, run_after=None
[2024-04-17T10:15:06.763-0300] {logging_mixin.py:188} INFO - [2024-04-17T10:15:06.763-0300] {dag.py:3954} INFO - Setting next_dagrun for dataset_consumes_1_never_scheduled to None, run_after=None
[2024-04-17T10:15:06.764-0300] {logging_mixin.py:188} INFO - [2024-04-17T10:15:06.764-0300] {dag.py:3954} INFO - Setting next_dagrun for dataset_consumes_unknown_never_scheduled to None, run_after=None
[2024-04-17T10:15:06.765-0300] {logging_mixin.py:188} INFO - [2024-04-17T10:15:06.765-0300] {dag.py:3954} INFO - Setting next_dagrun for dataset_produces_1 to 2024-04-16 00:00:00+00:00, run_after=2024-04-17 00:00:00+00:00
[2024-04-17T10:15:06.765-0300] {logging_mixin.py:188} INFO - [2024-04-17T10:15:06.765-0300] {dag.py:3954} INFO - Setting next_dagrun for dataset_produces_2 to None, run_after=None
[2024-04-17T10:15:06.786-0300] {processor.py:183} INFO - Processing /home/lborba/.cache/pypoetry/virtualenvs/airflow-tutorial-3ROeDTU8-py3.11/lib/python3.11/site-packages/airflow/example_dags/example_datasets.py took 0.175 seconds
[2024-04-17T10:15:48.312-0300] {processor.py:161} INFO - Started process (PID=26822) to work on /home/lborba/.cache/pypoetry/virtualenvs/airflow-tutorial-3ROeDTU8-py3.11/lib/python3.11/site-packages/airflow/example_dags/example_datasets.py
[2024-04-17T10:15:48.319-0300] {processor.py:830} INFO - Processing file /home/lborba/.cache/pypoetry/virtualenvs/airflow-tutorial-3ROeDTU8-py3.11/lib/python3.11/site-packages/airflow/example_dags/example_datasets.py for tasks to queue
[2024-04-17T10:15:48.320-0300] {logging_mixin.py:188} INFO - [2024-04-17T10:15:48.320-0300] {dagbag.py:540} INFO - Filling up the DagBag from /home/lborba/.cache/pypoetry/virtualenvs/airflow-tutorial-3ROeDTU8-py3.11/lib/python3.11/site-packages/airflow/example_dags/example_datasets.py
[2024-04-17T10:15:48.329-0300] {processor.py:840} INFO - DAG(s) 'dataset_consumes_1', 'consume_1_or_2_with_dataset_expressions', 'dataset_consumes_1_and_2', 'dataset_produces_1', 'conditional_dataset_and_time_based_timetable', 'dataset_consumes_1_never_scheduled', 'dataset_produces_2', 'consume_1_or_both_2_and_3_with_dataset_expressions', 'consume_1_and_2_with_dataset_expressions', 'dataset_consumes_unknown_never_scheduled' retrieved from /home/lborba/.cache/pypoetry/virtualenvs/airflow-tutorial-3ROeDTU8-py3.11/lib/python3.11/site-packages/airflow/example_dags/example_datasets.py
[2024-04-17T10:15:48.361-0300] {logging_mixin.py:188} INFO - [2024-04-17T10:15:48.361-0300] {dag.py:3096} INFO - Sync 10 DAGs
[2024-04-17T10:15:48.382-0300] {logging_mixin.py:188} INFO - [2024-04-17T10:15:48.382-0300] {dag.py:3954} INFO - Setting next_dagrun for conditional_dataset_and_time_based_timetable to 2024-04-17 01:00:00+00:00, run_after=2024-04-17 01:00:00+00:00
[2024-04-17T10:15:48.386-0300] {logging_mixin.py:188} INFO - [2024-04-17T10:15:48.386-0300] {dag.py:3954} INFO - Setting next_dagrun for consume_1_and_2_with_dataset_expressions to None, run_after=None
[2024-04-17T10:15:48.387-0300] {logging_mixin.py:188} INFO - [2024-04-17T10:15:48.387-0300] {dag.py:3954} INFO - Setting next_dagrun for consume_1_or_2_with_dataset_expressions to None, run_after=None
[2024-04-17T10:15:48.387-0300] {logging_mixin.py:188} INFO - [2024-04-17T10:15:48.387-0300] {dag.py:3954} INFO - Setting next_dagrun for consume_1_or_both_2_and_3_with_dataset_expressions to None, run_after=None
[2024-04-17T10:15:48.388-0300] {logging_mixin.py:188} INFO - [2024-04-17T10:15:48.388-0300] {dag.py:3954} INFO - Setting next_dagrun for dataset_consumes_1 to None, run_after=None
[2024-04-17T10:15:48.388-0300] {logging_mixin.py:188} INFO - [2024-04-17T10:15:48.388-0300] {dag.py:3954} INFO - Setting next_dagrun for dataset_consumes_1_and_2 to None, run_after=None
[2024-04-17T10:15:48.389-0300] {logging_mixin.py:188} INFO - [2024-04-17T10:15:48.389-0300] {dag.py:3954} INFO - Setting next_dagrun for dataset_consumes_1_never_scheduled to None, run_after=None
[2024-04-17T10:15:48.389-0300] {logging_mixin.py:188} INFO - [2024-04-17T10:15:48.389-0300] {dag.py:3954} INFO - Setting next_dagrun for dataset_consumes_unknown_never_scheduled to None, run_after=None
[2024-04-17T10:15:48.390-0300] {logging_mixin.py:188} INFO - [2024-04-17T10:15:48.390-0300] {dag.py:3954} INFO - Setting next_dagrun for dataset_produces_1 to 2024-04-16 00:00:00+00:00, run_after=2024-04-17 00:00:00+00:00
[2024-04-17T10:15:48.391-0300] {logging_mixin.py:188} INFO - [2024-04-17T10:15:48.391-0300] {dag.py:3954} INFO - Setting next_dagrun for dataset_produces_2 to None, run_after=None
[2024-04-17T10:15:48.426-0300] {processor.py:183} INFO - Processing /home/lborba/.cache/pypoetry/virtualenvs/airflow-tutorial-3ROeDTU8-py3.11/lib/python3.11/site-packages/airflow/example_dags/example_datasets.py took 0.118 seconds
[2024-04-17T10:16:28.326-0300] {processor.py:161} INFO - Started process (PID=27161) to work on /home/lborba/.cache/pypoetry/virtualenvs/airflow-tutorial-3ROeDTU8-py3.11/lib/python3.11/site-packages/airflow/example_dags/example_datasets.py
[2024-04-17T10:16:28.328-0300] {processor.py:830} INFO - Processing file /home/lborba/.cache/pypoetry/virtualenvs/airflow-tutorial-3ROeDTU8-py3.11/lib/python3.11/site-packages/airflow/example_dags/example_datasets.py for tasks to queue
[2024-04-17T10:16:28.329-0300] {logging_mixin.py:188} INFO - [2024-04-17T10:16:28.328-0300] {dagbag.py:540} INFO - Filling up the DagBag from /home/lborba/.cache/pypoetry/virtualenvs/airflow-tutorial-3ROeDTU8-py3.11/lib/python3.11/site-packages/airflow/example_dags/example_datasets.py
[2024-04-17T10:16:28.337-0300] {processor.py:840} INFO - DAG(s) 'dataset_consumes_1_never_scheduled', 'dataset_produces_2', 'consume_1_or_2_with_dataset_expressions', 'consume_1_and_2_with_dataset_expressions', 'dataset_consumes_1', 'consume_1_or_both_2_and_3_with_dataset_expressions', 'conditional_dataset_and_time_based_timetable', 'dataset_produces_1', 'dataset_consumes_unknown_never_scheduled', 'dataset_consumes_1_and_2' retrieved from /home/lborba/.cache/pypoetry/virtualenvs/airflow-tutorial-3ROeDTU8-py3.11/lib/python3.11/site-packages/airflow/example_dags/example_datasets.py
[2024-04-17T10:16:28.359-0300] {logging_mixin.py:188} INFO - [2024-04-17T10:16:28.359-0300] {dag.py:3096} INFO - Sync 10 DAGs
[2024-04-17T10:16:28.373-0300] {logging_mixin.py:188} INFO - [2024-04-17T10:16:28.373-0300] {dag.py:3954} INFO - Setting next_dagrun for conditional_dataset_and_time_based_timetable to 2024-04-17 01:00:00+00:00, run_after=2024-04-17 01:00:00+00:00
[2024-04-17T10:16:28.375-0300] {logging_mixin.py:188} INFO - [2024-04-17T10:16:28.375-0300] {dag.py:3954} INFO - Setting next_dagrun for consume_1_and_2_with_dataset_expressions to None, run_after=None
[2024-04-17T10:16:28.376-0300] {logging_mixin.py:188} INFO - [2024-04-17T10:16:28.376-0300] {dag.py:3954} INFO - Setting next_dagrun for consume_1_or_2_with_dataset_expressions to None, run_after=None
[2024-04-17T10:16:28.376-0300] {logging_mixin.py:188} INFO - [2024-04-17T10:16:28.376-0300] {dag.py:3954} INFO - Setting next_dagrun for consume_1_or_both_2_and_3_with_dataset_expressions to None, run_after=None
[2024-04-17T10:16:28.377-0300] {logging_mixin.py:188} INFO - [2024-04-17T10:16:28.376-0300] {dag.py:3954} INFO - Setting next_dagrun for dataset_consumes_1 to None, run_after=None
[2024-04-17T10:16:28.377-0300] {logging_mixin.py:188} INFO - [2024-04-17T10:16:28.377-0300] {dag.py:3954} INFO - Setting next_dagrun for dataset_consumes_1_and_2 to None, run_after=None
[2024-04-17T10:16:28.377-0300] {logging_mixin.py:188} INFO - [2024-04-17T10:16:28.377-0300] {dag.py:3954} INFO - Setting next_dagrun for dataset_consumes_1_never_scheduled to None, run_after=None
[2024-04-17T10:16:28.378-0300] {logging_mixin.py:188} INFO - [2024-04-17T10:16:28.378-0300] {dag.py:3954} INFO - Setting next_dagrun for dataset_consumes_unknown_never_scheduled to None, run_after=None
[2024-04-17T10:16:28.379-0300] {logging_mixin.py:188} INFO - [2024-04-17T10:16:28.379-0300] {dag.py:3954} INFO - Setting next_dagrun for dataset_produces_1 to 2024-04-16 00:00:00+00:00, run_after=2024-04-17 00:00:00+00:00
[2024-04-17T10:16:28.380-0300] {logging_mixin.py:188} INFO - [2024-04-17T10:16:28.379-0300] {dag.py:3954} INFO - Setting next_dagrun for dataset_produces_2 to None, run_after=None
[2024-04-17T10:16:28.401-0300] {processor.py:183} INFO - Processing /home/lborba/.cache/pypoetry/virtualenvs/airflow-tutorial-3ROeDTU8-py3.11/lib/python3.11/site-packages/airflow/example_dags/example_datasets.py took 0.079 seconds
[2024-04-17T10:17:09.469-0300] {processor.py:161} INFO - Started process (PID=27514) to work on /home/lborba/.cache/pypoetry/virtualenvs/airflow-tutorial-3ROeDTU8-py3.11/lib/python3.11/site-packages/airflow/example_dags/example_datasets.py
[2024-04-17T10:17:09.471-0300] {processor.py:830} INFO - Processing file /home/lborba/.cache/pypoetry/virtualenvs/airflow-tutorial-3ROeDTU8-py3.11/lib/python3.11/site-packages/airflow/example_dags/example_datasets.py for tasks to queue
[2024-04-17T10:17:09.473-0300] {logging_mixin.py:188} INFO - [2024-04-17T10:17:09.472-0300] {dagbag.py:540} INFO - Filling up the DagBag from /home/lborba/.cache/pypoetry/virtualenvs/airflow-tutorial-3ROeDTU8-py3.11/lib/python3.11/site-packages/airflow/example_dags/example_datasets.py
[2024-04-17T10:17:09.484-0300] {processor.py:840} INFO - DAG(s) 'consume_1_and_2_with_dataset_expressions', 'consume_1_or_2_with_dataset_expressions', 'dataset_produces_1', 'conditional_dataset_and_time_based_timetable', 'dataset_produces_2', 'dataset_consumes_1', 'consume_1_or_both_2_and_3_with_dataset_expressions', 'dataset_consumes_1_and_2', 'dataset_consumes_unknown_never_scheduled', 'dataset_consumes_1_never_scheduled' retrieved from /home/lborba/.cache/pypoetry/virtualenvs/airflow-tutorial-3ROeDTU8-py3.11/lib/python3.11/site-packages/airflow/example_dags/example_datasets.py
[2024-04-17T10:17:09.511-0300] {logging_mixin.py:188} INFO - [2024-04-17T10:17:09.511-0300] {dag.py:3096} INFO - Sync 10 DAGs
[2024-04-17T10:17:09.530-0300] {logging_mixin.py:188} INFO - [2024-04-17T10:17:09.530-0300] {dag.py:3954} INFO - Setting next_dagrun for conditional_dataset_and_time_based_timetable to 2024-04-17 01:00:00+00:00, run_after=2024-04-17 01:00:00+00:00
[2024-04-17T10:17:09.532-0300] {logging_mixin.py:188} INFO - [2024-04-17T10:17:09.532-0300] {dag.py:3954} INFO - Setting next_dagrun for consume_1_and_2_with_dataset_expressions to None, run_after=None
[2024-04-17T10:17:09.533-0300] {logging_mixin.py:188} INFO - [2024-04-17T10:17:09.533-0300] {dag.py:3954} INFO - Setting next_dagrun for consume_1_or_2_with_dataset_expressions to None, run_after=None
[2024-04-17T10:17:09.534-0300] {logging_mixin.py:188} INFO - [2024-04-17T10:17:09.534-0300] {dag.py:3954} INFO - Setting next_dagrun for consume_1_or_both_2_and_3_with_dataset_expressions to None, run_after=None
[2024-04-17T10:17:09.534-0300] {logging_mixin.py:188} INFO - [2024-04-17T10:17:09.534-0300] {dag.py:3954} INFO - Setting next_dagrun for dataset_consumes_1 to None, run_after=None
[2024-04-17T10:17:09.535-0300] {logging_mixin.py:188} INFO - [2024-04-17T10:17:09.535-0300] {dag.py:3954} INFO - Setting next_dagrun for dataset_consumes_1_and_2 to None, run_after=None
[2024-04-17T10:17:09.535-0300] {logging_mixin.py:188} INFO - [2024-04-17T10:17:09.535-0300] {dag.py:3954} INFO - Setting next_dagrun for dataset_consumes_1_never_scheduled to None, run_after=None
[2024-04-17T10:17:09.536-0300] {logging_mixin.py:188} INFO - [2024-04-17T10:17:09.536-0300] {dag.py:3954} INFO - Setting next_dagrun for dataset_consumes_unknown_never_scheduled to None, run_after=None
[2024-04-17T10:17:09.537-0300] {logging_mixin.py:188} INFO - [2024-04-17T10:17:09.537-0300] {dag.py:3954} INFO - Setting next_dagrun for dataset_produces_1 to 2024-04-16 00:00:00+00:00, run_after=2024-04-17 00:00:00+00:00
[2024-04-17T10:17:09.538-0300] {logging_mixin.py:188} INFO - [2024-04-17T10:17:09.538-0300] {dag.py:3954} INFO - Setting next_dagrun for dataset_produces_2 to None, run_after=None
[2024-04-17T10:17:09.563-0300] {processor.py:183} INFO - Processing /home/lborba/.cache/pypoetry/virtualenvs/airflow-tutorial-3ROeDTU8-py3.11/lib/python3.11/site-packages/airflow/example_dags/example_datasets.py took 0.097 seconds
[2024-04-17T10:17:47.878-0300] {processor.py:161} INFO - Started process (PID=27835) to work on /home/lborba/.cache/pypoetry/virtualenvs/airflow-tutorial-3ROeDTU8-py3.11/lib/python3.11/site-packages/airflow/example_dags/example_datasets.py
[2024-04-17T10:17:47.880-0300] {processor.py:830} INFO - Processing file /home/lborba/.cache/pypoetry/virtualenvs/airflow-tutorial-3ROeDTU8-py3.11/lib/python3.11/site-packages/airflow/example_dags/example_datasets.py for tasks to queue
[2024-04-17T10:17:47.884-0300] {logging_mixin.py:188} INFO - [2024-04-17T10:17:47.882-0300] {dagbag.py:540} INFO - Filling up the DagBag from /home/lborba/.cache/pypoetry/virtualenvs/airflow-tutorial-3ROeDTU8-py3.11/lib/python3.11/site-packages/airflow/example_dags/example_datasets.py
[2024-04-17T10:17:47.896-0300] {processor.py:840} INFO - DAG(s) 'dataset_consumes_1', 'consume_1_and_2_with_dataset_expressions', 'dataset_consumes_1_and_2', 'dataset_consumes_unknown_never_scheduled', 'conditional_dataset_and_time_based_timetable', 'dataset_produces_1', 'dataset_produces_2', 'consume_1_or_both_2_and_3_with_dataset_expressions', 'consume_1_or_2_with_dataset_expressions', 'dataset_consumes_1_never_scheduled' retrieved from /home/lborba/.cache/pypoetry/virtualenvs/airflow-tutorial-3ROeDTU8-py3.11/lib/python3.11/site-packages/airflow/example_dags/example_datasets.py
[2024-04-17T10:17:47.929-0300] {logging_mixin.py:188} INFO - [2024-04-17T10:17:47.929-0300] {dag.py:3096} INFO - Sync 10 DAGs
[2024-04-17T10:17:47.951-0300] {logging_mixin.py:188} INFO - [2024-04-17T10:17:47.951-0300] {dag.py:3954} INFO - Setting next_dagrun for conditional_dataset_and_time_based_timetable to 2024-04-17 01:00:00+00:00, run_after=2024-04-17 01:00:00+00:00
[2024-04-17T10:17:47.954-0300] {logging_mixin.py:188} INFO - [2024-04-17T10:17:47.953-0300] {dag.py:3954} INFO - Setting next_dagrun for consume_1_and_2_with_dataset_expressions to None, run_after=None
[2024-04-17T10:17:47.956-0300] {logging_mixin.py:188} INFO - [2024-04-17T10:17:47.956-0300] {dag.py:3954} INFO - Setting next_dagrun for consume_1_or_2_with_dataset_expressions to None, run_after=None
[2024-04-17T10:17:47.958-0300] {logging_mixin.py:188} INFO - [2024-04-17T10:17:47.958-0300] {dag.py:3954} INFO - Setting next_dagrun for consume_1_or_both_2_and_3_with_dataset_expressions to None, run_after=None
[2024-04-17T10:17:47.960-0300] {logging_mixin.py:188} INFO - [2024-04-17T10:17:47.960-0300] {dag.py:3954} INFO - Setting next_dagrun for dataset_consumes_1 to None, run_after=None
[2024-04-17T10:17:47.962-0300] {logging_mixin.py:188} INFO - [2024-04-17T10:17:47.962-0300] {dag.py:3954} INFO - Setting next_dagrun for dataset_consumes_1_and_2 to None, run_after=None
[2024-04-17T10:17:47.964-0300] {logging_mixin.py:188} INFO - [2024-04-17T10:17:47.964-0300] {dag.py:3954} INFO - Setting next_dagrun for dataset_consumes_1_never_scheduled to None, run_after=None
[2024-04-17T10:17:47.965-0300] {logging_mixin.py:188} INFO - [2024-04-17T10:17:47.965-0300] {dag.py:3954} INFO - Setting next_dagrun for dataset_consumes_unknown_never_scheduled to None, run_after=None
[2024-04-17T10:17:47.967-0300] {logging_mixin.py:188} INFO - [2024-04-17T10:17:47.966-0300] {dag.py:3954} INFO - Setting next_dagrun for dataset_produces_1 to 2024-04-16 00:00:00+00:00, run_after=2024-04-17 00:00:00+00:00
[2024-04-17T10:17:47.967-0300] {logging_mixin.py:188} INFO - [2024-04-17T10:17:47.967-0300] {dag.py:3954} INFO - Setting next_dagrun for dataset_produces_2 to None, run_after=None
[2024-04-17T10:17:48.004-0300] {processor.py:183} INFO - Processing /home/lborba/.cache/pypoetry/virtualenvs/airflow-tutorial-3ROeDTU8-py3.11/lib/python3.11/site-packages/airflow/example_dags/example_datasets.py took 0.132 seconds
[2024-04-17T10:18:28.105-0300] {processor.py:161} INFO - Started process (PID=28178) to work on /home/lborba/.cache/pypoetry/virtualenvs/airflow-tutorial-3ROeDTU8-py3.11/lib/python3.11/site-packages/airflow/example_dags/example_datasets.py
[2024-04-17T10:18:28.107-0300] {processor.py:830} INFO - Processing file /home/lborba/.cache/pypoetry/virtualenvs/airflow-tutorial-3ROeDTU8-py3.11/lib/python3.11/site-packages/airflow/example_dags/example_datasets.py for tasks to queue
[2024-04-17T10:18:28.110-0300] {logging_mixin.py:188} INFO - [2024-04-17T10:18:28.109-0300] {dagbag.py:540} INFO - Filling up the DagBag from /home/lborba/.cache/pypoetry/virtualenvs/airflow-tutorial-3ROeDTU8-py3.11/lib/python3.11/site-packages/airflow/example_dags/example_datasets.py
[2024-04-17T10:18:28.127-0300] {processor.py:840} INFO - DAG(s) 'conditional_dataset_and_time_based_timetable', 'dataset_consumes_1', 'consume_1_and_2_with_dataset_expressions', 'dataset_consumes_1_and_2', 'dataset_consumes_1_never_scheduled', 'dataset_produces_2', 'dataset_produces_1', 'consume_1_or_2_with_dataset_expressions', 'dataset_consumes_unknown_never_scheduled', 'consume_1_or_both_2_and_3_with_dataset_expressions' retrieved from /home/lborba/.cache/pypoetry/virtualenvs/airflow-tutorial-3ROeDTU8-py3.11/lib/python3.11/site-packages/airflow/example_dags/example_datasets.py
[2024-04-17T10:18:28.154-0300] {logging_mixin.py:188} INFO - [2024-04-17T10:18:28.153-0300] {dag.py:3096} INFO - Sync 10 DAGs
[2024-04-17T10:18:28.170-0300] {logging_mixin.py:188} INFO - [2024-04-17T10:18:28.170-0300] {dag.py:3954} INFO - Setting next_dagrun for conditional_dataset_and_time_based_timetable to 2024-04-17 01:00:00+00:00, run_after=2024-04-17 01:00:00+00:00
[2024-04-17T10:18:28.172-0300] {logging_mixin.py:188} INFO - [2024-04-17T10:18:28.172-0300] {dag.py:3954} INFO - Setting next_dagrun for consume_1_and_2_with_dataset_expressions to None, run_after=None
[2024-04-17T10:18:28.173-0300] {logging_mixin.py:188} INFO - [2024-04-17T10:18:28.173-0300] {dag.py:3954} INFO - Setting next_dagrun for consume_1_or_2_with_dataset_expressions to None, run_after=None
[2024-04-17T10:18:28.173-0300] {logging_mixin.py:188} INFO - [2024-04-17T10:18:28.173-0300] {dag.py:3954} INFO - Setting next_dagrun for consume_1_or_both_2_and_3_with_dataset_expressions to None, run_after=None
[2024-04-17T10:18:28.174-0300] {logging_mixin.py:188} INFO - [2024-04-17T10:18:28.174-0300] {dag.py:3954} INFO - Setting next_dagrun for dataset_consumes_1 to None, run_after=None
[2024-04-17T10:18:28.174-0300] {logging_mixin.py:188} INFO - [2024-04-17T10:18:28.174-0300] {dag.py:3954} INFO - Setting next_dagrun for dataset_consumes_1_and_2 to None, run_after=None
[2024-04-17T10:18:28.175-0300] {logging_mixin.py:188} INFO - [2024-04-17T10:18:28.175-0300] {dag.py:3954} INFO - Setting next_dagrun for dataset_consumes_1_never_scheduled to None, run_after=None
[2024-04-17T10:18:28.175-0300] {logging_mixin.py:188} INFO - [2024-04-17T10:18:28.175-0300] {dag.py:3954} INFO - Setting next_dagrun for dataset_consumes_unknown_never_scheduled to None, run_after=None
[2024-04-17T10:18:28.177-0300] {logging_mixin.py:188} INFO - [2024-04-17T10:18:28.176-0300] {dag.py:3954} INFO - Setting next_dagrun for dataset_produces_1 to 2024-04-16 00:00:00+00:00, run_after=2024-04-17 00:00:00+00:00
[2024-04-17T10:18:28.177-0300] {logging_mixin.py:188} INFO - [2024-04-17T10:18:28.177-0300] {dag.py:3954} INFO - Setting next_dagrun for dataset_produces_2 to None, run_after=None
[2024-04-17T10:18:28.201-0300] {processor.py:183} INFO - Processing /home/lborba/.cache/pypoetry/virtualenvs/airflow-tutorial-3ROeDTU8-py3.11/lib/python3.11/site-packages/airflow/example_dags/example_datasets.py took 0.103 seconds
[2024-04-17T10:19:09.125-0300] {processor.py:161} INFO - Started process (PID=28526) to work on /home/lborba/.cache/pypoetry/virtualenvs/airflow-tutorial-3ROeDTU8-py3.11/lib/python3.11/site-packages/airflow/example_dags/example_datasets.py
[2024-04-17T10:19:09.127-0300] {processor.py:830} INFO - Processing file /home/lborba/.cache/pypoetry/virtualenvs/airflow-tutorial-3ROeDTU8-py3.11/lib/python3.11/site-packages/airflow/example_dags/example_datasets.py for tasks to queue
[2024-04-17T10:19:09.128-0300] {logging_mixin.py:188} INFO - [2024-04-17T10:19:09.128-0300] {dagbag.py:540} INFO - Filling up the DagBag from /home/lborba/.cache/pypoetry/virtualenvs/airflow-tutorial-3ROeDTU8-py3.11/lib/python3.11/site-packages/airflow/example_dags/example_datasets.py
[2024-04-17T10:19:09.137-0300] {processor.py:840} INFO - DAG(s) 'dataset_produces_1', 'dataset_produces_2', 'dataset_consumes_1_never_scheduled', 'consume_1_or_2_with_dataset_expressions', 'dataset_consumes_1_and_2', 'consume_1_and_2_with_dataset_expressions', 'dataset_consumes_1', 'conditional_dataset_and_time_based_timetable', 'consume_1_or_both_2_and_3_with_dataset_expressions', 'dataset_consumes_unknown_never_scheduled' retrieved from /home/lborba/.cache/pypoetry/virtualenvs/airflow-tutorial-3ROeDTU8-py3.11/lib/python3.11/site-packages/airflow/example_dags/example_datasets.py
[2024-04-17T10:19:09.160-0300] {logging_mixin.py:188} INFO - [2024-04-17T10:19:09.160-0300] {dag.py:3096} INFO - Sync 10 DAGs
[2024-04-17T10:19:09.175-0300] {logging_mixin.py:188} INFO - [2024-04-17T10:19:09.175-0300] {dag.py:3954} INFO - Setting next_dagrun for conditional_dataset_and_time_based_timetable to 2024-04-17 01:00:00+00:00, run_after=2024-04-17 01:00:00+00:00
[2024-04-17T10:19:09.177-0300] {logging_mixin.py:188} INFO - [2024-04-17T10:19:09.177-0300] {dag.py:3954} INFO - Setting next_dagrun for consume_1_and_2_with_dataset_expressions to None, run_after=None
[2024-04-17T10:19:09.178-0300] {logging_mixin.py:188} INFO - [2024-04-17T10:19:09.178-0300] {dag.py:3954} INFO - Setting next_dagrun for consume_1_or_2_with_dataset_expressions to None, run_after=None
[2024-04-17T10:19:09.179-0300] {logging_mixin.py:188} INFO - [2024-04-17T10:19:09.179-0300] {dag.py:3954} INFO - Setting next_dagrun for consume_1_or_both_2_and_3_with_dataset_expressions to None, run_after=None
[2024-04-17T10:19:09.179-0300] {logging_mixin.py:188} INFO - [2024-04-17T10:19:09.179-0300] {dag.py:3954} INFO - Setting next_dagrun for dataset_consumes_1 to None, run_after=None
[2024-04-17T10:19:09.180-0300] {logging_mixin.py:188} INFO - [2024-04-17T10:19:09.180-0300] {dag.py:3954} INFO - Setting next_dagrun for dataset_consumes_1_and_2 to None, run_after=None
[2024-04-17T10:19:09.180-0300] {logging_mixin.py:188} INFO - [2024-04-17T10:19:09.180-0300] {dag.py:3954} INFO - Setting next_dagrun for dataset_consumes_1_never_scheduled to None, run_after=None
[2024-04-17T10:19:09.181-0300] {logging_mixin.py:188} INFO - [2024-04-17T10:19:09.180-0300] {dag.py:3954} INFO - Setting next_dagrun for dataset_consumes_unknown_never_scheduled to None, run_after=None
[2024-04-17T10:19:09.182-0300] {logging_mixin.py:188} INFO - [2024-04-17T10:19:09.182-0300] {dag.py:3954} INFO - Setting next_dagrun for dataset_produces_1 to 2024-04-16 00:00:00+00:00, run_after=2024-04-17 00:00:00+00:00
[2024-04-17T10:19:09.182-0300] {logging_mixin.py:188} INFO - [2024-04-17T10:19:09.182-0300] {dag.py:3954} INFO - Setting next_dagrun for dataset_produces_2 to None, run_after=None
[2024-04-17T10:19:09.207-0300] {processor.py:183} INFO - Processing /home/lborba/.cache/pypoetry/virtualenvs/airflow-tutorial-3ROeDTU8-py3.11/lib/python3.11/site-packages/airflow/example_dags/example_datasets.py took 0.086 seconds
[2024-04-17T10:19:50.180-0300] {processor.py:161} INFO - Started process (PID=28868) to work on /home/lborba/.cache/pypoetry/virtualenvs/airflow-tutorial-3ROeDTU8-py3.11/lib/python3.11/site-packages/airflow/example_dags/example_datasets.py
[2024-04-17T10:19:50.181-0300] {processor.py:830} INFO - Processing file /home/lborba/.cache/pypoetry/virtualenvs/airflow-tutorial-3ROeDTU8-py3.11/lib/python3.11/site-packages/airflow/example_dags/example_datasets.py for tasks to queue
[2024-04-17T10:19:50.182-0300] {logging_mixin.py:188} INFO - [2024-04-17T10:19:50.182-0300] {dagbag.py:540} INFO - Filling up the DagBag from /home/lborba/.cache/pypoetry/virtualenvs/airflow-tutorial-3ROeDTU8-py3.11/lib/python3.11/site-packages/airflow/example_dags/example_datasets.py
[2024-04-17T10:19:50.191-0300] {processor.py:840} INFO - DAG(s) 'consume_1_or_2_with_dataset_expressions', 'dataset_consumes_unknown_never_scheduled', 'conditional_dataset_and_time_based_timetable', 'consume_1_and_2_with_dataset_expressions', 'dataset_produces_1', 'dataset_produces_2', 'dataset_consumes_1_never_scheduled', 'dataset_consumes_1', 'consume_1_or_both_2_and_3_with_dataset_expressions', 'dataset_consumes_1_and_2' retrieved from /home/lborba/.cache/pypoetry/virtualenvs/airflow-tutorial-3ROeDTU8-py3.11/lib/python3.11/site-packages/airflow/example_dags/example_datasets.py
[2024-04-17T10:19:50.213-0300] {logging_mixin.py:188} INFO - [2024-04-17T10:19:50.213-0300] {dag.py:3096} INFO - Sync 10 DAGs
[2024-04-17T10:19:50.227-0300] {logging_mixin.py:188} INFO - [2024-04-17T10:19:50.227-0300] {dag.py:3954} INFO - Setting next_dagrun for conditional_dataset_and_time_based_timetable to 2024-04-17 01:00:00+00:00, run_after=2024-04-17 01:00:00+00:00
[2024-04-17T10:19:50.229-0300] {logging_mixin.py:188} INFO - [2024-04-17T10:19:50.229-0300] {dag.py:3954} INFO - Setting next_dagrun for consume_1_and_2_with_dataset_expressions to None, run_after=None
[2024-04-17T10:19:50.229-0300] {logging_mixin.py:188} INFO - [2024-04-17T10:19:50.229-0300] {dag.py:3954} INFO - Setting next_dagrun for consume_1_or_2_with_dataset_expressions to None, run_after=None
[2024-04-17T10:19:50.230-0300] {logging_mixin.py:188} INFO - [2024-04-17T10:19:50.230-0300] {dag.py:3954} INFO - Setting next_dagrun for consume_1_or_both_2_and_3_with_dataset_expressions to None, run_after=None
[2024-04-17T10:19:50.230-0300] {logging_mixin.py:188} INFO - [2024-04-17T10:19:50.230-0300] {dag.py:3954} INFO - Setting next_dagrun for dataset_consumes_1 to None, run_after=None
[2024-04-17T10:19:50.231-0300] {logging_mixin.py:188} INFO - [2024-04-17T10:19:50.231-0300] {dag.py:3954} INFO - Setting next_dagrun for dataset_consumes_1_and_2 to None, run_after=None
[2024-04-17T10:19:50.231-0300] {logging_mixin.py:188} INFO - [2024-04-17T10:19:50.231-0300] {dag.py:3954} INFO - Setting next_dagrun for dataset_consumes_1_never_scheduled to None, run_after=None
[2024-04-17T10:19:50.232-0300] {logging_mixin.py:188} INFO - [2024-04-17T10:19:50.232-0300] {dag.py:3954} INFO - Setting next_dagrun for dataset_consumes_unknown_never_scheduled to None, run_after=None
[2024-04-17T10:19:50.233-0300] {logging_mixin.py:188} INFO - [2024-04-17T10:19:50.233-0300] {dag.py:3954} INFO - Setting next_dagrun for dataset_produces_1 to 2024-04-16 00:00:00+00:00, run_after=2024-04-17 00:00:00+00:00
[2024-04-17T10:19:50.233-0300] {logging_mixin.py:188} INFO - [2024-04-17T10:19:50.233-0300] {dag.py:3954} INFO - Setting next_dagrun for dataset_produces_2 to None, run_after=None
[2024-04-17T10:19:50.257-0300] {processor.py:183} INFO - Processing /home/lborba/.cache/pypoetry/virtualenvs/airflow-tutorial-3ROeDTU8-py3.11/lib/python3.11/site-packages/airflow/example_dags/example_datasets.py took 0.081 seconds
[2024-04-17T10:20:25.039-0300] {processor.py:161} INFO - Started process (PID=29200) to work on /home/lborba/.cache/pypoetry/virtualenvs/airflow-tutorial-3ROeDTU8-py3.11/lib/python3.11/site-packages/airflow/example_dags/example_datasets.py
[2024-04-17T10:20:25.045-0300] {processor.py:830} INFO - Processing file /home/lborba/.cache/pypoetry/virtualenvs/airflow-tutorial-3ROeDTU8-py3.11/lib/python3.11/site-packages/airflow/example_dags/example_datasets.py for tasks to queue
[2024-04-17T10:20:25.046-0300] {logging_mixin.py:188} INFO - [2024-04-17T10:20:25.046-0300] {dagbag.py:540} INFO - Filling up the DagBag from /home/lborba/.cache/pypoetry/virtualenvs/airflow-tutorial-3ROeDTU8-py3.11/lib/python3.11/site-packages/airflow/example_dags/example_datasets.py
[2024-04-17T10:20:25.055-0300] {processor.py:840} INFO - DAG(s) 'consume_1_or_both_2_and_3_with_dataset_expressions', 'dataset_produces_2', 'consume_1_and_2_with_dataset_expressions', 'dataset_consumes_1_never_scheduled', 'consume_1_or_2_with_dataset_expressions', 'conditional_dataset_and_time_based_timetable', 'dataset_consumes_1', 'dataset_consumes_unknown_never_scheduled', 'dataset_produces_1', 'dataset_consumes_1_and_2' retrieved from /home/lborba/.cache/pypoetry/virtualenvs/airflow-tutorial-3ROeDTU8-py3.11/lib/python3.11/site-packages/airflow/example_dags/example_datasets.py
[2024-04-17T10:20:25.078-0300] {logging_mixin.py:188} INFO - [2024-04-17T10:20:25.077-0300] {dag.py:3096} INFO - Sync 10 DAGs
[2024-04-17T10:20:25.091-0300] {logging_mixin.py:188} INFO - [2024-04-17T10:20:25.091-0300] {dag.py:3954} INFO - Setting next_dagrun for conditional_dataset_and_time_based_timetable to 2024-04-17 01:00:00+00:00, run_after=2024-04-17 01:00:00+00:00
[2024-04-17T10:20:25.093-0300] {logging_mixin.py:188} INFO - [2024-04-17T10:20:25.093-0300] {dag.py:3954} INFO - Setting next_dagrun for consume_1_and_2_with_dataset_expressions to None, run_after=None
[2024-04-17T10:20:25.094-0300] {logging_mixin.py:188} INFO - [2024-04-17T10:20:25.094-0300] {dag.py:3954} INFO - Setting next_dagrun for consume_1_or_2_with_dataset_expressions to None, run_after=None
[2024-04-17T10:20:25.094-0300] {logging_mixin.py:188} INFO - [2024-04-17T10:20:25.094-0300] {dag.py:3954} INFO - Setting next_dagrun for consume_1_or_both_2_and_3_with_dataset_expressions to None, run_after=None
[2024-04-17T10:20:25.095-0300] {logging_mixin.py:188} INFO - [2024-04-17T10:20:25.095-0300] {dag.py:3954} INFO - Setting next_dagrun for dataset_consumes_1 to None, run_after=None
[2024-04-17T10:20:25.095-0300] {logging_mixin.py:188} INFO - [2024-04-17T10:20:25.095-0300] {dag.py:3954} INFO - Setting next_dagrun for dataset_consumes_1_and_2 to None, run_after=None
[2024-04-17T10:20:25.096-0300] {logging_mixin.py:188} INFO - [2024-04-17T10:20:25.096-0300] {dag.py:3954} INFO - Setting next_dagrun for dataset_consumes_1_never_scheduled to None, run_after=None
[2024-04-17T10:20:25.096-0300] {logging_mixin.py:188} INFO - [2024-04-17T10:20:25.096-0300] {dag.py:3954} INFO - Setting next_dagrun for dataset_consumes_unknown_never_scheduled to None, run_after=None
[2024-04-17T10:20:25.097-0300] {logging_mixin.py:188} INFO - [2024-04-17T10:20:25.097-0300] {dag.py:3954} INFO - Setting next_dagrun for dataset_produces_1 to 2024-04-16 00:00:00+00:00, run_after=2024-04-17 00:00:00+00:00
[2024-04-17T10:20:25.098-0300] {logging_mixin.py:188} INFO - [2024-04-17T10:20:25.097-0300] {dag.py:3954} INFO - Setting next_dagrun for dataset_produces_2 to None, run_after=None
[2024-04-17T10:20:25.119-0300] {processor.py:183} INFO - Processing /home/lborba/.cache/pypoetry/virtualenvs/airflow-tutorial-3ROeDTU8-py3.11/lib/python3.11/site-packages/airflow/example_dags/example_datasets.py took 0.084 seconds
[2024-04-17T10:21:04.377-0300] {processor.py:161} INFO - Started process (PID=29531) to work on /home/lborba/.cache/pypoetry/virtualenvs/airflow-tutorial-3ROeDTU8-py3.11/lib/python3.11/site-packages/airflow/example_dags/example_datasets.py
[2024-04-17T10:21:04.378-0300] {processor.py:830} INFO - Processing file /home/lborba/.cache/pypoetry/virtualenvs/airflow-tutorial-3ROeDTU8-py3.11/lib/python3.11/site-packages/airflow/example_dags/example_datasets.py for tasks to queue
[2024-04-17T10:21:04.379-0300] {logging_mixin.py:188} INFO - [2024-04-17T10:21:04.379-0300] {dagbag.py:540} INFO - Filling up the DagBag from /home/lborba/.cache/pypoetry/virtualenvs/airflow-tutorial-3ROeDTU8-py3.11/lib/python3.11/site-packages/airflow/example_dags/example_datasets.py
[2024-04-17T10:21:04.388-0300] {processor.py:840} INFO - DAG(s) 'dataset_produces_2', 'dataset_consumes_1_never_scheduled', 'consume_1_or_2_with_dataset_expressions', 'conditional_dataset_and_time_based_timetable', 'dataset_produces_1', 'dataset_consumes_unknown_never_scheduled', 'dataset_consumes_1', 'consume_1_or_both_2_and_3_with_dataset_expressions', 'consume_1_and_2_with_dataset_expressions', 'dataset_consumes_1_and_2' retrieved from /home/lborba/.cache/pypoetry/virtualenvs/airflow-tutorial-3ROeDTU8-py3.11/lib/python3.11/site-packages/airflow/example_dags/example_datasets.py
[2024-04-17T10:21:04.411-0300] {logging_mixin.py:188} INFO - [2024-04-17T10:21:04.411-0300] {dag.py:3096} INFO - Sync 10 DAGs
[2024-04-17T10:21:04.429-0300] {logging_mixin.py:188} INFO - [2024-04-17T10:21:04.428-0300] {dag.py:3954} INFO - Setting next_dagrun for conditional_dataset_and_time_based_timetable to 2024-04-17 01:00:00+00:00, run_after=2024-04-17 01:00:00+00:00
[2024-04-17T10:21:04.431-0300] {logging_mixin.py:188} INFO - [2024-04-17T10:21:04.430-0300] {dag.py:3954} INFO - Setting next_dagrun for consume_1_and_2_with_dataset_expressions to None, run_after=None
[2024-04-17T10:21:04.431-0300] {logging_mixin.py:188} INFO - [2024-04-17T10:21:04.431-0300] {dag.py:3954} INFO - Setting next_dagrun for consume_1_or_2_with_dataset_expressions to None, run_after=None
[2024-04-17T10:21:04.432-0300] {logging_mixin.py:188} INFO - [2024-04-17T10:21:04.432-0300] {dag.py:3954} INFO - Setting next_dagrun for consume_1_or_both_2_and_3_with_dataset_expressions to None, run_after=None
[2024-04-17T10:21:04.432-0300] {logging_mixin.py:188} INFO - [2024-04-17T10:21:04.432-0300] {dag.py:3954} INFO - Setting next_dagrun for dataset_consumes_1 to None, run_after=None
[2024-04-17T10:21:04.433-0300] {logging_mixin.py:188} INFO - [2024-04-17T10:21:04.433-0300] {dag.py:3954} INFO - Setting next_dagrun for dataset_consumes_1_and_2 to None, run_after=None
[2024-04-17T10:21:04.433-0300] {logging_mixin.py:188} INFO - [2024-04-17T10:21:04.433-0300] {dag.py:3954} INFO - Setting next_dagrun for dataset_consumes_1_never_scheduled to None, run_after=None
[2024-04-17T10:21:04.434-0300] {logging_mixin.py:188} INFO - [2024-04-17T10:21:04.434-0300] {dag.py:3954} INFO - Setting next_dagrun for dataset_consumes_unknown_never_scheduled to None, run_after=None
[2024-04-17T10:21:04.435-0300] {logging_mixin.py:188} INFO - [2024-04-17T10:21:04.435-0300] {dag.py:3954} INFO - Setting next_dagrun for dataset_produces_1 to 2024-04-16 00:00:00+00:00, run_after=2024-04-17 00:00:00+00:00
[2024-04-17T10:21:04.435-0300] {logging_mixin.py:188} INFO - [2024-04-17T10:21:04.435-0300] {dag.py:3954} INFO - Setting next_dagrun for dataset_produces_2 to None, run_after=None
[2024-04-17T10:21:04.456-0300] {processor.py:183} INFO - Processing /home/lborba/.cache/pypoetry/virtualenvs/airflow-tutorial-3ROeDTU8-py3.11/lib/python3.11/site-packages/airflow/example_dags/example_datasets.py took 0.084 seconds
[2024-04-17T10:21:44.063-0300] {processor.py:161} INFO - Started process (PID=29867) to work on /home/lborba/.cache/pypoetry/virtualenvs/airflow-tutorial-3ROeDTU8-py3.11/lib/python3.11/site-packages/airflow/example_dags/example_datasets.py
[2024-04-17T10:21:44.069-0300] {processor.py:830} INFO - Processing file /home/lborba/.cache/pypoetry/virtualenvs/airflow-tutorial-3ROeDTU8-py3.11/lib/python3.11/site-packages/airflow/example_dags/example_datasets.py for tasks to queue
[2024-04-17T10:21:44.070-0300] {logging_mixin.py:188} INFO - [2024-04-17T10:21:44.070-0300] {dagbag.py:540} INFO - Filling up the DagBag from /home/lborba/.cache/pypoetry/virtualenvs/airflow-tutorial-3ROeDTU8-py3.11/lib/python3.11/site-packages/airflow/example_dags/example_datasets.py
[2024-04-17T10:21:44.080-0300] {processor.py:840} INFO - DAG(s) 'consume_1_and_2_with_dataset_expressions', 'dataset_consumes_unknown_never_scheduled', 'dataset_consumes_1_never_scheduled', 'dataset_produces_2', 'conditional_dataset_and_time_based_timetable', 'dataset_consumes_1', 'dataset_consumes_1_and_2', 'consume_1_or_2_with_dataset_expressions', 'consume_1_or_both_2_and_3_with_dataset_expressions', 'dataset_produces_1' retrieved from /home/lborba/.cache/pypoetry/virtualenvs/airflow-tutorial-3ROeDTU8-py3.11/lib/python3.11/site-packages/airflow/example_dags/example_datasets.py
[2024-04-17T10:21:44.103-0300] {logging_mixin.py:188} INFO - [2024-04-17T10:21:44.102-0300] {dag.py:3096} INFO - Sync 10 DAGs
[2024-04-17T10:21:44.117-0300] {logging_mixin.py:188} INFO - [2024-04-17T10:21:44.117-0300] {dag.py:3954} INFO - Setting next_dagrun for conditional_dataset_and_time_based_timetable to 2024-04-17 01:00:00+00:00, run_after=2024-04-17 01:00:00+00:00
[2024-04-17T10:21:44.119-0300] {logging_mixin.py:188} INFO - [2024-04-17T10:21:44.119-0300] {dag.py:3954} INFO - Setting next_dagrun for consume_1_and_2_with_dataset_expressions to None, run_after=None
[2024-04-17T10:21:44.120-0300] {logging_mixin.py:188} INFO - [2024-04-17T10:21:44.120-0300] {dag.py:3954} INFO - Setting next_dagrun for consume_1_or_2_with_dataset_expressions to None, run_after=None
[2024-04-17T10:21:44.120-0300] {logging_mixin.py:188} INFO - [2024-04-17T10:21:44.120-0300] {dag.py:3954} INFO - Setting next_dagrun for consume_1_or_both_2_and_3_with_dataset_expressions to None, run_after=None
[2024-04-17T10:21:44.121-0300] {logging_mixin.py:188} INFO - [2024-04-17T10:21:44.121-0300] {dag.py:3954} INFO - Setting next_dagrun for dataset_consumes_1 to None, run_after=None
[2024-04-17T10:21:44.121-0300] {logging_mixin.py:188} INFO - [2024-04-17T10:21:44.121-0300] {dag.py:3954} INFO - Setting next_dagrun for dataset_consumes_1_and_2 to None, run_after=None
[2024-04-17T10:21:44.122-0300] {logging_mixin.py:188} INFO - [2024-04-17T10:21:44.122-0300] {dag.py:3954} INFO - Setting next_dagrun for dataset_consumes_1_never_scheduled to None, run_after=None
[2024-04-17T10:21:44.122-0300] {logging_mixin.py:188} INFO - [2024-04-17T10:21:44.122-0300] {dag.py:3954} INFO - Setting next_dagrun for dataset_consumes_unknown_never_scheduled to None, run_after=None
[2024-04-17T10:21:44.123-0300] {logging_mixin.py:188} INFO - [2024-04-17T10:21:44.123-0300] {dag.py:3954} INFO - Setting next_dagrun for dataset_produces_1 to 2024-04-16 00:00:00+00:00, run_after=2024-04-17 00:00:00+00:00
[2024-04-17T10:21:44.124-0300] {logging_mixin.py:188} INFO - [2024-04-17T10:21:44.124-0300] {dag.py:3954} INFO - Setting next_dagrun for dataset_produces_2 to None, run_after=None
[2024-04-17T10:21:44.147-0300] {processor.py:183} INFO - Processing /home/lborba/.cache/pypoetry/virtualenvs/airflow-tutorial-3ROeDTU8-py3.11/lib/python3.11/site-packages/airflow/example_dags/example_datasets.py took 0.088 seconds
[2024-04-17T10:22:21.992-0300] {processor.py:161} INFO - Started process (PID=30185) to work on /home/lborba/.cache/pypoetry/virtualenvs/airflow-tutorial-3ROeDTU8-py3.11/lib/python3.11/site-packages/airflow/example_dags/example_datasets.py
[2024-04-17T10:22:21.998-0300] {processor.py:830} INFO - Processing file /home/lborba/.cache/pypoetry/virtualenvs/airflow-tutorial-3ROeDTU8-py3.11/lib/python3.11/site-packages/airflow/example_dags/example_datasets.py for tasks to queue
[2024-04-17T10:22:21.999-0300] {logging_mixin.py:188} INFO - [2024-04-17T10:22:21.999-0300] {dagbag.py:540} INFO - Filling up the DagBag from /home/lborba/.cache/pypoetry/virtualenvs/airflow-tutorial-3ROeDTU8-py3.11/lib/python3.11/site-packages/airflow/example_dags/example_datasets.py
[2024-04-17T10:22:22.014-0300] {processor.py:840} INFO - DAG(s) 'conditional_dataset_and_time_based_timetable', 'consume_1_and_2_with_dataset_expressions', 'dataset_consumes_1_never_scheduled', 'dataset_consumes_unknown_never_scheduled', 'dataset_consumes_1', 'dataset_produces_1', 'dataset_produces_2', 'consume_1_or_both_2_and_3_with_dataset_expressions', 'dataset_consumes_1_and_2', 'consume_1_or_2_with_dataset_expressions' retrieved from /home/lborba/.cache/pypoetry/virtualenvs/airflow-tutorial-3ROeDTU8-py3.11/lib/python3.11/site-packages/airflow/example_dags/example_datasets.py
[2024-04-17T10:22:22.038-0300] {logging_mixin.py:188} INFO - [2024-04-17T10:22:22.038-0300] {dag.py:3096} INFO - Sync 10 DAGs
[2024-04-17T10:22:22.056-0300] {logging_mixin.py:188} INFO - [2024-04-17T10:22:22.056-0300] {dag.py:3954} INFO - Setting next_dagrun for conditional_dataset_and_time_based_timetable to 2024-04-17 01:00:00+00:00, run_after=2024-04-17 01:00:00+00:00
[2024-04-17T10:22:22.060-0300] {logging_mixin.py:188} INFO - [2024-04-17T10:22:22.060-0300] {dag.py:3954} INFO - Setting next_dagrun for consume_1_and_2_with_dataset_expressions to None, run_after=None
[2024-04-17T10:22:22.061-0300] {logging_mixin.py:188} INFO - [2024-04-17T10:22:22.061-0300] {dag.py:3954} INFO - Setting next_dagrun for consume_1_or_2_with_dataset_expressions to None, run_after=None
[2024-04-17T10:22:22.061-0300] {logging_mixin.py:188} INFO - [2024-04-17T10:22:22.061-0300] {dag.py:3954} INFO - Setting next_dagrun for consume_1_or_both_2_and_3_with_dataset_expressions to None, run_after=None
[2024-04-17T10:22:22.062-0300] {logging_mixin.py:188} INFO - [2024-04-17T10:22:22.062-0300] {dag.py:3954} INFO - Setting next_dagrun for dataset_consumes_1 to None, run_after=None
[2024-04-17T10:22:22.062-0300] {logging_mixin.py:188} INFO - [2024-04-17T10:22:22.062-0300] {dag.py:3954} INFO - Setting next_dagrun for dataset_consumes_1_and_2 to None, run_after=None
[2024-04-17T10:22:22.063-0300] {logging_mixin.py:188} INFO - [2024-04-17T10:22:22.063-0300] {dag.py:3954} INFO - Setting next_dagrun for dataset_consumes_1_never_scheduled to None, run_after=None
[2024-04-17T10:22:22.063-0300] {logging_mixin.py:188} INFO - [2024-04-17T10:22:22.063-0300] {dag.py:3954} INFO - Setting next_dagrun for dataset_consumes_unknown_never_scheduled to None, run_after=None
[2024-04-17T10:22:22.064-0300] {logging_mixin.py:188} INFO - [2024-04-17T10:22:22.064-0300] {dag.py:3954} INFO - Setting next_dagrun for dataset_produces_1 to 2024-04-16 00:00:00+00:00, run_after=2024-04-17 00:00:00+00:00
[2024-04-17T10:22:22.065-0300] {logging_mixin.py:188} INFO - [2024-04-17T10:22:22.065-0300] {dag.py:3954} INFO - Setting next_dagrun for dataset_produces_2 to None, run_after=None
[2024-04-17T10:22:22.094-0300] {processor.py:183} INFO - Processing /home/lborba/.cache/pypoetry/virtualenvs/airflow-tutorial-3ROeDTU8-py3.11/lib/python3.11/site-packages/airflow/example_dags/example_datasets.py took 0.107 seconds
[2024-04-17T10:23:00.474-0300] {processor.py:161} INFO - Started process (PID=30515) to work on /home/lborba/.cache/pypoetry/virtualenvs/airflow-tutorial-3ROeDTU8-py3.11/lib/python3.11/site-packages/airflow/example_dags/example_datasets.py
[2024-04-17T10:23:00.475-0300] {processor.py:830} INFO - Processing file /home/lborba/.cache/pypoetry/virtualenvs/airflow-tutorial-3ROeDTU8-py3.11/lib/python3.11/site-packages/airflow/example_dags/example_datasets.py for tasks to queue
[2024-04-17T10:23:00.476-0300] {logging_mixin.py:188} INFO - [2024-04-17T10:23:00.476-0300] {dagbag.py:540} INFO - Filling up the DagBag from /home/lborba/.cache/pypoetry/virtualenvs/airflow-tutorial-3ROeDTU8-py3.11/lib/python3.11/site-packages/airflow/example_dags/example_datasets.py
[2024-04-17T10:23:00.486-0300] {processor.py:840} INFO - DAG(s) 'consume_1_or_2_with_dataset_expressions', 'dataset_consumes_1', 'consume_1_or_both_2_and_3_with_dataset_expressions', 'dataset_produces_2', 'dataset_consumes_1_and_2', 'dataset_consumes_unknown_never_scheduled', 'conditional_dataset_and_time_based_timetable', 'dataset_produces_1', 'dataset_consumes_1_never_scheduled', 'consume_1_and_2_with_dataset_expressions' retrieved from /home/lborba/.cache/pypoetry/virtualenvs/airflow-tutorial-3ROeDTU8-py3.11/lib/python3.11/site-packages/airflow/example_dags/example_datasets.py
[2024-04-17T10:23:00.509-0300] {logging_mixin.py:188} INFO - [2024-04-17T10:23:00.509-0300] {dag.py:3096} INFO - Sync 10 DAGs
[2024-04-17T10:23:00.524-0300] {logging_mixin.py:188} INFO - [2024-04-17T10:23:00.524-0300] {dag.py:3954} INFO - Setting next_dagrun for conditional_dataset_and_time_based_timetable to 2024-04-17 01:00:00+00:00, run_after=2024-04-17 01:00:00+00:00
[2024-04-17T10:23:00.526-0300] {logging_mixin.py:188} INFO - [2024-04-17T10:23:00.526-0300] {dag.py:3954} INFO - Setting next_dagrun for consume_1_and_2_with_dataset_expressions to None, run_after=None
[2024-04-17T10:23:00.527-0300] {logging_mixin.py:188} INFO - [2024-04-17T10:23:00.527-0300] {dag.py:3954} INFO - Setting next_dagrun for consume_1_or_2_with_dataset_expressions to None, run_after=None
[2024-04-17T10:23:00.528-0300] {logging_mixin.py:188} INFO - [2024-04-17T10:23:00.528-0300] {dag.py:3954} INFO - Setting next_dagrun for consume_1_or_both_2_and_3_with_dataset_expressions to None, run_after=None
[2024-04-17T10:23:00.528-0300] {logging_mixin.py:188} INFO - [2024-04-17T10:23:00.528-0300] {dag.py:3954} INFO - Setting next_dagrun for dataset_consumes_1 to None, run_after=None
[2024-04-17T10:23:00.529-0300] {logging_mixin.py:188} INFO - [2024-04-17T10:23:00.529-0300] {dag.py:3954} INFO - Setting next_dagrun for dataset_consumes_1_and_2 to None, run_after=None
[2024-04-17T10:23:00.529-0300] {logging_mixin.py:188} INFO - [2024-04-17T10:23:00.529-0300] {dag.py:3954} INFO - Setting next_dagrun for dataset_consumes_1_never_scheduled to None, run_after=None
[2024-04-17T10:23:00.530-0300] {logging_mixin.py:188} INFO - [2024-04-17T10:23:00.530-0300] {dag.py:3954} INFO - Setting next_dagrun for dataset_consumes_unknown_never_scheduled to None, run_after=None
[2024-04-17T10:23:00.531-0300] {logging_mixin.py:188} INFO - [2024-04-17T10:23:00.531-0300] {dag.py:3954} INFO - Setting next_dagrun for dataset_produces_1 to 2024-04-16 00:00:00+00:00, run_after=2024-04-17 00:00:00+00:00
[2024-04-17T10:23:00.531-0300] {logging_mixin.py:188} INFO - [2024-04-17T10:23:00.531-0300] {dag.py:3954} INFO - Setting next_dagrun for dataset_produces_2 to None, run_after=None
[2024-04-17T10:23:00.557-0300] {processor.py:183} INFO - Processing /home/lborba/.cache/pypoetry/virtualenvs/airflow-tutorial-3ROeDTU8-py3.11/lib/python3.11/site-packages/airflow/example_dags/example_datasets.py took 0.088 seconds
[2024-04-17T10:23:40.579-0300] {processor.py:161} INFO - Started process (PID=30851) to work on /home/lborba/.cache/pypoetry/virtualenvs/airflow-tutorial-3ROeDTU8-py3.11/lib/python3.11/site-packages/airflow/example_dags/example_datasets.py
[2024-04-17T10:23:40.581-0300] {processor.py:830} INFO - Processing file /home/lborba/.cache/pypoetry/virtualenvs/airflow-tutorial-3ROeDTU8-py3.11/lib/python3.11/site-packages/airflow/example_dags/example_datasets.py for tasks to queue
[2024-04-17T10:23:40.583-0300] {logging_mixin.py:188} INFO - [2024-04-17T10:23:40.583-0300] {dagbag.py:540} INFO - Filling up the DagBag from /home/lborba/.cache/pypoetry/virtualenvs/airflow-tutorial-3ROeDTU8-py3.11/lib/python3.11/site-packages/airflow/example_dags/example_datasets.py
[2024-04-17T10:23:40.593-0300] {processor.py:840} INFO - DAG(s) 'dataset_produces_1', 'consume_1_and_2_with_dataset_expressions', 'consume_1_or_both_2_and_3_with_dataset_expressions', 'consume_1_or_2_with_dataset_expressions', 'conditional_dataset_and_time_based_timetable', 'dataset_produces_2', 'dataset_consumes_1_never_scheduled', 'dataset_consumes_1', 'dataset_consumes_1_and_2', 'dataset_consumes_unknown_never_scheduled' retrieved from /home/lborba/.cache/pypoetry/virtualenvs/airflow-tutorial-3ROeDTU8-py3.11/lib/python3.11/site-packages/airflow/example_dags/example_datasets.py
[2024-04-17T10:23:40.628-0300] {logging_mixin.py:188} INFO - [2024-04-17T10:23:40.627-0300] {dag.py:3096} INFO - Sync 10 DAGs
[2024-04-17T10:23:40.645-0300] {logging_mixin.py:188} INFO - [2024-04-17T10:23:40.645-0300] {dag.py:3954} INFO - Setting next_dagrun for conditional_dataset_and_time_based_timetable to 2024-04-17 01:00:00+00:00, run_after=2024-04-17 01:00:00+00:00
[2024-04-17T10:23:40.647-0300] {logging_mixin.py:188} INFO - [2024-04-17T10:23:40.647-0300] {dag.py:3954} INFO - Setting next_dagrun for consume_1_and_2_with_dataset_expressions to None, run_after=None
[2024-04-17T10:23:40.648-0300] {logging_mixin.py:188} INFO - [2024-04-17T10:23:40.648-0300] {dag.py:3954} INFO - Setting next_dagrun for consume_1_or_2_with_dataset_expressions to None, run_after=None
[2024-04-17T10:23:40.648-0300] {logging_mixin.py:188} INFO - [2024-04-17T10:23:40.648-0300] {dag.py:3954} INFO - Setting next_dagrun for consume_1_or_both_2_and_3_with_dataset_expressions to None, run_after=None
[2024-04-17T10:23:40.649-0300] {logging_mixin.py:188} INFO - [2024-04-17T10:23:40.649-0300] {dag.py:3954} INFO - Setting next_dagrun for dataset_consumes_1 to None, run_after=None
[2024-04-17T10:23:40.649-0300] {logging_mixin.py:188} INFO - [2024-04-17T10:23:40.649-0300] {dag.py:3954} INFO - Setting next_dagrun for dataset_consumes_1_and_2 to None, run_after=None
[2024-04-17T10:23:40.650-0300] {logging_mixin.py:188} INFO - [2024-04-17T10:23:40.650-0300] {dag.py:3954} INFO - Setting next_dagrun for dataset_consumes_1_never_scheduled to None, run_after=None
[2024-04-17T10:23:40.650-0300] {logging_mixin.py:188} INFO - [2024-04-17T10:23:40.650-0300] {dag.py:3954} INFO - Setting next_dagrun for dataset_consumes_unknown_never_scheduled to None, run_after=None
[2024-04-17T10:23:40.651-0300] {logging_mixin.py:188} INFO - [2024-04-17T10:23:40.651-0300] {dag.py:3954} INFO - Setting next_dagrun for dataset_produces_1 to 2024-04-16 00:00:00+00:00, run_after=2024-04-17 00:00:00+00:00
[2024-04-17T10:23:40.652-0300] {logging_mixin.py:188} INFO - [2024-04-17T10:23:40.652-0300] {dag.py:3954} INFO - Setting next_dagrun for dataset_produces_2 to None, run_after=None
[2024-04-17T10:23:40.676-0300] {processor.py:183} INFO - Processing /home/lborba/.cache/pypoetry/virtualenvs/airflow-tutorial-3ROeDTU8-py3.11/lib/python3.11/site-packages/airflow/example_dags/example_datasets.py took 0.101 seconds
[2024-04-17T10:24:19.951-0300] {processor.py:161} INFO - Started process (PID=31184) to work on /home/lborba/.cache/pypoetry/virtualenvs/airflow-tutorial-3ROeDTU8-py3.11/lib/python3.11/site-packages/airflow/example_dags/example_datasets.py
[2024-04-17T10:24:19.956-0300] {processor.py:830} INFO - Processing file /home/lborba/.cache/pypoetry/virtualenvs/airflow-tutorial-3ROeDTU8-py3.11/lib/python3.11/site-packages/airflow/example_dags/example_datasets.py for tasks to queue
[2024-04-17T10:24:19.957-0300] {logging_mixin.py:188} INFO - [2024-04-17T10:24:19.957-0300] {dagbag.py:540} INFO - Filling up the DagBag from /home/lborba/.cache/pypoetry/virtualenvs/airflow-tutorial-3ROeDTU8-py3.11/lib/python3.11/site-packages/airflow/example_dags/example_datasets.py
[2024-04-17T10:24:19.967-0300] {processor.py:840} INFO - DAG(s) 'dataset_consumes_1_and_2', 'conditional_dataset_and_time_based_timetable', 'dataset_produces_1', 'consume_1_and_2_with_dataset_expressions', 'consume_1_or_both_2_and_3_with_dataset_expressions', 'dataset_consumes_unknown_never_scheduled', 'dataset_consumes_1_never_scheduled', 'consume_1_or_2_with_dataset_expressions', 'dataset_consumes_1', 'dataset_produces_2' retrieved from /home/lborba/.cache/pypoetry/virtualenvs/airflow-tutorial-3ROeDTU8-py3.11/lib/python3.11/site-packages/airflow/example_dags/example_datasets.py
[2024-04-17T10:24:19.996-0300] {logging_mixin.py:188} INFO - [2024-04-17T10:24:19.995-0300] {dag.py:3096} INFO - Sync 10 DAGs
[2024-04-17T10:24:20.013-0300] {logging_mixin.py:188} INFO - [2024-04-17T10:24:20.013-0300] {dag.py:3954} INFO - Setting next_dagrun for conditional_dataset_and_time_based_timetable to 2024-04-17 01:00:00+00:00, run_after=2024-04-17 01:00:00+00:00
[2024-04-17T10:24:20.015-0300] {logging_mixin.py:188} INFO - [2024-04-17T10:24:20.015-0300] {dag.py:3954} INFO - Setting next_dagrun for consume_1_and_2_with_dataset_expressions to None, run_after=None
[2024-04-17T10:24:20.016-0300] {logging_mixin.py:188} INFO - [2024-04-17T10:24:20.016-0300] {dag.py:3954} INFO - Setting next_dagrun for consume_1_or_2_with_dataset_expressions to None, run_after=None
[2024-04-17T10:24:20.016-0300] {logging_mixin.py:188} INFO - [2024-04-17T10:24:20.016-0300] {dag.py:3954} INFO - Setting next_dagrun for consume_1_or_both_2_and_3_with_dataset_expressions to None, run_after=None
[2024-04-17T10:24:20.018-0300] {logging_mixin.py:188} INFO - [2024-04-17T10:24:20.018-0300] {dag.py:3954} INFO - Setting next_dagrun for dataset_consumes_1 to None, run_after=None
[2024-04-17T10:24:20.018-0300] {logging_mixin.py:188} INFO - [2024-04-17T10:24:20.018-0300] {dag.py:3954} INFO - Setting next_dagrun for dataset_consumes_1_and_2 to None, run_after=None
[2024-04-17T10:24:20.019-0300] {logging_mixin.py:188} INFO - [2024-04-17T10:24:20.019-0300] {dag.py:3954} INFO - Setting next_dagrun for dataset_consumes_1_never_scheduled to None, run_after=None
[2024-04-17T10:24:20.019-0300] {logging_mixin.py:188} INFO - [2024-04-17T10:24:20.019-0300] {dag.py:3954} INFO - Setting next_dagrun for dataset_consumes_unknown_never_scheduled to None, run_after=None
[2024-04-17T10:24:20.020-0300] {logging_mixin.py:188} INFO - [2024-04-17T10:24:20.020-0300] {dag.py:3954} INFO - Setting next_dagrun for dataset_produces_1 to 2024-04-16 00:00:00+00:00, run_after=2024-04-17 00:00:00+00:00
[2024-04-17T10:24:20.021-0300] {logging_mixin.py:188} INFO - [2024-04-17T10:24:20.021-0300] {dag.py:3954} INFO - Setting next_dagrun for dataset_produces_2 to None, run_after=None
[2024-04-17T10:24:20.047-0300] {processor.py:183} INFO - Processing /home/lborba/.cache/pypoetry/virtualenvs/airflow-tutorial-3ROeDTU8-py3.11/lib/python3.11/site-packages/airflow/example_dags/example_datasets.py took 0.100 seconds
[2024-04-17T10:24:55.741-0300] {processor.py:161} INFO - Started process (PID=31525) to work on /home/lborba/.cache/pypoetry/virtualenvs/airflow-tutorial-3ROeDTU8-py3.11/lib/python3.11/site-packages/airflow/example_dags/example_datasets.py
[2024-04-17T10:24:55.747-0300] {processor.py:830} INFO - Processing file /home/lborba/.cache/pypoetry/virtualenvs/airflow-tutorial-3ROeDTU8-py3.11/lib/python3.11/site-packages/airflow/example_dags/example_datasets.py for tasks to queue
[2024-04-17T10:24:55.749-0300] {logging_mixin.py:188} INFO - [2024-04-17T10:24:55.748-0300] {dagbag.py:540} INFO - Filling up the DagBag from /home/lborba/.cache/pypoetry/virtualenvs/airflow-tutorial-3ROeDTU8-py3.11/lib/python3.11/site-packages/airflow/example_dags/example_datasets.py
[2024-04-17T10:24:55.759-0300] {processor.py:840} INFO - DAG(s) 'conditional_dataset_and_time_based_timetable', 'consume_1_or_2_with_dataset_expressions', 'consume_1_or_both_2_and_3_with_dataset_expressions', 'dataset_consumes_unknown_never_scheduled', 'dataset_produces_2', 'dataset_consumes_1', 'dataset_produces_1', 'dataset_consumes_1_never_scheduled', 'consume_1_and_2_with_dataset_expressions', 'dataset_consumes_1_and_2' retrieved from /home/lborba/.cache/pypoetry/virtualenvs/airflow-tutorial-3ROeDTU8-py3.11/lib/python3.11/site-packages/airflow/example_dags/example_datasets.py
[2024-04-17T10:24:55.789-0300] {logging_mixin.py:188} INFO - [2024-04-17T10:24:55.789-0300] {dag.py:3096} INFO - Sync 10 DAGs
[2024-04-17T10:24:55.807-0300] {logging_mixin.py:188} INFO - [2024-04-17T10:24:55.806-0300] {dag.py:3954} INFO - Setting next_dagrun for conditional_dataset_and_time_based_timetable to 2024-04-17 01:00:00+00:00, run_after=2024-04-17 01:00:00+00:00
[2024-04-17T10:24:55.809-0300] {logging_mixin.py:188} INFO - [2024-04-17T10:24:55.809-0300] {dag.py:3954} INFO - Setting next_dagrun for consume_1_and_2_with_dataset_expressions to None, run_after=None
[2024-04-17T10:24:55.810-0300] {logging_mixin.py:188} INFO - [2024-04-17T10:24:55.810-0300] {dag.py:3954} INFO - Setting next_dagrun for consume_1_or_2_with_dataset_expressions to None, run_after=None
[2024-04-17T10:24:55.811-0300] {logging_mixin.py:188} INFO - [2024-04-17T10:24:55.810-0300] {dag.py:3954} INFO - Setting next_dagrun for consume_1_or_both_2_and_3_with_dataset_expressions to None, run_after=None
[2024-04-17T10:24:55.811-0300] {logging_mixin.py:188} INFO - [2024-04-17T10:24:55.811-0300] {dag.py:3954} INFO - Setting next_dagrun for dataset_consumes_1 to None, run_after=None
[2024-04-17T10:24:55.811-0300] {logging_mixin.py:188} INFO - [2024-04-17T10:24:55.811-0300] {dag.py:3954} INFO - Setting next_dagrun for dataset_consumes_1_and_2 to None, run_after=None
[2024-04-17T10:24:55.812-0300] {logging_mixin.py:188} INFO - [2024-04-17T10:24:55.812-0300] {dag.py:3954} INFO - Setting next_dagrun for dataset_consumes_1_never_scheduled to None, run_after=None
[2024-04-17T10:24:55.812-0300] {logging_mixin.py:188} INFO - [2024-04-17T10:24:55.812-0300] {dag.py:3954} INFO - Setting next_dagrun for dataset_consumes_unknown_never_scheduled to None, run_after=None
[2024-04-17T10:24:55.814-0300] {logging_mixin.py:188} INFO - [2024-04-17T10:24:55.814-0300] {dag.py:3954} INFO - Setting next_dagrun for dataset_produces_1 to 2024-04-16 00:00:00+00:00, run_after=2024-04-17 00:00:00+00:00
[2024-04-17T10:24:55.814-0300] {logging_mixin.py:188} INFO - [2024-04-17T10:24:55.814-0300] {dag.py:3954} INFO - Setting next_dagrun for dataset_produces_2 to None, run_after=None
[2024-04-17T10:24:55.839-0300] {processor.py:183} INFO - Processing /home/lborba/.cache/pypoetry/virtualenvs/airflow-tutorial-3ROeDTU8-py3.11/lib/python3.11/site-packages/airflow/example_dags/example_datasets.py took 0.102 seconds
