[2024-04-17T10:10:39.195-0300] {processor.py:161} INFO - Started process (PID=23314) to work on /home/lborba/.cache/pypoetry/virtualenvs/airflow-tutorial-3ROeDTU8-py3.11/lib/python3.11/site-packages/airflow/example_dags/example_branch_datetime_operator.py
[2024-04-17T10:10:39.196-0300] {processor.py:830} INFO - Processing file /home/lborba/.cache/pypoetry/virtualenvs/airflow-tutorial-3ROeDTU8-py3.11/lib/python3.11/site-packages/airflow/example_dags/example_branch_datetime_operator.py for tasks to queue
[2024-04-17T10:10:39.197-0300] {logging_mixin.py:188} INFO - [2024-04-17T10:10:39.196-0300] {dagbag.py:540} INFO - Filling up the DagBag from /home/lborba/.cache/pypoetry/virtualenvs/airflow-tutorial-3ROeDTU8-py3.11/lib/python3.11/site-packages/airflow/example_dags/example_branch_datetime_operator.py
[2024-04-17T10:10:39.205-0300] {processor.py:840} INFO - DAG(s) 'example_branch_datetime_operator_2', 'example_branch_datetime_operator_3', 'example_branch_datetime_operator' retrieved from /home/lborba/.cache/pypoetry/virtualenvs/airflow-tutorial-3ROeDTU8-py3.11/lib/python3.11/site-packages/airflow/example_dags/example_branch_datetime_operator.py
[2024-04-17T10:10:39.279-0300] {logging_mixin.py:188} INFO - [2024-04-17T10:10:39.278-0300] {override.py:1829} INFO - Created Permission View: can edit on DAG:example_branch_datetime_operator_2
[2024-04-17T10:10:39.289-0300] {logging_mixin.py:188} INFO - [2024-04-17T10:10:39.289-0300] {override.py:1829} INFO - Created Permission View: can delete on DAG:example_branch_datetime_operator_2
[2024-04-17T10:10:39.296-0300] {logging_mixin.py:188} INFO - [2024-04-17T10:10:39.296-0300] {override.py:1829} INFO - Created Permission View: can read on DAG:example_branch_datetime_operator_2
[2024-04-17T10:10:39.312-0300] {logging_mixin.py:188} INFO - [2024-04-17T10:10:39.312-0300] {override.py:1829} INFO - Created Permission View: can edit on DAG:example_branch_datetime_operator_3
[2024-04-17T10:10:39.323-0300] {logging_mixin.py:188} INFO - [2024-04-17T10:10:39.323-0300] {override.py:1829} INFO - Created Permission View: can delete on DAG:example_branch_datetime_operator_3
[2024-04-17T10:10:39.330-0300] {logging_mixin.py:188} INFO - [2024-04-17T10:10:39.330-0300] {override.py:1829} INFO - Created Permission View: can read on DAG:example_branch_datetime_operator_3
[2024-04-17T10:10:39.346-0300] {logging_mixin.py:188} INFO - [2024-04-17T10:10:39.346-0300] {override.py:1829} INFO - Created Permission View: can edit on DAG:example_branch_datetime_operator
[2024-04-17T10:10:39.353-0300] {logging_mixin.py:188} INFO - [2024-04-17T10:10:39.353-0300] {override.py:1829} INFO - Created Permission View: can delete on DAG:example_branch_datetime_operator
[2024-04-17T10:10:39.360-0300] {logging_mixin.py:188} INFO - [2024-04-17T10:10:39.360-0300] {override.py:1829} INFO - Created Permission View: can read on DAG:example_branch_datetime_operator
[2024-04-17T10:10:39.360-0300] {logging_mixin.py:188} INFO - [2024-04-17T10:10:39.360-0300] {dag.py:3096} INFO - Sync 3 DAGs
[2024-04-17T10:10:39.366-0300] {logging_mixin.py:188} INFO - [2024-04-17T10:10:39.366-0300] {dag.py:3118} INFO - Creating ORM DAG for example_branch_datetime_operator_3
[2024-04-17T10:10:39.367-0300] {logging_mixin.py:188} INFO - [2024-04-17T10:10:39.367-0300] {dag.py:3118} INFO - Creating ORM DAG for example_branch_datetime_operator
[2024-04-17T10:10:39.367-0300] {logging_mixin.py:188} INFO - [2024-04-17T10:10:39.367-0300] {dag.py:3118} INFO - Creating ORM DAG for example_branch_datetime_operator_2
[2024-04-17T10:10:39.374-0300] {logging_mixin.py:188} INFO - [2024-04-17T10:10:39.374-0300] {dag.py:3954} INFO - Setting next_dagrun for example_branch_datetime_operator to 2024-04-16 00:00:00+00:00, run_after=2024-04-17 00:00:00+00:00
[2024-04-17T10:10:39.375-0300] {logging_mixin.py:188} INFO - [2024-04-17T10:10:39.375-0300] {dag.py:3954} INFO - Setting next_dagrun for example_branch_datetime_operator_2 to 2024-04-16 00:00:00+00:00, run_after=2024-04-17 00:00:00+00:00
[2024-04-17T10:10:39.376-0300] {logging_mixin.py:188} INFO - [2024-04-17T10:10:39.376-0300] {dag.py:3954} INFO - Setting next_dagrun for example_branch_datetime_operator_3 to 2024-04-16 00:00:00+00:00, run_after=2024-04-17 00:00:00+00:00
[2024-04-17T10:10:39.410-0300] {processor.py:183} INFO - Processing /home/lborba/.cache/pypoetry/virtualenvs/airflow-tutorial-3ROeDTU8-py3.11/lib/python3.11/site-packages/airflow/example_dags/example_branch_datetime_operator.py took 0.219 seconds
[2024-04-17T10:11:28.834-0300] {processor.py:161} INFO - Started process (PID=23708) to work on /home/lborba/.cache/pypoetry/virtualenvs/airflow-tutorial-3ROeDTU8-py3.11/lib/python3.11/site-packages/airflow/example_dags/example_branch_datetime_operator.py
[2024-04-17T10:11:28.840-0300] {processor.py:830} INFO - Processing file /home/lborba/.cache/pypoetry/virtualenvs/airflow-tutorial-3ROeDTU8-py3.11/lib/python3.11/site-packages/airflow/example_dags/example_branch_datetime_operator.py for tasks to queue
[2024-04-17T10:11:28.843-0300] {logging_mixin.py:188} INFO - [2024-04-17T10:11:28.843-0300] {dagbag.py:540} INFO - Filling up the DagBag from /home/lborba/.cache/pypoetry/virtualenvs/airflow-tutorial-3ROeDTU8-py3.11/lib/python3.11/site-packages/airflow/example_dags/example_branch_datetime_operator.py
[2024-04-17T10:11:28.850-0300] {processor.py:840} INFO - DAG(s) 'example_branch_datetime_operator_2', 'example_branch_datetime_operator', 'example_branch_datetime_operator_3' retrieved from /home/lborba/.cache/pypoetry/virtualenvs/airflow-tutorial-3ROeDTU8-py3.11/lib/python3.11/site-packages/airflow/example_dags/example_branch_datetime_operator.py
[2024-04-17T10:11:28.869-0300] {logging_mixin.py:188} INFO - [2024-04-17T10:11:28.869-0300] {dag.py:3096} INFO - Sync 3 DAGs
[2024-04-17T10:11:28.894-0300] {logging_mixin.py:188} INFO - [2024-04-17T10:11:28.893-0300] {dag.py:3954} INFO - Setting next_dagrun for example_branch_datetime_operator to 2024-04-16 00:00:00+00:00, run_after=2024-04-17 00:00:00+00:00
[2024-04-17T10:11:28.898-0300] {logging_mixin.py:188} INFO - [2024-04-17T10:11:28.898-0300] {dag.py:3954} INFO - Setting next_dagrun for example_branch_datetime_operator_2 to 2024-04-16 00:00:00+00:00, run_after=2024-04-17 00:00:00+00:00
[2024-04-17T10:11:28.899-0300] {logging_mixin.py:188} INFO - [2024-04-17T10:11:28.899-0300] {dag.py:3954} INFO - Setting next_dagrun for example_branch_datetime_operator_3 to 2024-04-16 00:00:00+00:00, run_after=2024-04-17 00:00:00+00:00
[2024-04-17T10:11:28.920-0300] {processor.py:183} INFO - Processing /home/lborba/.cache/pypoetry/virtualenvs/airflow-tutorial-3ROeDTU8-py3.11/lib/python3.11/site-packages/airflow/example_dags/example_branch_datetime_operator.py took 0.090 seconds
[2024-04-17T10:12:36.015-0300] {processor.py:161} INFO - Started process (PID=24560) to work on /home/lborba/.cache/pypoetry/virtualenvs/airflow-tutorial-3ROeDTU8-py3.11/lib/python3.11/site-packages/airflow/example_dags/example_branch_datetime_operator.py
[2024-04-17T10:12:36.016-0300] {processor.py:830} INFO - Processing file /home/lborba/.cache/pypoetry/virtualenvs/airflow-tutorial-3ROeDTU8-py3.11/lib/python3.11/site-packages/airflow/example_dags/example_branch_datetime_operator.py for tasks to queue
[2024-04-17T10:12:36.018-0300] {logging_mixin.py:188} INFO - [2024-04-17T10:12:36.017-0300] {dagbag.py:540} INFO - Filling up the DagBag from /home/lborba/.cache/pypoetry/virtualenvs/airflow-tutorial-3ROeDTU8-py3.11/lib/python3.11/site-packages/airflow/example_dags/example_branch_datetime_operator.py
[2024-04-17T10:12:36.026-0300] {processor.py:840} INFO - DAG(s) 'example_branch_datetime_operator', 'example_branch_datetime_operator_2', 'example_branch_datetime_operator_3' retrieved from /home/lborba/.cache/pypoetry/virtualenvs/airflow-tutorial-3ROeDTU8-py3.11/lib/python3.11/site-packages/airflow/example_dags/example_branch_datetime_operator.py
[2024-04-17T10:12:36.039-0300] {logging_mixin.py:188} INFO - [2024-04-17T10:12:36.039-0300] {dag.py:3096} INFO - Sync 3 DAGs
[2024-04-17T10:12:36.053-0300] {logging_mixin.py:188} INFO - [2024-04-17T10:12:36.053-0300] {dag.py:3954} INFO - Setting next_dagrun for example_branch_datetime_operator to 2024-04-16 00:00:00+00:00, run_after=2024-04-17 00:00:00+00:00
[2024-04-17T10:12:36.055-0300] {logging_mixin.py:188} INFO - [2024-04-17T10:12:36.055-0300] {dag.py:3954} INFO - Setting next_dagrun for example_branch_datetime_operator_2 to 2024-04-16 00:00:00+00:00, run_after=2024-04-17 00:00:00+00:00
[2024-04-17T10:12:36.057-0300] {logging_mixin.py:188} INFO - [2024-04-17T10:12:36.057-0300] {dag.py:3954} INFO - Setting next_dagrun for example_branch_datetime_operator_3 to 2024-04-16 00:00:00+00:00, run_after=2024-04-17 00:00:00+00:00
[2024-04-17T10:12:36.073-0300] {processor.py:183} INFO - Processing /home/lborba/.cache/pypoetry/virtualenvs/airflow-tutorial-3ROeDTU8-py3.11/lib/python3.11/site-packages/airflow/example_dags/example_branch_datetime_operator.py took 0.063 seconds
[2024-04-17T10:13:44.088-0300] {processor.py:161} INFO - Started process (PID=25516) to work on /home/lborba/.cache/pypoetry/virtualenvs/airflow-tutorial-3ROeDTU8-py3.11/lib/python3.11/site-packages/airflow/example_dags/example_branch_datetime_operator.py
[2024-04-17T10:13:44.089-0300] {processor.py:830} INFO - Processing file /home/lborba/.cache/pypoetry/virtualenvs/airflow-tutorial-3ROeDTU8-py3.11/lib/python3.11/site-packages/airflow/example_dags/example_branch_datetime_operator.py for tasks to queue
[2024-04-17T10:13:44.091-0300] {logging_mixin.py:188} INFO - [2024-04-17T10:13:44.090-0300] {dagbag.py:540} INFO - Filling up the DagBag from /home/lborba/.cache/pypoetry/virtualenvs/airflow-tutorial-3ROeDTU8-py3.11/lib/python3.11/site-packages/airflow/example_dags/example_branch_datetime_operator.py
[2024-04-17T10:13:44.101-0300] {processor.py:840} INFO - DAG(s) 'example_branch_datetime_operator_3', 'example_branch_datetime_operator_2', 'example_branch_datetime_operator' retrieved from /home/lborba/.cache/pypoetry/virtualenvs/airflow-tutorial-3ROeDTU8-py3.11/lib/python3.11/site-packages/airflow/example_dags/example_branch_datetime_operator.py
[2024-04-17T10:13:44.120-0300] {logging_mixin.py:188} INFO - [2024-04-17T10:13:44.120-0300] {dag.py:3096} INFO - Sync 3 DAGs
[2024-04-17T10:13:44.138-0300] {logging_mixin.py:188} INFO - [2024-04-17T10:13:44.138-0300] {dag.py:3954} INFO - Setting next_dagrun for example_branch_datetime_operator to 2024-04-16 00:00:00+00:00, run_after=2024-04-17 00:00:00+00:00
[2024-04-17T10:13:44.142-0300] {logging_mixin.py:188} INFO - [2024-04-17T10:13:44.142-0300] {dag.py:3954} INFO - Setting next_dagrun for example_branch_datetime_operator_2 to 2024-04-16 00:00:00+00:00, run_after=2024-04-17 00:00:00+00:00
[2024-04-17T10:13:44.144-0300] {logging_mixin.py:188} INFO - [2024-04-17T10:13:44.144-0300] {dag.py:3954} INFO - Setting next_dagrun for example_branch_datetime_operator_3 to 2024-04-16 00:00:00+00:00, run_after=2024-04-17 00:00:00+00:00
[2024-04-17T10:13:44.168-0300] {processor.py:183} INFO - Processing /home/lborba/.cache/pypoetry/virtualenvs/airflow-tutorial-3ROeDTU8-py3.11/lib/python3.11/site-packages/airflow/example_dags/example_branch_datetime_operator.py took 0.086 seconds
[2024-04-17T10:14:40.602-0300] {processor.py:161} INFO - Started process (PID=26151) to work on /home/lborba/.cache/pypoetry/virtualenvs/airflow-tutorial-3ROeDTU8-py3.11/lib/python3.11/site-packages/airflow/example_dags/example_branch_datetime_operator.py
[2024-04-17T10:14:40.608-0300] {processor.py:830} INFO - Processing file /home/lborba/.cache/pypoetry/virtualenvs/airflow-tutorial-3ROeDTU8-py3.11/lib/python3.11/site-packages/airflow/example_dags/example_branch_datetime_operator.py for tasks to queue
[2024-04-17T10:14:40.609-0300] {logging_mixin.py:188} INFO - [2024-04-17T10:14:40.609-0300] {dagbag.py:540} INFO - Filling up the DagBag from /home/lborba/.cache/pypoetry/virtualenvs/airflow-tutorial-3ROeDTU8-py3.11/lib/python3.11/site-packages/airflow/example_dags/example_branch_datetime_operator.py
[2024-04-17T10:14:40.618-0300] {processor.py:840} INFO - DAG(s) 'example_branch_datetime_operator_2', 'example_branch_datetime_operator_3', 'example_branch_datetime_operator' retrieved from /home/lborba/.cache/pypoetry/virtualenvs/airflow-tutorial-3ROeDTU8-py3.11/lib/python3.11/site-packages/airflow/example_dags/example_branch_datetime_operator.py
[2024-04-17T10:14:40.635-0300] {logging_mixin.py:188} INFO - [2024-04-17T10:14:40.635-0300] {dag.py:3096} INFO - Sync 3 DAGs
[2024-04-17T10:14:40.652-0300] {logging_mixin.py:188} INFO - [2024-04-17T10:14:40.652-0300] {dag.py:3954} INFO - Setting next_dagrun for example_branch_datetime_operator to 2024-04-16 00:00:00+00:00, run_after=2024-04-17 00:00:00+00:00
[2024-04-17T10:14:40.655-0300] {logging_mixin.py:188} INFO - [2024-04-17T10:14:40.655-0300] {dag.py:3954} INFO - Setting next_dagrun for example_branch_datetime_operator_2 to 2024-04-16 00:00:00+00:00, run_after=2024-04-17 00:00:00+00:00
[2024-04-17T10:14:40.656-0300] {logging_mixin.py:188} INFO - [2024-04-17T10:14:40.656-0300] {dag.py:3954} INFO - Setting next_dagrun for example_branch_datetime_operator_3 to 2024-04-16 00:00:00+00:00, run_after=2024-04-17 00:00:00+00:00
[2024-04-17T10:14:40.672-0300] {processor.py:183} INFO - Processing /home/lborba/.cache/pypoetry/virtualenvs/airflow-tutorial-3ROeDTU8-py3.11/lib/python3.11/site-packages/airflow/example_dags/example_branch_datetime_operator.py took 0.075 seconds
[2024-04-17T10:15:42.042-0300] {processor.py:161} INFO - Started process (PID=26771) to work on /home/lborba/.cache/pypoetry/virtualenvs/airflow-tutorial-3ROeDTU8-py3.11/lib/python3.11/site-packages/airflow/example_dags/example_branch_datetime_operator.py
[2024-04-17T10:15:42.043-0300] {processor.py:830} INFO - Processing file /home/lborba/.cache/pypoetry/virtualenvs/airflow-tutorial-3ROeDTU8-py3.11/lib/python3.11/site-packages/airflow/example_dags/example_branch_datetime_operator.py for tasks to queue
[2024-04-17T10:15:42.044-0300] {logging_mixin.py:188} INFO - [2024-04-17T10:15:42.044-0300] {dagbag.py:540} INFO - Filling up the DagBag from /home/lborba/.cache/pypoetry/virtualenvs/airflow-tutorial-3ROeDTU8-py3.11/lib/python3.11/site-packages/airflow/example_dags/example_branch_datetime_operator.py
[2024-04-17T10:15:42.053-0300] {processor.py:840} INFO - DAG(s) 'example_branch_datetime_operator', 'example_branch_datetime_operator_3', 'example_branch_datetime_operator_2' retrieved from /home/lborba/.cache/pypoetry/virtualenvs/airflow-tutorial-3ROeDTU8-py3.11/lib/python3.11/site-packages/airflow/example_dags/example_branch_datetime_operator.py
[2024-04-17T10:15:42.070-0300] {logging_mixin.py:188} INFO - [2024-04-17T10:15:42.070-0300] {dag.py:3096} INFO - Sync 3 DAGs
[2024-04-17T10:15:42.089-0300] {logging_mixin.py:188} INFO - [2024-04-17T10:15:42.089-0300] {dag.py:3954} INFO - Setting next_dagrun for example_branch_datetime_operator to 2024-04-16 00:00:00+00:00, run_after=2024-04-17 00:00:00+00:00
[2024-04-17T10:15:42.093-0300] {logging_mixin.py:188} INFO - [2024-04-17T10:15:42.093-0300] {dag.py:3954} INFO - Setting next_dagrun for example_branch_datetime_operator_2 to 2024-04-16 00:00:00+00:00, run_after=2024-04-17 00:00:00+00:00
[2024-04-17T10:15:42.095-0300] {logging_mixin.py:188} INFO - [2024-04-17T10:15:42.095-0300] {dag.py:3954} INFO - Setting next_dagrun for example_branch_datetime_operator_3 to 2024-04-16 00:00:00+00:00, run_after=2024-04-17 00:00:00+00:00
[2024-04-17T10:15:42.111-0300] {processor.py:183} INFO - Processing /home/lborba/.cache/pypoetry/virtualenvs/airflow-tutorial-3ROeDTU8-py3.11/lib/python3.11/site-packages/airflow/example_dags/example_branch_datetime_operator.py took 0.074 seconds
[2024-04-17T10:16:43.762-0300] {processor.py:161} INFO - Started process (PID=27293) to work on /home/lborba/.cache/pypoetry/virtualenvs/airflow-tutorial-3ROeDTU8-py3.11/lib/python3.11/site-packages/airflow/example_dags/example_branch_datetime_operator.py
[2024-04-17T10:16:43.767-0300] {processor.py:830} INFO - Processing file /home/lborba/.cache/pypoetry/virtualenvs/airflow-tutorial-3ROeDTU8-py3.11/lib/python3.11/site-packages/airflow/example_dags/example_branch_datetime_operator.py for tasks to queue
[2024-04-17T10:16:43.769-0300] {logging_mixin.py:188} INFO - [2024-04-17T10:16:43.768-0300] {dagbag.py:540} INFO - Filling up the DagBag from /home/lborba/.cache/pypoetry/virtualenvs/airflow-tutorial-3ROeDTU8-py3.11/lib/python3.11/site-packages/airflow/example_dags/example_branch_datetime_operator.py
[2024-04-17T10:16:43.776-0300] {processor.py:840} INFO - DAG(s) 'example_branch_datetime_operator', 'example_branch_datetime_operator_3', 'example_branch_datetime_operator_2' retrieved from /home/lborba/.cache/pypoetry/virtualenvs/airflow-tutorial-3ROeDTU8-py3.11/lib/python3.11/site-packages/airflow/example_dags/example_branch_datetime_operator.py
[2024-04-17T10:16:43.796-0300] {logging_mixin.py:188} INFO - [2024-04-17T10:16:43.796-0300] {dag.py:3096} INFO - Sync 3 DAGs
[2024-04-17T10:16:43.812-0300] {logging_mixin.py:188} INFO - [2024-04-17T10:16:43.811-0300] {dag.py:3954} INFO - Setting next_dagrun for example_branch_datetime_operator to 2024-04-16 00:00:00+00:00, run_after=2024-04-17 00:00:00+00:00
[2024-04-17T10:16:43.815-0300] {logging_mixin.py:188} INFO - [2024-04-17T10:16:43.815-0300] {dag.py:3954} INFO - Setting next_dagrun for example_branch_datetime_operator_2 to 2024-04-16 00:00:00+00:00, run_after=2024-04-17 00:00:00+00:00
[2024-04-17T10:16:43.817-0300] {logging_mixin.py:188} INFO - [2024-04-17T10:16:43.817-0300] {dag.py:3954} INFO - Setting next_dagrun for example_branch_datetime_operator_3 to 2024-04-16 00:00:00+00:00, run_after=2024-04-17 00:00:00+00:00
[2024-04-17T10:16:43.836-0300] {processor.py:183} INFO - Processing /home/lborba/.cache/pypoetry/virtualenvs/airflow-tutorial-3ROeDTU8-py3.11/lib/python3.11/site-packages/airflow/example_dags/example_branch_datetime_operator.py took 0.078 seconds
[2024-04-17T10:17:42.019-0300] {processor.py:161} INFO - Started process (PID=27794) to work on /home/lborba/.cache/pypoetry/virtualenvs/airflow-tutorial-3ROeDTU8-py3.11/lib/python3.11/site-packages/airflow/example_dags/example_branch_datetime_operator.py
[2024-04-17T10:17:42.025-0300] {processor.py:830} INFO - Processing file /home/lborba/.cache/pypoetry/virtualenvs/airflow-tutorial-3ROeDTU8-py3.11/lib/python3.11/site-packages/airflow/example_dags/example_branch_datetime_operator.py for tasks to queue
[2024-04-17T10:17:42.026-0300] {logging_mixin.py:188} INFO - [2024-04-17T10:17:42.026-0300] {dagbag.py:540} INFO - Filling up the DagBag from /home/lborba/.cache/pypoetry/virtualenvs/airflow-tutorial-3ROeDTU8-py3.11/lib/python3.11/site-packages/airflow/example_dags/example_branch_datetime_operator.py
[2024-04-17T10:17:42.033-0300] {processor.py:840} INFO - DAG(s) 'example_branch_datetime_operator_3', 'example_branch_datetime_operator', 'example_branch_datetime_operator_2' retrieved from /home/lborba/.cache/pypoetry/virtualenvs/airflow-tutorial-3ROeDTU8-py3.11/lib/python3.11/site-packages/airflow/example_dags/example_branch_datetime_operator.py
[2024-04-17T10:17:42.047-0300] {logging_mixin.py:188} INFO - [2024-04-17T10:17:42.047-0300] {dag.py:3096} INFO - Sync 3 DAGs
[2024-04-17T10:17:42.060-0300] {logging_mixin.py:188} INFO - [2024-04-17T10:17:42.060-0300] {dag.py:3954} INFO - Setting next_dagrun for example_branch_datetime_operator to 2024-04-16 00:00:00+00:00, run_after=2024-04-17 00:00:00+00:00
[2024-04-17T10:17:42.063-0300] {logging_mixin.py:188} INFO - [2024-04-17T10:17:42.063-0300] {dag.py:3954} INFO - Setting next_dagrun for example_branch_datetime_operator_2 to 2024-04-16 00:00:00+00:00, run_after=2024-04-17 00:00:00+00:00
[2024-04-17T10:17:42.064-0300] {logging_mixin.py:188} INFO - [2024-04-17T10:17:42.064-0300] {dag.py:3954} INFO - Setting next_dagrun for example_branch_datetime_operator_3 to 2024-04-16 00:00:00+00:00, run_after=2024-04-17 00:00:00+00:00
[2024-04-17T10:17:42.080-0300] {processor.py:183} INFO - Processing /home/lborba/.cache/pypoetry/virtualenvs/airflow-tutorial-3ROeDTU8-py3.11/lib/python3.11/site-packages/airflow/example_dags/example_branch_datetime_operator.py took 0.065 seconds
[2024-04-17T10:18:42.375-0300] {processor.py:161} INFO - Started process (PID=28300) to work on /home/lborba/.cache/pypoetry/virtualenvs/airflow-tutorial-3ROeDTU8-py3.11/lib/python3.11/site-packages/airflow/example_dags/example_branch_datetime_operator.py
[2024-04-17T10:18:42.381-0300] {processor.py:830} INFO - Processing file /home/lborba/.cache/pypoetry/virtualenvs/airflow-tutorial-3ROeDTU8-py3.11/lib/python3.11/site-packages/airflow/example_dags/example_branch_datetime_operator.py for tasks to queue
[2024-04-17T10:18:42.383-0300] {logging_mixin.py:188} INFO - [2024-04-17T10:18:42.382-0300] {dagbag.py:540} INFO - Filling up the DagBag from /home/lborba/.cache/pypoetry/virtualenvs/airflow-tutorial-3ROeDTU8-py3.11/lib/python3.11/site-packages/airflow/example_dags/example_branch_datetime_operator.py
[2024-04-17T10:18:42.390-0300] {processor.py:840} INFO - DAG(s) 'example_branch_datetime_operator_2', 'example_branch_datetime_operator', 'example_branch_datetime_operator_3' retrieved from /home/lborba/.cache/pypoetry/virtualenvs/airflow-tutorial-3ROeDTU8-py3.11/lib/python3.11/site-packages/airflow/example_dags/example_branch_datetime_operator.py
[2024-04-17T10:18:42.415-0300] {logging_mixin.py:188} INFO - [2024-04-17T10:18:42.415-0300] {dag.py:3096} INFO - Sync 3 DAGs
[2024-04-17T10:18:42.433-0300] {logging_mixin.py:188} INFO - [2024-04-17T10:18:42.433-0300] {dag.py:3954} INFO - Setting next_dagrun for example_branch_datetime_operator to 2024-04-16 00:00:00+00:00, run_after=2024-04-17 00:00:00+00:00
[2024-04-17T10:18:42.436-0300] {logging_mixin.py:188} INFO - [2024-04-17T10:18:42.436-0300] {dag.py:3954} INFO - Setting next_dagrun for example_branch_datetime_operator_2 to 2024-04-16 00:00:00+00:00, run_after=2024-04-17 00:00:00+00:00
[2024-04-17T10:18:42.437-0300] {logging_mixin.py:188} INFO - [2024-04-17T10:18:42.437-0300] {dag.py:3954} INFO - Setting next_dagrun for example_branch_datetime_operator_3 to 2024-04-16 00:00:00+00:00, run_after=2024-04-17 00:00:00+00:00
[2024-04-17T10:18:42.453-0300] {processor.py:183} INFO - Processing /home/lborba/.cache/pypoetry/virtualenvs/airflow-tutorial-3ROeDTU8-py3.11/lib/python3.11/site-packages/airflow/example_dags/example_branch_datetime_operator.py took 0.082 seconds
[2024-04-17T10:19:43.969-0300] {processor.py:161} INFO - Started process (PID=28817) to work on /home/lborba/.cache/pypoetry/virtualenvs/airflow-tutorial-3ROeDTU8-py3.11/lib/python3.11/site-packages/airflow/example_dags/example_branch_datetime_operator.py
[2024-04-17T10:19:43.970-0300] {processor.py:830} INFO - Processing file /home/lborba/.cache/pypoetry/virtualenvs/airflow-tutorial-3ROeDTU8-py3.11/lib/python3.11/site-packages/airflow/example_dags/example_branch_datetime_operator.py for tasks to queue
[2024-04-17T10:19:43.971-0300] {logging_mixin.py:188} INFO - [2024-04-17T10:19:43.971-0300] {dagbag.py:540} INFO - Filling up the DagBag from /home/lborba/.cache/pypoetry/virtualenvs/airflow-tutorial-3ROeDTU8-py3.11/lib/python3.11/site-packages/airflow/example_dags/example_branch_datetime_operator.py
[2024-04-17T10:19:43.978-0300] {processor.py:840} INFO - DAG(s) 'example_branch_datetime_operator_3', 'example_branch_datetime_operator_2', 'example_branch_datetime_operator' retrieved from /home/lborba/.cache/pypoetry/virtualenvs/airflow-tutorial-3ROeDTU8-py3.11/lib/python3.11/site-packages/airflow/example_dags/example_branch_datetime_operator.py
[2024-04-17T10:19:43.994-0300] {logging_mixin.py:188} INFO - [2024-04-17T10:19:43.994-0300] {dag.py:3096} INFO - Sync 3 DAGs
[2024-04-17T10:19:44.008-0300] {logging_mixin.py:188} INFO - [2024-04-17T10:19:44.007-0300] {dag.py:3954} INFO - Setting next_dagrun for example_branch_datetime_operator to 2024-04-16 00:00:00+00:00, run_after=2024-04-17 00:00:00+00:00
[2024-04-17T10:19:44.010-0300] {logging_mixin.py:188} INFO - [2024-04-17T10:19:44.010-0300] {dag.py:3954} INFO - Setting next_dagrun for example_branch_datetime_operator_2 to 2024-04-16 00:00:00+00:00, run_after=2024-04-17 00:00:00+00:00
[2024-04-17T10:19:44.011-0300] {logging_mixin.py:188} INFO - [2024-04-17T10:19:44.011-0300] {dag.py:3954} INFO - Setting next_dagrun for example_branch_datetime_operator_3 to 2024-04-16 00:00:00+00:00, run_after=2024-04-17 00:00:00+00:00
[2024-04-17T10:19:44.027-0300] {processor.py:183} INFO - Processing /home/lborba/.cache/pypoetry/virtualenvs/airflow-tutorial-3ROeDTU8-py3.11/lib/python3.11/site-packages/airflow/example_dags/example_branch_datetime_operator.py took 0.063 seconds
[2024-04-17T10:20:37.428-0300] {processor.py:161} INFO - Started process (PID=29305) to work on /home/lborba/.cache/pypoetry/virtualenvs/airflow-tutorial-3ROeDTU8-py3.11/lib/python3.11/site-packages/airflow/example_dags/example_branch_datetime_operator.py
[2024-04-17T10:20:37.434-0300] {processor.py:830} INFO - Processing file /home/lborba/.cache/pypoetry/virtualenvs/airflow-tutorial-3ROeDTU8-py3.11/lib/python3.11/site-packages/airflow/example_dags/example_branch_datetime_operator.py for tasks to queue
[2024-04-17T10:20:37.436-0300] {logging_mixin.py:188} INFO - [2024-04-17T10:20:37.435-0300] {dagbag.py:540} INFO - Filling up the DagBag from /home/lborba/.cache/pypoetry/virtualenvs/airflow-tutorial-3ROeDTU8-py3.11/lib/python3.11/site-packages/airflow/example_dags/example_branch_datetime_operator.py
[2024-04-17T10:20:37.443-0300] {processor.py:840} INFO - DAG(s) 'example_branch_datetime_operator', 'example_branch_datetime_operator_2', 'example_branch_datetime_operator_3' retrieved from /home/lborba/.cache/pypoetry/virtualenvs/airflow-tutorial-3ROeDTU8-py3.11/lib/python3.11/site-packages/airflow/example_dags/example_branch_datetime_operator.py
[2024-04-17T10:20:37.457-0300] {logging_mixin.py:188} INFO - [2024-04-17T10:20:37.457-0300] {dag.py:3096} INFO - Sync 3 DAGs
[2024-04-17T10:20:37.471-0300] {logging_mixin.py:188} INFO - [2024-04-17T10:20:37.471-0300] {dag.py:3954} INFO - Setting next_dagrun for example_branch_datetime_operator to 2024-04-16 00:00:00+00:00, run_after=2024-04-17 00:00:00+00:00
[2024-04-17T10:20:37.475-0300] {logging_mixin.py:188} INFO - [2024-04-17T10:20:37.475-0300] {dag.py:3954} INFO - Setting next_dagrun for example_branch_datetime_operator_2 to 2024-04-16 00:00:00+00:00, run_after=2024-04-17 00:00:00+00:00
[2024-04-17T10:20:37.477-0300] {logging_mixin.py:188} INFO - [2024-04-17T10:20:37.477-0300] {dag.py:3954} INFO - Setting next_dagrun for example_branch_datetime_operator_3 to 2024-04-16 00:00:00+00:00, run_after=2024-04-17 00:00:00+00:00
[2024-04-17T10:20:37.494-0300] {processor.py:183} INFO - Processing /home/lborba/.cache/pypoetry/virtualenvs/airflow-tutorial-3ROeDTU8-py3.11/lib/python3.11/site-packages/airflow/example_dags/example_branch_datetime_operator.py took 0.070 seconds
[2024-04-17T10:21:38.066-0300] {processor.py:161} INFO - Started process (PID=29816) to work on /home/lborba/.cache/pypoetry/virtualenvs/airflow-tutorial-3ROeDTU8-py3.11/lib/python3.11/site-packages/airflow/example_dags/example_branch_datetime_operator.py
[2024-04-17T10:21:38.067-0300] {processor.py:830} INFO - Processing file /home/lborba/.cache/pypoetry/virtualenvs/airflow-tutorial-3ROeDTU8-py3.11/lib/python3.11/site-packages/airflow/example_dags/example_branch_datetime_operator.py for tasks to queue
[2024-04-17T10:21:38.068-0300] {logging_mixin.py:188} INFO - [2024-04-17T10:21:38.068-0300] {dagbag.py:540} INFO - Filling up the DagBag from /home/lborba/.cache/pypoetry/virtualenvs/airflow-tutorial-3ROeDTU8-py3.11/lib/python3.11/site-packages/airflow/example_dags/example_branch_datetime_operator.py
[2024-04-17T10:21:38.075-0300] {processor.py:840} INFO - DAG(s) 'example_branch_datetime_operator', 'example_branch_datetime_operator_2', 'example_branch_datetime_operator_3' retrieved from /home/lborba/.cache/pypoetry/virtualenvs/airflow-tutorial-3ROeDTU8-py3.11/lib/python3.11/site-packages/airflow/example_dags/example_branch_datetime_operator.py
[2024-04-17T10:21:38.093-0300] {logging_mixin.py:188} INFO - [2024-04-17T10:21:38.093-0300] {dag.py:3096} INFO - Sync 3 DAGs
[2024-04-17T10:21:38.107-0300] {logging_mixin.py:188} INFO - [2024-04-17T10:21:38.107-0300] {dag.py:3954} INFO - Setting next_dagrun for example_branch_datetime_operator to 2024-04-16 00:00:00+00:00, run_after=2024-04-17 00:00:00+00:00
[2024-04-17T10:21:38.110-0300] {logging_mixin.py:188} INFO - [2024-04-17T10:21:38.110-0300] {dag.py:3954} INFO - Setting next_dagrun for example_branch_datetime_operator_2 to 2024-04-16 00:00:00+00:00, run_after=2024-04-17 00:00:00+00:00
[2024-04-17T10:21:38.111-0300] {logging_mixin.py:188} INFO - [2024-04-17T10:21:38.111-0300] {dag.py:3954} INFO - Setting next_dagrun for example_branch_datetime_operator_3 to 2024-04-16 00:00:00+00:00, run_after=2024-04-17 00:00:00+00:00
[2024-04-17T10:21:38.129-0300] {processor.py:183} INFO - Processing /home/lborba/.cache/pypoetry/virtualenvs/airflow-tutorial-3ROeDTU8-py3.11/lib/python3.11/site-packages/airflow/example_dags/example_branch_datetime_operator.py took 0.068 seconds
[2024-04-17T10:22:34.631-0300] {processor.py:161} INFO - Started process (PID=30298) to work on /home/lborba/.cache/pypoetry/virtualenvs/airflow-tutorial-3ROeDTU8-py3.11/lib/python3.11/site-packages/airflow/example_dags/example_branch_datetime_operator.py
[2024-04-17T10:22:34.637-0300] {processor.py:830} INFO - Processing file /home/lborba/.cache/pypoetry/virtualenvs/airflow-tutorial-3ROeDTU8-py3.11/lib/python3.11/site-packages/airflow/example_dags/example_branch_datetime_operator.py for tasks to queue
[2024-04-17T10:22:34.639-0300] {logging_mixin.py:188} INFO - [2024-04-17T10:22:34.638-0300] {dagbag.py:540} INFO - Filling up the DagBag from /home/lborba/.cache/pypoetry/virtualenvs/airflow-tutorial-3ROeDTU8-py3.11/lib/python3.11/site-packages/airflow/example_dags/example_branch_datetime_operator.py
[2024-04-17T10:22:34.647-0300] {processor.py:840} INFO - DAG(s) 'example_branch_datetime_operator', 'example_branch_datetime_operator_2', 'example_branch_datetime_operator_3' retrieved from /home/lborba/.cache/pypoetry/virtualenvs/airflow-tutorial-3ROeDTU8-py3.11/lib/python3.11/site-packages/airflow/example_dags/example_branch_datetime_operator.py
[2024-04-17T10:22:34.663-0300] {logging_mixin.py:188} INFO - [2024-04-17T10:22:34.663-0300] {dag.py:3096} INFO - Sync 3 DAGs
[2024-04-17T10:22:34.679-0300] {logging_mixin.py:188} INFO - [2024-04-17T10:22:34.679-0300] {dag.py:3954} INFO - Setting next_dagrun for example_branch_datetime_operator to 2024-04-16 00:00:00+00:00, run_after=2024-04-17 00:00:00+00:00
[2024-04-17T10:22:34.683-0300] {logging_mixin.py:188} INFO - [2024-04-17T10:22:34.683-0300] {dag.py:3954} INFO - Setting next_dagrun for example_branch_datetime_operator_2 to 2024-04-16 00:00:00+00:00, run_after=2024-04-17 00:00:00+00:00
[2024-04-17T10:22:34.685-0300] {logging_mixin.py:188} INFO - [2024-04-17T10:22:34.685-0300] {dag.py:3954} INFO - Setting next_dagrun for example_branch_datetime_operator_3 to 2024-04-16 00:00:00+00:00, run_after=2024-04-17 00:00:00+00:00
[2024-04-17T10:22:34.703-0300] {processor.py:183} INFO - Processing /home/lborba/.cache/pypoetry/virtualenvs/airflow-tutorial-3ROeDTU8-py3.11/lib/python3.11/site-packages/airflow/example_dags/example_branch_datetime_operator.py took 0.077 seconds
[2024-04-17T10:23:34.843-0300] {processor.py:161} INFO - Started process (PID=30808) to work on /home/lborba/.cache/pypoetry/virtualenvs/airflow-tutorial-3ROeDTU8-py3.11/lib/python3.11/site-packages/airflow/example_dags/example_branch_datetime_operator.py
[2024-04-17T10:23:34.850-0300] {processor.py:830} INFO - Processing file /home/lborba/.cache/pypoetry/virtualenvs/airflow-tutorial-3ROeDTU8-py3.11/lib/python3.11/site-packages/airflow/example_dags/example_branch_datetime_operator.py for tasks to queue
[2024-04-17T10:23:34.851-0300] {logging_mixin.py:188} INFO - [2024-04-17T10:23:34.851-0300] {dagbag.py:540} INFO - Filling up the DagBag from /home/lborba/.cache/pypoetry/virtualenvs/airflow-tutorial-3ROeDTU8-py3.11/lib/python3.11/site-packages/airflow/example_dags/example_branch_datetime_operator.py
[2024-04-17T10:23:34.859-0300] {processor.py:840} INFO - DAG(s) 'example_branch_datetime_operator_2', 'example_branch_datetime_operator', 'example_branch_datetime_operator_3' retrieved from /home/lborba/.cache/pypoetry/virtualenvs/airflow-tutorial-3ROeDTU8-py3.11/lib/python3.11/site-packages/airflow/example_dags/example_branch_datetime_operator.py
[2024-04-17T10:23:34.874-0300] {logging_mixin.py:188} INFO - [2024-04-17T10:23:34.874-0300] {dag.py:3096} INFO - Sync 3 DAGs
[2024-04-17T10:23:34.888-0300] {logging_mixin.py:188} INFO - [2024-04-17T10:23:34.888-0300] {dag.py:3954} INFO - Setting next_dagrun for example_branch_datetime_operator to 2024-04-16 00:00:00+00:00, run_after=2024-04-17 00:00:00+00:00
[2024-04-17T10:23:34.891-0300] {logging_mixin.py:188} INFO - [2024-04-17T10:23:34.891-0300] {dag.py:3954} INFO - Setting next_dagrun for example_branch_datetime_operator_2 to 2024-04-16 00:00:00+00:00, run_after=2024-04-17 00:00:00+00:00
[2024-04-17T10:23:34.892-0300] {logging_mixin.py:188} INFO - [2024-04-17T10:23:34.892-0300] {dag.py:3954} INFO - Setting next_dagrun for example_branch_datetime_operator_3 to 2024-04-16 00:00:00+00:00, run_after=2024-04-17 00:00:00+00:00
[2024-04-17T10:23:34.908-0300] {processor.py:183} INFO - Processing /home/lborba/.cache/pypoetry/virtualenvs/airflow-tutorial-3ROeDTU8-py3.11/lib/python3.11/site-packages/airflow/example_dags/example_branch_datetime_operator.py took 0.070 seconds
[2024-04-17T10:24:31.522-0300] {processor.py:161} INFO - Started process (PID=31286) to work on /home/lborba/.cache/pypoetry/virtualenvs/airflow-tutorial-3ROeDTU8-py3.11/lib/python3.11/site-packages/airflow/example_dags/example_branch_datetime_operator.py
[2024-04-17T10:24:31.523-0300] {processor.py:830} INFO - Processing file /home/lborba/.cache/pypoetry/virtualenvs/airflow-tutorial-3ROeDTU8-py3.11/lib/python3.11/site-packages/airflow/example_dags/example_branch_datetime_operator.py for tasks to queue
[2024-04-17T10:24:31.524-0300] {logging_mixin.py:188} INFO - [2024-04-17T10:24:31.524-0300] {dagbag.py:540} INFO - Filling up the DagBag from /home/lborba/.cache/pypoetry/virtualenvs/airflow-tutorial-3ROeDTU8-py3.11/lib/python3.11/site-packages/airflow/example_dags/example_branch_datetime_operator.py
[2024-04-17T10:24:31.533-0300] {processor.py:840} INFO - DAG(s) 'example_branch_datetime_operator_3', 'example_branch_datetime_operator_2', 'example_branch_datetime_operator' retrieved from /home/lborba/.cache/pypoetry/virtualenvs/airflow-tutorial-3ROeDTU8-py3.11/lib/python3.11/site-packages/airflow/example_dags/example_branch_datetime_operator.py
[2024-04-17T10:24:31.550-0300] {logging_mixin.py:188} INFO - [2024-04-17T10:24:31.550-0300] {dag.py:3096} INFO - Sync 3 DAGs
[2024-04-17T10:24:31.565-0300] {logging_mixin.py:188} INFO - [2024-04-17T10:24:31.565-0300] {dag.py:3954} INFO - Setting next_dagrun for example_branch_datetime_operator to 2024-04-16 00:00:00+00:00, run_after=2024-04-17 00:00:00+00:00
[2024-04-17T10:24:31.568-0300] {logging_mixin.py:188} INFO - [2024-04-17T10:24:31.567-0300] {dag.py:3954} INFO - Setting next_dagrun for example_branch_datetime_operator_2 to 2024-04-16 00:00:00+00:00, run_after=2024-04-17 00:00:00+00:00
[2024-04-17T10:24:31.569-0300] {logging_mixin.py:188} INFO - [2024-04-17T10:24:31.569-0300] {dag.py:3954} INFO - Setting next_dagrun for example_branch_datetime_operator_3 to 2024-04-16 00:00:00+00:00, run_after=2024-04-17 00:00:00+00:00
[2024-04-17T10:24:31.587-0300] {processor.py:183} INFO - Processing /home/lborba/.cache/pypoetry/virtualenvs/airflow-tutorial-3ROeDTU8-py3.11/lib/python3.11/site-packages/airflow/example_dags/example_branch_datetime_operator.py took 0.069 seconds
