[2024-04-17T10:10:41.680-0300] {processor.py:161} INFO - Started process (PID=23332) to work on /home/lborba/.cache/pypoetry/virtualenvs/airflow-tutorial-3ROeDTU8-py3.11/lib/python3.11/site-packages/airflow/example_dags/example_branch_day_of_week_operator.py
[2024-04-17T10:10:41.680-0300] {processor.py:830} INFO - Processing file /home/lborba/.cache/pypoetry/virtualenvs/airflow-tutorial-3ROeDTU8-py3.11/lib/python3.11/site-packages/airflow/example_dags/example_branch_day_of_week_operator.py for tasks to queue
[2024-04-17T10:10:41.681-0300] {logging_mixin.py:188} INFO - [2024-04-17T10:10:41.681-0300] {dagbag.py:540} INFO - Filling up the DagBag from /home/lborba/.cache/pypoetry/virtualenvs/airflow-tutorial-3ROeDTU8-py3.11/lib/python3.11/site-packages/airflow/example_dags/example_branch_day_of_week_operator.py
[2024-04-17T10:10:41.688-0300] {processor.py:840} INFO - DAG(s) 'example_weekday_branch_operator' retrieved from /home/lborba/.cache/pypoetry/virtualenvs/airflow-tutorial-3ROeDTU8-py3.11/lib/python3.11/site-packages/airflow/example_dags/example_branch_day_of_week_operator.py
[2024-04-17T10:10:41.759-0300] {logging_mixin.py:188} INFO - [2024-04-17T10:10:41.759-0300] {override.py:1829} INFO - Created Permission View: can edit on DAG:example_weekday_branch_operator
[2024-04-17T10:10:41.769-0300] {logging_mixin.py:188} INFO - [2024-04-17T10:10:41.769-0300] {override.py:1829} INFO - Created Permission View: can delete on DAG:example_weekday_branch_operator
[2024-04-17T10:10:41.776-0300] {logging_mixin.py:188} INFO - [2024-04-17T10:10:41.776-0300] {override.py:1829} INFO - Created Permission View: can read on DAG:example_weekday_branch_operator
[2024-04-17T10:10:41.777-0300] {logging_mixin.py:188} INFO - [2024-04-17T10:10:41.776-0300] {dag.py:3096} INFO - Sync 1 DAGs
[2024-04-17T10:10:41.783-0300] {logging_mixin.py:188} INFO - [2024-04-17T10:10:41.783-0300] {dag.py:3118} INFO - Creating ORM DAG for example_weekday_branch_operator
[2024-04-17T10:10:41.791-0300] {logging_mixin.py:188} INFO - [2024-04-17T10:10:41.791-0300] {dag.py:3954} INFO - Setting next_dagrun for example_weekday_branch_operator to 2024-04-16 00:00:00+00:00, run_after=2024-04-17 00:00:00+00:00
[2024-04-17T10:10:41.807-0300] {processor.py:183} INFO - Processing /home/lborba/.cache/pypoetry/virtualenvs/airflow-tutorial-3ROeDTU8-py3.11/lib/python3.11/site-packages/airflow/example_dags/example_branch_day_of_week_operator.py took 0.131 seconds
[2024-04-17T10:11:30.591-0300] {processor.py:161} INFO - Started process (PID=23717) to work on /home/lborba/.cache/pypoetry/virtualenvs/airflow-tutorial-3ROeDTU8-py3.11/lib/python3.11/site-packages/airflow/example_dags/example_branch_day_of_week_operator.py
[2024-04-17T10:11:30.593-0300] {processor.py:830} INFO - Processing file /home/lborba/.cache/pypoetry/virtualenvs/airflow-tutorial-3ROeDTU8-py3.11/lib/python3.11/site-packages/airflow/example_dags/example_branch_day_of_week_operator.py for tasks to queue
[2024-04-17T10:11:30.594-0300] {logging_mixin.py:188} INFO - [2024-04-17T10:11:30.594-0300] {dagbag.py:540} INFO - Filling up the DagBag from /home/lborba/.cache/pypoetry/virtualenvs/airflow-tutorial-3ROeDTU8-py3.11/lib/python3.11/site-packages/airflow/example_dags/example_branch_day_of_week_operator.py
[2024-04-17T10:11:30.600-0300] {processor.py:840} INFO - DAG(s) 'example_weekday_branch_operator' retrieved from /home/lborba/.cache/pypoetry/virtualenvs/airflow-tutorial-3ROeDTU8-py3.11/lib/python3.11/site-packages/airflow/example_dags/example_branch_day_of_week_operator.py
[2024-04-17T10:11:30.616-0300] {logging_mixin.py:188} INFO - [2024-04-17T10:11:30.616-0300] {dag.py:3096} INFO - Sync 1 DAGs
[2024-04-17T10:11:30.634-0300] {logging_mixin.py:188} INFO - [2024-04-17T10:11:30.634-0300] {dag.py:3954} INFO - Setting next_dagrun for example_weekday_branch_operator to 2024-04-16 00:00:00+00:00, run_after=2024-04-17 00:00:00+00:00
[2024-04-17T10:11:30.660-0300] {processor.py:183} INFO - Processing /home/lborba/.cache/pypoetry/virtualenvs/airflow-tutorial-3ROeDTU8-py3.11/lib/python3.11/site-packages/airflow/example_dags/example_branch_day_of_week_operator.py took 0.076 seconds
[2024-04-17T10:12:37.905-0300] {processor.py:161} INFO - Started process (PID=24575) to work on /home/lborba/.cache/pypoetry/virtualenvs/airflow-tutorial-3ROeDTU8-py3.11/lib/python3.11/site-packages/airflow/example_dags/example_branch_day_of_week_operator.py
[2024-04-17T10:12:37.906-0300] {processor.py:830} INFO - Processing file /home/lborba/.cache/pypoetry/virtualenvs/airflow-tutorial-3ROeDTU8-py3.11/lib/python3.11/site-packages/airflow/example_dags/example_branch_day_of_week_operator.py for tasks to queue
[2024-04-17T10:12:37.907-0300] {logging_mixin.py:188} INFO - [2024-04-17T10:12:37.907-0300] {dagbag.py:540} INFO - Filling up the DagBag from /home/lborba/.cache/pypoetry/virtualenvs/airflow-tutorial-3ROeDTU8-py3.11/lib/python3.11/site-packages/airflow/example_dags/example_branch_day_of_week_operator.py
[2024-04-17T10:12:37.913-0300] {processor.py:840} INFO - DAG(s) 'example_weekday_branch_operator' retrieved from /home/lborba/.cache/pypoetry/virtualenvs/airflow-tutorial-3ROeDTU8-py3.11/lib/python3.11/site-packages/airflow/example_dags/example_branch_day_of_week_operator.py
[2024-04-17T10:12:37.924-0300] {logging_mixin.py:188} INFO - [2024-04-17T10:12:37.923-0300] {dag.py:3096} INFO - Sync 1 DAGs
[2024-04-17T10:12:37.936-0300] {logging_mixin.py:188} INFO - [2024-04-17T10:12:37.936-0300] {dag.py:3954} INFO - Setting next_dagrun for example_weekday_branch_operator to 2024-04-16 00:00:00+00:00, run_after=2024-04-17 00:00:00+00:00
[2024-04-17T10:12:37.953-0300] {processor.py:183} INFO - Processing /home/lborba/.cache/pypoetry/virtualenvs/airflow-tutorial-3ROeDTU8-py3.11/lib/python3.11/site-packages/airflow/example_dags/example_branch_day_of_week_operator.py took 0.052 seconds
