[2024-04-17T10:10:07.971-0300] {processor.py:161} INFO - Started process (PID=23031) to work on /home/lborba/.cache/pypoetry/virtualenvs/airflow-tutorial-3ROeDTU8-py3.11/lib/python3.11/site-packages/airflow/example_dags/tutorial.py
[2024-04-17T10:10:07.972-0300] {processor.py:830} INFO - Processing file /home/lborba/.cache/pypoetry/virtualenvs/airflow-tutorial-3ROeDTU8-py3.11/lib/python3.11/site-packages/airflow/example_dags/tutorial.py for tasks to queue
[2024-04-17T10:10:07.973-0300] {logging_mixin.py:188} INFO - [2024-04-17T10:10:07.973-0300] {dagbag.py:540} INFO - Filling up the DagBag from /home/lborba/.cache/pypoetry/virtualenvs/airflow-tutorial-3ROeDTU8-py3.11/lib/python3.11/site-packages/airflow/example_dags/tutorial.py
[2024-04-17T10:10:07.979-0300] {processor.py:840} INFO - DAG(s) 'tutorial' retrieved from /home/lborba/.cache/pypoetry/virtualenvs/airflow-tutorial-3ROeDTU8-py3.11/lib/python3.11/site-packages/airflow/example_dags/tutorial.py
[2024-04-17T10:10:08.059-0300] {logging_mixin.py:188} INFO - [2024-04-17T10:10:08.059-0300] {override.py:1829} INFO - Created Permission View: can edit on DAG:tutorial
[2024-04-17T10:10:08.069-0300] {logging_mixin.py:188} INFO - [2024-04-17T10:10:08.069-0300] {override.py:1829} INFO - Created Permission View: can delete on DAG:tutorial
[2024-04-17T10:10:08.077-0300] {logging_mixin.py:188} INFO - [2024-04-17T10:10:08.077-0300] {override.py:1829} INFO - Created Permission View: can read on DAG:tutorial
[2024-04-17T10:10:08.077-0300] {logging_mixin.py:188} INFO - [2024-04-17T10:10:08.077-0300] {dag.py:3096} INFO - Sync 1 DAGs
[2024-04-17T10:10:08.086-0300] {logging_mixin.py:188} INFO - [2024-04-17T10:10:08.085-0300] {dag.py:3118} INFO - Creating ORM DAG for tutorial
[2024-04-17T10:10:08.093-0300] {logging_mixin.py:188} INFO - [2024-04-17T10:10:08.093-0300] {dag.py:3954} INFO - Setting next_dagrun for tutorial to 2024-04-16 00:00:00+00:00, run_after=2024-04-17 00:00:00+00:00
[2024-04-17T10:10:08.114-0300] {processor.py:183} INFO - Processing /home/lborba/.cache/pypoetry/virtualenvs/airflow-tutorial-3ROeDTU8-py3.11/lib/python3.11/site-packages/airflow/example_dags/tutorial.py took 0.148 seconds
[2024-04-17T10:11:02.049-0300] {processor.py:161} INFO - Started process (PID=23494) to work on /home/lborba/.cache/pypoetry/virtualenvs/airflow-tutorial-3ROeDTU8-py3.11/lib/python3.11/site-packages/airflow/example_dags/tutorial.py
[2024-04-17T10:11:02.057-0300] {processor.py:830} INFO - Processing file /home/lborba/.cache/pypoetry/virtualenvs/airflow-tutorial-3ROeDTU8-py3.11/lib/python3.11/site-packages/airflow/example_dags/tutorial.py for tasks to queue
[2024-04-17T10:11:02.058-0300] {logging_mixin.py:188} INFO - [2024-04-17T10:11:02.058-0300] {dagbag.py:540} INFO - Filling up the DagBag from /home/lborba/.cache/pypoetry/virtualenvs/airflow-tutorial-3ROeDTU8-py3.11/lib/python3.11/site-packages/airflow/example_dags/tutorial.py
[2024-04-17T10:11:02.062-0300] {processor.py:840} INFO - DAG(s) 'tutorial' retrieved from /home/lborba/.cache/pypoetry/virtualenvs/airflow-tutorial-3ROeDTU8-py3.11/lib/python3.11/site-packages/airflow/example_dags/tutorial.py
[2024-04-17T10:11:02.080-0300] {logging_mixin.py:188} INFO - [2024-04-17T10:11:02.080-0300] {dag.py:3096} INFO - Sync 1 DAGs
[2024-04-17T10:11:02.095-0300] {logging_mixin.py:188} INFO - [2024-04-17T10:11:02.094-0300] {dag.py:3954} INFO - Setting next_dagrun for tutorial to 2024-04-16 00:00:00+00:00, run_after=2024-04-17 00:00:00+00:00
[2024-04-17T10:11:02.111-0300] {processor.py:183} INFO - Processing /home/lborba/.cache/pypoetry/virtualenvs/airflow-tutorial-3ROeDTU8-py3.11/lib/python3.11/site-packages/airflow/example_dags/tutorial.py took 0.066 seconds
[2024-04-17T10:11:51.494-0300] {processor.py:161} INFO - Started process (PID=23880) to work on /home/lborba/.cache/pypoetry/virtualenvs/airflow-tutorial-3ROeDTU8-py3.11/lib/python3.11/site-packages/airflow/example_dags/tutorial.py
[2024-04-17T10:11:51.500-0300] {processor.py:830} INFO - Processing file /home/lborba/.cache/pypoetry/virtualenvs/airflow-tutorial-3ROeDTU8-py3.11/lib/python3.11/site-packages/airflow/example_dags/tutorial.py for tasks to queue
[2024-04-17T10:11:51.501-0300] {logging_mixin.py:188} INFO - [2024-04-17T10:11:51.501-0300] {dagbag.py:540} INFO - Filling up the DagBag from /home/lborba/.cache/pypoetry/virtualenvs/airflow-tutorial-3ROeDTU8-py3.11/lib/python3.11/site-packages/airflow/example_dags/tutorial.py
[2024-04-17T10:11:51.509-0300] {processor.py:840} INFO - DAG(s) 'tutorial' retrieved from /home/lborba/.cache/pypoetry/virtualenvs/airflow-tutorial-3ROeDTU8-py3.11/lib/python3.11/site-packages/airflow/example_dags/tutorial.py
[2024-04-17T10:11:51.536-0300] {logging_mixin.py:188} INFO - [2024-04-17T10:11:51.536-0300] {dag.py:3096} INFO - Sync 1 DAGs
[2024-04-17T10:11:51.564-0300] {logging_mixin.py:188} INFO - [2024-04-17T10:11:51.564-0300] {dag.py:3954} INFO - Setting next_dagrun for tutorial to 2024-04-16 00:00:00+00:00, run_after=2024-04-17 00:00:00+00:00
[2024-04-17T10:11:51.587-0300] {processor.py:183} INFO - Processing /home/lborba/.cache/pypoetry/virtualenvs/airflow-tutorial-3ROeDTU8-py3.11/lib/python3.11/site-packages/airflow/example_dags/tutorial.py took 0.102 seconds
[2024-04-17T10:12:42.292-0300] {processor.py:161} INFO - Started process (PID=24648) to work on /home/lborba/.cache/pypoetry/virtualenvs/airflow-tutorial-3ROeDTU8-py3.11/lib/python3.11/site-packages/airflow/example_dags/tutorial.py
[2024-04-17T10:12:42.297-0300] {processor.py:830} INFO - Processing file /home/lborba/.cache/pypoetry/virtualenvs/airflow-tutorial-3ROeDTU8-py3.11/lib/python3.11/site-packages/airflow/example_dags/tutorial.py for tasks to queue
[2024-04-17T10:12:42.299-0300] {logging_mixin.py:188} INFO - [2024-04-17T10:12:42.298-0300] {dagbag.py:540} INFO - Filling up the DagBag from /home/lborba/.cache/pypoetry/virtualenvs/airflow-tutorial-3ROeDTU8-py3.11/lib/python3.11/site-packages/airflow/example_dags/tutorial.py
[2024-04-17T10:12:42.303-0300] {processor.py:840} INFO - DAG(s) 'tutorial' retrieved from /home/lborba/.cache/pypoetry/virtualenvs/airflow-tutorial-3ROeDTU8-py3.11/lib/python3.11/site-packages/airflow/example_dags/tutorial.py
[2024-04-17T10:12:42.314-0300] {logging_mixin.py:188} INFO - [2024-04-17T10:12:42.314-0300] {dag.py:3096} INFO - Sync 1 DAGs
[2024-04-17T10:12:42.327-0300] {logging_mixin.py:188} INFO - [2024-04-17T10:12:42.327-0300] {dag.py:3954} INFO - Setting next_dagrun for tutorial to 2024-04-16 00:00:00+00:00, run_after=2024-04-17 00:00:00+00:00
[2024-04-17T10:12:42.344-0300] {processor.py:183} INFO - Processing /home/lborba/.cache/pypoetry/virtualenvs/airflow-tutorial-3ROeDTU8-py3.11/lib/python3.11/site-packages/airflow/example_dags/tutorial.py took 0.057 seconds
[2024-04-17T10:13:28.831-0300] {processor.py:161} INFO - Started process (PID=25351) to work on /home/lborba/.cache/pypoetry/virtualenvs/airflow-tutorial-3ROeDTU8-py3.11/lib/python3.11/site-packages/airflow/example_dags/tutorial.py
[2024-04-17T10:13:28.837-0300] {processor.py:830} INFO - Processing file /home/lborba/.cache/pypoetry/virtualenvs/airflow-tutorial-3ROeDTU8-py3.11/lib/python3.11/site-packages/airflow/example_dags/tutorial.py for tasks to queue
[2024-04-17T10:13:28.838-0300] {logging_mixin.py:188} INFO - [2024-04-17T10:13:28.838-0300] {dagbag.py:540} INFO - Filling up the DagBag from /home/lborba/.cache/pypoetry/virtualenvs/airflow-tutorial-3ROeDTU8-py3.11/lib/python3.11/site-packages/airflow/example_dags/tutorial.py
[2024-04-17T10:13:28.844-0300] {processor.py:840} INFO - DAG(s) 'tutorial' retrieved from /home/lborba/.cache/pypoetry/virtualenvs/airflow-tutorial-3ROeDTU8-py3.11/lib/python3.11/site-packages/airflow/example_dags/tutorial.py
[2024-04-17T10:13:28.856-0300] {logging_mixin.py:188} INFO - [2024-04-17T10:13:28.856-0300] {dag.py:3096} INFO - Sync 1 DAGs
[2024-04-17T10:13:28.871-0300] {logging_mixin.py:188} INFO - [2024-04-17T10:13:28.871-0300] {dag.py:3954} INFO - Setting next_dagrun for tutorial to 2024-04-16 00:00:00+00:00, run_after=2024-04-17 00:00:00+00:00
[2024-04-17T10:13:28.891-0300] {processor.py:183} INFO - Processing /home/lborba/.cache/pypoetry/virtualenvs/airflow-tutorial-3ROeDTU8-py3.11/lib/python3.11/site-packages/airflow/example_dags/tutorial.py took 0.064 seconds
[2024-04-17T10:14:10.044-0300] {processor.py:161} INFO - Started process (PID=25815) to work on /home/lborba/.cache/pypoetry/virtualenvs/airflow-tutorial-3ROeDTU8-py3.11/lib/python3.11/site-packages/airflow/example_dags/tutorial.py
[2024-04-17T10:14:10.045-0300] {processor.py:830} INFO - Processing file /home/lborba/.cache/pypoetry/virtualenvs/airflow-tutorial-3ROeDTU8-py3.11/lib/python3.11/site-packages/airflow/example_dags/tutorial.py for tasks to queue
[2024-04-17T10:14:10.047-0300] {logging_mixin.py:188} INFO - [2024-04-17T10:14:10.047-0300] {dagbag.py:540} INFO - Filling up the DagBag from /home/lborba/.cache/pypoetry/virtualenvs/airflow-tutorial-3ROeDTU8-py3.11/lib/python3.11/site-packages/airflow/example_dags/tutorial.py
[2024-04-17T10:14:10.053-0300] {processor.py:840} INFO - DAG(s) 'tutorial' retrieved from /home/lborba/.cache/pypoetry/virtualenvs/airflow-tutorial-3ROeDTU8-py3.11/lib/python3.11/site-packages/airflow/example_dags/tutorial.py
[2024-04-17T10:14:10.065-0300] {logging_mixin.py:188} INFO - [2024-04-17T10:14:10.065-0300] {dag.py:3096} INFO - Sync 1 DAGs
[2024-04-17T10:14:10.080-0300] {logging_mixin.py:188} INFO - [2024-04-17T10:14:10.080-0300] {dag.py:3954} INFO - Setting next_dagrun for tutorial to 2024-04-16 00:00:00+00:00, run_after=2024-04-17 00:00:00+00:00
[2024-04-17T10:14:10.099-0300] {processor.py:183} INFO - Processing /home/lborba/.cache/pypoetry/virtualenvs/airflow-tutorial-3ROeDTU8-py3.11/lib/python3.11/site-packages/airflow/example_dags/tutorial.py took 0.060 seconds
[2024-04-17T10:14:48.014-0300] {processor.py:161} INFO - Started process (PID=26208) to work on /home/lborba/.cache/pypoetry/virtualenvs/airflow-tutorial-3ROeDTU8-py3.11/lib/python3.11/site-packages/airflow/example_dags/tutorial.py
[2024-04-17T10:14:48.021-0300] {processor.py:830} INFO - Processing file /home/lborba/.cache/pypoetry/virtualenvs/airflow-tutorial-3ROeDTU8-py3.11/lib/python3.11/site-packages/airflow/example_dags/tutorial.py for tasks to queue
[2024-04-17T10:14:48.022-0300] {logging_mixin.py:188} INFO - [2024-04-17T10:14:48.022-0300] {dagbag.py:540} INFO - Filling up the DagBag from /home/lborba/.cache/pypoetry/virtualenvs/airflow-tutorial-3ROeDTU8-py3.11/lib/python3.11/site-packages/airflow/example_dags/tutorial.py
[2024-04-17T10:14:48.026-0300] {processor.py:840} INFO - DAG(s) 'tutorial' retrieved from /home/lborba/.cache/pypoetry/virtualenvs/airflow-tutorial-3ROeDTU8-py3.11/lib/python3.11/site-packages/airflow/example_dags/tutorial.py
[2024-04-17T10:14:48.036-0300] {logging_mixin.py:188} INFO - [2024-04-17T10:14:48.036-0300] {dag.py:3096} INFO - Sync 1 DAGs
[2024-04-17T10:14:48.051-0300] {logging_mixin.py:188} INFO - [2024-04-17T10:14:48.050-0300] {dag.py:3954} INFO - Setting next_dagrun for tutorial to 2024-04-16 00:00:00+00:00, run_after=2024-04-17 00:00:00+00:00
[2024-04-17T10:14:48.074-0300] {processor.py:183} INFO - Processing /home/lborba/.cache/pypoetry/virtualenvs/airflow-tutorial-3ROeDTU8-py3.11/lib/python3.11/site-packages/airflow/example_dags/tutorial.py took 0.064 seconds
[2024-04-17T10:15:27.566-0300] {processor.py:161} INFO - Started process (PID=26649) to work on /home/lborba/.cache/pypoetry/virtualenvs/airflow-tutorial-3ROeDTU8-py3.11/lib/python3.11/site-packages/airflow/example_dags/tutorial.py
[2024-04-17T10:15:27.573-0300] {processor.py:830} INFO - Processing file /home/lborba/.cache/pypoetry/virtualenvs/airflow-tutorial-3ROeDTU8-py3.11/lib/python3.11/site-packages/airflow/example_dags/tutorial.py for tasks to queue
[2024-04-17T10:15:27.574-0300] {logging_mixin.py:188} INFO - [2024-04-17T10:15:27.574-0300] {dagbag.py:540} INFO - Filling up the DagBag from /home/lborba/.cache/pypoetry/virtualenvs/airflow-tutorial-3ROeDTU8-py3.11/lib/python3.11/site-packages/airflow/example_dags/tutorial.py
[2024-04-17T10:15:27.579-0300] {processor.py:840} INFO - DAG(s) 'tutorial' retrieved from /home/lborba/.cache/pypoetry/virtualenvs/airflow-tutorial-3ROeDTU8-py3.11/lib/python3.11/site-packages/airflow/example_dags/tutorial.py
[2024-04-17T10:15:27.673-0300] {logging_mixin.py:188} INFO - [2024-04-17T10:15:27.672-0300] {dag.py:3096} INFO - Sync 1 DAGs
[2024-04-17T10:15:27.685-0300] {logging_mixin.py:188} INFO - [2024-04-17T10:15:27.685-0300] {dag.py:3954} INFO - Setting next_dagrun for tutorial to 2024-04-16 00:00:00+00:00, run_after=2024-04-17 00:00:00+00:00
[2024-04-17T10:15:27.702-0300] {processor.py:183} INFO - Processing /home/lborba/.cache/pypoetry/virtualenvs/airflow-tutorial-3ROeDTU8-py3.11/lib/python3.11/site-packages/airflow/example_dags/tutorial.py took 0.141 seconds
[2024-04-17T10:16:10.042-0300] {processor.py:161} INFO - Started process (PID=27004) to work on /home/lborba/.cache/pypoetry/virtualenvs/airflow-tutorial-3ROeDTU8-py3.11/lib/python3.11/site-packages/airflow/example_dags/tutorial.py
[2024-04-17T10:16:10.043-0300] {processor.py:830} INFO - Processing file /home/lborba/.cache/pypoetry/virtualenvs/airflow-tutorial-3ROeDTU8-py3.11/lib/python3.11/site-packages/airflow/example_dags/tutorial.py for tasks to queue
[2024-04-17T10:16:10.044-0300] {logging_mixin.py:188} INFO - [2024-04-17T10:16:10.044-0300] {dagbag.py:540} INFO - Filling up the DagBag from /home/lborba/.cache/pypoetry/virtualenvs/airflow-tutorial-3ROeDTU8-py3.11/lib/python3.11/site-packages/airflow/example_dags/tutorial.py
[2024-04-17T10:16:10.048-0300] {processor.py:840} INFO - DAG(s) 'tutorial' retrieved from /home/lborba/.cache/pypoetry/virtualenvs/airflow-tutorial-3ROeDTU8-py3.11/lib/python3.11/site-packages/airflow/example_dags/tutorial.py
[2024-04-17T10:16:10.059-0300] {logging_mixin.py:188} INFO - [2024-04-17T10:16:10.059-0300] {dag.py:3096} INFO - Sync 1 DAGs
[2024-04-17T10:16:10.071-0300] {logging_mixin.py:188} INFO - [2024-04-17T10:16:10.071-0300] {dag.py:3954} INFO - Setting next_dagrun for tutorial to 2024-04-16 00:00:00+00:00, run_after=2024-04-17 00:00:00+00:00
[2024-04-17T10:16:10.089-0300] {processor.py:183} INFO - Processing /home/lborba/.cache/pypoetry/virtualenvs/airflow-tutorial-3ROeDTU8-py3.11/lib/python3.11/site-packages/airflow/example_dags/tutorial.py took 0.052 seconds
[2024-04-17T10:16:52.309-0300] {processor.py:161} INFO - Started process (PID=27365) to work on /home/lborba/.cache/pypoetry/virtualenvs/airflow-tutorial-3ROeDTU8-py3.11/lib/python3.11/site-packages/airflow/example_dags/tutorial.py
[2024-04-17T10:16:52.314-0300] {processor.py:830} INFO - Processing file /home/lborba/.cache/pypoetry/virtualenvs/airflow-tutorial-3ROeDTU8-py3.11/lib/python3.11/site-packages/airflow/example_dags/tutorial.py for tasks to queue
[2024-04-17T10:16:52.316-0300] {logging_mixin.py:188} INFO - [2024-04-17T10:16:52.315-0300] {dagbag.py:540} INFO - Filling up the DagBag from /home/lborba/.cache/pypoetry/virtualenvs/airflow-tutorial-3ROeDTU8-py3.11/lib/python3.11/site-packages/airflow/example_dags/tutorial.py
[2024-04-17T10:16:52.321-0300] {processor.py:840} INFO - DAG(s) 'tutorial' retrieved from /home/lborba/.cache/pypoetry/virtualenvs/airflow-tutorial-3ROeDTU8-py3.11/lib/python3.11/site-packages/airflow/example_dags/tutorial.py
[2024-04-17T10:16:52.332-0300] {logging_mixin.py:188} INFO - [2024-04-17T10:16:52.332-0300] {dag.py:3096} INFO - Sync 1 DAGs
[2024-04-17T10:16:52.345-0300] {logging_mixin.py:188} INFO - [2024-04-17T10:16:52.345-0300] {dag.py:3954} INFO - Setting next_dagrun for tutorial to 2024-04-16 00:00:00+00:00, run_after=2024-04-17 00:00:00+00:00
[2024-04-17T10:16:52.363-0300] {processor.py:183} INFO - Processing /home/lborba/.cache/pypoetry/virtualenvs/airflow-tutorial-3ROeDTU8-py3.11/lib/python3.11/site-packages/airflow/example_dags/tutorial.py took 0.059 seconds
[2024-04-17T10:17:31.172-0300] {processor.py:161} INFO - Started process (PID=27694) to work on /home/lborba/.cache/pypoetry/virtualenvs/airflow-tutorial-3ROeDTU8-py3.11/lib/python3.11/site-packages/airflow/example_dags/tutorial.py
[2024-04-17T10:17:31.177-0300] {processor.py:830} INFO - Processing file /home/lborba/.cache/pypoetry/virtualenvs/airflow-tutorial-3ROeDTU8-py3.11/lib/python3.11/site-packages/airflow/example_dags/tutorial.py for tasks to queue
[2024-04-17T10:17:31.179-0300] {logging_mixin.py:188} INFO - [2024-04-17T10:17:31.178-0300] {dagbag.py:540} INFO - Filling up the DagBag from /home/lborba/.cache/pypoetry/virtualenvs/airflow-tutorial-3ROeDTU8-py3.11/lib/python3.11/site-packages/airflow/example_dags/tutorial.py
[2024-04-17T10:17:31.184-0300] {processor.py:840} INFO - DAG(s) 'tutorial' retrieved from /home/lborba/.cache/pypoetry/virtualenvs/airflow-tutorial-3ROeDTU8-py3.11/lib/python3.11/site-packages/airflow/example_dags/tutorial.py
[2024-04-17T10:17:31.194-0300] {logging_mixin.py:188} INFO - [2024-04-17T10:17:31.194-0300] {dag.py:3096} INFO - Sync 1 DAGs
[2024-04-17T10:17:31.206-0300] {logging_mixin.py:188} INFO - [2024-04-17T10:17:31.206-0300] {dag.py:3954} INFO - Setting next_dagrun for tutorial to 2024-04-16 00:00:00+00:00, run_after=2024-04-17 00:00:00+00:00
[2024-04-17T10:17:31.222-0300] {processor.py:183} INFO - Processing /home/lborba/.cache/pypoetry/virtualenvs/airflow-tutorial-3ROeDTU8-py3.11/lib/python3.11/site-packages/airflow/example_dags/tutorial.py took 0.055 seconds
[2024-04-17T10:18:10.817-0300] {processor.py:161} INFO - Started process (PID=28035) to work on /home/lborba/.cache/pypoetry/virtualenvs/airflow-tutorial-3ROeDTU8-py3.11/lib/python3.11/site-packages/airflow/example_dags/tutorial.py
[2024-04-17T10:18:10.824-0300] {processor.py:830} INFO - Processing file /home/lborba/.cache/pypoetry/virtualenvs/airflow-tutorial-3ROeDTU8-py3.11/lib/python3.11/site-packages/airflow/example_dags/tutorial.py for tasks to queue
[2024-04-17T10:18:10.826-0300] {logging_mixin.py:188} INFO - [2024-04-17T10:18:10.825-0300] {dagbag.py:540} INFO - Filling up the DagBag from /home/lborba/.cache/pypoetry/virtualenvs/airflow-tutorial-3ROeDTU8-py3.11/lib/python3.11/site-packages/airflow/example_dags/tutorial.py
[2024-04-17T10:18:10.831-0300] {processor.py:840} INFO - DAG(s) 'tutorial' retrieved from /home/lborba/.cache/pypoetry/virtualenvs/airflow-tutorial-3ROeDTU8-py3.11/lib/python3.11/site-packages/airflow/example_dags/tutorial.py
[2024-04-17T10:18:10.844-0300] {logging_mixin.py:188} INFO - [2024-04-17T10:18:10.843-0300] {dag.py:3096} INFO - Sync 1 DAGs
[2024-04-17T10:18:10.857-0300] {logging_mixin.py:188} INFO - [2024-04-17T10:18:10.857-0300] {dag.py:3954} INFO - Setting next_dagrun for tutorial to 2024-04-16 00:00:00+00:00, run_after=2024-04-17 00:00:00+00:00
[2024-04-17T10:18:10.875-0300] {processor.py:183} INFO - Processing /home/lborba/.cache/pypoetry/virtualenvs/airflow-tutorial-3ROeDTU8-py3.11/lib/python3.11/site-packages/airflow/example_dags/tutorial.py took 0.062 seconds
[2024-04-17T10:18:49.790-0300] {processor.py:161} INFO - Started process (PID=28358) to work on /home/lborba/.cache/pypoetry/virtualenvs/airflow-tutorial-3ROeDTU8-py3.11/lib/python3.11/site-packages/airflow/example_dags/tutorial.py
[2024-04-17T10:18:49.795-0300] {processor.py:830} INFO - Processing file /home/lborba/.cache/pypoetry/virtualenvs/airflow-tutorial-3ROeDTU8-py3.11/lib/python3.11/site-packages/airflow/example_dags/tutorial.py for tasks to queue
[2024-04-17T10:18:49.796-0300] {logging_mixin.py:188} INFO - [2024-04-17T10:18:49.796-0300] {dagbag.py:540} INFO - Filling up the DagBag from /home/lborba/.cache/pypoetry/virtualenvs/airflow-tutorial-3ROeDTU8-py3.11/lib/python3.11/site-packages/airflow/example_dags/tutorial.py
[2024-04-17T10:18:49.801-0300] {processor.py:840} INFO - DAG(s) 'tutorial' retrieved from /home/lborba/.cache/pypoetry/virtualenvs/airflow-tutorial-3ROeDTU8-py3.11/lib/python3.11/site-packages/airflow/example_dags/tutorial.py
[2024-04-17T10:18:49.813-0300] {logging_mixin.py:188} INFO - [2024-04-17T10:18:49.813-0300] {dag.py:3096} INFO - Sync 1 DAGs
[2024-04-17T10:18:49.833-0300] {logging_mixin.py:188} INFO - [2024-04-17T10:18:49.833-0300] {dag.py:3954} INFO - Setting next_dagrun for tutorial to 2024-04-16 00:00:00+00:00, run_after=2024-04-17 00:00:00+00:00
[2024-04-17T10:18:49.857-0300] {processor.py:183} INFO - Processing /home/lborba/.cache/pypoetry/virtualenvs/airflow-tutorial-3ROeDTU8-py3.11/lib/python3.11/site-packages/airflow/example_dags/tutorial.py took 0.073 seconds
[2024-04-17T10:19:30.819-0300] {processor.py:161} INFO - Started process (PID=28709) to work on /home/lborba/.cache/pypoetry/virtualenvs/airflow-tutorial-3ROeDTU8-py3.11/lib/python3.11/site-packages/airflow/example_dags/tutorial.py
[2024-04-17T10:19:30.825-0300] {processor.py:830} INFO - Processing file /home/lborba/.cache/pypoetry/virtualenvs/airflow-tutorial-3ROeDTU8-py3.11/lib/python3.11/site-packages/airflow/example_dags/tutorial.py for tasks to queue
[2024-04-17T10:19:30.826-0300] {logging_mixin.py:188} INFO - [2024-04-17T10:19:30.826-0300] {dagbag.py:540} INFO - Filling up the DagBag from /home/lborba/.cache/pypoetry/virtualenvs/airflow-tutorial-3ROeDTU8-py3.11/lib/python3.11/site-packages/airflow/example_dags/tutorial.py
[2024-04-17T10:19:30.831-0300] {processor.py:840} INFO - DAG(s) 'tutorial' retrieved from /home/lborba/.cache/pypoetry/virtualenvs/airflow-tutorial-3ROeDTU8-py3.11/lib/python3.11/site-packages/airflow/example_dags/tutorial.py
[2024-04-17T10:19:30.843-0300] {logging_mixin.py:188} INFO - [2024-04-17T10:19:30.843-0300] {dag.py:3096} INFO - Sync 1 DAGs
[2024-04-17T10:19:30.856-0300] {logging_mixin.py:188} INFO - [2024-04-17T10:19:30.856-0300] {dag.py:3954} INFO - Setting next_dagrun for tutorial to 2024-04-16 00:00:00+00:00, run_after=2024-04-17 00:00:00+00:00
[2024-04-17T10:19:30.872-0300] {processor.py:183} INFO - Processing /home/lborba/.cache/pypoetry/virtualenvs/airflow-tutorial-3ROeDTU8-py3.11/lib/python3.11/site-packages/airflow/example_dags/tutorial.py took 0.060 seconds
[2024-04-17T10:20:09.610-0300] {processor.py:161} INFO - Started process (PID=29072) to work on /home/lborba/.cache/pypoetry/virtualenvs/airflow-tutorial-3ROeDTU8-py3.11/lib/python3.11/site-packages/airflow/example_dags/tutorial.py
[2024-04-17T10:20:09.612-0300] {processor.py:830} INFO - Processing file /home/lborba/.cache/pypoetry/virtualenvs/airflow-tutorial-3ROeDTU8-py3.11/lib/python3.11/site-packages/airflow/example_dags/tutorial.py for tasks to queue
[2024-04-17T10:20:09.613-0300] {logging_mixin.py:188} INFO - [2024-04-17T10:20:09.613-0300] {dagbag.py:540} INFO - Filling up the DagBag from /home/lborba/.cache/pypoetry/virtualenvs/airflow-tutorial-3ROeDTU8-py3.11/lib/python3.11/site-packages/airflow/example_dags/tutorial.py
[2024-04-17T10:20:09.618-0300] {processor.py:840} INFO - DAG(s) 'tutorial' retrieved from /home/lborba/.cache/pypoetry/virtualenvs/airflow-tutorial-3ROeDTU8-py3.11/lib/python3.11/site-packages/airflow/example_dags/tutorial.py
[2024-04-17T10:20:09.629-0300] {logging_mixin.py:188} INFO - [2024-04-17T10:20:09.628-0300] {dag.py:3096} INFO - Sync 1 DAGs
[2024-04-17T10:20:09.641-0300] {logging_mixin.py:188} INFO - [2024-04-17T10:20:09.641-0300] {dag.py:3954} INFO - Setting next_dagrun for tutorial to 2024-04-16 00:00:00+00:00, run_after=2024-04-17 00:00:00+00:00
[2024-04-17T10:20:09.658-0300] {processor.py:183} INFO - Processing /home/lborba/.cache/pypoetry/virtualenvs/airflow-tutorial-3ROeDTU8-py3.11/lib/python3.11/site-packages/airflow/example_dags/tutorial.py took 0.052 seconds
[2024-04-17T10:20:47.563-0300] {processor.py:161} INFO - Started process (PID=29393) to work on /home/lborba/.cache/pypoetry/virtualenvs/airflow-tutorial-3ROeDTU8-py3.11/lib/python3.11/site-packages/airflow/example_dags/tutorial.py
[2024-04-17T10:20:47.569-0300] {processor.py:830} INFO - Processing file /home/lborba/.cache/pypoetry/virtualenvs/airflow-tutorial-3ROeDTU8-py3.11/lib/python3.11/site-packages/airflow/example_dags/tutorial.py for tasks to queue
[2024-04-17T10:20:47.571-0300] {logging_mixin.py:188} INFO - [2024-04-17T10:20:47.570-0300] {dagbag.py:540} INFO - Filling up the DagBag from /home/lborba/.cache/pypoetry/virtualenvs/airflow-tutorial-3ROeDTU8-py3.11/lib/python3.11/site-packages/airflow/example_dags/tutorial.py
[2024-04-17T10:20:47.575-0300] {processor.py:840} INFO - DAG(s) 'tutorial' retrieved from /home/lborba/.cache/pypoetry/virtualenvs/airflow-tutorial-3ROeDTU8-py3.11/lib/python3.11/site-packages/airflow/example_dags/tutorial.py
[2024-04-17T10:20:47.585-0300] {logging_mixin.py:188} INFO - [2024-04-17T10:20:47.585-0300] {dag.py:3096} INFO - Sync 1 DAGs
[2024-04-17T10:20:47.599-0300] {logging_mixin.py:188} INFO - [2024-04-17T10:20:47.598-0300] {dag.py:3954} INFO - Setting next_dagrun for tutorial to 2024-04-16 00:00:00+00:00, run_after=2024-04-17 00:00:00+00:00
[2024-04-17T10:20:47.618-0300] {processor.py:183} INFO - Processing /home/lborba/.cache/pypoetry/virtualenvs/airflow-tutorial-3ROeDTU8-py3.11/lib/python3.11/site-packages/airflow/example_dags/tutorial.py took 0.060 seconds
[2024-04-17T10:21:27.986-0300] {processor.py:161} INFO - Started process (PID=29731) to work on /home/lborba/.cache/pypoetry/virtualenvs/airflow-tutorial-3ROeDTU8-py3.11/lib/python3.11/site-packages/airflow/example_dags/tutorial.py
[2024-04-17T10:21:27.989-0300] {processor.py:830} INFO - Processing file /home/lborba/.cache/pypoetry/virtualenvs/airflow-tutorial-3ROeDTU8-py3.11/lib/python3.11/site-packages/airflow/example_dags/tutorial.py for tasks to queue
[2024-04-17T10:21:27.991-0300] {logging_mixin.py:188} INFO - [2024-04-17T10:21:27.990-0300] {dagbag.py:540} INFO - Filling up the DagBag from /home/lborba/.cache/pypoetry/virtualenvs/airflow-tutorial-3ROeDTU8-py3.11/lib/python3.11/site-packages/airflow/example_dags/tutorial.py
[2024-04-17T10:21:27.996-0300] {processor.py:840} INFO - DAG(s) 'tutorial' retrieved from /home/lborba/.cache/pypoetry/virtualenvs/airflow-tutorial-3ROeDTU8-py3.11/lib/python3.11/site-packages/airflow/example_dags/tutorial.py
[2024-04-17T10:21:28.007-0300] {logging_mixin.py:188} INFO - [2024-04-17T10:21:28.007-0300] {dag.py:3096} INFO - Sync 1 DAGs
[2024-04-17T10:21:28.021-0300] {logging_mixin.py:188} INFO - [2024-04-17T10:21:28.021-0300] {dag.py:3954} INFO - Setting next_dagrun for tutorial to 2024-04-16 00:00:00+00:00, run_after=2024-04-17 00:00:00+00:00
[2024-04-17T10:21:28.039-0300] {processor.py:183} INFO - Processing /home/lborba/.cache/pypoetry/virtualenvs/airflow-tutorial-3ROeDTU8-py3.11/lib/python3.11/site-packages/airflow/example_dags/tutorial.py took 0.058 seconds
[2024-04-17T10:22:07.212-0300] {processor.py:161} INFO - Started process (PID=30060) to work on /home/lborba/.cache/pypoetry/virtualenvs/airflow-tutorial-3ROeDTU8-py3.11/lib/python3.11/site-packages/airflow/example_dags/tutorial.py
[2024-04-17T10:22:07.214-0300] {processor.py:830} INFO - Processing file /home/lborba/.cache/pypoetry/virtualenvs/airflow-tutorial-3ROeDTU8-py3.11/lib/python3.11/site-packages/airflow/example_dags/tutorial.py for tasks to queue
[2024-04-17T10:22:07.215-0300] {logging_mixin.py:188} INFO - [2024-04-17T10:22:07.215-0300] {dagbag.py:540} INFO - Filling up the DagBag from /home/lborba/.cache/pypoetry/virtualenvs/airflow-tutorial-3ROeDTU8-py3.11/lib/python3.11/site-packages/airflow/example_dags/tutorial.py
[2024-04-17T10:22:07.220-0300] {processor.py:840} INFO - DAG(s) 'tutorial' retrieved from /home/lborba/.cache/pypoetry/virtualenvs/airflow-tutorial-3ROeDTU8-py3.11/lib/python3.11/site-packages/airflow/example_dags/tutorial.py
[2024-04-17T10:22:07.231-0300] {logging_mixin.py:188} INFO - [2024-04-17T10:22:07.231-0300] {dag.py:3096} INFO - Sync 1 DAGs
[2024-04-17T10:22:07.246-0300] {logging_mixin.py:188} INFO - [2024-04-17T10:22:07.246-0300] {dag.py:3954} INFO - Setting next_dagrun for tutorial to 2024-04-16 00:00:00+00:00, run_after=2024-04-17 00:00:00+00:00
[2024-04-17T10:22:07.265-0300] {processor.py:183} INFO - Processing /home/lborba/.cache/pypoetry/virtualenvs/airflow-tutorial-3ROeDTU8-py3.11/lib/python3.11/site-packages/airflow/example_dags/tutorial.py took 0.057 seconds
[2024-04-17T10:22:43.790-0300] {processor.py:161} INFO - Started process (PID=30374) to work on /home/lborba/.cache/pypoetry/virtualenvs/airflow-tutorial-3ROeDTU8-py3.11/lib/python3.11/site-packages/airflow/example_dags/tutorial.py
[2024-04-17T10:22:43.795-0300] {processor.py:830} INFO - Processing file /home/lborba/.cache/pypoetry/virtualenvs/airflow-tutorial-3ROeDTU8-py3.11/lib/python3.11/site-packages/airflow/example_dags/tutorial.py for tasks to queue
[2024-04-17T10:22:43.796-0300] {logging_mixin.py:188} INFO - [2024-04-17T10:22:43.796-0300] {dagbag.py:540} INFO - Filling up the DagBag from /home/lborba/.cache/pypoetry/virtualenvs/airflow-tutorial-3ROeDTU8-py3.11/lib/python3.11/site-packages/airflow/example_dags/tutorial.py
[2024-04-17T10:22:43.801-0300] {processor.py:840} INFO - DAG(s) 'tutorial' retrieved from /home/lborba/.cache/pypoetry/virtualenvs/airflow-tutorial-3ROeDTU8-py3.11/lib/python3.11/site-packages/airflow/example_dags/tutorial.py
[2024-04-17T10:22:43.812-0300] {logging_mixin.py:188} INFO - [2024-04-17T10:22:43.812-0300] {dag.py:3096} INFO - Sync 1 DAGs
[2024-04-17T10:22:43.825-0300] {logging_mixin.py:188} INFO - [2024-04-17T10:22:43.825-0300] {dag.py:3954} INFO - Setting next_dagrun for tutorial to 2024-04-16 00:00:00+00:00, run_after=2024-04-17 00:00:00+00:00
[2024-04-17T10:22:43.845-0300] {processor.py:183} INFO - Processing /home/lborba/.cache/pypoetry/virtualenvs/airflow-tutorial-3ROeDTU8-py3.11/lib/python3.11/site-packages/airflow/example_dags/tutorial.py took 0.059 seconds
[2024-04-17T10:23:24.442-0300] {processor.py:161} INFO - Started process (PID=30721) to work on /home/lborba/.cache/pypoetry/virtualenvs/airflow-tutorial-3ROeDTU8-py3.11/lib/python3.11/site-packages/airflow/example_dags/tutorial.py
[2024-04-17T10:23:24.447-0300] {processor.py:830} INFO - Processing file /home/lborba/.cache/pypoetry/virtualenvs/airflow-tutorial-3ROeDTU8-py3.11/lib/python3.11/site-packages/airflow/example_dags/tutorial.py for tasks to queue
[2024-04-17T10:23:24.449-0300] {logging_mixin.py:188} INFO - [2024-04-17T10:23:24.449-0300] {dagbag.py:540} INFO - Filling up the DagBag from /home/lborba/.cache/pypoetry/virtualenvs/airflow-tutorial-3ROeDTU8-py3.11/lib/python3.11/site-packages/airflow/example_dags/tutorial.py
[2024-04-17T10:23:24.454-0300] {processor.py:840} INFO - DAG(s) 'tutorial' retrieved from /home/lborba/.cache/pypoetry/virtualenvs/airflow-tutorial-3ROeDTU8-py3.11/lib/python3.11/site-packages/airflow/example_dags/tutorial.py
[2024-04-17T10:23:24.471-0300] {logging_mixin.py:188} INFO - [2024-04-17T10:23:24.470-0300] {dag.py:3096} INFO - Sync 1 DAGs
[2024-04-17T10:23:24.485-0300] {logging_mixin.py:188} INFO - [2024-04-17T10:23:24.485-0300] {dag.py:3954} INFO - Setting next_dagrun for tutorial to 2024-04-16 00:00:00+00:00, run_after=2024-04-17 00:00:00+00:00
[2024-04-17T10:23:24.505-0300] {processor.py:183} INFO - Processing /home/lborba/.cache/pypoetry/virtualenvs/airflow-tutorial-3ROeDTU8-py3.11/lib/python3.11/site-packages/airflow/example_dags/tutorial.py took 0.068 seconds
[2024-04-17T10:24:04.511-0300] {processor.py:161} INFO - Started process (PID=31056) to work on /home/lborba/.cache/pypoetry/virtualenvs/airflow-tutorial-3ROeDTU8-py3.11/lib/python3.11/site-packages/airflow/example_dags/tutorial.py
[2024-04-17T10:24:04.516-0300] {processor.py:830} INFO - Processing file /home/lborba/.cache/pypoetry/virtualenvs/airflow-tutorial-3ROeDTU8-py3.11/lib/python3.11/site-packages/airflow/example_dags/tutorial.py for tasks to queue
[2024-04-17T10:24:04.517-0300] {logging_mixin.py:188} INFO - [2024-04-17T10:24:04.517-0300] {dagbag.py:540} INFO - Filling up the DagBag from /home/lborba/.cache/pypoetry/virtualenvs/airflow-tutorial-3ROeDTU8-py3.11/lib/python3.11/site-packages/airflow/example_dags/tutorial.py
[2024-04-17T10:24:04.522-0300] {processor.py:840} INFO - DAG(s) 'tutorial' retrieved from /home/lborba/.cache/pypoetry/virtualenvs/airflow-tutorial-3ROeDTU8-py3.11/lib/python3.11/site-packages/airflow/example_dags/tutorial.py
[2024-04-17T10:24:04.533-0300] {logging_mixin.py:188} INFO - [2024-04-17T10:24:04.533-0300] {dag.py:3096} INFO - Sync 1 DAGs
[2024-04-17T10:24:04.548-0300] {logging_mixin.py:188} INFO - [2024-04-17T10:24:04.548-0300] {dag.py:3954} INFO - Setting next_dagrun for tutorial to 2024-04-16 00:00:00+00:00, run_after=2024-04-17 00:00:00+00:00
[2024-04-17T10:24:04.566-0300] {processor.py:183} INFO - Processing /home/lborba/.cache/pypoetry/virtualenvs/airflow-tutorial-3ROeDTU8-py3.11/lib/python3.11/site-packages/airflow/example_dags/tutorial.py took 0.060 seconds
[2024-04-17T10:24:59.369-0300] {processor.py:161} INFO - Started process (PID=31552) to work on /home/lborba/.cache/pypoetry/virtualenvs/airflow-tutorial-3ROeDTU8-py3.11/lib/python3.11/site-packages/airflow/example_dags/tutorial.py
[2024-04-17T10:24:59.370-0300] {processor.py:830} INFO - Processing file /home/lborba/.cache/pypoetry/virtualenvs/airflow-tutorial-3ROeDTU8-py3.11/lib/python3.11/site-packages/airflow/example_dags/tutorial.py for tasks to queue
[2024-04-17T10:24:59.371-0300] {logging_mixin.py:188} INFO - [2024-04-17T10:24:59.371-0300] {dagbag.py:540} INFO - Filling up the DagBag from /home/lborba/.cache/pypoetry/virtualenvs/airflow-tutorial-3ROeDTU8-py3.11/lib/python3.11/site-packages/airflow/example_dags/tutorial.py
[2024-04-17T10:24:59.376-0300] {processor.py:840} INFO - DAG(s) 'tutorial' retrieved from /home/lborba/.cache/pypoetry/virtualenvs/airflow-tutorial-3ROeDTU8-py3.11/lib/python3.11/site-packages/airflow/example_dags/tutorial.py
[2024-04-17T10:24:59.390-0300] {logging_mixin.py:188} INFO - [2024-04-17T10:24:59.390-0300] {dag.py:3096} INFO - Sync 1 DAGs
[2024-04-17T10:24:59.405-0300] {logging_mixin.py:188} INFO - [2024-04-17T10:24:59.405-0300] {dag.py:3954} INFO - Setting next_dagrun for tutorial to 2024-04-16 00:00:00+00:00, run_after=2024-04-17 00:00:00+00:00
[2024-04-17T10:24:59.424-0300] {processor.py:183} INFO - Processing /home/lborba/.cache/pypoetry/virtualenvs/airflow-tutorial-3ROeDTU8-py3.11/lib/python3.11/site-packages/airflow/example_dags/tutorial.py took 0.059 seconds
