[2024-04-17T10:10:17.269-0300] {processor.py:161} INFO - Started process (PID=23138) to work on /home/lborba/.cache/pypoetry/virtualenvs/airflow-tutorial-3ROeDTU8-py3.11/lib/python3.11/site-packages/airflow/example_dags/tutorial_objectstorage.py
[2024-04-17T10:10:17.270-0300] {processor.py:830} INFO - Processing file /home/lborba/.cache/pypoetry/virtualenvs/airflow-tutorial-3ROeDTU8-py3.11/lib/python3.11/site-packages/airflow/example_dags/tutorial_objectstorage.py for tasks to queue
[2024-04-17T10:10:17.272-0300] {logging_mixin.py:188} INFO - [2024-04-17T10:10:17.272-0300] {dagbag.py:540} INFO - Filling up the DagBag from /home/lborba/.cache/pypoetry/virtualenvs/airflow-tutorial-3ROeDTU8-py3.11/lib/python3.11/site-packages/airflow/example_dags/tutorial_objectstorage.py
[2024-04-17T10:10:17.280-0300] {processor.py:840} INFO - DAG(s) 'tutorial_objectstorage' retrieved from /home/lborba/.cache/pypoetry/virtualenvs/airflow-tutorial-3ROeDTU8-py3.11/lib/python3.11/site-packages/airflow/example_dags/tutorial_objectstorage.py
[2024-04-17T10:10:17.349-0300] {logging_mixin.py:188} INFO - [2024-04-17T10:10:17.349-0300] {override.py:1829} INFO - Created Permission View: can edit on DAG:tutorial_objectstorage
[2024-04-17T10:10:17.360-0300] {logging_mixin.py:188} INFO - [2024-04-17T10:10:17.359-0300] {override.py:1829} INFO - Created Permission View: can delete on DAG:tutorial_objectstorage
[2024-04-17T10:10:17.368-0300] {logging_mixin.py:188} INFO - [2024-04-17T10:10:17.368-0300] {override.py:1829} INFO - Created Permission View: can read on DAG:tutorial_objectstorage
[2024-04-17T10:10:17.368-0300] {logging_mixin.py:188} INFO - [2024-04-17T10:10:17.368-0300] {dag.py:3096} INFO - Sync 1 DAGs
[2024-04-17T10:10:17.375-0300] {logging_mixin.py:188} INFO - [2024-04-17T10:10:17.375-0300] {dag.py:3118} INFO - Creating ORM DAG for tutorial_objectstorage
[2024-04-17T10:10:17.376-0300] {logging_mixin.py:188} INFO - [2024-04-17T10:10:17.376-0300] {dag.py:3954} INFO - Setting next_dagrun for tutorial_objectstorage to None, run_after=None
[2024-04-17T10:10:17.395-0300] {processor.py:183} INFO - Processing /home/lborba/.cache/pypoetry/virtualenvs/airflow-tutorial-3ROeDTU8-py3.11/lib/python3.11/site-packages/airflow/example_dags/tutorial_objectstorage.py took 0.129 seconds
[2024-04-17T10:11:11.139-0300] {processor.py:161} INFO - Started process (PID=23563) to work on /home/lborba/.cache/pypoetry/virtualenvs/airflow-tutorial-3ROeDTU8-py3.11/lib/python3.11/site-packages/airflow/example_dags/tutorial_objectstorage.py
[2024-04-17T10:11:11.145-0300] {processor.py:830} INFO - Processing file /home/lborba/.cache/pypoetry/virtualenvs/airflow-tutorial-3ROeDTU8-py3.11/lib/python3.11/site-packages/airflow/example_dags/tutorial_objectstorage.py for tasks to queue
[2024-04-17T10:11:11.146-0300] {logging_mixin.py:188} INFO - [2024-04-17T10:11:11.146-0300] {dagbag.py:540} INFO - Filling up the DagBag from /home/lborba/.cache/pypoetry/virtualenvs/airflow-tutorial-3ROeDTU8-py3.11/lib/python3.11/site-packages/airflow/example_dags/tutorial_objectstorage.py
[2024-04-17T10:11:11.151-0300] {processor.py:840} INFO - DAG(s) 'tutorial_objectstorage' retrieved from /home/lborba/.cache/pypoetry/virtualenvs/airflow-tutorial-3ROeDTU8-py3.11/lib/python3.11/site-packages/airflow/example_dags/tutorial_objectstorage.py
[2024-04-17T10:11:11.160-0300] {logging_mixin.py:188} INFO - [2024-04-17T10:11:11.160-0300] {dag.py:3096} INFO - Sync 1 DAGs
[2024-04-17T10:11:11.167-0300] {logging_mixin.py:188} INFO - [2024-04-17T10:11:11.167-0300] {dag.py:3954} INFO - Setting next_dagrun for tutorial_objectstorage to None, run_after=None
[2024-04-17T10:11:11.183-0300] {processor.py:183} INFO - Processing /home/lborba/.cache/pypoetry/virtualenvs/airflow-tutorial-3ROeDTU8-py3.11/lib/python3.11/site-packages/airflow/example_dags/tutorial_objectstorage.py took 0.048 seconds
[2024-04-17T10:12:00.233-0300] {processor.py:161} INFO - Started process (PID=23953) to work on /home/lborba/.cache/pypoetry/virtualenvs/airflow-tutorial-3ROeDTU8-py3.11/lib/python3.11/site-packages/airflow/example_dags/tutorial_objectstorage.py
[2024-04-17T10:12:00.239-0300] {processor.py:830} INFO - Processing file /home/lborba/.cache/pypoetry/virtualenvs/airflow-tutorial-3ROeDTU8-py3.11/lib/python3.11/site-packages/airflow/example_dags/tutorial_objectstorage.py for tasks to queue
[2024-04-17T10:12:00.241-0300] {logging_mixin.py:188} INFO - [2024-04-17T10:12:00.241-0300] {dagbag.py:540} INFO - Filling up the DagBag from /home/lborba/.cache/pypoetry/virtualenvs/airflow-tutorial-3ROeDTU8-py3.11/lib/python3.11/site-packages/airflow/example_dags/tutorial_objectstorage.py
[2024-04-17T10:12:00.248-0300] {processor.py:840} INFO - DAG(s) 'tutorial_objectstorage' retrieved from /home/lborba/.cache/pypoetry/virtualenvs/airflow-tutorial-3ROeDTU8-py3.11/lib/python3.11/site-packages/airflow/example_dags/tutorial_objectstorage.py
[2024-04-17T10:12:00.261-0300] {logging_mixin.py:188} INFO - [2024-04-17T10:12:00.260-0300] {dag.py:3096} INFO - Sync 1 DAGs
[2024-04-17T10:12:00.269-0300] {logging_mixin.py:188} INFO - [2024-04-17T10:12:00.269-0300] {dag.py:3954} INFO - Setting next_dagrun for tutorial_objectstorage to None, run_after=None
[2024-04-17T10:12:00.293-0300] {processor.py:183} INFO - Processing /home/lborba/.cache/pypoetry/virtualenvs/airflow-tutorial-3ROeDTU8-py3.11/lib/python3.11/site-packages/airflow/example_dags/tutorial_objectstorage.py took 0.064 seconds
[2024-04-17T10:12:51.152-0300] {processor.py:161} INFO - Started process (PID=24791) to work on /home/lborba/.cache/pypoetry/virtualenvs/airflow-tutorial-3ROeDTU8-py3.11/lib/python3.11/site-packages/airflow/example_dags/tutorial_objectstorage.py
[2024-04-17T10:12:51.153-0300] {processor.py:830} INFO - Processing file /home/lborba/.cache/pypoetry/virtualenvs/airflow-tutorial-3ROeDTU8-py3.11/lib/python3.11/site-packages/airflow/example_dags/tutorial_objectstorage.py for tasks to queue
[2024-04-17T10:12:51.154-0300] {logging_mixin.py:188} INFO - [2024-04-17T10:12:51.154-0300] {dagbag.py:540} INFO - Filling up the DagBag from /home/lborba/.cache/pypoetry/virtualenvs/airflow-tutorial-3ROeDTU8-py3.11/lib/python3.11/site-packages/airflow/example_dags/tutorial_objectstorage.py
[2024-04-17T10:12:51.161-0300] {processor.py:840} INFO - DAG(s) 'tutorial_objectstorage' retrieved from /home/lborba/.cache/pypoetry/virtualenvs/airflow-tutorial-3ROeDTU8-py3.11/lib/python3.11/site-packages/airflow/example_dags/tutorial_objectstorage.py
[2024-04-17T10:12:51.170-0300] {logging_mixin.py:188} INFO - [2024-04-17T10:12:51.170-0300] {dag.py:3096} INFO - Sync 1 DAGs
[2024-04-17T10:12:51.178-0300] {logging_mixin.py:188} INFO - [2024-04-17T10:12:51.178-0300] {dag.py:3954} INFO - Setting next_dagrun for tutorial_objectstorage to None, run_after=None
[2024-04-17T10:12:51.195-0300] {processor.py:183} INFO - Processing /home/lborba/.cache/pypoetry/virtualenvs/airflow-tutorial-3ROeDTU8-py3.11/lib/python3.11/site-packages/airflow/example_dags/tutorial_objectstorage.py took 0.049 seconds
[2024-04-17T10:13:37.940-0300] {processor.py:161} INFO - Started process (PID=25441) to work on /home/lborba/.cache/pypoetry/virtualenvs/airflow-tutorial-3ROeDTU8-py3.11/lib/python3.11/site-packages/airflow/example_dags/tutorial_objectstorage.py
[2024-04-17T10:13:37.946-0300] {processor.py:830} INFO - Processing file /home/lborba/.cache/pypoetry/virtualenvs/airflow-tutorial-3ROeDTU8-py3.11/lib/python3.11/site-packages/airflow/example_dags/tutorial_objectstorage.py for tasks to queue
[2024-04-17T10:13:37.947-0300] {logging_mixin.py:188} INFO - [2024-04-17T10:13:37.947-0300] {dagbag.py:540} INFO - Filling up the DagBag from /home/lborba/.cache/pypoetry/virtualenvs/airflow-tutorial-3ROeDTU8-py3.11/lib/python3.11/site-packages/airflow/example_dags/tutorial_objectstorage.py
[2024-04-17T10:13:37.952-0300] {processor.py:840} INFO - DAG(s) 'tutorial_objectstorage' retrieved from /home/lborba/.cache/pypoetry/virtualenvs/airflow-tutorial-3ROeDTU8-py3.11/lib/python3.11/site-packages/airflow/example_dags/tutorial_objectstorage.py
[2024-04-17T10:13:37.964-0300] {logging_mixin.py:188} INFO - [2024-04-17T10:13:37.964-0300] {dag.py:3096} INFO - Sync 1 DAGs
[2024-04-17T10:13:37.976-0300] {logging_mixin.py:188} INFO - [2024-04-17T10:13:37.975-0300] {dag.py:3954} INFO - Setting next_dagrun for tutorial_objectstorage to None, run_after=None
[2024-04-17T10:13:37.998-0300] {processor.py:183} INFO - Processing /home/lborba/.cache/pypoetry/virtualenvs/airflow-tutorial-3ROeDTU8-py3.11/lib/python3.11/site-packages/airflow/example_dags/tutorial_objectstorage.py took 0.062 seconds
[2024-04-17T10:14:35.464-0300] {processor.py:161} INFO - Started process (PID=26104) to work on /home/lborba/.cache/pypoetry/virtualenvs/airflow-tutorial-3ROeDTU8-py3.11/lib/python3.11/site-packages/airflow/example_dags/tutorial_objectstorage.py
[2024-04-17T10:14:35.470-0300] {processor.py:830} INFO - Processing file /home/lborba/.cache/pypoetry/virtualenvs/airflow-tutorial-3ROeDTU8-py3.11/lib/python3.11/site-packages/airflow/example_dags/tutorial_objectstorage.py for tasks to queue
[2024-04-17T10:14:35.471-0300] {logging_mixin.py:188} INFO - [2024-04-17T10:14:35.471-0300] {dagbag.py:540} INFO - Filling up the DagBag from /home/lborba/.cache/pypoetry/virtualenvs/airflow-tutorial-3ROeDTU8-py3.11/lib/python3.11/site-packages/airflow/example_dags/tutorial_objectstorage.py
[2024-04-17T10:14:35.476-0300] {processor.py:840} INFO - DAG(s) 'tutorial_objectstorage' retrieved from /home/lborba/.cache/pypoetry/virtualenvs/airflow-tutorial-3ROeDTU8-py3.11/lib/python3.11/site-packages/airflow/example_dags/tutorial_objectstorage.py
[2024-04-17T10:14:35.487-0300] {logging_mixin.py:188} INFO - [2024-04-17T10:14:35.486-0300] {dag.py:3096} INFO - Sync 1 DAGs
[2024-04-17T10:14:35.495-0300] {logging_mixin.py:188} INFO - [2024-04-17T10:14:35.495-0300] {dag.py:3954} INFO - Setting next_dagrun for tutorial_objectstorage to None, run_after=None
[2024-04-17T10:14:35.515-0300] {processor.py:183} INFO - Processing /home/lborba/.cache/pypoetry/virtualenvs/airflow-tutorial-3ROeDTU8-py3.11/lib/python3.11/site-packages/airflow/example_dags/tutorial_objectstorage.py took 0.056 seconds
[2024-04-17T10:15:33.534-0300] {processor.py:161} INFO - Started process (PID=26700) to work on /home/lborba/.cache/pypoetry/virtualenvs/airflow-tutorial-3ROeDTU8-py3.11/lib/python3.11/site-packages/airflow/example_dags/tutorial_objectstorage.py
[2024-04-17T10:15:33.536-0300] {processor.py:830} INFO - Processing file /home/lborba/.cache/pypoetry/virtualenvs/airflow-tutorial-3ROeDTU8-py3.11/lib/python3.11/site-packages/airflow/example_dags/tutorial_objectstorage.py for tasks to queue
[2024-04-17T10:15:33.537-0300] {logging_mixin.py:188} INFO - [2024-04-17T10:15:33.537-0300] {dagbag.py:540} INFO - Filling up the DagBag from /home/lborba/.cache/pypoetry/virtualenvs/airflow-tutorial-3ROeDTU8-py3.11/lib/python3.11/site-packages/airflow/example_dags/tutorial_objectstorage.py
[2024-04-17T10:15:33.543-0300] {processor.py:840} INFO - DAG(s) 'tutorial_objectstorage' retrieved from /home/lborba/.cache/pypoetry/virtualenvs/airflow-tutorial-3ROeDTU8-py3.11/lib/python3.11/site-packages/airflow/example_dags/tutorial_objectstorage.py
[2024-04-17T10:15:33.645-0300] {logging_mixin.py:188} INFO - [2024-04-17T10:15:33.645-0300] {dag.py:3096} INFO - Sync 1 DAGs
[2024-04-17T10:15:33.652-0300] {logging_mixin.py:188} INFO - [2024-04-17T10:15:33.652-0300] {dag.py:3954} INFO - Setting next_dagrun for tutorial_objectstorage to None, run_after=None
[2024-04-17T10:15:33.676-0300] {processor.py:183} INFO - Processing /home/lborba/.cache/pypoetry/virtualenvs/airflow-tutorial-3ROeDTU8-py3.11/lib/python3.11/site-packages/airflow/example_dags/tutorial_objectstorage.py took 0.147 seconds
[2024-04-17T10:16:16.334-0300] {processor.py:161} INFO - Started process (PID=27060) to work on /home/lborba/.cache/pypoetry/virtualenvs/airflow-tutorial-3ROeDTU8-py3.11/lib/python3.11/site-packages/airflow/example_dags/tutorial_objectstorage.py
[2024-04-17T10:16:16.336-0300] {processor.py:830} INFO - Processing file /home/lborba/.cache/pypoetry/virtualenvs/airflow-tutorial-3ROeDTU8-py3.11/lib/python3.11/site-packages/airflow/example_dags/tutorial_objectstorage.py for tasks to queue
[2024-04-17T10:16:16.340-0300] {logging_mixin.py:188} INFO - [2024-04-17T10:16:16.339-0300] {dagbag.py:540} INFO - Filling up the DagBag from /home/lborba/.cache/pypoetry/virtualenvs/airflow-tutorial-3ROeDTU8-py3.11/lib/python3.11/site-packages/airflow/example_dags/tutorial_objectstorage.py
[2024-04-17T10:16:16.346-0300] {processor.py:840} INFO - DAG(s) 'tutorial_objectstorage' retrieved from /home/lborba/.cache/pypoetry/virtualenvs/airflow-tutorial-3ROeDTU8-py3.11/lib/python3.11/site-packages/airflow/example_dags/tutorial_objectstorage.py
[2024-04-17T10:16:16.360-0300] {logging_mixin.py:188} INFO - [2024-04-17T10:16:16.360-0300] {dag.py:3096} INFO - Sync 1 DAGs
[2024-04-17T10:16:16.369-0300] {logging_mixin.py:188} INFO - [2024-04-17T10:16:16.369-0300] {dag.py:3954} INFO - Setting next_dagrun for tutorial_objectstorage to None, run_after=None
[2024-04-17T10:16:16.387-0300] {processor.py:183} INFO - Processing /home/lborba/.cache/pypoetry/virtualenvs/airflow-tutorial-3ROeDTU8-py3.11/lib/python3.11/site-packages/airflow/example_dags/tutorial_objectstorage.py took 0.058 seconds
[2024-04-17T10:16:57.854-0300] {processor.py:161} INFO - Started process (PID=27408) to work on /home/lborba/.cache/pypoetry/virtualenvs/airflow-tutorial-3ROeDTU8-py3.11/lib/python3.11/site-packages/airflow/example_dags/tutorial_objectstorage.py
[2024-04-17T10:16:57.860-0300] {processor.py:830} INFO - Processing file /home/lborba/.cache/pypoetry/virtualenvs/airflow-tutorial-3ROeDTU8-py3.11/lib/python3.11/site-packages/airflow/example_dags/tutorial_objectstorage.py for tasks to queue
[2024-04-17T10:16:57.862-0300] {logging_mixin.py:188} INFO - [2024-04-17T10:16:57.861-0300] {dagbag.py:540} INFO - Filling up the DagBag from /home/lborba/.cache/pypoetry/virtualenvs/airflow-tutorial-3ROeDTU8-py3.11/lib/python3.11/site-packages/airflow/example_dags/tutorial_objectstorage.py
[2024-04-17T10:16:57.872-0300] {processor.py:840} INFO - DAG(s) 'tutorial_objectstorage' retrieved from /home/lborba/.cache/pypoetry/virtualenvs/airflow-tutorial-3ROeDTU8-py3.11/lib/python3.11/site-packages/airflow/example_dags/tutorial_objectstorage.py
[2024-04-17T10:16:57.886-0300] {logging_mixin.py:188} INFO - [2024-04-17T10:16:57.886-0300] {dag.py:3096} INFO - Sync 1 DAGs
[2024-04-17T10:16:57.894-0300] {logging_mixin.py:188} INFO - [2024-04-17T10:16:57.894-0300] {dag.py:3954} INFO - Setting next_dagrun for tutorial_objectstorage to None, run_after=None
[2024-04-17T10:16:57.910-0300] {processor.py:183} INFO - Processing /home/lborba/.cache/pypoetry/virtualenvs/airflow-tutorial-3ROeDTU8-py3.11/lib/python3.11/site-packages/airflow/example_dags/tutorial_objectstorage.py took 0.060 seconds
[2024-04-17T10:17:55.307-0300] {processor.py:161} INFO - Started process (PID=27902) to work on /home/lborba/.cache/pypoetry/virtualenvs/airflow-tutorial-3ROeDTU8-py3.11/lib/python3.11/site-packages/airflow/example_dags/tutorial_objectstorage.py
[2024-04-17T10:17:55.313-0300] {processor.py:830} INFO - Processing file /home/lborba/.cache/pypoetry/virtualenvs/airflow-tutorial-3ROeDTU8-py3.11/lib/python3.11/site-packages/airflow/example_dags/tutorial_objectstorage.py for tasks to queue
[2024-04-17T10:17:55.315-0300] {logging_mixin.py:188} INFO - [2024-04-17T10:17:55.314-0300] {dagbag.py:540} INFO - Filling up the DagBag from /home/lborba/.cache/pypoetry/virtualenvs/airflow-tutorial-3ROeDTU8-py3.11/lib/python3.11/site-packages/airflow/example_dags/tutorial_objectstorage.py
[2024-04-17T10:17:55.320-0300] {processor.py:840} INFO - DAG(s) 'tutorial_objectstorage' retrieved from /home/lborba/.cache/pypoetry/virtualenvs/airflow-tutorial-3ROeDTU8-py3.11/lib/python3.11/site-packages/airflow/example_dags/tutorial_objectstorage.py
[2024-04-17T10:17:55.331-0300] {logging_mixin.py:188} INFO - [2024-04-17T10:17:55.331-0300] {dag.py:3096} INFO - Sync 1 DAGs
[2024-04-17T10:17:55.340-0300] {logging_mixin.py:188} INFO - [2024-04-17T10:17:55.339-0300] {dag.py:3954} INFO - Setting next_dagrun for tutorial_objectstorage to None, run_after=None
[2024-04-17T10:17:55.358-0300] {processor.py:183} INFO - Processing /home/lborba/.cache/pypoetry/virtualenvs/airflow-tutorial-3ROeDTU8-py3.11/lib/python3.11/site-packages/airflow/example_dags/tutorial_objectstorage.py took 0.057 seconds
[2024-04-17T10:18:35.844-0300] {processor.py:161} INFO - Started process (PID=28246) to work on /home/lborba/.cache/pypoetry/virtualenvs/airflow-tutorial-3ROeDTU8-py3.11/lib/python3.11/site-packages/airflow/example_dags/tutorial_objectstorage.py
[2024-04-17T10:18:35.845-0300] {processor.py:830} INFO - Processing file /home/lborba/.cache/pypoetry/virtualenvs/airflow-tutorial-3ROeDTU8-py3.11/lib/python3.11/site-packages/airflow/example_dags/tutorial_objectstorage.py for tasks to queue
[2024-04-17T10:18:35.846-0300] {logging_mixin.py:188} INFO - [2024-04-17T10:18:35.846-0300] {dagbag.py:540} INFO - Filling up the DagBag from /home/lborba/.cache/pypoetry/virtualenvs/airflow-tutorial-3ROeDTU8-py3.11/lib/python3.11/site-packages/airflow/example_dags/tutorial_objectstorage.py
[2024-04-17T10:18:35.851-0300] {processor.py:840} INFO - DAG(s) 'tutorial_objectstorage' retrieved from /home/lborba/.cache/pypoetry/virtualenvs/airflow-tutorial-3ROeDTU8-py3.11/lib/python3.11/site-packages/airflow/example_dags/tutorial_objectstorage.py
[2024-04-17T10:18:35.862-0300] {logging_mixin.py:188} INFO - [2024-04-17T10:18:35.862-0300] {dag.py:3096} INFO - Sync 1 DAGs
[2024-04-17T10:18:35.870-0300] {logging_mixin.py:188} INFO - [2024-04-17T10:18:35.870-0300] {dag.py:3954} INFO - Setting next_dagrun for tutorial_objectstorage to None, run_after=None
[2024-04-17T10:18:35.888-0300] {processor.py:183} INFO - Processing /home/lborba/.cache/pypoetry/virtualenvs/airflow-tutorial-3ROeDTU8-py3.11/lib/python3.11/site-packages/airflow/example_dags/tutorial_objectstorage.py took 0.049 seconds
[2024-04-17T10:19:16.348-0300] {processor.py:161} INFO - Started process (PID=28587) to work on /home/lborba/.cache/pypoetry/virtualenvs/airflow-tutorial-3ROeDTU8-py3.11/lib/python3.11/site-packages/airflow/example_dags/tutorial_objectstorage.py
[2024-04-17T10:19:16.350-0300] {processor.py:830} INFO - Processing file /home/lborba/.cache/pypoetry/virtualenvs/airflow-tutorial-3ROeDTU8-py3.11/lib/python3.11/site-packages/airflow/example_dags/tutorial_objectstorage.py for tasks to queue
[2024-04-17T10:19:16.351-0300] {logging_mixin.py:188} INFO - [2024-04-17T10:19:16.351-0300] {dagbag.py:540} INFO - Filling up the DagBag from /home/lborba/.cache/pypoetry/virtualenvs/airflow-tutorial-3ROeDTU8-py3.11/lib/python3.11/site-packages/airflow/example_dags/tutorial_objectstorage.py
[2024-04-17T10:19:16.357-0300] {processor.py:840} INFO - DAG(s) 'tutorial_objectstorage' retrieved from /home/lborba/.cache/pypoetry/virtualenvs/airflow-tutorial-3ROeDTU8-py3.11/lib/python3.11/site-packages/airflow/example_dags/tutorial_objectstorage.py
[2024-04-17T10:19:16.367-0300] {logging_mixin.py:188} INFO - [2024-04-17T10:19:16.367-0300] {dag.py:3096} INFO - Sync 1 DAGs
[2024-04-17T10:19:16.376-0300] {logging_mixin.py:188} INFO - [2024-04-17T10:19:16.375-0300] {dag.py:3954} INFO - Setting next_dagrun for tutorial_objectstorage to None, run_after=None
[2024-04-17T10:19:16.392-0300] {processor.py:183} INFO - Processing /home/lborba/.cache/pypoetry/virtualenvs/airflow-tutorial-3ROeDTU8-py3.11/lib/python3.11/site-packages/airflow/example_dags/tutorial_objectstorage.py took 0.048 seconds
[2024-04-17T10:19:56.445-0300] {processor.py:161} INFO - Started process (PID=28957) to work on /home/lborba/.cache/pypoetry/virtualenvs/airflow-tutorial-3ROeDTU8-py3.11/lib/python3.11/site-packages/airflow/example_dags/tutorial_objectstorage.py
[2024-04-17T10:19:56.451-0300] {processor.py:830} INFO - Processing file /home/lborba/.cache/pypoetry/virtualenvs/airflow-tutorial-3ROeDTU8-py3.11/lib/python3.11/site-packages/airflow/example_dags/tutorial_objectstorage.py for tasks to queue
[2024-04-17T10:19:56.452-0300] {logging_mixin.py:188} INFO - [2024-04-17T10:19:56.452-0300] {dagbag.py:540} INFO - Filling up the DagBag from /home/lborba/.cache/pypoetry/virtualenvs/airflow-tutorial-3ROeDTU8-py3.11/lib/python3.11/site-packages/airflow/example_dags/tutorial_objectstorage.py
[2024-04-17T10:19:56.459-0300] {processor.py:840} INFO - DAG(s) 'tutorial_objectstorage' retrieved from /home/lborba/.cache/pypoetry/virtualenvs/airflow-tutorial-3ROeDTU8-py3.11/lib/python3.11/site-packages/airflow/example_dags/tutorial_objectstorage.py
[2024-04-17T10:19:56.470-0300] {logging_mixin.py:188} INFO - [2024-04-17T10:19:56.470-0300] {dag.py:3096} INFO - Sync 1 DAGs
[2024-04-17T10:19:56.479-0300] {logging_mixin.py:188} INFO - [2024-04-17T10:19:56.479-0300] {dag.py:3954} INFO - Setting next_dagrun for tutorial_objectstorage to None, run_after=None
[2024-04-17T10:19:56.496-0300] {processor.py:183} INFO - Processing /home/lborba/.cache/pypoetry/virtualenvs/airflow-tutorial-3ROeDTU8-py3.11/lib/python3.11/site-packages/airflow/example_dags/tutorial_objectstorage.py took 0.055 seconds
[2024-04-17T10:20:50.744-0300] {processor.py:161} INFO - Started process (PID=29423) to work on /home/lborba/.cache/pypoetry/virtualenvs/airflow-tutorial-3ROeDTU8-py3.11/lib/python3.11/site-packages/airflow/example_dags/tutorial_objectstorage.py
[2024-04-17T10:20:50.745-0300] {processor.py:830} INFO - Processing file /home/lborba/.cache/pypoetry/virtualenvs/airflow-tutorial-3ROeDTU8-py3.11/lib/python3.11/site-packages/airflow/example_dags/tutorial_objectstorage.py for tasks to queue
[2024-04-17T10:20:50.747-0300] {logging_mixin.py:188} INFO - [2024-04-17T10:20:50.746-0300] {dagbag.py:540} INFO - Filling up the DagBag from /home/lborba/.cache/pypoetry/virtualenvs/airflow-tutorial-3ROeDTU8-py3.11/lib/python3.11/site-packages/airflow/example_dags/tutorial_objectstorage.py
[2024-04-17T10:20:50.753-0300] {processor.py:840} INFO - DAG(s) 'tutorial_objectstorage' retrieved from /home/lborba/.cache/pypoetry/virtualenvs/airflow-tutorial-3ROeDTU8-py3.11/lib/python3.11/site-packages/airflow/example_dags/tutorial_objectstorage.py
[2024-04-17T10:20:50.764-0300] {logging_mixin.py:188} INFO - [2024-04-17T10:20:50.763-0300] {dag.py:3096} INFO - Sync 1 DAGs
[2024-04-17T10:20:50.773-0300] {logging_mixin.py:188} INFO - [2024-04-17T10:20:50.773-0300] {dag.py:3954} INFO - Setting next_dagrun for tutorial_objectstorage to None, run_after=None
[2024-04-17T10:20:50.789-0300] {processor.py:183} INFO - Processing /home/lborba/.cache/pypoetry/virtualenvs/airflow-tutorial-3ROeDTU8-py3.11/lib/python3.11/site-packages/airflow/example_dags/tutorial_objectstorage.py took 0.050 seconds
[2024-04-17T10:21:31.382-0300] {processor.py:161} INFO - Started process (PID=29762) to work on /home/lborba/.cache/pypoetry/virtualenvs/airflow-tutorial-3ROeDTU8-py3.11/lib/python3.11/site-packages/airflow/example_dags/tutorial_objectstorage.py
[2024-04-17T10:21:31.383-0300] {processor.py:830} INFO - Processing file /home/lborba/.cache/pypoetry/virtualenvs/airflow-tutorial-3ROeDTU8-py3.11/lib/python3.11/site-packages/airflow/example_dags/tutorial_objectstorage.py for tasks to queue
[2024-04-17T10:21:31.385-0300] {logging_mixin.py:188} INFO - [2024-04-17T10:21:31.384-0300] {dagbag.py:540} INFO - Filling up the DagBag from /home/lborba/.cache/pypoetry/virtualenvs/airflow-tutorial-3ROeDTU8-py3.11/lib/python3.11/site-packages/airflow/example_dags/tutorial_objectstorage.py
[2024-04-17T10:21:31.390-0300] {processor.py:840} INFO - DAG(s) 'tutorial_objectstorage' retrieved from /home/lborba/.cache/pypoetry/virtualenvs/airflow-tutorial-3ROeDTU8-py3.11/lib/python3.11/site-packages/airflow/example_dags/tutorial_objectstorage.py
[2024-04-17T10:21:31.401-0300] {logging_mixin.py:188} INFO - [2024-04-17T10:21:31.401-0300] {dag.py:3096} INFO - Sync 1 DAGs
[2024-04-17T10:21:31.410-0300] {logging_mixin.py:188} INFO - [2024-04-17T10:21:31.409-0300] {dag.py:3954} INFO - Setting next_dagrun for tutorial_objectstorage to None, run_after=None
[2024-04-17T10:21:31.429-0300] {processor.py:183} INFO - Processing /home/lborba/.cache/pypoetry/virtualenvs/airflow-tutorial-3ROeDTU8-py3.11/lib/python3.11/site-packages/airflow/example_dags/tutorial_objectstorage.py took 0.051 seconds
[2024-04-17T10:22:28.333-0300] {processor.py:161} INFO - Started process (PID=30246) to work on /home/lborba/.cache/pypoetry/virtualenvs/airflow-tutorial-3ROeDTU8-py3.11/lib/python3.11/site-packages/airflow/example_dags/tutorial_objectstorage.py
[2024-04-17T10:22:28.338-0300] {processor.py:830} INFO - Processing file /home/lborba/.cache/pypoetry/virtualenvs/airflow-tutorial-3ROeDTU8-py3.11/lib/python3.11/site-packages/airflow/example_dags/tutorial_objectstorage.py for tasks to queue
[2024-04-17T10:22:28.339-0300] {logging_mixin.py:188} INFO - [2024-04-17T10:22:28.339-0300] {dagbag.py:540} INFO - Filling up the DagBag from /home/lborba/.cache/pypoetry/virtualenvs/airflow-tutorial-3ROeDTU8-py3.11/lib/python3.11/site-packages/airflow/example_dags/tutorial_objectstorage.py
[2024-04-17T10:22:28.345-0300] {processor.py:840} INFO - DAG(s) 'tutorial_objectstorage' retrieved from /home/lborba/.cache/pypoetry/virtualenvs/airflow-tutorial-3ROeDTU8-py3.11/lib/python3.11/site-packages/airflow/example_dags/tutorial_objectstorage.py
[2024-04-17T10:22:28.356-0300] {logging_mixin.py:188} INFO - [2024-04-17T10:22:28.355-0300] {dag.py:3096} INFO - Sync 1 DAGs
[2024-04-17T10:22:28.364-0300] {logging_mixin.py:188} INFO - [2024-04-17T10:22:28.363-0300] {dag.py:3954} INFO - Setting next_dagrun for tutorial_objectstorage to None, run_after=None
[2024-04-17T10:22:28.380-0300] {processor.py:183} INFO - Processing /home/lborba/.cache/pypoetry/virtualenvs/airflow-tutorial-3ROeDTU8-py3.11/lib/python3.11/site-packages/airflow/example_dags/tutorial_objectstorage.py took 0.053 seconds
[2024-04-17T10:23:09.008-0300] {processor.py:161} INFO - Started process (PID=30587) to work on /home/lborba/.cache/pypoetry/virtualenvs/airflow-tutorial-3ROeDTU8-py3.11/lib/python3.11/site-packages/airflow/example_dags/tutorial_objectstorage.py
[2024-04-17T10:23:09.016-0300] {processor.py:830} INFO - Processing file /home/lborba/.cache/pypoetry/virtualenvs/airflow-tutorial-3ROeDTU8-py3.11/lib/python3.11/site-packages/airflow/example_dags/tutorial_objectstorage.py for tasks to queue
[2024-04-17T10:23:09.017-0300] {logging_mixin.py:188} INFO - [2024-04-17T10:23:09.017-0300] {dagbag.py:540} INFO - Filling up the DagBag from /home/lborba/.cache/pypoetry/virtualenvs/airflow-tutorial-3ROeDTU8-py3.11/lib/python3.11/site-packages/airflow/example_dags/tutorial_objectstorage.py
[2024-04-17T10:23:09.027-0300] {processor.py:840} INFO - DAG(s) 'tutorial_objectstorage' retrieved from /home/lborba/.cache/pypoetry/virtualenvs/airflow-tutorial-3ROeDTU8-py3.11/lib/python3.11/site-packages/airflow/example_dags/tutorial_objectstorage.py
[2024-04-17T10:23:09.060-0300] {logging_mixin.py:188} INFO - [2024-04-17T10:23:09.059-0300] {dag.py:3096} INFO - Sync 1 DAGs
[2024-04-17T10:23:09.076-0300] {logging_mixin.py:188} INFO - [2024-04-17T10:23:09.075-0300] {dag.py:3954} INFO - Setting next_dagrun for tutorial_objectstorage to None, run_after=None
[2024-04-17T10:23:09.102-0300] {processor.py:183} INFO - Processing /home/lborba/.cache/pypoetry/virtualenvs/airflow-tutorial-3ROeDTU8-py3.11/lib/python3.11/site-packages/airflow/example_dags/tutorial_objectstorage.py took 0.103 seconds
[2024-04-17T10:24:08.539-0300] {processor.py:161} INFO - Started process (PID=31090) to work on /home/lborba/.cache/pypoetry/virtualenvs/airflow-tutorial-3ROeDTU8-py3.11/lib/python3.11/site-packages/airflow/example_dags/tutorial_objectstorage.py
[2024-04-17T10:24:08.547-0300] {processor.py:830} INFO - Processing file /home/lborba/.cache/pypoetry/virtualenvs/airflow-tutorial-3ROeDTU8-py3.11/lib/python3.11/site-packages/airflow/example_dags/tutorial_objectstorage.py for tasks to queue
[2024-04-17T10:24:08.550-0300] {logging_mixin.py:188} INFO - [2024-04-17T10:24:08.550-0300] {dagbag.py:540} INFO - Filling up the DagBag from /home/lborba/.cache/pypoetry/virtualenvs/airflow-tutorial-3ROeDTU8-py3.11/lib/python3.11/site-packages/airflow/example_dags/tutorial_objectstorage.py
[2024-04-17T10:24:08.556-0300] {processor.py:840} INFO - DAG(s) 'tutorial_objectstorage' retrieved from /home/lborba/.cache/pypoetry/virtualenvs/airflow-tutorial-3ROeDTU8-py3.11/lib/python3.11/site-packages/airflow/example_dags/tutorial_objectstorage.py
[2024-04-17T10:24:08.571-0300] {logging_mixin.py:188} INFO - [2024-04-17T10:24:08.571-0300] {dag.py:3096} INFO - Sync 1 DAGs
[2024-04-17T10:24:08.581-0300] {logging_mixin.py:188} INFO - [2024-04-17T10:24:08.581-0300] {dag.py:3954} INFO - Setting next_dagrun for tutorial_objectstorage to None, run_after=None
[2024-04-17T10:24:08.604-0300] {processor.py:183} INFO - Processing /home/lborba/.cache/pypoetry/virtualenvs/airflow-tutorial-3ROeDTU8-py3.11/lib/python3.11/site-packages/airflow/example_dags/tutorial_objectstorage.py took 0.071 seconds
[2024-04-17T10:25:02.828-0300] {processor.py:161} INFO - Started process (PID=31582) to work on /home/lborba/.cache/pypoetry/virtualenvs/airflow-tutorial-3ROeDTU8-py3.11/lib/python3.11/site-packages/airflow/example_dags/tutorial_objectstorage.py
[2024-04-17T10:25:02.834-0300] {processor.py:830} INFO - Processing file /home/lborba/.cache/pypoetry/virtualenvs/airflow-tutorial-3ROeDTU8-py3.11/lib/python3.11/site-packages/airflow/example_dags/tutorial_objectstorage.py for tasks to queue
[2024-04-17T10:25:02.836-0300] {logging_mixin.py:188} INFO - [2024-04-17T10:25:02.835-0300] {dagbag.py:540} INFO - Filling up the DagBag from /home/lborba/.cache/pypoetry/virtualenvs/airflow-tutorial-3ROeDTU8-py3.11/lib/python3.11/site-packages/airflow/example_dags/tutorial_objectstorage.py
[2024-04-17T10:25:02.841-0300] {processor.py:840} INFO - DAG(s) 'tutorial_objectstorage' retrieved from /home/lborba/.cache/pypoetry/virtualenvs/airflow-tutorial-3ROeDTU8-py3.11/lib/python3.11/site-packages/airflow/example_dags/tutorial_objectstorage.py
[2024-04-17T10:25:02.854-0300] {logging_mixin.py:188} INFO - [2024-04-17T10:25:02.854-0300] {dag.py:3096} INFO - Sync 1 DAGs
[2024-04-17T10:25:02.862-0300] {logging_mixin.py:188} INFO - [2024-04-17T10:25:02.862-0300] {dag.py:3954} INFO - Setting next_dagrun for tutorial_objectstorage to None, run_after=None
[2024-04-17T10:25:02.880-0300] {processor.py:183} INFO - Processing /home/lborba/.cache/pypoetry/virtualenvs/airflow-tutorial-3ROeDTU8-py3.11/lib/python3.11/site-packages/airflow/example_dags/tutorial_objectstorage.py took 0.056 seconds
