[2024-04-17T10:10:25.103-0300] {processor.py:161} INFO - Started process (PID=23200) to work on /home/lborba/.cache/pypoetry/virtualenvs/airflow-tutorial-3ROeDTU8-py3.11/lib/python3.11/site-packages/airflow/example_dags/tutorial_dag.py
[2024-04-17T10:10:25.104-0300] {processor.py:830} INFO - Processing file /home/lborba/.cache/pypoetry/virtualenvs/airflow-tutorial-3ROeDTU8-py3.11/lib/python3.11/site-packages/airflow/example_dags/tutorial_dag.py for tasks to queue
[2024-04-17T10:10:25.105-0300] {logging_mixin.py:188} INFO - [2024-04-17T10:10:25.105-0300] {dagbag.py:540} INFO - Filling up the DagBag from /home/lborba/.cache/pypoetry/virtualenvs/airflow-tutorial-3ROeDTU8-py3.11/lib/python3.11/site-packages/airflow/example_dags/tutorial_dag.py
[2024-04-17T10:10:25.112-0300] {processor.py:840} INFO - DAG(s) 'tutorial_dag' retrieved from /home/lborba/.cache/pypoetry/virtualenvs/airflow-tutorial-3ROeDTU8-py3.11/lib/python3.11/site-packages/airflow/example_dags/tutorial_dag.py
[2024-04-17T10:10:25.193-0300] {logging_mixin.py:188} INFO - [2024-04-17T10:10:25.192-0300] {override.py:1829} INFO - Created Permission View: can edit on DAG:tutorial_dag
[2024-04-17T10:10:25.208-0300] {logging_mixin.py:188} INFO - [2024-04-17T10:10:25.207-0300] {override.py:1829} INFO - Created Permission View: can delete on DAG:tutorial_dag
[2024-04-17T10:10:25.216-0300] {logging_mixin.py:188} INFO - [2024-04-17T10:10:25.216-0300] {override.py:1829} INFO - Created Permission View: can read on DAG:tutorial_dag
[2024-04-17T10:10:25.217-0300] {logging_mixin.py:188} INFO - [2024-04-17T10:10:25.217-0300] {dag.py:3096} INFO - Sync 1 DAGs
[2024-04-17T10:10:25.226-0300] {logging_mixin.py:188} INFO - [2024-04-17T10:10:25.226-0300] {dag.py:3118} INFO - Creating ORM DAG for tutorial_dag
[2024-04-17T10:10:25.226-0300] {logging_mixin.py:188} INFO - [2024-04-17T10:10:25.226-0300] {dag.py:3954} INFO - Setting next_dagrun for tutorial_dag to None, run_after=None
[2024-04-17T10:10:25.249-0300] {processor.py:183} INFO - Processing /home/lborba/.cache/pypoetry/virtualenvs/airflow-tutorial-3ROeDTU8-py3.11/lib/python3.11/site-packages/airflow/example_dags/tutorial_dag.py took 0.151 seconds
[2024-04-17T10:11:17.408-0300] {processor.py:161} INFO - Started process (PID=23613) to work on /home/lborba/.cache/pypoetry/virtualenvs/airflow-tutorial-3ROeDTU8-py3.11/lib/python3.11/site-packages/airflow/example_dags/tutorial_dag.py
[2024-04-17T10:11:17.414-0300] {processor.py:830} INFO - Processing file /home/lborba/.cache/pypoetry/virtualenvs/airflow-tutorial-3ROeDTU8-py3.11/lib/python3.11/site-packages/airflow/example_dags/tutorial_dag.py for tasks to queue
[2024-04-17T10:11:17.415-0300] {logging_mixin.py:188} INFO - [2024-04-17T10:11:17.415-0300] {dagbag.py:540} INFO - Filling up the DagBag from /home/lborba/.cache/pypoetry/virtualenvs/airflow-tutorial-3ROeDTU8-py3.11/lib/python3.11/site-packages/airflow/example_dags/tutorial_dag.py
[2024-04-17T10:11:17.419-0300] {processor.py:840} INFO - DAG(s) 'tutorial_dag' retrieved from /home/lborba/.cache/pypoetry/virtualenvs/airflow-tutorial-3ROeDTU8-py3.11/lib/python3.11/site-packages/airflow/example_dags/tutorial_dag.py
[2024-04-17T10:11:17.429-0300] {logging_mixin.py:188} INFO - [2024-04-17T10:11:17.429-0300] {dag.py:3096} INFO - Sync 1 DAGs
[2024-04-17T10:11:17.437-0300] {logging_mixin.py:188} INFO - [2024-04-17T10:11:17.437-0300] {dag.py:3954} INFO - Setting next_dagrun for tutorial_dag to None, run_after=None
[2024-04-17T10:11:17.454-0300] {processor.py:183} INFO - Processing /home/lborba/.cache/pypoetry/virtualenvs/airflow-tutorial-3ROeDTU8-py3.11/lib/python3.11/site-packages/airflow/example_dags/tutorial_dag.py took 0.050 seconds
[2024-04-17T10:12:07.637-0300] {processor.py:161} INFO - Started process (PID=24046) to work on /home/lborba/.cache/pypoetry/virtualenvs/airflow-tutorial-3ROeDTU8-py3.11/lib/python3.11/site-packages/airflow/example_dags/tutorial_dag.py
[2024-04-17T10:12:07.643-0300] {processor.py:830} INFO - Processing file /home/lborba/.cache/pypoetry/virtualenvs/airflow-tutorial-3ROeDTU8-py3.11/lib/python3.11/site-packages/airflow/example_dags/tutorial_dag.py for tasks to queue
[2024-04-17T10:12:07.645-0300] {logging_mixin.py:188} INFO - [2024-04-17T10:12:07.645-0300] {dagbag.py:540} INFO - Filling up the DagBag from /home/lborba/.cache/pypoetry/virtualenvs/airflow-tutorial-3ROeDTU8-py3.11/lib/python3.11/site-packages/airflow/example_dags/tutorial_dag.py
[2024-04-17T10:12:07.648-0300] {processor.py:840} INFO - DAG(s) 'tutorial_dag' retrieved from /home/lborba/.cache/pypoetry/virtualenvs/airflow-tutorial-3ROeDTU8-py3.11/lib/python3.11/site-packages/airflow/example_dags/tutorial_dag.py
[2024-04-17T10:12:07.659-0300] {logging_mixin.py:188} INFO - [2024-04-17T10:12:07.659-0300] {dag.py:3096} INFO - Sync 1 DAGs
[2024-04-17T10:12:07.668-0300] {logging_mixin.py:188} INFO - [2024-04-17T10:12:07.667-0300] {dag.py:3954} INFO - Setting next_dagrun for tutorial_dag to None, run_after=None
[2024-04-17T10:12:07.686-0300] {processor.py:183} INFO - Processing /home/lborba/.cache/pypoetry/virtualenvs/airflow-tutorial-3ROeDTU8-py3.11/lib/python3.11/site-packages/airflow/example_dags/tutorial_dag.py took 0.053 seconds
[2024-04-17T10:12:57.631-0300] {processor.py:161} INFO - Started process (PID=24877) to work on /home/lborba/.cache/pypoetry/virtualenvs/airflow-tutorial-3ROeDTU8-py3.11/lib/python3.11/site-packages/airflow/example_dags/tutorial_dag.py
[2024-04-17T10:12:57.633-0300] {processor.py:830} INFO - Processing file /home/lborba/.cache/pypoetry/virtualenvs/airflow-tutorial-3ROeDTU8-py3.11/lib/python3.11/site-packages/airflow/example_dags/tutorial_dag.py for tasks to queue
[2024-04-17T10:12:57.634-0300] {logging_mixin.py:188} INFO - [2024-04-17T10:12:57.634-0300] {dagbag.py:540} INFO - Filling up the DagBag from /home/lborba/.cache/pypoetry/virtualenvs/airflow-tutorial-3ROeDTU8-py3.11/lib/python3.11/site-packages/airflow/example_dags/tutorial_dag.py
[2024-04-17T10:12:57.639-0300] {processor.py:840} INFO - DAG(s) 'tutorial_dag' retrieved from /home/lborba/.cache/pypoetry/virtualenvs/airflow-tutorial-3ROeDTU8-py3.11/lib/python3.11/site-packages/airflow/example_dags/tutorial_dag.py
[2024-04-17T10:12:57.650-0300] {logging_mixin.py:188} INFO - [2024-04-17T10:12:57.650-0300] {dag.py:3096} INFO - Sync 1 DAGs
[2024-04-17T10:12:57.658-0300] {logging_mixin.py:188} INFO - [2024-04-17T10:12:57.658-0300] {dag.py:3954} INFO - Setting next_dagrun for tutorial_dag to None, run_after=None
[2024-04-17T10:12:57.678-0300] {processor.py:183} INFO - Processing /home/lborba/.cache/pypoetry/virtualenvs/airflow-tutorial-3ROeDTU8-py3.11/lib/python3.11/site-packages/airflow/example_dags/tutorial_dag.py took 0.054 seconds
