[2024-04-17T10:10:31.387-0300] {processor.py:161} INFO - Started process (PID=23248) to work on /home/lborba/.cache/pypoetry/virtualenvs/airflow-tutorial-3ROeDTU8-py3.11/lib/python3.11/site-packages/airflow/example_dags/tutorial_taskflow_api.py
[2024-04-17T10:10:31.388-0300] {processor.py:830} INFO - Processing file /home/lborba/.cache/pypoetry/virtualenvs/airflow-tutorial-3ROeDTU8-py3.11/lib/python3.11/site-packages/airflow/example_dags/tutorial_taskflow_api.py for tasks to queue
[2024-04-17T10:10:31.390-0300] {logging_mixin.py:188} INFO - [2024-04-17T10:10:31.389-0300] {dagbag.py:540} INFO - Filling up the DagBag from /home/lborba/.cache/pypoetry/virtualenvs/airflow-tutorial-3ROeDTU8-py3.11/lib/python3.11/site-packages/airflow/example_dags/tutorial_taskflow_api.py
[2024-04-17T10:10:31.400-0300] {processor.py:840} INFO - DAG(s) 'tutorial_taskflow_api' retrieved from /home/lborba/.cache/pypoetry/virtualenvs/airflow-tutorial-3ROeDTU8-py3.11/lib/python3.11/site-packages/airflow/example_dags/tutorial_taskflow_api.py
[2024-04-17T10:10:31.482-0300] {logging_mixin.py:188} INFO - [2024-04-17T10:10:31.481-0300] {override.py:1829} INFO - Created Permission View: can edit on DAG:tutorial_taskflow_api
[2024-04-17T10:10:31.495-0300] {logging_mixin.py:188} INFO - [2024-04-17T10:10:31.495-0300] {override.py:1829} INFO - Created Permission View: can delete on DAG:tutorial_taskflow_api
[2024-04-17T10:10:31.504-0300] {logging_mixin.py:188} INFO - [2024-04-17T10:10:31.503-0300] {override.py:1829} INFO - Created Permission View: can read on DAG:tutorial_taskflow_api
[2024-04-17T10:10:31.504-0300] {logging_mixin.py:188} INFO - [2024-04-17T10:10:31.504-0300] {dag.py:3096} INFO - Sync 1 DAGs
[2024-04-17T10:10:31.513-0300] {logging_mixin.py:188} INFO - [2024-04-17T10:10:31.512-0300] {dag.py:3118} INFO - Creating ORM DAG for tutorial_taskflow_api
[2024-04-17T10:10:31.513-0300] {logging_mixin.py:188} INFO - [2024-04-17T10:10:31.513-0300] {dag.py:3954} INFO - Setting next_dagrun for tutorial_taskflow_api to None, run_after=None
[2024-04-17T10:10:31.534-0300] {processor.py:183} INFO - Processing /home/lborba/.cache/pypoetry/virtualenvs/airflow-tutorial-3ROeDTU8-py3.11/lib/python3.11/site-packages/airflow/example_dags/tutorial_taskflow_api.py took 0.154 seconds
[2024-04-17T10:11:22.233-0300] {processor.py:161} INFO - Started process (PID=23648) to work on /home/lborba/.cache/pypoetry/virtualenvs/airflow-tutorial-3ROeDTU8-py3.11/lib/python3.11/site-packages/airflow/example_dags/tutorial_taskflow_api.py
[2024-04-17T10:11:22.238-0300] {processor.py:830} INFO - Processing file /home/lborba/.cache/pypoetry/virtualenvs/airflow-tutorial-3ROeDTU8-py3.11/lib/python3.11/site-packages/airflow/example_dags/tutorial_taskflow_api.py for tasks to queue
[2024-04-17T10:11:22.239-0300] {logging_mixin.py:188} INFO - [2024-04-17T10:11:22.239-0300] {dagbag.py:540} INFO - Filling up the DagBag from /home/lborba/.cache/pypoetry/virtualenvs/airflow-tutorial-3ROeDTU8-py3.11/lib/python3.11/site-packages/airflow/example_dags/tutorial_taskflow_api.py
[2024-04-17T10:11:22.243-0300] {processor.py:840} INFO - DAG(s) 'tutorial_taskflow_api' retrieved from /home/lborba/.cache/pypoetry/virtualenvs/airflow-tutorial-3ROeDTU8-py3.11/lib/python3.11/site-packages/airflow/example_dags/tutorial_taskflow_api.py
[2024-04-17T10:11:22.254-0300] {logging_mixin.py:188} INFO - [2024-04-17T10:11:22.254-0300] {dag.py:3096} INFO - Sync 1 DAGs
[2024-04-17T10:11:22.261-0300] {logging_mixin.py:188} INFO - [2024-04-17T10:11:22.261-0300] {dag.py:3954} INFO - Setting next_dagrun for tutorial_taskflow_api to None, run_after=None
[2024-04-17T10:11:22.278-0300] {processor.py:183} INFO - Processing /home/lborba/.cache/pypoetry/virtualenvs/airflow-tutorial-3ROeDTU8-py3.11/lib/python3.11/site-packages/airflow/example_dags/tutorial_taskflow_api.py took 0.050 seconds
[2024-04-17T10:12:22.769-0300] {processor.py:161} INFO - Started process (PID=24243) to work on /home/lborba/.cache/pypoetry/virtualenvs/airflow-tutorial-3ROeDTU8-py3.11/lib/python3.11/site-packages/airflow/example_dags/tutorial_taskflow_api.py
[2024-04-17T10:12:22.771-0300] {processor.py:830} INFO - Processing file /home/lborba/.cache/pypoetry/virtualenvs/airflow-tutorial-3ROeDTU8-py3.11/lib/python3.11/site-packages/airflow/example_dags/tutorial_taskflow_api.py for tasks to queue
[2024-04-17T10:12:22.773-0300] {logging_mixin.py:188} INFO - [2024-04-17T10:12:22.773-0300] {dagbag.py:540} INFO - Filling up the DagBag from /home/lborba/.cache/pypoetry/virtualenvs/airflow-tutorial-3ROeDTU8-py3.11/lib/python3.11/site-packages/airflow/example_dags/tutorial_taskflow_api.py
[2024-04-17T10:12:22.778-0300] {processor.py:840} INFO - DAG(s) 'tutorial_taskflow_api' retrieved from /home/lborba/.cache/pypoetry/virtualenvs/airflow-tutorial-3ROeDTU8-py3.11/lib/python3.11/site-packages/airflow/example_dags/tutorial_taskflow_api.py
[2024-04-17T10:12:22.791-0300] {logging_mixin.py:188} INFO - [2024-04-17T10:12:22.791-0300] {dag.py:3096} INFO - Sync 1 DAGs
[2024-04-17T10:12:22.803-0300] {logging_mixin.py:188} INFO - [2024-04-17T10:12:22.802-0300] {dag.py:3954} INFO - Setting next_dagrun for tutorial_taskflow_api to None, run_after=None
[2024-04-17T10:12:22.824-0300] {processor.py:183} INFO - Processing /home/lborba/.cache/pypoetry/virtualenvs/airflow-tutorial-3ROeDTU8-py3.11/lib/python3.11/site-packages/airflow/example_dags/tutorial_taskflow_api.py took 0.059 seconds
[2024-04-17T10:13:18.536-0300] {processor.py:161} INFO - Started process (PID=25245) to work on /home/lborba/.cache/pypoetry/virtualenvs/airflow-tutorial-3ROeDTU8-py3.11/lib/python3.11/site-packages/airflow/example_dags/tutorial_taskflow_api.py
[2024-04-17T10:13:18.538-0300] {processor.py:830} INFO - Processing file /home/lborba/.cache/pypoetry/virtualenvs/airflow-tutorial-3ROeDTU8-py3.11/lib/python3.11/site-packages/airflow/example_dags/tutorial_taskflow_api.py for tasks to queue
[2024-04-17T10:13:18.539-0300] {logging_mixin.py:188} INFO - [2024-04-17T10:13:18.538-0300] {dagbag.py:540} INFO - Filling up the DagBag from /home/lborba/.cache/pypoetry/virtualenvs/airflow-tutorial-3ROeDTU8-py3.11/lib/python3.11/site-packages/airflow/example_dags/tutorial_taskflow_api.py
[2024-04-17T10:13:18.543-0300] {processor.py:840} INFO - DAG(s) 'tutorial_taskflow_api' retrieved from /home/lborba/.cache/pypoetry/virtualenvs/airflow-tutorial-3ROeDTU8-py3.11/lib/python3.11/site-packages/airflow/example_dags/tutorial_taskflow_api.py
[2024-04-17T10:13:18.553-0300] {logging_mixin.py:188} INFO - [2024-04-17T10:13:18.553-0300] {dag.py:3096} INFO - Sync 1 DAGs
[2024-04-17T10:13:18.560-0300] {logging_mixin.py:188} INFO - [2024-04-17T10:13:18.560-0300] {dag.py:3954} INFO - Setting next_dagrun for tutorial_taskflow_api to None, run_after=None
[2024-04-17T10:13:18.588-0300] {processor.py:183} INFO - Processing /home/lborba/.cache/pypoetry/virtualenvs/airflow-tutorial-3ROeDTU8-py3.11/lib/python3.11/site-packages/airflow/example_dags/tutorial_taskflow_api.py took 0.055 seconds
