[2024-04-17T10:12:25.438-0300] {local_task_job_runner.py:120} INFO - ::group::Pre task execution logs
[2024-04-17T10:12:25.449-0300] {taskinstance.py:2073} INFO - Dependencies all met for dep_context=non-requeueable deps ti=<TaskInstance: dataset_consumes_1.consuming_1 manual__2024-04-17T13:12:22.476374+00:00 [queued]>
[2024-04-17T10:12:25.452-0300] {taskinstance.py:2073} INFO - Dependencies all met for dep_context=requeueable deps ti=<TaskInstance: dataset_consumes_1.consuming_1 manual__2024-04-17T13:12:22.476374+00:00 [queued]>
[2024-04-17T10:12:25.452-0300] {taskinstance.py:2303} INFO - Starting attempt 1 of 1
[2024-04-17T10:12:25.464-0300] {taskinstance.py:2327} INFO - Executing <Task(BashOperator): consuming_1> on 2024-04-17 13:12:22.476374+00:00
[2024-04-17T10:12:25.466-0300] {standard_task_runner.py:63} INFO - Started process 24317 to run task
[2024-04-17T10:12:25.469-0300] {standard_task_runner.py:90} INFO - Running: ['airflow', 'tasks', 'run', 'dataset_consumes_1', 'consuming_1', 'manual__2024-04-17T13:12:22.476374+00:00', '--job-id', '2', '--raw', '--subdir', '/home/lborba/.cache/pypoetry/virtualenvs/airflow-tutorial-3ROeDTU8-py3.11/lib/python3.11/site-packages/airflow/example_dags/example_datasets.py', '--cfg-path', '/tmp/tmpawu90_dw']
[2024-04-17T10:12:25.470-0300] {standard_task_runner.py:91} INFO - Job 2: Subtask consuming_1
[2024-04-17T10:12:25.502-0300] {task_command.py:426} INFO - Running <TaskInstance: dataset_consumes_1.consuming_1 manual__2024-04-17T13:12:22.476374+00:00 [running]> on host GDTIS.
[2024-04-17T10:12:25.551-0300] {taskinstance.py:2644} INFO - Exporting env vars: AIRFLOW_CTX_DAG_OWNER='airflow' AIRFLOW_CTX_DAG_ID='dataset_consumes_1' AIRFLOW_CTX_TASK_ID='consuming_1' AIRFLOW_CTX_EXECUTION_DATE='2024-04-17T13:12:22.476374+00:00' AIRFLOW_CTX_TRY_NUMBER='1' AIRFLOW_CTX_DAG_RUN_ID='manual__2024-04-17T13:12:22.476374+00:00'
[2024-04-17T10:12:25.552-0300] {taskinstance.py:430} INFO - ::endgroup::
[2024-04-17T10:12:25.552-0300] {subprocess.py:63} INFO - Tmp dir root location: /tmp
[2024-04-17T10:12:25.553-0300] {subprocess.py:75} INFO - Running command: ['/usr/bin/bash', '-c', 'sleep 5']
[2024-04-17T10:12:25.557-0300] {subprocess.py:86} INFO - Output:
[2024-04-17T10:12:30.558-0300] {subprocess.py:97} INFO - Command exited with return code 0
[2024-04-17T10:12:30.559-0300] {taskinstance.py:441} INFO - ::group::Post task execution logs
[2024-04-17T10:12:30.574-0300] {logging_mixin.py:188} WARNING - /home/lborba/.cache/pypoetry/virtualenvs/airflow-tutorial-3ROeDTU8-py3.11/lib/python3.11/site-packages/airflow/models/baseoperator.py:1564 RemovedInAirflow3Warning: Passing 'execution_date' to 'TaskInstance.xcom_push()' is deprecated.
[2024-04-17T10:12:30.585-0300] {taskinstance.py:1205} INFO - Marking task as SUCCESS. dag_id=dataset_consumes_1, task_id=consuming_1, execution_date=20240417T131222, start_date=20240417T131225, end_date=20240417T131230
[2024-04-17T10:12:30.629-0300] {local_task_job_runner.py:240} INFO - Task exited with return code 0
[2024-04-17T10:12:30.635-0300] {taskinstance.py:3482} INFO - 0 downstream tasks scheduled from follow-on schedule check
[2024-04-17T10:12:30.635-0300] {local_task_job_runner.py:222} INFO - ::endgroup::
