[2024-04-17T10:10:43.203-0300] {processor.py:161} INFO - Started process (PID=23346) to work on /home/lborba/.cache/pypoetry/virtualenvs/airflow-tutorial-3ROeDTU8-py3.11/lib/python3.11/site-packages/airflow/example_dags/subdags/subdag.py
[2024-04-17T10:10:43.203-0300] {processor.py:830} INFO - Processing file /home/lborba/.cache/pypoetry/virtualenvs/airflow-tutorial-3ROeDTU8-py3.11/lib/python3.11/site-packages/airflow/example_dags/subdags/subdag.py for tasks to queue
[2024-04-17T10:10:43.204-0300] {logging_mixin.py:188} INFO - [2024-04-17T10:10:43.204-0300] {dagbag.py:540} INFO - Filling up the DagBag from /home/lborba/.cache/pypoetry/virtualenvs/airflow-tutorial-3ROeDTU8-py3.11/lib/python3.11/site-packages/airflow/example_dags/subdags/subdag.py
[2024-04-17T10:10:43.206-0300] {processor.py:842} WARNING - No viable dags retrieved from /home/lborba/.cache/pypoetry/virtualenvs/airflow-tutorial-3ROeDTU8-py3.11/lib/python3.11/site-packages/airflow/example_dags/subdags/subdag.py
[2024-04-17T10:10:43.214-0300] {processor.py:183} INFO - Processing /home/lborba/.cache/pypoetry/virtualenvs/airflow-tutorial-3ROeDTU8-py3.11/lib/python3.11/site-packages/airflow/example_dags/subdags/subdag.py took 0.015 seconds
[2024-04-17T10:11:47.057-0300] {processor.py:161} INFO - Started process (PID=23846) to work on /home/lborba/.cache/pypoetry/virtualenvs/airflow-tutorial-3ROeDTU8-py3.11/lib/python3.11/site-packages/airflow/example_dags/subdags/subdag.py
[2024-04-17T10:11:47.063-0300] {processor.py:830} INFO - Processing file /home/lborba/.cache/pypoetry/virtualenvs/airflow-tutorial-3ROeDTU8-py3.11/lib/python3.11/site-packages/airflow/example_dags/subdags/subdag.py for tasks to queue
[2024-04-17T10:11:47.064-0300] {logging_mixin.py:188} INFO - [2024-04-17T10:11:47.064-0300] {dagbag.py:540} INFO - Filling up the DagBag from /home/lborba/.cache/pypoetry/virtualenvs/airflow-tutorial-3ROeDTU8-py3.11/lib/python3.11/site-packages/airflow/example_dags/subdags/subdag.py
[2024-04-17T10:11:47.065-0300] {processor.py:842} WARNING - No viable dags retrieved from /home/lborba/.cache/pypoetry/virtualenvs/airflow-tutorial-3ROeDTU8-py3.11/lib/python3.11/site-packages/airflow/example_dags/subdags/subdag.py
[2024-04-17T10:11:47.072-0300] {processor.py:183} INFO - Processing /home/lborba/.cache/pypoetry/virtualenvs/airflow-tutorial-3ROeDTU8-py3.11/lib/python3.11/site-packages/airflow/example_dags/subdags/subdag.py took 0.020 seconds
[2024-04-17T10:13:01.075-0300] {processor.py:161} INFO - Started process (PID=24942) to work on /home/lborba/.cache/pypoetry/virtualenvs/airflow-tutorial-3ROeDTU8-py3.11/lib/python3.11/site-packages/airflow/example_dags/subdags/subdag.py
[2024-04-17T10:13:01.081-0300] {processor.py:830} INFO - Processing file /home/lborba/.cache/pypoetry/virtualenvs/airflow-tutorial-3ROeDTU8-py3.11/lib/python3.11/site-packages/airflow/example_dags/subdags/subdag.py for tasks to queue
[2024-04-17T10:13:01.082-0300] {logging_mixin.py:188} INFO - [2024-04-17T10:13:01.081-0300] {dagbag.py:540} INFO - Filling up the DagBag from /home/lborba/.cache/pypoetry/virtualenvs/airflow-tutorial-3ROeDTU8-py3.11/lib/python3.11/site-packages/airflow/example_dags/subdags/subdag.py
[2024-04-17T10:13:01.083-0300] {processor.py:842} WARNING - No viable dags retrieved from /home/lborba/.cache/pypoetry/virtualenvs/airflow-tutorial-3ROeDTU8-py3.11/lib/python3.11/site-packages/airflow/example_dags/subdags/subdag.py
[2024-04-17T10:13:01.091-0300] {processor.py:183} INFO - Processing /home/lborba/.cache/pypoetry/virtualenvs/airflow-tutorial-3ROeDTU8-py3.11/lib/python3.11/site-packages/airflow/example_dags/subdags/subdag.py took 0.020 seconds
[2024-04-17T10:14:02.067-0300] {processor.py:161} INFO - Started process (PID=25694) to work on /home/lborba/.cache/pypoetry/virtualenvs/airflow-tutorial-3ROeDTU8-py3.11/lib/python3.11/site-packages/airflow/example_dags/subdags/subdag.py
[2024-04-17T10:14:02.073-0300] {processor.py:830} INFO - Processing file /home/lborba/.cache/pypoetry/virtualenvs/airflow-tutorial-3ROeDTU8-py3.11/lib/python3.11/site-packages/airflow/example_dags/subdags/subdag.py for tasks to queue
[2024-04-17T10:14:02.074-0300] {logging_mixin.py:188} INFO - [2024-04-17T10:14:02.074-0300] {dagbag.py:540} INFO - Filling up the DagBag from /home/lborba/.cache/pypoetry/virtualenvs/airflow-tutorial-3ROeDTU8-py3.11/lib/python3.11/site-packages/airflow/example_dags/subdags/subdag.py
[2024-04-17T10:14:02.076-0300] {processor.py:842} WARNING - No viable dags retrieved from /home/lborba/.cache/pypoetry/virtualenvs/airflow-tutorial-3ROeDTU8-py3.11/lib/python3.11/site-packages/airflow/example_dags/subdags/subdag.py
[2024-04-17T10:14:02.084-0300] {processor.py:183} INFO - Processing /home/lborba/.cache/pypoetry/virtualenvs/airflow-tutorial-3ROeDTU8-py3.11/lib/python3.11/site-packages/airflow/example_dags/subdags/subdag.py took 0.021 seconds
[2024-04-17T10:14:58.593-0300] {processor.py:161} INFO - Started process (PID=26331) to work on /home/lborba/.cache/pypoetry/virtualenvs/airflow-tutorial-3ROeDTU8-py3.11/lib/python3.11/site-packages/airflow/example_dags/subdags/subdag.py
[2024-04-17T10:14:58.599-0300] {processor.py:830} INFO - Processing file /home/lborba/.cache/pypoetry/virtualenvs/airflow-tutorial-3ROeDTU8-py3.11/lib/python3.11/site-packages/airflow/example_dags/subdags/subdag.py for tasks to queue
[2024-04-17T10:14:58.600-0300] {logging_mixin.py:188} INFO - [2024-04-17T10:14:58.600-0300] {dagbag.py:540} INFO - Filling up the DagBag from /home/lborba/.cache/pypoetry/virtualenvs/airflow-tutorial-3ROeDTU8-py3.11/lib/python3.11/site-packages/airflow/example_dags/subdags/subdag.py
[2024-04-17T10:14:58.601-0300] {processor.py:842} WARNING - No viable dags retrieved from /home/lborba/.cache/pypoetry/virtualenvs/airflow-tutorial-3ROeDTU8-py3.11/lib/python3.11/site-packages/airflow/example_dags/subdags/subdag.py
[2024-04-17T10:14:58.609-0300] {processor.py:183} INFO - Processing /home/lborba/.cache/pypoetry/virtualenvs/airflow-tutorial-3ROeDTU8-py3.11/lib/python3.11/site-packages/airflow/example_dags/subdags/subdag.py took 0.020 seconds
[2024-04-17T10:16:00.877-0300] {processor.py:161} INFO - Started process (PID=26931) to work on /home/lborba/.cache/pypoetry/virtualenvs/airflow-tutorial-3ROeDTU8-py3.11/lib/python3.11/site-packages/airflow/example_dags/subdags/subdag.py
[2024-04-17T10:16:00.882-0300] {processor.py:830} INFO - Processing file /home/lborba/.cache/pypoetry/virtualenvs/airflow-tutorial-3ROeDTU8-py3.11/lib/python3.11/site-packages/airflow/example_dags/subdags/subdag.py for tasks to queue
[2024-04-17T10:16:00.884-0300] {logging_mixin.py:188} INFO - [2024-04-17T10:16:00.883-0300] {dagbag.py:540} INFO - Filling up the DagBag from /home/lborba/.cache/pypoetry/virtualenvs/airflow-tutorial-3ROeDTU8-py3.11/lib/python3.11/site-packages/airflow/example_dags/subdags/subdag.py
[2024-04-17T10:16:00.885-0300] {processor.py:842} WARNING - No viable dags retrieved from /home/lborba/.cache/pypoetry/virtualenvs/airflow-tutorial-3ROeDTU8-py3.11/lib/python3.11/site-packages/airflow/example_dags/subdags/subdag.py
[2024-04-17T10:16:00.893-0300] {processor.py:183} INFO - Processing /home/lborba/.cache/pypoetry/virtualenvs/airflow-tutorial-3ROeDTU8-py3.11/lib/python3.11/site-packages/airflow/example_dags/subdags/subdag.py took 0.021 seconds
[2024-04-17T10:17:02.591-0300] {processor.py:161} INFO - Started process (PID=27456) to work on /home/lborba/.cache/pypoetry/virtualenvs/airflow-tutorial-3ROeDTU8-py3.11/lib/python3.11/site-packages/airflow/example_dags/subdags/subdag.py
[2024-04-17T10:17:02.597-0300] {processor.py:830} INFO - Processing file /home/lborba/.cache/pypoetry/virtualenvs/airflow-tutorial-3ROeDTU8-py3.11/lib/python3.11/site-packages/airflow/example_dags/subdags/subdag.py for tasks to queue
[2024-04-17T10:17:02.599-0300] {logging_mixin.py:188} INFO - [2024-04-17T10:17:02.598-0300] {dagbag.py:540} INFO - Filling up the DagBag from /home/lborba/.cache/pypoetry/virtualenvs/airflow-tutorial-3ROeDTU8-py3.11/lib/python3.11/site-packages/airflow/example_dags/subdags/subdag.py
[2024-04-17T10:17:02.600-0300] {processor.py:842} WARNING - No viable dags retrieved from /home/lborba/.cache/pypoetry/virtualenvs/airflow-tutorial-3ROeDTU8-py3.11/lib/python3.11/site-packages/airflow/example_dags/subdags/subdag.py
[2024-04-17T10:17:02.607-0300] {processor.py:183} INFO - Processing /home/lborba/.cache/pypoetry/virtualenvs/airflow-tutorial-3ROeDTU8-py3.11/lib/python3.11/site-packages/airflow/example_dags/subdags/subdag.py took 0.020 seconds
[2024-04-17T10:18:00.537-0300] {processor.py:161} INFO - Started process (PID=27948) to work on /home/lborba/.cache/pypoetry/virtualenvs/airflow-tutorial-3ROeDTU8-py3.11/lib/python3.11/site-packages/airflow/example_dags/subdags/subdag.py
[2024-04-17T10:18:00.538-0300] {processor.py:830} INFO - Processing file /home/lborba/.cache/pypoetry/virtualenvs/airflow-tutorial-3ROeDTU8-py3.11/lib/python3.11/site-packages/airflow/example_dags/subdags/subdag.py for tasks to queue
[2024-04-17T10:18:00.539-0300] {logging_mixin.py:188} INFO - [2024-04-17T10:18:00.539-0300] {dagbag.py:540} INFO - Filling up the DagBag from /home/lborba/.cache/pypoetry/virtualenvs/airflow-tutorial-3ROeDTU8-py3.11/lib/python3.11/site-packages/airflow/example_dags/subdags/subdag.py
[2024-04-17T10:18:00.540-0300] {processor.py:842} WARNING - No viable dags retrieved from /home/lborba/.cache/pypoetry/virtualenvs/airflow-tutorial-3ROeDTU8-py3.11/lib/python3.11/site-packages/airflow/example_dags/subdags/subdag.py
[2024-04-17T10:18:00.549-0300] {processor.py:183} INFO - Processing /home/lborba/.cache/pypoetry/virtualenvs/airflow-tutorial-3ROeDTU8-py3.11/lib/python3.11/site-packages/airflow/example_dags/subdags/subdag.py took 0.016 seconds
[2024-04-17T10:19:01.096-0300] {processor.py:161} INFO - Started process (PID=28460) to work on /home/lborba/.cache/pypoetry/virtualenvs/airflow-tutorial-3ROeDTU8-py3.11/lib/python3.11/site-packages/airflow/example_dags/subdags/subdag.py
[2024-04-17T10:19:01.102-0300] {processor.py:830} INFO - Processing file /home/lborba/.cache/pypoetry/virtualenvs/airflow-tutorial-3ROeDTU8-py3.11/lib/python3.11/site-packages/airflow/example_dags/subdags/subdag.py for tasks to queue
[2024-04-17T10:19:01.104-0300] {logging_mixin.py:188} INFO - [2024-04-17T10:19:01.103-0300] {dagbag.py:540} INFO - Filling up the DagBag from /home/lborba/.cache/pypoetry/virtualenvs/airflow-tutorial-3ROeDTU8-py3.11/lib/python3.11/site-packages/airflow/example_dags/subdags/subdag.py
[2024-04-17T10:19:01.105-0300] {processor.py:842} WARNING - No viable dags retrieved from /home/lborba/.cache/pypoetry/virtualenvs/airflow-tutorial-3ROeDTU8-py3.11/lib/python3.11/site-packages/airflow/example_dags/subdags/subdag.py
[2024-04-17T10:19:01.112-0300] {processor.py:183} INFO - Processing /home/lborba/.cache/pypoetry/virtualenvs/airflow-tutorial-3ROeDTU8-py3.11/lib/python3.11/site-packages/airflow/example_dags/subdags/subdag.py took 0.021 seconds
[2024-04-17T10:20:00.471-0300] {processor.py:161} INFO - Started process (PID=28993) to work on /home/lborba/.cache/pypoetry/virtualenvs/airflow-tutorial-3ROeDTU8-py3.11/lib/python3.11/site-packages/airflow/example_dags/subdags/subdag.py
[2024-04-17T10:20:00.473-0300] {processor.py:830} INFO - Processing file /home/lborba/.cache/pypoetry/virtualenvs/airflow-tutorial-3ROeDTU8-py3.11/lib/python3.11/site-packages/airflow/example_dags/subdags/subdag.py for tasks to queue
[2024-04-17T10:20:00.475-0300] {logging_mixin.py:188} INFO - [2024-04-17T10:20:00.474-0300] {dagbag.py:540} INFO - Filling up the DagBag from /home/lborba/.cache/pypoetry/virtualenvs/airflow-tutorial-3ROeDTU8-py3.11/lib/python3.11/site-packages/airflow/example_dags/subdags/subdag.py
[2024-04-17T10:20:00.476-0300] {processor.py:842} WARNING - No viable dags retrieved from /home/lborba/.cache/pypoetry/virtualenvs/airflow-tutorial-3ROeDTU8-py3.11/lib/python3.11/site-packages/airflow/example_dags/subdags/subdag.py
[2024-04-17T10:20:00.486-0300] {processor.py:183} INFO - Processing /home/lborba/.cache/pypoetry/virtualenvs/airflow-tutorial-3ROeDTU8-py3.11/lib/python3.11/site-packages/airflow/example_dags/subdags/subdag.py took 0.020 seconds
[2024-04-17T10:20:55.890-0300] {processor.py:161} INFO - Started process (PID=29463) to work on /home/lborba/.cache/pypoetry/virtualenvs/airflow-tutorial-3ROeDTU8-py3.11/lib/python3.11/site-packages/airflow/example_dags/subdags/subdag.py
[2024-04-17T10:20:55.896-0300] {processor.py:830} INFO - Processing file /home/lborba/.cache/pypoetry/virtualenvs/airflow-tutorial-3ROeDTU8-py3.11/lib/python3.11/site-packages/airflow/example_dags/subdags/subdag.py for tasks to queue
[2024-04-17T10:20:55.897-0300] {logging_mixin.py:188} INFO - [2024-04-17T10:20:55.897-0300] {dagbag.py:540} INFO - Filling up the DagBag from /home/lborba/.cache/pypoetry/virtualenvs/airflow-tutorial-3ROeDTU8-py3.11/lib/python3.11/site-packages/airflow/example_dags/subdags/subdag.py
[2024-04-17T10:20:55.899-0300] {processor.py:842} WARNING - No viable dags retrieved from /home/lborba/.cache/pypoetry/virtualenvs/airflow-tutorial-3ROeDTU8-py3.11/lib/python3.11/site-packages/airflow/example_dags/subdags/subdag.py
[2024-04-17T10:20:55.908-0300] {processor.py:183} INFO - Processing /home/lborba/.cache/pypoetry/virtualenvs/airflow-tutorial-3ROeDTU8-py3.11/lib/python3.11/site-packages/airflow/example_dags/subdags/subdag.py took 0.023 seconds
[2024-04-17T10:21:55.333-0300] {processor.py:161} INFO - Started process (PID=29965) to work on /home/lborba/.cache/pypoetry/virtualenvs/airflow-tutorial-3ROeDTU8-py3.11/lib/python3.11/site-packages/airflow/example_dags/subdags/subdag.py
[2024-04-17T10:21:55.335-0300] {processor.py:830} INFO - Processing file /home/lborba/.cache/pypoetry/virtualenvs/airflow-tutorial-3ROeDTU8-py3.11/lib/python3.11/site-packages/airflow/example_dags/subdags/subdag.py for tasks to queue
[2024-04-17T10:21:55.336-0300] {logging_mixin.py:188} INFO - [2024-04-17T10:21:55.336-0300] {dagbag.py:540} INFO - Filling up the DagBag from /home/lborba/.cache/pypoetry/virtualenvs/airflow-tutorial-3ROeDTU8-py3.11/lib/python3.11/site-packages/airflow/example_dags/subdags/subdag.py
[2024-04-17T10:21:55.338-0300] {processor.py:842} WARNING - No viable dags retrieved from /home/lborba/.cache/pypoetry/virtualenvs/airflow-tutorial-3ROeDTU8-py3.11/lib/python3.11/site-packages/airflow/example_dags/subdags/subdag.py
[2024-04-17T10:21:55.348-0300] {processor.py:183} INFO - Processing /home/lborba/.cache/pypoetry/virtualenvs/airflow-tutorial-3ROeDTU8-py3.11/lib/python3.11/site-packages/airflow/example_dags/subdags/subdag.py took 0.019 seconds
[2024-04-17T10:22:53.205-0300] {processor.py:161} INFO - Started process (PID=30458) to work on /home/lborba/.cache/pypoetry/virtualenvs/airflow-tutorial-3ROeDTU8-py3.11/lib/python3.11/site-packages/airflow/example_dags/subdags/subdag.py
[2024-04-17T10:22:53.211-0300] {processor.py:830} INFO - Processing file /home/lborba/.cache/pypoetry/virtualenvs/airflow-tutorial-3ROeDTU8-py3.11/lib/python3.11/site-packages/airflow/example_dags/subdags/subdag.py for tasks to queue
[2024-04-17T10:22:53.212-0300] {logging_mixin.py:188} INFO - [2024-04-17T10:22:53.212-0300] {dagbag.py:540} INFO - Filling up the DagBag from /home/lborba/.cache/pypoetry/virtualenvs/airflow-tutorial-3ROeDTU8-py3.11/lib/python3.11/site-packages/airflow/example_dags/subdags/subdag.py
[2024-04-17T10:22:53.214-0300] {processor.py:842} WARNING - No viable dags retrieved from /home/lborba/.cache/pypoetry/virtualenvs/airflow-tutorial-3ROeDTU8-py3.11/lib/python3.11/site-packages/airflow/example_dags/subdags/subdag.py
[2024-04-17T10:22:53.221-0300] {processor.py:183} INFO - Processing /home/lborba/.cache/pypoetry/virtualenvs/airflow-tutorial-3ROeDTU8-py3.11/lib/python3.11/site-packages/airflow/example_dags/subdags/subdag.py took 0.020 seconds
[2024-04-17T10:23:52.282-0300] {processor.py:161} INFO - Started process (PID=30951) to work on /home/lborba/.cache/pypoetry/virtualenvs/airflow-tutorial-3ROeDTU8-py3.11/lib/python3.11/site-packages/airflow/example_dags/subdags/subdag.py
[2024-04-17T10:23:52.284-0300] {processor.py:830} INFO - Processing file /home/lborba/.cache/pypoetry/virtualenvs/airflow-tutorial-3ROeDTU8-py3.11/lib/python3.11/site-packages/airflow/example_dags/subdags/subdag.py for tasks to queue
[2024-04-17T10:23:52.285-0300] {logging_mixin.py:188} INFO - [2024-04-17T10:23:52.284-0300] {dagbag.py:540} INFO - Filling up the DagBag from /home/lborba/.cache/pypoetry/virtualenvs/airflow-tutorial-3ROeDTU8-py3.11/lib/python3.11/site-packages/airflow/example_dags/subdags/subdag.py
[2024-04-17T10:23:52.286-0300] {processor.py:842} WARNING - No viable dags retrieved from /home/lborba/.cache/pypoetry/virtualenvs/airflow-tutorial-3ROeDTU8-py3.11/lib/python3.11/site-packages/airflow/example_dags/subdags/subdag.py
[2024-04-17T10:23:52.293-0300] {processor.py:183} INFO - Processing /home/lborba/.cache/pypoetry/virtualenvs/airflow-tutorial-3ROeDTU8-py3.11/lib/python3.11/site-packages/airflow/example_dags/subdags/subdag.py took 0.015 seconds
[2024-04-17T10:24:47.391-0300] {processor.py:161} INFO - Started process (PID=31421) to work on /home/lborba/.cache/pypoetry/virtualenvs/airflow-tutorial-3ROeDTU8-py3.11/lib/python3.11/site-packages/airflow/example_dags/subdags/subdag.py
[2024-04-17T10:24:47.397-0300] {processor.py:830} INFO - Processing file /home/lborba/.cache/pypoetry/virtualenvs/airflow-tutorial-3ROeDTU8-py3.11/lib/python3.11/site-packages/airflow/example_dags/subdags/subdag.py for tasks to queue
[2024-04-17T10:24:47.398-0300] {logging_mixin.py:188} INFO - [2024-04-17T10:24:47.398-0300] {dagbag.py:540} INFO - Filling up the DagBag from /home/lborba/.cache/pypoetry/virtualenvs/airflow-tutorial-3ROeDTU8-py3.11/lib/python3.11/site-packages/airflow/example_dags/subdags/subdag.py
[2024-04-17T10:24:47.400-0300] {processor.py:842} WARNING - No viable dags retrieved from /home/lborba/.cache/pypoetry/virtualenvs/airflow-tutorial-3ROeDTU8-py3.11/lib/python3.11/site-packages/airflow/example_dags/subdags/subdag.py
[2024-04-17T10:24:47.407-0300] {processor.py:183} INFO - Processing /home/lborba/.cache/pypoetry/virtualenvs/airflow-tutorial-3ROeDTU8-py3.11/lib/python3.11/site-packages/airflow/example_dags/subdags/subdag.py took 0.020 seconds
