[2024-04-17T10:10:45.487-0300] {processor.py:161} INFO - Started process (PID=23363) to work on /home/lborba/.cache/pypoetry/virtualenvs/airflow-tutorial-3ROeDTU8-py3.11/lib/python3.11/site-packages/airflow/example_dags/plugins/event_listener.py
[2024-04-17T10:10:45.488-0300] {processor.py:830} INFO - Processing file /home/lborba/.cache/pypoetry/virtualenvs/airflow-tutorial-3ROeDTU8-py3.11/lib/python3.11/site-packages/airflow/example_dags/plugins/event_listener.py for tasks to queue
[2024-04-17T10:10:45.489-0300] {logging_mixin.py:188} INFO - [2024-04-17T10:10:45.488-0300] {dagbag.py:540} INFO - Filling up the DagBag from /home/lborba/.cache/pypoetry/virtualenvs/airflow-tutorial-3ROeDTU8-py3.11/lib/python3.11/site-packages/airflow/example_dags/plugins/event_listener.py
[2024-04-17T10:10:45.490-0300] {processor.py:842} WARNING - No viable dags retrieved from /home/lborba/.cache/pypoetry/virtualenvs/airflow-tutorial-3ROeDTU8-py3.11/lib/python3.11/site-packages/airflow/example_dags/plugins/event_listener.py
[2024-04-17T10:10:45.497-0300] {processor.py:183} INFO - Processing /home/lborba/.cache/pypoetry/virtualenvs/airflow-tutorial-3ROeDTU8-py3.11/lib/python3.11/site-packages/airflow/example_dags/plugins/event_listener.py took 0.015 seconds
[2024-04-17T10:11:49.323-0300] {processor.py:161} INFO - Started process (PID=23863) to work on /home/lborba/.cache/pypoetry/virtualenvs/airflow-tutorial-3ROeDTU8-py3.11/lib/python3.11/site-packages/airflow/example_dags/plugins/event_listener.py
[2024-04-17T10:11:49.330-0300] {processor.py:830} INFO - Processing file /home/lborba/.cache/pypoetry/virtualenvs/airflow-tutorial-3ROeDTU8-py3.11/lib/python3.11/site-packages/airflow/example_dags/plugins/event_listener.py for tasks to queue
[2024-04-17T10:11:49.331-0300] {logging_mixin.py:188} INFO - [2024-04-17T10:11:49.331-0300] {dagbag.py:540} INFO - Filling up the DagBag from /home/lborba/.cache/pypoetry/virtualenvs/airflow-tutorial-3ROeDTU8-py3.11/lib/python3.11/site-packages/airflow/example_dags/plugins/event_listener.py
[2024-04-17T10:11:49.333-0300] {processor.py:842} WARNING - No viable dags retrieved from /home/lborba/.cache/pypoetry/virtualenvs/airflow-tutorial-3ROeDTU8-py3.11/lib/python3.11/site-packages/airflow/example_dags/plugins/event_listener.py
[2024-04-17T10:11:49.346-0300] {processor.py:183} INFO - Processing /home/lborba/.cache/pypoetry/virtualenvs/airflow-tutorial-3ROeDTU8-py3.11/lib/python3.11/site-packages/airflow/example_dags/plugins/event_listener.py took 0.029 seconds
[2024-04-17T10:13:01.635-0300] {processor.py:161} INFO - Started process (PID=24946) to work on /home/lborba/.cache/pypoetry/virtualenvs/airflow-tutorial-3ROeDTU8-py3.11/lib/python3.11/site-packages/airflow/example_dags/plugins/event_listener.py
[2024-04-17T10:13:01.641-0300] {processor.py:830} INFO - Processing file /home/lborba/.cache/pypoetry/virtualenvs/airflow-tutorial-3ROeDTU8-py3.11/lib/python3.11/site-packages/airflow/example_dags/plugins/event_listener.py for tasks to queue
[2024-04-17T10:13:01.643-0300] {logging_mixin.py:188} INFO - [2024-04-17T10:13:01.643-0300] {dagbag.py:540} INFO - Filling up the DagBag from /home/lborba/.cache/pypoetry/virtualenvs/airflow-tutorial-3ROeDTU8-py3.11/lib/python3.11/site-packages/airflow/example_dags/plugins/event_listener.py
[2024-04-17T10:13:01.646-0300] {processor.py:842} WARNING - No viable dags retrieved from /home/lborba/.cache/pypoetry/virtualenvs/airflow-tutorial-3ROeDTU8-py3.11/lib/python3.11/site-packages/airflow/example_dags/plugins/event_listener.py
[2024-04-17T10:13:01.660-0300] {processor.py:183} INFO - Processing /home/lborba/.cache/pypoetry/virtualenvs/airflow-tutorial-3ROeDTU8-py3.11/lib/python3.11/site-packages/airflow/example_dags/plugins/event_listener.py took 0.033 seconds
[2024-04-17T10:14:03.441-0300] {processor.py:161} INFO - Started process (PID=25711) to work on /home/lborba/.cache/pypoetry/virtualenvs/airflow-tutorial-3ROeDTU8-py3.11/lib/python3.11/site-packages/airflow/example_dags/plugins/event_listener.py
[2024-04-17T10:14:03.442-0300] {processor.py:830} INFO - Processing file /home/lborba/.cache/pypoetry/virtualenvs/airflow-tutorial-3ROeDTU8-py3.11/lib/python3.11/site-packages/airflow/example_dags/plugins/event_listener.py for tasks to queue
[2024-04-17T10:14:03.443-0300] {logging_mixin.py:188} INFO - [2024-04-17T10:14:03.443-0300] {dagbag.py:540} INFO - Filling up the DagBag from /home/lborba/.cache/pypoetry/virtualenvs/airflow-tutorial-3ROeDTU8-py3.11/lib/python3.11/site-packages/airflow/example_dags/plugins/event_listener.py
[2024-04-17T10:14:03.445-0300] {processor.py:842} WARNING - No viable dags retrieved from /home/lborba/.cache/pypoetry/virtualenvs/airflow-tutorial-3ROeDTU8-py3.11/lib/python3.11/site-packages/airflow/example_dags/plugins/event_listener.py
[2024-04-17T10:14:03.452-0300] {processor.py:183} INFO - Processing /home/lborba/.cache/pypoetry/virtualenvs/airflow-tutorial-3ROeDTU8-py3.11/lib/python3.11/site-packages/airflow/example_dags/plugins/event_listener.py took 0.016 seconds
[2024-04-17T10:15:00.322-0300] {processor.py:161} INFO - Started process (PID=26349) to work on /home/lborba/.cache/pypoetry/virtualenvs/airflow-tutorial-3ROeDTU8-py3.11/lib/python3.11/site-packages/airflow/example_dags/plugins/event_listener.py
[2024-04-17T10:15:00.324-0300] {processor.py:830} INFO - Processing file /home/lborba/.cache/pypoetry/virtualenvs/airflow-tutorial-3ROeDTU8-py3.11/lib/python3.11/site-packages/airflow/example_dags/plugins/event_listener.py for tasks to queue
[2024-04-17T10:15:00.325-0300] {logging_mixin.py:188} INFO - [2024-04-17T10:15:00.324-0300] {dagbag.py:540} INFO - Filling up the DagBag from /home/lborba/.cache/pypoetry/virtualenvs/airflow-tutorial-3ROeDTU8-py3.11/lib/python3.11/site-packages/airflow/example_dags/plugins/event_listener.py
[2024-04-17T10:15:00.326-0300] {processor.py:842} WARNING - No viable dags retrieved from /home/lborba/.cache/pypoetry/virtualenvs/airflow-tutorial-3ROeDTU8-py3.11/lib/python3.11/site-packages/airflow/example_dags/plugins/event_listener.py
[2024-04-17T10:15:00.333-0300] {processor.py:183} INFO - Processing /home/lborba/.cache/pypoetry/virtualenvs/airflow-tutorial-3ROeDTU8-py3.11/lib/python3.11/site-packages/airflow/example_dags/plugins/event_listener.py took 0.015 seconds
[2024-04-17T10:16:02.614-0300] {processor.py:161} INFO - Started process (PID=26946) to work on /home/lborba/.cache/pypoetry/virtualenvs/airflow-tutorial-3ROeDTU8-py3.11/lib/python3.11/site-packages/airflow/example_dags/plugins/event_listener.py
[2024-04-17T10:16:02.619-0300] {processor.py:830} INFO - Processing file /home/lborba/.cache/pypoetry/virtualenvs/airflow-tutorial-3ROeDTU8-py3.11/lib/python3.11/site-packages/airflow/example_dags/plugins/event_listener.py for tasks to queue
[2024-04-17T10:16:02.620-0300] {logging_mixin.py:188} INFO - [2024-04-17T10:16:02.620-0300] {dagbag.py:540} INFO - Filling up the DagBag from /home/lborba/.cache/pypoetry/virtualenvs/airflow-tutorial-3ROeDTU8-py3.11/lib/python3.11/site-packages/airflow/example_dags/plugins/event_listener.py
[2024-04-17T10:16:02.623-0300] {processor.py:842} WARNING - No viable dags retrieved from /home/lborba/.cache/pypoetry/virtualenvs/airflow-tutorial-3ROeDTU8-py3.11/lib/python3.11/site-packages/airflow/example_dags/plugins/event_listener.py
[2024-04-17T10:16:02.630-0300] {processor.py:183} INFO - Processing /home/lborba/.cache/pypoetry/virtualenvs/airflow-tutorial-3ROeDTU8-py3.11/lib/python3.11/site-packages/airflow/example_dags/plugins/event_listener.py took 0.022 seconds
[2024-04-17T10:17:04.328-0300] {processor.py:161} INFO - Started process (PID=27471) to work on /home/lborba/.cache/pypoetry/virtualenvs/airflow-tutorial-3ROeDTU8-py3.11/lib/python3.11/site-packages/airflow/example_dags/plugins/event_listener.py
[2024-04-17T10:17:04.334-0300] {processor.py:830} INFO - Processing file /home/lborba/.cache/pypoetry/virtualenvs/airflow-tutorial-3ROeDTU8-py3.11/lib/python3.11/site-packages/airflow/example_dags/plugins/event_listener.py for tasks to queue
[2024-04-17T10:17:04.335-0300] {logging_mixin.py:188} INFO - [2024-04-17T10:17:04.335-0300] {dagbag.py:540} INFO - Filling up the DagBag from /home/lborba/.cache/pypoetry/virtualenvs/airflow-tutorial-3ROeDTU8-py3.11/lib/python3.11/site-packages/airflow/example_dags/plugins/event_listener.py
[2024-04-17T10:17:04.337-0300] {processor.py:842} WARNING - No viable dags retrieved from /home/lborba/.cache/pypoetry/virtualenvs/airflow-tutorial-3ROeDTU8-py3.11/lib/python3.11/site-packages/airflow/example_dags/plugins/event_listener.py
[2024-04-17T10:17:04.345-0300] {processor.py:183} INFO - Processing /home/lborba/.cache/pypoetry/virtualenvs/airflow-tutorial-3ROeDTU8-py3.11/lib/python3.11/site-packages/airflow/example_dags/plugins/event_listener.py took 0.021 seconds
[2024-04-17T10:18:02.293-0300] {processor.py:161} INFO - Started process (PID=27957) to work on /home/lborba/.cache/pypoetry/virtualenvs/airflow-tutorial-3ROeDTU8-py3.11/lib/python3.11/site-packages/airflow/example_dags/plugins/event_listener.py
[2024-04-17T10:18:02.300-0300] {processor.py:830} INFO - Processing file /home/lborba/.cache/pypoetry/virtualenvs/airflow-tutorial-3ROeDTU8-py3.11/lib/python3.11/site-packages/airflow/example_dags/plugins/event_listener.py for tasks to queue
[2024-04-17T10:18:02.301-0300] {logging_mixin.py:188} INFO - [2024-04-17T10:18:02.301-0300] {dagbag.py:540} INFO - Filling up the DagBag from /home/lborba/.cache/pypoetry/virtualenvs/airflow-tutorial-3ROeDTU8-py3.11/lib/python3.11/site-packages/airflow/example_dags/plugins/event_listener.py
[2024-04-17T10:18:02.303-0300] {processor.py:842} WARNING - No viable dags retrieved from /home/lborba/.cache/pypoetry/virtualenvs/airflow-tutorial-3ROeDTU8-py3.11/lib/python3.11/site-packages/airflow/example_dags/plugins/event_listener.py
[2024-04-17T10:18:02.310-0300] {processor.py:183} INFO - Processing /home/lborba/.cache/pypoetry/virtualenvs/airflow-tutorial-3ROeDTU8-py3.11/lib/python3.11/site-packages/airflow/example_dags/plugins/event_listener.py took 0.021 seconds
[2024-04-17T10:19:02.829-0300] {processor.py:161} INFO - Started process (PID=28475) to work on /home/lborba/.cache/pypoetry/virtualenvs/airflow-tutorial-3ROeDTU8-py3.11/lib/python3.11/site-packages/airflow/example_dags/plugins/event_listener.py
[2024-04-17T10:19:02.831-0300] {processor.py:830} INFO - Processing file /home/lborba/.cache/pypoetry/virtualenvs/airflow-tutorial-3ROeDTU8-py3.11/lib/python3.11/site-packages/airflow/example_dags/plugins/event_listener.py for tasks to queue
[2024-04-17T10:19:02.832-0300] {logging_mixin.py:188} INFO - [2024-04-17T10:19:02.832-0300] {dagbag.py:540} INFO - Filling up the DagBag from /home/lborba/.cache/pypoetry/virtualenvs/airflow-tutorial-3ROeDTU8-py3.11/lib/python3.11/site-packages/airflow/example_dags/plugins/event_listener.py
[2024-04-17T10:19:02.834-0300] {processor.py:842} WARNING - No viable dags retrieved from /home/lborba/.cache/pypoetry/virtualenvs/airflow-tutorial-3ROeDTU8-py3.11/lib/python3.11/site-packages/airflow/example_dags/plugins/event_listener.py
[2024-04-17T10:19:02.841-0300] {processor.py:183} INFO - Processing /home/lborba/.cache/pypoetry/virtualenvs/airflow-tutorial-3ROeDTU8-py3.11/lib/python3.11/site-packages/airflow/example_dags/plugins/event_listener.py took 0.016 seconds
[2024-04-17T10:20:02.736-0300] {processor.py:161} INFO - Started process (PID=29010) to work on /home/lborba/.cache/pypoetry/virtualenvs/airflow-tutorial-3ROeDTU8-py3.11/lib/python3.11/site-packages/airflow/example_dags/plugins/event_listener.py
[2024-04-17T10:20:02.742-0300] {processor.py:830} INFO - Processing file /home/lborba/.cache/pypoetry/virtualenvs/airflow-tutorial-3ROeDTU8-py3.11/lib/python3.11/site-packages/airflow/example_dags/plugins/event_listener.py for tasks to queue
[2024-04-17T10:20:02.744-0300] {logging_mixin.py:188} INFO - [2024-04-17T10:20:02.743-0300] {dagbag.py:540} INFO - Filling up the DagBag from /home/lborba/.cache/pypoetry/virtualenvs/airflow-tutorial-3ROeDTU8-py3.11/lib/python3.11/site-packages/airflow/example_dags/plugins/event_listener.py
[2024-04-17T10:20:02.745-0300] {processor.py:842} WARNING - No viable dags retrieved from /home/lborba/.cache/pypoetry/virtualenvs/airflow-tutorial-3ROeDTU8-py3.11/lib/python3.11/site-packages/airflow/example_dags/plugins/event_listener.py
[2024-04-17T10:20:02.752-0300] {processor.py:183} INFO - Processing /home/lborba/.cache/pypoetry/virtualenvs/airflow-tutorial-3ROeDTU8-py3.11/lib/python3.11/site-packages/airflow/example_dags/plugins/event_listener.py took 0.020 seconds
[2024-04-17T10:20:57.570-0300] {processor.py:161} INFO - Started process (PID=29478) to work on /home/lborba/.cache/pypoetry/virtualenvs/airflow-tutorial-3ROeDTU8-py3.11/lib/python3.11/site-packages/airflow/example_dags/plugins/event_listener.py
[2024-04-17T10:20:57.576-0300] {processor.py:830} INFO - Processing file /home/lborba/.cache/pypoetry/virtualenvs/airflow-tutorial-3ROeDTU8-py3.11/lib/python3.11/site-packages/airflow/example_dags/plugins/event_listener.py for tasks to queue
[2024-04-17T10:20:57.578-0300] {logging_mixin.py:188} INFO - [2024-04-17T10:20:57.577-0300] {dagbag.py:540} INFO - Filling up the DagBag from /home/lborba/.cache/pypoetry/virtualenvs/airflow-tutorial-3ROeDTU8-py3.11/lib/python3.11/site-packages/airflow/example_dags/plugins/event_listener.py
[2024-04-17T10:20:57.579-0300] {processor.py:842} WARNING - No viable dags retrieved from /home/lborba/.cache/pypoetry/virtualenvs/airflow-tutorial-3ROeDTU8-py3.11/lib/python3.11/site-packages/airflow/example_dags/plugins/event_listener.py
[2024-04-17T10:20:57.586-0300] {processor.py:183} INFO - Processing /home/lborba/.cache/pypoetry/virtualenvs/airflow-tutorial-3ROeDTU8-py3.11/lib/python3.11/site-packages/airflow/example_dags/plugins/event_listener.py took 0.020 seconds
[2024-04-17T10:21:57.525-0300] {processor.py:161} INFO - Started process (PID=29984) to work on /home/lborba/.cache/pypoetry/virtualenvs/airflow-tutorial-3ROeDTU8-py3.11/lib/python3.11/site-packages/airflow/example_dags/plugins/event_listener.py
[2024-04-17T10:21:57.527-0300] {processor.py:830} INFO - Processing file /home/lborba/.cache/pypoetry/virtualenvs/airflow-tutorial-3ROeDTU8-py3.11/lib/python3.11/site-packages/airflow/example_dags/plugins/event_listener.py for tasks to queue
[2024-04-17T10:21:57.528-0300] {logging_mixin.py:188} INFO - [2024-04-17T10:21:57.528-0300] {dagbag.py:540} INFO - Filling up the DagBag from /home/lborba/.cache/pypoetry/virtualenvs/airflow-tutorial-3ROeDTU8-py3.11/lib/python3.11/site-packages/airflow/example_dags/plugins/event_listener.py
[2024-04-17T10:21:57.529-0300] {processor.py:842} WARNING - No viable dags retrieved from /home/lborba/.cache/pypoetry/virtualenvs/airflow-tutorial-3ROeDTU8-py3.11/lib/python3.11/site-packages/airflow/example_dags/plugins/event_listener.py
[2024-04-17T10:21:57.536-0300] {processor.py:183} INFO - Processing /home/lborba/.cache/pypoetry/virtualenvs/airflow-tutorial-3ROeDTU8-py3.11/lib/python3.11/site-packages/airflow/example_dags/plugins/event_listener.py took 0.015 seconds
[2024-04-17T10:22:55.332-0300] {processor.py:161} INFO - Started process (PID=30474) to work on /home/lborba/.cache/pypoetry/virtualenvs/airflow-tutorial-3ROeDTU8-py3.11/lib/python3.11/site-packages/airflow/example_dags/plugins/event_listener.py
[2024-04-17T10:22:55.338-0300] {processor.py:830} INFO - Processing file /home/lborba/.cache/pypoetry/virtualenvs/airflow-tutorial-3ROeDTU8-py3.11/lib/python3.11/site-packages/airflow/example_dags/plugins/event_listener.py for tasks to queue
[2024-04-17T10:22:55.339-0300] {logging_mixin.py:188} INFO - [2024-04-17T10:22:55.339-0300] {dagbag.py:540} INFO - Filling up the DagBag from /home/lborba/.cache/pypoetry/virtualenvs/airflow-tutorial-3ROeDTU8-py3.11/lib/python3.11/site-packages/airflow/example_dags/plugins/event_listener.py
[2024-04-17T10:22:55.341-0300] {processor.py:842} WARNING - No viable dags retrieved from /home/lborba/.cache/pypoetry/virtualenvs/airflow-tutorial-3ROeDTU8-py3.11/lib/python3.11/site-packages/airflow/example_dags/plugins/event_listener.py
[2024-04-17T10:22:55.348-0300] {processor.py:183} INFO - Processing /home/lborba/.cache/pypoetry/virtualenvs/airflow-tutorial-3ROeDTU8-py3.11/lib/python3.11/site-packages/airflow/example_dags/plugins/event_listener.py took 0.020 seconds
[2024-04-17T10:23:54.477-0300] {processor.py:161} INFO - Started process (PID=30970) to work on /home/lborba/.cache/pypoetry/virtualenvs/airflow-tutorial-3ROeDTU8-py3.11/lib/python3.11/site-packages/airflow/example_dags/plugins/event_listener.py
[2024-04-17T10:23:54.479-0300] {processor.py:830} INFO - Processing file /home/lborba/.cache/pypoetry/virtualenvs/airflow-tutorial-3ROeDTU8-py3.11/lib/python3.11/site-packages/airflow/example_dags/plugins/event_listener.py for tasks to queue
[2024-04-17T10:23:54.480-0300] {logging_mixin.py:188} INFO - [2024-04-17T10:23:54.479-0300] {dagbag.py:540} INFO - Filling up the DagBag from /home/lborba/.cache/pypoetry/virtualenvs/airflow-tutorial-3ROeDTU8-py3.11/lib/python3.11/site-packages/airflow/example_dags/plugins/event_listener.py
[2024-04-17T10:23:54.481-0300] {processor.py:842} WARNING - No viable dags retrieved from /home/lborba/.cache/pypoetry/virtualenvs/airflow-tutorial-3ROeDTU8-py3.11/lib/python3.11/site-packages/airflow/example_dags/plugins/event_listener.py
[2024-04-17T10:23:54.488-0300] {processor.py:183} INFO - Processing /home/lborba/.cache/pypoetry/virtualenvs/airflow-tutorial-3ROeDTU8-py3.11/lib/python3.11/site-packages/airflow/example_dags/plugins/event_listener.py took 0.015 seconds
[2024-04-17T10:24:49.672-0300] {processor.py:161} INFO - Started process (PID=31441) to work on /home/lborba/.cache/pypoetry/virtualenvs/airflow-tutorial-3ROeDTU8-py3.11/lib/python3.11/site-packages/airflow/example_dags/plugins/event_listener.py
[2024-04-17T10:24:49.674-0300] {processor.py:830} INFO - Processing file /home/lborba/.cache/pypoetry/virtualenvs/airflow-tutorial-3ROeDTU8-py3.11/lib/python3.11/site-packages/airflow/example_dags/plugins/event_listener.py for tasks to queue
[2024-04-17T10:24:49.675-0300] {logging_mixin.py:188} INFO - [2024-04-17T10:24:49.675-0300] {dagbag.py:540} INFO - Filling up the DagBag from /home/lborba/.cache/pypoetry/virtualenvs/airflow-tutorial-3ROeDTU8-py3.11/lib/python3.11/site-packages/airflow/example_dags/plugins/event_listener.py
[2024-04-17T10:24:49.677-0300] {processor.py:842} WARNING - No viable dags retrieved from /home/lborba/.cache/pypoetry/virtualenvs/airflow-tutorial-3ROeDTU8-py3.11/lib/python3.11/site-packages/airflow/example_dags/plugins/event_listener.py
[2024-04-17T10:24:49.685-0300] {processor.py:183} INFO - Processing /home/lborba/.cache/pypoetry/virtualenvs/airflow-tutorial-3ROeDTU8-py3.11/lib/python3.11/site-packages/airflow/example_dags/plugins/event_listener.py took 0.018 seconds
