[2024-04-17T10:10:46.625-0300] {processor.py:161} INFO - Started process (PID=23368) to work on /home/lborba/.cache/pypoetry/virtualenvs/airflow-tutorial-3ROeDTU8-py3.11/lib/python3.11/site-packages/airflow/example_dags/plugins/workday.py
[2024-04-17T10:10:46.626-0300] {processor.py:830} INFO - Processing file /home/lborba/.cache/pypoetry/virtualenvs/airflow-tutorial-3ROeDTU8-py3.11/lib/python3.11/site-packages/airflow/example_dags/plugins/workday.py for tasks to queue
[2024-04-17T10:10:46.627-0300] {logging_mixin.py:188} INFO - [2024-04-17T10:10:46.627-0300] {dagbag.py:540} INFO - Filling up the DagBag from /home/lborba/.cache/pypoetry/virtualenvs/airflow-tutorial-3ROeDTU8-py3.11/lib/python3.11/site-packages/airflow/example_dags/plugins/workday.py
[2024-04-17T10:10:46.630-0300] {logging_mixin.py:188} INFO - [2024-04-17T10:10:46.630-0300] {workday.py:41} WARNING - Could not import pandas. Holidays will not be considered.
[2024-04-17T10:10:46.630-0300] {processor.py:842} WARNING - No viable dags retrieved from /home/lborba/.cache/pypoetry/virtualenvs/airflow-tutorial-3ROeDTU8-py3.11/lib/python3.11/site-packages/airflow/example_dags/plugins/workday.py
[2024-04-17T10:10:46.639-0300] {processor.py:183} INFO - Processing /home/lborba/.cache/pypoetry/virtualenvs/airflow-tutorial-3ROeDTU8-py3.11/lib/python3.11/site-packages/airflow/example_dags/plugins/workday.py took 0.018 seconds
[2024-04-17T10:11:49.936-0300] {processor.py:161} INFO - Started process (PID=23872) to work on /home/lborba/.cache/pypoetry/virtualenvs/airflow-tutorial-3ROeDTU8-py3.11/lib/python3.11/site-packages/airflow/example_dags/plugins/workday.py
[2024-04-17T10:11:49.938-0300] {processor.py:830} INFO - Processing file /home/lborba/.cache/pypoetry/virtualenvs/airflow-tutorial-3ROeDTU8-py3.11/lib/python3.11/site-packages/airflow/example_dags/plugins/workday.py for tasks to queue
[2024-04-17T10:11:49.940-0300] {logging_mixin.py:188} INFO - [2024-04-17T10:11:49.939-0300] {dagbag.py:540} INFO - Filling up the DagBag from /home/lborba/.cache/pypoetry/virtualenvs/airflow-tutorial-3ROeDTU8-py3.11/lib/python3.11/site-packages/airflow/example_dags/plugins/workday.py
[2024-04-17T10:11:49.944-0300] {logging_mixin.py:188} INFO - [2024-04-17T10:11:49.944-0300] {workday.py:41} WARNING - Could not import pandas. Holidays will not be considered.
[2024-04-17T10:11:49.944-0300] {processor.py:842} WARNING - No viable dags retrieved from /home/lborba/.cache/pypoetry/virtualenvs/airflow-tutorial-3ROeDTU8-py3.11/lib/python3.11/site-packages/airflow/example_dags/plugins/workday.py
[2024-04-17T10:11:49.952-0300] {processor.py:183} INFO - Processing /home/lborba/.cache/pypoetry/virtualenvs/airflow-tutorial-3ROeDTU8-py3.11/lib/python3.11/site-packages/airflow/example_dags/plugins/workday.py took 0.020 seconds
[2024-04-17T10:13:02.771-0300] {processor.py:161} INFO - Started process (PID=24958) to work on /home/lborba/.cache/pypoetry/virtualenvs/airflow-tutorial-3ROeDTU8-py3.11/lib/python3.11/site-packages/airflow/example_dags/plugins/workday.py
[2024-04-17T10:13:02.776-0300] {processor.py:830} INFO - Processing file /home/lborba/.cache/pypoetry/virtualenvs/airflow-tutorial-3ROeDTU8-py3.11/lib/python3.11/site-packages/airflow/example_dags/plugins/workday.py for tasks to queue
[2024-04-17T10:13:02.778-0300] {logging_mixin.py:188} INFO - [2024-04-17T10:13:02.777-0300] {dagbag.py:540} INFO - Filling up the DagBag from /home/lborba/.cache/pypoetry/virtualenvs/airflow-tutorial-3ROeDTU8-py3.11/lib/python3.11/site-packages/airflow/example_dags/plugins/workday.py
[2024-04-17T10:13:02.779-0300] {logging_mixin.py:188} INFO - [2024-04-17T10:13:02.779-0300] {workday.py:41} WARNING - Could not import pandas. Holidays will not be considered.
[2024-04-17T10:13:02.780-0300] {processor.py:842} WARNING - No viable dags retrieved from /home/lborba/.cache/pypoetry/virtualenvs/airflow-tutorial-3ROeDTU8-py3.11/lib/python3.11/site-packages/airflow/example_dags/plugins/workday.py
[2024-04-17T10:13:02.787-0300] {processor.py:183} INFO - Processing /home/lborba/.cache/pypoetry/virtualenvs/airflow-tutorial-3ROeDTU8-py3.11/lib/python3.11/site-packages/airflow/example_dags/plugins/workday.py took 0.020 seconds
[2024-04-17T10:14:04.584-0300] {processor.py:161} INFO - Started process (PID=25731) to work on /home/lborba/.cache/pypoetry/virtualenvs/airflow-tutorial-3ROeDTU8-py3.11/lib/python3.11/site-packages/airflow/example_dags/plugins/workday.py
[2024-04-17T10:14:04.586-0300] {processor.py:830} INFO - Processing file /home/lborba/.cache/pypoetry/virtualenvs/airflow-tutorial-3ROeDTU8-py3.11/lib/python3.11/site-packages/airflow/example_dags/plugins/workday.py for tasks to queue
[2024-04-17T10:14:04.587-0300] {logging_mixin.py:188} INFO - [2024-04-17T10:14:04.587-0300] {dagbag.py:540} INFO - Filling up the DagBag from /home/lborba/.cache/pypoetry/virtualenvs/airflow-tutorial-3ROeDTU8-py3.11/lib/python3.11/site-packages/airflow/example_dags/plugins/workday.py
[2024-04-17T10:14:04.589-0300] {logging_mixin.py:188} INFO - [2024-04-17T10:14:04.589-0300] {workday.py:41} WARNING - Could not import pandas. Holidays will not be considered.
[2024-04-17T10:14:04.589-0300] {processor.py:842} WARNING - No viable dags retrieved from /home/lborba/.cache/pypoetry/virtualenvs/airflow-tutorial-3ROeDTU8-py3.11/lib/python3.11/site-packages/airflow/example_dags/plugins/workday.py
[2024-04-17T10:14:04.596-0300] {processor.py:183} INFO - Processing /home/lborba/.cache/pypoetry/virtualenvs/airflow-tutorial-3ROeDTU8-py3.11/lib/python3.11/site-packages/airflow/example_dags/plugins/workday.py took 0.016 seconds
[2024-04-17T10:15:01.470-0300] {processor.py:161} INFO - Started process (PID=26360) to work on /home/lborba/.cache/pypoetry/virtualenvs/airflow-tutorial-3ROeDTU8-py3.11/lib/python3.11/site-packages/airflow/example_dags/plugins/workday.py
[2024-04-17T10:15:01.472-0300] {processor.py:830} INFO - Processing file /home/lborba/.cache/pypoetry/virtualenvs/airflow-tutorial-3ROeDTU8-py3.11/lib/python3.11/site-packages/airflow/example_dags/plugins/workday.py for tasks to queue
[2024-04-17T10:15:01.473-0300] {logging_mixin.py:188} INFO - [2024-04-17T10:15:01.473-0300] {dagbag.py:540} INFO - Filling up the DagBag from /home/lborba/.cache/pypoetry/virtualenvs/airflow-tutorial-3ROeDTU8-py3.11/lib/python3.11/site-packages/airflow/example_dags/plugins/workday.py
[2024-04-17T10:15:01.475-0300] {logging_mixin.py:188} INFO - [2024-04-17T10:15:01.475-0300] {workday.py:41} WARNING - Could not import pandas. Holidays will not be considered.
[2024-04-17T10:15:01.475-0300] {processor.py:842} WARNING - No viable dags retrieved from /home/lborba/.cache/pypoetry/virtualenvs/airflow-tutorial-3ROeDTU8-py3.11/lib/python3.11/site-packages/airflow/example_dags/plugins/workday.py
[2024-04-17T10:15:01.484-0300] {processor.py:183} INFO - Processing /home/lborba/.cache/pypoetry/virtualenvs/airflow-tutorial-3ROeDTU8-py3.11/lib/python3.11/site-packages/airflow/example_dags/plugins/workday.py took 0.018 seconds
[2024-04-17T10:16:03.764-0300] {processor.py:161} INFO - Started process (PID=26952) to work on /home/lborba/.cache/pypoetry/virtualenvs/airflow-tutorial-3ROeDTU8-py3.11/lib/python3.11/site-packages/airflow/example_dags/plugins/workday.py
[2024-04-17T10:16:03.770-0300] {processor.py:830} INFO - Processing file /home/lborba/.cache/pypoetry/virtualenvs/airflow-tutorial-3ROeDTU8-py3.11/lib/python3.11/site-packages/airflow/example_dags/plugins/workday.py for tasks to queue
[2024-04-17T10:16:03.772-0300] {logging_mixin.py:188} INFO - [2024-04-17T10:16:03.771-0300] {dagbag.py:540} INFO - Filling up the DagBag from /home/lborba/.cache/pypoetry/virtualenvs/airflow-tutorial-3ROeDTU8-py3.11/lib/python3.11/site-packages/airflow/example_dags/plugins/workday.py
[2024-04-17T10:16:03.774-0300] {logging_mixin.py:188} INFO - [2024-04-17T10:16:03.774-0300] {workday.py:41} WARNING - Could not import pandas. Holidays will not be considered.
[2024-04-17T10:16:03.774-0300] {processor.py:842} WARNING - No viable dags retrieved from /home/lborba/.cache/pypoetry/virtualenvs/airflow-tutorial-3ROeDTU8-py3.11/lib/python3.11/site-packages/airflow/example_dags/plugins/workday.py
[2024-04-17T10:16:03.781-0300] {processor.py:183} INFO - Processing /home/lborba/.cache/pypoetry/virtualenvs/airflow-tutorial-3ROeDTU8-py3.11/lib/python3.11/site-packages/airflow/example_dags/plugins/workday.py took 0.021 seconds
[2024-04-17T10:17:04.716-0300] {processor.py:161} INFO - Started process (PID=27473) to work on /home/lborba/.cache/pypoetry/virtualenvs/airflow-tutorial-3ROeDTU8-py3.11/lib/python3.11/site-packages/airflow/example_dags/plugins/workday.py
[2024-04-17T10:17:04.722-0300] {processor.py:830} INFO - Processing file /home/lborba/.cache/pypoetry/virtualenvs/airflow-tutorial-3ROeDTU8-py3.11/lib/python3.11/site-packages/airflow/example_dags/plugins/workday.py for tasks to queue
[2024-04-17T10:17:04.723-0300] {logging_mixin.py:188} INFO - [2024-04-17T10:17:04.723-0300] {dagbag.py:540} INFO - Filling up the DagBag from /home/lborba/.cache/pypoetry/virtualenvs/airflow-tutorial-3ROeDTU8-py3.11/lib/python3.11/site-packages/airflow/example_dags/plugins/workday.py
[2024-04-17T10:17:04.725-0300] {logging_mixin.py:188} INFO - [2024-04-17T10:17:04.725-0300] {workday.py:41} WARNING - Could not import pandas. Holidays will not be considered.
[2024-04-17T10:17:04.725-0300] {processor.py:842} WARNING - No viable dags retrieved from /home/lborba/.cache/pypoetry/virtualenvs/airflow-tutorial-3ROeDTU8-py3.11/lib/python3.11/site-packages/airflow/example_dags/plugins/workday.py
[2024-04-17T10:17:04.733-0300] {processor.py:183} INFO - Processing /home/lborba/.cache/pypoetry/virtualenvs/airflow-tutorial-3ROeDTU8-py3.11/lib/python3.11/site-packages/airflow/example_dags/plugins/workday.py took 0.022 seconds
[2024-04-17T10:18:03.433-0300] {processor.py:161} INFO - Started process (PID=27969) to work on /home/lborba/.cache/pypoetry/virtualenvs/airflow-tutorial-3ROeDTU8-py3.11/lib/python3.11/site-packages/airflow/example_dags/plugins/workday.py
[2024-04-17T10:18:03.439-0300] {processor.py:830} INFO - Processing file /home/lborba/.cache/pypoetry/virtualenvs/airflow-tutorial-3ROeDTU8-py3.11/lib/python3.11/site-packages/airflow/example_dags/plugins/workday.py for tasks to queue
[2024-04-17T10:18:03.440-0300] {logging_mixin.py:188} INFO - [2024-04-17T10:18:03.440-0300] {dagbag.py:540} INFO - Filling up the DagBag from /home/lborba/.cache/pypoetry/virtualenvs/airflow-tutorial-3ROeDTU8-py3.11/lib/python3.11/site-packages/airflow/example_dags/plugins/workday.py
[2024-04-17T10:18:03.446-0300] {logging_mixin.py:188} INFO - [2024-04-17T10:18:03.445-0300] {workday.py:41} WARNING - Could not import pandas. Holidays will not be considered.
[2024-04-17T10:18:03.446-0300] {processor.py:842} WARNING - No viable dags retrieved from /home/lborba/.cache/pypoetry/virtualenvs/airflow-tutorial-3ROeDTU8-py3.11/lib/python3.11/site-packages/airflow/example_dags/plugins/workday.py
[2024-04-17T10:18:03.454-0300] {processor.py:183} INFO - Processing /home/lborba/.cache/pypoetry/virtualenvs/airflow-tutorial-3ROeDTU8-py3.11/lib/python3.11/site-packages/airflow/example_dags/plugins/workday.py took 0.027 seconds
[2024-04-17T10:19:03.977-0300] {processor.py:161} INFO - Started process (PID=28480) to work on /home/lborba/.cache/pypoetry/virtualenvs/airflow-tutorial-3ROeDTU8-py3.11/lib/python3.11/site-packages/airflow/example_dags/plugins/workday.py
[2024-04-17T10:19:03.983-0300] {processor.py:830} INFO - Processing file /home/lborba/.cache/pypoetry/virtualenvs/airflow-tutorial-3ROeDTU8-py3.11/lib/python3.11/site-packages/airflow/example_dags/plugins/workday.py for tasks to queue
[2024-04-17T10:19:03.984-0300] {logging_mixin.py:188} INFO - [2024-04-17T10:19:03.984-0300] {dagbag.py:540} INFO - Filling up the DagBag from /home/lborba/.cache/pypoetry/virtualenvs/airflow-tutorial-3ROeDTU8-py3.11/lib/python3.11/site-packages/airflow/example_dags/plugins/workday.py
[2024-04-17T10:19:03.986-0300] {logging_mixin.py:188} INFO - [2024-04-17T10:19:03.986-0300] {workday.py:41} WARNING - Could not import pandas. Holidays will not be considered.
[2024-04-17T10:19:03.987-0300] {processor.py:842} WARNING - No viable dags retrieved from /home/lborba/.cache/pypoetry/virtualenvs/airflow-tutorial-3ROeDTU8-py3.11/lib/python3.11/site-packages/airflow/example_dags/plugins/workday.py
[2024-04-17T10:19:03.995-0300] {processor.py:183} INFO - Processing /home/lborba/.cache/pypoetry/virtualenvs/airflow-tutorial-3ROeDTU8-py3.11/lib/python3.11/site-packages/airflow/example_dags/plugins/workday.py took 0.024 seconds
[2024-04-17T10:20:03.869-0300] {processor.py:161} INFO - Started process (PID=29021) to work on /home/lborba/.cache/pypoetry/virtualenvs/airflow-tutorial-3ROeDTU8-py3.11/lib/python3.11/site-packages/airflow/example_dags/plugins/workday.py
[2024-04-17T10:20:03.871-0300] {processor.py:830} INFO - Processing file /home/lborba/.cache/pypoetry/virtualenvs/airflow-tutorial-3ROeDTU8-py3.11/lib/python3.11/site-packages/airflow/example_dags/plugins/workday.py for tasks to queue
[2024-04-17T10:20:03.872-0300] {logging_mixin.py:188} INFO - [2024-04-17T10:20:03.872-0300] {dagbag.py:540} INFO - Filling up the DagBag from /home/lborba/.cache/pypoetry/virtualenvs/airflow-tutorial-3ROeDTU8-py3.11/lib/python3.11/site-packages/airflow/example_dags/plugins/workday.py
[2024-04-17T10:20:03.877-0300] {logging_mixin.py:188} INFO - [2024-04-17T10:20:03.877-0300] {workday.py:41} WARNING - Could not import pandas. Holidays will not be considered.
[2024-04-17T10:20:03.877-0300] {processor.py:842} WARNING - No viable dags retrieved from /home/lborba/.cache/pypoetry/virtualenvs/airflow-tutorial-3ROeDTU8-py3.11/lib/python3.11/site-packages/airflow/example_dags/plugins/workday.py
[2024-04-17T10:20:03.885-0300] {processor.py:183} INFO - Processing /home/lborba/.cache/pypoetry/virtualenvs/airflow-tutorial-3ROeDTU8-py3.11/lib/python3.11/site-packages/airflow/example_dags/plugins/workday.py took 0.020 seconds
[2024-04-17T10:20:58.709-0300] {processor.py:161} INFO - Started process (PID=29483) to work on /home/lborba/.cache/pypoetry/virtualenvs/airflow-tutorial-3ROeDTU8-py3.11/lib/python3.11/site-packages/airflow/example_dags/plugins/workday.py
[2024-04-17T10:20:58.715-0300] {processor.py:830} INFO - Processing file /home/lborba/.cache/pypoetry/virtualenvs/airflow-tutorial-3ROeDTU8-py3.11/lib/python3.11/site-packages/airflow/example_dags/plugins/workday.py for tasks to queue
[2024-04-17T10:20:58.717-0300] {logging_mixin.py:188} INFO - [2024-04-17T10:20:58.716-0300] {dagbag.py:540} INFO - Filling up the DagBag from /home/lborba/.cache/pypoetry/virtualenvs/airflow-tutorial-3ROeDTU8-py3.11/lib/python3.11/site-packages/airflow/example_dags/plugins/workday.py
[2024-04-17T10:20:58.719-0300] {logging_mixin.py:188} INFO - [2024-04-17T10:20:58.718-0300] {workday.py:41} WARNING - Could not import pandas. Holidays will not be considered.
[2024-04-17T10:20:58.719-0300] {processor.py:842} WARNING - No viable dags retrieved from /home/lborba/.cache/pypoetry/virtualenvs/airflow-tutorial-3ROeDTU8-py3.11/lib/python3.11/site-packages/airflow/example_dags/plugins/workday.py
[2024-04-17T10:20:58.727-0300] {processor.py:183} INFO - Processing /home/lborba/.cache/pypoetry/virtualenvs/airflow-tutorial-3ROeDTU8-py3.11/lib/python3.11/site-packages/airflow/example_dags/plugins/workday.py took 0.022 seconds
[2024-04-17T10:21:58.064-0300] {processor.py:161} INFO - Started process (PID=29987) to work on /home/lborba/.cache/pypoetry/virtualenvs/airflow-tutorial-3ROeDTU8-py3.11/lib/python3.11/site-packages/airflow/example_dags/plugins/workday.py
[2024-04-17T10:21:58.069-0300] {processor.py:830} INFO - Processing file /home/lborba/.cache/pypoetry/virtualenvs/airflow-tutorial-3ROeDTU8-py3.11/lib/python3.11/site-packages/airflow/example_dags/plugins/workday.py for tasks to queue
[2024-04-17T10:21:58.071-0300] {logging_mixin.py:188} INFO - [2024-04-17T10:21:58.071-0300] {dagbag.py:540} INFO - Filling up the DagBag from /home/lborba/.cache/pypoetry/virtualenvs/airflow-tutorial-3ROeDTU8-py3.11/lib/python3.11/site-packages/airflow/example_dags/plugins/workday.py
[2024-04-17T10:21:58.074-0300] {logging_mixin.py:188} INFO - [2024-04-17T10:21:58.073-0300] {workday.py:41} WARNING - Could not import pandas. Holidays will not be considered.
[2024-04-17T10:21:58.075-0300] {processor.py:842} WARNING - No viable dags retrieved from /home/lborba/.cache/pypoetry/virtualenvs/airflow-tutorial-3ROeDTU8-py3.11/lib/python3.11/site-packages/airflow/example_dags/plugins/workday.py
[2024-04-17T10:21:58.086-0300] {processor.py:183} INFO - Processing /home/lborba/.cache/pypoetry/virtualenvs/airflow-tutorial-3ROeDTU8-py3.11/lib/python3.11/site-packages/airflow/example_dags/plugins/workday.py took 0.027 seconds
[2024-04-17T10:22:56.459-0300] {processor.py:161} INFO - Started process (PID=30480) to work on /home/lborba/.cache/pypoetry/virtualenvs/airflow-tutorial-3ROeDTU8-py3.11/lib/python3.11/site-packages/airflow/example_dags/plugins/workday.py
[2024-04-17T10:22:56.465-0300] {processor.py:830} INFO - Processing file /home/lborba/.cache/pypoetry/virtualenvs/airflow-tutorial-3ROeDTU8-py3.11/lib/python3.11/site-packages/airflow/example_dags/plugins/workday.py for tasks to queue
[2024-04-17T10:22:56.466-0300] {logging_mixin.py:188} INFO - [2024-04-17T10:22:56.466-0300] {dagbag.py:540} INFO - Filling up the DagBag from /home/lborba/.cache/pypoetry/virtualenvs/airflow-tutorial-3ROeDTU8-py3.11/lib/python3.11/site-packages/airflow/example_dags/plugins/workday.py
[2024-04-17T10:22:56.468-0300] {logging_mixin.py:188} INFO - [2024-04-17T10:22:56.468-0300] {workday.py:41} WARNING - Could not import pandas. Holidays will not be considered.
[2024-04-17T10:22:56.468-0300] {processor.py:842} WARNING - No viable dags retrieved from /home/lborba/.cache/pypoetry/virtualenvs/airflow-tutorial-3ROeDTU8-py3.11/lib/python3.11/site-packages/airflow/example_dags/plugins/workday.py
[2024-04-17T10:22:56.475-0300] {processor.py:183} INFO - Processing /home/lborba/.cache/pypoetry/virtualenvs/airflow-tutorial-3ROeDTU8-py3.11/lib/python3.11/site-packages/airflow/example_dags/plugins/workday.py took 0.020 seconds
[2024-04-17T10:23:55.611-0300] {processor.py:161} INFO - Started process (PID=30982) to work on /home/lborba/.cache/pypoetry/virtualenvs/airflow-tutorial-3ROeDTU8-py3.11/lib/python3.11/site-packages/airflow/example_dags/plugins/workday.py
[2024-04-17T10:23:55.617-0300] {processor.py:830} INFO - Processing file /home/lborba/.cache/pypoetry/virtualenvs/airflow-tutorial-3ROeDTU8-py3.11/lib/python3.11/site-packages/airflow/example_dags/plugins/workday.py for tasks to queue
[2024-04-17T10:23:55.618-0300] {logging_mixin.py:188} INFO - [2024-04-17T10:23:55.618-0300] {dagbag.py:540} INFO - Filling up the DagBag from /home/lborba/.cache/pypoetry/virtualenvs/airflow-tutorial-3ROeDTU8-py3.11/lib/python3.11/site-packages/airflow/example_dags/plugins/workday.py
[2024-04-17T10:23:55.620-0300] {logging_mixin.py:188} INFO - [2024-04-17T10:23:55.620-0300] {workday.py:41} WARNING - Could not import pandas. Holidays will not be considered.
[2024-04-17T10:23:55.620-0300] {processor.py:842} WARNING - No viable dags retrieved from /home/lborba/.cache/pypoetry/virtualenvs/airflow-tutorial-3ROeDTU8-py3.11/lib/python3.11/site-packages/airflow/example_dags/plugins/workday.py
[2024-04-17T10:23:55.628-0300] {processor.py:183} INFO - Processing /home/lborba/.cache/pypoetry/virtualenvs/airflow-tutorial-3ROeDTU8-py3.11/lib/python3.11/site-packages/airflow/example_dags/plugins/workday.py took 0.021 seconds
[2024-04-17T10:24:50.655-0300] {processor.py:161} INFO - Started process (PID=31446) to work on /home/lborba/.cache/pypoetry/virtualenvs/airflow-tutorial-3ROeDTU8-py3.11/lib/python3.11/site-packages/airflow/example_dags/plugins/workday.py
[2024-04-17T10:24:50.656-0300] {processor.py:830} INFO - Processing file /home/lborba/.cache/pypoetry/virtualenvs/airflow-tutorial-3ROeDTU8-py3.11/lib/python3.11/site-packages/airflow/example_dags/plugins/workday.py for tasks to queue
[2024-04-17T10:24:50.659-0300] {logging_mixin.py:188} INFO - [2024-04-17T10:24:50.658-0300] {dagbag.py:540} INFO - Filling up the DagBag from /home/lborba/.cache/pypoetry/virtualenvs/airflow-tutorial-3ROeDTU8-py3.11/lib/python3.11/site-packages/airflow/example_dags/plugins/workday.py
[2024-04-17T10:24:50.661-0300] {logging_mixin.py:188} INFO - [2024-04-17T10:24:50.661-0300] {workday.py:41} WARNING - Could not import pandas. Holidays will not be considered.
[2024-04-17T10:24:50.662-0300] {processor.py:842} WARNING - No viable dags retrieved from /home/lborba/.cache/pypoetry/virtualenvs/airflow-tutorial-3ROeDTU8-py3.11/lib/python3.11/site-packages/airflow/example_dags/plugins/workday.py
[2024-04-17T10:24:50.670-0300] {processor.py:183} INFO - Processing /home/lborba/.cache/pypoetry/virtualenvs/airflow-tutorial-3ROeDTU8-py3.11/lib/python3.11/site-packages/airflow/example_dags/plugins/workday.py took 0.022 seconds
